Building DAG of jobs...
Using shell: /usr/bin/bash
Provided cores: 30
Rules claiming more threads will be scaled down.
Unlimited resources: mem_mb
Job counts:
	count	jobs
	1	BroadPeak_IDR
	1

[Sat May 25 14:06:54 2019]
Job 0: BroadPeak_IDR: Ccl20-_UT|AB3823-L1_IDR_AB3824-L1_IDR_AB3825-L1_IDR_AB3826-L1

[+] Loading macs  2.1.2 
[-] Unloading samtools 1.9  ... 
[+] Loading samtools 1.9  ... 
[+] Loading bedtools  2.27.1 
[+] Loading deeptools  3.1.3 
[+] Loading ucsc 373 on cn3536 
[-] Unloading idr, version 2.0.3... 
[+] Loading idr, version 2.0.3... 
###################################- COMMANDLINE -############################
module load macs/2.1.2 || exit 1
module load samtools/1.9 || exit 1
module load bedtools/2.27.1 || exit 1
module load deeptools/3.1.3 || exit 1
module load ucsc/373 || exit 1
module load idr/2.0.3
#
Description:
Peak IDR Broad
#
INPUT1: /data/shamsaddinisha/jfarber-20160119-P1/spsingh-20190308-E1/spsingh-20190521-D1/mm10/Ccl20-_UT/peak_calling/broadpeak/AB3823-L1.broadPeak.gz
INPUT2: /data/shamsaddinisha/jfarber-20160119-P1/spsingh-20190308-E1/spsingh-20190521-D1/mm10/Ccl20-_UT/peak_calling/broadpeak/AB3824-L1.broadPeak.gz
INPUT3: /data/shamsaddinisha/jfarber-20160119-P1/spsingh-20190308-E1/spsingh-20190521-D1/mm10/Ccl20-_UT/peak_calling/broadpeak/AB3823-L1_POOLED_AB3824-L1_POOLED_AB3825-L1_POOLED_AB3826-L1.broadPeak.gz
#
OUTPUT1: /data/shamsaddinisha/jfarber-20160119-P1/spsingh-20190308-E1/spsingh-20190521-D1/mm10/Ccl20-_UT/peak_calling/broadpeak/AB3823-L1_IDR_AB3824-L1_IDR_AB3825-L1_IDR_AB3826-L1.broadPeak.gz
OUTPUT2: /data/shamsaddinisha/jfarber-20160119-P1/spsingh-20190308-E1/spsingh-20190521-D1/mm10/Ccl20-_UT/peak_calling/broadpeak/AB3823-L1_IDR_AB3824-L1_IDR_AB3825-L1_IDR_AB3826-L1.broadPeak.gz.tbi
OUTPUT3: /data/shamsaddinisha/jfarber-20160119-P1/spsingh-20190308-E1/spsingh-20190521-D1/mm10/Ccl20-_UT/peak_calling/broadpeak/AB3823-L1_IDR_AB3824-L1_IDR_AB3825-L1_IDR_AB3826-L1.broadPeak.bb
OUTPUT4: /data/shamsaddinisha/jfarber-20160119-P1/spsingh-20190308-E1/spsingh-20190521-D1/mm10/Ccl20-_UT/peak_calling/broadpeak/AB3823-L1_IDR_AB3824-L1_IDR_AB3825-L1_IDR_AB3826-L1.broadPeak.bdg
OUTPUT5: /data/shamsaddinisha/jfarber-20160119-P1/spsingh-20190308-E1/spsingh-20190521-D1/mm10/Ccl20-_UT/peak_calling/broadpeak/AB3823-L1_IDR_AB3824-L1_IDR_AB3825-L1_IDR_AB3826-L1.broadPeak.bigwig
++++++++++++++++++++++++++++++++++++++++++++++++++++++++++++++++++++++++++++++
idr --samples /data/shamsaddinisha/jfarber-20160119-P1/spsingh-20190308-E1/spsingh-20190521-D1/mm10/Ccl20-_UT/peak_calling/broadpeak/AB3823-L1.broadPeak.gz /data/shamsaddinisha/jfarber-20160119-P1/spsingh-20190308-E1/spsingh-20190521-D1/mm10/Ccl20-_UT/peak_calling/broadpeak/AB3824-L1.broadPeak.gz --peak-list /data/shamsaddinisha/jfarber-20160119-P1/spsingh-20190308-E1/spsingh-20190521-D1/mm10/Ccl20-_UT/peak_calling/broadpeak/AB3823-L1_POOLED_AB3824-L1_POOLED_AB3825-L1_POOLED_AB3826-L1.broadPeak.gz --input-file-type broadPeak --output-file-type broadPeak --rank signal.value --soft-idr-threshold 0.1 --plot --use-best-multisummit-IDR --input-file-type broadPeak --peak-merge-method sum --output-file /data/shamsaddinisha/jfarber-20160119-P1/spsingh-20190308-E1/spsingh-20190521-D1/mm10/Ccl20-_UT/peak_calling/broadpeak/AB3823-L1_IDR_AB3824-L1_IDR_AB3825-L1_IDR_AB3826-L1.broadPeak.gz.tmp --max-iter 10000 --verbose
#
mv /data/shamsaddinisha/jfarber-20160119-P1/spsingh-20190308-E1/spsingh-20190521-D1/mm10/Ccl20-_UT/peak_calling/broadpeak/AB3823-L1_IDR_AB3824-L1_IDR_AB3825-L1_IDR_AB3826-L1.broadPeak.gz.tmp.png /data/shamsaddinisha/jfarber-20160119-P1/spsingh-20190308-E1/spsingh-20190521-D1/mm10/Ccl20-_UT/report/peak_calling/broadpeak/AB3823-L1_IDR_AB3824-L1_IDR_AB3825-L1_IDR_AB3826-L1_IDR.png
#
awk 'BEGIN{OFS="\t"} {$4="AB3823-L1_IDR_AB3824-L1_IDR_AB3825-L1_IDR_AB3826-L1.macs2_broadPeak_"NR} {if ($2<0) $2=0; print $1,$2,$3,$4,$5,$6,$7,$8,$9}' /data/shamsaddinisha/jfarber-20160119-P1/spsingh-20190308-E1/spsingh-20190521-D1/mm10/Ccl20-_UT/peak_calling/broadpeak/AB3823-L1_IDR_AB3824-L1_IDR_AB3825-L1_IDR_AB3826-L1.broadPeak.gz.tmp | sort | uniq | LC_COLLATE=C sort -k1,1 -k2,2n > /data/shamsaddinisha/jfarber-20160119-P1/spsingh-20190308-E1/spsingh-20190521-D1/mm10/Ccl20-_UT/peak_calling/broadpeak/AB3823-L1_IDR_AB3824-L1_IDR_AB3825-L1_IDR_AB3826-L1.broadPeak.gz.edited
#
bgzip -c /data/shamsaddinisha/jfarber-20160119-P1/spsingh-20190308-E1/spsingh-20190521-D1/mm10/Ccl20-_UT/peak_calling/broadpeak/AB3823-L1_IDR_AB3824-L1_IDR_AB3825-L1_IDR_AB3826-L1.broadPeak.gz.edited > /data/shamsaddinisha/jfarber-20160119-P1/spsingh-20190308-E1/spsingh-20190521-D1/mm10/Ccl20-_UT/peak_calling/broadpeak/AB3823-L1_IDR_AB3824-L1_IDR_AB3825-L1_IDR_AB3826-L1.broadPeak.gz
#
tabix -f -p bed /data/shamsaddinisha/jfarber-20160119-P1/spsingh-20190308-E1/spsingh-20190521-D1/mm10/Ccl20-_UT/peak_calling/broadpeak/AB3823-L1_IDR_AB3824-L1_IDR_AB3825-L1_IDR_AB3826-L1.broadPeak.gz
#
awk 'BEGIN{FS="\t";OFS="\t"} {if ($5>1000) $5=1000; print $0}' /data/shamsaddinisha/jfarber-20160119-P1/spsingh-20190308-E1/spsingh-20190521-D1/mm10/Ccl20-_UT/peak_calling/broadpeak/AB3823-L1_IDR_AB3824-L1_IDR_AB3825-L1_IDR_AB3826-L1.broadPeak.gz.edited > /data/shamsaddinisha/jfarber-20160119-P1/spsingh-20190308-E1/spsingh-20190521-D1/mm10/Ccl20-_UT/peak_calling/broadpeak/AB3823-L1_IDR_AB3824-L1_IDR_AB3825-L1_IDR_AB3826-L1.broadPeak.gz.fix
#
bedToBigBed -as=./Script/bigBroadPeak.as -type=bed6+3 /data/shamsaddinisha/jfarber-20160119-P1/spsingh-20190308-E1/spsingh-20190521-D1/mm10/Ccl20-_UT/peak_calling/broadpeak/AB3823-L1_IDR_AB3824-L1_IDR_AB3825-L1_IDR_AB3826-L1.broadPeak.gz.fix /fdb/atac_dnase_pipelines/mm10/mm10.chrom.sizes /data/shamsaddinisha/jfarber-20160119-P1/spsingh-20190308-E1/spsingh-20190521-D1/mm10/Ccl20-_UT/peak_calling/broadpeak/AB3823-L1_IDR_AB3824-L1_IDR_AB3825-L1_IDR_AB3826-L1.broadPeak.bb
#
awk 'BEGIN{OFS="\t"} {printf "%s\t%d\t%d\t%2.3f\n", $1,$2,$3,$5}' /data/shamsaddinisha/jfarber-20160119-P1/spsingh-20190308-E1/spsingh-20190521-D1/mm10/Ccl20-_UT/peak_calling/broadpeak/AB3823-L1_IDR_AB3824-L1_IDR_AB3825-L1_IDR_AB3826-L1.broadPeak.gz.edited > /data/shamsaddinisha/jfarber-20160119-P1/spsingh-20190308-E1/spsingh-20190521-D1/mm10/Ccl20-_UT/peak_calling/broadpeak/AB3823-L1_IDR_AB3824-L1_IDR_AB3825-L1_IDR_AB3826-L1.broadPeak.bdg.tmp
#
cat /data/shamsaddinisha/jfarber-20160119-P1/spsingh-20190308-E1/spsingh-20190521-D1/mm10/Ccl20-_UT/peak_calling/broadpeak/AB3823-L1_IDR_AB3824-L1_IDR_AB3825-L1_IDR_AB3826-L1.broadPeak.bdg.tmp | sort -u -k1,1 -k2,2 -k3,3 -s > /data/shamsaddinisha/jfarber-20160119-P1/spsingh-20190308-E1/spsingh-20190521-D1/mm10/Ccl20-_UT/peak_calling/broadpeak/AB3823-L1_IDR_AB3824-L1_IDR_AB3825-L1_IDR_AB3826-L1.broadPeak.bdg.uniq
#
slopBed -i /data/shamsaddinisha/jfarber-20160119-P1/spsingh-20190308-E1/spsingh-20190521-D1/mm10/Ccl20-_UT/peak_calling/broadpeak/AB3823-L1_IDR_AB3824-L1_IDR_AB3825-L1_IDR_AB3826-L1.broadPeak.bdg.uniq -g /fdb/atac_dnase_pipelines/mm10/mm10.chrom.sizes -b 0 | bedClip stdin /fdb/atac_dnase_pipelines/mm10/mm10.chrom.sizes /data/shamsaddinisha/jfarber-20160119-P1/spsingh-20190308-E1/spsingh-20190521-D1/mm10/Ccl20-_UT/peak_calling/broadpeak/AB3823-L1_IDR_AB3824-L1_IDR_AB3825-L1_IDR_AB3826-L1.broadPeak.bdg.edited
#
LC_COLLATE=C sort -k1,1 -k2,2n /data/shamsaddinisha/jfarber-20160119-P1/spsingh-20190308-E1/spsingh-20190521-D1/mm10/Ccl20-_UT/peak_calling/broadpeak/AB3823-L1_IDR_AB3824-L1_IDR_AB3825-L1_IDR_AB3826-L1.broadPeak.bdg.edited > /data/shamsaddinisha/jfarber-20160119-P1/spsingh-20190308-E1/spsingh-20190521-D1/mm10/Ccl20-_UT/peak_calling/broadpeak/AB3823-L1_IDR_AB3824-L1_IDR_AB3825-L1_IDR_AB3826-L1.broadPeak.bdg
#
bedGraphToBigWig /data/shamsaddinisha/jfarber-20160119-P1/spsingh-20190308-E1/spsingh-20190521-D1/mm10/Ccl20-_UT/peak_calling/broadpeak/AB3823-L1_IDR_AB3824-L1_IDR_AB3825-L1_IDR_AB3826-L1.broadPeak.bdg /fdb/atac_dnase_pipelines/mm10/mm10.chrom.sizes /data/shamsaddinisha/jfarber-20160119-P1/spsingh-20190308-E1/spsingh-20190521-D1/mm10/Ccl20-_UT/peak_calling/broadpeak/AB3823-L1_IDR_AB3824-L1_IDR_AB3825-L1_IDR_AB3826-L1.broadPeak.bigwig
#
if [ -f /data/shamsaddinisha/jfarber-20160119-P1/spsingh-20190308-E1/spsingh-20190521-D1/mm10/Ccl20-_UT/peak_calling/broadpeak/AB3823-L1_IDR_AB3824-L1_IDR_AB3825-L1_IDR_AB3826-L1.broadPeak.bigwig ]; then
	rm -rf /data/shamsaddinisha/jfarber-20160119-P1/spsingh-20190308-E1/spsingh-20190521-D1/mm10/Ccl20-_UT/peak_calling/broadpeak/AB3823-L1_IDR_AB3824-L1_IDR_AB3825-L1_IDR_AB3826-L1.broadPeak.gz.tmp
	rm -rf /data/shamsaddinisha/jfarber-20160119-P1/spsingh-20190308-E1/spsingh-20190521-D1/mm10/Ccl20-_UT/peak_calling/broadpeak/AB3823-L1_IDR_AB3824-L1_IDR_AB3825-L1_IDR_AB3826-L1.broadPeak.gz.edited
	rm -rf /data/shamsaddinisha/jfarber-20160119-P1/spsingh-20190308-E1/spsingh-20190521-D1/mm10/Ccl20-_UT/peak_calling/broadpeak/AB3823-L1_IDR_AB3824-L1_IDR_AB3825-L1_IDR_AB3826-L1.broadPeak.gz.fix
	rm -rf /data/shamsaddinisha/jfarber-20160119-P1/spsingh-20190308-E1/spsingh-20190521-D1/mm10/Ccl20-_UT/peak_calling/broadpeak/AB3823-L1_IDR_AB3824-L1_IDR_AB3825-L1_IDR_AB3826-L1.broadPeak.bdg.tmp
	rm -rf /data/shamsaddinisha/jfarber-20160119-P1/spsingh-20190308-E1/spsingh-20190521-D1/mm10/Ccl20-_UT/peak_calling/broadpeak/AB3823-L1_IDR_AB3824-L1_IDR_AB3825-L1_IDR_AB3826-L1.broadPeak.bdg.uniq
	rm -rf /data/shamsaddinisha/jfarber-20160119-P1/spsingh-20190308-E1/spsingh-20190521-D1/mm10/Ccl20-_UT/peak_calling/broadpeak/AB3823-L1_IDR_AB3824-L1_IDR_AB3825-L1_IDR_AB3826-L1.broadPeak.bdg.edited
fi
#
EXECUTING....
Loading the peak files
Merging peaks
Ranking peaks
Initial parameter values: [0.10 1.00 0.20 0.50]
Fitting the model parameters
Iter 0       1.16e+00 1.68e-02 [0.0603823  1.00131851 0.8497968  0.9670818 ]
Iter 1       1.48e-02 1.43e-02 [0.06739939 1.00108959 0.84756067 0.97235119]
Iter 2       8.40e-03 1.45e-02 [0.07486671 1.00085137 0.84779581 0.9718883 ]
Iter 3       9.06e-03 1.48e-02 [0.08253161 1.00062069 0.84817334 0.97109984]
Iter 4       9.31e-03 1.51e-02 [0.0903857  1.00039925 0.84857194 0.97025968]
Iter 5       9.55e-03 1.54e-02 [0.09843458 1.00018782 0.8489853  0.96938162]
Iter 6       9.80e-03 1.58e-02 [0.10668486 0.99998714 0.84941343 0.96846491]
Iter 7       1.00e-02 1.62e-02 [0.1151433  0.99979804 0.84985674 0.96750794]
Iter 8       1.03e-02 1.65e-02 [0.1238167  0.9996214  0.85031557 0.96650908]
Iter 9       1.06e-02 1.69e-02 [0.13271187 0.9994582  0.85079025 0.96546672]
Iter 10      1.09e-02 1.73e-02 [0.14183559 0.9993095  0.85128104 0.96437926]
Iter 11      1.11e-02 1.77e-02 [0.15119454 0.99917651 0.85178818 0.96324519]
Iter 12      1.14e-02 1.81e-02 [0.16079523 0.99906051 0.8523118  0.96206306]
Iter 13      1.17e-02 1.85e-02 [0.1706439  0.99896294 0.85285194 0.96083158]
Iter 14      1.20e-02 1.90e-02 [0.18074646 0.99888535 0.85340856 0.95954957]
Iter 15      1.23e-02 1.94e-02 [0.19110838 0.99882943 0.85398147 0.95821604]
Iter 16      1.26e-02 1.98e-02 [0.20173455 0.99879708 0.85457041 0.95683024]
Iter 17      1.29e-02 2.02e-02 [0.21262918 0.99879039 0.85517493 0.95539169]
Iter 18      1.33e-02 2.07e-02 [0.22379568 0.99881159 0.85579442 0.95390021]
Iter 19      1.37e-02 2.11e-02 [0.23523645 0.9988632  0.85642813 0.95235596]
Iter 20      1.40e-02 2.15e-02 [0.24695281 0.99894793 0.85707511 0.95075951]
Iter 21      1.44e-02 2.19e-02 [0.25894481 0.99906875 0.85773422 0.94911183]
Iter 22      1.48e-02 2.24e-02 [0.2712111  0.99922892 0.85840417 0.94741434]
Iter 23      1.52e-02 2.28e-02 [0.28374876 0.99943195 0.85908343 0.94566896]
Iter 24      1.55e-02 2.32e-02 [0.29655324 0.99968166 0.85977035 0.94387804]
Iter 25      1.59e-02 2.35e-02 [0.30961821 0.99998213 0.8604631  0.94204443]
Iter 26      1.62e-02 2.39e-02 [0.32293551 1.00033773 0.86115969 0.94017142]
Iter 27      1.66e-02 2.42e-02 [0.33649509 1.00075316 0.86185805 0.93826271]
Iter 28      1.69e-02 2.45e-02 [0.35028506 1.00123334 0.86255602 0.93632236]
Iter 29      1.72e-02 2.48e-02 [0.36429167 1.00178342 0.86325139 0.93435476]
Iter 30      1.75e-02 2.50e-02 [0.37849944 1.00240883 0.86394197 0.9323645 ]
Iter 31      1.78e-02 2.53e-02 [0.39289124 1.00311507 0.86462558 0.93035633]
Iter 32      1.80e-02 2.54e-02 [0.4074485  1.0039078  0.86530012 0.92833506]
Iter 33      1.83e-02 2.56e-02 [0.42215137 1.00479276 0.86596362 0.92630554]
Iter 34      1.85e-02 2.57e-02 [0.43697895 1.00577565 0.86661424 0.92427248]
Iter 35      1.87e-02 2.58e-02 [0.45190951 1.00686213 0.8672503  0.92224045]
Iter 36      1.89e-02 2.58e-02 [0.46692079 1.00805767 0.86787032 0.9202138 ]
Iter 37      1.90e-02 2.58e-02 [0.48199019 1.00936761 0.86847304 0.91819663]
Iter 38      1.91e-02 2.57e-02 [0.49709503 1.01079699 0.86905738 0.91619273]
Iter 39      1.92e-02 2.57e-02 [0.51221279 1.01235051 0.86962249 0.91420557]
Iter 40      1.93e-02 2.55e-02 [0.52732132 1.01403244 0.87016771 0.91223831]
Iter 41      1.94e-02 2.54e-02 [0.54239902 1.01584671 0.8706926  0.91029376]
Iter 42      1.94e-02 2.52e-02 [0.55742501 1.01779669 0.87119689 0.90837439]
Iter 43      1.94e-02 2.50e-02 [0.57237927 1.01988525 0.87168048 0.9064824 ]
Iter 44      1.94e-02 2.48e-02 [0.58724275 1.0221147  0.87214344 0.90461963]
Iter 45      1.94e-02 2.45e-02 [0.60199748 1.02448679 0.87258593 0.90278771]
Iter 46      1.94e-02 2.42e-02 [0.61662661 1.02700274 0.87300828 0.90098801]
Iter 47      1.93e-02 2.39e-02 [0.63111446 1.02966313 0.87341087 0.89922163]
Iter 48      1.93e-02 2.35e-02 [0.6454466  1.03246799 0.87379421 0.89748948]
Iter 49      1.92e-02 2.32e-02 [0.65960979 1.03541676 0.87415885 0.89579229]
Iter 50      1.91e-02 2.28e-02 [0.67359205 1.03850833 0.8745054  0.89413058]
Iter 51      1.90e-02 2.24e-02 [0.68738256 1.04174105 0.87483448 0.89250479]
Iter 52      1.89e-02 2.20e-02 [0.70097176 1.04511276 0.87514681 0.89091514]
Iter 53      1.87e-02 2.16e-02 [0.71435123 1.04862077 0.87544304 0.88936174]
Iter 54      1.86e-02 2.12e-02 [0.72751368 1.05226192 0.87572391 0.88784461]
Iter 55      1.85e-02 2.08e-02 [0.74045292 1.05603264 0.87599011 0.88636365]
Iter 56      1.83e-02 2.04e-02 [0.75316379 1.05992893 0.87624234 0.88491864]
Iter 57      1.81e-02 2.00e-02 [0.76564213 1.06394639 0.87648129 0.88350932]
Iter 58      1.80e-02 1.95e-02 [0.77788473 1.06808034 0.87670764 0.88213531]
Iter 59      1.78e-02 1.91e-02 [0.7898893  1.07232573 0.87692205 0.88079617]
Iter 60      1.76e-02 1.87e-02 [0.80165433 1.07667724 0.87712514 0.87949142]
Iter 61      1.74e-02 1.83e-02 [0.81317911 1.08112934 0.87731753 0.8782205 ]
Iter 62      1.73e-02 1.79e-02 [0.82446369 1.08567628 0.8774998  0.87698281]
Iter 63      1.71e-02 1.75e-02 [0.83550872 1.09031216 0.87767251 0.87577772]
Iter 64      1.69e-02 1.71e-02 [0.84631551 1.09503091 0.87783616 0.87460457]
Iter 65      1.67e-02 1.68e-02 [0.8568859  1.09982641 0.87799128 0.87346266]
Iter 66      1.65e-02 1.64e-02 [0.86722224 1.10469243 0.87813831 0.87235128]
Iter 67      1.63e-02 1.60e-02 [0.87732729 1.10962273 0.87827769 0.87126972]
Iter 68      1.60e-02 1.57e-02 [0.88720424 1.11461107 0.87840983 0.87021726]
Iter 69      1.58e-02 1.54e-02 [0.8968566  1.11965127 0.8785351  0.8691932 ]
Iter 70      1.56e-02 1.51e-02 [0.90628823 1.12473713 0.87865385 0.86819677]
Iter 71      1.54e-02 1.47e-02 [0.91550319 1.12986261 0.87876642 0.86722729]
Iter 72      1.52e-02 1.44e-02 [0.92450579 1.13502169 0.87887308 0.86628405]
Iter 73      1.50e-02 1.42e-02 [0.93330051 1.14020856 0.87897413 0.86536636]
Iter 74      1.48e-02 1.39e-02 [0.94189198 1.14541752 0.87906983 0.86447353]
Iter 75      1.46e-02 1.36e-02 [0.95028492 1.15064306 0.8791604  0.86360491]
Iter 76      1.44e-02 1.33e-02 [0.95848417 1.15587979 0.87924608 0.86275983]
Iter 77      1.42e-02 1.31e-02 [0.96649459 1.16112256 0.87932706 0.86193767]
Iter 78      1.39e-02 1.28e-02 [0.97432109 1.16636641 0.87940355 0.86113781]
Iter 79      1.37e-02 1.26e-02 [0.98196861 1.17160656 0.8794757  0.86035963]
Iter 80      1.35e-02 1.24e-02 [0.989442   1.17683849 0.87954369 0.85960256]
Iter 81      1.33e-02 1.21e-02 [0.99674617 1.18205788 0.87960768 0.85886602]
Iter 82      1.31e-02 1.19e-02 [1.00388593 1.18726069 0.87966782 0.85814946]
Iter 83      1.29e-02 1.17e-02 [1.01086606 1.19244303 0.87972425 0.85745231]
Iter 84      1.27e-02 1.15e-02 [1.01769125 1.19760129 0.8797771  0.85677406]
Iter 85      1.25e-02 1.13e-02 [1.02436612 1.20273203 0.8798265  0.85611417]
Iter 86      1.23e-02 1.11e-02 [1.03089518 1.20783212 0.87987259 0.85547216]
Iter 87      1.21e-02 1.09e-02 [1.03728285 1.21289859 0.87991546 0.85484751]
Iter 88      1.19e-02 1.07e-02 [1.04353296 1.21792876 0.87995515 0.85424016]
Iter 89      1.17e-02 1.05e-02 [1.0496507  1.22291995 0.87999195 0.8536488 ]
Iter 90      1.15e-02 1.04e-02 [1.05563914 1.22787002 0.88002578 0.85307382]
Iter 91      1.14e-02 1.02e-02 [1.06150325 1.23277666 0.88005692 0.85251396]
Iter 92      1.12e-02 1.00e-02 [1.06724637 1.23763807 0.88008539 0.85196917]
Iter 93      1.10e-02 9.84e-03 [1.07287174 1.24245259 0.88011121 0.85143944]
Iter 94      1.08e-02 9.67e-03 [1.07838394 1.24721848 0.88013462 0.85092356]
Iter 95      1.06e-02 9.51e-03 [1.08378544 1.25193453 0.88015556 0.85042193]
Iter 96      1.05e-02 9.35e-03 [1.08908064 1.2565993  0.88017429 0.84993334]
Iter 97      1.03e-02 9.19e-03 [1.09427171 1.26121197 0.88019072 0.84945825]
Iter 98      1.01e-02 9.04e-03 [1.09936283 1.26577139 0.88020511 0.84899545]
Iter 99      9.96e-03 8.89e-03 [1.10435646 1.27027689 0.88021745 0.848545  ]
Iter 100     9.80e-03 8.74e-03 [1.10925501 1.27472788 0.88022776 0.84810693]
Iter 101     9.64e-03 8.60e-03 [1.1140623  1.27912361 0.88023625 0.8476801 ]
Iter 102     9.48e-03 8.46e-03 [1.11877994 1.28346392 0.88024288 0.84726499]
Iter 103     9.33e-03 8.32e-03 [1.12341157 1.28774821 0.88024783 0.84686046]
Iter 104     9.17e-03 8.19e-03 [1.12795911 1.29197645 0.88025114 0.8464666 ]
Iter 105     9.02e-03 8.05e-03 [1.13242443 1.29614857 0.88025278 0.84608351]
Iter 106     8.88e-03 7.92e-03 [1.13681089 1.30026429 0.88025297 0.84571006]
Iter 107     8.73e-03 7.80e-03 [1.14112012 1.30432385 0.88025172 0.8453464 ]
Iter 108     8.59e-03 7.67e-03 [1.1453537  1.30832736 0.880249   0.84499261]
Iter 109     8.46e-03 7.55e-03 [1.14951473 1.31227487 0.88024504 0.84464765]
Iter 110     8.32e-03 7.43e-03 [1.15360462 1.31616666 0.8802398  0.84431162]
Iter 111     8.19e-03 7.31e-03 [1.15762467 1.32000319 0.88023329 0.84398469]
Iter 112     8.06e-03 7.19e-03 [1.16157783 1.32378458 0.8802257  0.84366578]
Iter 113     7.93e-03 7.08e-03 [1.16546523 1.32751133 0.88021702 0.84335505]
Iter 114     7.81e-03 6.97e-03 [1.16928798 1.33118393 0.88020723 0.84305268]
Iter 115     7.69e-03 6.86e-03 [1.17304881 1.33480265 0.8801965  0.84275763]
Iter 116     7.56e-03 6.75e-03 [1.17674866 1.33836817 0.88018485 0.84247007]
Iter 117     7.45e-03 6.64e-03 [1.18038905 1.34188098 0.8801723  0.84218979]
Iter 118     7.33e-03 6.54e-03 [1.18397079 1.34534173 0.88015884 0.84191698]
Iter 119     7.22e-03 6.44e-03 [1.18749641 1.34875083 0.88014463 0.84165064]
Iter 120     7.10e-03 6.34e-03 [1.19096668 1.352109   0.88012967 0.84139096]
Iter 121     6.99e-03 6.24e-03 [1.19438287 1.35541685 0.88011399 0.84113774]
Iter 122     6.88e-03 6.15e-03 [1.19774615 1.35867503 0.88009762 0.84089082]
Iter 123     6.78e-03 6.05e-03 [1.20105719 1.36188424 0.88008055 0.8406504 ]
Iter 124     6.67e-03 5.96e-03 [1.20431828 1.36504494 0.88006293 0.84041552]
Iter 125     6.57e-03 5.87e-03 [1.20752994 1.36815794 0.88004474 0.84018639]
Iter 126     6.47e-03 5.78e-03 [1.21069322 1.37122393 0.88002602 0.83996286]
Iter 127     6.37e-03 5.69e-03 [1.21380914 1.37424358 0.88000679 0.83974476]
Iter 128     6.28e-03 5.61e-03 [1.21687815 1.37721761 0.87998701 0.83953236]
Iter 129     6.18e-03 5.53e-03 [1.21990236 1.38014656 0.87996685 0.83932469]
Iter 130     6.09e-03 5.44e-03 [1.22288214 1.38303119 0.87994628 0.83912199]
Iter 131     6.00e-03 5.36e-03 [1.22581838 1.3858722  0.87992532 0.83892413]
Iter 132     5.91e-03 5.28e-03 [1.22871194 1.38867028 0.87990399 0.838731  ]
Iter 133     5.82e-03 5.21e-03 [1.23156366 1.39142615 0.87988233 0.83854244]
Iter 134     5.73e-03 5.13e-03 [1.23437438 1.39414045 0.87986034 0.83835834]
Iter 135     5.65e-03 5.05e-03 [1.23714431 1.39681394 0.87983801 0.83817896]
Iter 136     5.56e-03 4.98e-03 [1.23987542 1.39944706 0.87981546 0.83800339]
Iter 137     5.48e-03 4.91e-03 [1.24256789 1.40204062 0.87979268 0.83783189]
Iter 138     5.40e-03 4.84e-03 [1.24522241 1.40459527 0.87976965 0.83766436]
Iter 139     5.32e-03 4.77e-03 [1.24783969 1.40711166 0.87974642 0.83750071]
Iter 140     5.24e-03 4.70e-03 [1.25042043 1.40959047 0.87972301 0.83734081]
Iter 141     5.17e-03 4.63e-03 [1.25296531 1.41203229 0.87969942 0.83718457]
Iter 142     5.09e-03 4.57e-03 [1.255475   1.41443771 0.87967567 0.83703187]
Iter 143     5.02e-03 4.50e-03 [1.25795008 1.41680742 0.87965178 0.83688264]
Iter 144     4.94e-03 4.44e-03 [1.26039061 1.41914205 0.87962769 0.83673719]
Iter 145     4.87e-03 4.38e-03 [1.26279837 1.42144206 0.87960357 0.83659463]
Iter 146     4.80e-03 4.31e-03 [1.26517341 1.42370814 0.87957935 0.83645523]
Iter 147     4.74e-03 4.25e-03 [1.26751626 1.42594089 0.87955505 0.83631892]
Iter 148     4.67e-03 4.20e-03 [1.2698275  1.42814082 0.87953067 0.83618563]
Iter 149     4.60e-03 4.14e-03 [1.27210764 1.43030858 0.87950624 0.83605528]
Iter 150     4.54e-03 4.08e-03 [1.27435723 1.43244465 0.87948176 0.83592779]
Iter 151     4.47e-03 4.02e-03 [1.27657679 1.43454965 0.87945726 0.83580308]
Iter 152     4.41e-03 3.97e-03 [1.27876683 1.43662404 0.87943272 0.83568108]
Iter 153     4.35e-03 3.91e-03 [1.28092782 1.43866842 0.87940816 0.83556173]
Iter 154     4.29e-03 3.86e-03 [1.28305966 1.44068334 0.87938355 0.83544536]
Iter 155     4.23e-03 3.81e-03 [1.28516403 1.44266912 0.87935899 0.83533109]
Iter 156     4.17e-03 3.76e-03 [1.28724083 1.44462641 0.87933446 0.83521925]
Iter 157     4.11e-03 3.71e-03 [1.2892905  1.44655565 0.87930994 0.83510977]
Iter 158     4.06e-03 3.66e-03 [1.29131343 1.44845737 0.87928545 0.83500262]
Iter 159     4.00e-03 3.61e-03 [1.2933101  1.450332   0.879261   0.83489771]
Iter 160     3.95e-03 3.56e-03 [1.2952809  1.45218006 0.87923659 0.83479501]
Iter 161     3.89e-03 3.51e-03 [1.29722625 1.454002   0.87921224 0.83469444]
Iter 162     3.84e-03 3.47e-03 [1.29914658 1.45579823 0.87918795 0.83459595]
Iter 163     3.79e-03 3.42e-03 [1.30104225 1.45756922 0.87916371 0.8344995 ]
Iter 164     3.74e-03 3.37e-03 [1.30291367 1.45931541 0.87913956 0.83440504]
Iter 165     3.69e-03 3.33e-03 [1.30476122 1.46103716 0.87911546 0.8343125 ]
Iter 166     3.64e-03 3.29e-03 [1.30658463 1.46273501 0.87909139 0.83422227]
Iter 167     3.59e-03 3.24e-03 [1.30838549 1.46440916 0.87906745 0.83413351]
Iter 168     3.54e-03 3.20e-03 [1.31016365 1.46606012 0.87904362 0.83404649]
Iter 169     3.49e-03 3.16e-03 [1.31191937 1.46768831 0.87901988 0.83396123]
Iter 170     3.45e-03 3.12e-03 [1.31365302 1.46929412 0.87899624 0.83387766]
Iter 171     3.40e-03 3.08e-03 [1.31536492 1.47087788 0.8789727  0.83379576]
Iter 172     3.36e-03 3.04e-03 [1.31705538 1.47244    0.87894926 0.83371549]
Iter 173     3.31e-03 3.00e-03 [1.31872475 1.47398081 0.87892593 0.83363679]
Iter 174     3.27e-03 2.96e-03 [1.32037335 1.47550069 0.87890272 0.83355965]
Iter 175     3.23e-03 2.92e-03 [1.32200147 1.47699997 0.87887962 0.83348401]
Iter 176     3.18e-03 2.89e-03 [1.32360944 1.47847901 0.87885664 0.83340984]
Iter 177     3.14e-03 2.85e-03 [1.32519755 1.4799381  0.87883378 0.83333712]
Iter 178     3.10e-03 2.81e-03 [1.3267661  1.4813776  0.87881104 0.83326579]
Iter 179     3.06e-03 2.78e-03 [1.32831471 1.48279791 0.87878838 0.83319625]
Iter 180     3.02e-03 2.74e-03 [1.32984555 1.4841991  0.87876595 0.83312728]
Iter 181     2.98e-03 2.71e-03 [1.33135653 1.4855818  0.87874355 0.83306033]
Iter 182     2.95e-03 2.68e-03 [1.33284956 1.48694608 0.87872132 0.83299435]
Iter 183     2.91e-03 2.64e-03 [1.3343245  1.4882923  0.87869924 0.83292956]
Iter 184     2.87e-03 2.61e-03 [1.33578152 1.48962078 0.8786773  0.83286599]
Iter 185     2.83e-03 2.58e-03 [1.3372209  1.49093178 0.87865548 0.83280361]
Iter 186     2.80e-03 2.55e-03 [1.33864285 1.49222559 0.87863381 0.83274239]
Iter 187     2.76e-03 2.51e-03 [1.34004765 1.4935025  0.87861228 0.83268231]
Iter 188     2.73e-03 2.48e-03 [1.34143554 1.49476276 0.87859089 0.83262333]
Iter 189     2.69e-03 2.45e-03 [1.34280676 1.49600663 0.87856964 0.83256544]
Iter 190     2.66e-03 2.42e-03 [1.34416154 1.49723439 0.87854853 0.83250861]
Iter 191     2.63e-03 2.39e-03 [1.34550011 1.49844627 0.87852757 0.83245282]
Iter 192     2.59e-03 2.36e-03 [1.34682271 1.49964254 0.87850675 0.83239804]
Iter 193     2.56e-03 2.34e-03 [1.34812889 1.5008235  0.87848603 0.83234466]
Iter 194     2.53e-03 2.31e-03 [1.34942081 1.50198913 0.87846555 0.83229148]
Iter 195     2.50e-03 2.28e-03 [1.35069623 1.50314003 0.87844513 0.83223996]
Iter 196     2.47e-03 2.25e-03 [1.35195705 1.50427619 0.87842489 0.83218907]
Iter 197     2.44e-03 2.22e-03 [1.35320305 1.50539785 0.8784048  0.83213904]
Iter 198     2.41e-03 2.20e-03 [1.35443439 1.50650529 0.87838487 0.83208988]
Iter 199     2.38e-03 2.17e-03 [1.35565121 1.50759876 0.87836508 0.83204159]
Iter 200     2.35e-03 2.15e-03 [1.35685376 1.50867844 0.87834544 0.83199415]
Iter 201     2.32e-03 2.12e-03 [1.3580422  1.50974456 0.87832595 0.83194753]
Iter 202     2.29e-03 2.09e-03 [1.35921676 1.51079725 0.87830661 0.83190172]
Iter 203     2.26e-03 2.07e-03 [1.36037759 1.51183681 0.87828742 0.83185671]
Iter 204     2.24e-03 2.05e-03 [1.3615249  1.51286335 0.87826837 0.83181247]
Iter 205     2.21e-03 2.02e-03 [1.36265885 1.51387714 0.87824948 0.831769  ]
Iter 206     2.18e-03 2.00e-03 [1.36377962 1.51487833 0.87823073 0.83172628]
Iter 207     2.16e-03 1.97e-03 [1.36488741 1.51586711 0.87821213 0.83168428]
Iter 208     2.13e-03 1.95e-03 [1.36598236 1.51684368 0.87819367 0.83164301]
Iter 209     2.10e-03 1.93e-03 [1.36706402 1.51780828 0.87817531 0.83160284]
Iter 210     2.08e-03 1.90e-03 [1.36813444 1.51876086 0.8781572  0.8315626 ]
Iter 211     2.05e-03 1.88e-03 [1.36919139 1.5197019  0.87813915 0.83152372]
Iter 212     2.03e-03 1.86e-03 [1.37023668 1.52063131 0.87812127 0.83148521]
Iter 213     2.01e-03 1.84e-03 [1.37127006 1.52154937 0.87810355 0.8314473 ]
Iter 214     1.98e-03 1.82e-03 [1.37229162 1.52245626 0.87808598 0.83141   ]
Iter 215     1.96e-03 1.80e-03 [1.37330152 1.52335211 0.87806855 0.83137331]
Iter 216     1.94e-03 1.78e-03 [1.37429989 1.52423709 0.87805126 0.83133723]
Iter 217     1.91e-03 1.76e-03 [1.37528686 1.52511142 0.87803413 0.83130175]
Iter 218     1.89e-03 1.74e-03 [1.37626262 1.52597516 0.87801714 0.83126683]
Iter 219     1.87e-03 1.72e-03 [1.3772273  1.52682848 0.87800028 0.83123249]
Iter 220     1.85e-03 1.70e-03 [1.37818102 1.52767158 0.87798357 0.83119871]
Iter 221     1.83e-03 1.68e-03 [1.37912395 1.52850455 0.877967   0.83116548]
Iter 222     1.80e-03 1.66e-03 [1.38005622 1.52932756 0.87795057 0.83113278]
Iter 223     1.78e-03 1.64e-03 [1.38097796 1.53014075 0.87793429 0.8311006 ]
Iter 224     1.76e-03 1.62e-03 [1.38188931 1.53094426 0.87791814 0.83106894]
Iter 225     1.74e-03 1.60e-03 [1.38279042 1.53173816 0.87790213 0.83103778]
Iter 226     1.72e-03 1.58e-03 [1.3836807  1.53252276 0.87788621 0.83100754]
Iter 227     1.70e-03 1.56e-03 [1.38456224 1.53329789 0.87787051 0.83097703]
Iter 228     1.68e-03 1.55e-03 [1.38543278 1.534064   0.87785487 0.83094768]
Iter 229     1.66e-03 1.53e-03 [1.38629403 1.53482098 0.8778394  0.83091852]
Iter 230     1.64e-03 1.51e-03 [1.38714575 1.53556906 0.87782408 0.83088977]
Iter 231     1.63e-03 1.50e-03 [1.38798801 1.53630838 0.87780888 0.83086144]
Iter 232     1.61e-03 1.48e-03 [1.38882089 1.53703902 0.87779382 0.83083355]
Iter 233     1.59e-03 1.46e-03 [1.3896445  1.53776112 0.8777789  0.83080609]
Iter 234     1.57e-03 1.45e-03 [1.39045894 1.53847477 0.8777641  0.83077906]
Iter 235     1.55e-03 1.43e-03 [1.39126436 1.53918012 0.87774945 0.83075244]
Iter 236     1.53e-03 1.41e-03 [1.39206085 1.53987726 0.87773491 0.83072622]
Iter 237     1.52e-03 1.40e-03 [1.39284852 1.5405663  0.87772051 0.83070041]
Iter 238     1.50e-03 1.38e-03 [1.3936275  1.54124735 0.87770624 0.83067499]
Iter 239     1.48e-03 1.37e-03 [1.39439789 1.54192052 0.87769209 0.83064996]
Iter 240     1.47e-03 1.35e-03 [1.39515978 1.5425859  0.87767807 0.8306253 ]
Iter 241     1.45e-03 1.34e-03 [1.39591326 1.54324365 0.87766418 0.83060102]
Iter 242     1.43e-03 1.32e-03 [1.39665849 1.54389381 0.87765041 0.8305771 ]
Iter 243     1.42e-03 1.31e-03 [1.39739552 1.54453652 0.87763676 0.83055354]
Iter 244     1.40e-03 1.29e-03 [1.39812376 1.54517192 0.8776232  0.83053076]
Iter 245     1.39e-03 1.28e-03 [1.39884526 1.54579988 0.87760983 0.83050758]
Iter 246     1.37e-03 1.26e-03 [1.39955777 1.54642082 0.87759652 0.8304854 ]
Iter 247     1.36e-03 1.25e-03 [1.40026363 1.54703452 0.8775834  0.83046287]
Iter 248     1.34e-03 1.24e-03 [1.40096069 1.54764136 0.87757033 0.83044133]
Iter 249     1.32e-03 1.22e-03 [1.40165054 1.54824123 0.8775574  0.83041988]
Iter 250     1.31e-03 1.21e-03 [1.40233298 1.54883429 0.8775446  0.83039868]
Iter 251     1.29e-03 1.20e-03 [1.40300804 1.5494206  0.87753191 0.83037776]
Iter 252     1.28e-03 1.18e-03 [1.40367578 1.55000028 0.87751934 0.83035715]
Iter 253     1.27e-03 1.17e-03 [1.40433627 1.55057343 0.87750689 0.83033683]
Iter 254     1.25e-03 1.16e-03 [1.40498962 1.55114011 0.87749456 0.83031681]
Iter 255     1.24e-03 1.14e-03 [1.40563588 1.55170041 0.87748233 0.83029707]
Iter 256     1.22e-03 1.13e-03 [1.40627515 1.55225442 0.87747022 0.83027761]
Iter 257     1.21e-03 1.12e-03 [1.40690751 1.5528022  0.87745822 0.83025844]
Iter 258     1.20e-03 1.11e-03 [1.40753304 1.55334383 0.87744633 0.83023954]
Iter 259     1.18e-03 1.10e-03 [1.40815182 1.55387944 0.87743456 0.83022091]
Iter 260     1.17e-03 1.08e-03 [1.40876396 1.55440904 0.87742289 0.83020254]
Iter 261     1.16e-03 1.07e-03 [1.40936951 1.55493272 0.87741132 0.83018443]
Iter 262     1.15e-03 1.06e-03 [1.40996855 1.55545056 0.87739988 0.83016658]
Iter 263     1.13e-03 1.05e-03 [1.41056115 1.55596266 0.87738853 0.83014898]
Iter 264     1.12e-03 1.04e-03 [1.4111474  1.55646905 0.87737728 0.83013163]
Iter 265     1.11e-03 1.03e-03 [1.41172737 1.55696983 0.87736615 0.83011451]
Iter 266     1.10e-03 1.02e-03 [1.41230114 1.55746506 0.87735512 0.83009764]
Iter 267     1.08e-03 1.00e-03 [1.41286805 1.55795491 0.87734416 0.83008142]
Iter 268     1.07e-03 9.94e-04 [1.41343013 1.55843913 0.87733334 0.83006472]
Iter 269     1.06e-03 9.83e-04 [1.41398515 1.55891816 0.8773226  0.83004886]
Iter 270     1.05e-03 9.72e-04 [1.41453535 1.55939176 0.87731199 0.83003259]
Iter 271     1.04e-03 9.62e-04 [1.41507862 1.55986028 0.87730145 0.83001717]
Iter 272     1.03e-03 9.52e-04 [1.41561645 1.56032363 0.87729101 0.83000176]
Iter 273     1.02e-03 9.42e-04 [1.41614941 1.56078179 0.87728071 0.82998606]
Iter 274     1.00e-03 9.32e-04 [1.41667558 1.56123507 0.87727046 0.82997124]
Iter 275     9.94e-04 9.22e-04 [1.41719648 1.5616833  0.87726031 0.82995644]
Iter 276     9.84e-04 9.12e-04 [1.41771196 1.56212661 0.87725026 0.82994178]
Iter 277     9.73e-04 9.02e-04 [1.41822202 1.5625651  0.87724032 0.8299273 ]
Iter 278     9.63e-04 8.93e-04 [1.41872669 1.5629988  0.87723047 0.829913  ]
Iter 279     9.52e-04 8.83e-04 [1.41922603 1.56342781 0.87722071 0.82989889]
Iter 280     9.42e-04 8.74e-04 [1.4197201  1.56385213 0.87721104 0.82988497]
Iter 281     9.32e-04 8.64e-04 [1.42020894 1.56427184 0.87720146 0.82987123]
Iter 282     9.22e-04 8.55e-04 [1.42069265 1.56468696 0.87719197 0.82985768]
Iter 283     9.12e-04 8.46e-04 [1.42117124 1.56509758 0.87718258 0.82984431]
Iter 284     9.02e-04 8.37e-04 [1.4216448  1.56550378 0.87717327 0.82983112]
Iter 285     8.93e-04 8.28e-04 [1.42211339 1.56590557 0.87716406 0.82981809]
Iter 286     8.83e-04 8.20e-04 [1.42257704 1.56630302 0.87715492 0.82980525]
Iter 287     8.74e-04 8.11e-04 [1.42303582 1.56669618 0.87714588 0.82979257]
Iter 288     8.64e-04 8.02e-04 [1.42348979 1.56708509 0.87713692 0.82978006]
Iter 289     8.55e-04 7.94e-04 [1.423939   1.56746981 0.87712804 0.82976771]
Iter 290     8.46e-04 7.86e-04 [1.4243835  1.56785039 0.87711925 0.82975553]
Iter 291     8.37e-04 7.77e-04 [1.42482333 1.5682269  0.87711055 0.8297435 ]
Iter 292     8.28e-04 7.69e-04 [1.42525858 1.56859933 0.87710192 0.82973163]
Iter 293     8.19e-04 7.61e-04 [1.42568925 1.5689678  0.87709338 0.82971992]
Iter 294     8.11e-04 7.53e-04 [1.42611546 1.5693323  0.87708492 0.82970835]
Iter 295     8.02e-04 7.45e-04 [1.42653718 1.56969292 0.87707654 0.82969695]
Iter 296     7.94e-04 7.38e-04 [1.42695452 1.57004967 0.87706824 0.82968568]
Iter 297     7.85e-04 7.30e-04 [1.42736751 1.57040259 0.87706002 0.82967456]
Iter 298     7.77e-04 7.22e-04 [1.42777619 1.57075178 0.87705188 0.82966358]
Iter 299     7.69e-04 7.15e-04 [1.42818062 1.57109723 0.87704381 0.82965274]
Iter 300     7.61e-04 7.07e-04 [1.42858087 1.57143898 0.87703583 0.82964204]
Iter 301     7.53e-04 7.00e-04 [1.42897693 1.57177712 0.87702791 0.82963148]
Iter 302     7.45e-04 6.93e-04 [1.42936888 1.57211167 0.87702008 0.82962105]
Iter 303     7.37e-04 6.85e-04 [1.42975679 1.57244263 0.87701231 0.82961075]
Iter 304     7.29e-04 6.78e-04 [1.43014064 1.57277011 0.87700463 0.82960059]
Iter 305     7.22e-04 6.71e-04 [1.43052052 1.5730941  0.87699702 0.82959055]
Iter 306     7.14e-04 6.64e-04 [1.43089647 1.57341463 0.87698947 0.82958065]
Iter 307     7.06e-04 6.57e-04 [1.43126852 1.57373181 0.87698201 0.82957087]
Iter 308     6.98e-04 6.51e-04 [1.4316361  1.57404567 0.87697462 0.82956156]
Iter 309     6.92e-04 6.44e-04 [1.43200093 1.5743561  0.87696727 0.82955178]
Iter 310     6.84e-04 6.37e-04 [1.43236108 1.57466334 0.87696003 0.82954264]
Iter 311     6.78e-04 6.30e-04 [1.43271846 1.57496722 0.87695282 0.82953308]
Iter 312     6.70e-04 6.24e-04 [1.43307122 1.57526802 0.87694572 0.82952416]
Iter 313     6.63e-04 6.17e-04 [1.43342062 1.57556562 0.87693866 0.82951519]
Iter 314     6.56e-04 6.11e-04 [1.43376653 1.57586007 0.87693167 0.82950627]
Iter 315     6.49e-04 6.05e-04 [1.43410892 1.57615142 0.87692475 0.82949744]
Iter 316     6.43e-04 5.99e-04 [1.43444782 1.57643969 0.8769179  0.8294887 ]
Iter 317     6.36e-04 5.92e-04 [1.43478323 1.57672493 0.87691112 0.82948007]
Iter 318     6.29e-04 5.86e-04 [1.43511521 1.57700718 0.8769044  0.82947154]
Iter 319     6.23e-04 5.80e-04 [1.43544376 1.57728647 0.87689775 0.82946311]
Iter 320     6.16e-04 5.74e-04 [1.43576894 1.57756287 0.87689116 0.82945479]
Iter 321     6.10e-04 5.68e-04 [1.43609078 1.57783636 0.87688463 0.82944657]
Iter 322     6.04e-04 5.62e-04 [1.43640934 1.57810695 0.87687816 0.82943845]
Iter 323     5.97e-04 5.57e-04 [1.43672462 1.57837474 0.87687176 0.82943043]
Iter 324     5.91e-04 5.51e-04 [1.43703667 1.57863974 0.87686542 0.8294225 ]
Iter 325     5.85e-04 5.45e-04 [1.43734552 1.57890196 0.87685914 0.82941468]
Iter 326     5.79e-04 5.40e-04 [1.43765121 1.57916147 0.87685293 0.82940694]
Iter 327     5.73e-04 5.34e-04 [1.43795377 1.5794183  0.87684677 0.8293993 ]
Iter 328     5.67e-04 5.29e-04 [1.43825324 1.57967241 0.87684067 0.82939175]
Iter 329     5.61e-04 5.23e-04 [1.43854965 1.57992389 0.87683463 0.8293843 ]
Iter 330     5.56e-04 5.18e-04 [1.43884303 1.58017275 0.87682864 0.82937693]
Iter 331     5.50e-04 5.13e-04 [1.43913342 1.58041909 0.87682273 0.82936965]
Iter 332     5.44e-04 5.07e-04 [1.43942085 1.58066281 0.87681685 0.82936246]
Iter 333     5.39e-04 5.02e-04 [1.43970534 1.58090399 0.87681104 0.82935535]
Iter 334     5.33e-04 4.97e-04 [1.43998692 1.58114272 0.87680529 0.82934834]
Iter 335     5.28e-04 4.92e-04 [1.44026564 1.58137896 0.87679958 0.8293414 ]
Iter 336     5.22e-04 4.87e-04 [1.44054154 1.58161274 0.87679394 0.82933454]
Iter 337     5.17e-04 4.82e-04 [1.4408146  1.58184413 0.87678835 0.82932777]
Iter 338     5.12e-04 4.77e-04 [1.44108491 1.58207311 0.87678281 0.82932108]
Iter 339     5.06e-04 4.72e-04 [1.44135246 1.58229974 0.87677733 0.82931446]
Iter 340     5.01e-04 4.67e-04 [1.44161729 1.58252402 0.8767719  0.82930793]
Iter 341     4.96e-04 4.63e-04 [1.44187944 1.58274598 0.87676652 0.82930147]
Iter 342     4.91e-04 4.58e-04 [1.44213891 1.58296567 0.87676119 0.82929509]
Iter 343     4.86e-04 4.53e-04 [1.44239576 1.58318308 0.87675591 0.82928878]
Iter 344     4.81e-04 4.49e-04 [1.44265    1.58339829 0.87675069 0.82928255]
Iter 345     4.76e-04 4.44e-04 [1.44290167 1.58361125 0.87674552 0.82927639]
Iter 346     4.71e-04 4.40e-04 [1.44315077 1.58382204 0.87674039 0.8292703 ]
Iter 347     4.66e-04 4.35e-04 [1.44339736 1.58403064 0.87673532 0.82926428]
Iter 348     4.62e-04 4.31e-04 [1.44364145 1.58423714 0.8767303  0.82925834]
Iter 349     4.57e-04 4.26e-04 [1.44388308 1.58444148 0.87672532 0.82925246]
Iter 350     4.52e-04 4.22e-04 [1.44412226 1.58464372 0.87672039 0.82924665]
Iter 351     4.48e-04 4.18e-04 [1.44435901 1.58484391 0.87671551 0.82924091]
Iter 352     4.43e-04 4.14e-04 [1.44459337 1.58504203 0.87671067 0.82923523]
Iter 353     4.39e-04 4.09e-04 [1.44482536 1.58523815 0.87670589 0.82922962]
Iter 354     4.34e-04 4.05e-04 [1.44505502 1.58543223 0.87670114 0.82922408]
Iter 355     4.30e-04 4.01e-04 [1.44528235 1.58562433 0.87669645 0.8292186 ]
Iter 356     4.25e-04 3.97e-04 [1.44550739 1.58581449 0.8766918  0.82921318]
Iter 357     4.21e-04 3.93e-04 [1.44573016 1.58600269 0.87668719 0.82920782]
Iter 358     4.17e-04 3.89e-04 [1.4459507  1.58618895 0.87668263 0.82920253]
Iter 359     4.12e-04 3.85e-04 [1.44616901 1.5863733  0.87667811 0.82919729]
Iter 360     4.08e-04 3.81e-04 [1.44638511 1.5865558  0.87667364 0.82919212]
Iter 361     4.04e-04 3.77e-04 [1.44659902 1.58673644 0.87666921 0.82918701]
Iter 362     4.00e-04 3.74e-04 [1.4468108  1.58691524 0.87666482 0.82918195]
Iter 363     3.96e-04 3.70e-04 [1.44702045 1.58709221 0.87666048 0.82917695]
Iter 364     3.92e-04 3.66e-04 [1.44722799 1.58726736 0.87665617 0.82917201]
Iter 365     3.88e-04 3.62e-04 [1.44743344 1.58744071 0.87665191 0.82916713]
Iter 366     3.84e-04 3.59e-04 [1.44763681 1.58761233 0.87664769 0.8291623 ]
Iter 367     3.80e-04 3.55e-04 [1.44783814 1.58778223 0.87664351 0.82915753]
Iter 368     3.76e-04 3.52e-04 [1.44803746 1.5879504  0.87663938 0.82915281]
Iter 369     3.73e-04 3.48e-04 [1.44823478 1.58811685 0.87663528 0.82914814]
Iter 370     3.69e-04 3.45e-04 [1.44843011 1.58828159 0.87663122 0.82914352]
Iter 371     3.65e-04 3.41e-04 [1.44862348 1.58844464 0.87662719 0.82913896]
Iter 372     3.61e-04 3.38e-04 [1.44881492 1.58860605 0.87662321 0.82913445]
Iter 373     3.58e-04 3.34e-04 [1.44900444 1.58876583 0.87661927 0.82912999]
Iter 374     3.54e-04 3.31e-04 [1.44919206 1.58892398 0.87661536 0.82912558]
Iter 375     3.51e-04 3.28e-04 [1.4493778  1.58908054 0.8766115  0.82912122]
Iter 376     3.47e-04 3.24e-04 [1.44956168 1.5892355  0.87660767 0.8291169 ]
Iter 377     3.44e-04 3.21e-04 [1.4497437  1.58938894 0.87660388 0.82911264]
Iter 378     3.40e-04 3.18e-04 [1.44992392 1.58954081 0.87660012 0.82910843]
Iter 379     3.37e-04 3.15e-04 [1.45010232 1.58969112 0.8765964  0.82910426]
Iter 380     3.33e-04 3.12e-04 [1.45027895 1.58983993 0.87659272 0.82910014]
Iter 381     3.30e-04 3.08e-04 [1.4504538  1.58998723 0.87658907 0.82909606]
Iter 382     3.27e-04 3.05e-04 [1.45062691 1.59013304 0.87658546 0.82909203]
Iter 383     3.23e-04 3.02e-04 [1.45079828 1.59027739 0.87658188 0.82908804]
Iter 384     3.20e-04 2.99e-04 [1.45096796 1.5904203  0.87657834 0.8290841 ]
Iter 385     3.17e-04 2.96e-04 [1.45113594 1.59056172 0.87657483 0.8290802 ]
Iter 386     3.14e-04 2.93e-04 [1.45130225 1.5907017  0.87657135 0.82907634]
Iter 387     3.10e-04 2.90e-04 [1.45146688 1.59084028 0.87656791 0.82907253]
Iter 388     3.07e-04 2.88e-04 [1.45162988 1.59097749 0.87656451 0.82906876]
Iter 389     3.04e-04 2.85e-04 [1.45179124 1.59111331 0.87656113 0.82906503]
Iter 390     3.01e-04 2.82e-04 [1.45195099 1.59124776 0.87655779 0.82906134]
Iter 391     2.98e-04 2.79e-04 [1.45210916 1.59138087 0.87655448 0.82905769]
Iter 392     2.95e-04 2.76e-04 [1.45226574 1.59151265 0.87655121 0.82905409]
Iter 393     2.92e-04 2.73e-04 [1.45242075 1.59164308 0.87654795 0.82905052]
Iter 394     2.89e-04 2.71e-04 [1.45257424 1.59177221 0.87654474 0.82904699]
Iter 395     2.86e-04 2.68e-04 [1.4527262  1.59190004 0.87654156 0.8290435 ]
Iter 396     2.84e-04 2.65e-04 [1.45287665 1.59202656 0.8765384  0.82904005]
Iter 397     2.81e-04 2.63e-04 [1.45302559 1.59215181 0.87653528 0.82903663]
Iter 398     2.77e-04 2.60e-04 [1.45317266 1.59227586 0.87653225 0.82903347]
Iter 399     2.76e-04 2.57e-04 [1.45331889 1.5923986  0.87652912 0.82903   ]
Iter 400     2.72e-04 2.55e-04 [1.45346311 1.59252013 0.87652615 0.82902686]
Iter 401     2.69e-04 2.52e-04 [1.45360609 1.59264037 0.87652313 0.82902366]
Iter 402     2.67e-04 2.50e-04 [1.45374769 1.59275944 0.87652016 0.82902047]
Iter 403     2.64e-04 2.47e-04 [1.45388793 1.59287728 0.8765172  0.82901729]
Iter 404     2.62e-04 2.45e-04 [1.45402677 1.59299401 0.8765143  0.82901413]
Iter 405     2.59e-04 2.42e-04 [1.45416427 1.59310952 0.8765114  0.82901101]
Iter 406     2.56e-04 2.40e-04 [1.4543004  1.59322387 0.87650854 0.82900791]
Iter 407     2.54e-04 2.38e-04 [1.45443517 1.5933371  0.87650571 0.82900485]
Iter 408     2.51e-04 2.35e-04 [1.4545686  1.5934492  0.8765029  0.82900182]
Iter 409     2.49e-04 2.33e-04 [1.45470072 1.59356018 0.87650013 0.82899882]
Iter 410     2.46e-04 2.31e-04 [1.45483152 1.59367004 0.87649737 0.82899586]
Iter 411     2.44e-04 2.28e-04 [1.45496102 1.59377879 0.87649464 0.82899293]
Iter 412     2.41e-04 2.26e-04 [1.45508923 1.59388647 0.87649195 0.82899003]
Iter 413     2.39e-04 2.24e-04 [1.45521617 1.59399307 0.87648928 0.82898716]
Iter 414     2.37e-04 2.22e-04 [1.45534186 1.5940986  0.87648663 0.82898432]
Iter 415     2.34e-04 2.19e-04 [1.4554663  1.59420309 0.87648401 0.82898151]
Iter 416     2.32e-04 2.17e-04 [1.45558951 1.59430653 0.87648142 0.82897873]
Iter 417     2.30e-04 2.15e-04 [1.4557115  1.5944089  0.87647884 0.82897598]
Iter 418     2.27e-04 2.13e-04 [1.45583226 1.59451029 0.8764763  0.82897326]
Iter 419     2.25e-04 2.11e-04 [1.45595184 1.59461067 0.87647378 0.82897057]
Iter 420     2.23e-04 2.09e-04 [1.45607025 1.59471002 0.87647128 0.82896791]
Iter 421     2.21e-04 2.07e-04 [1.45618747 1.59480842 0.87646881 0.82896528]
Iter 422     2.19e-04 2.05e-04 [1.45630354 1.59490583 0.87646636 0.82896267]
Iter 423     2.16e-04 2.03e-04 [1.45641845 1.59500229 0.87646394 0.82896009]
Iter 424     2.14e-04 2.01e-04 [1.45653223 1.59509777 0.87646154 0.82895754]
Iter 425     2.12e-04 1.99e-04 [1.45664489 1.5951923  0.87645916 0.82895502]
Iter 426     2.10e-04 1.97e-04 [1.45675643 1.5952859  0.87645681 0.82895252]
Iter 427     2.08e-04 1.95e-04 [1.45686686 1.59537857 0.87645448 0.82895005]
Iter 428     2.06e-04 1.93e-04 [1.45697622 1.5954703  0.87645217 0.8289476 ]
Iter 429     2.04e-04 1.91e-04 [1.45708448 1.59556113 0.87644988 0.82894519]
Iter 430     2.02e-04 1.89e-04 [1.45719168 1.59565106 0.87644762 0.8289428 ]
Iter 431     2.00e-04 1.87e-04 [1.45729782 1.59574006 0.87644537 0.82894043]
Iter 432     1.98e-04 1.85e-04 [1.45740289 1.59582824 0.87644316 0.82893809]
Iter 433     1.96e-04 1.83e-04 [1.45750695 1.59591551 0.87644095 0.82893577]
Iter 434     1.94e-04 1.82e-04 [1.45760997 1.59600191 0.87643878 0.82893348]
Iter 435     1.92e-04 1.80e-04 [1.45771198 1.59608746 0.87643662 0.82893121]
Iter 436     1.90e-04 1.78e-04 [1.45781299 1.59617216 0.87643448 0.82892896]
Iter 437     1.88e-04 1.76e-04 [1.45791299 1.59625603 0.87643237 0.82892674]
Iter 438     1.86e-04 1.75e-04 [1.45801202 1.59633906 0.87643027 0.82892454]
Iter 439     1.84e-04 1.73e-04 [1.45811006 1.59642126 0.87642819 0.82892237]
Iter 440     1.83e-04 1.71e-04 [1.45820713 1.59650266 0.87642614 0.82892022]
Iter 441     1.81e-04 1.69e-04 [1.45830324 1.59658327 0.87642411 0.82891809]
Iter 442     1.79e-04 1.68e-04 [1.45839842 1.59666304 0.87642209 0.82891598]
Iter 443     1.77e-04 1.66e-04 [1.45849264 1.59674205 0.8764201  0.8289139 ]
Iter 444     1.76e-04 1.65e-04 [1.45858595 1.59682025 0.87641812 0.82891184]
Iter 445     1.74e-04 1.63e-04 [1.45867834 1.59689768 0.87641616 0.8289098 ]
Iter 446     1.72e-04 1.61e-04 [1.45876982 1.59697435 0.87641423 0.82890778]
Iter 447     1.70e-04 1.60e-04 [1.4588604  1.59705026 0.87641231 0.82890578]
Iter 448     1.69e-04 1.58e-04 [1.4589501  1.59712544 0.87641041 0.8289038 ]
Iter 449     1.67e-04 1.57e-04 [1.45903889 1.59719986 0.87640853 0.82890184]
Iter 450     1.65e-04 1.55e-04 [1.45912682 1.59727354 0.87640666 0.8288999 ]
Iter 451     1.64e-04 1.54e-04 [1.45921388 1.5973465  0.87640482 0.82889798]
Iter 452     1.62e-04 1.52e-04 [1.45930009 1.59741873 0.87640299 0.82889609]
Iter 453     1.61e-04 1.50e-04 [1.45938545 1.59749027 0.87640118 0.82889421]
Iter 454     1.59e-04 1.49e-04 [1.45946997 1.59756107 0.87639938 0.82889235]
Iter 455     1.57e-04 1.48e-04 [1.45955364 1.5976312  0.87639761 0.82889052]
Iter 456     1.56e-04 1.46e-04 [1.45963651 1.5977006  0.87639585 0.82888869]
Iter 457     1.54e-04 1.45e-04 [1.45971855 1.59776934 0.87639412 0.8288869 ]
Iter 458     1.53e-04 1.43e-04 [1.45979979 1.59783738 0.87639239 0.82888511]
Iter 459     1.51e-04 1.42e-04 [1.45988023 1.59790478 0.87639068 0.82888335]
Iter 460     1.50e-04 1.40e-04 [1.45995989 1.5979715  0.87638899 0.82888161]
Iter 461     1.48e-04 1.39e-04 [1.46003876 1.59803757 0.87638731 0.82887988]
Iter 462     1.47e-04 1.38e-04 [1.46011687 1.59810295 0.87638566 0.82887817]
Iter 463     1.45e-04 1.36e-04 [1.46019419 1.59816772 0.87638401 0.82887648]
Iter 464     1.44e-04 1.35e-04 [1.46027075 1.59823188 0.87638239 0.82887481]
Iter 465     1.43e-04 1.34e-04 [1.46034657 1.59829535 0.87638077 0.82887315]
Iter 466     1.41e-04 1.32e-04 [1.46042163 1.59835823 0.87637918 0.82887151]
Iter 467     1.40e-04 1.31e-04 [1.46049598 1.59842047 0.8763776  0.82886989]
Iter 468     1.38e-04 1.30e-04 [1.46056958 1.5984821  0.87637603 0.82886829]
Iter 469     1.37e-04 1.28e-04 [1.46064246 1.59854313 0.87637449 0.8288667 ]
Iter 470     1.36e-04 1.27e-04 [1.46071463 1.59860354 0.87637295 0.82886512]
Iter 471     1.34e-04 1.26e-04 [1.46078608 1.59866338 0.87637144 0.82886357]
Iter 472     1.33e-04 1.25e-04 [1.46085685 1.59872261 0.87636993 0.82886202]
Iter 473     1.32e-04 1.24e-04 [1.46092691 1.59878128 0.87636844 0.8288605 ]
Iter 474     1.30e-04 1.22e-04 [1.4609963  1.59883936 0.87636696 0.82885899]
Iter 475     1.29e-04 1.21e-04 [1.461065   1.59889685 0.8763655  0.82885749]
Iter 476     1.28e-04 1.20e-04 [1.46113302 1.59895382 0.87636406 0.82885602]
Iter 477     1.27e-04 1.19e-04 [1.46120038 1.5990102  0.87636262 0.82885456]
Iter 478     1.25e-04 1.18e-04 [1.46126707 1.59906601 0.8763612  0.82885311]
Iter 479     1.24e-04 1.16e-04 [1.4613331  1.5991213  0.8763598  0.82885168]
Iter 480     1.23e-04 1.15e-04 [1.46139851 1.59917603 0.8763584  0.82885026]
Iter 481     1.22e-04 1.14e-04 [1.46146326 1.59923022 0.87635703 0.82884885]
Iter 482     1.21e-04 1.13e-04 [1.46152738 1.59928387 0.87635566 0.82884746]
Iter 483     1.19e-04 1.12e-04 [1.46159087 1.599337   0.87635431 0.82884609]
Iter 484     1.18e-04 1.11e-04 [1.46165373 1.59938962 0.87635297 0.82884472]
Iter 485     1.17e-04 1.10e-04 [1.46171598 1.59944169 0.87635164 0.82884338]
Iter 486     1.16e-04 1.09e-04 [1.46177763 1.59949324 0.87635033 0.82884204]
Iter 487     1.15e-04 1.08e-04 [1.46183866 1.59954434 0.87634904 0.82884073]
Iter 488     1.14e-04 1.07e-04 [1.46189912 1.59959491 0.87634775 0.82883942]
Iter 489     1.12e-04 1.06e-04 [1.46195897 1.59964494 0.87634646 0.82883812]
Iter 490     1.11e-04 1.04e-04 [1.46201822 1.59969453 0.87634521 0.82883685]
Iter 491     1.10e-04 1.03e-04 [1.4620769  1.59974363 0.87634396 0.82883558]
Iter 492     1.09e-04 1.02e-04 [1.46213502 1.59979223 0.87634272 0.82883433]
Iter 493     1.08e-04 1.01e-04 [1.46219255 1.59984036 0.87634149 0.82883308]
Iter 494     1.07e-04 1.00e-04 [1.46224953 1.59988803 0.87634028 0.82883186]
Iter 495     1.06e-04 9.94e-05 [1.46230595 1.59993519 0.87633907 0.82883064]
Iter 496     1.05e-04 9.85e-05 [1.46236182 1.5999819  0.87633788 0.82882944]
Iter 497     1.04e-04 9.75e-05 [1.46241713 1.60002817 0.8763367  0.82882825]
Iter 498     1.03e-04 9.66e-05 [1.46247192 1.60007398 0.87633553 0.82882707]
Iter 499     1.02e-04 9.56e-05 [1.46252616 1.60011933 0.87633438 0.8288259 ]
Iter 500     1.01e-04 9.47e-05 [1.46257986 1.60016427 0.87633324 0.82882474]
Iter 501     1.00e-04 9.38e-05 [1.46263306 1.60020874 0.8763321  0.8288236 ]
Iter 502     9.90e-05 9.28e-05 [1.46268573 1.60025278 0.87633097 0.82882246]
Iter 503     9.80e-05 9.19e-05 [1.46273788 1.60029639 0.87632986 0.82882135]
Iter 504     9.70e-05 9.10e-05 [1.46278952 1.60033956 0.87632876 0.82882024]
Iter 505     9.61e-05 9.01e-05 [1.46284066 1.60038231 0.87632767 0.82881914]
Iter 506     9.51e-05 8.93e-05 [1.4628913  1.60042463 0.87632659 0.82881805]
Iter 507     9.42e-05 8.84e-05 [1.46294143 1.60046657 0.87632552 0.82881697]
Iter 508     9.33e-05 8.75e-05 [1.46299108 1.60050808 0.87632446 0.82881591]
Iter 509     9.24e-05 8.67e-05 [1.46304025 1.60054917 0.87632341 0.82881486]
Iter 510     9.15e-05 8.58e-05 [1.46308893 1.60058989 0.87632237 0.82881381]
Iter 511     9.06e-05 8.50e-05 [1.46313713 1.6006302  0.87632135 0.82881278]
Iter 512     8.97e-05 8.42e-05 [1.46318488 1.60067011 0.87632032 0.82881175]
Iter 513     8.88e-05 8.33e-05 [1.46323214 1.60070966 0.87631932 0.82881074]
Iter 514     8.80e-05 8.25e-05 [1.46327896 1.60074881 0.87631832 0.82880974]
Iter 515     8.71e-05 8.17e-05 [1.4633253  1.60078757 0.87631732 0.82880875]
Iter 516     8.62e-05 8.09e-05 [1.46337122 1.60082593 0.87631634 0.82880777]
Iter 517     8.54e-05 8.01e-05 [1.46341666 1.60086393 0.87631537 0.8288068 ]
Iter 518     8.46e-05 7.93e-05 [1.46346167 1.60090155 0.87631441 0.82880583]
Iter 519     8.37e-05 7.86e-05 [1.46350624 1.60093881 0.87631346 0.82880488]
Iter 520     8.29e-05 7.78e-05 [1.46355039 1.60097568 0.87631251 0.82880393]
Iter 521     8.21e-05 7.71e-05 [1.4635941  1.60101224 0.87631159 0.828803  ]
Iter 522     8.13e-05 7.63e-05 [1.46363737 1.60104841 0.87631066 0.82880208]
Iter 523     8.05e-05 7.55e-05 [1.46368023 1.60108422 0.87630974 0.82880116]
Iter 524     7.97e-05 7.48e-05 [1.46372267 1.60111968 0.87630883 0.82880026]
Iter 525     7.85e-05 7.41e-05 [1.46376449 1.60115477 0.876308   0.82879947]
Iter 526     7.80e-05 7.33e-05 [1.46380599 1.60118954 0.87630712 0.82879862]
Iter 527     7.73e-05 7.26e-05 [1.46384714 1.60122394 0.87630623 0.82879777]
Iter 528     7.65e-05 7.19e-05 [1.4638879  1.60125798 0.87630536 0.82879691]
Iter 529     7.58e-05 7.12e-05 [1.46392828 1.60129171 0.87630449 0.82879606]
Iter 530     7.51e-05 7.05e-05 [1.46396827 1.60132511 0.87630364 0.82879521]
Iter 531     7.44e-05 6.98e-05 [1.46400787 1.60135819 0.87630279 0.82879437]
Iter 532     7.36e-05 6.91e-05 [1.46404709 1.60139092 0.87630195 0.82879354]
Iter 533     7.29e-05 6.84e-05 [1.46408592 1.60142333 0.87630112 0.82879271]
Iter 534     7.22e-05 6.78e-05 [1.46412438 1.60145543 0.8763003  0.82879189]
Iter 535     7.15e-05 6.71e-05 [1.46416246 1.60148725 0.87629948 0.82879108]
Iter 536     7.08e-05 6.65e-05 [1.46420016 1.60151876 0.87629867 0.82879028]
Iter 537     7.01e-05 6.58e-05 [1.4642375  1.60154994 0.87629787 0.82878949]
Iter 538     6.94e-05 6.52e-05 [1.46427449 1.60158081 0.87629708 0.8287887 ]
Iter 539     6.88e-05 6.45e-05 [1.46431111 1.60161138 0.8762963  0.82878792]
Iter 540     6.81e-05 6.39e-05 [1.46434737 1.60164167 0.87629553 0.82878714]
Iter 541     6.74e-05 6.33e-05 [1.46438327 1.60167167 0.87629475 0.82878638]
Iter 542     6.68e-05 6.27e-05 [1.46441884 1.60170135 0.87629399 0.82878562]
Iter 543     6.61e-05 6.21e-05 [1.46445405 1.60173074 0.87629323 0.82878487]
Iter 544     6.55e-05 6.15e-05 [1.46448892 1.60175986 0.87629249 0.82878413]
Iter 545     6.48e-05 6.08e-05 [1.46452344 1.60178871 0.87629175 0.8287834 ]
Iter 546     6.42e-05 6.03e-05 [1.46455763 1.60181725 0.87629102 0.82878267]
Iter 547     6.36e-05 5.97e-05 [1.46459149 1.60184552 0.87629029 0.82878195]
Iter 548     6.29e-05 5.91e-05 [1.46462503 1.60187349 0.87628957 0.82878124]
Iter 549     6.23e-05 5.85e-05 [1.46465824 1.6019012  0.87628886 0.82878053]
Iter 550     6.18e-05 5.80e-05 [1.46469111 1.60192868 0.87628816 0.82877983]
Iter 551     6.12e-05 5.74e-05 [1.46472367 1.60195589 0.87628747 0.82877914]
Iter 552     6.05e-05 5.68e-05 [1.46475591 1.60198281 0.87628677 0.82877846]
Iter 553     6.00e-05 5.63e-05 [1.46478783 1.60200947 0.87628609 0.82877778]
Iter 554     5.93e-05 5.57e-05 [1.46481946 1.60203585 0.87628541 0.82877711]
Iter 555     5.88e-05 5.52e-05 [1.46485077 1.60206199 0.87628474 0.82877644]
Iter 556     5.82e-05 5.46e-05 [1.46488177 1.60208789 0.87628408 0.82877579]
Iter 557     5.77e-05 5.41e-05 [1.46491247 1.60211354 0.87628342 0.82877514]
Iter 558     5.71e-05 5.36e-05 [1.46494287 1.60213892 0.87628276 0.82877449]
Iter 559     5.65e-05 5.31e-05 [1.46497298 1.60216404 0.87628212 0.82877385]
Iter 560     5.60e-05 5.25e-05 [1.46500279 1.60218893 0.87628148 0.82877322]
Iter 561     5.54e-05 5.20e-05 [1.46503232 1.60221357 0.87628085 0.8287726 ]
Iter 562     5.49e-05 5.15e-05 [1.46506155 1.60223799 0.87628022 0.82877198]
Iter 563     5.44e-05 5.10e-05 [1.4650905  1.60226218 0.8762796  0.82877136]
Iter 564     5.38e-05 5.05e-05 [1.46511918 1.6022861  0.87627899 0.82877076]
Iter 565     5.33e-05 5.00e-05 [1.46514758 1.60230978 0.87627838 0.82877015]
Iter 566     5.28e-05 4.96e-05 [1.46517569 1.60233324 0.87627778 0.82876956]
Iter 567     5.23e-05 4.91e-05 [1.46520352 1.6023565  0.87627718 0.82876897]
Iter 568     5.18e-05 4.86e-05 [1.46523108 1.60237953 0.87627659 0.82876839]
Iter 569     5.13e-05 4.81e-05 [1.46525837 1.60240235 0.87627601 0.82876781]
Iter 570     5.08e-05 4.76e-05 [1.46528541 1.60242493 0.87627543 0.82876724]
Iter 571     5.03e-05 4.72e-05 [1.46531219 1.60244727 0.87627484 0.82876667]
Iter 572     4.98e-05 4.67e-05 [1.46533871 1.60246939 0.87627428 0.82876611]
Iter 573     4.93e-05 4.63e-05 [1.46536496 1.60249132 0.87627372 0.82876555]
Iter 574     4.88e-05 4.58e-05 [1.46539096 1.60251302 0.87627316 0.828765  ]
Iter 575     4.83e-05 4.54e-05 [1.46541671 1.60253451 0.8762726  0.82876446]
Iter 576     4.79e-05 4.49e-05 [1.4654422  1.60255581 0.87627206 0.82876392]
Iter 577     4.74e-05 4.45e-05 [1.46546744 1.6025769  0.87627152 0.82876339]
Iter 578     4.69e-05 4.41e-05 [1.46549245 1.60259777 0.87627098 0.82876286]
Iter 579     4.65e-05 4.36e-05 [1.46551722 1.60261842 0.87627045 0.82876233]
Iter 580     4.60e-05 4.32e-05 [1.46554174 1.60263889 0.87626993 0.82876181]
Iter 581     4.56e-05 4.28e-05 [1.46556601 1.60265916 0.87626941 0.8287613 ]
Iter 582     4.52e-05 4.24e-05 [1.46559005 1.60267926 0.87626889 0.8287608 ]
Iter 583     4.47e-05 4.20e-05 [1.46561386 1.60269913 0.87626838 0.82876029]
Iter 584     4.43e-05 4.16e-05 [1.46563743 1.60271885 0.87626788 0.8287598 ]
Iter 585     4.39e-05 4.12e-05 [1.46566078 1.60273837 0.87626738 0.8287593 ]
Iter 586     4.34e-05 4.07e-05 [1.46568391 1.60275766 0.87626687 0.82875881]
Iter 587     4.30e-05 4.04e-05 [1.46570682 1.60277676 0.87626638 0.82875833]
Iter 588     4.26e-05 4.00e-05 [1.46572949 1.60279569 0.8762659  0.82875785]
Iter 589     4.22e-05 3.96e-05 [1.46575194 1.60281444 0.87626542 0.82875738]
Iter 590     4.17e-05 3.92e-05 [1.46577418 1.60283301 0.87626494 0.82875691]
Iter 591     4.13e-05 3.88e-05 [1.4657962  1.60285137 0.87626446 0.82875644]
Iter 592     4.10e-05 3.84e-05 [1.465818   1.6028696  0.876264   0.82875598]
Iter 593     4.05e-05 3.81e-05 [1.4658396  1.60288763 0.87626353 0.82875553]
Iter 594     4.01e-05 3.77e-05 [1.46586099 1.60290547 0.87626307 0.82875508]
Iter 595     3.97e-05 3.73e-05 [1.46588217 1.60292313 0.87626262 0.82875463]
Iter 596     3.94e-05 3.70e-05 [1.46590315 1.60294064 0.87626217 0.82875419]
Iter 597     3.90e-05 3.66e-05 [1.46592391 1.60295799 0.87626173 0.82875375]
Iter 598     3.86e-05 3.63e-05 [1.46594447 1.60297518 0.87626129 0.82875332]
Iter 599     3.82e-05 3.59e-05 [1.46596484 1.60299219 0.87626085 0.82875289]
Iter 600     3.79e-05 3.56e-05 [1.46598502 1.60300903 0.87626042 0.82875246]
Iter 601     3.75e-05 3.52e-05 [1.466005   1.60302571 0.87625998 0.82875204]
Iter 602     3.71e-05 3.49e-05 [1.46602478 1.60304224 0.87625956 0.82875163]
Iter 603     3.68e-05 3.45e-05 [1.46604436 1.60305857 0.87625914 0.82875121]
Iter 604     3.64e-05 3.42e-05 [1.46606377 1.60307475 0.87625872 0.8287508 ]
Iter 605     3.61e-05 3.39e-05 [1.46608299 1.60309076 0.87625831 0.8287504 ]
Iter 606     3.57e-05 3.35e-05 [1.46610201 1.60310665 0.8762579  0.82875   ]
Iter 607     3.54e-05 3.32e-05 [1.46612085 1.60312236 0.8762575  0.8287496 ]
Iter 608     3.50e-05 3.29e-05 [1.46613949 1.60313794 0.8762571  0.82874921]
Iter 609     3.47e-05 3.26e-05 [1.46615797 1.60315336 0.8762567  0.82874882]
Iter 610     3.44e-05 3.23e-05 [1.46617627 1.60316864 0.87625631 0.82874844]
Iter 611     3.40e-05 3.20e-05 [1.46619439 1.60318379 0.87625592 0.82874806]
Iter 612     3.37e-05 3.16e-05 [1.46621233 1.60319875 0.87625553 0.82874768]
Iter 613     3.33e-05 3.13e-05 [1.4662301  1.60321356 0.87625515 0.8287473 ]
Iter 614     3.30e-05 3.10e-05 [1.4662477  1.60322822 0.87625477 0.82874693]
Iter 615     3.27e-05 3.07e-05 [1.46626513 1.60324274 0.8762544  0.82874657]
Iter 616     3.24e-05 3.04e-05 [1.46628238 1.60325714 0.87625403 0.82874621]
Iter 617     3.21e-05 3.01e-05 [1.46629947 1.60327138 0.87625366 0.82874585]
Iter 618     3.18e-05 2.98e-05 [1.46631638 1.60328551 0.8762533  0.82874549]
Iter 619     3.15e-05 2.95e-05 [1.46633313 1.6032995  0.87625294 0.82874514]
Iter 620     3.11e-05 2.92e-05 [1.46634972 1.60331334 0.87625258 0.82874479]
Iter 621     3.08e-05 2.90e-05 [1.46636616 1.60332705 0.87625223 0.82874445]
Iter 622     3.05e-05 2.87e-05 [1.46638243 1.60334062 0.87625188 0.82874411]
Iter 623     3.02e-05 2.84e-05 [1.46639854 1.60335407 0.87625153 0.82874377]
Iter 624     2.99e-05 2.81e-05 [1.4664145  1.60336737 0.87625119 0.82874343]
Iter 625     2.96e-05 2.78e-05 [1.46643031 1.60338054 0.87625085 0.8287431 ]
Iter 626     2.94e-05 2.76e-05 [1.46644597 1.60339356 0.87625051 0.82874277]
Iter 627     2.91e-05 2.73e-05 [1.46646146 1.60340649 0.87625018 0.82874245]
Iter 628     2.88e-05 2.71e-05 [1.4664768  1.60341929 0.87624985 0.82874213]
Iter 629     2.86e-05 2.68e-05 [1.466492   1.60343201 0.87624953 0.82874181]
Iter 630     2.83e-05 2.65e-05 [1.46650705 1.6034446  0.87624921 0.82874149]
Iter 631     2.80e-05 2.63e-05 [1.46652195 1.60345703 0.87624888 0.82874118]
Iter 632     2.77e-05 2.60e-05 [1.46653671 1.60346935 0.87624857 0.82874087]
Iter 633     2.74e-05 2.58e-05 [1.46655133 1.60348154 0.87624825 0.82874056]
Iter 634     2.72e-05 2.55e-05 [1.46656581 1.60349363 0.87624794 0.82874026]
Iter 635     2.69e-05 2.53e-05 [1.46658015 1.60350558 0.87624763 0.82873995]
Iter 636     2.66e-05 2.50e-05 [1.46659434 1.60351741 0.87624732 0.82873966]
Iter 637     2.64e-05 2.48e-05 [1.4666084  1.60352912 0.87624702 0.82873936]
Iter 638     2.61e-05 2.46e-05 [1.46662233 1.60354073 0.87624673 0.82873907]
Iter 639     2.59e-05 2.43e-05 [1.46663611 1.60355224 0.87624643 0.82873878]
Iter 640     2.56e-05 2.41e-05 [1.46664976 1.60356365 0.87624614 0.8287385 ]
Iter 641     2.54e-05 2.38e-05 [1.46666328 1.60357495 0.87624585 0.82873821]
Iter 642     2.51e-05 2.36e-05 [1.46667666 1.60358613 0.87624556 0.82873793]
Iter 643     2.49e-05 2.34e-05 [1.46668992 1.60359721 0.87624528 0.82873765]
Iter 644     2.47e-05 2.31e-05 [1.46670305 1.60360817 0.87624499 0.82873738]
Iter 645     2.44e-05 2.29e-05 [1.46671605 1.60361901 0.87624471 0.82873711]
Iter 646     2.42e-05 2.27e-05 [1.46672893 1.60362974 0.87624444 0.82873684]
Iter 647     2.39e-05 2.25e-05 [1.46674168 1.60364038 0.87624416 0.82873657]
Iter 648     2.37e-05 2.23e-05 [1.46675431 1.60365092 0.87624389 0.8287363 ]
Iter 649     2.35e-05 2.21e-05 [1.46676683 1.60366136 0.87624362 0.82873604]
Iter 650     2.32e-05 2.18e-05 [1.46677921 1.60367169 0.87624335 0.82873578]
Iter 651     2.30e-05 2.16e-05 [1.46679148 1.60368189 0.87624309 0.82873553]
Iter 652     2.28e-05 2.14e-05 [1.46680363 1.60369201 0.87624282 0.82873527]
Iter 653     2.26e-05 2.12e-05 [1.46681566 1.60370203 0.87624257 0.82873502]
Iter 654     2.23e-05 2.10e-05 [1.46682757 1.60371196 0.87624231 0.82873477]
Iter 655     2.22e-05 2.08e-05 [1.46683936 1.60372182 0.87624206 0.82873453]
Iter 656     2.19e-05 2.06e-05 [1.46685104 1.60373159 0.87624181 0.82873428]
Iter 657     2.17e-05 2.04e-05 [1.46686261 1.60374125 0.87624156 0.82873404]
Iter 658     2.15e-05 2.02e-05 [1.46687406 1.6037508  0.87624131 0.8287338 ]
Iter 659     2.13e-05 2.00e-05 [1.46688541 1.60376025 0.87624107 0.82873356]
Iter 660     2.11e-05 1.98e-05 [1.46689664 1.60376963 0.87624083 0.82873333]
Iter 661     2.09e-05 1.96e-05 [1.46690777 1.60377892 0.87624059 0.82873309]
Iter 662     2.07e-05 1.94e-05 [1.4669188  1.60378812 0.87624035 0.82873286]
Iter 663     2.02e-05 1.92e-05 [1.46692957 1.60379721 0.8762402  0.8287327 ]
Iter 664     2.05e-05 1.90e-05 [1.46694047 1.60380621 0.87623988 0.82873243]
Iter 665     1.98e-05 1.88e-05 [1.46695105 1.6038151  0.87623973 0.82873226]
Iter 666     2.01e-05 1.87e-05 [1.46696174 1.6038239  0.87623942 0.82873199]
Iter 667     1.94e-05 1.85e-05 [1.46697213 1.60383261 0.87623927 0.82873183]
Iter 668     1.94e-05 1.83e-05 [1.46698248 1.60384123 0.87623905 0.82873163]
Iter 669     1.92e-05 1.81e-05 [1.46699274 1.60384979 0.87623883 0.82873143]
Iter 670     1.91e-05 1.79e-05 [1.46700291 1.60385825 0.87623861 0.82873122]
Iter 671     1.89e-05 1.78e-05 [1.46701299 1.60386663 0.87623839 0.82873101]
Iter 672     1.87e-05 1.76e-05 [1.46702296 1.60387495 0.87623818 0.82873081]
Iter 673     1.85e-05 1.74e-05 [1.46703283 1.6038832  0.87623796 0.8287306 ]
Iter 674     1.83e-05 1.72e-05 [1.46704261 1.60389134 0.87623775 0.8287304 ]
Iter 675     1.82e-05 1.71e-05 [1.46705231 1.60389941 0.87623754 0.8287302 ]
Iter 676     1.80e-05 1.69e-05 [1.46706191 1.6039074  0.87623733 0.82873   ]
Iter 677     1.78e-05 1.67e-05 [1.46707141 1.6039153  0.87623713 0.8287298 ]
Iter 678     1.76e-05 1.66e-05 [1.46708082 1.60392313 0.87623693 0.8287296 ]
Iter 679     1.75e-05 1.64e-05 [1.46709015 1.60393089 0.87623672 0.82872941]
Iter 680     1.73e-05 1.63e-05 [1.46709938 1.60393856 0.87623652 0.82872921]
Iter 681     1.72e-05 1.61e-05 [1.46710853 1.60394619 0.87623633 0.82872902]
Iter 682     1.70e-05 1.59e-05 [1.46711759 1.60395373 0.87623614 0.82872883]
Iter 683     1.68e-05 1.58e-05 [1.46712655 1.60396119 0.87623594 0.82872864]
Iter 684     1.66e-05 1.56e-05 [1.46713544 1.60396855 0.87623575 0.82872846]
Iter 685     1.65e-05 1.55e-05 [1.46714423 1.60397587 0.87623556 0.82872827]
Iter 686     1.63e-05 1.53e-05 [1.46715295 1.60398312 0.87623537 0.82872809]
Iter 687     1.62e-05 1.52e-05 [1.46716158 1.60399027 0.87623518 0.82872791]
Iter 688     1.60e-05 1.51e-05 [1.46717013 1.60399736 0.876235   0.82872773]
Iter 689     1.58e-05 1.49e-05 [1.46717858 1.6040044  0.87623482 0.82872755]
Iter 690     1.57e-05 1.48e-05 [1.46718695 1.60401138 0.87623464 0.82872738]
Iter 691     1.56e-05 1.46e-05 [1.46719525 1.60401828 0.87623446 0.8287272 ]
Iter 692     1.54e-05 1.45e-05 [1.46720346 1.60402515 0.87623428 0.82872703]
Iter 693     1.53e-05 1.43e-05 [1.46721158 1.60403197 0.87623411 0.82872686]
Iter 694     1.51e-05 1.42e-05 [1.46721963 1.6040387  0.87623394 0.82872669]
Iter 695     1.50e-05 1.41e-05 [1.4672276  1.60404536 0.87623376 0.82872652]
Iter 696     1.48e-05 1.39e-05 [1.4672355  1.60405195 0.87623359 0.82872636]
Iter 697     1.47e-05 1.38e-05 [1.46724332 1.60405847 0.87623342 0.82872619]
Iter 698     1.45e-05 1.37e-05 [1.46725106 1.60406492 0.87623325 0.82872603]
Iter 699     1.44e-05 1.35e-05 [1.46725874 1.60407133 0.87623309 0.82872587]
Iter 700     1.43e-05 1.34e-05 [1.46726634 1.60407766 0.87623293 0.82872571]
Iter 701     1.41e-05 1.33e-05 [1.46727386 1.60408393 0.87623276 0.82872555]
Iter 702     1.40e-05 1.31e-05 [1.46728132 1.60409014 0.8762326  0.82872539]
Iter 703     1.38e-05 1.30e-05 [1.4672887  1.60409628 0.87623244 0.82872524]
Iter 704     1.37e-05 1.29e-05 [1.46729601 1.60410237 0.87623228 0.82872509]
Iter 705     1.36e-05 1.28e-05 [1.46730324 1.60410841 0.87623213 0.82872494]
Iter 706     1.34e-05 1.26e-05 [1.46731041 1.60411437 0.87623197 0.82872479]
Iter 707     1.33e-05 1.25e-05 [1.4673175  1.60412029 0.87623182 0.82872464]
Iter 708     1.32e-05 1.24e-05 [1.46732454 1.60412613 0.87623167 0.82872449]
Iter 709     1.31e-05 1.23e-05 [1.4673315  1.60413192 0.87623151 0.82872434]
Iter 710     1.29e-05 1.21e-05 [1.46733839 1.60413766 0.87623137 0.8287242 ]
Iter 711     1.28e-05 1.20e-05 [1.46734522 1.60414331 0.87623122 0.82872406]
Iter 712     1.27e-05 1.19e-05 [1.46735197 1.60414896 0.87623108 0.82872392]
Iter 713     1.26e-05 1.18e-05 [1.46735867 1.60415452 0.87623093 0.82872378]
Iter 714     1.24e-05 1.17e-05 [1.4673653  1.60416004 0.87623079 0.82872364]
Iter 715     1.23e-05 1.16e-05 [1.46737187 1.60416551 0.87623065 0.8287235 ]
Iter 716     1.22e-05 1.15e-05 [1.46737837 1.60417092 0.8762305  0.82872336]
Iter 717     1.21e-05 1.14e-05 [1.46738481 1.6041763  0.87623037 0.82872323]
Iter 718     1.20e-05 1.13e-05 [1.46739118 1.60418167 0.87623024 0.82872309]
Iter 719     1.19e-05 1.12e-05 [1.46739749 1.60418698 0.8762301  0.82872296]
Iter 720     1.18e-05 1.10e-05 [1.46740373 1.60419223 0.87622996 0.82872283]
Iter 721     1.16e-05 1.09e-05 [1.46740993 1.60419741 0.87622983 0.8287227 ]
Iter 722     1.15e-05 1.08e-05 [1.46741606 1.60420254 0.8762297  0.82872257]
Iter 723     1.14e-05 1.07e-05 [1.46742214 1.60420764 0.87622956 0.82872244]
Iter 724     1.13e-05 1.06e-05 [1.46742815 1.60421266 0.87622943 0.82872231]
Iter 725     1.12e-05 1.05e-05 [1.46743411 1.60421765 0.8762293  0.82872219]
Iter 726     1.11e-05 1.04e-05 [1.46744002 1.60422259 0.87622918 0.82872206]
Iter 727     1.10e-05 1.03e-05 [1.46744586 1.60422749 0.87622905 0.82872194]
Iter 728     1.09e-05 1.02e-05 [1.46745166 1.60423233 0.87622893 0.82872182]
Iter 729     1.07e-05 1.01e-05 [1.4674574 1.6042371 0.8762288 0.8287217]
Iter 730     1.06e-05 1.00e-05 [1.46746308 1.60424181 0.87622868 0.82872158]
Iter 731     1.05e-05 9.92e-06 [1.46746871 1.60424648 0.87622855 0.82872146]
Iter 732     1.04e-05 9.83e-06 [1.46747428 1.60425112 0.87622844 0.82872134]
Iter 733     1.04e-05 9.74e-06 [1.4674798  1.60425572 0.87622832 0.82872123]
Iter 734     1.03e-05 9.65e-06 [1.46748526 1.6042603  0.8762282  0.82872111]
Iter 735     1.02e-05 9.54e-06 [1.46749067 1.60426482 0.87622809 0.828721  ]
Iter 736     1.01e-05 9.44e-06 [1.46749602 1.60426929 0.87622797 0.82872089]
Iter 737     9.95e-06 9.36e-06 [1.46750133 1.60427371 0.87622785 0.82872078]
Iter 738     9.87e-06 9.27e-06 [1.46750659 1.6042781  0.87622774 0.82872067]
Iter 739     9.75e-06 9.16e-06 [1.46751179 1.60428243 0.87622763 0.82872056]
Iter 740     9.65e-06 9.08e-06 [1.46751695 1.6042867  0.87622751 0.82872045]
Iter 741     9.56e-06 8.99e-06 [1.46752206 1.60429093 0.8762274  0.82872034]
Iter 742     9.49e-06 8.93e-06 [1.46752711 1.60429515 0.87622729 0.82872024]
Iter 743     9.38e-06 8.83e-06 [1.46753212 1.60429931 0.87622719 0.82872013]
Iter 744     9.31e-06 8.75e-06 [1.46753707 1.60430346 0.87622708 0.82872003]
Iter 745     9.21e-06 8.64e-06 [1.46754197 1.60430756 0.87622698 0.82871993]
Iter 746     9.11e-06 8.57e-06 [1.46754683 1.6043116  0.87622687 0.82871983]
Iter 747     9.02e-06 8.47e-06 [1.46755164 1.60431561 0.87622677 0.82871972]
Iter 748     8.93e-06 8.41e-06 [1.46755641 1.60431957 0.87622666 0.82871962]
Iter 749     8.86e-06 8.32e-06 [1.46756113 1.60432352 0.87622657 0.82871953]
Iter 750     8.77e-06 8.24e-06 [1.4675658  1.60432741 0.87622646 0.82871943]
Iter 751     8.70e-06 8.19e-06 [1.46757042 1.60433129 0.87622636 0.82871933]
Iter 752     8.64e-06 8.12e-06 [1.467575   1.60433517 0.87622627 0.82871923]
Iter 753     8.54e-06 8.02e-06 [1.46757954 1.60433897 0.87622617 0.82871914]
Iter 754     8.45e-06 7.94e-06 [1.46758403 1.60434274 0.87622607 0.82871904]
Iter 755     8.38e-06 7.87e-06 [1.46758848 1.60434648 0.87622598 0.82871895]
Iter 756     8.30e-06 7.79e-06 [1.46759289 1.60435018 0.87622588 0.82871885]
Iter 757     8.22e-06 7.71e-06 [1.46759725 1.60435385 0.87622579 0.82871876]
Iter 758     8.13e-06 7.64e-06 [1.46760157 1.60435747 0.87622569 0.82871867]
Iter 759     8.06e-06 7.58e-06 [1.46760586 1.60436106 0.8762256  0.82871858]
Iter 760     7.97e-06 7.49e-06 [1.46761011 1.60436461 0.87622551 0.82871849]
Iter 761     7.89e-06 7.43e-06 [1.46761431 1.60436811 0.87622542 0.8287184 ]
Iter 762     7.81e-06 7.33e-06 [1.46761847 1.60437158 0.87622532 0.82871832]
Iter 763     7.71e-06 7.26e-06 [1.46762259 1.604375   0.87622523 0.82871823]
Iter 764     7.66e-06 7.19e-06 [1.46762667 1.6043784  0.87622515 0.82871815]
Iter 765     7.57e-06 7.14e-06 [1.46763073 1.60438175 0.87622506 0.82871806]
Iter 766     7.50e-06 7.06e-06 [1.46763472 1.60438509 0.87622497 0.82871798]
Iter 767     7.46e-06 7.00e-06 [1.46763869 1.60438841 0.87622489 0.8287179 ]
Iter 768     7.36e-06 6.92e-06 [1.46764262 1.60439167 0.8762248  0.82871781]
Iter 769     7.29e-06 6.85e-06 [1.46764651 1.6043949  0.87622472 0.82871773]
Iter 770     7.21e-06 6.79e-06 [1.46765037 1.60439809 0.87622464 0.82871765]
Iter 771     7.15e-06 6.72e-06 [1.46765419 1.60440126 0.87622455 0.82871757]
Iter 772     7.06e-06 6.66e-06 [1.46765797 1.60440438 0.87622447 0.82871749]
Iter 773     7.00e-06 6.60e-06 [1.46766171 1.60440748 0.87622439 0.82871741]
Iter 774     6.97e-06 6.56e-06 [1.46766542 1.60441059 0.87622431 0.82871734]
Iter 775     6.88e-06 6.47e-06 [1.46766909 1.60441365 0.87622423 0.82871726]
Iter 776     6.81e-06 6.40e-06 [1.46767272 1.60441667 0.87622415 0.82871718]
Iter 777     6.73e-06 6.34e-06 [1.46767631 1.60441966 0.87622407 0.82871711]
Iter 778     6.68e-06 6.28e-06 [1.46767987 1.60442263 0.876224   0.82871703]
Iter 779     6.62e-06 6.22e-06 [1.46768339 1.60442557 0.87622392 0.82871696]
Iter 780     6.56e-06 6.16e-06 [1.46768689 1.60442849 0.87622385 0.82871689]
Iter 781     6.49e-06 6.11e-06 [1.46769035 1.60443137 0.87622377 0.82871681]
Iter 782     6.42e-06 6.04e-06 [1.46769378 1.60443422 0.8762237  0.82871674]
Iter 783     6.36e-06 5.98e-06 [1.46769717 1.60443704 0.87622363 0.82871667]
Iter 784     6.30e-06 5.93e-06 [1.46770054 1.60443983 0.87622355 0.8287166 ]
Iter 785     6.25e-06 5.88e-06 [1.46770387 1.60444261 0.87622348 0.82871653]
Iter 786     6.18e-06 5.83e-06 [1.46770717 1.60444534 0.87622341 0.82871646]
Iter 787     6.11e-06 5.76e-06 [1.46771043 1.60444807 0.87622334 0.8287164 ]
Iter 788     6.07e-06 5.70e-06 [1.46771365 1.60445077 0.87622327 0.82871633]
Iter 789     6.01e-06 5.66e-06 [1.46771685 1.60445344 0.8762232  0.82871626]
Iter 790     5.96e-06 5.60e-06 [1.46772002 1.6044561  0.87622313 0.82871619]
Iter 791     5.89e-06 5.54e-06 [1.46772316 1.60445871 0.87622306 0.82871613]
Iter 792     5.83e-06 5.49e-06 [1.46772628 1.6044613  0.876223   0.82871606]
Iter 793     5.77e-06 5.44e-06 [1.46772936 1.60446386 0.87622293 0.828716  ]
Iter 794     5.74e-06 5.38e-06 [1.46773241 1.60446642 0.87622287 0.82871593]
Iter 795     5.66e-06 5.34e-06 [1.46773543 1.60446893 0.8762228  0.82871587]
Iter 796     5.62e-06 5.28e-06 [1.4677384  1.60447145 0.87622274 0.82871581]
Iter 797     5.57e-06 5.23e-06 [1.46774136 1.60447394 0.87622267 0.82871575]
Iter 798     5.51e-06 5.18e-06 [1.46774429 1.6044764  0.87622261 0.82871568]
Iter 799     5.47e-06 5.15e-06 [1.46774719 1.60447884 0.87622255 0.82871562]
Iter 800     5.41e-06 5.08e-06 [1.46775006 1.60448125 0.87622249 0.82871556]
Iter 801     5.38e-06 5.05e-06 [1.46775291 1.60448366 0.87622242 0.8287155 ]
Iter 802     5.32e-06 5.00e-06 [1.46775574 1.60448603 0.87622236 0.82871544]
Iter 803     5.24e-06 4.93e-06 [1.46775854 1.60448834 0.8762223  0.82871538]
Iter 804     5.20e-06 4.89e-06 [1.4677613  1.60449066 0.87622224 0.82871533]
Iter 805     5.15e-06 4.86e-06 [1.46776404 1.60449296 0.87622218 0.82871527]
Iter 806     5.11e-06 4.80e-06 [1.46776675 1.60449524 0.87622213 0.82871521]
Iter 807     5.05e-06 4.76e-06 [1.46776943 1.6044975  0.87622207 0.82871516]
Iter 808     5.03e-06 4.73e-06 [1.46777209 1.60449975 0.87622201 0.8287151 ]
Iter 809     4.97e-06 4.66e-06 [1.46777473 1.60450196 0.87622195 0.82871504]
Iter 810     4.92e-06 4.64e-06 [1.46777735 1.60450415 0.8762219  0.82871499]
Iter 811     4.87e-06 4.58e-06 [1.46777993 1.60450633 0.87622184 0.82871493]
Iter 812     4.82e-06 4.54e-06 [1.46778249 1.60450848 0.87622179 0.82871488]
Iter 813     4.77e-06 4.48e-06 [1.46778503 1.6045106  0.87622173 0.82871483]
Iter 814     4.72e-06 4.44e-06 [1.46778754 1.60451271 0.87622168 0.82871477]
Iter 815     4.68e-06 4.40e-06 [1.46779003 1.60451479 0.87622162 0.82871472]
Iter 816     4.65e-06 4.38e-06 [1.4677925  1.60451687 0.87622157 0.82871467]
Iter 817     4.59e-06 4.32e-06 [1.46779494 1.6045189  0.87622152 0.82871462]
Iter 818     4.53e-06 4.26e-06 [1.46779736 1.60452091 0.87622146 0.82871457]
Iter 819     4.49e-06 4.22e-06 [1.46779975 1.6045229  0.87622141 0.82871452]
Iter 820     4.44e-06 4.19e-06 [1.46780212 1.60452487 0.87622136 0.82871447]
Iter 821     4.40e-06 4.14e-06 [1.46780447 1.60452681 0.87622131 0.82871442]
Iter 822     4.35e-06 4.10e-06 [1.4678068  1.60452874 0.87622126 0.82871437]
Iter 823     4.31e-06 4.08e-06 [1.46780911 1.60453064 0.87622121 0.82871432]
Iter 824     4.26e-06 4.02e-06 [1.46781139 1.60453253 0.87622116 0.82871428]
Iter 825     4.23e-06 3.99e-06 [1.46781365 1.6045344  0.87622111 0.82871423]
Iter 826     4.18e-06 3.95e-06 [1.46781589 1.60453625 0.87622106 0.82871418]
Iter 827     4.16e-06 3.93e-06 [1.46781811 1.60453809 0.87622101 0.82871414]
Iter 828     4.13e-06 3.88e-06 [1.46782031 1.60453993 0.87622097 0.82871409]
Iter 829     4.07e-06 3.86e-06 [1.46782248 1.60454173 0.87622092 0.82871405]
Iter 830     4.04e-06 3.80e-06 [1.46782464 1.60454353 0.87622087 0.828714  ]
Iter 831     3.99e-06 3.78e-06 [1.46782677 1.6045453  0.87622083 0.82871396]
Iter 832     3.96e-06 3.73e-06 [1.46782888 1.60454706 0.87622078 0.82871391]
Iter 833     3.93e-06 3.70e-06 [1.46783097 1.60454881 0.87622073 0.82871387]
Iter 834     3.88e-06 3.66e-06 [1.46783304 1.60455053 0.87622069 0.82871383]
Iter 835     3.84e-06 3.62e-06 [1.46783509 1.60455224 0.87622065 0.82871378]
Iter 836     3.79e-06 3.58e-06 [1.46783713 1.60455391 0.8762206  0.82871374]
Iter 837     3.77e-06 3.56e-06 [1.46783914 1.60455558 0.87622056 0.8287137 ]
Iter 838     3.72e-06 3.52e-06 [1.46784113 1.60455723 0.87622052 0.82871366]
Iter 839     3.71e-06 3.50e-06 [1.46784311 1.60455887 0.87622047 0.82871362]
Iter 840     3.66e-06 3.45e-06 [1.46784507 1.60456049 0.87622043 0.82871357]
Iter 841     3.61e-06 3.43e-06 [1.467847   1.60456208 0.87622039 0.82871353]
Iter 842     3.58e-06 3.40e-06 [1.46784891 1.60456367 0.87622035 0.8287135 ]
Iter 843     3.55e-06 3.35e-06 [1.46785081 1.60456525 0.87622031 0.82871346]
Iter 844     3.53e-06 3.34e-06 [1.46785269 1.60456681 0.87622027 0.82871342]
Iter 845     3.48e-06 3.28e-06 [1.46785455 1.60456836 0.87622022 0.82871338]
Iter 846     3.43e-06 3.26e-06 [1.46785638 1.60456988 0.87622019 0.82871334]
Iter 847     3.44e-06 3.24e-06 [1.4678582  1.60457142 0.87622015 0.8287133 ]
Iter 848     3.42e-06 3.21e-06 [1.46786001 1.60457295 0.87622011 0.82871326]
Iter 849     3.18e-06 3.16e-06 [1.46786175 1.60457438 0.87622012 0.82871326]
Iter 850     3.43e-06 3.13e-06 [1.46786357 1.60457584 0.87622003 0.8287132 ]
Iter 851     3.14e-06 3.10e-06 [1.46786528 1.60457726 0.87622004 0.82871319]
Iter 852     3.36e-06 3.06e-06 [1.46786706 1.6045787  0.87621996 0.82871313]
Iter 853     3.09e-06 3.07e-06 [1.46786875 1.6045801  0.87621996 0.82871313]
Iter 854     3.31e-06 3.01e-06 [1.46787049 1.60458151 0.87621988 0.82871307]
Iter 855     3.04e-06 2.99e-06 [1.46787214 1.60458289 0.87621989 0.82871306]
Iter 856     3.05e-06 2.94e-06 [1.46787379 1.60458423 0.87621986 0.82871304]
Iter 857     3.25e-06 2.92e-06 [1.4678755  1.60458561 0.87621977 0.82871297]
Iter 858     2.92e-06 2.88e-06 [1.4678771  1.60458693 0.87621978 0.82871296]
Iter 859     2.95e-06 2.85e-06 [1.4678787  1.60458823 0.87621975 0.82871294]
Iter 860     2.95e-06 2.81e-06 [1.4678803  1.60458952 0.87621972 0.82871291]
Iter 861     2.92e-06 2.80e-06 [1.46788188 1.60459079 0.87621968 0.82871289]
Iter 862     2.90e-06 2.76e-06 [1.46788345 1.60459205 0.87621965 0.82871286]
Iter 863     2.86e-06 2.73e-06 [1.467885   1.6045933  0.87621962 0.82871283]
Iter 864     2.86e-06 2.74e-06 [1.46788655 1.60459454 0.87621958 0.8287128 ]
Iter 865     2.83e-06 2.69e-06 [1.46788808 1.60459579 0.87621955 0.82871277]
Iter 866     2.80e-06 2.68e-06 [1.46788959 1.60459701 0.87621952 0.82871274]
Iter 867     2.77e-06 2.64e-06 [1.46789108 1.60459822 0.87621948 0.82871271]
Iter 868     2.76e-06 2.62e-06 [1.46789255 1.60459945 0.87621945 0.82871268]
Iter 869     2.73e-06 2.59e-06 [1.46789402 1.60460065 0.87621942 0.82871265]
Iter 870     2.71e-06 2.56e-06 [1.46789547 1.60460185 0.87621939 0.82871262]
Iter 871     2.70e-06 2.55e-06 [1.46789691 1.60460305 0.87621936 0.82871259]
Iter 872     2.68e-06 2.53e-06 [1.46789833 1.60460425 0.87621933 0.82871256]
Iter 873     2.62e-06 2.48e-06 [1.46789973 1.6046054  0.87621929 0.82871253]
Iter 874     2.60e-06 2.47e-06 [1.46790113 1.60460655 0.87621927 0.8287125 ]
Iter 875     2.59e-06 2.46e-06 [1.46790251 1.6046077  0.87621924 0.82871247]
Iter 876     2.56e-06 2.42e-06 [1.46790388 1.60460883 0.8762192  0.82871244]
Iter 877     2.52e-06 2.39e-06 [1.46790524 1.60460994 0.87621917 0.82871241]
Iter 878     2.51e-06 2.37e-06 [1.46790658 1.60461104 0.87621914 0.82871238]
Iter 879     2.48e-06 2.36e-06 [1.46790791 1.60461213 0.87621911 0.82871236]
Iter 880     2.44e-06 2.32e-06 [1.46790922 1.6046132  0.87621909 0.82871233]
Iter 881     2.43e-06 2.31e-06 [1.46791053 1.60461428 0.87621906 0.8287123 ]
Iter 882     2.42e-06 2.31e-06 [1.46791182 1.60461535 0.87621903 0.82871227]
Iter 883     2.40e-06 2.27e-06 [1.4679131  1.60461641 0.876219   0.82871225]
Iter 884     2.37e-06 2.23e-06 [1.46791437 1.60461746 0.87621897 0.82871222]
Iter 885     2.34e-06 2.21e-06 [1.46791562 1.60461848 0.87621895 0.82871219]
Iter 886     2.31e-06 2.19e-06 [1.46791686 1.6046195  0.87621892 0.82871216]
Iter 887     2.29e-06 2.19e-06 [1.46791809 1.60462051 0.87621889 0.82871214]
Iter 888     2.28e-06 2.17e-06 [1.4679193  1.60462153 0.87621887 0.82871211]
Iter 889     2.27e-06 2.14e-06 [1.4679205  1.60462255 0.87621884 0.82871209]
Iter 890     2.24e-06 2.12e-06 [1.46792169 1.60462356 0.87621881 0.82871206]
Iter 891     2.23e-06 2.10e-06 [1.46792287 1.60462455 0.87621879 0.82871204]
Iter 892     2.21e-06 2.08e-06 [1.46792404 1.60462554 0.87621876 0.82871201]
Iter 893     2.20e-06 2.07e-06 [1.4679252  1.60462652 0.87621874 0.82871198]
Iter 894     2.16e-06 2.06e-06 [1.46792635 1.60462748 0.87621871 0.82871196]
Iter 895     2.13e-06 2.02e-06 [1.46792748 1.60462844 0.87621869 0.82871193]
Iter 896     2.13e-06 2.02e-06 [1.4679286  1.6046294  0.87621867 0.82871191]
Iter 897     2.11e-06 1.99e-06 [1.46792971 1.60463034 0.87621864 0.82871189]
Iter 898     2.09e-06 1.98e-06 [1.46793082 1.60463128 0.87621862 0.82871186]
Iter 899     2.06e-06 1.95e-06 [1.46793191 1.60463221 0.87621859 0.82871184]
Iter 900     2.04e-06 1.93e-06 [1.46793298 1.60463312 0.87621857 0.82871181]
Iter 901     2.02e-06 1.92e-06 [1.46793405 1.60463403 0.87621855 0.82871179]
Iter 902     2.01e-06 1.91e-06 [1.46793511 1.60463494 0.87621852 0.82871177]
Iter 903     1.97e-06 1.88e-06 [1.46793616 1.60463581 0.8762185  0.82871174]
Iter 904     1.97e-06 1.86e-06 [1.4679372  1.60463669 0.87621848 0.82871172]
Iter 905     1.94e-06 1.85e-06 [1.46793823 1.60463757 0.87621845 0.8287117 ]
Iter 906     1.94e-06 1.83e-06 [1.46793925 1.60463844 0.87621843 0.82871168]
Iter 907     1.91e-06 1.81e-06 [1.46794026 1.6046393  0.87621841 0.82871165]
Iter 908     1.91e-06 1.80e-06 [1.46794127 1.60464015 0.87621839 0.82871163]
Iter 909     1.88e-06 1.78e-06 [1.46794226 1.60464099 0.87621836 0.82871161]
Iter 910     1.86e-06 1.77e-06 [1.46794325 1.60464182 0.87621834 0.82871159]
Iter 911     1.83e-06 1.75e-06 [1.46794423 1.60464264 0.87621832 0.82871157]
Iter 912     1.81e-06 1.73e-06 [1.46794519 1.60464345 0.8762183  0.82871155]
Iter 913     1.81e-06 1.73e-06 [1.46794615 1.60464425 0.87621828 0.82871153]
Iter 914     1.79e-06 1.70e-06 [1.46794709 1.60464505 0.87621826 0.82871151]
Iter 915     1.80e-06 1.71e-06 [1.46794803 1.60464588 0.87621824 0.82871149]
Iter 916     1.76e-06 1.67e-06 [1.46794896 1.60464666 0.87621822 0.82871147]
Iter 917     1.73e-06 1.66e-06 [1.46794988 1.60464743 0.8762182  0.82871144]
Iter 918     1.70e-06 1.63e-06 [1.46795079 1.60464818 0.87621818 0.82871142]
Iter 919     1.69e-06 1.64e-06 [1.46795169 1.60464894 0.87621816 0.82871141]
Iter 920     1.69e-06 1.62e-06 [1.46795258 1.6046497  0.87621814 0.82871139]
Iter 921     1.68e-06 1.60e-06 [1.46795347 1.60465046 0.87621812 0.82871137]
Iter 922     1.67e-06 1.57e-06 [1.46795434 1.60465122 0.8762181  0.82871135]
Iter 923     1.64e-06 1.55e-06 [1.46795521 1.60465196 0.87621808 0.82871133]
Iter 924     1.63e-06 1.55e-06 [1.46795606 1.6046527  0.87621807 0.82871131]
Iter 925     1.62e-06 1.54e-06 [1.46795692 1.60465342 0.87621805 0.82871129]
Iter 926     1.62e-06 1.55e-06 [1.46795777 1.60465415 0.87621803 0.82871127]
Iter 927     1.58e-06 1.50e-06 [1.4679586  1.60465486 0.87621801 0.82871125]
Iter 928     1.57e-06 1.48e-06 [1.46795943 1.60465557 0.87621799 0.82871123]
Iter 929     1.54e-06 1.47e-06 [1.46796024 1.60465625 0.87621797 0.82871122]
Iter 930     1.53e-06 1.47e-06 [1.46796106 1.60465694 0.87621796 0.8287112 ]
Iter 931     1.52e-06 1.46e-06 [1.46796186 1.60465762 0.87621794 0.82871118]
Iter 932     1.52e-06 1.44e-06 [1.46796266 1.6046583  0.87621792 0.82871116]
Iter 933     1.49e-06 1.42e-06 [1.46796345 1.60465897 0.8762179  0.82871115]
Iter 934     1.47e-06 1.41e-06 [1.46796423 1.60465963 0.87621789 0.82871113]
Iter 935     1.46e-06 1.40e-06 [1.46796501 1.60466028 0.87621787 0.82871111]
Iter 936     1.44e-06 1.38e-06 [1.46796578 1.60466092 0.87621785 0.8287111 ]
Iter 937     1.44e-06 1.39e-06 [1.46796654 1.60466156 0.87621784 0.82871108]
Iter 938     1.43e-06 1.36e-06 [1.4679673  1.6046622  0.87621782 0.82871106]
Iter 939     1.42e-06 1.36e-06 [1.46796805 1.60466283 0.8762178  0.82871105]
Iter 940     1.39e-06 1.34e-06 [1.46796879 1.60466345 0.87621779 0.82871103]
Iter 941     1.37e-06 1.32e-06 [1.46796953 1.60466405 0.87621777 0.82871102]
Iter 942     1.35e-06 1.31e-06 [1.46797025 1.60466465 0.87621775 0.828711  ]
Iter 943     1.35e-06 1.29e-06 [1.46797097 1.60466524 0.87621774 0.82871099]
Iter 944     1.34e-06 1.30e-06 [1.46797168 1.60466584 0.87621772 0.82871097]
Iter 945     1.33e-06 1.28e-06 [1.46797239 1.60466644 0.87621771 0.82871096]
Iter 946     1.31e-06 1.25e-06 [1.46797308 1.60466702 0.87621769 0.82871094]
Iter 947     1.29e-06 1.24e-06 [1.46797377 1.6046676  0.87621768 0.82871093]
Iter 948     1.28e-06 1.23e-06 [1.46797445 1.60466817 0.87621766 0.82871091]
Iter 949     1.27e-06 1.22e-06 [1.46797512 1.60466873 0.87621765 0.8287109 ]
Iter 950     1.28e-06 1.23e-06 [1.4679758  1.60466931 0.87621763 0.82871088]
Iter 951     1.25e-06 1.20e-06 [1.46797646 1.60466987 0.87621762 0.82871087]
Iter 952     1.24e-06 1.18e-06 [1.46797712 1.60467043 0.8762176  0.82871085]
Iter 953     1.21e-06 1.17e-06 [1.46797777 1.60467096 0.87621759 0.82871084]
Iter 954     1.21e-06 1.17e-06 [1.46797842 1.6046715  0.87621757 0.82871083]
Iter 955     1.21e-06 1.16e-06 [1.46797906 1.60467203 0.87621756 0.82871081]
Iter 956     1.20e-06 1.16e-06 [1.46797969 1.60467257 0.87621755 0.8287108 ]
Iter 957     1.20e-06 1.15e-06 [1.46798033 1.60467311 0.87621753 0.82871078]
Iter 958     1.18e-06 1.13e-06 [1.46798095 1.60467363 0.87621752 0.82871077]
Iter 959     1.17e-06 1.14e-06 [1.46798158 1.60467415 0.87621751 0.82871076]
Iter 960     1.17e-06 1.12e-06 [1.46798219 1.60467468 0.87621749 0.82871074]
Iter 961     1.15e-06 1.11e-06 [1.4679828  1.60467519 0.87621748 0.82871073]
Iter 962     1.14e-06 1.10e-06 [1.4679834  1.6046757  0.87621747 0.82871072]
Iter 963     1.11e-06 1.08e-06 [1.467984   1.60467619 0.87621745 0.82871071]
Iter 964     1.09e-06 1.07e-06 [1.46798458 1.60467667 0.87621744 0.82871069]
Iter 965     1.10e-06 1.07e-06 [1.46798517 1.60467716 0.87621742 0.82871068]
Iter 966     1.07e-06 1.05e-06 [1.46798575 1.60467763 0.87621742 0.82871067]
Iter 967     1.07e-06 1.04e-06 [1.46798632 1.6046781  0.8762174  0.82871066]
Iter 968     1.05e-06 1.03e-06 [1.46798689 1.60467856 0.87621739 0.82871064]
Iter 969     1.05e-06 1.02e-06 [1.46798745 1.60467903 0.87621738 0.82871063]
Iter 970     1.05e-06 1.02e-06 [1.46798801 1.60467949 0.87621736 0.82871062]
Iter 971     1.03e-06 1.01e-06 [1.46798856 1.60467995 0.87621735 0.82871061]
Iter 972     1.02e-06 9.95e-07 [1.4679891  1.60468039 0.87621734 0.8287106 ]
Iter 973     1.00e-06 9.91e-07 [1.46798964 1.60468084 0.87621733 0.82871059]
Iter 974     1.00e-06 9.76e-07 [1.46799017 1.60468128 0.87621731 0.82871057]
Iter 975     1.00e-06 9.84e-07 [1.46799071 1.60468173 0.8762173  0.82871056]
Iter 976     9.77e-07 9.70e-07 [1.46799123 1.60468216 0.87621729 0.82871055]
Finished running IDR on the datasets
Final parameter values: [1.47 1.60 0.88 0.83]
Writing results to file
Number of reported peaks - 49867/49867 (100.0%)

Number of peaks passing IDR cutoff of 0.1 - 37929/49867 (76.1%)

pass1 - making usageList (22 chroms): 37 millis
pass2 - checking and writing primary data (49867 records, 9 fields): 262 millis
DONE!!!!
ELAPSED TIME: 174 seconds
----------------------------------------------------------------------------
[Sat May 25 14:09:51 2019]
Finished job 0.
1 of 1 steps (100%) done
