Building DAG of jobs...
Using shell: /usr/bin/bash
Provided cores: 30
Rules claiming more threads will be scaled down.
Unlimited resources: mem_mb
Job counts:
	count	jobs
	1	NarrowPeak_IDR
	1

[Sat May 25 14:06:56 2019]
Job 0: NarrowPeak_IDR: Ccl20+_UT|AB3827-L1_IDR_AB3828-L1_IDR_AB3829-L1_IDR_AB3830-L1

[+] Loading macs  2.1.2 
[-] Unloading samtools 1.9  ... 
[+] Loading samtools 1.9  ... 
[+] Loading bedtools  2.27.1 
[+] Loading deeptools  3.1.3 
[+] Loading ucsc 373 on cn3139 
[-] Unloading idr, version 2.0.3... 
[+] Loading idr, version 2.0.3... 
###################################- COMMANDLINE -############################
module load macs/2.1.2 || exit 1
module load samtools/1.9 || exit 1
module load bedtools/2.27.1 || exit 1
module load deeptools/3.1.3 || exit 1
module load ucsc/373 || exit 1
module load idr/2.0.3
#
Description:
Peak IDR Narrow
#
INPUT1: /data/shamsaddinisha/jfarber-20160119-P1/spsingh-20190308-E1/spsingh-20190521-D1/mm10/Ccl20+_UT/peak_calling/narrowpeak/AB3827-L1.narrowPeak.gz
INPUT2: /data/shamsaddinisha/jfarber-20160119-P1/spsingh-20190308-E1/spsingh-20190521-D1/mm10/Ccl20+_UT/peak_calling/narrowpeak/AB3828-L1.narrowPeak.gz
INPUT3: /data/shamsaddinisha/jfarber-20160119-P1/spsingh-20190308-E1/spsingh-20190521-D1/mm10/Ccl20+_UT/peak_calling/narrowpeak/AB3827-L1_POOLED_AB3828-L1_POOLED_AB3829-L1_POOLED_AB3830-L1.narrowPeak.gz
#
OUTPUT1: /data/shamsaddinisha/jfarber-20160119-P1/spsingh-20190308-E1/spsingh-20190521-D1/mm10/Ccl20+_UT/peak_calling/narrowpeak/AB3827-L1_IDR_AB3828-L1_IDR_AB3829-L1_IDR_AB3830-L1.narrowPeak.gz
OUTPUT2: /data/shamsaddinisha/jfarber-20160119-P1/spsingh-20190308-E1/spsingh-20190521-D1/mm10/Ccl20+_UT/peak_calling/narrowpeak/AB3827-L1_IDR_AB3828-L1_IDR_AB3829-L1_IDR_AB3830-L1.narrowPeak.gz.tbi
OUTPUT3: /data/shamsaddinisha/jfarber-20160119-P1/spsingh-20190308-E1/spsingh-20190521-D1/mm10/Ccl20+_UT/peak_calling/narrowpeak/AB3827-L1_IDR_AB3828-L1_IDR_AB3829-L1_IDR_AB3830-L1.narrowPeak.bb
OUTPUT4: /data/shamsaddinisha/jfarber-20160119-P1/spsingh-20190308-E1/spsingh-20190521-D1/mm10/Ccl20+_UT/peak_calling/narrowpeak/AB3827-L1_IDR_AB3828-L1_IDR_AB3829-L1_IDR_AB3830-L1.narrowPeak.bdg
OUTPUT4: /data/shamsaddinisha/jfarber-20160119-P1/spsingh-20190308-E1/spsingh-20190521-D1/mm10/Ccl20+_UT/peak_calling/narrowpeak/AB3827-L1_IDR_AB3828-L1_IDR_AB3829-L1_IDR_AB3830-L1.narrowPeak.bigwig
++++++++++++++++++++++++++++++++++++++++++++++++++++++++++++++++++++++++++++++
idr --samples /data/shamsaddinisha/jfarber-20160119-P1/spsingh-20190308-E1/spsingh-20190521-D1/mm10/Ccl20+_UT/peak_calling/narrowpeak/AB3827-L1.narrowPeak.gz /data/shamsaddinisha/jfarber-20160119-P1/spsingh-20190308-E1/spsingh-20190521-D1/mm10/Ccl20+_UT/peak_calling/narrowpeak/AB3828-L1.narrowPeak.gz --peak-list /data/shamsaddinisha/jfarber-20160119-P1/spsingh-20190308-E1/spsingh-20190521-D1/mm10/Ccl20+_UT/peak_calling/narrowpeak/AB3827-L1_POOLED_AB3828-L1_POOLED_AB3829-L1_POOLED_AB3830-L1.narrowPeak.gz --input-file-type narrowPeak --output-file-type narrowPeak --rank signal.value --soft-idr-threshold 0.1 --plot --use-best-multisummit-IDR --input-file-type narrowPeak --peak-merge-method sum --output-file /data/shamsaddinisha/jfarber-20160119-P1/spsingh-20190308-E1/spsingh-20190521-D1/mm10/Ccl20+_UT/peak_calling/narrowpeak/AB3827-L1_IDR_AB3828-L1_IDR_AB3829-L1_IDR_AB3830-L1.narrowPeak.gz.tmp --max-iter 10000 --verbose
#
mv /data/shamsaddinisha/jfarber-20160119-P1/spsingh-20190308-E1/spsingh-20190521-D1/mm10/Ccl20+_UT/peak_calling/narrowpeak/AB3827-L1_IDR_AB3828-L1_IDR_AB3829-L1_IDR_AB3830-L1.narrowPeak.gz.tmp.png /data/shamsaddinisha/jfarber-20160119-P1/spsingh-20190308-E1/spsingh-20190521-D1/mm10/Ccl20+_UT/report/peak_calling/narrowpeak/AB3827-L1_IDR_AB3828-L1_IDR_AB3829-L1_IDR_AB3830-L1_IDR.png
#
awk 'BEGIN{OFS="\t"} {$4="AB3827-L1_IDR_AB3828-L1_IDR_AB3829-L1_IDR_AB3830-L1.macs2_narrowPeak_"NR} {if ($2<0) $2=0; print $1,$2,$3,$4,$5,$6,$7,$8,$9,$10}' /data/shamsaddinisha/jfarber-20160119-P1/spsingh-20190308-E1/spsingh-20190521-D1/mm10/Ccl20+_UT/peak_calling/narrowpeak/AB3827-L1_IDR_AB3828-L1_IDR_AB3829-L1_IDR_AB3830-L1.narrowPeak.gz.tmp | sort | uniq | LC_COLLATE=C sort -k1,1 -k2,2n > /data/shamsaddinisha/jfarber-20160119-P1/spsingh-20190308-E1/spsingh-20190521-D1/mm10/Ccl20+_UT/peak_calling/narrowpeak/AB3827-L1_IDR_AB3828-L1_IDR_AB3829-L1_IDR_AB3830-L1.narrowPeak.gz.edited
#
bgzip -c /data/shamsaddinisha/jfarber-20160119-P1/spsingh-20190308-E1/spsingh-20190521-D1/mm10/Ccl20+_UT/peak_calling/narrowpeak/AB3827-L1_IDR_AB3828-L1_IDR_AB3829-L1_IDR_AB3830-L1.narrowPeak.gz.edited > /data/shamsaddinisha/jfarber-20160119-P1/spsingh-20190308-E1/spsingh-20190521-D1/mm10/Ccl20+_UT/peak_calling/narrowpeak/AB3827-L1_IDR_AB3828-L1_IDR_AB3829-L1_IDR_AB3830-L1.narrowPeak.gz
#
tabix -f -p bed /data/shamsaddinisha/jfarber-20160119-P1/spsingh-20190308-E1/spsingh-20190521-D1/mm10/Ccl20+_UT/peak_calling/narrowpeak/AB3827-L1_IDR_AB3828-L1_IDR_AB3829-L1_IDR_AB3830-L1.narrowPeak.gz
#
awk 'BEGIN{FS="\t";OFS="\t"} {if ($5>1000) $5=1000; print $0}' /data/shamsaddinisha/jfarber-20160119-P1/spsingh-20190308-E1/spsingh-20190521-D1/mm10/Ccl20+_UT/peak_calling/narrowpeak/AB3827-L1_IDR_AB3828-L1_IDR_AB3829-L1_IDR_AB3830-L1.narrowPeak.gz.edited > /data/shamsaddinisha/jfarber-20160119-P1/spsingh-20190308-E1/spsingh-20190521-D1/mm10/Ccl20+_UT/peak_calling/narrowpeak/AB3827-L1_IDR_AB3828-L1_IDR_AB3829-L1_IDR_AB3830-L1.narrowPeak.gz.fix
#
bedToBigBed -as=./Script/bigNarrowPeak.as -type=bed6+4 /data/shamsaddinisha/jfarber-20160119-P1/spsingh-20190308-E1/spsingh-20190521-D1/mm10/Ccl20+_UT/peak_calling/narrowpeak/AB3827-L1_IDR_AB3828-L1_IDR_AB3829-L1_IDR_AB3830-L1.narrowPeak.gz.fix /fdb/atac_dnase_pipelines/mm10/mm10.chrom.sizes /data/shamsaddinisha/jfarber-20160119-P1/spsingh-20190308-E1/spsingh-20190521-D1/mm10/Ccl20+_UT/peak_calling/narrowpeak/AB3827-L1_IDR_AB3828-L1_IDR_AB3829-L1_IDR_AB3830-L1.narrowPeak.bb
#
awk 'BEGIN{OFS="\t"} {printf "%s\t%d\t%d\t%2.3f\n", $1,$2,$3,$5}' /data/shamsaddinisha/jfarber-20160119-P1/spsingh-20190308-E1/spsingh-20190521-D1/mm10/Ccl20+_UT/peak_calling/narrowpeak/AB3827-L1_IDR_AB3828-L1_IDR_AB3829-L1_IDR_AB3830-L1.narrowPeak.gz.edited > /data/shamsaddinisha/jfarber-20160119-P1/spsingh-20190308-E1/spsingh-20190521-D1/mm10/Ccl20+_UT/peak_calling/narrowpeak/AB3827-L1_IDR_AB3828-L1_IDR_AB3829-L1_IDR_AB3830-L1.narrowPeak.bdg.tmp
#
cat /data/shamsaddinisha/jfarber-20160119-P1/spsingh-20190308-E1/spsingh-20190521-D1/mm10/Ccl20+_UT/peak_calling/narrowpeak/AB3827-L1_IDR_AB3828-L1_IDR_AB3829-L1_IDR_AB3830-L1.narrowPeak.bdg.tmp | sort -u -k1,1 -k2,2 -k3,3 -s > /data/shamsaddinisha/jfarber-20160119-P1/spsingh-20190308-E1/spsingh-20190521-D1/mm10/Ccl20+_UT/peak_calling/narrowpeak/AB3827-L1_IDR_AB3828-L1_IDR_AB3829-L1_IDR_AB3830-L1.narrowPeak.bdg.uniq
#
slopBed -i /data/shamsaddinisha/jfarber-20160119-P1/spsingh-20190308-E1/spsingh-20190521-D1/mm10/Ccl20+_UT/peak_calling/narrowpeak/AB3827-L1_IDR_AB3828-L1_IDR_AB3829-L1_IDR_AB3830-L1.narrowPeak.bdg.uniq -g /fdb/atac_dnase_pipelines/mm10/mm10.chrom.sizes -b 0 | bedClip stdin /fdb/atac_dnase_pipelines/mm10/mm10.chrom.sizes /data/shamsaddinisha/jfarber-20160119-P1/spsingh-20190308-E1/spsingh-20190521-D1/mm10/Ccl20+_UT/peak_calling/narrowpeak/AB3827-L1_IDR_AB3828-L1_IDR_AB3829-L1_IDR_AB3830-L1.narrowPeak.bdg.edited
#
LC_COLLATE=C sort -k1,1 -k2,2n /data/shamsaddinisha/jfarber-20160119-P1/spsingh-20190308-E1/spsingh-20190521-D1/mm10/Ccl20+_UT/peak_calling/narrowpeak/AB3827-L1_IDR_AB3828-L1_IDR_AB3829-L1_IDR_AB3830-L1.narrowPeak.bdg.edited > /data/shamsaddinisha/jfarber-20160119-P1/spsingh-20190308-E1/spsingh-20190521-D1/mm10/Ccl20+_UT/peak_calling/narrowpeak/AB3827-L1_IDR_AB3828-L1_IDR_AB3829-L1_IDR_AB3830-L1.narrowPeak.bdg
#
bedGraphToBigWig /data/shamsaddinisha/jfarber-20160119-P1/spsingh-20190308-E1/spsingh-20190521-D1/mm10/Ccl20+_UT/peak_calling/narrowpeak/AB3827-L1_IDR_AB3828-L1_IDR_AB3829-L1_IDR_AB3830-L1.narrowPeak.bdg /fdb/atac_dnase_pipelines/mm10/mm10.chrom.sizes /data/shamsaddinisha/jfarber-20160119-P1/spsingh-20190308-E1/spsingh-20190521-D1/mm10/Ccl20+_UT/peak_calling/narrowpeak/AB3827-L1_IDR_AB3828-L1_IDR_AB3829-L1_IDR_AB3830-L1.narrowPeak.bigwig
if [ -f /data/shamsaddinisha/jfarber-20160119-P1/spsingh-20190308-E1/spsingh-20190521-D1/mm10/Ccl20+_UT/peak_calling/narrowpeak/AB3827-L1_IDR_AB3828-L1_IDR_AB3829-L1_IDR_AB3830-L1.narrowPeak.bigwig ]; then
	rm -rf /data/shamsaddinisha/jfarber-20160119-P1/spsingh-20190308-E1/spsingh-20190521-D1/mm10/Ccl20+_UT/peak_calling/narrowpeak/AB3827-L1_IDR_AB3828-L1_IDR_AB3829-L1_IDR_AB3830-L1.narrowPeak.gz.tmp
	rm -rf /data/shamsaddinisha/jfarber-20160119-P1/spsingh-20190308-E1/spsingh-20190521-D1/mm10/Ccl20+_UT/peak_calling/narrowpeak/AB3827-L1_IDR_AB3828-L1_IDR_AB3829-L1_IDR_AB3830-L1.narrowPeak.gz.edited
	rm -rf /data/shamsaddinisha/jfarber-20160119-P1/spsingh-20190308-E1/spsingh-20190521-D1/mm10/Ccl20+_UT/peak_calling/narrowpeak/AB3827-L1_IDR_AB3828-L1_IDR_AB3829-L1_IDR_AB3830-L1.narrowPeak.gz.fix
	rm -rf /data/shamsaddinisha/jfarber-20160119-P1/spsingh-20190308-E1/spsingh-20190521-D1/mm10/Ccl20+_UT/peak_calling/narrowpeak/AB3827-L1_IDR_AB3828-L1_IDR_AB3829-L1_IDR_AB3830-L1.narrowPeak.bdg.tmp
	rm -rf /data/shamsaddinisha/jfarber-20160119-P1/spsingh-20190308-E1/spsingh-20190521-D1/mm10/Ccl20+_UT/peak_calling/narrowpeak/AB3827-L1_IDR_AB3828-L1_IDR_AB3829-L1_IDR_AB3830-L1.narrowPeak.bdg.uniq
	rm -rf /data/shamsaddinisha/jfarber-20160119-P1/spsingh-20190308-E1/spsingh-20190521-D1/mm10/Ccl20+_UT/peak_calling/narrowpeak/AB3827-L1_IDR_AB3828-L1_IDR_AB3829-L1_IDR_AB3830-L1.narrowPeak.bdg.edited
fi
#
EXECUTING....
#
Loading the peak files
Merging peaks
Ranking peaks
Initial parameter values: [0.10 1.00 0.20 0.50]
Fitting the model parameters
Iter 0       1.04e+00 1.01e-01 [0.12822269 0.9865593  0.91806738 0.78327114]
Iter 1       8.19e-02 9.35e-02 [0.1893115  0.97319127 0.91985341 0.77757312]
Iter 2       7.51e-02 8.60e-02 [0.24618858 0.96127837 0.92120691 0.77258856]
Iter 3       6.82e-02 7.86e-02 [0.29871806 0.9509294  0.92220636 0.76822931]
Iter 4       6.17e-02 7.15e-02 [0.34699202 0.94214928 0.92293811 0.76435071]
Iter 5       5.56e-02 6.49e-02 [0.39123197 0.93486934 0.92347299 0.76083588]
Iter 6       5.00e-02 5.88e-02 [0.43171858 0.92897772 0.9238652  0.75760177]
Iter 7       4.50e-02 5.33e-02 [0.46874615 0.92434359 0.92415461 0.75459496]
Iter 8       4.04e-02 4.83e-02 [0.50259802 0.92083311 0.92437003 0.75178359]
Iter 9       3.62e-02 4.37e-02 [0.53353584 0.91831835 0.92453228 0.74914981]
Iter 10      3.25e-02 3.96e-02 [0.56179668 0.9166813  0.9246565  0.74668393]
Iter 11      2.91e-02 3.58e-02 [0.58759387 0.9158153  0.92475383 0.74438051]
Iter 12      2.59e-02 3.24e-02 [0.61111926 0.91562498 0.9248326  0.7422361 ]
Iter 13      2.39e-02 2.93e-02 [0.63254627 0.9160251  0.92489897 0.74024761]
Iter 14      2.23e-02 2.65e-02 [0.65203252 0.91693976 0.92495764 0.73841167]
Iter 15      2.08e-02 2.39e-02 [0.66972246 0.91830085 0.92501204 0.7367241 ]
Iter 16      1.94e-02 2.15e-02 [0.68574939 0.92004713 0.92506477 0.73517984]
Iter 17      1.80e-02 1.93e-02 [0.70023709 0.9221229  0.92511757 0.73377306]
Iter 18      1.67e-02 1.74e-02 [0.7133019  0.9244772  0.92517174 0.73249663]
Iter 19      1.55e-02 1.56e-02 [0.72505334 0.92706306 0.92522809 0.73134272]
Iter 20      1.44e-02 1.39e-02 [0.73559432 0.92983717 0.92528694 0.73030356]
Iter 21      1.33e-02 1.25e-02 [0.74502282 0.93275917 0.9253484  0.72937053]
Iter 22      1.23e-02 1.11e-02 [0.75343122 0.93579184 0.92541235 0.72853525]
Iter 23      1.14e-02 9.93e-03 [0.76090774 0.93890039 0.92547854 0.7277887 ]
Iter 24      1.05e-02 8.88e-03 [0.76753488 0.94205324 0.92554652 0.72712295]
Iter 25      9.69e-03 7.96e-03 [0.77339067 0.94522144 0.9256158  0.72653006]
Iter 26      8.92e-03 7.15e-03 [0.77855052 0.94837794 0.92568614 0.72600068]
Iter 27      8.19e-03 6.45e-03 [0.78307963 0.95150074 0.92575654 0.72553089]
Iter 28      7.52e-03 5.83e-03 [0.78704266 0.95456888 0.92582663 0.72511334]
Iter 29      6.89e-03 5.30e-03 [0.790499   0.95756439 0.92589596 0.72474185]
Iter 30      6.31e-03 4.83e-03 [0.79350287 0.96047251 0.92596412 0.72441134]
Iter 31      5.77e-03 4.41e-03 [0.79610451 0.96328068 0.92603072 0.72411683]
Iter 32      5.27e-03 4.04e-03 [0.79834935 0.96597912 0.92609541 0.72385437]
Iter 33      4.81e-03 3.71e-03 [0.80027845 0.96856044 0.92615787 0.72362056]
Iter 34      4.38e-03 3.41e-03 [0.80192976 0.97101916 0.92621794 0.72341176]
Iter 35      3.98e-03 3.14e-03 [0.80333695 0.97335181 0.92627543 0.72322527]
Iter 36      3.62e-03 2.90e-03 [0.80453032 0.9755567  0.9263302  0.72305866]
Iter 37      3.28e-03 2.67e-03 [0.805537   0.9776337  0.92638219 0.72290975]
Iter 38      2.98e-03 2.46e-03 [0.80638148 0.97958376 0.92643138 0.7227764 ]
Iter 39      2.69e-03 2.27e-03 [0.80708475 0.98140928 0.92647772 0.72265735]
Iter 40      2.44e-03 2.09e-03 [0.80766611 0.98311323 0.92652123 0.72255092]
Iter 41      2.20e-03 1.93e-03 [0.8081424  0.98469948 0.92656199 0.72245578]
Iter 42      1.98e-03 1.78e-03 [0.80852845 0.98617234 0.92660005 0.72237077]
Iter 43      1.79e-03 1.63e-03 [0.80883752 0.98753668 0.92663555 0.72229463]
Iter 44      1.60e-03 1.50e-03 [0.80908052 0.98879779 0.92666851 0.72222687]
Iter 45      1.44e-03 1.38e-03 [0.80926764 0.98996094 0.92669908 0.72216645]
Iter 46      1.29e-03 1.27e-03 [0.80940756 0.99103156 0.92672736 0.72211262]
Iter 47      1.16e-03 1.16e-03 [0.80950808 0.99201501 0.92675351 0.72206449]
Iter 48      1.04e-03 1.06e-03 [0.80957523 0.99291693 0.92677758 0.7220219 ]
Iter 49      9.25e-04 9.70e-04 [0.80961489 0.99374252 0.92679972 0.7219841 ]
Iter 50      8.25e-04 8.86e-04 [0.80963192 0.99449703 0.92682006 0.72195059]
Iter 51      7.38e-04 8.09e-04 [0.80963075 0.99518542 0.92683875 0.72192071]
Iter 52      6.87e-04 7.37e-04 [0.80961447 0.99581262 0.92685582 0.72189449]
Iter 53      6.37e-04 6.71e-04 [0.80958638 0.99638314 0.92687143 0.72187136]
Iter 54      5.90e-04 6.11e-04 [0.80954928 0.99690137 0.92688572 0.72185078]
Iter 55      5.45e-04 5.55e-04 [0.80950493 0.99737152 0.92689871 0.72183286]
Iter 56      5.03e-04 5.04e-04 [0.80945536 0.99779741 0.92691053 0.72181717]
Iter 57      4.63e-04 4.57e-04 [0.80940242 0.99818265 0.92692132 0.72180321]
Iter 58      4.25e-04 4.14e-04 [0.80934688 0.9985308  0.92693108 0.72179121]
Iter 59      3.90e-04 3.75e-04 [0.80929003 0.99884497 0.92693994 0.72178077]
Iter 60      3.57e-04 3.39e-04 [0.80923304 0.99912806 0.926948   0.72177148]
Iter 61      3.27e-04 3.07e-04 [0.80917611 0.99938294 0.92695525 0.72176363]
Iter 62      2.99e-04 2.77e-04 [0.80912003 0.9996121  0.92696181 0.72175685]
Iter 63      2.72e-04 2.50e-04 [0.80906553 0.99981781 0.92696776 0.72175081]
Iter 64      2.48e-04 2.25e-04 [0.80901248 1.00000235 0.92697309 0.72174581]
Iter 65      2.26e-04 2.03e-04 [0.80896134 1.00016767 0.9269779  0.72174157]
Iter 66      2.05e-04 1.83e-04 [0.80891255 1.00031555 0.92698226 0.72173775]
Iter 67      1.86e-04 1.64e-04 [0.80886579 1.00044777 0.92698614 0.7217347 ]
Iter 68      1.68e-04 1.48e-04 [0.80882162 1.00056575 0.92698967 0.72173193]
Iter 69      1.53e-04 1.33e-04 [0.80877959 1.00067098 0.92699279 0.72172981]
Iter 70      1.38e-04 1.19e-04 [0.80873993 1.00076464 0.92699559 0.72172806]
Iter 71      1.24e-04 1.07e-04 [0.80870286 1.00084787 0.92699813 0.72172643]
Iter 72      1.12e-04 9.57e-05 [0.80866789 1.00092185 0.92700037 0.72172528]
Iter 73      1.01e-04 8.57e-05 [0.80863541 1.00098736 0.92700239 0.72172416]
Iter 74      9.11e-05 7.67e-05 [0.80860488 1.00104546 0.92700417 0.72172346]
Iter 75      8.19e-05 6.85e-05 [0.80857644 1.00109682 0.92700574 0.72172294]
Iter 76      7.35e-05 6.13e-05 [0.80855026 1.00114209 0.92700718 0.72172236]
Iter 77      6.60e-05 5.47e-05 [0.80852578 1.00118208 0.92700843 0.72172211]
Iter 78      5.91e-05 4.89e-05 [0.80850334 1.00121722 0.92700957 0.72172176]
Iter 79      5.29e-05 4.36e-05 [0.80848238 1.00124816 0.92701054 0.7217217 ]
Iter 80      4.74e-05 3.88e-05 [0.80846302 1.00127529 0.9270114  0.72172174]
Iter 81      4.22e-05 3.46e-05 [0.80844543 1.00129898 0.9270122  0.72172162]
Iter 82      3.79e-05 3.09e-05 [0.80842905 1.00131975 0.92701287 0.72172174]
Iter 83      3.35e-05 2.75e-05 [0.80841423 1.00133778 0.92701349 0.7217217 ]
Iter 84      3.03e-05 2.45e-05 [0.80840043 1.00135356 0.92701401 0.72172189]
Iter 85      2.71e-05 2.18e-05 [0.80838775 1.00136726 0.92701446 0.72172213]
Iter 86      2.36e-05 1.94e-05 [0.80837639 1.00137903 0.92701488 0.72172218]
Iter 87      2.14e-05 1.72e-05 [0.80836582 1.00138924 0.92701523 0.72172242]
Iter 88      1.91e-05 1.54e-05 [0.80835613 1.00139806 0.92701552 0.7217227 ]
Iter 89      1.65e-05 1.36e-05 [0.80834752 1.00140554 0.92701581 0.72172278]
Iter 90      1.49e-05 1.22e-05 [0.80833952 1.00141197 0.92701604 0.72172303]
Iter 91      1.28e-05 1.08e-05 [0.80833245 1.00141739 0.92701626 0.72172309]
Iter 92      1.16e-05 9.67e-06 [0.80832588 1.00142206 0.92701644 0.72172331]
Iter 93      1.04e-05 8.63e-06 [0.80831983 1.00142599 0.92701657 0.72172358]
Iter 94      8.66e-06 7.67e-06 [0.80831461 1.00142921 0.92701672 0.72172364]
Iter 95      7.85e-06 6.84e-06 [0.80830975 1.00143191 0.92701682 0.72172383]
Iter 96      7.05e-06 6.14e-06 [0.80830527 1.00143416 0.92701691 0.72172408]
Iter 97      6.27e-06 5.52e-06 [0.8083012  1.00143603 0.92701697 0.72172433]
Iter 98      4.91e-06 4.87e-06 [0.80829779 1.0014374  0.92701704 0.72172439]
Iter 99      4.49e-06 4.39e-06 [0.8082946  1.00143851 0.9270171  0.72172453]
Iter 100     4.04e-06 3.96e-06 [0.80829167 1.00143939 0.92701713 0.72172472]
Iter 101     3.63e-06 3.56e-06 [0.80828899 1.0014401  0.92701716 0.72172492]
Iter 102     3.19e-06 3.22e-06 [0.80828655 1.00144062 0.92701718 0.72172513]
Iter 103     2.77e-06 2.90e-06 [0.80828433 1.00144097 0.92701719 0.72172533]
Iter 104     2.41e-06 2.62e-06 [0.80828232 1.00144118 0.9270172  0.72172552]
Iter 105     2.14e-06 2.35e-06 [0.80828051 1.00144131 0.92701721 0.7217257 ]
Iter 106     1.81e-06 2.11e-06 [0.80827888 1.00144133 0.92701721 0.72172586]
Iter 107     1.69e-06 1.90e-06 [0.80827741 1.00144126 0.92701721 0.72172601]
Iter 108     1.39e-06 1.62e-06 [0.80827626 1.00144108 0.9270172  0.72172605]
Iter 109     1.33e-06 1.45e-06 [0.80827519 1.0014409  0.9270172  0.72172613]
Iter 110     1.30e-06 1.32e-06 [0.80827421 1.00144067 0.9270172  0.72172621]
Iter 111     1.20e-06 1.17e-06 [0.80827331 1.00144046 0.9270172  0.72172631]
Iter 112     1.15e-06 1.07e-06 [0.80827249 1.00144023 0.92701719 0.7217264 ]
Iter 113     1.09e-06 9.71e-07 [0.80827175 1.00143997 0.92701719 0.72172648]
Iter 114     1.04e-06 8.90e-07 [0.80827107 1.0014397  0.92701718 0.72172657]
Iter 115     9.29e-07 7.82e-07 [0.80827047 1.00143946 0.92701718 0.72172665]
Finished running IDR on the datasets
Final parameter values: [0.81 1.00 0.93 0.72]
Writing results to file
Number of reported peaks - 141997/141997 (100.0%)

Number of peaks passing IDR cutoff of 0.1 - 122040/141997 (85.9%)

pass1 - making usageList (22 chroms): 56 millis
pass2 - checking and writing primary data (141997 records, 10 fields): 765 millis
DONE!!!!
ELAPSED TIME: 137 seconds
----------------------------------------------------------------------------
[Sat May 25 14:09:17 2019]
Finished job 0.
1 of 1 steps (100%) done
