Building DAG of jobs...
Using shell: /usr/bin/bash
Provided cores: 30
Rules claiming more threads will be scaled down.
Unlimited resources: mem_mb
Job counts:
	count	jobs
	1	NarrowPeak_IDR
	1

[Sat May 25 14:06:53 2019]
Job 0: NarrowPeak_IDR: Ccl20+_T|AB3835-L1_IDR_AB3836-L1_IDR_AB3837-L1_IDR_AB3838-L1

[+] Loading macs  2.1.2 
[-] Unloading samtools 1.9  ... 
[+] Loading samtools 1.9  ... 
[+] Loading bedtools  2.27.1 
[+] Loading deeptools  3.1.3 
[+] Loading ucsc 373 on cn3548 
[-] Unloading idr, version 2.0.3... 
[+] Loading idr, version 2.0.3... 
###################################- COMMANDLINE -############################
module load macs/2.1.2 || exit 1
module load samtools/1.9 || exit 1
module load bedtools/2.27.1 || exit 1
module load deeptools/3.1.3 || exit 1
module load ucsc/373 || exit 1
module load idr/2.0.3
#
Description:
Peak IDR Narrow
#
INPUT1: /data/shamsaddinisha/jfarber-20160119-P1/spsingh-20190308-E1/spsingh-20190521-D1/mm10/Ccl20+_T/peak_calling/narrowpeak/AB3835-L1.narrowPeak.gz
INPUT2: /data/shamsaddinisha/jfarber-20160119-P1/spsingh-20190308-E1/spsingh-20190521-D1/mm10/Ccl20+_T/peak_calling/narrowpeak/AB3836-L1.narrowPeak.gz
INPUT3: /data/shamsaddinisha/jfarber-20160119-P1/spsingh-20190308-E1/spsingh-20190521-D1/mm10/Ccl20+_T/peak_calling/narrowpeak/AB3835-L1_POOLED_AB3836-L1_POOLED_AB3837-L1_POOLED_AB3838-L1.narrowPeak.gz
#
OUTPUT1: /data/shamsaddinisha/jfarber-20160119-P1/spsingh-20190308-E1/spsingh-20190521-D1/mm10/Ccl20+_T/peak_calling/narrowpeak/AB3835-L1_IDR_AB3836-L1_IDR_AB3837-L1_IDR_AB3838-L1.narrowPeak.gz
OUTPUT2: /data/shamsaddinisha/jfarber-20160119-P1/spsingh-20190308-E1/spsingh-20190521-D1/mm10/Ccl20+_T/peak_calling/narrowpeak/AB3835-L1_IDR_AB3836-L1_IDR_AB3837-L1_IDR_AB3838-L1.narrowPeak.gz.tbi
OUTPUT3: /data/shamsaddinisha/jfarber-20160119-P1/spsingh-20190308-E1/spsingh-20190521-D1/mm10/Ccl20+_T/peak_calling/narrowpeak/AB3835-L1_IDR_AB3836-L1_IDR_AB3837-L1_IDR_AB3838-L1.narrowPeak.bb
OUTPUT4: /data/shamsaddinisha/jfarber-20160119-P1/spsingh-20190308-E1/spsingh-20190521-D1/mm10/Ccl20+_T/peak_calling/narrowpeak/AB3835-L1_IDR_AB3836-L1_IDR_AB3837-L1_IDR_AB3838-L1.narrowPeak.bdg
OUTPUT4: /data/shamsaddinisha/jfarber-20160119-P1/spsingh-20190308-E1/spsingh-20190521-D1/mm10/Ccl20+_T/peak_calling/narrowpeak/AB3835-L1_IDR_AB3836-L1_IDR_AB3837-L1_IDR_AB3838-L1.narrowPeak.bigwig
++++++++++++++++++++++++++++++++++++++++++++++++++++++++++++++++++++++++++++++
idr --samples /data/shamsaddinisha/jfarber-20160119-P1/spsingh-20190308-E1/spsingh-20190521-D1/mm10/Ccl20+_T/peak_calling/narrowpeak/AB3835-L1.narrowPeak.gz /data/shamsaddinisha/jfarber-20160119-P1/spsingh-20190308-E1/spsingh-20190521-D1/mm10/Ccl20+_T/peak_calling/narrowpeak/AB3836-L1.narrowPeak.gz --peak-list /data/shamsaddinisha/jfarber-20160119-P1/spsingh-20190308-E1/spsingh-20190521-D1/mm10/Ccl20+_T/peak_calling/narrowpeak/AB3835-L1_POOLED_AB3836-L1_POOLED_AB3837-L1_POOLED_AB3838-L1.narrowPeak.gz --input-file-type narrowPeak --output-file-type narrowPeak --rank signal.value --soft-idr-threshold 0.1 --plot --use-best-multisummit-IDR --input-file-type narrowPeak --peak-merge-method sum --output-file /data/shamsaddinisha/jfarber-20160119-P1/spsingh-20190308-E1/spsingh-20190521-D1/mm10/Ccl20+_T/peak_calling/narrowpeak/AB3835-L1_IDR_AB3836-L1_IDR_AB3837-L1_IDR_AB3838-L1.narrowPeak.gz.tmp --max-iter 10000 --verbose
#
mv /data/shamsaddinisha/jfarber-20160119-P1/spsingh-20190308-E1/spsingh-20190521-D1/mm10/Ccl20+_T/peak_calling/narrowpeak/AB3835-L1_IDR_AB3836-L1_IDR_AB3837-L1_IDR_AB3838-L1.narrowPeak.gz.tmp.png /data/shamsaddinisha/jfarber-20160119-P1/spsingh-20190308-E1/spsingh-20190521-D1/mm10/Ccl20+_T/report/peak_calling/narrowpeak/AB3835-L1_IDR_AB3836-L1_IDR_AB3837-L1_IDR_AB3838-L1_IDR.png
#
awk 'BEGIN{OFS="\t"} {$4="AB3835-L1_IDR_AB3836-L1_IDR_AB3837-L1_IDR_AB3838-L1.macs2_narrowPeak_"NR} {if ($2<0) $2=0; print $1,$2,$3,$4,$5,$6,$7,$8,$9,$10}' /data/shamsaddinisha/jfarber-20160119-P1/spsingh-20190308-E1/spsingh-20190521-D1/mm10/Ccl20+_T/peak_calling/narrowpeak/AB3835-L1_IDR_AB3836-L1_IDR_AB3837-L1_IDR_AB3838-L1.narrowPeak.gz.tmp | sort | uniq | LC_COLLATE=C sort -k1,1 -k2,2n > /data/shamsaddinisha/jfarber-20160119-P1/spsingh-20190308-E1/spsingh-20190521-D1/mm10/Ccl20+_T/peak_calling/narrowpeak/AB3835-L1_IDR_AB3836-L1_IDR_AB3837-L1_IDR_AB3838-L1.narrowPeak.gz.edited
#
bgzip -c /data/shamsaddinisha/jfarber-20160119-P1/spsingh-20190308-E1/spsingh-20190521-D1/mm10/Ccl20+_T/peak_calling/narrowpeak/AB3835-L1_IDR_AB3836-L1_IDR_AB3837-L1_IDR_AB3838-L1.narrowPeak.gz.edited > /data/shamsaddinisha/jfarber-20160119-P1/spsingh-20190308-E1/spsingh-20190521-D1/mm10/Ccl20+_T/peak_calling/narrowpeak/AB3835-L1_IDR_AB3836-L1_IDR_AB3837-L1_IDR_AB3838-L1.narrowPeak.gz
#
tabix -f -p bed /data/shamsaddinisha/jfarber-20160119-P1/spsingh-20190308-E1/spsingh-20190521-D1/mm10/Ccl20+_T/peak_calling/narrowpeak/AB3835-L1_IDR_AB3836-L1_IDR_AB3837-L1_IDR_AB3838-L1.narrowPeak.gz
#
awk 'BEGIN{FS="\t";OFS="\t"} {if ($5>1000) $5=1000; print $0}' /data/shamsaddinisha/jfarber-20160119-P1/spsingh-20190308-E1/spsingh-20190521-D1/mm10/Ccl20+_T/peak_calling/narrowpeak/AB3835-L1_IDR_AB3836-L1_IDR_AB3837-L1_IDR_AB3838-L1.narrowPeak.gz.edited > /data/shamsaddinisha/jfarber-20160119-P1/spsingh-20190308-E1/spsingh-20190521-D1/mm10/Ccl20+_T/peak_calling/narrowpeak/AB3835-L1_IDR_AB3836-L1_IDR_AB3837-L1_IDR_AB3838-L1.narrowPeak.gz.fix
#
bedToBigBed -as=./Script/bigNarrowPeak.as -type=bed6+4 /data/shamsaddinisha/jfarber-20160119-P1/spsingh-20190308-E1/spsingh-20190521-D1/mm10/Ccl20+_T/peak_calling/narrowpeak/AB3835-L1_IDR_AB3836-L1_IDR_AB3837-L1_IDR_AB3838-L1.narrowPeak.gz.fix /fdb/atac_dnase_pipelines/mm10/mm10.chrom.sizes /data/shamsaddinisha/jfarber-20160119-P1/spsingh-20190308-E1/spsingh-20190521-D1/mm10/Ccl20+_T/peak_calling/narrowpeak/AB3835-L1_IDR_AB3836-L1_IDR_AB3837-L1_IDR_AB3838-L1.narrowPeak.bb
#
awk 'BEGIN{OFS="\t"} {printf "%s\t%d\t%d\t%2.3f\n", $1,$2,$3,$5}' /data/shamsaddinisha/jfarber-20160119-P1/spsingh-20190308-E1/spsingh-20190521-D1/mm10/Ccl20+_T/peak_calling/narrowpeak/AB3835-L1_IDR_AB3836-L1_IDR_AB3837-L1_IDR_AB3838-L1.narrowPeak.gz.edited > /data/shamsaddinisha/jfarber-20160119-P1/spsingh-20190308-E1/spsingh-20190521-D1/mm10/Ccl20+_T/peak_calling/narrowpeak/AB3835-L1_IDR_AB3836-L1_IDR_AB3837-L1_IDR_AB3838-L1.narrowPeak.bdg.tmp
#
cat /data/shamsaddinisha/jfarber-20160119-P1/spsingh-20190308-E1/spsingh-20190521-D1/mm10/Ccl20+_T/peak_calling/narrowpeak/AB3835-L1_IDR_AB3836-L1_IDR_AB3837-L1_IDR_AB3838-L1.narrowPeak.bdg.tmp | sort -u -k1,1 -k2,2 -k3,3 -s > /data/shamsaddinisha/jfarber-20160119-P1/spsingh-20190308-E1/spsingh-20190521-D1/mm10/Ccl20+_T/peak_calling/narrowpeak/AB3835-L1_IDR_AB3836-L1_IDR_AB3837-L1_IDR_AB3838-L1.narrowPeak.bdg.uniq
#
slopBed -i /data/shamsaddinisha/jfarber-20160119-P1/spsingh-20190308-E1/spsingh-20190521-D1/mm10/Ccl20+_T/peak_calling/narrowpeak/AB3835-L1_IDR_AB3836-L1_IDR_AB3837-L1_IDR_AB3838-L1.narrowPeak.bdg.uniq -g /fdb/atac_dnase_pipelines/mm10/mm10.chrom.sizes -b 0 | bedClip stdin /fdb/atac_dnase_pipelines/mm10/mm10.chrom.sizes /data/shamsaddinisha/jfarber-20160119-P1/spsingh-20190308-E1/spsingh-20190521-D1/mm10/Ccl20+_T/peak_calling/narrowpeak/AB3835-L1_IDR_AB3836-L1_IDR_AB3837-L1_IDR_AB3838-L1.narrowPeak.bdg.edited
#
LC_COLLATE=C sort -k1,1 -k2,2n /data/shamsaddinisha/jfarber-20160119-P1/spsingh-20190308-E1/spsingh-20190521-D1/mm10/Ccl20+_T/peak_calling/narrowpeak/AB3835-L1_IDR_AB3836-L1_IDR_AB3837-L1_IDR_AB3838-L1.narrowPeak.bdg.edited > /data/shamsaddinisha/jfarber-20160119-P1/spsingh-20190308-E1/spsingh-20190521-D1/mm10/Ccl20+_T/peak_calling/narrowpeak/AB3835-L1_IDR_AB3836-L1_IDR_AB3837-L1_IDR_AB3838-L1.narrowPeak.bdg
#
bedGraphToBigWig /data/shamsaddinisha/jfarber-20160119-P1/spsingh-20190308-E1/spsingh-20190521-D1/mm10/Ccl20+_T/peak_calling/narrowpeak/AB3835-L1_IDR_AB3836-L1_IDR_AB3837-L1_IDR_AB3838-L1.narrowPeak.bdg /fdb/atac_dnase_pipelines/mm10/mm10.chrom.sizes /data/shamsaddinisha/jfarber-20160119-P1/spsingh-20190308-E1/spsingh-20190521-D1/mm10/Ccl20+_T/peak_calling/narrowpeak/AB3835-L1_IDR_AB3836-L1_IDR_AB3837-L1_IDR_AB3838-L1.narrowPeak.bigwig
if [ -f /data/shamsaddinisha/jfarber-20160119-P1/spsingh-20190308-E1/spsingh-20190521-D1/mm10/Ccl20+_T/peak_calling/narrowpeak/AB3835-L1_IDR_AB3836-L1_IDR_AB3837-L1_IDR_AB3838-L1.narrowPeak.bigwig ]; then
	rm -rf /data/shamsaddinisha/jfarber-20160119-P1/spsingh-20190308-E1/spsingh-20190521-D1/mm10/Ccl20+_T/peak_calling/narrowpeak/AB3835-L1_IDR_AB3836-L1_IDR_AB3837-L1_IDR_AB3838-L1.narrowPeak.gz.tmp
	rm -rf /data/shamsaddinisha/jfarber-20160119-P1/spsingh-20190308-E1/spsingh-20190521-D1/mm10/Ccl20+_T/peak_calling/narrowpeak/AB3835-L1_IDR_AB3836-L1_IDR_AB3837-L1_IDR_AB3838-L1.narrowPeak.gz.edited
	rm -rf /data/shamsaddinisha/jfarber-20160119-P1/spsingh-20190308-E1/spsingh-20190521-D1/mm10/Ccl20+_T/peak_calling/narrowpeak/AB3835-L1_IDR_AB3836-L1_IDR_AB3837-L1_IDR_AB3838-L1.narrowPeak.gz.fix
	rm -rf /data/shamsaddinisha/jfarber-20160119-P1/spsingh-20190308-E1/spsingh-20190521-D1/mm10/Ccl20+_T/peak_calling/narrowpeak/AB3835-L1_IDR_AB3836-L1_IDR_AB3837-L1_IDR_AB3838-L1.narrowPeak.bdg.tmp
	rm -rf /data/shamsaddinisha/jfarber-20160119-P1/spsingh-20190308-E1/spsingh-20190521-D1/mm10/Ccl20+_T/peak_calling/narrowpeak/AB3835-L1_IDR_AB3836-L1_IDR_AB3837-L1_IDR_AB3838-L1.narrowPeak.bdg.uniq
	rm -rf /data/shamsaddinisha/jfarber-20160119-P1/spsingh-20190308-E1/spsingh-20190521-D1/mm10/Ccl20+_T/peak_calling/narrowpeak/AB3835-L1_IDR_AB3836-L1_IDR_AB3837-L1_IDR_AB3838-L1.narrowPeak.bdg.edited
fi
#
EXECUTING....
#
Loading the peak files
Merging peaks
Ranking peaks
Initial parameter values: [0.10 1.00 0.20 0.50]
Fitting the model parameters
Iter 0       1.09e+00 1.02e-01 [0.12428518 0.98413263 0.9338466  0.81178387]
Iter 1       8.07e-02 9.47e-02 [0.18361154 0.96844261 0.93507077 0.80728376]
Iter 2       7.44e-02 8.75e-02 [0.23896915 0.9542924  0.93600623 0.80328902]
Iter 3       6.82e-02 8.04e-02 [0.29032922 0.94176504 0.93670773 0.79971729]
Iter 4       6.22e-02 7.38e-02 [0.33781404 0.93086122 0.93722899 0.79647179]
Iter 5       5.65e-02 6.75e-02 [0.3816326  0.92152376 0.93761484 0.79347474]
Iter 6       5.14e-02 6.17e-02 [0.42203374 0.9136594  0.93790065 0.79066979]
Iter 7       4.66e-02 5.65e-02 [0.45927736 0.90715399 0.93811355 0.78801809]
Iter 8       4.23e-02 5.16e-02 [0.49361672 0.90188389 0.93827396 0.78549468]
Iter 9       3.84e-02 4.72e-02 [0.52528797 0.89772503 0.93839695 0.78308555]
Iter 10      3.48e-02 4.32e-02 [0.55450546 0.89455884 0.93849349 0.78078451]
Iter 11      3.15e-02 3.95e-02 [0.58146086 0.8922756  0.93857152 0.77859039]
Iter 12      2.85e-02 3.62e-02 [0.60632449 0.89077602 0.93863687 0.77650473]
Iter 13      2.58e-02 3.31e-02 [0.6292478  0.88997118 0.93869383 0.77453016]
Iter 14      2.32e-02 3.03e-02 [0.6503659  0.88978201 0.93874555 0.77266946]
Iter 15      2.16e-02 2.77e-02 [0.66980088 0.89013796 0.93879449 0.7709242 ]
Iter 16      2.04e-02 2.53e-02 [0.68766309 0.89097624 0.9388424  0.76929567]
Iter 17      1.92e-02 2.31e-02 [0.70405427 0.89224039 0.93889067 0.76778335]
Iter 18      1.81e-02 2.11e-02 [0.71906819 0.8938794  0.93894023 0.76638614]
Iter 19      1.70e-02 1.92e-02 [0.73279312 0.89584651 0.93899178 0.76510122]
Iter 20      1.60e-02 1.74e-02 [0.74531184 0.89809876 0.93904568 0.7639253 ]
Iter 21      1.50e-02 1.58e-02 [0.7567034  0.90059606 0.93910217 0.76285381]
Iter 22      1.41e-02 1.43e-02 [0.76704345 0.90330082 0.93916131 0.76188136]
Iter 23      1.32e-02 1.30e-02 [0.77640413 0.90617773 0.93922291 0.76100245]
Iter 24      1.23e-02 1.18e-02 [0.78485498 0.9091934  0.93928675 0.76021096]
Iter 25      1.15e-02 1.06e-02 [0.79246345 0.91231606 0.93935255 0.75950005]
Iter 26      1.07e-02 9.63e-03 [0.79929343 0.91551625 0.93941988 0.75886363]
Iter 27      1.00e-02 8.74e-03 [0.805407   0.91876598 0.93948836 0.75829493]
Iter 28      9.31e-03 7.95e-03 [0.81086444 0.92203898 0.93955769 0.75778653]
Iter 29      8.65e-03 7.25e-03 [0.81571955 0.92531231 0.9396271  0.75733467]
Iter 30      8.03e-03 6.63e-03 [0.82002642 0.92856391 0.93969629 0.75693278]
Iter 31      7.45e-03 6.09e-03 [0.82383526 0.93177436 0.93976485 0.75657556]
Iter 32      6.90e-03 5.60e-03 [0.8271933  0.93492631 0.93983241 0.75625805]
Iter 33      6.38e-03 5.17e-03 [0.83014482 0.93800462 0.93989866 0.75597563]
Iter 34      5.89e-03 4.79e-03 [0.83273054 0.94099667 0.93996326 0.75572447]
Iter 35      5.44e-03 4.44e-03 [0.83498828 0.94389178 0.94002598 0.75550099]
Iter 36      5.01e-03 4.13e-03 [0.83695291 0.94668132 0.94008658 0.755302  ]
Iter 37      4.62e-03 3.84e-03 [0.83865633 0.94935859 0.9401449  0.75512468]
Iter 38      4.25e-03 3.57e-03 [0.84012764 0.95191873 0.94020081 0.75496658]
Iter 39      3.90e-03 3.33e-03 [0.84139334 0.95435841 0.94025421 0.75482546]
Iter 40      3.58e-03 3.10e-03 [0.84247741 0.95667579 0.94030505 0.75469944]
Iter 41      3.28e-03 2.89e-03 [0.84340145 0.95887042 0.9403533  0.75458684]
Iter 42      3.00e-03 2.69e-03 [0.84418491 0.96094289 0.94039897 0.75448616]
Iter 43      2.75e-03 2.50e-03 [0.84484524 0.96289478 0.94044206 0.75439611]
Iter 44      2.51e-03 2.33e-03 [0.84539802 0.9647285  0.94048262 0.75431556]
Iter 45      2.29e-03 2.16e-03 [0.84585711 0.96644719 0.9405207  0.75424352]
Iter 46      2.09e-03 2.01e-03 [0.84623511 0.96805436 0.94055641 0.75417888]
Iter 47      1.90e-03 1.86e-03 [0.84654258 0.96955419 0.94058977 0.75412121]
Iter 48      1.73e-03 1.73e-03 [0.84678932 0.97095107 0.94062091 0.75406968]
Iter 49      1.57e-03 1.60e-03 [0.8469839  0.97224958 0.9406499  0.75402365]
Iter 50      1.42e-03 1.48e-03 [0.847134   0.97345453 0.94067689 0.75398238]
Iter 51      1.29e-03 1.37e-03 [0.84724591 0.97457079 0.94070191 0.75394571]
Iter 52      1.17e-03 1.26e-03 [0.84732551 0.97560323 0.94072511 0.75391306]
Iter 53      1.06e-03 1.16e-03 [0.84737789 0.97655665 0.94074657 0.75388399]
Iter 54      9.54e-04 1.07e-03 [0.84740745 0.97743581 0.94076641 0.75385814]
Iter 55      8.62e-04 9.87e-04 [0.8474182  0.9782453  0.94078474 0.75383504]
Iter 56      7.87e-04 9.08e-04 [0.84741311 0.97898975 0.94080161 0.7538147 ]
Iter 57      7.35e-04 8.34e-04 [0.84739518 0.97967344 0.94081714 0.75379672]
Iter 58      6.85e-04 7.65e-04 [0.84736713 0.98030053 0.94083145 0.75378066]
Iter 59      6.38e-04 7.02e-04 [0.84733067 0.98087511 0.94084456 0.75376667]
Iter 60      5.93e-04 6.43e-04 [0.84728784 0.98140086 0.94085659 0.75375436]
Iter 61      5.50e-04 5.88e-04 [0.84724015 0.98188142 0.9408676  0.75374357]
Iter 62      5.09e-04 5.38e-04 [0.84718914 0.98232015 0.94087772 0.75373396]
Iter 63      4.71e-04 4.92e-04 [0.84713554 0.98272037 0.94088695 0.75372571]
Iter 64      4.35e-04 4.49e-04 [0.84708044 0.98308502 0.94089538 0.75371856]
Iter 65      4.02e-04 4.10e-04 [0.84702469 0.98341688 0.94090307 0.75371234]
Iter 66      3.70e-04 3.73e-04 [0.84696908 0.98371854 0.94091011 0.75370681]
Iter 67      3.40e-04 3.40e-04 [0.84691375 0.98399267 0.9409165  0.75370221]
Iter 68      3.13e-04 3.10e-04 [0.84685935 0.98424139 0.94092231 0.75369827]
Iter 69      2.87e-04 2.81e-04 [0.84680642 0.98446681 0.94092763 0.75369474]
Iter 70      2.63e-04 2.56e-04 [0.84675482 0.98467102 0.94093243 0.75369191]
Iter 71      2.41e-04 2.32e-04 [0.84670497 0.9848558  0.94093679 0.75368953]
Iter 72      2.21e-04 2.11e-04 [0.84665723 0.98502273 0.94094076 0.75368737]
Iter 73      2.02e-04 1.91e-04 [0.8466113  0.98517355 0.94094434 0.75368575]
Iter 74      1.84e-04 1.73e-04 [0.84656745 0.98530959 0.94094758 0.75368442]
Iter 75      1.68e-04 1.57e-04 [0.8465259  0.98543214 0.94095054 0.7536832 ]
Iter 76      1.53e-04 1.42e-04 [0.8464863  0.98554253 0.94095318 0.75368237]
Iter 77      1.40e-04 1.28e-04 [0.84644878 0.98564183 0.94095557 0.75368176]
Iter 78      1.27e-04 1.16e-04 [0.8464136  0.98573097 0.94095775 0.75368112]
Iter 79      1.16e-04 1.05e-04 [0.84638025 0.98581104 0.94095969 0.75368082]
Iter 80      1.05e-04 9.46e-05 [0.84634891 0.98588278 0.94096143 0.75368063]
Iter 81      9.53e-05 8.54e-05 [0.84631968 0.98594701 0.94096302 0.75368038]
Iter 82      8.64e-05 7.69e-05 [0.84629216 0.98600449 0.94096443 0.75368038]
Iter 83      7.85e-05 6.93e-05 [0.84626637 0.98605588 0.94096569 0.75368048]
Iter 84      7.08e-05 6.24e-05 [0.84624251 0.98610169 0.94096685 0.75368046]
Iter 85      6.45e-05 5.62e-05 [0.84622009 0.98614257 0.94096786 0.75368065]
Iter 86      5.84e-05 5.05e-05 [0.84619921 0.98617897 0.94096877 0.75368089]
Iter 87      5.25e-05 4.54e-05 [0.84617998 0.98621127 0.9409696  0.753681  ]
Iter 88      4.78e-05 4.08e-05 [0.84616196 0.98624    0.94097032 0.75368129]
Iter 89      4.32e-05 3.66e-05 [0.84614524 0.98626546 0.94097096 0.75368161]
Iter 90      3.85e-05 3.29e-05 [0.84612995 0.98628795 0.94097155 0.75368176]
Iter 91      3.50e-05 2.95e-05 [0.84611565 0.98630784 0.94097206 0.75368208]
Iter 92      3.16e-05 2.64e-05 [0.84610241 0.98632541 0.94097251 0.75368243]
Iter 93      2.80e-05 2.37e-05 [0.84609037 0.9863408  0.94097293 0.7536826 ]
Iter 94      2.55e-05 2.12e-05 [0.84607913 0.98635438 0.94097328 0.75368292]
Iter 95      2.30e-05 1.90e-05 [0.84606874 0.9863663  0.94097358 0.75368326]
Iter 96      2.02e-05 1.70e-05 [0.84605936 0.98637666 0.94097388 0.75368343]
Iter 97      1.84e-05 1.52e-05 [0.84605061 0.98638575 0.94097412 0.75368373]
Iter 98      1.66e-05 1.37e-05 [0.84604252 0.98639368 0.94097433 0.75368405]
Iter 99      1.44e-05 1.22e-05 [0.84603528 0.98640048 0.94097453 0.75368419]
Iter 100     1.31e-05 1.10e-05 [0.84602852 0.98640643 0.94097469 0.75368446]
Iter 101     1.18e-05 9.82e-06 [0.84602227 0.98641156 0.94097483 0.75368475]
Iter 102     1.01e-05 8.80e-06 [0.84601674 0.98641592 0.94097497 0.75368487]
Iter 103     9.27e-06 7.90e-06 [0.84601156 0.98641968 0.94097507 0.7536851 ]
Iter 104     8.33e-06 7.11e-06 [0.84600678 0.98642289 0.94097516 0.75368535]
Iter 105     6.98e-06 6.37e-06 [0.84600261 0.98642553 0.94097526 0.75368543]
Iter 106     6.43e-06 5.73e-06 [0.8459987  0.98642779 0.94097533 0.75368561]
Iter 107     5.78e-06 5.18e-06 [0.84599508 0.98642969 0.94097538 0.75368583]
Iter 108     5.19e-06 4.70e-06 [0.84599175 0.98643129 0.94097542 0.75368605]
Iter 109     4.11e-06 4.19e-06 [0.84598894 0.98643248 0.94097547 0.7536861 ]
Iter 110     3.81e-06 3.80e-06 [0.84598629 0.98643347 0.9409755  0.75368624]
Iter 111     3.43e-06 3.46e-06 [0.84598384 0.98643426 0.94097553 0.7536864 ]
Iter 112     3.09e-06 3.14e-06 [0.84598158 0.9864349  0.94097555 0.75368657]
Iter 113     2.74e-06 2.86e-06 [0.8459795  0.98643539 0.94097556 0.75368674]
Iter 114     2.43e-06 2.60e-06 [0.8459776  0.98643574 0.94097557 0.75368691]
Iter 115     2.13e-06 2.36e-06 [0.84597588 0.98643597 0.94097557 0.75368707]
Iter 116     1.85e-06 2.15e-06 [0.8459743  0.9864361  0.94097557 0.75368722]
Iter 117     1.61e-06 1.95e-06 [0.84597287 0.98643615 0.94097557 0.75368735]
Iter 118     1.46e-06 1.78e-06 [0.84597157 0.98643611 0.94097557 0.75368748]
Iter 119     1.22e-06 1.53e-06 [0.84597053 0.98643597 0.94097557 0.75368751]
Iter 120     1.21e-06 1.40e-06 [0.84596955 0.9864358  0.94097557 0.75368758]
Iter 121     1.16e-06 1.27e-06 [0.84596865 0.98643562 0.94097557 0.75368765]
Iter 122     1.11e-06 1.17e-06 [0.84596782 0.98643543 0.94097556 0.75368773]
Iter 123     1.05e-06 1.06e-06 [0.84596705 0.98643522 0.94097556 0.75368781]
Iter 124     1.00e-06 9.72e-07 [0.84596635 0.986435   0.94097555 0.75368789]
Iter 125     9.48e-07 8.88e-07 [0.84596571 0.98643477 0.94097555 0.75368796]
Finished running IDR on the datasets
Final parameter values: [0.85 0.99 0.94 0.75]
Writing results to file
Number of reported peaks - 183600/183600 (100.0%)

Number of peaks passing IDR cutoff of 0.1 - 159658/183600 (87.0%)

pass1 - making usageList (22 chroms): 75 millis
pass2 - checking and writing primary data (183600 records, 10 fields): 996 millis
DONE!!!!
ELAPSED TIME: 186 seconds
----------------------------------------------------------------------------
[Sat May 25 14:10:03 2019]
Finished job 0.
1 of 1 steps (100%) done
