Building DAG of jobs...
Using shell: /usr/bin/bash
Provided cores: 30
Rules claiming more threads will be scaled down.
Unlimited resources: mem_mb
Job counts:
	count	jobs
	1	NarrowPeak_IDR
	1

[Sat May 25 14:06:53 2019]
Job 0: NarrowPeak_IDR: Ccl20-_T|AB3831-L1_IDR_AB3832-L1_IDR_AB3833-L1_IDR_AB3834-L1

[+] Loading macs  2.1.2 
[-] Unloading samtools 1.9  ... 
[+] Loading samtools 1.9  ... 
[+] Loading bedtools  2.27.1 
[+] Loading deeptools  3.1.3 
[+] Loading ucsc 373 on cn3563 
[-] Unloading idr, version 2.0.3... 
[+] Loading idr, version 2.0.3... 
###################################- COMMANDLINE -############################
module load macs/2.1.2 || exit 1
module load samtools/1.9 || exit 1
module load bedtools/2.27.1 || exit 1
module load deeptools/3.1.3 || exit 1
module load ucsc/373 || exit 1
module load idr/2.0.3
#
Description:
Peak IDR Narrow
#
INPUT1: /data/shamsaddinisha/jfarber-20160119-P1/spsingh-20190308-E1/spsingh-20190521-D1/mm10/Ccl20-_T/peak_calling/narrowpeak/AB3831-L1.narrowPeak.gz
INPUT2: /data/shamsaddinisha/jfarber-20160119-P1/spsingh-20190308-E1/spsingh-20190521-D1/mm10/Ccl20-_T/peak_calling/narrowpeak/AB3832-L1.narrowPeak.gz
INPUT3: /data/shamsaddinisha/jfarber-20160119-P1/spsingh-20190308-E1/spsingh-20190521-D1/mm10/Ccl20-_T/peak_calling/narrowpeak/AB3831-L1_POOLED_AB3832-L1_POOLED_AB3833-L1_POOLED_AB3834-L1.narrowPeak.gz
#
OUTPUT1: /data/shamsaddinisha/jfarber-20160119-P1/spsingh-20190308-E1/spsingh-20190521-D1/mm10/Ccl20-_T/peak_calling/narrowpeak/AB3831-L1_IDR_AB3832-L1_IDR_AB3833-L1_IDR_AB3834-L1.narrowPeak.gz
OUTPUT2: /data/shamsaddinisha/jfarber-20160119-P1/spsingh-20190308-E1/spsingh-20190521-D1/mm10/Ccl20-_T/peak_calling/narrowpeak/AB3831-L1_IDR_AB3832-L1_IDR_AB3833-L1_IDR_AB3834-L1.narrowPeak.gz.tbi
OUTPUT3: /data/shamsaddinisha/jfarber-20160119-P1/spsingh-20190308-E1/spsingh-20190521-D1/mm10/Ccl20-_T/peak_calling/narrowpeak/AB3831-L1_IDR_AB3832-L1_IDR_AB3833-L1_IDR_AB3834-L1.narrowPeak.bb
OUTPUT4: /data/shamsaddinisha/jfarber-20160119-P1/spsingh-20190308-E1/spsingh-20190521-D1/mm10/Ccl20-_T/peak_calling/narrowpeak/AB3831-L1_IDR_AB3832-L1_IDR_AB3833-L1_IDR_AB3834-L1.narrowPeak.bdg
OUTPUT4: /data/shamsaddinisha/jfarber-20160119-P1/spsingh-20190308-E1/spsingh-20190521-D1/mm10/Ccl20-_T/peak_calling/narrowpeak/AB3831-L1_IDR_AB3832-L1_IDR_AB3833-L1_IDR_AB3834-L1.narrowPeak.bigwig
++++++++++++++++++++++++++++++++++++++++++++++++++++++++++++++++++++++++++++++
idr --samples /data/shamsaddinisha/jfarber-20160119-P1/spsingh-20190308-E1/spsingh-20190521-D1/mm10/Ccl20-_T/peak_calling/narrowpeak/AB3831-L1.narrowPeak.gz /data/shamsaddinisha/jfarber-20160119-P1/spsingh-20190308-E1/spsingh-20190521-D1/mm10/Ccl20-_T/peak_calling/narrowpeak/AB3832-L1.narrowPeak.gz --peak-list /data/shamsaddinisha/jfarber-20160119-P1/spsingh-20190308-E1/spsingh-20190521-D1/mm10/Ccl20-_T/peak_calling/narrowpeak/AB3831-L1_POOLED_AB3832-L1_POOLED_AB3833-L1_POOLED_AB3834-L1.narrowPeak.gz --input-file-type narrowPeak --output-file-type narrowPeak --rank signal.value --soft-idr-threshold 0.1 --plot --use-best-multisummit-IDR --input-file-type narrowPeak --peak-merge-method sum --output-file /data/shamsaddinisha/jfarber-20160119-P1/spsingh-20190308-E1/spsingh-20190521-D1/mm10/Ccl20-_T/peak_calling/narrowpeak/AB3831-L1_IDR_AB3832-L1_IDR_AB3833-L1_IDR_AB3834-L1.narrowPeak.gz.tmp --max-iter 10000 --verbose
#
mv /data/shamsaddinisha/jfarber-20160119-P1/spsingh-20190308-E1/spsingh-20190521-D1/mm10/Ccl20-_T/peak_calling/narrowpeak/AB3831-L1_IDR_AB3832-L1_IDR_AB3833-L1_IDR_AB3834-L1.narrowPeak.gz.tmp.png /data/shamsaddinisha/jfarber-20160119-P1/spsingh-20190308-E1/spsingh-20190521-D1/mm10/Ccl20-_T/report/peak_calling/narrowpeak/AB3831-L1_IDR_AB3832-L1_IDR_AB3833-L1_IDR_AB3834-L1_IDR.png
#
awk 'BEGIN{OFS="\t"} {$4="AB3831-L1_IDR_AB3832-L1_IDR_AB3833-L1_IDR_AB3834-L1.macs2_narrowPeak_"NR} {if ($2<0) $2=0; print $1,$2,$3,$4,$5,$6,$7,$8,$9,$10}' /data/shamsaddinisha/jfarber-20160119-P1/spsingh-20190308-E1/spsingh-20190521-D1/mm10/Ccl20-_T/peak_calling/narrowpeak/AB3831-L1_IDR_AB3832-L1_IDR_AB3833-L1_IDR_AB3834-L1.narrowPeak.gz.tmp | sort | uniq | LC_COLLATE=C sort -k1,1 -k2,2n > /data/shamsaddinisha/jfarber-20160119-P1/spsingh-20190308-E1/spsingh-20190521-D1/mm10/Ccl20-_T/peak_calling/narrowpeak/AB3831-L1_IDR_AB3832-L1_IDR_AB3833-L1_IDR_AB3834-L1.narrowPeak.gz.edited
#
bgzip -c /data/shamsaddinisha/jfarber-20160119-P1/spsingh-20190308-E1/spsingh-20190521-D1/mm10/Ccl20-_T/peak_calling/narrowpeak/AB3831-L1_IDR_AB3832-L1_IDR_AB3833-L1_IDR_AB3834-L1.narrowPeak.gz.edited > /data/shamsaddinisha/jfarber-20160119-P1/spsingh-20190308-E1/spsingh-20190521-D1/mm10/Ccl20-_T/peak_calling/narrowpeak/AB3831-L1_IDR_AB3832-L1_IDR_AB3833-L1_IDR_AB3834-L1.narrowPeak.gz
#
tabix -f -p bed /data/shamsaddinisha/jfarber-20160119-P1/spsingh-20190308-E1/spsingh-20190521-D1/mm10/Ccl20-_T/peak_calling/narrowpeak/AB3831-L1_IDR_AB3832-L1_IDR_AB3833-L1_IDR_AB3834-L1.narrowPeak.gz
#
awk 'BEGIN{FS="\t";OFS="\t"} {if ($5>1000) $5=1000; print $0}' /data/shamsaddinisha/jfarber-20160119-P1/spsingh-20190308-E1/spsingh-20190521-D1/mm10/Ccl20-_T/peak_calling/narrowpeak/AB3831-L1_IDR_AB3832-L1_IDR_AB3833-L1_IDR_AB3834-L1.narrowPeak.gz.edited > /data/shamsaddinisha/jfarber-20160119-P1/spsingh-20190308-E1/spsingh-20190521-D1/mm10/Ccl20-_T/peak_calling/narrowpeak/AB3831-L1_IDR_AB3832-L1_IDR_AB3833-L1_IDR_AB3834-L1.narrowPeak.gz.fix
#
bedToBigBed -as=./Script/bigNarrowPeak.as -type=bed6+4 /data/shamsaddinisha/jfarber-20160119-P1/spsingh-20190308-E1/spsingh-20190521-D1/mm10/Ccl20-_T/peak_calling/narrowpeak/AB3831-L1_IDR_AB3832-L1_IDR_AB3833-L1_IDR_AB3834-L1.narrowPeak.gz.fix /fdb/atac_dnase_pipelines/mm10/mm10.chrom.sizes /data/shamsaddinisha/jfarber-20160119-P1/spsingh-20190308-E1/spsingh-20190521-D1/mm10/Ccl20-_T/peak_calling/narrowpeak/AB3831-L1_IDR_AB3832-L1_IDR_AB3833-L1_IDR_AB3834-L1.narrowPeak.bb
#
awk 'BEGIN{OFS="\t"} {printf "%s\t%d\t%d\t%2.3f\n", $1,$2,$3,$5}' /data/shamsaddinisha/jfarber-20160119-P1/spsingh-20190308-E1/spsingh-20190521-D1/mm10/Ccl20-_T/peak_calling/narrowpeak/AB3831-L1_IDR_AB3832-L1_IDR_AB3833-L1_IDR_AB3834-L1.narrowPeak.gz.edited > /data/shamsaddinisha/jfarber-20160119-P1/spsingh-20190308-E1/spsingh-20190521-D1/mm10/Ccl20-_T/peak_calling/narrowpeak/AB3831-L1_IDR_AB3832-L1_IDR_AB3833-L1_IDR_AB3834-L1.narrowPeak.bdg.tmp
#
cat /data/shamsaddinisha/jfarber-20160119-P1/spsingh-20190308-E1/spsingh-20190521-D1/mm10/Ccl20-_T/peak_calling/narrowpeak/AB3831-L1_IDR_AB3832-L1_IDR_AB3833-L1_IDR_AB3834-L1.narrowPeak.bdg.tmp | sort -u -k1,1 -k2,2 -k3,3 -s > /data/shamsaddinisha/jfarber-20160119-P1/spsingh-20190308-E1/spsingh-20190521-D1/mm10/Ccl20-_T/peak_calling/narrowpeak/AB3831-L1_IDR_AB3832-L1_IDR_AB3833-L1_IDR_AB3834-L1.narrowPeak.bdg.uniq
#
slopBed -i /data/shamsaddinisha/jfarber-20160119-P1/spsingh-20190308-E1/spsingh-20190521-D1/mm10/Ccl20-_T/peak_calling/narrowpeak/AB3831-L1_IDR_AB3832-L1_IDR_AB3833-L1_IDR_AB3834-L1.narrowPeak.bdg.uniq -g /fdb/atac_dnase_pipelines/mm10/mm10.chrom.sizes -b 0 | bedClip stdin /fdb/atac_dnase_pipelines/mm10/mm10.chrom.sizes /data/shamsaddinisha/jfarber-20160119-P1/spsingh-20190308-E1/spsingh-20190521-D1/mm10/Ccl20-_T/peak_calling/narrowpeak/AB3831-L1_IDR_AB3832-L1_IDR_AB3833-L1_IDR_AB3834-L1.narrowPeak.bdg.edited
#
LC_COLLATE=C sort -k1,1 -k2,2n /data/shamsaddinisha/jfarber-20160119-P1/spsingh-20190308-E1/spsingh-20190521-D1/mm10/Ccl20-_T/peak_calling/narrowpeak/AB3831-L1_IDR_AB3832-L1_IDR_AB3833-L1_IDR_AB3834-L1.narrowPeak.bdg.edited > /data/shamsaddinisha/jfarber-20160119-P1/spsingh-20190308-E1/spsingh-20190521-D1/mm10/Ccl20-_T/peak_calling/narrowpeak/AB3831-L1_IDR_AB3832-L1_IDR_AB3833-L1_IDR_AB3834-L1.narrowPeak.bdg
#
bedGraphToBigWig /data/shamsaddinisha/jfarber-20160119-P1/spsingh-20190308-E1/spsingh-20190521-D1/mm10/Ccl20-_T/peak_calling/narrowpeak/AB3831-L1_IDR_AB3832-L1_IDR_AB3833-L1_IDR_AB3834-L1.narrowPeak.bdg /fdb/atac_dnase_pipelines/mm10/mm10.chrom.sizes /data/shamsaddinisha/jfarber-20160119-P1/spsingh-20190308-E1/spsingh-20190521-D1/mm10/Ccl20-_T/peak_calling/narrowpeak/AB3831-L1_IDR_AB3832-L1_IDR_AB3833-L1_IDR_AB3834-L1.narrowPeak.bigwig
if [ -f /data/shamsaddinisha/jfarber-20160119-P1/spsingh-20190308-E1/spsingh-20190521-D1/mm10/Ccl20-_T/peak_calling/narrowpeak/AB3831-L1_IDR_AB3832-L1_IDR_AB3833-L1_IDR_AB3834-L1.narrowPeak.bigwig ]; then
	rm -rf /data/shamsaddinisha/jfarber-20160119-P1/spsingh-20190308-E1/spsingh-20190521-D1/mm10/Ccl20-_T/peak_calling/narrowpeak/AB3831-L1_IDR_AB3832-L1_IDR_AB3833-L1_IDR_AB3834-L1.narrowPeak.gz.tmp
	rm -rf /data/shamsaddinisha/jfarber-20160119-P1/spsingh-20190308-E1/spsingh-20190521-D1/mm10/Ccl20-_T/peak_calling/narrowpeak/AB3831-L1_IDR_AB3832-L1_IDR_AB3833-L1_IDR_AB3834-L1.narrowPeak.gz.edited
	rm -rf /data/shamsaddinisha/jfarber-20160119-P1/spsingh-20190308-E1/spsingh-20190521-D1/mm10/Ccl20-_T/peak_calling/narrowpeak/AB3831-L1_IDR_AB3832-L1_IDR_AB3833-L1_IDR_AB3834-L1.narrowPeak.gz.fix
	rm -rf /data/shamsaddinisha/jfarber-20160119-P1/spsingh-20190308-E1/spsingh-20190521-D1/mm10/Ccl20-_T/peak_calling/narrowpeak/AB3831-L1_IDR_AB3832-L1_IDR_AB3833-L1_IDR_AB3834-L1.narrowPeak.bdg.tmp
	rm -rf /data/shamsaddinisha/jfarber-20160119-P1/spsingh-20190308-E1/spsingh-20190521-D1/mm10/Ccl20-_T/peak_calling/narrowpeak/AB3831-L1_IDR_AB3832-L1_IDR_AB3833-L1_IDR_AB3834-L1.narrowPeak.bdg.uniq
	rm -rf /data/shamsaddinisha/jfarber-20160119-P1/spsingh-20190308-E1/spsingh-20190521-D1/mm10/Ccl20-_T/peak_calling/narrowpeak/AB3831-L1_IDR_AB3832-L1_IDR_AB3833-L1_IDR_AB3834-L1.narrowPeak.bdg.edited
fi
#
EXECUTING....
#
Loading the peak files
Merging peaks
Ranking peaks
Initial parameter values: [0.10 1.00 0.20 0.50]
Fitting the model parameters
Iter 0       1.06e+00 1.26e-01 [0.14475053 0.98319817 0.91816551 0.77994742]
Iter 1       1.10e-01 1.19e-01 [0.22406628 0.96601602 0.92142018 0.76924854]
Iter 2       1.03e-01 1.10e-01 [0.29950907 0.95013971 0.92385008 0.75986289]
Iter 3       9.45e-02 1.01e-01 [0.37002874 0.93595729 0.92556752 0.75176449]
Iter 4       8.58e-02 9.19e-02 [0.43522754 0.92364965 0.92674043 0.74468609]
Iter 5       7.74e-02 8.30e-02 [0.49514944 0.91321473 0.92751613 0.73836872]
Iter 6       6.99e-02 7.48e-02 [0.55008297 0.90452485 0.9280076  0.73261331]
Iter 7       6.31e-02 6.74e-02 [0.60042068 0.89738429 0.92829577 0.7272848 ]
Iter 8       5.71e-02 6.07e-02 [0.64657804 0.89157234 0.92843691 0.72229809]
Iter 9       5.18e-02 5.48e-02 [0.68895372 0.88687046 0.92847009 0.71760134]
Iter 10      4.72e-02 4.95e-02 [0.72791343 0.88307711 0.92842286 0.7131628 ]
Iter 11      4.32e-02 4.48e-02 [0.76378574 0.88001471 0.92831515 0.70896204]
Iter 12      3.97e-02 4.06e-02 [0.79686359 0.87753118 0.92816175 0.70498437]
Iter 13      3.65e-02 3.69e-02 [0.82740772 0.87549892 0.92797393 0.7012178 ]
Iter 14      3.37e-02 3.36e-02 [0.85565077 0.8738122  0.92776034 0.69765134]
Iter 15      3.12e-02 3.06e-02 [0.88180109 0.87238399 0.92752773 0.6942743 ]
Iter 16      2.89e-02 2.80e-02 [0.90604611 0.87114307 0.92728135 0.69107588]
Iter 17      2.69e-02 2.56e-02 [0.92855559 0.87003079 0.92702521 0.68804498]
Iter 18      2.51e-02 2.35e-02 [0.94948427 0.86899842 0.92676236 0.68517014]
Iter 19      2.35e-02 2.16e-02 [0.96897416 0.86800484 0.92649496 0.68243957]
Iter 20      2.20e-02 1.99e-02 [0.98715648 0.86701459 0.92622452 0.67984113]
Iter 21      2.08e-02 1.84e-02 [1.00415383 0.86599577 0.92595185 0.67736212]
Iter 22      1.97e-02 1.70e-02 [1.02008142 0.86491886 0.92567719 0.67498941]
Iter 23      1.87e-02 1.58e-02 [1.03504878 0.86375522 0.92540028 0.67270924]
Iter 24      1.79e-02 1.47e-02 [1.04916116 0.86247591 0.9251203  0.67050705]
Iter 25      1.72e-02 1.37e-02 [1.06252056 0.86105091 0.92483596 0.66836749]
Iter 26      1.67e-02 1.28e-02 [1.07522697 0.85944813 0.92454548 0.66627418]
Iter 27      1.63e-02 1.20e-02 [1.08737939 0.85763278 0.92424656 0.6642096 ]
Iter 28      1.61e-02 1.14e-02 [1.09907621 0.85556727 0.92393645 0.66215514]
Iter 29      1.61e-02 1.08e-02 [1.11041599 0.8532108  0.92361189 0.66009096]
Iter 30      1.62e-02 1.03e-02 [1.12149706 0.85052011 0.92326922 0.65799625]
Iter 31      1.65e-02 9.93e-03 [1.13241676 0.84745064 0.92290444 0.65584964]
Iter 32      1.70e-02 9.63e-03 [1.14326999 0.84395825 0.92251336 0.65362967]
Iter 33      1.76e-02 9.41e-03 [1.15414667 0.84000205 0.92209176 0.65131575]
Iter 34      1.83e-02 9.28e-03 [1.16512855 0.83554775 0.92163569 0.64888919]
Iter 35      1.92e-02 9.23e-03 [1.17628544 0.83057158 0.92114176 0.64633444]
Iter 36      2.01e-02 9.25e-03 [1.18767122 0.82506415 0.92060746 0.64364029]
Iter 37      2.11e-02 9.32e-03 [1.19932025 0.81903398 0.9200315  0.64080101]
Iter 38      2.21e-02 9.43e-03 [1.21124524 0.81250928 0.91941396 0.63781683]
Iter 39      2.29e-02 9.54e-03 [1.22343632 0.80553847 0.91875655 0.63469416]
Iter 40      2.37e-02 9.64e-03 [1.2358621  0.79818871 0.91806253 0.63144521]
Iter 41      2.43e-02 9.71e-03 [1.24847256 0.79054249 0.91733664 0.6280871 ]
Iter 42      2.48e-02 9.73e-03 [1.26120301 0.78269317 0.91658483 0.62464071]
Iter 43      2.50e-02 9.69e-03 [1.27397897 0.77473957 0.91581395 0.62112943]
Iter 44      2.50e-02 9.59e-03 [1.28672082 0.76678094 0.91503139 0.61757804]
Iter 45      2.48e-02 9.44e-03 [1.29934826 0.75891216 0.91424477 0.61401158]
Iter 46      2.45e-02 9.23e-03 [1.31178359 0.75122045 0.91346159 0.61045479]
Iter 47      2.39e-02 8.98e-03 [1.32395437 0.74378269 0.91268902 0.60693141]
Iter 48      2.32e-02 8.69e-03 [1.33579506 0.73666415 0.91193367 0.60346392]
Iter 49      2.23e-02 8.36e-03 [1.34724803 0.72991782 0.91120151 0.60007322]
Iter 50      2.13e-02 8.02e-03 [1.35826361 0.72358502 0.91049774 0.59677867]
Iter 51      2.03e-02 7.65e-03 [1.3688008  0.71769541 0.90982677 0.59359759]
Iter 52      1.91e-02 7.27e-03 [1.37882683 0.71226824 0.90919225 0.5905452 ]
Iter 53      1.79e-02 6.88e-03 [1.38831598 0.7073139  0.90859698 0.58763511]
Iter 54      1.67e-02 6.49e-03 [1.39725035 0.70283425 0.90804306 0.58487839]
Iter 55      1.55e-02 6.11e-03 [1.40561808 0.69882464 0.90753182 0.58228439]
Iter 56      1.42e-02 5.72e-03 [1.41341416 0.6952741  0.90706395 0.57985988]
Iter 57      1.30e-02 5.34e-03 [1.42063857 0.69216724 0.90663952 0.57760982]
Iter 58      1.18e-02 4.97e-03 [1.42729707 0.68948428 0.90625803 0.57553669]
Iter 59      1.06e-02 4.61e-03 [1.43339968 0.68720266 0.90591851 0.57364114]
Iter 60      9.48e-03 4.26e-03 [1.43896028 0.68529757 0.90561954 0.57192199]
Iter 61      8.40e-03 3.93e-03 [1.4439969  0.68374218 0.90535935 0.57037596]
Iter 62      7.37e-03 3.60e-03 [1.44853004 0.68250906 0.9051359  0.56899848]
Iter 63      6.40e-03 3.28e-03 [1.45258332 0.68156983 0.9049469  0.56778323]
Iter 64      5.49e-03 2.98e-03 [1.45618181 0.68089652 0.90478989 0.56672296]
Iter 65      4.65e-03 2.69e-03 [1.4593524  0.68046133 0.90466233 0.5658093 ]
Iter 66      3.87e-03 2.42e-03 [1.46212334 0.68023698 0.90456161 0.56503291]
Iter 67      3.16e-03 2.16e-03 [1.46452291 0.68019765 0.90448512 0.56438421]
Iter 68      2.76e-03 1.91e-03 [1.46657989 0.68031854 0.90443031 0.56385312]
Iter 69      2.46e-03 1.69e-03 [1.46832291 0.68057629 0.90439469 0.56342933]
Iter 70      2.18e-03 1.48e-03 [1.46978016 0.68094907 0.90437585 0.56310257]
Iter 71      1.91e-03 1.29e-03 [1.47097883 0.68141689 0.90437157 0.56286279]
Iter 72      1.68e-03 1.12e-03 [1.47194611 0.68196074 0.90437975 0.56269967]
Iter 73      1.48e-03 9.65e-04 [1.47270619 0.68256452 0.90439826 0.56260441]
Iter 74      1.29e-03 8.27e-04 [1.47328255 0.68321344 0.90442553 0.56256815]
Iter 75      1.14e-03 7.11e-04 [1.47369715 0.68389437 0.9044599  0.56258269]
Iter 76      1.07e-03 6.43e-04 [1.47397056 0.68459566 0.9044999  0.56264034]
Iter 77      1.00e-03 5.98e-04 [1.47412204 0.685307   0.90454425 0.56273385]
Iter 78      9.30e-04 5.66e-04 [1.47416906 0.68601957 0.90459177 0.56285679]
Iter 79      9.45e-04 5.39e-04 [1.4741272  0.68672616 0.90464148 0.56300349]
Iter 80      1.03e-03 5.16e-04 [1.47401112 0.68742035 0.90469251 0.5631686 ]
Iter 81      1.08e-03 4.95e-04 [1.47383376 0.68809696 0.90474412 0.5633475 ]
Iter 82      1.12e-03 4.76e-04 [1.47360664 0.68875188 0.90479567 0.56353617]
Iter 83      1.14e-03 4.56e-04 [1.47334001 0.6893818  0.90484662 0.56373107]
Iter 84      1.15e-03 4.37e-04 [1.4730429  0.68998421 0.90489655 0.56392917]
Iter 85      1.14e-03 4.18e-04 [1.47272324 0.69055731 0.9049451  0.5641279 ]
Iter 86      1.12e-03 3.99e-04 [1.47238788 0.69109993 0.90499199 0.5643251 ]
Iter 87      1.10e-03 3.79e-04 [1.47204279 0.69161131 0.905037   0.56451893]
Iter 88      1.06e-03 3.60e-04 [1.47169305 0.69209121 0.90507997 0.56470793]
Iter 89      1.02e-03 3.41e-04 [1.47134326 0.69253954 0.90512078 0.56489076]
Iter 90      9.78e-04 3.22e-04 [1.47099669 0.69295698 0.90515935 0.56506668]
Iter 91      9.32e-04 3.04e-04 [1.47065639 0.69334415 0.90519566 0.56523497]
Iter 92      8.83e-04 2.86e-04 [1.47032484 0.6937019  0.9052297  0.56539512]
Iter 93      8.34e-04 2.68e-04 [1.470004   0.69403127 0.90526148 0.56554677]
Iter 94      7.83e-04 2.51e-04 [1.46969543 0.69433343 0.90529104 0.56568974]
Iter 95      7.32e-04 2.34e-04 [1.46940059 0.69460945 0.90531842 0.5658238 ]
Iter 96      6.83e-04 2.18e-04 [1.46911999 0.69486087 0.9053437  0.56594915]
Iter 97      6.34e-04 2.02e-04 [1.46885422 0.69508903 0.90536696 0.56606592]
Iter 98      5.87e-04 1.88e-04 [1.46860361 0.6952953  0.90538829 0.56617427]
Iter 99      5.40e-04 1.73e-04 [1.4683686  0.69548086 0.90540777 0.56627429]
Iter 100     4.96e-04 1.60e-04 [1.46814879 0.69564729 0.90542549 0.56636644]
Iter 101     4.54e-04 1.48e-04 [1.46794399 0.69579597 0.90544157 0.56645105]
Iter 102     4.14e-04 1.36e-04 [1.46775393 0.69592811 0.90545609 0.56652844]
Iter 103     3.76e-04 1.24e-04 [1.46757845 0.69604487 0.90546916 0.56659883]
Iter 104     3.40e-04 1.14e-04 [1.46741675 0.69614766 0.90548086 0.56666276]
Iter 105     3.07e-04 1.04e-04 [1.46726828 0.69623765 0.90549131 0.56672062]
Iter 106     2.75e-04 9.52e-05 [1.46713275 0.69631574 0.90550059 0.56677263]
Iter 107     2.46e-04 8.69e-05 [1.4670092  0.69638318 0.90550878 0.56681933]
Iter 108     2.19e-04 7.92e-05 [1.46689699 0.69644101 0.90551599 0.5668611 ]
Iter 109     1.93e-04 7.19e-05 [1.46679577 0.6964899  0.90552228 0.56689812]
Iter 110     1.71e-04 6.54e-05 [1.46670453 0.69653102 0.90552775 0.56693095]
Iter 111     1.49e-04 5.92e-05 [1.46662292 0.6965649  0.90553245 0.56695973]
Iter 112     1.30e-04 5.37e-05 [1.46654996 0.69659259 0.90553647 0.56698499]
Iter 113     1.13e-04 4.87e-05 [1.46648504 0.69661476 0.90553988 0.56700702]
Iter 114     9.62e-05 4.39e-05 [1.46642779 0.69663189 0.90554274 0.56702597]
Iter 115     8.19e-05 3.96e-05 [1.46637735 0.69664473 0.90554509 0.56704225]
Iter 116     6.85e-05 3.55e-05 [1.46633341 0.69665367 0.905547   0.567056  ]
Iter 117     5.66e-05 3.16e-05 [1.46629538 0.69665926 0.90554851 0.56706748]
Iter 118     4.66e-05 2.82e-05 [1.46626242 0.69666217 0.90554968 0.5670771 ]
Iter 119     3.71e-05 2.50e-05 [1.46623435 0.69666254 0.90555053 0.56708488]
Iter 120     3.22e-05 2.20e-05 [1.46621064 0.69666086 0.90555113 0.56709108]
Iter 121     2.84e-05 1.93e-05 [1.46619081 0.69665745 0.90555148 0.5670959 ]
Iter 122     2.50e-05 1.69e-05 [1.46617438 0.69665269 0.90555164 0.56709954]
Iter 123     2.19e-05 1.47e-05 [1.4661611  0.69664672 0.90555156 0.56710214]
Iter 124     1.97e-05 1.31e-05 [1.46614995 0.69664024 0.90555143 0.56710412]
Iter 125     1.77e-05 1.16e-05 [1.46614077 0.69663339 0.90555122 0.56710554]
Iter 126     1.54e-05 1.00e-05 [1.46613369 0.69662606 0.90555096 0.56710624]
Iter 127     1.32e-05 8.53e-06 [1.46612867 0.69661821 0.90555059 0.56710624]
Iter 128     1.24e-05 7.62e-06 [1.46612523 0.69661015 0.90555014 0.56710576]
Iter 129     1.17e-05 7.04e-06 [1.46612349 0.69660178 0.90554964 0.56710471]
Iter 130     1.08e-05 6.64e-06 [1.46612294 0.69659341 0.90554909 0.56710333]
Iter 131     1.11e-05 6.34e-06 [1.46612344 0.69658508 0.90554852 0.56710167]
Iter 132     1.20e-05 6.06e-06 [1.4661248  0.69657689 0.90554792 0.56709979]
Iter 133     1.28e-05 5.82e-06 [1.46612691 0.69656887 0.90554732 0.56709774]
Iter 134     1.33e-05 5.60e-06 [1.46612963 0.69656109 0.90554671 0.56709556]
Iter 135     1.36e-05 5.41e-06 [1.46613285 0.69655357 0.90554611 0.56709329]
Iter 136     1.38e-05 5.23e-06 [1.46613648 0.6965463  0.90554551 0.56709094]
Iter 137     1.38e-05 5.02e-06 [1.46614041 0.69653937 0.90554493 0.56708858]
Iter 138     1.37e-05 4.81e-06 [1.46614455 0.69653279 0.90554437 0.56708621]
Iter 139     1.35e-05 4.63e-06 [1.46614886 0.69652652 0.90554382 0.56708386]
Iter 140     1.31e-05 4.41e-06 [1.46615325 0.69652065 0.9055433  0.56708155]
Iter 141     1.28e-05 4.23e-06 [1.46615769 0.69651508 0.90554279 0.56707928]
Iter 142     1.23e-05 4.03e-06 [1.46616213 0.69650988 0.90554231 0.56707708]
Iter 143     1.18e-05 3.82e-06 [1.4661665  0.69650504 0.90554186 0.56707497]
Iter 144     1.13e-05 3.63e-06 [1.46617079 0.69650054 0.90554143 0.56707293]
Iter 145     1.01e-05 3.25e-06 [1.46617471 0.69649654 0.90554104 0.56707113]
Iter 146     9.68e-06 3.10e-06 [1.46617854 0.69649281 0.90554067 0.56706939]
Iter 147     9.14e-06 2.92e-06 [1.46618226 0.69648939 0.90554034 0.56706773]
Iter 148     8.67e-06 2.77e-06 [1.46618586 0.69648622 0.90554002 0.56706614]
Iter 149     8.19e-06 2.63e-06 [1.46618933 0.6964833  0.90553972 0.56706464]
Iter 150     7.63e-06 2.46e-06 [1.46619263 0.69648065 0.90553945 0.56706322]
Iter 151     6.51e-06 2.11e-06 [1.46619549 0.69647844 0.90553921 0.56706203]
Iter 152     6.15e-06 2.00e-06 [1.46619824 0.69647639 0.90553899 0.5670609 ]
Iter 153     5.75e-06 1.89e-06 [1.46620086 0.69647453 0.90553879 0.56705983]
Iter 154     5.38e-06 1.78e-06 [1.46620335 0.69647283 0.90553861 0.56705882]
Iter 155     5.05e-06 1.69e-06 [1.46620571 0.69647127 0.90553843 0.56705787]
Iter 156     3.99e-06 1.38e-06 [1.46620765 0.69647009 0.9055383  0.56705713]
Iter 157     3.78e-06 1.32e-06 [1.4662095  0.69646901 0.90553816 0.56705642]
Iter 158     3.51e-06 1.25e-06 [1.46621124 0.69646803 0.90553805 0.56705575]
Iter 159     3.32e-06 1.18e-06 [1.4662129  0.69646711 0.90553794 0.56705511]
Iter 160     2.38e-06 9.34e-07 [1.46621416 0.69646652 0.90553786 0.56705467]
Iter 161     2.26e-06 8.94e-07 [1.46621537 0.69646596 0.90553779 0.56705424]
Iter 162     2.10e-06 8.57e-07 [1.46621651 0.69646548 0.90553773 0.56705383]
Iter 163     1.98e-06 8.13e-07 [1.46621759 0.69646503 0.90553767 0.56705344]
Iter 164     1.84e-06 7.74e-07 [1.46621861 0.69646463 0.90553761 0.56705307]
Iter 165     1.69e-06 7.38e-07 [1.46621956 0.69646428 0.90553756 0.56705273]
Iter 166     9.76e-07 5.23e-07 [1.46622018 0.69646414 0.90553754 0.56705254]
Finished running IDR on the datasets
Final parameter values: [1.47 0.70 0.91 0.57]
Writing results to file
Number of reported peaks - 172306/172306 (100.0%)

Number of peaks passing IDR cutoff of 0.1 - 140365/172306 (81.5%)

pass1 - making usageList (22 chroms): 73 millis
pass2 - checking and writing primary data (172306 records, 10 fields): 970 millis
DONE!!!!
ELAPSED TIME: 229 seconds
----------------------------------------------------------------------------
[Sat May 25 14:10:46 2019]
Finished job 0.
1 of 1 steps (100%) done
