Building DAG of jobs...
Using shell: /usr/bin/bash
Provided cores: 30
Rules claiming more threads will be scaled down.
Unlimited resources: mem_mb
Job counts:
	count	jobs
	1	Alignment_Paired
	1

[Wed May 22 13:57:16 2019]
Job 0: Alignment_Paired: Ccl20+_T|AB3837-L1

[+] Loading bowtie  2-2.3.5 
[-] Unloading samtools 1.9  ... 
[+] Loading samtools 1.9  ... 
[+] Loading gcc  7.3.0  ... 
[+] Loading GSL 2.4 for GCC 7.2.0 ... 
[-] Unloading gcc  7.3.0  ... 
[+] Loading gcc  7.3.0  ... 
[+] Loading openmpi 3.0.2  for GCC 7.3.0 
[+] Loading ImageMagick  7.0.8  on cn3493 
[+] Loading HDF5  1.10.4 
[+] Loading pandoc  2.1.1  on cn3493 
[+] Loading R 3.5.2 
[-] Unloading gcc  7.3.0  ... 
[-] Unloading GSL 2.4 for GCC 7.2.0 ... 
[-] Unloading openmpi 3.0.2  for GCC 7.3.0 
[-] Unloading ImageMagick  7.0.8  on cn3493 
[-] Unloading HDF5  1.10.4 
[-] Unloading pandoc  2.1.1  on cn3493 
[-] Unloading R 3.5.2 
[+] Loading gcc  7.3.0  ... 
[+] Loading GSL 2.4 for GCC 7.2.0 ... 
[-] Unloading gcc  7.3.0  ... 
[+] Loading gcc  7.3.0  ... 
[+] Loading openmpi 3.0.2  for GCC 7.3.0 
[+] Loading ImageMagick  7.0.8  on cn3493 
[+] Loading HDF5  1.10.4 
[+] Loading pandoc  2.1.1  on cn3493 
[+] Loading R 3.5.2 
[+] Loading picard  2.18.27 
[+] Loading fastqc  0.11.8 
[+] Loading qualimap  2.2.1  on cn3493 
[-] Unloading gcc  7.3.0  ... 
[-] Unloading GSL 2.4 for GCC 7.2.0 ... 
[-] Unloading openmpi 3.0.2  for GCC 7.3.0 
[-] Unloading ImageMagick  7.0.8  on cn3493 
[-] Unloading HDF5  1.10.4 
[-] Unloading pandoc  2.1.1  on cn3493 
[-] Unloading R 3.5.2 
[+] Loading gcc  7.3.0  ... 
[+] Loading GSL 2.4 for GCC 7.2.0 ... 
[-] Unloading gcc  7.3.0  ... 
[+] Loading gcc  7.3.0  ... 
[+] Loading openmpi 3.0.2  for GCC 7.3.0 
[+] Loading ImageMagick  7.0.8  on cn3493 
[+] Loading HDF5  1.10.4 
[+] Loading pandoc  2.1.1  on cn3493 
[+] Loading R 3.5.2 
###################################- COMMANDLINE -############################
bowtie/2-2.3.5
samtools/1.9
picard/2.18.27
fastqc/0.11.8
qualimap/2.2.1
Alignment
#
INPUT1: /data/shamsaddinisha/jfarber-20160119-P1/spsingh-20190308-E1/spsingh-20190521-D1/mm10/Ccl20+_T/pre_process/AB3837-L1.R1.processed.fastq
INPUT2: /data/shamsaddinisha/jfarber-20160119-P1/spsingh-20190308-E1/spsingh-20190521-D1/mm10/Ccl20+_T/pre_process/AB3837-L1.R2.processed.fastq
#
OUTPUT1: /data/shamsaddinisha/jfarber-20160119-P1/spsingh-20190308-E1/spsingh-20190521-D1/mm10/Ccl20+_T/alignment/AB3837-L1.bam
OUTPUT2: /data/shamsaddinisha/jfarber-20160119-P1/spsingh-20190308-E1/spsingh-20190521-D1/mm10/Ccl20+_T/alignment/AB3837-L1.bam.bai
OUTPUT3: /data/shamsaddinisha/jfarber-20160119-P1/spsingh-20190308-E1/spsingh-20190521-D1/mm10/Ccl20+_T/report/alignment/AB3837-L1.alignment.txt
OUTPUT4: /data/shamsaddinisha/jfarber-20160119-P1/spsingh-20190308-E1/spsingh-20190521-D1/mm10/Ccl20+_T/report/alignment/AB3837-L1.picard.txt
OUTPUT5: /data/shamsaddinisha/jfarber-20160119-P1/spsingh-20190308-E1/spsingh-20190521-D1/mm10/Ccl20+_T/report/alignment/AB3837-L1.samtools.txt
++++++++++++++++++++++++++++++++++++++++++++++++++++++++++++++++++++++++++++++
bowtie2 -k 10 --mm --local -X 2000 --threads 30 -x /fdb/igenomes/Mus_musculus/UCSC/mm10/Sequence/Bowtie2Index/genome -1 /data/shamsaddinisha/jfarber-20160119-P1/spsingh-20190308-E1/spsingh-20190521-D1/mm10/Ccl20+_T/pre_process/AB3837-L1.R1.processed.fastq -2 /data/shamsaddinisha/jfarber-20160119-P1/spsingh-20190308-E1/spsingh-20190521-D1/mm10/Ccl20+_T/pre_process/AB3837-L1.R2.processed.fastq 2> /data/shamsaddinisha/jfarber-20160119-P1/spsingh-20190308-E1/spsingh-20190521-D1/mm10/Ccl20+_T/report/alignment/AB3837-L1.alignment.txt | samtools sort --threads 30 -m 2G -O bam -T /data/shamsaddinisha/jfarber-20160119-P1/spsingh-20190308-E1/spsingh-20190521-D1/mm10/Ccl20+_T/alignment/AB3837-L1 -o /data/shamsaddinisha/jfarber-20160119-P1/spsingh-20190308-E1/spsingh-20190521-D1/mm10/Ccl20+_T/alignment/AB3837-L1.bam.tmp - 
#
java -Xms10000M -Xmx10000M -XX:ParallelGCThreads=30 -jar /usr/local/apps/picard/2.18.27/picard.jar MarkDuplicates INPUT=/data/shamsaddinisha/jfarber-20160119-P1/spsingh-20190308-E1/spsingh-20190521-D1/mm10/Ccl20+_T/alignment/AB3837-L1.bam.tmp OUTPUT=/data/shamsaddinisha/jfarber-20160119-P1/spsingh-20190308-E1/spsingh-20190521-D1/mm10/Ccl20+_T/alignment/AB3837-L1.bam TMP_DIR=/lscratch/27137781 METRICS_FILE=/data/shamsaddinisha/jfarber-20160119-P1/spsingh-20190308-E1/spsingh-20190521-D1/mm10/Ccl20+_T/report/alignment/AB3837-L1.picard.txt VALIDATION_STRINGENCY=LENIENT ASSUME_SORT_ORDER=coordinate REMOVE_DUPLICATES=false
#
samtools index -@ 30 -b /data/shamsaddinisha/jfarber-20160119-P1/spsingh-20190308-E1/spsingh-20190521-D1/mm10/Ccl20+_T/alignment/AB3837-L1.bam
#
samtools flagstat --threads 30 /data/shamsaddinisha/jfarber-20160119-P1/spsingh-20190308-E1/spsingh-20190521-D1/mm10/Ccl20+_T/alignment/AB3837-L1.bam > /data/shamsaddinisha/jfarber-20160119-P1/spsingh-20190308-E1/spsingh-20190521-D1/mm10/Ccl20+_T/report/alignment/AB3837-L1.samtools.txt
#
rm -rf /data/shamsaddinisha/jfarber-20160119-P1/spsingh-20190308-E1/spsingh-20190521-D1/mm10/Ccl20+_T/alignment/AB3837-L1.bam.tmp
#
fastqc -o /data/shamsaddinisha/jfarber-20160119-P1/spsingh-20190308-E1/spsingh-20190521-D1/mm10/Ccl20+_T/report/alignment -f bam --threads 30 /data/shamsaddinisha/jfarber-20160119-P1/spsingh-20190308-E1/spsingh-20190521-D1/mm10/Ccl20+_T/alignment/AB3837-L1.bam
#
qualimap bamqc -bam /data/shamsaddinisha/jfarber-20160119-P1/spsingh-20190308-E1/spsingh-20190521-D1/mm10/Ccl20+_T/alignment/AB3837-L1.bam -nt 30 --genome-gc-distr MOUSE - mm10 -hm 3 -nr 100 -nw 400 -outformat HTML --skip-dup-mode 1 --java-mem-size=10G -outdir /data/shamsaddinisha/jfarber-20160119-P1/spsingh-20190308-E1/spsingh-20190521-D1/mm10/Ccl20+_T/report/alignment/AB3837-L1_qualimap
#
python ./Python_Script/bamChipQC.py --infile /data/shamsaddinisha/jfarber-20160119-P1/spsingh-20190308-E1/spsingh-20190521-D1/mm10/Ccl20+_T/alignment/AB3837-L1.bam --outfile /data/shamsaddinisha/jfarber-20160119-P1/spsingh-20190308-E1/spsingh-20190521-D1/mm10/Ccl20+_T/report/alignment/AB3837-L1_PBC.txt --cores 30
#
EXECUTING....
#
[bam_sort_core] merging from 0 files and 30 in-memory blocks...
INFO	2019-05-22 14:58:51	MarkDuplicates	

********** NOTE: Picard's command line syntax is changing.
**********
********** For more information, please see:
********** https://github.com/broadinstitute/picard/wiki/Command-Line-Syntax-Transition-For-Users-(Pre-Transition)
**********
********** The command line looks like this in the new syntax:
**********
**********    MarkDuplicates -INPUT /data/shamsaddinisha/jfarber-20160119-P1/spsingh-20190308-E1/spsingh-20190521-D1/mm10/Ccl20+_T/alignment/AB3837-L1.bam.tmp -OUTPUT /data/shamsaddinisha/jfarber-20160119-P1/spsingh-20190308-E1/spsingh-20190521-D1/mm10/Ccl20+_T/alignment/AB3837-L1.bam -METRICS_FILE /data/shamsaddinisha/jfarber-20160119-P1/spsingh-20190308-E1/spsingh-20190521-D1/mm10/Ccl20+_T/report/alignment/AB3837-L1.picard.txt -VALIDATION_STRINGENCY LENIENT -ASSUME_SORT_ORDER coordinate -REMOVE_DUPLICATES false
**********


14:58:51.827 INFO  NativeLibraryLoader - Loading libgkl_compression.so from jar:file:/usr/local/apps/picard/2.18.27/picard.jar!/com/intel/gkl/native/libgkl_compression.so
[Wed May 22 14:58:51 EDT 2019] MarkDuplicates INPUT=[/data/shamsaddinisha/jfarber-20160119-P1/spsingh-20190308-E1/spsingh-20190521-D1/mm10/Ccl20+_T/alignment/AB3837-L1.bam.tmp] OUTPUT=/data/shamsaddinisha/jfarber-20160119-P1/spsingh-20190308-E1/spsingh-20190521-D1/mm10/Ccl20+_T/alignment/AB3837-L1.bam METRICS_FILE=/data/shamsaddinisha/jfarber-20160119-P1/spsingh-20190308-E1/spsingh-20190521-D1/mm10/Ccl20+_T/report/alignment/AB3837-L1.picard.txt REMOVE_DUPLICATES=false ASSUME_SORT_ORDER=coordinate VALIDATION_STRINGENCY=LENIENT    MAX_SEQUENCES_FOR_DISK_READ_ENDS_MAP=50000 MAX_FILE_HANDLES_FOR_READ_ENDS_MAP=8000 SORTING_COLLECTION_SIZE_RATIO=0.25 TAG_DUPLICATE_SET_MEMBERS=false REMOVE_SEQUENCING_DUPLICATES=false TAGGING_POLICY=DontTag CLEAR_DT=true DUPLEX_UMI=false ADD_PG_TAG_TO_READS=true ASSUME_SORTED=false DUPLICATE_SCORING_STRATEGY=SUM_OF_BASE_QUALITIES PROGRAM_RECORD_ID=MarkDuplicates PROGRAM_GROUP_NAME=MarkDuplicates READ_NAME_REGEX=<optimized capture of last three ':' separated fields as numeric values> OPTICAL_DUPLICATE_PIXEL_DISTANCE=100 MAX_OPTICAL_DUPLICATE_SET_SIZE=300000 VERBOSITY=INFO QUIET=false COMPRESSION_LEVEL=5 MAX_RECORDS_IN_RAM=500000 CREATE_INDEX=false CREATE_MD5_FILE=false GA4GH_CLIENT_SECRETS=client_secrets.json USE_JDK_DEFLATER=false USE_JDK_INFLATER=false
[Wed May 22 14:58:51 EDT 2019] Executing as shamsaddinisha@cn3493 on Linux 3.10.0-862.14.4.el7.x86_64 amd64; Java HotSpot(TM) 64-Bit Server VM 12.0.1+12; Deflater: Intel; Inflater: Intel; Provider GCS is not available; Picard version: 2.18.27-SNAPSHOT
INFO	2019-05-22 14:58:51	MarkDuplicates	Start of doWork freeMemory: 10475065864; totalMemory: 10485760000; maxMemory: 10485760000
INFO	2019-05-22 14:58:51	MarkDuplicates	Reading input file and constructing read end information.
INFO	2019-05-22 14:58:51	MarkDuplicates	Will retain up to 37991884 data points before spilling to disk.
INFO	2019-05-22 14:58:56	MarkDuplicates	Read     1,000,000 records.  Elapsed time: 00:00:04s.  Time for last 1,000,000:    4s.  Last read position: chr10:27,714,686
INFO	2019-05-22 14:58:56	MarkDuplicates	Tracking 1767 as yet unmatched pairs. 72 records in RAM.
INFO	2019-05-22 14:58:59	MarkDuplicates	Read     2,000,000 records.  Elapsed time: 00:00:07s.  Time for last 1,000,000:    3s.  Last read position: chr10:49,417,307
INFO	2019-05-22 14:58:59	MarkDuplicates	Tracking 2352 as yet unmatched pairs. 85 records in RAM.
INFO	2019-05-22 14:59:03	MarkDuplicates	Read     3,000,000 records.  Elapsed time: 00:00:11s.  Time for last 1,000,000:    3s.  Last read position: chr10:75,370,471
INFO	2019-05-22 14:59:03	MarkDuplicates	Tracking 3385 as yet unmatched pairs. 83 records in RAM.
INFO	2019-05-22 14:59:06	MarkDuplicates	Read     4,000,000 records.  Elapsed time: 00:00:14s.  Time for last 1,000,000:    3s.  Last read position: chr10:85,026,240
INFO	2019-05-22 14:59:06	MarkDuplicates	Tracking 3979 as yet unmatched pairs. 71 records in RAM.
INFO	2019-05-22 14:59:10	MarkDuplicates	Read     5,000,000 records.  Elapsed time: 00:00:18s.  Time for last 1,000,000:    4s.  Last read position: chr10:96,077,675
INFO	2019-05-22 14:59:10	MarkDuplicates	Tracking 5176 as yet unmatched pairs. 171 records in RAM.
INFO	2019-05-22 14:59:14	MarkDuplicates	Read     6,000,000 records.  Elapsed time: 00:00:22s.  Time for last 1,000,000:    3s.  Last read position: chr10:111,761,519
INFO	2019-05-22 14:59:14	MarkDuplicates	Tracking 5518 as yet unmatched pairs. 68 records in RAM.
INFO	2019-05-22 14:59:18	MarkDuplicates	Read     7,000,000 records.  Elapsed time: 00:00:26s.  Time for last 1,000,000:    3s.  Last read position: chr11:3,322,029
INFO	2019-05-22 14:59:18	MarkDuplicates	Tracking 8167 as yet unmatched pairs. 340 records in RAM.
INFO	2019-05-22 14:59:21	MarkDuplicates	Read     8,000,000 records.  Elapsed time: 00:00:29s.  Time for last 1,000,000:    3s.  Last read position: chr11:26,675,498
INFO	2019-05-22 14:59:21	MarkDuplicates	Tracking 9250 as yet unmatched pairs. 336 records in RAM.
INFO	2019-05-22 14:59:25	MarkDuplicates	Read     9,000,000 records.  Elapsed time: 00:00:32s.  Time for last 1,000,000:    3s.  Last read position: chr11:48,331,720
INFO	2019-05-22 14:59:25	MarkDuplicates	Tracking 9765 as yet unmatched pairs. 325 records in RAM.
INFO	2019-05-22 14:59:28	MarkDuplicates	Read    10,000,000 records.  Elapsed time: 00:00:36s.  Time for last 1,000,000:    3s.  Last read position: chr11:76,921,145
INFO	2019-05-22 14:59:28	MarkDuplicates	Tracking 10923 as yet unmatched pairs. 286 records in RAM.
INFO	2019-05-22 14:59:31	MarkDuplicates	Read    11,000,000 records.  Elapsed time: 00:00:39s.  Time for last 1,000,000:    2s.  Last read position: chr11:90,538,798
INFO	2019-05-22 14:59:31	MarkDuplicates	Tracking 11578 as yet unmatched pairs. 229 records in RAM.
INFO	2019-05-22 14:59:34	MarkDuplicates	Read    12,000,000 records.  Elapsed time: 00:00:42s.  Time for last 1,000,000:    2s.  Last read position: chr11:101,658,232
INFO	2019-05-22 14:59:34	MarkDuplicates	Tracking 12389 as yet unmatched pairs. 204 records in RAM.
INFO	2019-05-22 14:59:37	MarkDuplicates	Read    13,000,000 records.  Elapsed time: 00:00:45s.  Time for last 1,000,000:    3s.  Last read position: chr12:3,110,047
INFO	2019-05-22 14:59:37	MarkDuplicates	Tracking 14188 as yet unmatched pairs. 700 records in RAM.
INFO	2019-05-22 14:59:41	MarkDuplicates	Read    14,000,000 records.  Elapsed time: 00:00:49s.  Time for last 1,000,000:    3s.  Last read position: chr12:18,891,281
INFO	2019-05-22 14:59:41	MarkDuplicates	Tracking 14438 as yet unmatched pairs. 519 records in RAM.
INFO	2019-05-22 14:59:44	MarkDuplicates	Read    15,000,000 records.  Elapsed time: 00:00:52s.  Time for last 1,000,000:    3s.  Last read position: chr12:41,717,188
INFO	2019-05-22 14:59:44	MarkDuplicates	Tracking 15095 as yet unmatched pairs. 433 records in RAM.
INFO	2019-05-22 14:59:47	MarkDuplicates	Read    16,000,000 records.  Elapsed time: 00:00:55s.  Time for last 1,000,000:    3s.  Last read position: chr12:59,542,726
INFO	2019-05-22 14:59:47	MarkDuplicates	Tracking 15378 as yet unmatched pairs. 399 records in RAM.
INFO	2019-05-22 14:59:51	MarkDuplicates	Read    17,000,000 records.  Elapsed time: 00:00:59s.  Time for last 1,000,000:    3s.  Last read position: chr12:83,632,122
INFO	2019-05-22 14:59:51	MarkDuplicates	Tracking 16186 as yet unmatched pairs. 316 records in RAM.
INFO	2019-05-22 14:59:54	MarkDuplicates	Read    18,000,000 records.  Elapsed time: 00:01:02s.  Time for last 1,000,000:    3s.  Last read position: chr12:97,061,656
INFO	2019-05-22 14:59:54	MarkDuplicates	Tracking 19959 as yet unmatched pairs. 1966 records in RAM.
INFO	2019-05-22 14:59:57	MarkDuplicates	Read    19,000,000 records.  Elapsed time: 00:01:05s.  Time for last 1,000,000:    3s.  Last read position: chr12:114,812,873
INFO	2019-05-22 14:59:57	MarkDuplicates	Tracking 19234 as yet unmatched pairs. 16 records in RAM.
INFO	2019-05-22 15:00:01	MarkDuplicates	Read    20,000,000 records.  Elapsed time: 00:01:09s.  Time for last 1,000,000:    3s.  Last read position: chr13:17,803,425
INFO	2019-05-22 15:00:01	MarkDuplicates	Tracking 20266 as yet unmatched pairs. 666 records in RAM.
INFO	2019-05-22 15:00:04	MarkDuplicates	Read    21,000,000 records.  Elapsed time: 00:01:12s.  Time for last 1,000,000:    3s.  Last read position: chr13:41,833,857
INFO	2019-05-22 15:00:04	MarkDuplicates	Tracking 20764 as yet unmatched pairs. 562 records in RAM.
INFO	2019-05-22 15:00:07	MarkDuplicates	Read    22,000,000 records.  Elapsed time: 00:01:15s.  Time for last 1,000,000:    3s.  Last read position: chr13:66,085,976
INFO	2019-05-22 15:00:07	MarkDuplicates	Tracking 22165 as yet unmatched pairs. 305 records in RAM.
INFO	2019-05-22 15:00:11	MarkDuplicates	Read    23,000,000 records.  Elapsed time: 00:01:19s.  Time for last 1,000,000:    3s.  Last read position: chr13:85,126,580
INFO	2019-05-22 15:00:11	MarkDuplicates	Tracking 22483 as yet unmatched pairs. 235 records in RAM.
INFO	2019-05-22 15:00:13	MarkDuplicates	Read    24,000,000 records.  Elapsed time: 00:01:21s.  Time for last 1,000,000:    2s.  Last read position: chr13:85,127,060
INFO	2019-05-22 15:00:13	MarkDuplicates	Tracking 22787 as yet unmatched pairs. 256 records in RAM.
INFO	2019-05-22 15:00:16	MarkDuplicates	Read    25,000,000 records.  Elapsed time: 00:01:24s.  Time for last 1,000,000:    2s.  Last read position: chr13:86,978,614
INFO	2019-05-22 15:00:16	MarkDuplicates	Tracking 23065 as yet unmatched pairs. 225 records in RAM.
INFO	2019-05-22 15:00:20	MarkDuplicates	Read    26,000,000 records.  Elapsed time: 00:01:27s.  Time for last 1,000,000:    3s.  Last read position: chr13:112,459,518
INFO	2019-05-22 15:00:20	MarkDuplicates	Tracking 23988 as yet unmatched pairs. 48 records in RAM.
INFO	2019-05-22 15:00:23	MarkDuplicates	Read    27,000,000 records.  Elapsed time: 00:01:31s.  Time for last 1,000,000:    3s.  Last read position: chr14:10,470,996
INFO	2019-05-22 15:00:23	MarkDuplicates	Tracking 24236 as yet unmatched pairs. 925 records in RAM.
INFO	2019-05-22 15:00:26	MarkDuplicates	Read    28,000,000 records.  Elapsed time: 00:01:34s.  Time for last 1,000,000:    3s.  Last read position: chr14:19,416,553
INFO	2019-05-22 15:00:26	MarkDuplicates	Tracking 51006 as yet unmatched pairs. 27519 records in RAM.
INFO	2019-05-22 15:00:29	MarkDuplicates	Read    29,000,000 records.  Elapsed time: 00:01:37s.  Time for last 1,000,000:    2s.  Last read position: chr14:19,417,637
INFO	2019-05-22 15:00:29	MarkDuplicates	Tracking 61783 as yet unmatched pairs. 38253 records in RAM.
INFO	2019-05-22 15:00:32	MarkDuplicates	Read    30,000,000 records.  Elapsed time: 00:01:40s.  Time for last 1,000,000:    2s.  Last read position: chr14:19,418,765
INFO	2019-05-22 15:00:32	MarkDuplicates	Tracking 49096 as yet unmatched pairs. 25544 records in RAM.
INFO	2019-05-22 15:00:35	MarkDuplicates	Read    31,000,000 records.  Elapsed time: 00:01:43s.  Time for last 1,000,000:    2s.  Last read position: chr14:30,550,023
INFO	2019-05-22 15:00:35	MarkDuplicates	Tracking 24601 as yet unmatched pairs. 818 records in RAM.
INFO	2019-05-22 15:00:38	MarkDuplicates	Read    32,000,000 records.  Elapsed time: 00:01:46s.  Time for last 1,000,000:    3s.  Last read position: chr14:45,211,655
INFO	2019-05-22 15:00:38	MarkDuplicates	Tracking 24947 as yet unmatched pairs. 881 records in RAM.
INFO	2019-05-22 15:00:41	MarkDuplicates	Read    33,000,000 records.  Elapsed time: 00:01:49s.  Time for last 1,000,000:    3s.  Last read position: chr14:69,159,538
INFO	2019-05-22 15:00:41	MarkDuplicates	Tracking 26179 as yet unmatched pairs. 355 records in RAM.
INFO	2019-05-22 15:00:45	MarkDuplicates	Read    34,000,000 records.  Elapsed time: 00:01:53s.  Time for last 1,000,000:    3s.  Last read position: chr14:98,878,966
INFO	2019-05-22 15:00:45	MarkDuplicates	Tracking 26548 as yet unmatched pairs. 205 records in RAM.
INFO	2019-05-22 15:00:48	MarkDuplicates	Read    35,000,000 records.  Elapsed time: 00:01:56s.  Time for last 1,000,000:    3s.  Last read position: chr14:123,352,843
INFO	2019-05-22 15:00:48	MarkDuplicates	Tracking 26998 as yet unmatched pairs. 8 records in RAM.
INFO	2019-05-22 15:00:52	MarkDuplicates	Read    36,000,000 records.  Elapsed time: 00:02:00s.  Time for last 1,000,000:    3s.  Last read position: chr15:28,280,422
INFO	2019-05-22 15:00:52	MarkDuplicates	Tracking 27333 as yet unmatched pairs. 908 records in RAM.
INFO	2019-05-22 15:00:55	MarkDuplicates	Read    37,000,000 records.  Elapsed time: 00:02:03s.  Time for last 1,000,000:    3s.  Last read position: chr15:54,777,644
INFO	2019-05-22 15:00:55	MarkDuplicates	Tracking 27798 as yet unmatched pairs. 735 records in RAM.
INFO	2019-05-22 15:00:58	MarkDuplicates	Read    38,000,000 records.  Elapsed time: 00:02:06s.  Time for last 1,000,000:    3s.  Last read position: chr15:79,348,056
INFO	2019-05-22 15:00:58	MarkDuplicates	Tracking 28594 as yet unmatched pairs. 459 records in RAM.
INFO	2019-05-22 15:01:02	MarkDuplicates	Read    39,000,000 records.  Elapsed time: 00:02:10s.  Time for last 1,000,000:    3s.  Last read position: chr16:3,360,500
INFO	2019-05-22 15:01:02	MarkDuplicates	Tracking 29484 as yet unmatched pairs. 996 records in RAM.
INFO	2019-05-22 15:01:05	MarkDuplicates	Read    40,000,000 records.  Elapsed time: 00:02:13s.  Time for last 1,000,000:    3s.  Last read position: chr16:26,397,492
INFO	2019-05-22 15:01:05	MarkDuplicates	Tracking 30423 as yet unmatched pairs. 719 records in RAM.
INFO	2019-05-22 15:01:09	MarkDuplicates	Read    41,000,000 records.  Elapsed time: 00:02:17s.  Time for last 1,000,000:    3s.  Last read position: chr16:54,850,571
INFO	2019-05-22 15:01:09	MarkDuplicates	Tracking 31042 as yet unmatched pairs. 387 records in RAM.
INFO	2019-05-22 15:01:12	MarkDuplicates	Read    42,000,000 records.  Elapsed time: 00:02:20s.  Time for last 1,000,000:    3s.  Last read position: chr16:81,367,386
INFO	2019-05-22 15:01:12	MarkDuplicates	Tracking 31304 as yet unmatched pairs. 225 records in RAM.
INFO	2019-05-22 15:01:15	MarkDuplicates	Read    43,000,000 records.  Elapsed time: 00:02:23s.  Time for last 1,000,000:    3s.  Last read position: chr17:6,531,749
INFO	2019-05-22 15:01:15	MarkDuplicates	Tracking 32024 as yet unmatched pairs. 1327 records in RAM.
INFO	2019-05-22 15:01:19	MarkDuplicates	Read    44,000,000 records.  Elapsed time: 00:02:27s.  Time for last 1,000,000:    3s.  Last read position: chr17:24,542,300
INFO	2019-05-22 15:01:19	MarkDuplicates	Tracking 32273 as yet unmatched pairs. 1097 records in RAM.
INFO	2019-05-22 15:01:22	MarkDuplicates	Read    45,000,000 records.  Elapsed time: 00:02:30s.  Time for last 1,000,000:    3s.  Last read position: chr17:45,199,433
INFO	2019-05-22 15:01:22	MarkDuplicates	Tracking 32747 as yet unmatched pairs. 727 records in RAM.
INFO	2019-05-22 15:01:26	MarkDuplicates	Read    46,000,000 records.  Elapsed time: 00:02:33s.  Time for last 1,000,000:    3s.  Last read position: chr17:70,993,490
INFO	2019-05-22 15:01:26	MarkDuplicates	Tracking 33366 as yet unmatched pairs. 287 records in RAM.
INFO	2019-05-22 15:01:29	MarkDuplicates	Read    47,000,000 records.  Elapsed time: 00:02:37s.  Time for last 1,000,000:    3s.  Last read position: chr17:93,680,689
INFO	2019-05-22 15:01:29	MarkDuplicates	Tracking 33749 as yet unmatched pairs. 95 records in RAM.
INFO	2019-05-22 15:01:32	MarkDuplicates	Read    48,000,000 records.  Elapsed time: 00:02:40s.  Time for last 1,000,000:    3s.  Last read position: chr18:14,036,269
INFO	2019-05-22 15:01:32	MarkDuplicates	Tracking 33885 as yet unmatched pairs. 1080 records in RAM.
INFO	2019-05-22 15:01:36	MarkDuplicates	Read    49,000,000 records.  Elapsed time: 00:02:44s.  Time for last 1,000,000:    3s.  Last read position: chr18:40,151,015
INFO	2019-05-22 15:01:36	MarkDuplicates	Tracking 34127 as yet unmatched pairs. 849 records in RAM.
INFO	2019-05-22 15:01:39	MarkDuplicates	Read    50,000,000 records.  Elapsed time: 00:02:47s.  Time for last 1,000,000:    3s.  Last read position: chr18:65,119,835
INFO	2019-05-22 15:01:39	MarkDuplicates	Tracking 34638 as yet unmatched pairs. 501 records in RAM.
INFO	2019-05-22 15:01:42	MarkDuplicates	Read    51,000,000 records.  Elapsed time: 00:02:50s.  Time for last 1,000,000:    3s.  Last read position: chr18:78,276,856
INFO	2019-05-22 15:01:42	MarkDuplicates	Tracking 35006 as yet unmatched pairs. 153 records in RAM.
INFO	2019-05-22 15:01:46	MarkDuplicates	Read    52,000,000 records.  Elapsed time: 00:02:54s.  Time for last 1,000,000:    3s.  Last read position: chr19:12,364,970
INFO	2019-05-22 15:01:46	MarkDuplicates	Tracking 35129 as yet unmatched pairs. 754 records in RAM.
INFO	2019-05-22 15:01:49	MarkDuplicates	Read    53,000,000 records.  Elapsed time: 00:02:57s.  Time for last 1,000,000:    3s.  Last read position: chr19:39,420,186
INFO	2019-05-22 15:01:49	MarkDuplicates	Tracking 35466 as yet unmatched pairs. 332 records in RAM.
INFO	2019-05-22 15:01:53	MarkDuplicates	Read    54,000,000 records.  Elapsed time: 00:03:01s.  Time for last 1,000,000:    3s.  Last read position: chr1:7,188,444
INFO	2019-05-22 15:01:53	MarkDuplicates	Tracking 35687 as yet unmatched pairs. 3673 records in RAM.
INFO	2019-05-22 15:01:56	MarkDuplicates	Read    55,000,000 records.  Elapsed time: 00:03:04s.  Time for last 1,000,000:    3s.  Last read position: chr1:24,611,609
INFO	2019-05-22 15:01:56	MarkDuplicates	Tracking 52380 as yet unmatched pairs. 19322 records in RAM.
INFO	2019-05-22 15:01:59	MarkDuplicates	Read    56,000,000 records.  Elapsed time: 00:03:07s.  Time for last 1,000,000:    3s.  Last read position: chr1:24,612,018
INFO	2019-05-22 15:01:59	MarkDuplicates	Tracking 73669 as yet unmatched pairs. 34311 records in RAM.
INFO	2019-05-22 15:02:03	MarkDuplicates	Read    57,000,000 records.  Elapsed time: 00:03:10s.  Time for last 1,000,000:    3s.  Last read position: chr1:24,612,412
INFO	2019-05-22 15:02:03	MarkDuplicates	Tracking 79141 as yet unmatched pairs. 34266 records in RAM.
INFO	2019-05-22 15:02:06	MarkDuplicates	Read    58,000,000 records.  Elapsed time: 00:03:13s.  Time for last 1,000,000:    2s.  Last read position: chr1:24,612,779
INFO	2019-05-22 15:02:06	MarkDuplicates	Tracking 70903 as yet unmatched pairs. 20634 records in RAM.
INFO	2019-05-22 15:02:09	MarkDuplicates	Read    59,000,000 records.  Elapsed time: 00:03:16s.  Time for last 1,000,000:    3s.  Last read position: chr1:24,613,148
INFO	2019-05-22 15:02:09	MarkDuplicates	Tracking 75334 as yet unmatched pairs. 21905 records in RAM.
INFO	2019-05-22 15:02:12	MarkDuplicates	Read    60,000,000 records.  Elapsed time: 00:03:19s.  Time for last 1,000,000:    3s.  Last read position: chr1:24,613,505
INFO	2019-05-22 15:02:12	MarkDuplicates	Tracking 89725 as yet unmatched pairs. 31676 records in RAM.
INFO	2019-05-22 15:02:15	MarkDuplicates	Read    61,000,000 records.  Elapsed time: 00:03:23s.  Time for last 1,000,000:    3s.  Last read position: chr1:24,613,874
INFO	2019-05-22 15:02:15	MarkDuplicates	Tracking 92747 as yet unmatched pairs. 28512 records in RAM.
INFO	2019-05-22 15:02:18	MarkDuplicates	Read    62,000,000 records.  Elapsed time: 00:03:26s.  Time for last 1,000,000:    3s.  Last read position: chr1:24,614,251
INFO	2019-05-22 15:02:18	MarkDuplicates	Tracking 107384 as yet unmatched pairs. 38775 records in RAM.
INFO	2019-05-22 15:02:21	MarkDuplicates	Read    63,000,000 records.  Elapsed time: 00:03:29s.  Time for last 1,000,000:    3s.  Last read position: chr1:24,614,625
INFO	2019-05-22 15:02:21	MarkDuplicates	Tracking 132260 as yet unmatched pairs. 57954 records in RAM.
INFO	2019-05-22 15:02:24	MarkDuplicates	Read    64,000,000 records.  Elapsed time: 00:03:32s.  Time for last 1,000,000:    3s.  Last read position: chr1:24,615,007
INFO	2019-05-22 15:02:24	MarkDuplicates	Tracking 100180 as yet unmatched pairs. 22512 records in RAM.
INFO	2019-05-22 15:02:27	MarkDuplicates	Read    65,000,000 records.  Elapsed time: 00:03:35s.  Time for last 1,000,000:    3s.  Last read position: chr1:24,615,397
INFO	2019-05-22 15:02:27	MarkDuplicates	Tracking 113910 as yet unmatched pairs. 29660 records in RAM.
INFO	2019-05-22 15:02:30	MarkDuplicates	Read    66,000,000 records.  Elapsed time: 00:03:38s.  Time for last 1,000,000:    3s.  Last read position: chr1:24,615,790
INFO	2019-05-22 15:02:30	MarkDuplicates	Tracking 132402 as yet unmatched pairs. 44097 records in RAM.
INFO	2019-05-22 15:02:33	MarkDuplicates	Read    67,000,000 records.  Elapsed time: 00:03:41s.  Time for last 1,000,000:    3s.  Last read position: chr1:28,968,500
INFO	2019-05-22 15:02:33	MarkDuplicates	Tracking 95926 as yet unmatched pairs. 2803 records in RAM.
INFO	2019-05-22 15:02:36	MarkDuplicates	Read    68,000,000 records.  Elapsed time: 00:03:44s.  Time for last 1,000,000:    3s.  Last read position: chr1:46,984,323
INFO	2019-05-22 15:02:36	MarkDuplicates	Tracking 96028 as yet unmatched pairs. 2613 records in RAM.
INFO	2019-05-22 15:02:40	MarkDuplicates	Read    69,000,000 records.  Elapsed time: 00:03:48s.  Time for last 1,000,000:    3s.  Last read position: chr1:65,421,206
INFO	2019-05-22 15:02:40	MarkDuplicates	Tracking 96346 as yet unmatched pairs. 2270 records in RAM.
INFO	2019-05-22 15:02:43	MarkDuplicates	Read    70,000,000 records.  Elapsed time: 00:03:51s.  Time for last 1,000,000:    3s.  Last read position: chr1:85,617,398
INFO	2019-05-22 15:02:43	MarkDuplicates	Tracking 96516 as yet unmatched pairs. 1909 records in RAM.
INFO	2019-05-22 15:02:47	MarkDuplicates	Read    71,000,000 records.  Elapsed time: 00:03:55s.  Time for last 1,000,000:    3s.  Last read position: chr1:110,429,487
INFO	2019-05-22 15:02:47	MarkDuplicates	Tracking 96692 as yet unmatched pairs. 1471 records in RAM.
INFO	2019-05-22 15:02:50	MarkDuplicates	Read    72,000,000 records.  Elapsed time: 00:03:58s.  Time for last 1,000,000:    3s.  Last read position: chr1:132,791,000
INFO	2019-05-22 15:02:50	MarkDuplicates	Tracking 96794 as yet unmatched pairs. 1270 records in RAM.
INFO	2019-05-22 15:02:53	MarkDuplicates	Read    73,000,000 records.  Elapsed time: 00:04:01s.  Time for last 1,000,000:    3s.  Last read position: chr1:144,387,447
INFO	2019-05-22 15:02:53	MarkDuplicates	Tracking 96843 as yet unmatched pairs. 1117 records in RAM.
INFO	2019-05-22 15:02:57	MarkDuplicates	Read    74,000,000 records.  Elapsed time: 00:04:05s.  Time for last 1,000,000:    3s.  Last read position: chr1:170,091,990
INFO	2019-05-22 15:02:57	MarkDuplicates	Tracking 97145 as yet unmatched pairs. 560 records in RAM.
INFO	2019-05-22 15:03:00	MarkDuplicates	Read    75,000,000 records.  Elapsed time: 00:04:08s.  Time for last 1,000,000:    3s.  Last read position: chr1:189,296,434
INFO	2019-05-22 15:03:00	MarkDuplicates	Tracking 97230 as yet unmatched pairs. 271 records in RAM.
INFO	2019-05-22 15:03:04	MarkDuplicates	Read    76,000,000 records.  Elapsed time: 00:04:12s.  Time for last 1,000,000:    3s.  Last read position: chr2:19,238,087
INFO	2019-05-22 15:03:04	MarkDuplicates	Tracking 97388 as yet unmatched pairs. 6188 records in RAM.
INFO	2019-05-22 15:03:07	MarkDuplicates	Read    77,000,000 records.  Elapsed time: 00:04:15s.  Time for last 1,000,000:    2s.  Last read position: chr2:22,587,631
INFO	2019-05-22 15:03:07	MarkDuplicates	Tracking 98055 as yet unmatched pairs. 6161 records in RAM.
INFO	2019-05-22 15:03:09	MarkDuplicates	Read    78,000,000 records.  Elapsed time: 00:04:17s.  Time for last 1,000,000:    2s.  Last read position: chr2:22,588,026
INFO	2019-05-22 15:03:09	MarkDuplicates	Tracking 109366 as yet unmatched pairs. 16544 records in RAM.
INFO	2019-05-22 15:03:12	MarkDuplicates	Read    79,000,000 records.  Elapsed time: 00:04:20s.  Time for last 1,000,000:    2s.  Last read position: chr2:22,588,418
INFO	2019-05-22 15:03:12	MarkDuplicates	Tracking 97248 as yet unmatched pairs. 3778 records in RAM.
INFO	2019-05-22 15:03:15	MarkDuplicates	Read    80,000,000 records.  Elapsed time: 00:04:23s.  Time for last 1,000,000:    2s.  Last read position: chr2:22,588,796
INFO	2019-05-22 15:03:15	MarkDuplicates	Tracking 98267 as yet unmatched pairs. 4099 records in RAM.
INFO	2019-05-22 15:03:17	MarkDuplicates	Read    81,000,000 records.  Elapsed time: 00:04:25s.  Time for last 1,000,000:    2s.  Last read position: chr2:22,589,183
INFO	2019-05-22 15:03:17	MarkDuplicates	Tracking 99665 as yet unmatched pairs. 3784 records in RAM.
INFO	2019-05-22 15:03:20	MarkDuplicates	Read    82,000,000 records.  Elapsed time: 00:04:28s.  Time for last 1,000,000:    2s.  Last read position: chr2:22,589,582
INFO	2019-05-22 15:03:20	MarkDuplicates	Tracking 103729 as yet unmatched pairs. 5153 records in RAM.
INFO	2019-05-22 15:03:23	MarkDuplicates	Read    83,000,000 records.  Elapsed time: 00:04:31s.  Time for last 1,000,000:    2s.  Last read position: chr2:22,589,942
INFO	2019-05-22 15:03:23	MarkDuplicates	Tracking 104990 as yet unmatched pairs. 4601 records in RAM.
INFO	2019-05-22 15:03:25	MarkDuplicates	Read    84,000,000 records.  Elapsed time: 00:04:33s.  Time for last 1,000,000:    2s.  Last read position: chr2:22,590,373
INFO	2019-05-22 15:03:25	MarkDuplicates	Tracking 104850 as yet unmatched pairs. 3645 records in RAM.
INFO	2019-05-22 15:03:28	MarkDuplicates	Read    85,000,000 records.  Elapsed time: 00:04:36s.  Time for last 1,000,000:    3s.  Last read position: chr2:42,444,572
INFO	2019-05-22 15:03:28	MarkDuplicates	Tracking 104992 as yet unmatched pairs. 3120 records in RAM.
INFO	2019-05-22 15:03:32	MarkDuplicates	Read    86,000,000 records.  Elapsed time: 00:04:40s.  Time for last 1,000,000:    3s.  Last read position: chr2:69,355,539
INFO	2019-05-22 15:03:32	MarkDuplicates	Tracking 105238 as yet unmatched pairs. 3071 records in RAM.
INFO	2019-05-22 15:03:35	MarkDuplicates	Read    87,000,000 records.  Elapsed time: 00:04:43s.  Time for last 1,000,000:    3s.  Last read position: chr2:90,543,030
INFO	2019-05-22 15:03:35	MarkDuplicates	Tracking 106140 as yet unmatched pairs. 2421 records in RAM.
INFO	2019-05-22 15:03:38	MarkDuplicates	Read    88,000,000 records.  Elapsed time: 00:04:46s.  Time for last 1,000,000:    2s.  Last read position: chr2:98,662,711
INFO	2019-05-22 15:03:38	MarkDuplicates	Tracking 116319 as yet unmatched pairs. 12356 records in RAM.
INFO	2019-05-22 15:03:41	MarkDuplicates	Read    89,000,000 records.  Elapsed time: 00:04:49s.  Time for last 1,000,000:    2s.  Last read position: chr2:98,666,242
INFO	2019-05-22 15:03:41	MarkDuplicates	Tracking 112628 as yet unmatched pairs. 8632 records in RAM.
INFO	2019-05-22 15:03:44	MarkDuplicates	Read    90,000,000 records.  Elapsed time: 00:04:52s.  Time for last 1,000,000:    2s.  Last read position: chr2:98,666,819
INFO	2019-05-22 15:03:44	MarkDuplicates	Tracking 185132 as yet unmatched pairs. 81091 records in RAM.
INFO	2019-05-22 15:03:47	MarkDuplicates	Read    91,000,000 records.  Elapsed time: 00:04:55s.  Time for last 1,000,000:    3s.  Last read position: chr2:98,667,184
INFO	2019-05-22 15:03:47	MarkDuplicates	Tracking 130038 as yet unmatched pairs. 25927 records in RAM.
INFO	2019-05-22 15:03:50	MarkDuplicates	Read    92,000,000 records.  Elapsed time: 00:04:58s.  Time for last 1,000,000:    3s.  Last read position: chr2:119,505,429
INFO	2019-05-22 15:03:50	MarkDuplicates	Tracking 106223 as yet unmatched pairs. 1673 records in RAM.
INFO	2019-05-22 15:03:54	MarkDuplicates	Read    93,000,000 records.  Elapsed time: 00:05:02s.  Time for last 1,000,000:    3s.  Last read position: chr2:145,762,468
INFO	2019-05-22 15:03:54	MarkDuplicates	Tracking 106285 as yet unmatched pairs. 961 records in RAM.
INFO	2019-05-22 15:03:57	MarkDuplicates	Read    94,000,000 records.  Elapsed time: 00:05:05s.  Time for last 1,000,000:    3s.  Last read position: chr2:170,310,755
INFO	2019-05-22 15:03:57	MarkDuplicates	Tracking 106343 as yet unmatched pairs. 300 records in RAM.
INFO	2019-05-22 15:04:01	MarkDuplicates	Read    95,000,000 records.  Elapsed time: 00:05:08s.  Time for last 1,000,000:    3s.  Last read position: chr3:5,677,764
INFO	2019-05-22 15:04:01	MarkDuplicates	Tracking 106252 as yet unmatched pairs. 3334 records in RAM.
INFO	2019-05-22 15:04:04	MarkDuplicates	Read    96,000,000 records.  Elapsed time: 00:05:12s.  Time for last 1,000,000:    3s.  Last read position: chr3:14,065,770
INFO	2019-05-22 15:04:04	MarkDuplicates	Tracking 106177 as yet unmatched pairs. 3080 records in RAM.
INFO	2019-05-22 15:04:07	MarkDuplicates	Read    97,000,000 records.  Elapsed time: 00:05:15s.  Time for last 1,000,000:    3s.  Last read position: chr3:40,523,439
INFO	2019-05-22 15:04:07	MarkDuplicates	Tracking 106182 as yet unmatched pairs. 2808 records in RAM.
INFO	2019-05-22 15:04:11	MarkDuplicates	Read    98,000,000 records.  Elapsed time: 00:05:18s.  Time for last 1,000,000:    3s.  Last read position: chr3:66,428,292
INFO	2019-05-22 15:04:11	MarkDuplicates	Tracking 106118 as yet unmatched pairs. 2401 records in RAM.
INFO	2019-05-22 15:04:14	MarkDuplicates	Read    99,000,000 records.  Elapsed time: 00:05:22s.  Time for last 1,000,000:    3s.  Last read position: chr3:91,989,669
INFO	2019-05-22 15:04:14	MarkDuplicates	Tracking 106041 as yet unmatched pairs. 1978 records in RAM.
INFO	2019-05-22 15:04:17	MarkDuplicates	Read   100,000,000 records.  Elapsed time: 00:05:25s.  Time for last 1,000,000:    3s.  Last read position: chr3:103,847,896
INFO	2019-05-22 15:04:17	MarkDuplicates	Tracking 106011 as yet unmatched pairs. 1466 records in RAM.
INFO	2019-05-22 15:04:42	MarkDuplicates	Read   101,000,000 records.  Elapsed time: 00:05:50s.  Time for last 1,000,000:   25s.  Last read position: chr3:123,895,391
INFO	2019-05-22 15:04:42	MarkDuplicates	Tracking 105976 as yet unmatched pairs. 1137 records in RAM.
INFO	2019-05-22 15:04:46	MarkDuplicates	Read   102,000,000 records.  Elapsed time: 00:05:54s.  Time for last 1,000,000:    3s.  Last read position: chr3:148,588,024
INFO	2019-05-22 15:04:46	MarkDuplicates	Tracking 106021 as yet unmatched pairs. 182 records in RAM.
INFO	2019-05-22 15:04:49	MarkDuplicates	Read   103,000,000 records.  Elapsed time: 00:05:57s.  Time for last 1,000,000:    3s.  Last read position: chr4:9,959,116
INFO	2019-05-22 15:04:49	MarkDuplicates	Tracking 105884 as yet unmatched pairs. 4060 records in RAM.
INFO	2019-05-22 15:04:53	MarkDuplicates	Read   104,000,000 records.  Elapsed time: 00:06:01s.  Time for last 1,000,000:    3s.  Last read position: chr4:26,527,939
INFO	2019-05-22 15:04:53	MarkDuplicates	Tracking 105835 as yet unmatched pairs. 3861 records in RAM.
INFO	2019-05-22 15:04:56	MarkDuplicates	Read   105,000,000 records.  Elapsed time: 00:06:04s.  Time for last 1,000,000:    3s.  Last read position: chr4:52,969,999
INFO	2019-05-22 15:04:56	MarkDuplicates	Tracking 105734 as yet unmatched pairs. 3299 records in RAM.
INFO	2019-05-22 15:05:00	MarkDuplicates	Read   106,000,000 records.  Elapsed time: 00:06:07s.  Time for last 1,000,000:    3s.  Last read position: chr4:73,331,632
INFO	2019-05-22 15:05:00	MarkDuplicates	Tracking 105698 as yet unmatched pairs. 3016 records in RAM.
INFO	2019-05-22 15:05:02	MarkDuplicates	Read   107,000,000 records.  Elapsed time: 00:06:10s.  Time for last 1,000,000:    2s.  Last read position: chr4:80,002,682
INFO	2019-05-22 15:05:02	MarkDuplicates	Tracking 105691 as yet unmatched pairs. 2962 records in RAM.
INFO	2019-05-22 15:05:05	MarkDuplicates	Read   108,000,000 records.  Elapsed time: 00:06:13s.  Time for last 1,000,000:    2s.  Last read position: chr4:80,003,215
INFO	2019-05-22 15:05:05	MarkDuplicates	Tracking 106187 as yet unmatched pairs. 2899 records in RAM.
INFO	2019-05-22 15:05:08	MarkDuplicates	Read   109,000,000 records.  Elapsed time: 00:06:16s.  Time for last 1,000,000:    2s.  Last read position: chr4:80,003,784
INFO	2019-05-22 15:05:08	MarkDuplicates	Tracking 106218 as yet unmatched pairs. 2897 records in RAM.
INFO	2019-05-22 15:05:10	MarkDuplicates	Read   110,000,000 records.  Elapsed time: 00:06:18s.  Time for last 1,000,000:    2s.  Last read position: chr4:80,004,227
INFO	2019-05-22 15:05:10	MarkDuplicates	Tracking 106460 as yet unmatched pairs. 2902 records in RAM.
INFO	2019-05-22 15:05:13	MarkDuplicates	Read   111,000,000 records.  Elapsed time: 00:06:21s.  Time for last 1,000,000:    2s.  Last read position: chr4:80,004,815
INFO	2019-05-22 15:05:13	MarkDuplicates	Tracking 106480 as yet unmatched pairs. 2899 records in RAM.
INFO	2019-05-22 15:05:16	MarkDuplicates	Read   112,000,000 records.  Elapsed time: 00:06:24s.  Time for last 1,000,000:    2s.  Last read position: chr4:86,460,668
INFO	2019-05-22 15:05:16	MarkDuplicates	Tracking 106505 as yet unmatched pairs. 2812 records in RAM.
INFO	2019-05-22 15:05:19	MarkDuplicates	Read   113,000,000 records.  Elapsed time: 00:06:27s.  Time for last 1,000,000:    3s.  Last read position: chr4:111,261,721
INFO	2019-05-22 15:05:19	MarkDuplicates	Tracking 106331 as yet unmatched pairs. 1641 records in RAM.
INFO	2019-05-22 15:05:23	MarkDuplicates	Read   114,000,000 records.  Elapsed time: 00:06:30s.  Time for last 1,000,000:    3s.  Last read position: chr4:133,498,503
INFO	2019-05-22 15:05:23	MarkDuplicates	Tracking 106138 as yet unmatched pairs. 907 records in RAM.
INFO	2019-05-22 15:05:26	MarkDuplicates	Read   115,000,000 records.  Elapsed time: 00:06:34s.  Time for last 1,000,000:    3s.  Last read position: chr4:147,771,027
INFO	2019-05-22 15:05:26	MarkDuplicates	Tracking 105881 as yet unmatched pairs. 300 records in RAM.
INFO	2019-05-22 15:05:29	MarkDuplicates	Read   116,000,000 records.  Elapsed time: 00:06:37s.  Time for last 1,000,000:    3s.  Last read position: chr5:7,276,931
INFO	2019-05-22 15:05:29	MarkDuplicates	Tracking 105757 as yet unmatched pairs. 7406 records in RAM.
INFO	2019-05-22 15:05:32	MarkDuplicates	Read   117,000,000 records.  Elapsed time: 00:06:40s.  Time for last 1,000,000:    3s.  Last read position: chr5:20,992,061
INFO	2019-05-22 15:05:32	MarkDuplicates	Tracking 105641 as yet unmatched pairs. 7130 records in RAM.
INFO	2019-05-22 15:05:36	MarkDuplicates	Read   118,000,000 records.  Elapsed time: 00:06:44s.  Time for last 1,000,000:    3s.  Last read position: chr5:39,831,291
INFO	2019-05-22 15:05:36	MarkDuplicates	Tracking 105467 as yet unmatched pairs. 6626 records in RAM.
INFO	2019-05-22 15:05:39	MarkDuplicates	Read   119,000,000 records.  Elapsed time: 00:06:47s.  Time for last 1,000,000:    3s.  Last read position: chr5:60,042,863
INFO	2019-05-22 15:05:39	MarkDuplicates	Tracking 105320 as yet unmatched pairs. 6223 records in RAM.
INFO	2019-05-22 15:05:42	MarkDuplicates	Read   120,000,000 records.  Elapsed time: 00:06:50s.  Time for last 1,000,000:    3s.  Last read position: chr5:74,775,709
INFO	2019-05-22 15:05:42	MarkDuplicates	Tracking 105161 as yet unmatched pairs. 5602 records in RAM.
INFO	2019-05-22 15:05:45	MarkDuplicates	Read   121,000,000 records.  Elapsed time: 00:06:53s.  Time for last 1,000,000:    3s.  Last read position: chr5:90,358,564
INFO	2019-05-22 15:05:45	MarkDuplicates	Tracking 105054 as yet unmatched pairs. 5303 records in RAM.
INFO	2019-05-22 15:05:49	MarkDuplicates	Read   122,000,000 records.  Elapsed time: 00:06:57s.  Time for last 1,000,000:    3s.  Last read position: chr5:107,248,475
INFO	2019-05-22 15:05:49	MarkDuplicates	Tracking 104753 as yet unmatched pairs. 4546 records in RAM.
INFO	2019-05-22 15:05:52	MarkDuplicates	Read   123,000,000 records.  Elapsed time: 00:07:00s.  Time for last 1,000,000:    3s.  Last read position: chr5:132,437,120
INFO	2019-05-22 15:05:52	MarkDuplicates	Tracking 103975 as yet unmatched pairs. 2612 records in RAM.
INFO	2019-05-22 15:05:56	MarkDuplicates	Read   124,000,000 records.  Elapsed time: 00:07:04s.  Time for last 1,000,000:    3s.  Last read position: chr6:6,153,574
INFO	2019-05-22 15:05:56	MarkDuplicates	Tracking 103063 as yet unmatched pairs. 4312 records in RAM.
INFO	2019-05-22 15:05:59	MarkDuplicates	Read   125,000,000 records.  Elapsed time: 00:07:07s.  Time for last 1,000,000:    3s.  Last read position: chr6:19,477,785
INFO	2019-05-22 15:05:59	MarkDuplicates	Tracking 102987 as yet unmatched pairs. 3903 records in RAM.
INFO	2019-05-22 15:06:02	MarkDuplicates	Read   126,000,000 records.  Elapsed time: 00:07:10s.  Time for last 1,000,000:    3s.  Last read position: chr6:47,657,077
INFO	2019-05-22 15:06:02	MarkDuplicates	Tracking 102594 as yet unmatched pairs. 3319 records in RAM.
INFO	2019-05-22 15:06:06	MarkDuplicates	Read   127,000,000 records.  Elapsed time: 00:07:14s.  Time for last 1,000,000:    3s.  Last read position: chr6:69,364,308
INFO	2019-05-22 15:06:06	MarkDuplicates	Tracking 102172 as yet unmatched pairs. 2721 records in RAM.
INFO	2019-05-22 15:06:09	MarkDuplicates	Read   128,000,000 records.  Elapsed time: 00:07:17s.  Time for last 1,000,000:    2s.  Last read position: chr6:82,431,741
INFO	2019-05-22 15:06:09	MarkDuplicates	Tracking 102089 as yet unmatched pairs. 2480 records in RAM.
INFO	2019-05-22 15:06:12	MarkDuplicates	Read   129,000,000 records.  Elapsed time: 00:07:20s.  Time for last 1,000,000:    3s.  Last read position: chr6:103,686,664
INFO	2019-05-22 15:06:12	MarkDuplicates	Tracking 101620 as yet unmatched pairs. 1596 records in RAM.
INFO	2019-05-22 15:06:15	MarkDuplicates	Read   130,000,000 records.  Elapsed time: 00:07:23s.  Time for last 1,000,000:    3s.  Last read position: chr6:128,133,826
INFO	2019-05-22 15:06:15	MarkDuplicates	Tracking 101200 as yet unmatched pairs. 996 records in RAM.
INFO	2019-05-22 15:06:19	MarkDuplicates	Read   131,000,000 records.  Elapsed time: 00:07:27s.  Time for last 1,000,000:    3s.  Last read position: chr6:148,242,837
INFO	2019-05-22 15:06:19	MarkDuplicates	Tracking 100701 as yet unmatched pairs. 128 records in RAM.
INFO	2019-05-22 15:06:22	MarkDuplicates	Read   132,000,000 records.  Elapsed time: 00:07:30s.  Time for last 1,000,000:    3s.  Last read position: chr7:15,449,285
INFO	2019-05-22 15:06:22	MarkDuplicates	Tracking 100431 as yet unmatched pairs. 5477 records in RAM.
INFO	2019-05-22 15:06:25	MarkDuplicates	Read   133,000,000 records.  Elapsed time: 00:07:33s.  Time for last 1,000,000:    3s.  Last read position: chr7:28,179,411
INFO	2019-05-22 15:06:25	MarkDuplicates	Tracking 100131 as yet unmatched pairs. 5068 records in RAM.
INFO	2019-05-22 15:06:29	MarkDuplicates	Read   134,000,000 records.  Elapsed time: 00:07:37s.  Time for last 1,000,000:    3s.  Last read position: chr7:47,536,118
INFO	2019-05-22 15:06:29	MarkDuplicates	Tracking 99661 as yet unmatched pairs. 4393 records in RAM.
INFO	2019-05-22 15:06:32	MarkDuplicates	Read   135,000,000 records.  Elapsed time: 00:07:40s.  Time for last 1,000,000:    3s.  Last read position: chr7:73,042,817
INFO	2019-05-22 15:06:32	MarkDuplicates	Tracking 99037 as yet unmatched pairs. 3470 records in RAM.
INFO	2019-05-22 15:06:35	MarkDuplicates	Read   136,000,000 records.  Elapsed time: 00:07:43s.  Time for last 1,000,000:    3s.  Last read position: chr7:97,425,217
INFO	2019-05-22 15:06:35	MarkDuplicates	Tracking 98327 as yet unmatched pairs. 2341 records in RAM.
INFO	2019-05-22 15:06:39	MarkDuplicates	Read   137,000,000 records.  Elapsed time: 00:07:47s.  Time for last 1,000,000:    3s.  Last read position: chr7:119,379,387
INFO	2019-05-22 15:06:39	MarkDuplicates	Tracking 97669 as yet unmatched pairs. 1462 records in RAM.
INFO	2019-05-22 15:06:42	MarkDuplicates	Read   138,000,000 records.  Elapsed time: 00:07:50s.  Time for last 1,000,000:    3s.  Last read position: chr7:145,226,591
INFO	2019-05-22 15:06:42	MarkDuplicates	Tracking 96746 as yet unmatched pairs. 6 records in RAM.
INFO	2019-05-22 15:06:46	MarkDuplicates	Read   139,000,000 records.  Elapsed time: 00:07:54s.  Time for last 1,000,000:    3s.  Last read position: chr8:21,687,011
INFO	2019-05-22 15:06:46	MarkDuplicates	Tracking 96438 as yet unmatched pairs. 3996 records in RAM.
INFO	2019-05-22 15:06:49	MarkDuplicates	Read   140,000,000 records.  Elapsed time: 00:07:57s.  Time for last 1,000,000:    3s.  Last read position: chr8:45,463,501
INFO	2019-05-22 15:06:49	MarkDuplicates	Tracking 95952 as yet unmatched pairs. 3371 records in RAM.
INFO	2019-05-22 15:06:53	MarkDuplicates	Read   141,000,000 records.  Elapsed time: 00:08:01s.  Time for last 1,000,000:    3s.  Last read position: chr8:70,609,322
INFO	2019-05-22 15:06:53	MarkDuplicates	Tracking 95524 as yet unmatched pairs. 2870 records in RAM.
INFO	2019-05-22 15:06:56	MarkDuplicates	Read   142,000,000 records.  Elapsed time: 00:08:04s.  Time for last 1,000,000:    3s.  Last read position: chr8:94,975,001
INFO	2019-05-22 15:06:56	MarkDuplicates	Tracking 94749 as yet unmatched pairs. 1909 records in RAM.
INFO	2019-05-22 15:07:00	MarkDuplicates	Read   143,000,000 records.  Elapsed time: 00:08:08s.  Time for last 1,000,000:    3s.  Last read position: chr8:120,030,209
INFO	2019-05-22 15:07:00	MarkDuplicates	Tracking 93765 as yet unmatched pairs. 474 records in RAM.
INFO	2019-05-22 15:07:03	MarkDuplicates	Read   144,000,000 records.  Elapsed time: 00:08:11s.  Time for last 1,000,000:    3s.  Last read position: chr9:3,001,878
INFO	2019-05-22 15:07:03	MarkDuplicates	Tracking 103690 as yet unmatched pairs. 14796 records in RAM.
INFO	2019-05-22 15:07:06	MarkDuplicates	Read   145,000,000 records.  Elapsed time: 00:08:14s.  Time for last 1,000,000:    2s.  Last read position: chr9:3,011,674
INFO	2019-05-22 15:07:06	MarkDuplicates	Tracking 96400 as yet unmatched pairs. 7503 records in RAM.
INFO	2019-05-22 15:07:09	MarkDuplicates	Read   146,000,000 records.  Elapsed time: 00:08:16s.  Time for last 1,000,000:    2s.  Last read position: chr9:3,023,516
INFO	2019-05-22 15:07:09	MarkDuplicates	Tracking 98062 as yet unmatched pairs. 9162 records in RAM.
INFO	2019-05-22 15:07:11	MarkDuplicates	Read   147,000,000 records.  Elapsed time: 00:08:19s.  Time for last 1,000,000:    2s.  Last read position: chr9:3,032,877
INFO	2019-05-22 15:07:11	MarkDuplicates	Tracking 96724 as yet unmatched pairs. 7820 records in RAM.
INFO	2019-05-22 15:07:14	MarkDuplicates	Read   148,000,000 records.  Elapsed time: 00:08:22s.  Time for last 1,000,000:    3s.  Last read position: chr9:15,319,782
INFO	2019-05-22 15:07:14	MarkDuplicates	Tracking 93071 as yet unmatched pairs. 4102 records in RAM.
INFO	2019-05-22 15:07:17	MarkDuplicates	Read   149,000,000 records.  Elapsed time: 00:08:25s.  Time for last 1,000,000:    2s.  Last read position: chr9:24,865,764
INFO	2019-05-22 15:07:17	MarkDuplicates	Tracking 92779 as yet unmatched pairs. 3768 records in RAM.
INFO	2019-05-22 15:07:21	MarkDuplicates	Read   150,000,000 records.  Elapsed time: 00:08:29s.  Time for last 1,000,000:    3s.  Last read position: chr9:49,140,459
INFO	2019-05-22 15:07:21	MarkDuplicates	Tracking 92271 as yet unmatched pairs. 3216 records in RAM.
INFO	2019-05-22 15:07:24	MarkDuplicates	Read   151,000,000 records.  Elapsed time: 00:08:32s.  Time for last 1,000,000:    3s.  Last read position: chr9:80,067,577
INFO	2019-05-22 15:07:24	MarkDuplicates	Tracking 91474 as yet unmatched pairs. 2318 records in RAM.
INFO	2019-05-22 15:07:27	MarkDuplicates	Read   152,000,000 records.  Elapsed time: 00:08:35s.  Time for last 1,000,000:    3s.  Last read position: chr9:93,175,903
INFO	2019-05-22 15:07:27	MarkDuplicates	Tracking 91160 as yet unmatched pairs. 1932 records in RAM.
INFO	2019-05-22 15:07:31	MarkDuplicates	Read   153,000,000 records.  Elapsed time: 00:08:38s.  Time for last 1,000,000:    3s.  Last read position: chr9:116,219,550
INFO	2019-05-22 15:07:31	MarkDuplicates	Tracking 90030 as yet unmatched pairs. 627 records in RAM.
INFO	2019-05-22 15:07:36	MarkDuplicates	Read   154,000,000 records.  Elapsed time: 00:08:44s.  Time for last 1,000,000:    5s.  Last read position: chrM:126
INFO	2019-05-22 15:07:36	MarkDuplicates	Tracking 206123 as yet unmatched pairs. 201581 records in RAM.
INFO	2019-05-22 15:07:40	MarkDuplicates	Read   155,000,000 records.  Elapsed time: 00:08:47s.  Time for last 1,000,000:    3s.  Last read position: chrM:559
INFO	2019-05-22 15:07:40	MarkDuplicates	Tracking 184675 as yet unmatched pairs. 180126 records in RAM.
INFO	2019-05-22 15:07:43	MarkDuplicates	Read   156,000,000 records.  Elapsed time: 00:08:51s.  Time for last 1,000,000:    3s.  Last read position: chrM:981
INFO	2019-05-22 15:07:43	MarkDuplicates	Tracking 190670 as yet unmatched pairs. 186109 records in RAM.
INFO	2019-05-22 15:07:47	MarkDuplicates	Read   157,000,000 records.  Elapsed time: 00:08:55s.  Time for last 1,000,000:    3s.  Last read position: chrM:1,394
INFO	2019-05-22 15:07:47	MarkDuplicates	Tracking 204800 as yet unmatched pairs. 200225 records in RAM.
INFO	2019-05-22 15:07:51	MarkDuplicates	Read   158,000,000 records.  Elapsed time: 00:08:59s.  Time for last 1,000,000:    3s.  Last read position: chrM:1,766
INFO	2019-05-22 15:07:51	MarkDuplicates	Tracking 198620 as yet unmatched pairs. 194036 records in RAM.
INFO	2019-05-22 15:07:54	MarkDuplicates	Read   159,000,000 records.  Elapsed time: 00:09:02s.  Time for last 1,000,000:    3s.  Last read position: chrM:2,217
INFO	2019-05-22 15:07:54	MarkDuplicates	Tracking 214712 as yet unmatched pairs. 210119 records in RAM.
INFO	2019-05-22 15:07:58	MarkDuplicates	Read   160,000,000 records.  Elapsed time: 00:09:06s.  Time for last 1,000,000:    3s.  Last read position: chrM:2,626
INFO	2019-05-22 15:07:58	MarkDuplicates	Tracking 183904 as yet unmatched pairs. 179306 records in RAM.
INFO	2019-05-22 15:08:02	MarkDuplicates	Read   161,000,000 records.  Elapsed time: 00:09:10s.  Time for last 1,000,000:    3s.  Last read position: chrM:3,029
INFO	2019-05-22 15:08:02	MarkDuplicates	Tracking 213467 as yet unmatched pairs. 208858 records in RAM.
INFO	2019-05-22 15:08:06	MarkDuplicates	Read   162,000,000 records.  Elapsed time: 00:09:13s.  Time for last 1,000,000:    3s.  Last read position: chrM:3,483
INFO	2019-05-22 15:08:06	MarkDuplicates	Tracking 202592 as yet unmatched pairs. 197979 records in RAM.
INFO	2019-05-22 15:08:09	MarkDuplicates	Read   163,000,000 records.  Elapsed time: 00:09:17s.  Time for last 1,000,000:    3s.  Last read position: chrM:3,872
INFO	2019-05-22 15:08:09	MarkDuplicates	Tracking 198157 as yet unmatched pairs. 193533 records in RAM.
INFO	2019-05-22 15:08:13	MarkDuplicates	Read   164,000,000 records.  Elapsed time: 00:09:21s.  Time for last 1,000,000:    3s.  Last read position: chrM:4,287
INFO	2019-05-22 15:08:13	MarkDuplicates	Tracking 240751 as yet unmatched pairs. 236110 records in RAM.
INFO	2019-05-22 15:08:16	MarkDuplicates	Read   165,000,000 records.  Elapsed time: 00:09:24s.  Time for last 1,000,000:    3s.  Last read position: chrM:4,690
INFO	2019-05-22 15:08:16	MarkDuplicates	Tracking 256702 as yet unmatched pairs. 252052 records in RAM.
INFO	2019-05-22 15:08:20	MarkDuplicates	Read   166,000,000 records.  Elapsed time: 00:09:28s.  Time for last 1,000,000:    3s.  Last read position: chrM:5,102
INFO	2019-05-22 15:08:20	MarkDuplicates	Tracking 217293 as yet unmatched pairs. 212632 records in RAM.
INFO	2019-05-22 15:08:24	MarkDuplicates	Read   167,000,000 records.  Elapsed time: 00:09:31s.  Time for last 1,000,000:    3s.  Last read position: chrM:5,472
INFO	2019-05-22 15:08:24	MarkDuplicates	Tracking 219969 as yet unmatched pairs. 215295 records in RAM.
INFO	2019-05-22 15:08:27	MarkDuplicates	Read   168,000,000 records.  Elapsed time: 00:09:35s.  Time for last 1,000,000:    3s.  Last read position: chrM:5,878
INFO	2019-05-22 15:08:27	MarkDuplicates	Tracking 175059 as yet unmatched pairs. 170369 records in RAM.
INFO	2019-05-22 15:08:31	MarkDuplicates	Read   169,000,000 records.  Elapsed time: 00:09:39s.  Time for last 1,000,000:    3s.  Last read position: chrM:6,243
INFO	2019-05-22 15:08:31	MarkDuplicates	Tracking 198418 as yet unmatched pairs. 193720 records in RAM.
INFO	2019-05-22 15:08:34	MarkDuplicates	Read   170,000,000 records.  Elapsed time: 00:09:42s.  Time for last 1,000,000:    3s.  Last read position: chrM:6,631
INFO	2019-05-22 15:08:34	MarkDuplicates	Tracking 149752 as yet unmatched pairs. 145051 records in RAM.
INFO	2019-05-22 15:08:37	MarkDuplicates	Read   171,000,000 records.  Elapsed time: 00:09:45s.  Time for last 1,000,000:    2s.  Last read position: chrM:7,024
INFO	2019-05-22 15:08:37	MarkDuplicates	Tracking 153868 as yet unmatched pairs. 149162 records in RAM.
INFO	2019-05-22 15:08:40	MarkDuplicates	Read   172,000,000 records.  Elapsed time: 00:09:48s.  Time for last 1,000,000:    2s.  Last read position: chrM:7,400
INFO	2019-05-22 15:08:40	MarkDuplicates	Tracking 153753 as yet unmatched pairs. 149040 records in RAM.
INFO	2019-05-22 15:08:43	MarkDuplicates	Read   173,000,000 records.  Elapsed time: 00:09:51s.  Time for last 1,000,000:    3s.  Last read position: chrM:7,781
INFO	2019-05-22 15:08:43	MarkDuplicates	Tracking 166912 as yet unmatched pairs. 162196 records in RAM.
INFO	2019-05-22 15:08:47	MarkDuplicates	Read   174,000,000 records.  Elapsed time: 00:09:54s.  Time for last 1,000,000:    3s.  Last read position: chrM:8,161
INFO	2019-05-22 15:08:47	MarkDuplicates	Tracking 139368 as yet unmatched pairs. 134645 records in RAM.
INFO	2019-05-22 15:08:50	MarkDuplicates	Read   175,000,000 records.  Elapsed time: 00:09:58s.  Time for last 1,000,000:    3s.  Last read position: chrM:8,537
INFO	2019-05-22 15:08:50	MarkDuplicates	Tracking 128340 as yet unmatched pairs. 123612 records in RAM.
INFO	2019-05-22 15:08:53	MarkDuplicates	Read   176,000,000 records.  Elapsed time: 00:10:01s.  Time for last 1,000,000:    3s.  Last read position: chrM:8,925
INFO	2019-05-22 15:08:53	MarkDuplicates	Tracking 128103 as yet unmatched pairs. 123370 records in RAM.
INFO	2019-05-22 15:08:56	MarkDuplicates	Read   177,000,000 records.  Elapsed time: 00:10:04s.  Time for last 1,000,000:    3s.  Last read position: chrM:9,269
INFO	2019-05-22 15:08:56	MarkDuplicates	Tracking 155104 as yet unmatched pairs. 150368 records in RAM.
INFO	2019-05-22 15:09:50	MarkDuplicates	Read   178,000,000 records.  Elapsed time: 00:10:58s.  Time for last 1,000,000:   53s.  Last read position: chrM:9,634
INFO	2019-05-22 15:09:50	MarkDuplicates	Tracking 141045 as yet unmatched pairs. 136306 records in RAM.
INFO	2019-05-22 15:09:53	MarkDuplicates	Read   179,000,000 records.  Elapsed time: 00:11:01s.  Time for last 1,000,000:    3s.  Last read position: chrM:9,993
INFO	2019-05-22 15:09:53	MarkDuplicates	Tracking 123148 as yet unmatched pairs. 118396 records in RAM.
INFO	2019-05-22 15:09:56	MarkDuplicates	Read   180,000,000 records.  Elapsed time: 00:11:04s.  Time for last 1,000,000:    3s.  Last read position: chrM:10,389
INFO	2019-05-22 15:09:56	MarkDuplicates	Tracking 115668 as yet unmatched pairs. 110911 records in RAM.
INFO	2019-05-22 15:10:00	MarkDuplicates	Read   181,000,000 records.  Elapsed time: 00:11:07s.  Time for last 1,000,000:    3s.  Last read position: chrM:10,805
INFO	2019-05-22 15:10:00	MarkDuplicates	Tracking 115962 as yet unmatched pairs. 111203 records in RAM.
INFO	2019-05-22 15:10:03	MarkDuplicates	Read   182,000,000 records.  Elapsed time: 00:11:11s.  Time for last 1,000,000:    3s.  Last read position: chrM:11,187
INFO	2019-05-22 15:10:03	MarkDuplicates	Tracking 117638 as yet unmatched pairs. 112875 records in RAM.
INFO	2019-05-22 15:10:07	MarkDuplicates	Read   183,000,000 records.  Elapsed time: 00:11:15s.  Time for last 1,000,000:    3s.  Last read position: chrM:11,577
INFO	2019-05-22 15:10:07	MarkDuplicates	Tracking 177149 as yet unmatched pairs. 172374 records in RAM.
INFO	2019-05-22 15:10:11	MarkDuplicates	Read   184,000,000 records.  Elapsed time: 00:11:19s.  Time for last 1,000,000:    3s.  Last read position: chrM:11,946
INFO	2019-05-22 15:10:11	MarkDuplicates	Tracking 140772 as yet unmatched pairs. 135979 records in RAM.
INFO	2019-05-22 15:10:15	MarkDuplicates	Read   185,000,000 records.  Elapsed time: 00:11:23s.  Time for last 1,000,000:    4s.  Last read position: chrM:12,343
INFO	2019-05-22 15:10:15	MarkDuplicates	Tracking 131442 as yet unmatched pairs. 126634 records in RAM.
INFO	2019-05-22 15:10:19	MarkDuplicates	Read   186,000,000 records.  Elapsed time: 00:11:27s.  Time for last 1,000,000:    3s.  Last read position: chrM:12,767
INFO	2019-05-22 15:10:19	MarkDuplicates	Tracking 164510 as yet unmatched pairs. 159691 records in RAM.
INFO	2019-05-22 15:10:22	MarkDuplicates	Read   187,000,000 records.  Elapsed time: 00:11:30s.  Time for last 1,000,000:    3s.  Last read position: chrM:13,180
INFO	2019-05-22 15:10:22	MarkDuplicates	Tracking 146310 as yet unmatched pairs. 141484 records in RAM.
INFO	2019-05-22 15:10:26	MarkDuplicates	Read   188,000,000 records.  Elapsed time: 00:11:34s.  Time for last 1,000,000:    3s.  Last read position: chrM:13,569
INFO	2019-05-22 15:10:26	MarkDuplicates	Tracking 126269 as yet unmatched pairs. 121435 records in RAM.
INFO	2019-05-22 15:10:30	MarkDuplicates	Read   189,000,000 records.  Elapsed time: 00:11:38s.  Time for last 1,000,000:    3s.  Last read position: chrM:14,016
INFO	2019-05-22 15:10:30	MarkDuplicates	Tracking 156330 as yet unmatched pairs. 151472 records in RAM.
INFO	2019-05-22 15:10:34	MarkDuplicates	Read   190,000,000 records.  Elapsed time: 00:11:42s.  Time for last 1,000,000:    4s.  Last read position: chrM:14,417
INFO	2019-05-22 15:10:34	MarkDuplicates	Tracking 132413 as yet unmatched pairs. 127547 records in RAM.
INFO	2019-05-22 15:10:37	MarkDuplicates	Read   191,000,000 records.  Elapsed time: 00:11:45s.  Time for last 1,000,000:    3s.  Last read position: chrM:14,831
INFO	2019-05-22 15:10:37	MarkDuplicates	Tracking 121866 as yet unmatched pairs. 116988 records in RAM.
INFO	2019-05-22 15:10:41	MarkDuplicates	Read   192,000,000 records.  Elapsed time: 00:11:49s.  Time for last 1,000,000:    3s.  Last read position: chrM:15,253
INFO	2019-05-22 15:10:41	MarkDuplicates	Tracking 138655 as yet unmatched pairs. 133762 records in RAM.
INFO	2019-05-22 15:10:45	MarkDuplicates	Read   193,000,000 records.  Elapsed time: 00:11:53s.  Time for last 1,000,000:    3s.  Last read position: chrM:15,748
INFO	2019-05-22 15:10:45	MarkDuplicates	Tracking 88504 as yet unmatched pairs. 83601 records in RAM.
INFO	2019-05-22 15:10:48	MarkDuplicates	Read   194,000,000 records.  Elapsed time: 00:11:56s.  Time for last 1,000,000:    3s.  Last read position: chrM:16,244
INFO	2019-05-22 15:10:48	MarkDuplicates	Tracking 41864 as yet unmatched pairs. 36910 records in RAM.
INFO	2019-05-22 15:10:52	MarkDuplicates	Read   195,000,000 records.  Elapsed time: 00:12:00s.  Time for last 1,000,000:    3s.  Last read position: chrX:21,906,174
INFO	2019-05-22 15:10:52	MarkDuplicates	Tracking 4393 as yet unmatched pairs. 4014 records in RAM.
INFO	2019-05-22 15:10:55	MarkDuplicates	Read   196,000,000 records.  Elapsed time: 00:12:03s.  Time for last 1,000,000:    3s.  Last read position: chrX:34,164,169
INFO	2019-05-22 15:10:55	MarkDuplicates	Tracking 4226 as yet unmatched pairs. 3846 records in RAM.
INFO	2019-05-22 15:10:58	MarkDuplicates	Read   197,000,000 records.  Elapsed time: 00:12:06s.  Time for last 1,000,000:    3s.  Last read position: chrX:58,642,966
INFO	2019-05-22 15:10:58	MarkDuplicates	Tracking 3904 as yet unmatched pairs. 3523 records in RAM.
INFO	2019-05-22 15:11:01	MarkDuplicates	Read   198,000,000 records.  Elapsed time: 00:12:09s.  Time for last 1,000,000:    3s.  Last read position: chrX:76,468,133
INFO	2019-05-22 15:11:01	MarkDuplicates	Tracking 3587 as yet unmatched pairs. 3204 records in RAM.
INFO	2019-05-22 15:11:05	MarkDuplicates	Read   199,000,000 records.  Elapsed time: 00:12:13s.  Time for last 1,000,000:    3s.  Last read position: chrX:101,051,589
INFO	2019-05-22 15:11:05	MarkDuplicates	Tracking 2763 as yet unmatched pairs. 2378 records in RAM.
INFO	2019-05-22 15:11:08	MarkDuplicates	Read   200,000,000 records.  Elapsed time: 00:12:16s.  Time for last 1,000,000:    3s.  Last read position: chrX:126,091,787
INFO	2019-05-22 15:11:08	MarkDuplicates	Tracking 2171 as yet unmatched pairs. 1774 records in RAM.
INFO	2019-05-22 15:11:11	MarkDuplicates	Read   201,000,000 records.  Elapsed time: 00:12:19s.  Time for last 1,000,000:    3s.  Last read position: chrX:149,809,350
INFO	2019-05-22 15:11:11	MarkDuplicates	Tracking 896 as yet unmatched pairs. 495 records in RAM.
INFO	2019-05-22 15:11:15	MarkDuplicates	Read   202,000,000 records.  Elapsed time: 00:12:23s.  Time for last 1,000,000:    3s.  Last read position: chrY:4,154,496
INFO	2019-05-22 15:11:15	MarkDuplicates	Tracking 392 as yet unmatched pairs. 392 records in RAM.
INFO	2019-05-22 15:11:17	MarkDuplicates	Read 202730001 records. 0 pairs never matched.
INFO	2019-05-22 15:11:32	MarkDuplicates	After buildSortedReadEndLists freeMemory: 10473469768; totalMemory: 10485760000; maxMemory: 10485760000
INFO	2019-05-22 15:11:32	MarkDuplicates	Will retain up to 327680000 duplicate indices before spilling to disk.
INFO	2019-05-22 15:11:33	MarkDuplicates	Traversing read pair information and detecting duplicates.
INFO	2019-05-22 15:11:33	SortingCollection	Creating merging iterator from 2 files
WARNING	2019-05-22 15:11:33	SortingCollection	There is not enough memory per file for buffering. Reading will be unbuffered.
INFO	2019-05-22 15:11:51	OpticalDuplicateFinder	Large duplicate set. size = 1202
INFO	2019-05-22 15:11:51	OpticalDuplicateFinder	compared         1,000 ReadEnds to others.  Elapsed time: 00:00:00s.  Time for last 1,000:    0s.  Last read position: 0:14,299
INFO	2019-05-22 15:11:51	OpticalDuplicateFinder	Large duplicate set. size = 1054
INFO	2019-05-22 15:11:51	OpticalDuplicateFinder	compared         1,000 ReadEnds to others.  Elapsed time: 00:00:00s.  Time for last 1,000:    0s.  Last read position: 0:13,284
INFO	2019-05-22 15:11:54	OpticalDuplicateFinder	Large duplicate set. size = 1269
INFO	2019-05-22 15:11:54	OpticalDuplicateFinder	compared         1,000 ReadEnds to others.  Elapsed time: 00:00:00s.  Time for last 1,000:    0s.  Last read position: 0:5,696
INFO	2019-05-22 15:11:54	OpticalDuplicateFinder	Large duplicate set. size = 1146
INFO	2019-05-22 15:11:54	OpticalDuplicateFinder	compared         1,000 ReadEnds to others.  Elapsed time: 00:00:00s.  Time for last 1,000:    0s.  Last read position: 0:10,045
INFO	2019-05-22 15:11:58	OpticalDuplicateFinder	Large duplicate set. size = 1033
INFO	2019-05-22 15:11:58	OpticalDuplicateFinder	compared         1,000 ReadEnds to others.  Elapsed time: 00:00:00s.  Time for last 1,000:    0s.  Last read position: 0:15,032
INFO	2019-05-22 15:12:00	OpticalDuplicateFinder	Large duplicate set. size = 1495
INFO	2019-05-22 15:12:00	OpticalDuplicateFinder	compared         1,000 ReadEnds to others.  Elapsed time: 00:00:00s.  Time for last 1,000:    0s.  Last read position: 0:19,913
INFO	2019-05-22 15:12:00	OpticalDuplicateFinder	Large duplicate set. size = 1485
INFO	2019-05-22 15:12:00	OpticalDuplicateFinder	compared         1,000 ReadEnds to others.  Elapsed time: 00:00:00s.  Time for last 1,000:    0s.  Last read position: 0:18,714
INFO	2019-05-22 15:12:01	OpticalDuplicateFinder	Large duplicate set. size = 1140
INFO	2019-05-22 15:12:01	OpticalDuplicateFinder	compared         1,000 ReadEnds to others.  Elapsed time: 00:00:00s.  Time for last 1,000:    0s.  Last read position: 0:2,941
INFO	2019-05-22 15:12:01	OpticalDuplicateFinder	Large duplicate set. size = 1084
INFO	2019-05-22 15:12:01	OpticalDuplicateFinder	compared         1,000 ReadEnds to others.  Elapsed time: 00:00:00s.  Time for last 1,000:    0s.  Last read position: 0:21,576
INFO	2019-05-22 15:12:01	OpticalDuplicateFinder	Large duplicate set. size = 1016
INFO	2019-05-22 15:12:01	OpticalDuplicateFinder	compared         1,000 ReadEnds to others.  Elapsed time: 00:00:00s.  Time for last 1,000:    0s.  Last read position: 0:4,896
INFO	2019-05-22 15:12:02	OpticalDuplicateFinder	Large duplicate set. size = 1003
INFO	2019-05-22 15:12:02	OpticalDuplicateFinder	compared         1,000 ReadEnds to others.  Elapsed time: 00:00:00s.  Time for last 1,000:    0s.  Last read position: 0:2,399
INFO	2019-05-22 15:12:02	OpticalDuplicateFinder	Large duplicate set. size = 1233
INFO	2019-05-22 15:12:02	OpticalDuplicateFinder	compared         1,000 ReadEnds to others.  Elapsed time: 00:00:00s.  Time for last 1,000:    0s.  Last read position: 0:13,623
INFO	2019-05-22 15:12:02	OpticalDuplicateFinder	Large duplicate set. size = 1078
INFO	2019-05-22 15:12:02	OpticalDuplicateFinder	compared         1,000 ReadEnds to others.  Elapsed time: 00:00:00s.  Time for last 1,000:    0s.  Last read position: 0:19,555
INFO	2019-05-22 15:12:02	OpticalDuplicateFinder	Large duplicate set. size = 1068
INFO	2019-05-22 15:12:02	OpticalDuplicateFinder	compared         1,000 ReadEnds to others.  Elapsed time: 00:00:00s.  Time for last 1,000:    0s.  Last read position: 0:19,596
INFO	2019-05-22 15:12:02	OpticalDuplicateFinder	Large duplicate set. size = 1019
INFO	2019-05-22 15:12:02	OpticalDuplicateFinder	compared         1,000 ReadEnds to others.  Elapsed time: 00:00:00s.  Time for last 1,000:    0s.  Last read position: 0:24,780
INFO	2019-05-22 15:12:02	OpticalDuplicateFinder	Large duplicate set. size = 1214
INFO	2019-05-22 15:12:02	OpticalDuplicateFinder	compared         1,000 ReadEnds to others.  Elapsed time: 00:00:00s.  Time for last 1,000:    0s.  Last read position: 0:20,820
INFO	2019-05-22 15:12:03	MarkDuplicates	Traversing fragment information and detecting duplicates.
INFO	2019-05-22 15:12:03	SortingCollection	Creating merging iterator from 3 files
WARNING	2019-05-22 15:12:03	SortingCollection	There is not enough memory per file for buffering. Reading will be unbuffered.
INFO	2019-05-22 15:12:30	MarkDuplicates	Sorting list of duplicate records.
INFO	2019-05-22 15:12:33	MarkDuplicates	After generateDuplicateIndexes freeMemory: 7847936392; totalMemory: 10485760000; maxMemory: 10485760000
INFO	2019-05-22 15:12:33	MarkDuplicates	Marking 40948410 records as duplicates.
INFO	2019-05-22 15:12:33	MarkDuplicates	Found 63982 optical duplicate clusters.
INFO	2019-05-22 15:12:34	MarkDuplicates	Reads are assumed to be ordered by: coordinate
INFO	2019-05-22 15:16:48	MarkDuplicates	Written    10,000,000 records.  Elapsed time: 00:04:14s.  Time for last 10,000,000:  254s.  Last read position: chr11:76,921,145
INFO	2019-05-22 15:23:43	MarkDuplicates	Written    20,000,000 records.  Elapsed time: 00:11:09s.  Time for last 10,000,000:  414s.  Last read position: chr13:17,803,425
INFO	2019-05-22 15:29:21	MarkDuplicates	Written    30,000,000 records.  Elapsed time: 00:16:47s.  Time for last 10,000,000:  337s.  Last read position: chr14:19,418,765
INFO	2019-05-22 15:34:19	MarkDuplicates	Written    40,000,000 records.  Elapsed time: 00:21:45s.  Time for last 10,000,000:  298s.  Last read position: chr16:26,397,492
INFO	2019-05-22 15:40:43	MarkDuplicates	Written    50,000,000 records.  Elapsed time: 00:28:09s.  Time for last 10,000,000:  384s.  Last read position: chr18:65,119,835
INFO	2019-05-22 15:43:53	MarkDuplicates	Written    60,000,000 records.  Elapsed time: 00:31:19s.  Time for last 10,000,000:  190s.  Last read position: chr1:24,613,505
INFO	2019-05-22 15:49:57	MarkDuplicates	Written    70,000,000 records.  Elapsed time: 00:37:23s.  Time for last 10,000,000:  363s.  Last read position: chr1:85,617,398
INFO	2019-05-22 15:53:15	MarkDuplicates	Written    80,000,000 records.  Elapsed time: 00:40:41s.  Time for last 10,000,000:  198s.  Last read position: chr2:22,588,796
INFO	2019-05-22 15:56:48	MarkDuplicates	Written    90,000,000 records.  Elapsed time: 00:44:14s.  Time for last 10,000,000:  213s.  Last read position: chr2:98,666,819
INFO	2019-05-22 16:00:04	MarkDuplicates	Written   100,000,000 records.  Elapsed time: 00:47:30s.  Time for last 10,000,000:  195s.  Last read position: chr3:103,847,896
INFO	2019-05-22 16:04:18	MarkDuplicates	Written   110,000,000 records.  Elapsed time: 00:51:44s.  Time for last 10,000,000:  254s.  Last read position: chr4:80,004,227
INFO	2019-05-22 16:08:49	MarkDuplicates	Written   120,000,000 records.  Elapsed time: 00:56:15s.  Time for last 10,000,000:  270s.  Last read position: chr5:74,775,709
INFO	2019-05-22 16:12:28	MarkDuplicates	Written   130,000,000 records.  Elapsed time: 00:59:54s.  Time for last 10,000,000:  218s.  Last read position: chr6:128,133,826
INFO	2019-05-22 16:15:22	MarkDuplicates	Written   140,000,000 records.  Elapsed time: 01:02:48s.  Time for last 10,000,000:  173s.  Last read position: chr8:45,463,501
INFO	2019-05-22 16:17:55	MarkDuplicates	Written   150,000,000 records.  Elapsed time: 01:05:21s.  Time for last 10,000,000:  153s.  Last read position: chr9:49,140,459
INFO	2019-05-22 16:20:22	MarkDuplicates	Written   160,000,000 records.  Elapsed time: 01:07:48s.  Time for last 10,000,000:  146s.  Last read position: chrM:2,626
INFO	2019-05-22 16:22:37	MarkDuplicates	Written   170,000,000 records.  Elapsed time: 01:10:03s.  Time for last 10,000,000:  135s.  Last read position: chrM:6,631
INFO	2019-05-22 16:24:52	MarkDuplicates	Written   180,000,000 records.  Elapsed time: 01:12:18s.  Time for last 10,000,000:  134s.  Last read position: chrM:10,389
INFO	2019-05-22 16:27:07	MarkDuplicates	Written   190,000,000 records.  Elapsed time: 01:14:33s.  Time for last 10,000,000:  135s.  Last read position: chrM:14,417
INFO	2019-05-22 16:29:48	MarkDuplicates	Written   200,000,000 records.  Elapsed time: 01:17:14s.  Time for last 10,000,000:  161s.  Last read position: chrX:126,091,787
INFO	2019-05-22 16:31:16	MarkDuplicates	Before output close freeMemory: 10474125904; totalMemory: 10485760000; maxMemory: 10485760000
INFO	2019-05-22 16:31:16	MarkDuplicates	After output close freeMemory: 10474125904; totalMemory: 10485760000; maxMemory: 10485760000
[Wed May 22 16:31:16 EDT 2019] picard.sam.markduplicates.MarkDuplicates done. Elapsed time: 92.41 minutes.
Runtime.totalMemory()=10485760000
Started analysis of AB3837-L1.bam
Approx 5% complete for AB3837-L1.bam
Approx 10% complete for AB3837-L1.bam
Approx 15% complete for AB3837-L1.bam
Approx 20% complete for AB3837-L1.bam
Approx 25% complete for AB3837-L1.bam
Approx 30% complete for AB3837-L1.bam
Approx 35% complete for AB3837-L1.bam
Approx 40% complete for AB3837-L1.bam
Approx 45% complete for AB3837-L1.bam
Approx 50% complete for AB3837-L1.bam
Approx 55% complete for AB3837-L1.bam
Approx 60% complete for AB3837-L1.bam
Approx 65% complete for AB3837-L1.bam
Approx 70% complete for AB3837-L1.bam
Approx 75% complete for AB3837-L1.bam
Approx 80% complete for AB3837-L1.bam
Approx 85% complete for AB3837-L1.bam
Approx 90% complete for AB3837-L1.bam
Approx 95% complete for AB3837-L1.bam
Java HotSpot(TM) 64-Bit Server VM warning: Ignoring option MaxPermSize; support was removed in 8.0
[+] Loading python 2.7  ... 
[-] Unloading python 2.7  ... 
[+] Loading snakemake  5.4.4 
[+] Loading java 12.0.1  ... 
[+] Loading bowtie  2-2.3.5 
[+] Loading samtools 1.9  ... 
[+] Loading picard  2.18.27 
[+] Loading fastqc  0.11.8 
[+] Loading GSL 2.4 for GCC 7.2.0 ... 
[+] Loading gcc  7.3.0  ... 
[+] Loading openmpi 3.0.2  for GCC 7.3.0 
[+] Loading ImageMagick  7.0.8  on cn3493 
[+] Loading HDF5  1.10.4 
[+] Loading pandoc  2.1.1  on cn3493 
[+] Loading R 3.5.2 
[+] Loading qualimap  2.2.1  on cn3493 
#
DONE!!!!
#
ELAPSED TIME: 13184 seconds
------------------------------------------------------------------------------
[Wed May 22 17:37:08 2019]
Finished job 0.
1 of 1 steps (100%) done
