Building DAG of jobs...
Using shell: /usr/bin/bash
Provided cores: 30
Rules claiming more threads will be scaled down.
Unlimited resources: mem_mb
Job counts:
	count	jobs
	1	Alignment_Paired
	1

[Wed May 22 13:57:17 2019]
Job 0: Alignment_Paired: Ccl20+_T|AB3836-L1

[+] Loading bowtie  2-2.3.5 
[-] Unloading samtools 1.9  ... 
[+] Loading samtools 1.9  ... 
[+] Loading gcc  7.3.0  ... 
[+] Loading GSL 2.4 for GCC 7.2.0 ... 
[-] Unloading gcc  7.3.0  ... 
[+] Loading gcc  7.3.0  ... 
[+] Loading openmpi 3.0.2  for GCC 7.3.0 
[+] Loading ImageMagick  7.0.8  on cn1885 
[+] Loading HDF5  1.10.4 
[+] Loading pandoc  2.1.1  on cn1885 
[+] Loading R 3.5.2 
[-] Unloading gcc  7.3.0  ... 
[-] Unloading GSL 2.4 for GCC 7.2.0 ... 
[-] Unloading openmpi 3.0.2  for GCC 7.3.0 
[-] Unloading ImageMagick  7.0.8  on cn1885 
[-] Unloading HDF5  1.10.4 
[-] Unloading pandoc  2.1.1  on cn1885 
[-] Unloading R 3.5.2 
[+] Loading gcc  7.3.0  ... 
[+] Loading GSL 2.4 for GCC 7.2.0 ... 
[-] Unloading gcc  7.3.0  ... 
[+] Loading gcc  7.3.0  ... 
[+] Loading openmpi 3.0.2  for GCC 7.3.0 
[+] Loading ImageMagick  7.0.8  on cn1885 
[+] Loading HDF5  1.10.4 
[+] Loading pandoc  2.1.1  on cn1885 
[+] Loading R 3.5.2 
[+] Loading picard  2.18.27 
[+] Loading fastqc  0.11.8 
[+] Loading qualimap  2.2.1  on cn1885 
[-] Unloading gcc  7.3.0  ... 
[-] Unloading GSL 2.4 for GCC 7.2.0 ... 
[-] Unloading openmpi 3.0.2  for GCC 7.3.0 
[-] Unloading ImageMagick  7.0.8  on cn1885 
[-] Unloading HDF5  1.10.4 
[-] Unloading pandoc  2.1.1  on cn1885 
[-] Unloading R 3.5.2 
[+] Loading gcc  7.3.0  ... 
[+] Loading GSL 2.4 for GCC 7.2.0 ... 
[-] Unloading gcc  7.3.0  ... 
[+] Loading gcc  7.3.0  ... 
[+] Loading openmpi 3.0.2  for GCC 7.3.0 
[+] Loading ImageMagick  7.0.8  on cn1885 
[+] Loading HDF5  1.10.4 
[+] Loading pandoc  2.1.1  on cn1885 
[+] Loading R 3.5.2 
###################################- COMMANDLINE -############################
bowtie/2-2.3.5
samtools/1.9
picard/2.18.27
fastqc/0.11.8
qualimap/2.2.1
Alignment
#
INPUT1: /data/shamsaddinisha/jfarber-20160119-P1/spsingh-20190308-E1/spsingh-20190521-D1/mm10/Ccl20+_T/pre_process/AB3836-L1.R1.processed.fastq
INPUT2: /data/shamsaddinisha/jfarber-20160119-P1/spsingh-20190308-E1/spsingh-20190521-D1/mm10/Ccl20+_T/pre_process/AB3836-L1.R2.processed.fastq
#
OUTPUT1: /data/shamsaddinisha/jfarber-20160119-P1/spsingh-20190308-E1/spsingh-20190521-D1/mm10/Ccl20+_T/alignment/AB3836-L1.bam
OUTPUT2: /data/shamsaddinisha/jfarber-20160119-P1/spsingh-20190308-E1/spsingh-20190521-D1/mm10/Ccl20+_T/alignment/AB3836-L1.bam.bai
OUTPUT3: /data/shamsaddinisha/jfarber-20160119-P1/spsingh-20190308-E1/spsingh-20190521-D1/mm10/Ccl20+_T/report/alignment/AB3836-L1.alignment.txt
OUTPUT4: /data/shamsaddinisha/jfarber-20160119-P1/spsingh-20190308-E1/spsingh-20190521-D1/mm10/Ccl20+_T/report/alignment/AB3836-L1.picard.txt
OUTPUT5: /data/shamsaddinisha/jfarber-20160119-P1/spsingh-20190308-E1/spsingh-20190521-D1/mm10/Ccl20+_T/report/alignment/AB3836-L1.samtools.txt
++++++++++++++++++++++++++++++++++++++++++++++++++++++++++++++++++++++++++++++
bowtie2 -k 10 --mm --local -X 2000 --threads 30 -x /fdb/igenomes/Mus_musculus/UCSC/mm10/Sequence/Bowtie2Index/genome -1 /data/shamsaddinisha/jfarber-20160119-P1/spsingh-20190308-E1/spsingh-20190521-D1/mm10/Ccl20+_T/pre_process/AB3836-L1.R1.processed.fastq -2 /data/shamsaddinisha/jfarber-20160119-P1/spsingh-20190308-E1/spsingh-20190521-D1/mm10/Ccl20+_T/pre_process/AB3836-L1.R2.processed.fastq 2> /data/shamsaddinisha/jfarber-20160119-P1/spsingh-20190308-E1/spsingh-20190521-D1/mm10/Ccl20+_T/report/alignment/AB3836-L1.alignment.txt | samtools sort --threads 30 -m 2G -O bam -T /data/shamsaddinisha/jfarber-20160119-P1/spsingh-20190308-E1/spsingh-20190521-D1/mm10/Ccl20+_T/alignment/AB3836-L1 -o /data/shamsaddinisha/jfarber-20160119-P1/spsingh-20190308-E1/spsingh-20190521-D1/mm10/Ccl20+_T/alignment/AB3836-L1.bam.tmp - 
#
java -Xms10000M -Xmx10000M -XX:ParallelGCThreads=30 -jar /usr/local/apps/picard/2.18.27/picard.jar MarkDuplicates INPUT=/data/shamsaddinisha/jfarber-20160119-P1/spsingh-20190308-E1/spsingh-20190521-D1/mm10/Ccl20+_T/alignment/AB3836-L1.bam.tmp OUTPUT=/data/shamsaddinisha/jfarber-20160119-P1/spsingh-20190308-E1/spsingh-20190521-D1/mm10/Ccl20+_T/alignment/AB3836-L1.bam TMP_DIR=/lscratch/27137792 METRICS_FILE=/data/shamsaddinisha/jfarber-20160119-P1/spsingh-20190308-E1/spsingh-20190521-D1/mm10/Ccl20+_T/report/alignment/AB3836-L1.picard.txt VALIDATION_STRINGENCY=LENIENT ASSUME_SORT_ORDER=coordinate REMOVE_DUPLICATES=false
#
samtools index -@ 30 -b /data/shamsaddinisha/jfarber-20160119-P1/spsingh-20190308-E1/spsingh-20190521-D1/mm10/Ccl20+_T/alignment/AB3836-L1.bam
#
samtools flagstat --threads 30 /data/shamsaddinisha/jfarber-20160119-P1/spsingh-20190308-E1/spsingh-20190521-D1/mm10/Ccl20+_T/alignment/AB3836-L1.bam > /data/shamsaddinisha/jfarber-20160119-P1/spsingh-20190308-E1/spsingh-20190521-D1/mm10/Ccl20+_T/report/alignment/AB3836-L1.samtools.txt
#
rm -rf /data/shamsaddinisha/jfarber-20160119-P1/spsingh-20190308-E1/spsingh-20190521-D1/mm10/Ccl20+_T/alignment/AB3836-L1.bam.tmp
#
fastqc -o /data/shamsaddinisha/jfarber-20160119-P1/spsingh-20190308-E1/spsingh-20190521-D1/mm10/Ccl20+_T/report/alignment -f bam --threads 30 /data/shamsaddinisha/jfarber-20160119-P1/spsingh-20190308-E1/spsingh-20190521-D1/mm10/Ccl20+_T/alignment/AB3836-L1.bam
#
qualimap bamqc -bam /data/shamsaddinisha/jfarber-20160119-P1/spsingh-20190308-E1/spsingh-20190521-D1/mm10/Ccl20+_T/alignment/AB3836-L1.bam -nt 30 --genome-gc-distr MOUSE - mm10 -hm 3 -nr 100 -nw 400 -outformat HTML --skip-dup-mode 1 --java-mem-size=10G -outdir /data/shamsaddinisha/jfarber-20160119-P1/spsingh-20190308-E1/spsingh-20190521-D1/mm10/Ccl20+_T/report/alignment/AB3836-L1_qualimap
#
python ./Python_Script/bamChipQC.py --infile /data/shamsaddinisha/jfarber-20160119-P1/spsingh-20190308-E1/spsingh-20190521-D1/mm10/Ccl20+_T/alignment/AB3836-L1.bam --outfile /data/shamsaddinisha/jfarber-20160119-P1/spsingh-20190308-E1/spsingh-20190521-D1/mm10/Ccl20+_T/report/alignment/AB3836-L1_PBC.txt --cores 30
#
EXECUTING....
#
[bam_sort_core] merging from 0 files and 30 in-memory blocks...
INFO	2019-05-22 15:00:40	MarkDuplicates	

********** NOTE: Picard's command line syntax is changing.
**********
********** For more information, please see:
********** https://github.com/broadinstitute/picard/wiki/Command-Line-Syntax-Transition-For-Users-(Pre-Transition)
**********
********** The command line looks like this in the new syntax:
**********
**********    MarkDuplicates -INPUT /data/shamsaddinisha/jfarber-20160119-P1/spsingh-20190308-E1/spsingh-20190521-D1/mm10/Ccl20+_T/alignment/AB3836-L1.bam.tmp -OUTPUT /data/shamsaddinisha/jfarber-20160119-P1/spsingh-20190308-E1/spsingh-20190521-D1/mm10/Ccl20+_T/alignment/AB3836-L1.bam -METRICS_FILE /data/shamsaddinisha/jfarber-20160119-P1/spsingh-20190308-E1/spsingh-20190521-D1/mm10/Ccl20+_T/report/alignment/AB3836-L1.picard.txt -VALIDATION_STRINGENCY LENIENT -ASSUME_SORT_ORDER coordinate -REMOVE_DUPLICATES false
**********


15:00:41.215 INFO  NativeLibraryLoader - Loading libgkl_compression.so from jar:file:/usr/local/apps/picard/2.18.27/picard.jar!/com/intel/gkl/native/libgkl_compression.so
[Wed May 22 15:00:41 EDT 2019] MarkDuplicates INPUT=[/data/shamsaddinisha/jfarber-20160119-P1/spsingh-20190308-E1/spsingh-20190521-D1/mm10/Ccl20+_T/alignment/AB3836-L1.bam.tmp] OUTPUT=/data/shamsaddinisha/jfarber-20160119-P1/spsingh-20190308-E1/spsingh-20190521-D1/mm10/Ccl20+_T/alignment/AB3836-L1.bam METRICS_FILE=/data/shamsaddinisha/jfarber-20160119-P1/spsingh-20190308-E1/spsingh-20190521-D1/mm10/Ccl20+_T/report/alignment/AB3836-L1.picard.txt REMOVE_DUPLICATES=false ASSUME_SORT_ORDER=coordinate VALIDATION_STRINGENCY=LENIENT    MAX_SEQUENCES_FOR_DISK_READ_ENDS_MAP=50000 MAX_FILE_HANDLES_FOR_READ_ENDS_MAP=8000 SORTING_COLLECTION_SIZE_RATIO=0.25 TAG_DUPLICATE_SET_MEMBERS=false REMOVE_SEQUENCING_DUPLICATES=false TAGGING_POLICY=DontTag CLEAR_DT=true DUPLEX_UMI=false ADD_PG_TAG_TO_READS=true ASSUME_SORTED=false DUPLICATE_SCORING_STRATEGY=SUM_OF_BASE_QUALITIES PROGRAM_RECORD_ID=MarkDuplicates PROGRAM_GROUP_NAME=MarkDuplicates READ_NAME_REGEX=<optimized capture of last three ':' separated fields as numeric values> OPTICAL_DUPLICATE_PIXEL_DISTANCE=100 MAX_OPTICAL_DUPLICATE_SET_SIZE=300000 VERBOSITY=INFO QUIET=false COMPRESSION_LEVEL=5 MAX_RECORDS_IN_RAM=500000 CREATE_INDEX=false CREATE_MD5_FILE=false GA4GH_CLIENT_SECRETS=client_secrets.json USE_JDK_DEFLATER=false USE_JDK_INFLATER=false
[Wed May 22 15:00:41 EDT 2019] Executing as shamsaddinisha@cn1885 on Linux 3.10.0-862.14.4.el7.x86_64 amd64; Java HotSpot(TM) 64-Bit Server VM 12.0.1+12; Deflater: Intel; Inflater: Intel; Provider GCS is not available; Picard version: 2.18.27-SNAPSHOT
INFO	2019-05-22 15:00:41	MarkDuplicates	Start of doWork freeMemory: 10475066072; totalMemory: 10485760000; maxMemory: 10485760000
INFO	2019-05-22 15:00:41	MarkDuplicates	Reading input file and constructing read end information.
INFO	2019-05-22 15:00:41	MarkDuplicates	Will retain up to 37991884 data points before spilling to disk.
INFO	2019-05-22 15:00:45	MarkDuplicates	Read     1,000,000 records.  Elapsed time: 00:00:03s.  Time for last 1,000,000:    3s.  Last read position: chr10:25,730,309
INFO	2019-05-22 15:00:45	MarkDuplicates	Tracking 1692 as yet unmatched pairs. 60 records in RAM.
INFO	2019-05-22 15:00:48	MarkDuplicates	Read     2,000,000 records.  Elapsed time: 00:00:07s.  Time for last 1,000,000:    3s.  Last read position: chr10:45,329,437
INFO	2019-05-22 15:00:48	MarkDuplicates	Tracking 2238 as yet unmatched pairs. 78 records in RAM.
INFO	2019-05-22 15:00:52	MarkDuplicates	Read     3,000,000 records.  Elapsed time: 00:00:10s.  Time for last 1,000,000:    3s.  Last read position: chr10:68,442,513
INFO	2019-05-22 15:00:52	MarkDuplicates	Tracking 3069 as yet unmatched pairs. 91 records in RAM.
INFO	2019-05-22 15:00:55	MarkDuplicates	Read     4,000,000 records.  Elapsed time: 00:00:14s.  Time for last 1,000,000:    3s.  Last read position: chr10:85,026,018
INFO	2019-05-22 15:00:55	MarkDuplicates	Tracking 4021 as yet unmatched pairs. 93 records in RAM.
INFO	2019-05-22 15:00:58	MarkDuplicates	Read     5,000,000 records.  Elapsed time: 00:00:17s.  Time for last 1,000,000:    3s.  Last read position: chr10:93,421,032
INFO	2019-05-22 15:00:58	MarkDuplicates	Tracking 4253 as yet unmatched pairs. 129 records in RAM.
INFO	2019-05-22 15:01:01	MarkDuplicates	Read     6,000,000 records.  Elapsed time: 00:00:20s.  Time for last 1,000,000:    2s.  Last read position: chr10:96,077,815
INFO	2019-05-22 15:01:01	MarkDuplicates	Tracking 5211 as yet unmatched pairs. 100 records in RAM.
INFO	2019-05-22 15:01:05	MarkDuplicates	Read     7,000,000 records.  Elapsed time: 00:00:23s.  Time for last 1,000,000:    3s.  Last read position: chr10:118,586,759
INFO	2019-05-22 15:01:05	MarkDuplicates	Tracking 5941 as yet unmatched pairs. 81 records in RAM.
INFO	2019-05-22 15:01:08	MarkDuplicates	Read     8,000,000 records.  Elapsed time: 00:00:27s.  Time for last 1,000,000:    3s.  Last read position: chr11:8,421,283
INFO	2019-05-22 15:01:08	MarkDuplicates	Tracking 8585 as yet unmatched pairs. 351 records in RAM.
INFO	2019-05-22 15:01:12	MarkDuplicates	Read     9,000,000 records.  Elapsed time: 00:00:30s.  Time for last 1,000,000:    3s.  Last read position: chr11:29,656,528
INFO	2019-05-22 15:01:12	MarkDuplicates	Tracking 9427 as yet unmatched pairs. 326 records in RAM.
INFO	2019-05-22 15:01:16	MarkDuplicates	Read    10,000,000 records.  Elapsed time: 00:00:34s.  Time for last 1,000,000:    4s.  Last read position: chr11:48,839,071
INFO	2019-05-22 15:01:16	MarkDuplicates	Tracking 9885 as yet unmatched pairs. 311 records in RAM.
INFO	2019-05-22 15:01:19	MarkDuplicates	Read    11,000,000 records.  Elapsed time: 00:00:38s.  Time for last 1,000,000:    3s.  Last read position: chr11:75,361,329
INFO	2019-05-22 15:01:19	MarkDuplicates	Tracking 11080 as yet unmatched pairs. 262 records in RAM.
INFO	2019-05-22 15:01:23	MarkDuplicates	Read    12,000,000 records.  Elapsed time: 00:00:41s.  Time for last 1,000,000:    3s.  Last read position: chr11:90,538,710
INFO	2019-05-22 15:01:23	MarkDuplicates	Tracking 11858 as yet unmatched pairs. 222 records in RAM.
INFO	2019-05-22 15:01:25	MarkDuplicates	Read    13,000,000 records.  Elapsed time: 00:00:44s.  Time for last 1,000,000:    2s.  Last read position: chr11:92,559,626
INFO	2019-05-22 15:01:25	MarkDuplicates	Tracking 11925 as yet unmatched pairs. 204 records in RAM.
INFO	2019-05-22 15:01:29	MarkDuplicates	Read    14,000,000 records.  Elapsed time: 00:00:47s.  Time for last 1,000,000:    3s.  Last read position: chr11:114,854,506
INFO	2019-05-22 15:01:29	MarkDuplicates	Tracking 13912 as yet unmatched pairs. 57 records in RAM.
INFO	2019-05-22 15:01:32	MarkDuplicates	Read    15,000,000 records.  Elapsed time: 00:00:50s.  Time for last 1,000,000:    3s.  Last read position: chr12:6,610,384
INFO	2019-05-22 15:01:32	MarkDuplicates	Tracking 14591 as yet unmatched pairs. 589 records in RAM.
INFO	2019-05-22 15:01:35	MarkDuplicates	Read    16,000,000 records.  Elapsed time: 00:00:54s.  Time for last 1,000,000:    3s.  Last read position: chr12:23,902,848
INFO	2019-05-22 15:01:35	MarkDuplicates	Tracking 14913 as yet unmatched pairs. 563 records in RAM.
INFO	2019-05-22 15:01:39	MarkDuplicates	Read    17,000,000 records.  Elapsed time: 00:00:57s.  Time for last 1,000,000:    3s.  Last read position: chr12:50,732,675
INFO	2019-05-22 15:01:39	MarkDuplicates	Tracking 15573 as yet unmatched pairs. 467 records in RAM.
INFO	2019-05-22 15:01:42	MarkDuplicates	Read    18,000,000 records.  Elapsed time: 00:01:00s.  Time for last 1,000,000:    3s.  Last read position: chr12:64,887,193
INFO	2019-05-22 15:01:42	MarkDuplicates	Tracking 15795 as yet unmatched pairs. 433 records in RAM.
INFO	2019-05-22 15:01:45	MarkDuplicates	Read    19,000,000 records.  Elapsed time: 00:01:04s.  Time for last 1,000,000:    3s.  Last read position: chr12:86,859,442
INFO	2019-05-22 15:01:45	MarkDuplicates	Tracking 16594 as yet unmatched pairs. 292 records in RAM.
INFO	2019-05-22 15:01:49	MarkDuplicates	Read    20,000,000 records.  Elapsed time: 00:01:07s.  Time for last 1,000,000:    3s.  Last read position: chr12:97,061,641
INFO	2019-05-22 15:01:49	MarkDuplicates	Tracking 21555 as yet unmatched pairs. 2623 records in RAM.
INFO	2019-05-22 15:01:52	MarkDuplicates	Read    21,000,000 records.  Elapsed time: 00:01:10s.  Time for last 1,000,000:    3s.  Last read position: chr12:112,934,380
INFO	2019-05-22 15:01:52	MarkDuplicates	Tracking 20341 as yet unmatched pairs. 28 records in RAM.
INFO	2019-05-22 15:01:55	MarkDuplicates	Read    22,000,000 records.  Elapsed time: 00:01:14s.  Time for last 1,000,000:    3s.  Last read position: chr13:12,812,840
INFO	2019-05-22 15:01:55	MarkDuplicates	Tracking 21406 as yet unmatched pairs. 701 records in RAM.
INFO	2019-05-22 15:01:59	MarkDuplicates	Read    23,000,000 records.  Elapsed time: 00:01:17s.  Time for last 1,000,000:    3s.  Last read position: chr13:32,685,623
INFO	2019-05-22 15:01:59	MarkDuplicates	Tracking 21768 as yet unmatched pairs. 605 records in RAM.
INFO	2019-05-22 15:02:02	MarkDuplicates	Read    24,000,000 records.  Elapsed time: 00:01:21s.  Time for last 1,000,000:    3s.  Last read position: chr13:60,715,413
INFO	2019-05-22 15:02:02	MarkDuplicates	Tracking 23255 as yet unmatched pairs. 346 records in RAM.
INFO	2019-05-22 15:02:06	MarkDuplicates	Read    25,000,000 records.  Elapsed time: 00:01:24s.  Time for last 1,000,000:    3s.  Last read position: chr13:76,781,393
INFO	2019-05-22 15:02:06	MarkDuplicates	Tracking 23586 as yet unmatched pairs. 261 records in RAM.
INFO	2019-05-22 15:02:09	MarkDuplicates	Read    26,000,000 records.  Elapsed time: 00:01:27s.  Time for last 1,000,000:    3s.  Last read position: chr13:85,126,780
INFO	2019-05-22 15:02:09	MarkDuplicates	Tracking 23802 as yet unmatched pairs. 235 records in RAM.
INFO	2019-05-22 15:02:11	MarkDuplicates	Read    27,000,000 records.  Elapsed time: 00:01:30s.  Time for last 1,000,000:    2s.  Last read position: chr13:85,127,127
INFO	2019-05-22 15:02:11	MarkDuplicates	Tracking 24298 as yet unmatched pairs. 409 records in RAM.
INFO	2019-05-22 15:02:14	MarkDuplicates	Read    28,000,000 records.  Elapsed time: 00:01:33s.  Time for last 1,000,000:    2s.  Last read position: chr13:87,172,234
INFO	2019-05-22 15:02:14	MarkDuplicates	Tracking 24411 as yet unmatched pairs. 221 records in RAM.
INFO	2019-05-22 15:02:18	MarkDuplicates	Read    29,000,000 records.  Elapsed time: 00:01:36s.  Time for last 1,000,000:    3s.  Last read position: chr13:111,490,530
INFO	2019-05-22 15:02:18	MarkDuplicates	Tracking 25309 as yet unmatched pairs. 92 records in RAM.
INFO	2019-05-22 15:02:21	MarkDuplicates	Read    30,000,000 records.  Elapsed time: 00:01:40s.  Time for last 1,000,000:    3s.  Last read position: chr14:7,499,793
INFO	2019-05-22 15:02:21	MarkDuplicates	Tracking 25525 as yet unmatched pairs. 898 records in RAM.
INFO	2019-05-22 15:02:24	MarkDuplicates	Read    31,000,000 records.  Elapsed time: 00:01:43s.  Time for last 1,000,000:    3s.  Last read position: chr14:19,416,196
INFO	2019-05-22 15:02:24	MarkDuplicates	Tracking 49562 as yet unmatched pairs. 24677 records in RAM.
INFO	2019-05-22 15:02:27	MarkDuplicates	Read    32,000,000 records.  Elapsed time: 00:01:46s.  Time for last 1,000,000:    2s.  Last read position: chr14:19,417,524
INFO	2019-05-22 15:02:27	MarkDuplicates	Tracking 62540 as yet unmatched pairs. 37625 records in RAM.
INFO	2019-05-22 15:02:30	MarkDuplicates	Read    33,000,000 records.  Elapsed time: 00:01:48s.  Time for last 1,000,000:    2s.  Last read position: chr14:19,418,525
INFO	2019-05-22 15:02:30	MarkDuplicates	Tracking 60894 as yet unmatched pairs. 35965 records in RAM.
INFO	2019-05-22 15:02:33	MarkDuplicates	Read    34,000,000 records.  Elapsed time: 00:01:51s.  Time for last 1,000,000:    2s.  Last read position: chr14:24,355,158
INFO	2019-05-22 15:02:33	MarkDuplicates	Tracking 25838 as yet unmatched pairs. 789 records in RAM.
INFO	2019-05-22 15:02:36	MarkDuplicates	Read    35,000,000 records.  Elapsed time: 00:01:55s.  Time for last 1,000,000:    3s.  Last read position: chr14:43,240,674
INFO	2019-05-22 15:02:36	MarkDuplicates	Tracking 26171 as yet unmatched pairs. 752 records in RAM.
INFO	2019-05-22 15:02:39	MarkDuplicates	Read    36,000,000 records.  Elapsed time: 00:01:58s.  Time for last 1,000,000:    3s.  Last read position: chr14:57,224,201
INFO	2019-05-22 15:02:39	MarkDuplicates	Tracking 27027 as yet unmatched pairs. 481 records in RAM.
INFO	2019-05-22 15:02:43	MarkDuplicates	Read    37,000,000 records.  Elapsed time: 00:02:01s.  Time for last 1,000,000:    3s.  Last read position: chr14:85,122,502
INFO	2019-05-22 15:02:43	MarkDuplicates	Tracking 27782 as yet unmatched pairs. 203 records in RAM.
INFO	2019-05-22 15:02:46	MarkDuplicates	Read    38,000,000 records.  Elapsed time: 00:02:05s.  Time for last 1,000,000:    3s.  Last read position: chr14:110,838,863
INFO	2019-05-22 15:02:46	MarkDuplicates	Tracking 28090 as yet unmatched pairs. 117 records in RAM.
INFO	2019-05-22 15:02:50	MarkDuplicates	Read    39,000,000 records.  Elapsed time: 00:02:08s.  Time for last 1,000,000:    3s.  Last read position: chr15:10,810,487
INFO	2019-05-22 15:02:50	MarkDuplicates	Tracking 28524 as yet unmatched pairs. 1018 records in RAM.
INFO	2019-05-22 15:02:53	MarkDuplicates	Read    40,000,000 records.  Elapsed time: 00:02:12s.  Time for last 1,000,000:    3s.  Last read position: chr15:36,578,739
INFO	2019-05-22 15:02:53	MarkDuplicates	Tracking 28850 as yet unmatched pairs. 927 records in RAM.
INFO	2019-05-22 15:02:57	MarkDuplicates	Read    41,000,000 records.  Elapsed time: 00:02:16s.  Time for last 1,000,000:    3s.  Last read position: chr15:58,827,827
INFO	2019-05-22 15:02:57	MarkDuplicates	Tracking 29313 as yet unmatched pairs. 762 records in RAM.
INFO	2019-05-22 15:03:01	MarkDuplicates	Read    42,000,000 records.  Elapsed time: 00:02:19s.  Time for last 1,000,000:    3s.  Last read position: chr15:83,046,804
INFO	2019-05-22 15:03:01	MarkDuplicates	Tracking 30072 as yet unmatched pairs. 383 records in RAM.
INFO	2019-05-22 15:03:04	MarkDuplicates	Read    43,000,000 records.  Elapsed time: 00:02:23s.  Time for last 1,000,000:    3s.  Last read position: chr16:4,879,049
INFO	2019-05-22 15:03:04	MarkDuplicates	Tracking 31014 as yet unmatched pairs. 1014 records in RAM.
INFO	2019-05-22 15:03:08	MarkDuplicates	Read    44,000,000 records.  Elapsed time: 00:02:26s.  Time for last 1,000,000:    3s.  Last read position: chr16:26,688,215
INFO	2019-05-22 15:03:08	MarkDuplicates	Tracking 31901 as yet unmatched pairs. 771 records in RAM.
INFO	2019-05-22 15:03:11	MarkDuplicates	Read    45,000,000 records.  Elapsed time: 00:02:30s.  Time for last 1,000,000:    3s.  Last read position: chr16:53,350,976
INFO	2019-05-22 15:03:11	MarkDuplicates	Tracking 32551 as yet unmatched pairs. 450 records in RAM.
INFO	2019-05-22 15:03:15	MarkDuplicates	Read    46,000,000 records.  Elapsed time: 00:02:33s.  Time for last 1,000,000:    3s.  Last read position: chr16:78,211,053
INFO	2019-05-22 15:03:15	MarkDuplicates	Tracking 32764 as yet unmatched pairs. 278 records in RAM.
INFO	2019-05-22 15:03:18	MarkDuplicates	Read    47,000,000 records.  Elapsed time: 00:02:37s.  Time for last 1,000,000:    3s.  Last read position: chr17:3,020,917
INFO	2019-05-22 15:03:18	MarkDuplicates	Tracking 33365 as yet unmatched pairs. 1775 records in RAM.
INFO	2019-05-22 15:03:21	MarkDuplicates	Read    48,000,000 records.  Elapsed time: 00:02:40s.  Time for last 1,000,000:    3s.  Last read position: chr17:20,715,861
INFO	2019-05-22 15:03:21	MarkDuplicates	Tracking 33715 as yet unmatched pairs. 1245 records in RAM.
INFO	2019-05-22 15:03:25	MarkDuplicates	Read    49,000,000 records.  Elapsed time: 00:02:43s.  Time for last 1,000,000:    3s.  Last read position: chr17:39,511,136
INFO	2019-05-22 15:03:25	MarkDuplicates	Tracking 34216 as yet unmatched pairs. 877 records in RAM.
INFO	2019-05-22 15:03:28	MarkDuplicates	Read    50,000,000 records.  Elapsed time: 00:02:47s.  Time for last 1,000,000:    3s.  Last read position: chr17:60,091,560
INFO	2019-05-22 15:03:28	MarkDuplicates	Tracking 34587 as yet unmatched pairs. 556 records in RAM.
INFO	2019-05-22 15:03:32	MarkDuplicates	Read    51,000,000 records.  Elapsed time: 00:02:50s.  Time for last 1,000,000:    3s.  Last read position: chr17:84,918,110
INFO	2019-05-22 15:03:32	MarkDuplicates	Tracking 35048 as yet unmatched pairs. 135 records in RAM.
INFO	2019-05-22 15:03:35	MarkDuplicates	Read    52,000,000 records.  Elapsed time: 00:02:54s.  Time for last 1,000,000:    3s.  Last read position: chr18:3,639,062
INFO	2019-05-22 15:03:35	MarkDuplicates	Tracking 35154 as yet unmatched pairs. 1285 records in RAM.
INFO	2019-05-22 15:03:38	MarkDuplicates	Read    53,000,000 records.  Elapsed time: 00:02:57s.  Time for last 1,000,000:    3s.  Last read position: chr18:22,366,549
INFO	2019-05-22 15:03:38	MarkDuplicates	Tracking 35364 as yet unmatched pairs. 1102 records in RAM.
INFO	2019-05-22 15:03:42	MarkDuplicates	Read    54,000,000 records.  Elapsed time: 00:03:00s.  Time for last 1,000,000:    3s.  Last read position: chr18:47,040,378
INFO	2019-05-22 15:03:42	MarkDuplicates	Tracking 35761 as yet unmatched pairs. 728 records in RAM.
INFO	2019-05-22 15:03:45	MarkDuplicates	Read    55,000,000 records.  Elapsed time: 00:03:04s.  Time for last 1,000,000:    3s.  Last read position: chr18:65,119,926
INFO	2019-05-22 15:03:45	MarkDuplicates	Tracking 35924 as yet unmatched pairs. 513 records in RAM.
INFO	2019-05-22 15:03:48	MarkDuplicates	Read    56,000,000 records.  Elapsed time: 00:03:07s.  Time for last 1,000,000:    3s.  Last read position: chr18:79,333,479
INFO	2019-05-22 15:03:48	MarkDuplicates	Tracking 36373 as yet unmatched pairs. 155 records in RAM.
INFO	2019-05-22 15:03:52	MarkDuplicates	Read    57,000,000 records.  Elapsed time: 00:03:10s.  Time for last 1,000,000:    3s.  Last read position: chr19:11,401,076
INFO	2019-05-22 15:03:52	MarkDuplicates	Tracking 36510 as yet unmatched pairs. 878 records in RAM.
INFO	2019-05-22 15:03:55	MarkDuplicates	Read    58,000,000 records.  Elapsed time: 00:03:14s.  Time for last 1,000,000:    3s.  Last read position: chr19:36,409,551
INFO	2019-05-22 15:03:55	MarkDuplicates	Tracking 36856 as yet unmatched pairs. 500 records in RAM.
INFO	2019-05-22 15:03:59	MarkDuplicates	Read    59,000,000 records.  Elapsed time: 00:03:18s.  Time for last 1,000,000:    3s.  Last read position: chr1:3,382,691
INFO	2019-05-22 15:03:59	MarkDuplicates	Tracking 36987 as yet unmatched pairs. 3606 records in RAM.
INFO	2019-05-22 15:04:02	MarkDuplicates	Read    60,000,000 records.  Elapsed time: 00:03:21s.  Time for last 1,000,000:    3s.  Last read position: chr1:24,206,641
INFO	2019-05-22 15:04:02	MarkDuplicates	Tracking 37152 as yet unmatched pairs. 3445 records in RAM.
INFO	2019-05-22 15:04:06	MarkDuplicates	Read    61,000,000 records.  Elapsed time: 00:03:24s.  Time for last 1,000,000:    3s.  Last read position: chr1:24,611,835
INFO	2019-05-22 15:04:06	MarkDuplicates	Tracking 71212 as yet unmatched pairs. 33428 records in RAM.
INFO	2019-05-22 15:04:09	MarkDuplicates	Read    62,000,000 records.  Elapsed time: 00:03:28s.  Time for last 1,000,000:    3s.  Last read position: chr1:24,612,154
INFO	2019-05-22 15:04:09	MarkDuplicates	Tracking 89386 as yet unmatched pairs. 46112 records in RAM.
INFO	2019-05-22 15:04:12	MarkDuplicates	Read    63,000,000 records.  Elapsed time: 00:03:31s.  Time for last 1,000,000:    3s.  Last read position: chr1:24,612,473
INFO	2019-05-22 15:04:12	MarkDuplicates	Tracking 86140 as yet unmatched pairs. 35959 records in RAM.
INFO	2019-05-22 15:04:15	MarkDuplicates	Read    64,000,000 records.  Elapsed time: 00:03:34s.  Time for last 1,000,000:    3s.  Last read position: chr1:24,612,763
INFO	2019-05-22 15:04:15	MarkDuplicates	Tracking 77439 as yet unmatched pairs. 22165 records in RAM.
INFO	2019-05-22 15:04:18	MarkDuplicates	Read    65,000,000 records.  Elapsed time: 00:03:37s.  Time for last 1,000,000:    3s.  Last read position: chr1:24,613,059
INFO	2019-05-22 15:04:18	MarkDuplicates	Tracking 74734 as yet unmatched pairs. 15818 records in RAM.
INFO	2019-05-22 15:04:21	MarkDuplicates	Read    66,000,000 records.  Elapsed time: 00:03:40s.  Time for last 1,000,000:    2s.  Last read position: chr1:24,613,364
INFO	2019-05-22 15:04:21	MarkDuplicates	Tracking 110857 as yet unmatched pairs. 48408 records in RAM.
INFO	2019-05-22 15:04:24	MarkDuplicates	Read    67,000,000 records.  Elapsed time: 00:03:43s.  Time for last 1,000,000:    3s.  Last read position: chr1:24,613,656
INFO	2019-05-22 15:04:24	MarkDuplicates	Tracking 115864 as yet unmatched pairs. 47324 records in RAM.
INFO	2019-05-22 15:04:28	MarkDuplicates	Read    68,000,000 records.  Elapsed time: 00:03:46s.  Time for last 1,000,000:    3s.  Last read position: chr1:24,613,951
INFO	2019-05-22 15:04:28	MarkDuplicates	Tracking 104411 as yet unmatched pairs. 30076 records in RAM.
INFO	2019-05-22 15:04:31	MarkDuplicates	Read    69,000,000 records.  Elapsed time: 00:03:49s.  Time for last 1,000,000:    3s.  Last read position: chr1:24,614,261
INFO	2019-05-22 15:04:31	MarkDuplicates	Tracking 127349 as yet unmatched pairs. 49185 records in RAM.
INFO	2019-05-22 15:04:34	MarkDuplicates	Read    70,000,000 records.  Elapsed time: 00:03:52s.  Time for last 1,000,000:    3s.  Last read position: chr1:24,614,574
INFO	2019-05-22 15:04:34	MarkDuplicates	Tracking 127882 as yet unmatched pairs. 43496 records in RAM.
INFO	2019-05-22 15:04:37	MarkDuplicates	Read    71,000,000 records.  Elapsed time: 00:03:56s.  Time for last 1,000,000:    3s.  Last read position: chr1:24,614,878
INFO	2019-05-22 15:04:37	MarkDuplicates	Tracking 155426 as yet unmatched pairs. 67574 records in RAM.
INFO	2019-05-22 15:04:40	MarkDuplicates	Read    72,000,000 records.  Elapsed time: 00:03:59s.  Time for last 1,000,000:    3s.  Last read position: chr1:24,615,197
INFO	2019-05-22 15:04:40	MarkDuplicates	Tracking 126233 as yet unmatched pairs. 32404 records in RAM.
INFO	2019-05-22 15:04:43	MarkDuplicates	Read    73,000,000 records.  Elapsed time: 00:04:02s.  Time for last 1,000,000:    3s.  Last read position: chr1:24,615,502
INFO	2019-05-22 15:04:43	MarkDuplicates	Tracking 124489 as yet unmatched pairs. 25359 records in RAM.
INFO	2019-05-22 15:04:46	MarkDuplicates	Read    74,000,000 records.  Elapsed time: 00:04:05s.  Time for last 1,000,000:    3s.  Last read position: chr1:24,615,819
INFO	2019-05-22 15:04:46	MarkDuplicates	Tracking 151786 as yet unmatched pairs. 48667 records in RAM.
INFO	2019-05-22 15:04:50	MarkDuplicates	Read    75,000,000 records.  Elapsed time: 00:04:08s.  Time for last 1,000,000:    3s.  Last read position: chr1:26,129,617
INFO	2019-05-22 15:04:50	MarkDuplicates	Tracking 111372 as yet unmatched pairs. 2811 records in RAM.
INFO	2019-05-22 15:04:53	MarkDuplicates	Read    76,000,000 records.  Elapsed time: 00:04:11s.  Time for last 1,000,000:    3s.  Last read position: chr1:43,168,350
INFO	2019-05-22 15:04:53	MarkDuplicates	Tracking 111533 as yet unmatched pairs. 2685 records in RAM.
INFO	2019-05-22 15:04:56	MarkDuplicates	Read    77,000,000 records.  Elapsed time: 00:04:15s.  Time for last 1,000,000:    3s.  Last read position: chr1:65,179,281
INFO	2019-05-22 15:04:56	MarkDuplicates	Tracking 111928 as yet unmatched pairs. 2348 records in RAM.
INFO	2019-05-22 15:04:59	MarkDuplicates	Read    78,000,000 records.  Elapsed time: 00:04:18s.  Time for last 1,000,000:    3s.  Last read position: chr1:76,646,481
INFO	2019-05-22 15:04:59	MarkDuplicates	Tracking 112032 as yet unmatched pairs. 2045 records in RAM.
INFO	2019-05-22 15:05:03	MarkDuplicates	Read    79,000,000 records.  Elapsed time: 00:04:22s.  Time for last 1,000,000:    3s.  Last read position: chr1:99,369,264
INFO	2019-05-22 15:05:03	MarkDuplicates	Tracking 112212 as yet unmatched pairs. 1600 records in RAM.
INFO	2019-05-22 15:05:06	MarkDuplicates	Read    80,000,000 records.  Elapsed time: 00:04:25s.  Time for last 1,000,000:    3s.  Last read position: chr1:121,139,379
INFO	2019-05-22 15:05:06	MarkDuplicates	Tracking 112277 as yet unmatched pairs. 1395 records in RAM.
INFO	2019-05-22 15:05:10	MarkDuplicates	Read    81,000,000 records.  Elapsed time: 00:04:28s.  Time for last 1,000,000:    3s.  Last read position: chr1:132,791,177
INFO	2019-05-22 15:05:10	MarkDuplicates	Tracking 112312 as yet unmatched pairs. 1260 records in RAM.
INFO	2019-05-22 15:05:13	MarkDuplicates	Read    82,000,000 records.  Elapsed time: 00:04:31s.  Time for last 1,000,000:    3s.  Last read position: chr1:148,794,349
INFO	2019-05-22 15:05:13	MarkDuplicates	Tracking 112377 as yet unmatched pairs. 1072 records in RAM.
INFO	2019-05-22 15:05:16	MarkDuplicates	Read    83,000,000 records.  Elapsed time: 00:04:35s.  Time for last 1,000,000:    3s.  Last read position: chr1:171,516,398
INFO	2019-05-22 15:05:16	MarkDuplicates	Tracking 112609 as yet unmatched pairs. 536 records in RAM.
INFO	2019-05-22 15:05:20	MarkDuplicates	Read    84,000,000 records.  Elapsed time: 00:04:38s.  Time for last 1,000,000:    3s.  Last read position: chr1:189,730,720
INFO	2019-05-22 15:05:20	MarkDuplicates	Tracking 112674 as yet unmatched pairs. 257 records in RAM.
INFO	2019-05-22 15:05:23	MarkDuplicates	Read    85,000,000 records.  Elapsed time: 00:04:42s.  Time for last 1,000,000:    3s.  Last read position: chr2:18,158,218
INFO	2019-05-22 15:05:23	MarkDuplicates	Tracking 112754 as yet unmatched pairs. 6489 records in RAM.
INFO	2019-05-22 15:05:26	MarkDuplicates	Read    86,000,000 records.  Elapsed time: 00:04:45s.  Time for last 1,000,000:    2s.  Last read position: chr2:22,587,545
INFO	2019-05-22 15:05:26	MarkDuplicates	Tracking 112824 as yet unmatched pairs. 6344 records in RAM.
INFO	2019-05-22 15:05:29	MarkDuplicates	Read    87,000,000 records.  Elapsed time: 00:04:48s.  Time for last 1,000,000:    2s.  Last read position: chr2:22,587,846
INFO	2019-05-22 15:05:29	MarkDuplicates	Tracking 115545 as yet unmatched pairs. 7431 records in RAM.
INFO	2019-05-22 15:05:32	MarkDuplicates	Read    88,000,000 records.  Elapsed time: 00:04:50s.  Time for last 1,000,000:    2s.  Last read position: chr2:22,588,185
INFO	2019-05-22 15:05:32	MarkDuplicates	Tracking 114964 as yet unmatched pairs. 6235 records in RAM.
INFO	2019-05-22 15:05:35	MarkDuplicates	Read    89,000,000 records.  Elapsed time: 00:04:53s.  Time for last 1,000,000:    2s.  Last read position: chr2:22,588,492
INFO	2019-05-22 15:05:35	MarkDuplicates	Tracking 112827 as yet unmatched pairs. 3653 records in RAM.
INFO	2019-05-22 15:05:37	MarkDuplicates	Read    90,000,000 records.  Elapsed time: 00:04:56s.  Time for last 1,000,000:    2s.  Last read position: chr2:22,588,803
INFO	2019-05-22 15:05:37	MarkDuplicates	Tracking 114111 as yet unmatched pairs. 4102 records in RAM.
INFO	2019-05-22 15:05:40	MarkDuplicates	Read    91,000,000 records.  Elapsed time: 00:04:59s.  Time for last 1,000,000:    2s.  Last read position: chr2:22,589,116
INFO	2019-05-22 15:05:40	MarkDuplicates	Tracking 115870 as yet unmatched pairs. 3697 records in RAM.
INFO	2019-05-22 15:05:43	MarkDuplicates	Read    92,000,000 records.  Elapsed time: 00:05:01s.  Time for last 1,000,000:    2s.  Last read position: chr2:22,589,434
INFO	2019-05-22 15:05:43	MarkDuplicates	Tracking 119206 as yet unmatched pairs. 4125 records in RAM.
INFO	2019-05-22 15:05:46	MarkDuplicates	Read    93,000,000 records.  Elapsed time: 00:05:04s.  Time for last 1,000,000:    2s.  Last read position: chr2:22,589,726
INFO	2019-05-22 15:05:46	MarkDuplicates	Tracking 128786 as yet unmatched pairs. 11618 records in RAM.
INFO	2019-05-22 15:05:48	MarkDuplicates	Read    94,000,000 records.  Elapsed time: 00:05:07s.  Time for last 1,000,000:    2s.  Last read position: chr2:22,590,072
INFO	2019-05-22 15:05:48	MarkDuplicates	Tracking 123650 as yet unmatched pairs. 5166 records in RAM.
INFO	2019-05-22 15:05:51	MarkDuplicates	Read    95,000,000 records.  Elapsed time: 00:05:10s.  Time for last 1,000,000:    2s.  Last read position: chr2:22,590,414
INFO	2019-05-22 15:05:51	MarkDuplicates	Tracking 122456 as yet unmatched pairs. 3532 records in RAM.
INFO	2019-05-22 15:05:54	MarkDuplicates	Read    96,000,000 records.  Elapsed time: 00:05:13s.  Time for last 1,000,000:    3s.  Last read position: chr2:41,601,929
INFO	2019-05-22 15:05:54	MarkDuplicates	Tracking 122649 as yet unmatched pairs. 3083 records in RAM.
INFO	2019-05-22 15:05:58	MarkDuplicates	Read    97,000,000 records.  Elapsed time: 00:05:16s.  Time for last 1,000,000:    3s.  Last read position: chr2:68,983,703
INFO	2019-05-22 15:05:58	MarkDuplicates	Tracking 122742 as yet unmatched pairs. 2903 records in RAM.
INFO	2019-05-22 15:06:01	MarkDuplicates	Read    98,000,000 records.  Elapsed time: 00:05:20s.  Time for last 1,000,000:    3s.  Last read position: chr2:86,468,641
INFO	2019-05-22 15:06:01	MarkDuplicates	Tracking 123807 as yet unmatched pairs. 2399 records in RAM.
INFO	2019-05-22 15:06:04	MarkDuplicates	Read    99,000,000 records.  Elapsed time: 00:05:23s.  Time for last 1,000,000:    3s.  Last read position: chr2:98,662,543
INFO	2019-05-22 15:06:04	MarkDuplicates	Tracking 136165 as yet unmatched pairs. 14422 records in RAM.
INFO	2019-05-22 15:06:07	MarkDuplicates	Read   100,000,000 records.  Elapsed time: 00:05:26s.  Time for last 1,000,000:    2s.  Last read position: chr2:98,665,094
INFO	2019-05-22 15:06:07	MarkDuplicates	Tracking 131723 as yet unmatched pairs. 9948 records in RAM.
INFO	2019-05-22 15:06:10	MarkDuplicates	Read   101,000,000 records.  Elapsed time: 00:05:29s.  Time for last 1,000,000:    2s.  Last read position: chr2:98,666,722
INFO	2019-05-22 15:06:10	MarkDuplicates	Tracking 170777 as yet unmatched pairs. 48964 records in RAM.
INFO	2019-05-22 15:06:13	MarkDuplicates	Read   102,000,000 records.  Elapsed time: 00:05:31s.  Time for last 1,000,000:    2s.  Last read position: chr2:98,667,121
INFO	2019-05-22 15:06:13	MarkDuplicates	Tracking 160007 as yet unmatched pairs. 38145 records in RAM.
INFO	2019-05-22 15:06:16	MarkDuplicates	Read   103,000,000 records.  Elapsed time: 00:05:35s.  Time for last 1,000,000:    3s.  Last read position: chr2:112,987,207
INFO	2019-05-22 15:06:16	MarkDuplicates	Tracking 123998 as yet unmatched pairs. 1878 records in RAM.
INFO	2019-05-22 15:06:43	MarkDuplicates	Read   104,000,000 records.  Elapsed time: 00:06:02s.  Time for last 1,000,000:   26s.  Last read position: chr2:138,117,492
INFO	2019-05-22 15:06:43	MarkDuplicates	Tracking 124029 as yet unmatched pairs. 1027 records in RAM.
INFO	2019-05-22 15:06:47	MarkDuplicates	Read   105,000,000 records.  Elapsed time: 00:06:05s.  Time for last 1,000,000:    3s.  Last read position: chr2:160,977,433
INFO	2019-05-22 15:06:47	MarkDuplicates	Tracking 124025 as yet unmatched pairs. 695 records in RAM.
INFO	2019-05-22 15:06:50	MarkDuplicates	Read   106,000,000 records.  Elapsed time: 00:06:09s.  Time for last 1,000,000:    3s.  Last read position: chr2:177,489,866
INFO	2019-05-22 15:06:50	MarkDuplicates	Tracking 124045 as yet unmatched pairs. 151 records in RAM.
INFO	2019-05-22 15:06:53	MarkDuplicates	Read   107,000,000 records.  Elapsed time: 00:06:12s.  Time for last 1,000,000:    3s.  Last read position: chr3:6,049,740
INFO	2019-05-22 15:06:53	MarkDuplicates	Tracking 123945 as yet unmatched pairs. 3205 records in RAM.
INFO	2019-05-22 15:06:56	MarkDuplicates	Read   108,000,000 records.  Elapsed time: 00:06:15s.  Time for last 1,000,000:    3s.  Last read position: chr3:21,320,421
INFO	2019-05-22 15:06:56	MarkDuplicates	Tracking 123934 as yet unmatched pairs. 2998 records in RAM.
INFO	2019-05-22 15:07:00	MarkDuplicates	Read   109,000,000 records.  Elapsed time: 00:06:18s.  Time for last 1,000,000:    3s.  Last read position: chr3:47,471,104
INFO	2019-05-22 15:07:00	MarkDuplicates	Tracking 123939 as yet unmatched pairs. 2724 records in RAM.
INFO	2019-05-22 15:07:04	MarkDuplicates	Read   110,000,000 records.  Elapsed time: 00:06:22s.  Time for last 1,000,000:    3s.  Last read position: chr3:71,744,792
INFO	2019-05-22 15:07:04	MarkDuplicates	Tracking 123835 as yet unmatched pairs. 2286 records in RAM.
INFO	2019-05-22 15:07:07	MarkDuplicates	Read   111,000,000 records.  Elapsed time: 00:06:26s.  Time for last 1,000,000:    3s.  Last read position: chr3:92,554,466
INFO	2019-05-22 15:07:07	MarkDuplicates	Tracking 123837 as yet unmatched pairs. 1976 records in RAM.
INFO	2019-05-22 15:07:10	MarkDuplicates	Read   112,000,000 records.  Elapsed time: 00:06:29s.  Time for last 1,000,000:    3s.  Last read position: chr3:104,411,042
INFO	2019-05-22 15:07:10	MarkDuplicates	Tracking 123759 as yet unmatched pairs. 1467 records in RAM.
INFO	2019-05-22 15:07:14	MarkDuplicates	Read   113,000,000 records.  Elapsed time: 00:06:32s.  Time for last 1,000,000:    3s.  Last read position: chr3:122,390,133
INFO	2019-05-22 15:07:14	MarkDuplicates	Tracking 123693 as yet unmatched pairs. 1156 records in RAM.
INFO	2019-05-22 15:07:17	MarkDuplicates	Read   114,000,000 records.  Elapsed time: 00:06:36s.  Time for last 1,000,000:    3s.  Last read position: chr3:145,525,356
INFO	2019-05-22 15:07:17	MarkDuplicates	Tracking 123652 as yet unmatched pairs. 236 records in RAM.
INFO	2019-05-22 15:07:21	MarkDuplicates	Read   115,000,000 records.  Elapsed time: 00:06:40s.  Time for last 1,000,000:    3s.  Last read position: chr4:6,365,384
INFO	2019-05-22 15:07:21	MarkDuplicates	Tracking 123524 as yet unmatched pairs. 4240 records in RAM.
INFO	2019-05-22 15:07:24	MarkDuplicates	Read   116,000,000 records.  Elapsed time: 00:06:43s.  Time for last 1,000,000:    3s.  Last read position: chr4:19,298,795
INFO	2019-05-22 15:07:24	MarkDuplicates	Tracking 123441 as yet unmatched pairs. 4064 records in RAM.
INFO	2019-05-22 15:07:28	MarkDuplicates	Read   117,000,000 records.  Elapsed time: 00:06:46s.  Time for last 1,000,000:    3s.  Last read position: chr4:42,509,235
INFO	2019-05-22 15:07:28	MarkDuplicates	Tracking 123447 as yet unmatched pairs. 3789 records in RAM.
INFO	2019-05-22 15:07:31	MarkDuplicates	Read   118,000,000 records.  Elapsed time: 00:06:50s.  Time for last 1,000,000:    3s.  Last read position: chr4:63,796,664
INFO	2019-05-22 15:07:31	MarkDuplicates	Tracking 123292 as yet unmatched pairs. 3287 records in RAM.
INFO	2019-05-22 15:07:34	MarkDuplicates	Read   119,000,000 records.  Elapsed time: 00:06:53s.  Time for last 1,000,000:    3s.  Last read position: chr4:80,002,427
INFO	2019-05-22 15:07:34	MarkDuplicates	Tracking 123221 as yet unmatched pairs. 3100 records in RAM.
INFO	2019-05-22 15:07:37	MarkDuplicates	Read   120,000,000 records.  Elapsed time: 00:06:56s.  Time for last 1,000,000:    2s.  Last read position: chr4:80,002,784
INFO	2019-05-22 15:07:37	MarkDuplicates	Tracking 123358 as yet unmatched pairs. 3111 records in RAM.
INFO	2019-05-22 15:07:40	MarkDuplicates	Read   121,000,000 records.  Elapsed time: 00:06:58s.  Time for last 1,000,000:    2s.  Last read position: chr4:80,003,228
INFO	2019-05-22 15:07:40	MarkDuplicates	Tracking 123804 as yet unmatched pairs. 2981 records in RAM.
INFO	2019-05-22 15:07:42	MarkDuplicates	Read   122,000,000 records.  Elapsed time: 00:07:01s.  Time for last 1,000,000:    2s.  Last read position: chr4:80,003,705
INFO	2019-05-22 15:07:42	MarkDuplicates	Tracking 123825 as yet unmatched pairs. 2982 records in RAM.
INFO	2019-05-22 15:07:45	MarkDuplicates	Read   123,000,000 records.  Elapsed time: 00:07:04s.  Time for last 1,000,000:    2s.  Last read position: chr4:80,004,050
INFO	2019-05-22 15:07:45	MarkDuplicates	Tracking 124135 as yet unmatched pairs. 3039 records in RAM.
INFO	2019-05-22 15:07:48	MarkDuplicates	Read   124,000,000 records.  Elapsed time: 00:07:06s.  Time for last 1,000,000:    2s.  Last read position: chr4:80,004,427
INFO	2019-05-22 15:07:48	MarkDuplicates	Tracking 124129 as yet unmatched pairs. 2977 records in RAM.
INFO	2019-05-22 15:07:50	MarkDuplicates	Read   125,000,000 records.  Elapsed time: 00:07:09s.  Time for last 1,000,000:    2s.  Last read position: chr4:80,004,916
INFO	2019-05-22 15:07:50	MarkDuplicates	Tracking 124242 as yet unmatched pairs. 3072 records in RAM.
INFO	2019-05-22 15:07:53	MarkDuplicates	Read   126,000,000 records.  Elapsed time: 00:07:12s.  Time for last 1,000,000:    2s.  Last read position: chr4:87,461,675
INFO	2019-05-22 15:07:53	MarkDuplicates	Tracking 124199 as yet unmatched pairs. 2867 records in RAM.
INFO	2019-05-22 15:07:57	MarkDuplicates	Read   127,000,000 records.  Elapsed time: 00:07:15s.  Time for last 1,000,000:    3s.  Last read position: chr4:110,657,504
INFO	2019-05-22 15:07:57	MarkDuplicates	Tracking 124047 as yet unmatched pairs. 1772 records in RAM.
INFO	2019-05-22 15:08:00	MarkDuplicates	Read   128,000,000 records.  Elapsed time: 00:07:19s.  Time for last 1,000,000:    3s.  Last read position: chr4:131,226,285
INFO	2019-05-22 15:08:00	MarkDuplicates	Tracking 123822 as yet unmatched pairs. 1034 records in RAM.
INFO	2019-05-22 15:08:04	MarkDuplicates	Read   129,000,000 records.  Elapsed time: 00:07:22s.  Time for last 1,000,000:    3s.  Last read position: chr4:147,101,790
INFO	2019-05-22 15:08:04	MarkDuplicates	Tracking 123648 as yet unmatched pairs. 469 records in RAM.
INFO	2019-05-22 15:08:07	MarkDuplicates	Read   130,000,000 records.  Elapsed time: 00:07:26s.  Time for last 1,000,000:    3s.  Last read position: chr5:7,276,822
INFO	2019-05-22 15:08:07	MarkDuplicates	Tracking 123452 as yet unmatched pairs. 7474 records in RAM.
INFO	2019-05-22 15:08:10	MarkDuplicates	Read   131,000,000 records.  Elapsed time: 00:07:29s.  Time for last 1,000,000:    2s.  Last read position: chr5:14,060,444
INFO	2019-05-22 15:08:10	MarkDuplicates	Tracking 123478 as yet unmatched pairs. 7294 records in RAM.
INFO	2019-05-22 15:08:14	MarkDuplicates	Read   132,000,000 records.  Elapsed time: 00:07:33s.  Time for last 1,000,000:    3s.  Last read position: chr5:33,386,438
INFO	2019-05-22 15:08:14	MarkDuplicates	Tracking 123304 as yet unmatched pairs. 6913 records in RAM.
INFO	2019-05-22 15:08:17	MarkDuplicates	Read   133,000,000 records.  Elapsed time: 00:07:36s.  Time for last 1,000,000:    3s.  Last read position: chr5:51,205,333
INFO	2019-05-22 15:08:17	MarkDuplicates	Tracking 123049 as yet unmatched pairs. 6351 records in RAM.
INFO	2019-05-22 15:08:20	MarkDuplicates	Read   134,000,000 records.  Elapsed time: 00:07:39s.  Time for last 1,000,000:    2s.  Last read position: chr5:60,042,949
INFO	2019-05-22 15:08:20	MarkDuplicates	Tracking 127220 as yet unmatched pairs. 10208 records in RAM.
INFO	2019-05-22 15:08:24	MarkDuplicates	Read   135,000,000 records.  Elapsed time: 00:07:42s.  Time for last 1,000,000:    3s.  Last read position: chr5:79,058,750
INFO	2019-05-22 15:08:24	MarkDuplicates	Tracking 122743 as yet unmatched pairs. 5314 records in RAM.
INFO	2019-05-22 15:08:27	MarkDuplicates	Read   136,000,000 records.  Elapsed time: 00:07:45s.  Time for last 1,000,000:    3s.  Last read position: chr5:90,822,695
INFO	2019-05-22 15:08:27	MarkDuplicates	Tracking 122656 as yet unmatched pairs. 5083 records in RAM.
INFO	2019-05-22 15:08:30	MarkDuplicates	Read   137,000,000 records.  Elapsed time: 00:07:49s.  Time for last 1,000,000:    3s.  Last read position: chr5:105,599,761
INFO	2019-05-22 15:08:30	MarkDuplicates	Tracking 122371 as yet unmatched pairs. 4365 records in RAM.
INFO	2019-05-22 15:08:33	MarkDuplicates	Read   138,000,000 records.  Elapsed time: 00:07:52s.  Time for last 1,000,000:    3s.  Last read position: chr5:128,579,107
INFO	2019-05-22 15:08:33	MarkDuplicates	Tracking 121684 as yet unmatched pairs. 2750 records in RAM.
INFO	2019-05-22 15:08:37	MarkDuplicates	Read   139,000,000 records.  Elapsed time: 00:07:55s.  Time for last 1,000,000:    3s.  Last read position: chr5:150,518,959
INFO	2019-05-22 15:08:37	MarkDuplicates	Tracking 120794 as yet unmatched pairs. 31 records in RAM.
INFO	2019-05-22 15:08:40	MarkDuplicates	Read   140,000,000 records.  Elapsed time: 00:07:59s.  Time for last 1,000,000:    3s.  Last read position: chr6:10,619,238
INFO	2019-05-22 15:08:40	MarkDuplicates	Tracking 120760 as yet unmatched pairs. 4026 records in RAM.
INFO	2019-05-22 15:08:43	MarkDuplicates	Read   141,000,000 records.  Elapsed time: 00:08:02s.  Time for last 1,000,000:    3s.  Last read position: chr6:36,693,097
INFO	2019-05-22 15:08:43	MarkDuplicates	Tracking 120521 as yet unmatched pairs. 3633 records in RAM.
INFO	2019-05-22 15:08:47	MarkDuplicates	Read   142,000,000 records.  Elapsed time: 00:08:05s.  Time for last 1,000,000:    3s.  Last read position: chr6:58,182,166
INFO	2019-05-22 15:08:47	MarkDuplicates	Tracking 120052 as yet unmatched pairs. 2945 records in RAM.
INFO	2019-05-22 15:08:50	MarkDuplicates	Read   143,000,000 records.  Elapsed time: 00:08:09s.  Time for last 1,000,000:    3s.  Last read position: chr6:79,817,961
INFO	2019-05-22 15:08:50	MarkDuplicates	Tracking 119824 as yet unmatched pairs. 2595 records in RAM.
INFO	2019-05-22 15:08:53	MarkDuplicates	Read   144,000,000 records.  Elapsed time: 00:08:12s.  Time for last 1,000,000:    3s.  Last read position: chr6:89,980,181
INFO	2019-05-22 15:08:53	MarkDuplicates	Tracking 119675 as yet unmatched pairs. 2306 records in RAM.
INFO	2019-05-22 15:08:57	MarkDuplicates	Read   145,000,000 records.  Elapsed time: 00:08:15s.  Time for last 1,000,000:    3s.  Last read position: chr6:109,754,932
INFO	2019-05-22 15:08:57	MarkDuplicates	Tracking 119175 as yet unmatched pairs. 1483 records in RAM.
INFO	2019-05-22 15:09:00	MarkDuplicates	Read   146,000,000 records.  Elapsed time: 00:08:19s.  Time for last 1,000,000:    3s.  Last read position: chr6:130,394,552
INFO	2019-05-22 15:09:00	MarkDuplicates	Tracking 118671 as yet unmatched pairs. 670 records in RAM.
INFO	2019-05-22 15:09:04	MarkDuplicates	Read   147,000,000 records.  Elapsed time: 00:08:22s.  Time for last 1,000,000:    3s.  Last read position: chr7:3,736,041
INFO	2019-05-22 15:09:04	MarkDuplicates	Tracking 118214 as yet unmatched pairs. 5752 records in RAM.
INFO	2019-05-22 15:09:07	MarkDuplicates	Read   148,000,000 records.  Elapsed time: 00:08:26s.  Time for last 1,000,000:    3s.  Last read position: chr7:15,555,332
INFO	2019-05-22 15:09:07	MarkDuplicates	Tracking 118033 as yet unmatched pairs. 5519 records in RAM.
INFO	2019-05-22 15:09:10	MarkDuplicates	Read   149,000,000 records.  Elapsed time: 00:08:29s.  Time for last 1,000,000:    3s.  Last read position: chr7:27,015,043
INFO	2019-05-22 15:09:10	MarkDuplicates	Tracking 117727 as yet unmatched pairs. 5130 records in RAM.
INFO	2019-05-22 15:09:14	MarkDuplicates	Read   150,000,000 records.  Elapsed time: 00:08:32s.  Time for last 1,000,000:    3s.  Last read position: chr7:43,957,270
INFO	2019-05-22 15:09:14	MarkDuplicates	Tracking 117304 as yet unmatched pairs. 4539 records in RAM.
INFO	2019-05-22 15:09:17	MarkDuplicates	Read   151,000,000 records.  Elapsed time: 00:08:36s.  Time for last 1,000,000:    3s.  Last read position: chr7:64,872,995
INFO	2019-05-22 15:09:17	MarkDuplicates	Tracking 116713 as yet unmatched pairs. 3652 records in RAM.
INFO	2019-05-22 15:09:21	MarkDuplicates	Read   152,000,000 records.  Elapsed time: 00:08:39s.  Time for last 1,000,000:    3s.  Last read position: chr7:90,370,672
INFO	2019-05-22 15:09:21	MarkDuplicates	Tracking 116200 as yet unmatched pairs. 2964 records in RAM.
INFO	2019-05-22 15:09:24	MarkDuplicates	Read   153,000,000 records.  Elapsed time: 00:08:43s.  Time for last 1,000,000:    3s.  Last read position: chr7:110,693,435
INFO	2019-05-22 15:09:24	MarkDuplicates	Tracking 115602 as yet unmatched pairs. 2043 records in RAM.
INFO	2019-05-22 15:09:28	MarkDuplicates	Read   154,000,000 records.  Elapsed time: 00:08:46s.  Time for last 1,000,000:    3s.  Last read position: chr7:133,063,209
INFO	2019-05-22 15:09:28	MarkDuplicates	Tracking 114748 as yet unmatched pairs. 754 records in RAM.
INFO	2019-05-22 15:09:31	MarkDuplicates	Read   155,000,000 records.  Elapsed time: 00:08:50s.  Time for last 1,000,000:    3s.  Last read position: chr8:15,800,088
INFO	2019-05-22 15:09:31	MarkDuplicates	Tracking 113886 as yet unmatched pairs. 4206 records in RAM.
INFO	2019-05-22 15:09:34	MarkDuplicates	Read   156,000,000 records.  Elapsed time: 00:08:53s.  Time for last 1,000,000:    3s.  Last read position: chr8:30,697,385
INFO	2019-05-22 15:09:34	MarkDuplicates	Tracking 113552 as yet unmatched pairs. 3753 records in RAM.
INFO	2019-05-22 15:09:38	MarkDuplicates	Read   157,000,000 records.  Elapsed time: 00:08:56s.  Time for last 1,000,000:    3s.  Last read position: chr8:55,363,563
INFO	2019-05-22 15:09:38	MarkDuplicates	Tracking 113166 as yet unmatched pairs. 3305 records in RAM.
INFO	2019-05-22 15:09:44	MarkDuplicates	Read   158,000,000 records.  Elapsed time: 00:09:02s.  Time for last 1,000,000:    6s.  Last read position: chr8:74,545,693
INFO	2019-05-22 15:09:44	MarkDuplicates	Tracking 112745 as yet unmatched pairs. 2837 records in RAM.
INFO	2019-05-22 15:09:47	MarkDuplicates	Read   159,000,000 records.  Elapsed time: 00:09:06s.  Time for last 1,000,000:    3s.  Last read position: chr8:99,807,905
INFO	2019-05-22 15:09:47	MarkDuplicates	Tracking 111975 as yet unmatched pairs. 1859 records in RAM.
INFO	2019-05-22 15:09:51	MarkDuplicates	Read   160,000,000 records.  Elapsed time: 00:09:09s.  Time for last 1,000,000:    3s.  Last read position: chr8:122,432,922
INFO	2019-05-22 15:09:51	MarkDuplicates	Tracking 110890 as yet unmatched pairs. 323 records in RAM.
INFO	2019-05-22 15:09:54	MarkDuplicates	Read   161,000,000 records.  Elapsed time: 00:09:12s.  Time for last 1,000,000:    3s.  Last read position: chr9:3,002,158
INFO	2019-05-22 15:09:54	MarkDuplicates	Tracking 117636 as yet unmatched pairs. 11450 records in RAM.
INFO	2019-05-22 15:09:57	MarkDuplicates	Read   162,000,000 records.  Elapsed time: 00:09:15s.  Time for last 1,000,000:    2s.  Last read position: chr9:3,012,597
INFO	2019-05-22 15:09:57	MarkDuplicates	Tracking 115043 as yet unmatched pairs. 8852 records in RAM.
INFO	2019-05-22 15:09:59	MarkDuplicates	Read   163,000,000 records.  Elapsed time: 00:09:18s.  Time for last 1,000,000:    2s.  Last read position: chr9:3,024,107
INFO	2019-05-22 15:09:59	MarkDuplicates	Tracking 116130 as yet unmatched pairs. 9936 records in RAM.
INFO	2019-05-22 15:10:02	MarkDuplicates	Read   164,000,000 records.  Elapsed time: 00:09:21s.  Time for last 1,000,000:    2s.  Last read position: chr9:3,034,399
INFO	2019-05-22 15:10:02	MarkDuplicates	Tracking 112256 as yet unmatched pairs. 6062 records in RAM.
INFO	2019-05-22 15:10:05	MarkDuplicates	Read   165,000,000 records.  Elapsed time: 00:09:24s.  Time for last 1,000,000:    3s.  Last read position: chr9:15,319,782
INFO	2019-05-22 15:10:05	MarkDuplicates	Tracking 110381 as yet unmatched pairs. 4106 records in RAM.
INFO	2019-05-22 15:10:08	MarkDuplicates	Read   166,000,000 records.  Elapsed time: 00:09:27s.  Time for last 1,000,000:    3s.  Last read position: chr9:24,745,157
INFO	2019-05-22 15:10:08	MarkDuplicates	Tracking 110049 as yet unmatched pairs. 3732 records in RAM.
INFO	2019-05-22 15:10:12	MarkDuplicates	Read   167,000,000 records.  Elapsed time: 00:09:30s.  Time for last 1,000,000:    3s.  Last read position: chr9:43,285,318
INFO	2019-05-22 15:10:12	MarkDuplicates	Tracking 109719 as yet unmatched pairs. 3369 records in RAM.
INFO	2019-05-22 15:10:15	MarkDuplicates	Read   168,000,000 records.  Elapsed time: 00:09:34s.  Time for last 1,000,000:    3s.  Last read position: chr9:74,618,984
INFO	2019-05-22 15:10:15	MarkDuplicates	Tracking 108908 as yet unmatched pairs. 2438 records in RAM.
INFO	2019-05-22 15:10:19	MarkDuplicates	Read   169,000,000 records.  Elapsed time: 00:09:37s.  Time for last 1,000,000:    3s.  Last read position: chr9:93,174,655
INFO	2019-05-22 15:10:19	MarkDuplicates	Tracking 108333 as yet unmatched pairs. 1762 records in RAM.
INFO	2019-05-22 15:10:22	MarkDuplicates	Read   170,000,000 records.  Elapsed time: 00:09:40s.  Time for last 1,000,000:    3s.  Last read position: chr9:106,977,173
INFO	2019-05-22 15:10:22	MarkDuplicates	Tracking 107911 as yet unmatched pairs. 1298 records in RAM.
INFO	2019-05-22 15:10:25	MarkDuplicates	Read   171,000,000 records.  Elapsed time: 00:09:44s.  Time for last 1,000,000:    3s.  Last read position: chr9:123,107,418
INFO	2019-05-22 15:10:25	MarkDuplicates	Tracking 106986 as yet unmatched pairs. 180 records in RAM.
INFO	2019-05-22 15:10:31	MarkDuplicates	Read   172,000,000 records.  Elapsed time: 00:09:50s.  Time for last 1,000,000:    6s.  Last read position: chrM:276
INFO	2019-05-22 15:10:31	MarkDuplicates	Tracking 240192 as yet unmatched pairs. 235344 records in RAM.
INFO	2019-05-22 15:10:35	MarkDuplicates	Read   173,000,000 records.  Elapsed time: 00:09:53s.  Time for last 1,000,000:    3s.  Last read position: chrM:610
INFO	2019-05-22 15:10:35	MarkDuplicates	Tracking 227772 as yet unmatched pairs. 222915 records in RAM.
INFO	2019-05-22 15:10:38	MarkDuplicates	Read   174,000,000 records.  Elapsed time: 00:09:57s.  Time for last 1,000,000:    3s.  Last read position: chrM:935
INFO	2019-05-22 15:10:38	MarkDuplicates	Tracking 253417 as yet unmatched pairs. 248548 records in RAM.
INFO	2019-05-22 15:10:43	MarkDuplicates	Read   175,000,000 records.  Elapsed time: 00:10:01s.  Time for last 1,000,000:    4s.  Last read position: chrM:1,270
INFO	2019-05-22 15:10:43	MarkDuplicates	Tracking 306196 as yet unmatched pairs. 301316 records in RAM.
INFO	2019-05-22 15:10:46	MarkDuplicates	Read   176,000,000 records.  Elapsed time: 00:10:05s.  Time for last 1,000,000:    3s.  Last read position: chrM:1,605
INFO	2019-05-22 15:10:46	MarkDuplicates	Tracking 288131 as yet unmatched pairs. 283243 records in RAM.
INFO	2019-05-22 15:10:50	MarkDuplicates	Read   177,000,000 records.  Elapsed time: 00:10:09s.  Time for last 1,000,000:    3s.  Last read position: chrM:1,914
INFO	2019-05-22 15:10:50	MarkDuplicates	Tracking 234970 as yet unmatched pairs. 230074 records in RAM.
INFO	2019-05-22 15:10:54	MarkDuplicates	Read   178,000,000 records.  Elapsed time: 00:10:13s.  Time for last 1,000,000:    4s.  Last read position: chrM:2,273
INFO	2019-05-22 15:10:54	MarkDuplicates	Tracking 279880 as yet unmatched pairs. 274976 records in RAM.
INFO	2019-05-22 15:10:58	MarkDuplicates	Read   179,000,000 records.  Elapsed time: 00:10:16s.  Time for last 1,000,000:    3s.  Last read position: chrM:2,592
INFO	2019-05-22 15:10:58	MarkDuplicates	Tracking 249175 as yet unmatched pairs. 244264 records in RAM.
INFO	2019-05-22 15:11:02	MarkDuplicates	Read   180,000,000 records.  Elapsed time: 00:10:20s.  Time for last 1,000,000:    3s.  Last read position: chrM:2,910
INFO	2019-05-22 15:11:02	MarkDuplicates	Tracking 246128 as yet unmatched pairs. 241209 records in RAM.
INFO	2019-05-22 15:11:06	MarkDuplicates	Read   181,000,000 records.  Elapsed time: 00:10:24s.  Time for last 1,000,000:    4s.  Last read position: chrM:3,253
INFO	2019-05-22 15:11:06	MarkDuplicates	Tracking 232658 as yet unmatched pairs. 227732 records in RAM.
INFO	2019-05-22 15:11:09	MarkDuplicates	Read   182,000,000 records.  Elapsed time: 00:10:28s.  Time for last 1,000,000:    3s.  Last read position: chrM:3,602
INFO	2019-05-22 15:11:09	MarkDuplicates	Tracking 274271 as yet unmatched pairs. 269343 records in RAM.
INFO	2019-05-22 15:11:13	MarkDuplicates	Read   183,000,000 records.  Elapsed time: 00:10:31s.  Time for last 1,000,000:    3s.  Last read position: chrM:3,927
INFO	2019-05-22 15:11:13	MarkDuplicates	Tracking 228221 as yet unmatched pairs. 223287 records in RAM.
INFO	2019-05-22 15:11:17	MarkDuplicates	Read   184,000,000 records.  Elapsed time: 00:10:35s.  Time for last 1,000,000:    3s.  Last read position: chrM:4,263
INFO	2019-05-22 15:11:17	MarkDuplicates	Tracking 245620 as yet unmatched pairs. 240674 records in RAM.
INFO	2019-05-22 15:11:20	MarkDuplicates	Read   185,000,000 records.  Elapsed time: 00:10:39s.  Time for last 1,000,000:    3s.  Last read position: chrM:4,593
INFO	2019-05-22 15:11:20	MarkDuplicates	Tracking 271908 as yet unmatched pairs. 266954 records in RAM.
INFO	2019-05-22 15:11:46	MarkDuplicates	Read   186,000,000 records.  Elapsed time: 00:11:05s.  Time for last 1,000,000:   25s.  Last read position: chrM:4,954
INFO	2019-05-22 15:11:46	MarkDuplicates	Tracking 228651 as yet unmatched pairs. 223689 records in RAM.
INFO	2019-05-22 15:12:17	MarkDuplicates	Read   187,000,000 records.  Elapsed time: 00:11:35s.  Time for last 1,000,000:   30s.  Last read position: chrM:5,250
INFO	2019-05-22 15:12:17	MarkDuplicates	Tracking 270758 as yet unmatched pairs. 265790 records in RAM.
INFO	2019-05-22 15:12:20	MarkDuplicates	Read   188,000,000 records.  Elapsed time: 00:11:39s.  Time for last 1,000,000:    3s.  Last read position: chrM:5,544
INFO	2019-05-22 15:12:20	MarkDuplicates	Tracking 246370 as yet unmatched pairs. 241395 records in RAM.
INFO	2019-05-22 15:12:24	MarkDuplicates	Read   189,000,000 records.  Elapsed time: 00:11:42s.  Time for last 1,000,000:    3s.  Last read position: chrM:5,873
INFO	2019-05-22 15:12:24	MarkDuplicates	Tracking 225618 as yet unmatched pairs. 220638 records in RAM.
INFO	2019-05-22 15:12:28	MarkDuplicates	Read   190,000,000 records.  Elapsed time: 00:11:46s.  Time for last 1,000,000:    3s.  Last read position: chrM:6,163
INFO	2019-05-22 15:12:28	MarkDuplicates	Tracking 241710 as yet unmatched pairs. 236717 records in RAM.
INFO	2019-05-22 15:12:31	MarkDuplicates	Read   191,000,000 records.  Elapsed time: 00:11:50s.  Time for last 1,000,000:    3s.  Last read position: chrM:6,470
INFO	2019-05-22 15:12:31	MarkDuplicates	Tracking 223133 as yet unmatched pairs. 218128 records in RAM.
INFO	2019-05-22 15:12:34	MarkDuplicates	Read   192,000,000 records.  Elapsed time: 00:11:53s.  Time for last 1,000,000:    3s.  Last read position: chrM:6,775
INFO	2019-05-22 15:12:34	MarkDuplicates	Tracking 197257 as yet unmatched pairs. 192247 records in RAM.
INFO	2019-05-22 15:12:38	MarkDuplicates	Read   193,000,000 records.  Elapsed time: 00:11:56s.  Time for last 1,000,000:    3s.  Last read position: chrM:7,096
INFO	2019-05-22 15:12:38	MarkDuplicates	Tracking 201726 as yet unmatched pairs. 196712 records in RAM.
INFO	2019-05-22 15:12:41	MarkDuplicates	Read   194,000,000 records.  Elapsed time: 00:11:59s.  Time for last 1,000,000:    3s.  Last read position: chrM:7,407
INFO	2019-05-22 15:12:41	MarkDuplicates	Tracking 196661 as yet unmatched pairs. 191644 records in RAM.
INFO	2019-05-22 15:12:44	MarkDuplicates	Read   195,000,000 records.  Elapsed time: 00:12:03s.  Time for last 1,000,000:    3s.  Last read position: chrM:7,708
INFO	2019-05-22 15:12:44	MarkDuplicates	Tracking 189940 as yet unmatched pairs. 184920 records in RAM.
INFO	2019-05-22 15:12:47	MarkDuplicates	Read   196,000,000 records.  Elapsed time: 00:12:06s.  Time for last 1,000,000:    3s.  Last read position: chrM:8,031
INFO	2019-05-22 15:12:47	MarkDuplicates	Tracking 182091 as yet unmatched pairs. 177068 records in RAM.
INFO	2019-05-22 15:12:51	MarkDuplicates	Read   197,000,000 records.  Elapsed time: 00:12:09s.  Time for last 1,000,000:    3s.  Last read position: chrM:8,332
INFO	2019-05-22 15:12:51	MarkDuplicates	Tracking 188539 as yet unmatched pairs. 183513 records in RAM.
INFO	2019-05-22 15:12:54	MarkDuplicates	Read   198,000,000 records.  Elapsed time: 00:12:12s.  Time for last 1,000,000:    3s.  Last read position: chrM:8,647
INFO	2019-05-22 15:12:54	MarkDuplicates	Tracking 174721 as yet unmatched pairs. 169694 records in RAM.
INFO	2019-05-22 15:12:57	MarkDuplicates	Read   199,000,000 records.  Elapsed time: 00:12:16s.  Time for last 1,000,000:    3s.  Last read position: chrM:8,938
INFO	2019-05-22 15:12:57	MarkDuplicates	Tracking 171774 as yet unmatched pairs. 166744 records in RAM.
INFO	2019-05-22 15:13:00	MarkDuplicates	Read   200,000,000 records.  Elapsed time: 00:12:19s.  Time for last 1,000,000:    3s.  Last read position: chrM:9,241
INFO	2019-05-22 15:13:00	MarkDuplicates	Tracking 196693 as yet unmatched pairs. 191659 records in RAM.
INFO	2019-05-22 15:13:03	MarkDuplicates	Read   201,000,000 records.  Elapsed time: 00:12:22s.  Time for last 1,000,000:    3s.  Last read position: chrM:9,533
INFO	2019-05-22 15:13:03	MarkDuplicates	Tracking 168327 as yet unmatched pairs. 163289 records in RAM.
INFO	2019-05-22 15:13:07	MarkDuplicates	Read   202,000,000 records.  Elapsed time: 00:12:25s.  Time for last 1,000,000:    3s.  Last read position: chrM:9,823
INFO	2019-05-22 15:13:07	MarkDuplicates	Tracking 210848 as yet unmatched pairs. 205804 records in RAM.
INFO	2019-05-22 15:13:10	MarkDuplicates	Read   203,000,000 records.  Elapsed time: 00:12:28s.  Time for last 1,000,000:    3s.  Last read position: chrM:10,124
INFO	2019-05-22 15:13:10	MarkDuplicates	Tracking 148795 as yet unmatched pairs. 143751 records in RAM.
INFO	2019-05-22 15:13:13	MarkDuplicates	Read   204,000,000 records.  Elapsed time: 00:12:32s.  Time for last 1,000,000:    3s.  Last read position: chrM:10,453
INFO	2019-05-22 15:13:13	MarkDuplicates	Tracking 156300 as yet unmatched pairs. 151248 records in RAM.
INFO	2019-05-22 15:13:16	MarkDuplicates	Read   205,000,000 records.  Elapsed time: 00:12:35s.  Time for last 1,000,000:    3s.  Last read position: chrM:10,778
INFO	2019-05-22 15:13:16	MarkDuplicates	Tracking 136474 as yet unmatched pairs. 131419 records in RAM.
INFO	2019-05-22 15:13:19	MarkDuplicates	Read   206,000,000 records.  Elapsed time: 00:12:38s.  Time for last 1,000,000:    3s.  Last read position: chrM:11,080
INFO	2019-05-22 15:13:19	MarkDuplicates	Tracking 153651 as yet unmatched pairs. 148592 records in RAM.
INFO	2019-05-22 15:13:23	MarkDuplicates	Read   207,000,000 records.  Elapsed time: 00:12:42s.  Time for last 1,000,000:    3s.  Last read position: chrM:11,402
INFO	2019-05-22 15:13:23	MarkDuplicates	Tracking 155560 as yet unmatched pairs. 150495 records in RAM.
INFO	2019-05-22 15:13:27	MarkDuplicates	Read   208,000,000 records.  Elapsed time: 00:12:45s.  Time for last 1,000,000:    3s.  Last read position: chrM:11,698
INFO	2019-05-22 15:13:27	MarkDuplicates	Tracking 249615 as yet unmatched pairs. 244544 records in RAM.
INFO	2019-05-22 15:13:30	MarkDuplicates	Read   209,000,000 records.  Elapsed time: 00:12:49s.  Time for last 1,000,000:    3s.  Last read position: chrM:12,005
INFO	2019-05-22 15:13:30	MarkDuplicates	Tracking 188143 as yet unmatched pairs. 183064 records in RAM.
INFO	2019-05-22 15:13:34	MarkDuplicates	Read   210,000,000 records.  Elapsed time: 00:12:52s.  Time for last 1,000,000:    3s.  Last read position: chrM:12,334
INFO	2019-05-22 15:13:34	MarkDuplicates	Tracking 167122 as yet unmatched pairs. 162037 records in RAM.
INFO	2019-05-22 15:13:38	MarkDuplicates	Read   211,000,000 records.  Elapsed time: 00:12:56s.  Time for last 1,000,000:    3s.  Last read position: chrM:12,677
INFO	2019-05-22 15:13:38	MarkDuplicates	Tracking 158519 as yet unmatched pairs. 153414 records in RAM.
INFO	2019-05-22 15:13:41	MarkDuplicates	Read   212,000,000 records.  Elapsed time: 00:13:00s.  Time for last 1,000,000:    3s.  Last read position: chrM:12,999
INFO	2019-05-22 15:13:41	MarkDuplicates	Tracking 159332 as yet unmatched pairs. 154218 records in RAM.
INFO	2019-05-22 15:13:45	MarkDuplicates	Read   213,000,000 records.  Elapsed time: 00:13:04s.  Time for last 1,000,000:    3s.  Last read position: chrM:13,329
INFO	2019-05-22 15:13:45	MarkDuplicates	Tracking 152631 as yet unmatched pairs. 147510 records in RAM.
INFO	2019-05-22 15:13:49	MarkDuplicates	Read   214,000,000 records.  Elapsed time: 00:13:07s.  Time for last 1,000,000:    3s.  Last read position: chrM:13,649
INFO	2019-05-22 15:13:49	MarkDuplicates	Tracking 142403 as yet unmatched pairs. 137271 records in RAM.
INFO	2019-05-22 15:13:53	MarkDuplicates	Read   215,000,000 records.  Elapsed time: 00:13:11s.  Time for last 1,000,000:    3s.  Last read position: chrM:14,005
INFO	2019-05-22 15:13:53	MarkDuplicates	Tracking 210783 as yet unmatched pairs. 205637 records in RAM.
INFO	2019-05-22 15:13:57	MarkDuplicates	Read   216,000,000 records.  Elapsed time: 00:13:15s.  Time for last 1,000,000:    3s.  Last read position: chrM:14,322
INFO	2019-05-22 15:13:57	MarkDuplicates	Tracking 195559 as yet unmatched pairs. 190404 records in RAM.
INFO	2019-05-22 15:14:00	MarkDuplicates	Read   217,000,000 records.  Elapsed time: 00:13:19s.  Time for last 1,000,000:    3s.  Last read position: chrM:14,647
INFO	2019-05-22 15:14:00	MarkDuplicates	Tracking 155137 as yet unmatched pairs. 149973 records in RAM.
INFO	2019-05-22 15:14:04	MarkDuplicates	Read   218,000,000 records.  Elapsed time: 00:13:22s.  Time for last 1,000,000:    3s.  Last read position: chrM:14,996
INFO	2019-05-22 15:14:04	MarkDuplicates	Tracking 134281 as yet unmatched pairs. 129112 records in RAM.
INFO	2019-05-22 15:14:08	MarkDuplicates	Read   219,000,000 records.  Elapsed time: 00:13:26s.  Time for last 1,000,000:    3s.  Last read position: chrM:15,306
INFO	2019-05-22 15:14:08	MarkDuplicates	Tracking 148110 as yet unmatched pairs. 142930 records in RAM.
INFO	2019-05-22 15:14:11	MarkDuplicates	Read   220,000,000 records.  Elapsed time: 00:13:30s.  Time for last 1,000,000:    3s.  Last read position: chrM:15,713
INFO	2019-05-22 15:14:11	MarkDuplicates	Tracking 120602 as yet unmatched pairs. 115406 records in RAM.
INFO	2019-05-22 15:14:15	MarkDuplicates	Read   221,000,000 records.  Elapsed time: 00:13:33s.  Time for last 1,000,000:    3s.  Last read position: chrM:16,139
INFO	2019-05-22 15:14:15	MarkDuplicates	Tracking 112306 as yet unmatched pairs. 107085 records in RAM.
INFO	2019-05-22 15:14:18	MarkDuplicates	Read   222,000,000 records.  Elapsed time: 00:13:37s.  Time for last 1,000,000:    3s.  Last read position: chrX:12,936,778
INFO	2019-05-22 15:14:18	MarkDuplicates	Tracking 4766 as yet unmatched pairs. 4386 records in RAM.
INFO	2019-05-22 15:14:21	MarkDuplicates	Read   223,000,000 records.  Elapsed time: 00:13:40s.  Time for last 1,000,000:    3s.  Last read position: chrX:28,784,006
INFO	2019-05-22 15:14:21	MarkDuplicates	Tracking 4585 as yet unmatched pairs. 4204 records in RAM.
INFO	2019-05-22 15:14:25	MarkDuplicates	Read   224,000,000 records.  Elapsed time: 00:13:44s.  Time for last 1,000,000:    3s.  Last read position: chrX:42,152,115
INFO	2019-05-22 15:14:25	MarkDuplicates	Tracking 4335 as yet unmatched pairs. 3954 records in RAM.
INFO	2019-05-22 15:14:28	MarkDuplicates	Read   225,000,000 records.  Elapsed time: 00:13:47s.  Time for last 1,000,000:    3s.  Last read position: chrX:63,315,199
INFO	2019-05-22 15:14:28	MarkDuplicates	Tracking 4039 as yet unmatched pairs. 3656 records in RAM.
INFO	2019-05-22 15:14:32	MarkDuplicates	Read   226,000,000 records.  Elapsed time: 00:13:50s.  Time for last 1,000,000:    3s.  Last read position: chrX:79,391,004
INFO	2019-05-22 15:14:32	MarkDuplicates	Tracking 3687 as yet unmatched pairs. 3302 records in RAM.
INFO	2019-05-22 15:14:35	MarkDuplicates	Read   227,000,000 records.  Elapsed time: 00:13:54s.  Time for last 1,000,000:    3s.  Last read position: chrX:102,915,158
INFO	2019-05-22 15:14:35	MarkDuplicates	Tracking 2861 as yet unmatched pairs. 2472 records in RAM.
INFO	2019-05-22 15:14:38	MarkDuplicates	Read   228,000,000 records.  Elapsed time: 00:13:57s.  Time for last 1,000,000:    3s.  Last read position: chrX:124,425,666
INFO	2019-05-22 15:14:38	MarkDuplicates	Tracking 2267 as yet unmatched pairs. 1872 records in RAM.
INFO	2019-05-22 15:14:42	MarkDuplicates	Read   229,000,000 records.  Elapsed time: 00:14:00s.  Time for last 1,000,000:    3s.  Last read position: chrX:148,240,213
INFO	2019-05-22 15:14:42	MarkDuplicates	Tracking 917 as yet unmatched pairs. 521 records in RAM.
INFO	2019-05-22 15:14:45	MarkDuplicates	Read   230,000,000 records.  Elapsed time: 00:14:04s.  Time for last 1,000,000:    3s.  Last read position: chrX:169,105,210
INFO	2019-05-22 15:14:45	MarkDuplicates	Tracking 435 as yet unmatched pairs. 36 records in RAM.
INFO	2019-05-22 15:14:48	MarkDuplicates	Read   231,000,000 records.  Elapsed time: 00:14:07s.  Time for last 1,000,000:    3s.  Last read position: chrY:90,794,685
INFO	2019-05-22 15:14:48	MarkDuplicates	Tracking 27 as yet unmatched pairs. 27 records in RAM.
INFO	2019-05-22 15:14:48	MarkDuplicates	Read 231030449 records. 0 pairs never matched.
INFO	2019-05-22 15:15:17	MarkDuplicates	After buildSortedReadEndLists freeMemory: 10473470640; totalMemory: 10485760000; maxMemory: 10485760000
INFO	2019-05-22 15:15:17	MarkDuplicates	Will retain up to 327680000 duplicate indices before spilling to disk.
INFO	2019-05-22 15:15:18	MarkDuplicates	Traversing read pair information and detecting duplicates.
INFO	2019-05-22 15:15:18	SortingCollection	Creating merging iterator from 2 files
WARNING	2019-05-22 15:15:18	SortingCollection	There is not enough memory per file for buffering. Reading will be unbuffered.
INFO	2019-05-22 15:15:35	OpticalDuplicateFinder	Large duplicate set. size = 1092
INFO	2019-05-22 15:15:35	OpticalDuplicateFinder	compared         1,000 ReadEnds to others.  Elapsed time: 00:00:00s.  Time for last 1,000:    0s.  Last read position: 0:7,831
INFO	2019-05-22 15:15:35	OpticalDuplicateFinder	Large duplicate set. size = 1048
INFO	2019-05-22 15:15:35	OpticalDuplicateFinder	compared         1,000 ReadEnds to others.  Elapsed time: 00:00:00s.  Time for last 1,000:    0s.  Last read position: 0:3,842
INFO	2019-05-22 15:15:38	OpticalDuplicateFinder	Large duplicate set. size = 1093
INFO	2019-05-22 15:15:38	OpticalDuplicateFinder	compared         1,000 ReadEnds to others.  Elapsed time: 00:00:00s.  Time for last 1,000:    0s.  Last read position: 0:17,801
INFO	2019-05-22 15:15:38	OpticalDuplicateFinder	Large duplicate set. size = 1182
INFO	2019-05-22 15:15:38	OpticalDuplicateFinder	compared         1,000 ReadEnds to others.  Elapsed time: 00:00:00s.  Time for last 1,000:    0s.  Last read position: 0:1,612
INFO	2019-05-22 15:15:38	OpticalDuplicateFinder	Large duplicate set. size = 1397
INFO	2019-05-22 15:15:38	OpticalDuplicateFinder	compared         1,000 ReadEnds to others.  Elapsed time: 00:00:00s.  Time for last 1,000:    0s.  Last read position: 0:10,886
INFO	2019-05-22 15:15:38	OpticalDuplicateFinder	Large duplicate set. size = 1314
INFO	2019-05-22 15:15:38	OpticalDuplicateFinder	compared         1,000 ReadEnds to others.  Elapsed time: 00:00:00s.  Time for last 1,000:    0s.  Last read position: 0:14,253
INFO	2019-05-22 15:15:41	OpticalDuplicateFinder	Large duplicate set. size = 1012
INFO	2019-05-22 15:15:41	OpticalDuplicateFinder	compared         1,000 ReadEnds to others.  Elapsed time: 00:00:00s.  Time for last 1,000:    0s.  Last read position: 0:23,777
INFO	2019-05-22 15:15:42	OpticalDuplicateFinder	Large duplicate set. size = 1506
INFO	2019-05-22 15:15:42	OpticalDuplicateFinder	compared         1,000 ReadEnds to others.  Elapsed time: 00:00:00s.  Time for last 1,000:    0s.  Last read position: 0:13,188
INFO	2019-05-22 15:15:42	OpticalDuplicateFinder	Large duplicate set. size = 1421
INFO	2019-05-22 15:15:42	OpticalDuplicateFinder	compared         1,000 ReadEnds to others.  Elapsed time: 00:00:00s.  Time for last 1,000:    0s.  Last read position: 0:3,980
INFO	2019-05-22 15:15:42	OpticalDuplicateFinder	Large duplicate set. size = 1003
INFO	2019-05-22 15:15:42	OpticalDuplicateFinder	compared         1,000 ReadEnds to others.  Elapsed time: 00:00:00s.  Time for last 1,000:    0s.  Last read position: 0:14,434
INFO	2019-05-22 15:15:48	OpticalDuplicateFinder	Large duplicate set. size = 1121
INFO	2019-05-22 15:15:48	OpticalDuplicateFinder	compared         1,000 ReadEnds to others.  Elapsed time: 00:00:00s.  Time for last 1,000:    0s.  Last read position: 0:21,948
INFO	2019-05-22 15:15:48	OpticalDuplicateFinder	Large duplicate set. size = 1105
INFO	2019-05-22 15:15:48	OpticalDuplicateFinder	compared         1,000 ReadEnds to others.  Elapsed time: 00:00:00s.  Time for last 1,000:    0s.  Last read position: 0:20,170
INFO	2019-05-22 15:15:48	OpticalDuplicateFinder	Large duplicate set. size = 1384
INFO	2019-05-22 15:15:48	OpticalDuplicateFinder	compared         1,000 ReadEnds to others.  Elapsed time: 00:00:00s.  Time for last 1,000:    0s.  Last read position: 0:23,401
INFO	2019-05-22 15:15:51	OpticalDuplicateFinder	Large duplicate set. size = 1843
INFO	2019-05-22 15:15:51	OpticalDuplicateFinder	compared         1,000 ReadEnds to others.  Elapsed time: 00:00:00s.  Time for last 1,000:    0s.  Last read position: 0:26,584
INFO	2019-05-22 15:15:51	OpticalDuplicateFinder	Large duplicate set. size = 1818
INFO	2019-05-22 15:15:51	OpticalDuplicateFinder	compared         1,000 ReadEnds to others.  Elapsed time: 00:00:00s.  Time for last 1,000:    0s.  Last read position: 0:23,580
INFO	2019-05-22 15:15:51	OpticalDuplicateFinder	Large duplicate set. size = 1026
INFO	2019-05-22 15:15:51	OpticalDuplicateFinder	compared         1,000 ReadEnds to others.  Elapsed time: 00:00:00s.  Time for last 1,000:    0s.  Last read position: 0:3,812
INFO	2019-05-22 15:15:51	OpticalDuplicateFinder	Large duplicate set. size = 1220
INFO	2019-05-22 15:15:51	OpticalDuplicateFinder	compared         1,000 ReadEnds to others.  Elapsed time: 00:00:00s.  Time for last 1,000:    0s.  Last read position: 0:25,497
INFO	2019-05-22 15:15:51	OpticalDuplicateFinder	Large duplicate set. size = 1101
INFO	2019-05-22 15:15:51	OpticalDuplicateFinder	compared         1,000 ReadEnds to others.  Elapsed time: 00:00:00s.  Time for last 1,000:    0s.  Last read position: 0:20,093
INFO	2019-05-22 15:15:52	OpticalDuplicateFinder	Large duplicate set. size = 1156
INFO	2019-05-22 15:15:52	OpticalDuplicateFinder	compared         1,000 ReadEnds to others.  Elapsed time: 00:00:00s.  Time for last 1,000:    0s.  Last read position: 0:7,969
INFO	2019-05-22 15:15:52	OpticalDuplicateFinder	Large duplicate set. size = 1210
INFO	2019-05-22 15:15:52	OpticalDuplicateFinder	compared         1,000 ReadEnds to others.  Elapsed time: 00:00:00s.  Time for last 1,000:    0s.  Last read position: 0:4,556
INFO	2019-05-22 15:15:52	OpticalDuplicateFinder	Large duplicate set. size = 1327
INFO	2019-05-22 15:15:52	OpticalDuplicateFinder	compared         1,000 ReadEnds to others.  Elapsed time: 00:00:00s.  Time for last 1,000:    0s.  Last read position: 0:24,918
INFO	2019-05-22 15:15:52	OpticalDuplicateFinder	Large duplicate set. size = 1279
INFO	2019-05-22 15:15:52	OpticalDuplicateFinder	compared         1,000 ReadEnds to others.  Elapsed time: 00:00:00s.  Time for last 1,000:    0s.  Last read position: 0:18,816
INFO	2019-05-22 15:15:52	OpticalDuplicateFinder	Large duplicate set. size = 1170
INFO	2019-05-22 15:15:52	OpticalDuplicateFinder	compared         1,000 ReadEnds to others.  Elapsed time: 00:00:00s.  Time for last 1,000:    0s.  Last read position: 0:24,949
INFO	2019-05-22 15:15:52	OpticalDuplicateFinder	Large duplicate set. size = 1103
INFO	2019-05-22 15:15:52	OpticalDuplicateFinder	compared         1,000 ReadEnds to others.  Elapsed time: 00:00:00s.  Time for last 1,000:    0s.  Last read position: 0:15,294
INFO	2019-05-22 15:15:53	OpticalDuplicateFinder	Large duplicate set. size = 1133
INFO	2019-05-22 15:15:53	OpticalDuplicateFinder	compared         1,000 ReadEnds to others.  Elapsed time: 00:00:00s.  Time for last 1,000:    0s.  Last read position: 0:13,529
INFO	2019-05-22 15:15:53	OpticalDuplicateFinder	Large duplicate set. size = 1239
INFO	2019-05-22 15:15:53	OpticalDuplicateFinder	compared         1,000 ReadEnds to others.  Elapsed time: 00:00:00s.  Time for last 1,000:    0s.  Last read position: 0:7,271
INFO	2019-05-22 15:15:53	OpticalDuplicateFinder	Large duplicate set. size = 1473
INFO	2019-05-22 15:15:53	OpticalDuplicateFinder	compared         1,000 ReadEnds to others.  Elapsed time: 00:00:00s.  Time for last 1,000:    0s.  Last read position: 0:17,476
INFO	2019-05-22 15:15:53	OpticalDuplicateFinder	Large duplicate set. size = 1140
INFO	2019-05-22 15:15:53	OpticalDuplicateFinder	compared         1,000 ReadEnds to others.  Elapsed time: 00:00:00s.  Time for last 1,000:    0s.  Last read position: 0:4,467
INFO	2019-05-22 15:15:53	OpticalDuplicateFinder	Large duplicate set. size = 1049
INFO	2019-05-22 15:15:53	OpticalDuplicateFinder	compared         1,000 ReadEnds to others.  Elapsed time: 00:00:00s.  Time for last 1,000:    0s.  Last read position: 0:25,671
INFO	2019-05-22 15:15:53	OpticalDuplicateFinder	Large duplicate set. size = 1068
INFO	2019-05-22 15:15:53	OpticalDuplicateFinder	compared         1,000 ReadEnds to others.  Elapsed time: 00:00:00s.  Time for last 1,000:    0s.  Last read position: 0:21,244
INFO	2019-05-22 15:15:53	OpticalDuplicateFinder	Large duplicate set. size = 1097
INFO	2019-05-22 15:15:53	OpticalDuplicateFinder	compared         1,000 ReadEnds to others.  Elapsed time: 00:00:00s.  Time for last 1,000:    0s.  Last read position: 0:16,570
INFO	2019-05-22 15:15:53	OpticalDuplicateFinder	Large duplicate set. size = 1051
INFO	2019-05-22 15:15:53	OpticalDuplicateFinder	compared         1,000 ReadEnds to others.  Elapsed time: 00:00:00s.  Time for last 1,000:    0s.  Last read position: 0:18,205
INFO	2019-05-22 15:15:53	OpticalDuplicateFinder	Large duplicate set. size = 1039
INFO	2019-05-22 15:15:53	OpticalDuplicateFinder	compared         1,000 ReadEnds to others.  Elapsed time: 00:00:00s.  Time for last 1,000:    0s.  Last read position: 0:15,457
INFO	2019-05-22 15:15:53	OpticalDuplicateFinder	Large duplicate set. size = 1097
INFO	2019-05-22 15:15:53	OpticalDuplicateFinder	compared         1,000 ReadEnds to others.  Elapsed time: 00:00:00s.  Time for last 1,000:    0s.  Last read position: 0:7,396
INFO	2019-05-22 15:15:53	OpticalDuplicateFinder	Large duplicate set. size = 1404
INFO	2019-05-22 15:15:53	OpticalDuplicateFinder	compared         1,000 ReadEnds to others.  Elapsed time: 00:00:00s.  Time for last 1,000:    0s.  Last read position: 0:21,699
INFO	2019-05-22 15:15:54	MarkDuplicates	Traversing fragment information and detecting duplicates.
INFO	2019-05-22 15:15:54	SortingCollection	Creating merging iterator from 3 files
WARNING	2019-05-22 15:15:54	SortingCollection	There is not enough memory per file for buffering. Reading will be unbuffered.
INFO	2019-05-22 15:16:26	MarkDuplicates	Sorting list of duplicate records.
INFO	2019-05-22 15:16:31	MarkDuplicates	After generateDuplicateIndexes freeMemory: 7847908152; totalMemory: 10485760000; maxMemory: 10485760000
INFO	2019-05-22 15:16:31	MarkDuplicates	Marking 51816354 records as duplicates.
INFO	2019-05-22 15:16:31	MarkDuplicates	Found 80805 optical duplicate clusters.
INFO	2019-05-22 15:16:31	MarkDuplicates	Reads are assumed to be ordered by: coordinate
INFO	2019-05-22 15:25:47	MarkDuplicates	Written    10,000,000 records.  Elapsed time: 00:08:55s.  Time for last 10,000,000:  535s.  Last read position: chr11:48,839,071
INFO	2019-05-22 15:30:49	MarkDuplicates	Written    20,000,000 records.  Elapsed time: 00:13:56s.  Time for last 10,000,000:  301s.  Last read position: chr12:97,061,641
INFO	2019-05-22 15:37:15	MarkDuplicates	Written    30,000,000 records.  Elapsed time: 00:20:23s.  Time for last 10,000,000:  386s.  Last read position: chr14:7,499,793
INFO	2019-05-22 15:40:20	MarkDuplicates	Written    40,000,000 records.  Elapsed time: 00:23:28s.  Time for last 10,000,000:  185s.  Last read position: chr15:36,578,739
INFO	2019-05-22 15:44:17	MarkDuplicates	Written    50,000,000 records.  Elapsed time: 00:27:25s.  Time for last 10,000,000:  237s.  Last read position: chr17:60,091,560
INFO	2019-05-22 15:49:50	MarkDuplicates	Written    60,000,000 records.  Elapsed time: 00:32:58s.  Time for last 10,000,000:  332s.  Last read position: chr1:24,206,641
INFO	2019-05-22 15:53:17	MarkDuplicates	Written    70,000,000 records.  Elapsed time: 00:36:24s.  Time for last 10,000,000:  206s.  Last read position: chr1:24,614,574
INFO	2019-05-22 15:56:39	MarkDuplicates	Written    80,000,000 records.  Elapsed time: 00:39:46s.  Time for last 10,000,000:  202s.  Last read position: chr1:121,139,379
INFO	2019-05-22 15:59:35	MarkDuplicates	Written    90,000,000 records.  Elapsed time: 00:42:42s.  Time for last 10,000,000:  175s.  Last read position: chr2:22,588,803
INFO	2019-05-22 16:03:14	MarkDuplicates	Written   100,000,000 records.  Elapsed time: 00:46:21s.  Time for last 10,000,000:  218s.  Last read position: chr2:98,665,094
INFO	2019-05-22 16:06:34	MarkDuplicates	Written   110,000,000 records.  Elapsed time: 00:49:41s.  Time for last 10,000,000:  200s.  Last read position: chr3:71,744,792
INFO	2019-05-22 16:10:47	MarkDuplicates	Written   120,000,000 records.  Elapsed time: 00:53:54s.  Time for last 10,000,000:  253s.  Last read position: chr4:80,002,784
INFO	2019-05-22 16:13:30	MarkDuplicates	Written   130,000,000 records.  Elapsed time: 00:56:37s.  Time for last 10,000,000:  162s.  Last read position: chr5:7,276,822
INFO	2019-05-22 16:16:15	MarkDuplicates	Written   140,000,000 records.  Elapsed time: 00:59:22s.  Time for last 10,000,000:  165s.  Last read position: chr6:10,619,238
INFO	2019-05-22 16:19:10	MarkDuplicates	Written   150,000,000 records.  Elapsed time: 01:02:18s.  Time for last 10,000,000:  175s.  Last read position: chr7:43,957,270
INFO	2019-05-22 16:22:04	MarkDuplicates	Written   160,000,000 records.  Elapsed time: 01:05:12s.  Time for last 10,000,000:  174s.  Last read position: chr8:122,432,922
INFO	2019-05-22 16:24:37	MarkDuplicates	Written   170,000,000 records.  Elapsed time: 01:07:44s.  Time for last 10,000,000:  152s.  Last read position: chr9:106,977,173
INFO	2019-05-22 16:26:57	MarkDuplicates	Written   180,000,000 records.  Elapsed time: 01:10:04s.  Time for last 10,000,000:  139s.  Last read position: chrM:2,910
INFO	2019-05-22 16:29:15	MarkDuplicates	Written   190,000,000 records.  Elapsed time: 01:12:22s.  Time for last 10,000,000:  138s.  Last read position: chrM:6,163
INFO	2019-05-22 16:31:33	MarkDuplicates	Written   200,000,000 records.  Elapsed time: 01:14:40s.  Time for last 10,000,000:  137s.  Last read position: chrM:9,241
INFO	2019-05-22 16:33:49	MarkDuplicates	Written   210,000,000 records.  Elapsed time: 01:16:57s.  Time for last 10,000,000:  136s.  Last read position: chrM:12,334
INFO	2019-05-22 16:36:08	MarkDuplicates	Written   220,000,000 records.  Elapsed time: 01:19:16s.  Time for last 10,000,000:  139s.  Last read position: chrM:15,713
INFO	2019-05-22 16:39:04	MarkDuplicates	Written   230,000,000 records.  Elapsed time: 01:22:11s.  Time for last 10,000,000:  175s.  Last read position: chrX:169,105,210
INFO	2019-05-22 16:40:04	MarkDuplicates	Before output close freeMemory: 10474097600; totalMemory: 10485760000; maxMemory: 10485760000
INFO	2019-05-22 16:40:04	MarkDuplicates	After output close freeMemory: 10474097600; totalMemory: 10485760000; maxMemory: 10485760000
[Wed May 22 16:40:04 EDT 2019] picard.sam.markduplicates.MarkDuplicates done. Elapsed time: 99.39 minutes.
Runtime.totalMemory()=10485760000
Started analysis of AB3836-L1.bam
Approx 5% complete for AB3836-L1.bam
Approx 10% complete for AB3836-L1.bam
Approx 15% complete for AB3836-L1.bam
Approx 20% complete for AB3836-L1.bam
Approx 25% complete for AB3836-L1.bam
Approx 30% complete for AB3836-L1.bam
Approx 35% complete for AB3836-L1.bam
Approx 40% complete for AB3836-L1.bam
Approx 45% complete for AB3836-L1.bam
Approx 50% complete for AB3836-L1.bam
Approx 55% complete for AB3836-L1.bam
Approx 60% complete for AB3836-L1.bam
Approx 65% complete for AB3836-L1.bam
Approx 70% complete for AB3836-L1.bam
Approx 75% complete for AB3836-L1.bam
Approx 80% complete for AB3836-L1.bam
Approx 85% complete for AB3836-L1.bam
Approx 90% complete for AB3836-L1.bam
Approx 95% complete for AB3836-L1.bam
Approx 100% complete for AB3836-L1.bam
Java HotSpot(TM) 64-Bit Server VM warning: Ignoring option MaxPermSize; support was removed in 8.0
[+] Loading python 2.7  ... 
[-] Unloading python 2.7  ... 
[+] Loading snakemake  5.4.4 
[+] Loading java 12.0.1  ... 
[+] Loading bowtie  2-2.3.5 
[+] Loading samtools 1.9  ... 
[+] Loading picard  2.18.27 
[+] Loading fastqc  0.11.8 
[+] Loading GSL 2.4 for GCC 7.2.0 ... 
[+] Loading gcc  7.3.0  ... 
[+] Loading openmpi 3.0.2  for GCC 7.3.0 
[+] Loading ImageMagick  7.0.8  on cn1885 
[+] Loading HDF5  1.10.4 
[+] Loading pandoc  2.1.1  on cn1885 
[+] Loading R 3.5.2 
[+] Loading qualimap  2.2.1  on cn1885 
#
DONE!!!!
#
ELAPSED TIME: 14067 seconds
------------------------------------------------------------------------------
[Wed May 22 17:51:54 2019]
Finished job 0.
1 of 1 steps (100%) done
