Building DAG of jobs...
Using shell: /usr/bin/bash
Provided cores: 30
Rules claiming more threads will be scaled down.
Unlimited resources: mem_mb
Job counts:
	count	jobs
	1	Alignment_Paired
	1

[Wed May 22 13:57:17 2019]
Job 0: Alignment_Paired: Ccl20-_UT|AB3824-L1

[+] Loading bowtie  2-2.3.5 
[-] Unloading samtools 1.9  ... 
[+] Loading samtools 1.9  ... 
[+] Loading gcc  7.3.0  ... 
[+] Loading GSL 2.4 for GCC 7.2.0 ... 
[-] Unloading gcc  7.3.0  ... 
[+] Loading gcc  7.3.0  ... 
[+] Loading openmpi 3.0.2  for GCC 7.3.0 
[+] Loading ImageMagick  7.0.8  on cn3165 
[+] Loading HDF5  1.10.4 
[+] Loading pandoc  2.1.1  on cn3165 
[+] Loading R 3.5.2 
[-] Unloading gcc  7.3.0  ... 
[-] Unloading GSL 2.4 for GCC 7.2.0 ... 
[-] Unloading openmpi 3.0.2  for GCC 7.3.0 
[-] Unloading ImageMagick  7.0.8  on cn3165 
[-] Unloading HDF5  1.10.4 
[-] Unloading pandoc  2.1.1  on cn3165 
[-] Unloading R 3.5.2 
[+] Loading gcc  7.3.0  ... 
[+] Loading GSL 2.4 for GCC 7.2.0 ... 
[-] Unloading gcc  7.3.0  ... 
[+] Loading gcc  7.3.0  ... 
[+] Loading openmpi 3.0.2  for GCC 7.3.0 
[+] Loading ImageMagick  7.0.8  on cn3165 
[+] Loading HDF5  1.10.4 
[+] Loading pandoc  2.1.1  on cn3165 
[+] Loading R 3.5.2 
[+] Loading picard  2.18.27 
[+] Loading fastqc  0.11.8 
[+] Loading qualimap  2.2.1  on cn3165 
[-] Unloading gcc  7.3.0  ... 
[-] Unloading GSL 2.4 for GCC 7.2.0 ... 
[-] Unloading openmpi 3.0.2  for GCC 7.3.0 
[-] Unloading ImageMagick  7.0.8  on cn3165 
[-] Unloading HDF5  1.10.4 
[-] Unloading pandoc  2.1.1  on cn3165 
[-] Unloading R 3.5.2 
[+] Loading gcc  7.3.0  ... 
[+] Loading GSL 2.4 for GCC 7.2.0 ... 
[-] Unloading gcc  7.3.0  ... 
[+] Loading gcc  7.3.0  ... 
[+] Loading openmpi 3.0.2  for GCC 7.3.0 
[+] Loading ImageMagick  7.0.8  on cn3165 
[+] Loading HDF5  1.10.4 
[+] Loading pandoc  2.1.1  on cn3165 
[+] Loading R 3.5.2 
###################################- COMMANDLINE -############################
bowtie/2-2.3.5
samtools/1.9
picard/2.18.27
fastqc/0.11.8
qualimap/2.2.1
Alignment
#
INPUT1: /data/shamsaddinisha/jfarber-20160119-P1/spsingh-20190308-E1/spsingh-20190521-D1/mm10/Ccl20-_UT/pre_process/AB3824-L1.R1.processed.fastq
INPUT2: /data/shamsaddinisha/jfarber-20160119-P1/spsingh-20190308-E1/spsingh-20190521-D1/mm10/Ccl20-_UT/pre_process/AB3824-L1.R2.processed.fastq
#
OUTPUT1: /data/shamsaddinisha/jfarber-20160119-P1/spsingh-20190308-E1/spsingh-20190521-D1/mm10/Ccl20-_UT/alignment/AB3824-L1.bam
OUTPUT2: /data/shamsaddinisha/jfarber-20160119-P1/spsingh-20190308-E1/spsingh-20190521-D1/mm10/Ccl20-_UT/alignment/AB3824-L1.bam.bai
OUTPUT3: /data/shamsaddinisha/jfarber-20160119-P1/spsingh-20190308-E1/spsingh-20190521-D1/mm10/Ccl20-_UT/report/alignment/AB3824-L1.alignment.txt
OUTPUT4: /data/shamsaddinisha/jfarber-20160119-P1/spsingh-20190308-E1/spsingh-20190521-D1/mm10/Ccl20-_UT/report/alignment/AB3824-L1.picard.txt
OUTPUT5: /data/shamsaddinisha/jfarber-20160119-P1/spsingh-20190308-E1/spsingh-20190521-D1/mm10/Ccl20-_UT/report/alignment/AB3824-L1.samtools.txt
++++++++++++++++++++++++++++++++++++++++++++++++++++++++++++++++++++++++++++++
bowtie2 -k 10 --mm --local -X 2000 --threads 30 -x /fdb/igenomes/Mus_musculus/UCSC/mm10/Sequence/Bowtie2Index/genome -1 /data/shamsaddinisha/jfarber-20160119-P1/spsingh-20190308-E1/spsingh-20190521-D1/mm10/Ccl20-_UT/pre_process/AB3824-L1.R1.processed.fastq -2 /data/shamsaddinisha/jfarber-20160119-P1/spsingh-20190308-E1/spsingh-20190521-D1/mm10/Ccl20-_UT/pre_process/AB3824-L1.R2.processed.fastq 2> /data/shamsaddinisha/jfarber-20160119-P1/spsingh-20190308-E1/spsingh-20190521-D1/mm10/Ccl20-_UT/report/alignment/AB3824-L1.alignment.txt | samtools sort --threads 30 -m 2G -O bam -T /data/shamsaddinisha/jfarber-20160119-P1/spsingh-20190308-E1/spsingh-20190521-D1/mm10/Ccl20-_UT/alignment/AB3824-L1 -o /data/shamsaddinisha/jfarber-20160119-P1/spsingh-20190308-E1/spsingh-20190521-D1/mm10/Ccl20-_UT/alignment/AB3824-L1.bam.tmp - 
#
java -Xms10000M -Xmx10000M -XX:ParallelGCThreads=30 -jar /usr/local/apps/picard/2.18.27/picard.jar MarkDuplicates INPUT=/data/shamsaddinisha/jfarber-20160119-P1/spsingh-20190308-E1/spsingh-20190521-D1/mm10/Ccl20-_UT/alignment/AB3824-L1.bam.tmp OUTPUT=/data/shamsaddinisha/jfarber-20160119-P1/spsingh-20190308-E1/spsingh-20190521-D1/mm10/Ccl20-_UT/alignment/AB3824-L1.bam TMP_DIR=/lscratch/27137780 METRICS_FILE=/data/shamsaddinisha/jfarber-20160119-P1/spsingh-20190308-E1/spsingh-20190521-D1/mm10/Ccl20-_UT/report/alignment/AB3824-L1.picard.txt VALIDATION_STRINGENCY=LENIENT ASSUME_SORT_ORDER=coordinate REMOVE_DUPLICATES=false
#
samtools index -@ 30 -b /data/shamsaddinisha/jfarber-20160119-P1/spsingh-20190308-E1/spsingh-20190521-D1/mm10/Ccl20-_UT/alignment/AB3824-L1.bam
#
samtools flagstat --threads 30 /data/shamsaddinisha/jfarber-20160119-P1/spsingh-20190308-E1/spsingh-20190521-D1/mm10/Ccl20-_UT/alignment/AB3824-L1.bam > /data/shamsaddinisha/jfarber-20160119-P1/spsingh-20190308-E1/spsingh-20190521-D1/mm10/Ccl20-_UT/report/alignment/AB3824-L1.samtools.txt
#
rm -rf /data/shamsaddinisha/jfarber-20160119-P1/spsingh-20190308-E1/spsingh-20190521-D1/mm10/Ccl20-_UT/alignment/AB3824-L1.bam.tmp
#
fastqc -o /data/shamsaddinisha/jfarber-20160119-P1/spsingh-20190308-E1/spsingh-20190521-D1/mm10/Ccl20-_UT/report/alignment -f bam --threads 30 /data/shamsaddinisha/jfarber-20160119-P1/spsingh-20190308-E1/spsingh-20190521-D1/mm10/Ccl20-_UT/alignment/AB3824-L1.bam
#
qualimap bamqc -bam /data/shamsaddinisha/jfarber-20160119-P1/spsingh-20190308-E1/spsingh-20190521-D1/mm10/Ccl20-_UT/alignment/AB3824-L1.bam -nt 30 --genome-gc-distr MOUSE - mm10 -hm 3 -nr 100 -nw 400 -outformat HTML --skip-dup-mode 1 --java-mem-size=10G -outdir /data/shamsaddinisha/jfarber-20160119-P1/spsingh-20190308-E1/spsingh-20190521-D1/mm10/Ccl20-_UT/report/alignment/AB3824-L1_qualimap
#
python ./Python_Script/bamChipQC.py --infile /data/shamsaddinisha/jfarber-20160119-P1/spsingh-20190308-E1/spsingh-20190521-D1/mm10/Ccl20-_UT/alignment/AB3824-L1.bam --outfile /data/shamsaddinisha/jfarber-20160119-P1/spsingh-20190308-E1/spsingh-20190521-D1/mm10/Ccl20-_UT/report/alignment/AB3824-L1_PBC.txt --cores 30
#
EXECUTING....
#
[bam_sort_core] merging from 0 files and 30 in-memory blocks...
INFO	2019-05-22 14:41:08	MarkDuplicates	

********** NOTE: Picard's command line syntax is changing.
**********
********** For more information, please see:
********** https://github.com/broadinstitute/picard/wiki/Command-Line-Syntax-Transition-For-Users-(Pre-Transition)
**********
********** The command line looks like this in the new syntax:
**********
**********    MarkDuplicates -INPUT /data/shamsaddinisha/jfarber-20160119-P1/spsingh-20190308-E1/spsingh-20190521-D1/mm10/Ccl20-_UT/alignment/AB3824-L1.bam.tmp -OUTPUT /data/shamsaddinisha/jfarber-20160119-P1/spsingh-20190308-E1/spsingh-20190521-D1/mm10/Ccl20-_UT/alignment/AB3824-L1.bam -METRICS_FILE /data/shamsaddinisha/jfarber-20160119-P1/spsingh-20190308-E1/spsingh-20190521-D1/mm10/Ccl20-_UT/report/alignment/AB3824-L1.picard.txt -VALIDATION_STRINGENCY LENIENT -ASSUME_SORT_ORDER coordinate -REMOVE_DUPLICATES false
**********


14:41:08.652 INFO  NativeLibraryLoader - Loading libgkl_compression.so from jar:file:/usr/local/apps/picard/2.18.27/picard.jar!/com/intel/gkl/native/libgkl_compression.so
[Wed May 22 14:41:08 EDT 2019] MarkDuplicates INPUT=[/data/shamsaddinisha/jfarber-20160119-P1/spsingh-20190308-E1/spsingh-20190521-D1/mm10/Ccl20-_UT/alignment/AB3824-L1.bam.tmp] OUTPUT=/data/shamsaddinisha/jfarber-20160119-P1/spsingh-20190308-E1/spsingh-20190521-D1/mm10/Ccl20-_UT/alignment/AB3824-L1.bam METRICS_FILE=/data/shamsaddinisha/jfarber-20160119-P1/spsingh-20190308-E1/spsingh-20190521-D1/mm10/Ccl20-_UT/report/alignment/AB3824-L1.picard.txt REMOVE_DUPLICATES=false ASSUME_SORT_ORDER=coordinate VALIDATION_STRINGENCY=LENIENT    MAX_SEQUENCES_FOR_DISK_READ_ENDS_MAP=50000 MAX_FILE_HANDLES_FOR_READ_ENDS_MAP=8000 SORTING_COLLECTION_SIZE_RATIO=0.25 TAG_DUPLICATE_SET_MEMBERS=false REMOVE_SEQUENCING_DUPLICATES=false TAGGING_POLICY=DontTag CLEAR_DT=true DUPLEX_UMI=false ADD_PG_TAG_TO_READS=true ASSUME_SORTED=false DUPLICATE_SCORING_STRATEGY=SUM_OF_BASE_QUALITIES PROGRAM_RECORD_ID=MarkDuplicates PROGRAM_GROUP_NAME=MarkDuplicates READ_NAME_REGEX=<optimized capture of last three ':' separated fields as numeric values> OPTICAL_DUPLICATE_PIXEL_DISTANCE=100 MAX_OPTICAL_DUPLICATE_SET_SIZE=300000 VERBOSITY=INFO QUIET=false COMPRESSION_LEVEL=5 MAX_RECORDS_IN_RAM=500000 CREATE_INDEX=false CREATE_MD5_FILE=false GA4GH_CLIENT_SECRETS=client_secrets.json USE_JDK_DEFLATER=false USE_JDK_INFLATER=false
[Wed May 22 14:41:08 EDT 2019] Executing as shamsaddinisha@cn3165 on Linux 3.10.0-862.14.4.el7.x86_64 amd64; Java HotSpot(TM) 64-Bit Server VM 12.0.1+12; Deflater: Intel; Inflater: Intel; Provider GCS is not available; Picard version: 2.18.27-SNAPSHOT
INFO	2019-05-22 14:41:08	MarkDuplicates	Start of doWork freeMemory: 10475066064; totalMemory: 10485760000; maxMemory: 10485760000
INFO	2019-05-22 14:41:08	MarkDuplicates	Reading input file and constructing read end information.
INFO	2019-05-22 14:41:08	MarkDuplicates	Will retain up to 37991884 data points before spilling to disk.
INFO	2019-05-22 14:41:13	MarkDuplicates	Read     1,000,000 records.  Elapsed time: 00:00:04s.  Time for last 1,000,000:    4s.  Last read position: chr10:22,130,647
INFO	2019-05-22 14:41:13	MarkDuplicates	Tracking 1168 as yet unmatched pairs. 42 records in RAM.
INFO	2019-05-22 14:41:16	MarkDuplicates	Read     2,000,000 records.  Elapsed time: 00:00:07s.  Time for last 1,000,000:    3s.  Last read position: chr10:38,919,800
INFO	2019-05-22 14:41:16	MarkDuplicates	Tracking 1829 as yet unmatched pairs. 65 records in RAM.
INFO	2019-05-22 14:41:19	MarkDuplicates	Read     3,000,000 records.  Elapsed time: 00:00:11s.  Time for last 1,000,000:    3s.  Last read position: chr10:57,004,690
INFO	2019-05-22 14:41:19	MarkDuplicates	Tracking 2458 as yet unmatched pairs. 88 records in RAM.
INFO	2019-05-22 14:41:23	MarkDuplicates	Read     4,000,000 records.  Elapsed time: 00:00:14s.  Time for last 1,000,000:    3s.  Last read position: chr10:78,637,623
INFO	2019-05-22 14:41:23	MarkDuplicates	Tracking 3316 as yet unmatched pairs. 94 records in RAM.
INFO	2019-05-22 14:41:27	MarkDuplicates	Read     5,000,000 records.  Elapsed time: 00:00:18s.  Time for last 1,000,000:    4s.  Last read position: chr10:96,077,807
INFO	2019-05-22 14:41:27	MarkDuplicates	Tracking 4159 as yet unmatched pairs. 87 records in RAM.
INFO	2019-05-22 14:41:30	MarkDuplicates	Read     6,000,000 records.  Elapsed time: 00:00:22s.  Time for last 1,000,000:    3s.  Last read position: chr10:117,139,973
INFO	2019-05-22 14:41:30	MarkDuplicates	Tracking 4809 as yet unmatched pairs. 77 records in RAM.
INFO	2019-05-22 14:41:34	MarkDuplicates	Read     7,000,000 records.  Elapsed time: 00:00:25s.  Time for last 1,000,000:    3s.  Last read position: chr11:3,720,172
INFO	2019-05-22 14:41:34	MarkDuplicates	Tracking 6581 as yet unmatched pairs. 319 records in RAM.
INFO	2019-05-22 14:41:37	MarkDuplicates	Read     8,000,000 records.  Elapsed time: 00:00:28s.  Time for last 1,000,000:    3s.  Last read position: chr11:21,747,901
INFO	2019-05-22 14:41:37	MarkDuplicates	Tracking 7141 as yet unmatched pairs. 308 records in RAM.
INFO	2019-05-22 14:41:40	MarkDuplicates	Read     9,000,000 records.  Elapsed time: 00:00:31s.  Time for last 1,000,000:    3s.  Last read position: chr11:41,968,001
INFO	2019-05-22 14:41:40	MarkDuplicates	Tracking 7936 as yet unmatched pairs. 283 records in RAM.
INFO	2019-05-22 14:41:44	MarkDuplicates	Read    10,000,000 records.  Elapsed time: 00:00:35s.  Time for last 1,000,000:    3s.  Last read position: chr11:65,086,724
INFO	2019-05-22 14:41:44	MarkDuplicates	Tracking 8724 as yet unmatched pairs. 252 records in RAM.
INFO	2019-05-22 14:41:47	MarkDuplicates	Read    11,000,000 records.  Elapsed time: 00:00:38s.  Time for last 1,000,000:    3s.  Last read position: chr11:90,538,525
INFO	2019-05-22 14:41:47	MarkDuplicates	Tracking 9748 as yet unmatched pairs. 184 records in RAM.
INFO	2019-05-22 14:41:51	MarkDuplicates	Read    12,000,000 records.  Elapsed time: 00:00:42s.  Time for last 1,000,000:    3s.  Last read position: chr11:110,870,297
INFO	2019-05-22 14:41:51	MarkDuplicates	Tracking 11127 as yet unmatched pairs. 68 records in RAM.
INFO	2019-05-22 14:41:54	MarkDuplicates	Read    13,000,000 records.  Elapsed time: 00:00:45s.  Time for last 1,000,000:    3s.  Last read position: chr12:8,199,735
INFO	2019-05-22 14:41:54	MarkDuplicates	Tracking 11871 as yet unmatched pairs. 438 records in RAM.
INFO	2019-05-22 14:41:57	MarkDuplicates	Read    14,000,000 records.  Elapsed time: 00:00:48s.  Time for last 1,000,000:    3s.  Last read position: chr12:21,686,360
INFO	2019-05-22 14:41:57	MarkDuplicates	Tracking 12294 as yet unmatched pairs. 502 records in RAM.
INFO	2019-05-22 14:42:01	MarkDuplicates	Read    15,000,000 records.  Elapsed time: 00:00:52s.  Time for last 1,000,000:    3s.  Last read position: chr12:37,775,093
INFO	2019-05-22 14:42:01	MarkDuplicates	Tracking 12575 as yet unmatched pairs. 375 records in RAM.
INFO	2019-05-22 14:42:04	MarkDuplicates	Read    16,000,000 records.  Elapsed time: 00:00:55s.  Time for last 1,000,000:    3s.  Last read position: chr12:58,159,549
INFO	2019-05-22 14:42:04	MarkDuplicates	Tracking 13254 as yet unmatched pairs. 311 records in RAM.
INFO	2019-05-22 14:42:07	MarkDuplicates	Read    17,000,000 records.  Elapsed time: 00:00:58s.  Time for last 1,000,000:    3s.  Last read position: chr12:74,804,423
INFO	2019-05-22 14:42:07	MarkDuplicates	Tracking 13779 as yet unmatched pairs. 377 records in RAM.
INFO	2019-05-22 14:42:11	MarkDuplicates	Read    18,000,000 records.  Elapsed time: 00:01:02s.  Time for last 1,000,000:    3s.  Last read position: chr12:96,638,033
INFO	2019-05-22 14:42:11	MarkDuplicates	Tracking 14276 as yet unmatched pairs. 133 records in RAM.
INFO	2019-05-22 14:42:14	MarkDuplicates	Read    19,000,000 records.  Elapsed time: 00:01:05s.  Time for last 1,000,000:    3s.  Last read position: chr12:115,811,679
INFO	2019-05-22 14:42:14	MarkDuplicates	Tracking 15117 as yet unmatched pairs. 25 records in RAM.
INFO	2019-05-22 14:42:18	MarkDuplicates	Read    20,000,000 records.  Elapsed time: 00:01:09s.  Time for last 1,000,000:    3s.  Last read position: chr13:14,963,662
INFO	2019-05-22 14:42:18	MarkDuplicates	Tracking 15982 as yet unmatched pairs. 724 records in RAM.
INFO	2019-05-22 14:42:21	MarkDuplicates	Read    21,000,000 records.  Elapsed time: 00:01:12s.  Time for last 1,000,000:    3s.  Last read position: chr13:33,299,583
INFO	2019-05-22 14:42:21	MarkDuplicates	Tracking 16403 as yet unmatched pairs. 656 records in RAM.
INFO	2019-05-22 14:42:24	MarkDuplicates	Read    22,000,000 records.  Elapsed time: 00:01:15s.  Time for last 1,000,000:    3s.  Last read position: chr13:58,157,628
INFO	2019-05-22 14:42:24	MarkDuplicates	Tracking 17496 as yet unmatched pairs. 430 records in RAM.
INFO	2019-05-22 14:42:28	MarkDuplicates	Read    23,000,000 records.  Elapsed time: 00:01:19s.  Time for last 1,000,000:    3s.  Last read position: chr13:71,854,978
INFO	2019-05-22 14:42:28	MarkDuplicates	Tracking 17804 as yet unmatched pairs. 335 records in RAM.
INFO	2019-05-22 14:42:31	MarkDuplicates	Read    24,000,000 records.  Elapsed time: 00:01:22s.  Time for last 1,000,000:    3s.  Last read position: chr13:85,182,436
INFO	2019-05-22 14:42:31	MarkDuplicates	Tracking 18151 as yet unmatched pairs. 273 records in RAM.
INFO	2019-05-22 14:42:34	MarkDuplicates	Read    25,000,000 records.  Elapsed time: 00:01:25s.  Time for last 1,000,000:    3s.  Last read position: chr13:105,504,540
INFO	2019-05-22 14:42:34	MarkDuplicates	Tracking 18790 as yet unmatched pairs. 100 records in RAM.
INFO	2019-05-22 14:42:37	MarkDuplicates	Read    26,000,000 records.  Elapsed time: 00:01:28s.  Time for last 1,000,000:    3s.  Last read position: chr14:4,379,489
INFO	2019-05-22 14:42:37	MarkDuplicates	Tracking 19333 as yet unmatched pairs. 1092 records in RAM.
INFO	2019-05-22 14:42:40	MarkDuplicates	Read    27,000,000 records.  Elapsed time: 00:01:32s.  Time for last 1,000,000:    3s.  Last read position: chr14:15,475,476
INFO	2019-05-22 14:42:40	MarkDuplicates	Tracking 19427 as yet unmatched pairs. 940 records in RAM.
INFO	2019-05-22 14:42:43	MarkDuplicates	Read    28,000,000 records.  Elapsed time: 00:01:34s.  Time for last 1,000,000:    2s.  Last read position: chr14:19,415,964
INFO	2019-05-22 14:42:43	MarkDuplicates	Tracking 73854 as yet unmatched pairs. 55199 records in RAM.
INFO	2019-05-22 14:42:46	MarkDuplicates	Read    29,000,000 records.  Elapsed time: 00:01:37s.  Time for last 1,000,000:    2s.  Last read position: chr14:19,416,561
INFO	2019-05-22 14:42:46	MarkDuplicates	Tracking 85247 as yet unmatched pairs. 66580 records in RAM.
INFO	2019-05-22 14:42:49	MarkDuplicates	Read    30,000,000 records.  Elapsed time: 00:01:40s.  Time for last 1,000,000:    2s.  Last read position: chr14:19,417,116
INFO	2019-05-22 14:42:49	MarkDuplicates	Tracking 93981 as yet unmatched pairs. 75302 records in RAM.
INFO	2019-05-22 14:42:51	MarkDuplicates	Read    31,000,000 records.  Elapsed time: 00:01:42s.  Time for last 1,000,000:    2s.  Last read position: chr14:19,417,448
INFO	2019-05-22 14:42:51	MarkDuplicates	Tracking 109915 as yet unmatched pairs. 91155 records in RAM.
INFO	2019-05-22 14:42:54	MarkDuplicates	Read    32,000,000 records.  Elapsed time: 00:01:45s.  Time for last 1,000,000:    2s.  Last read position: chr14:19,417,760
INFO	2019-05-22 14:42:54	MarkDuplicates	Tracking 106294 as yet unmatched pairs. 87522 records in RAM.
INFO	2019-05-22 14:42:57	MarkDuplicates	Read    33,000,000 records.  Elapsed time: 00:01:48s.  Time for last 1,000,000:    2s.  Last read position: chr14:19,418,110
INFO	2019-05-22 14:42:57	MarkDuplicates	Tracking 109352 as yet unmatched pairs. 90574 records in RAM.
INFO	2019-05-22 14:42:59	MarkDuplicates	Read    34,000,000 records.  Elapsed time: 00:01:50s.  Time for last 1,000,000:    2s.  Last read position: chr14:19,418,494
INFO	2019-05-22 14:42:59	MarkDuplicates	Tracking 104283 as yet unmatched pairs. 85493 records in RAM.
INFO	2019-05-22 14:43:02	MarkDuplicates	Read    35,000,000 records.  Elapsed time: 00:01:53s.  Time for last 1,000,000:    2s.  Last read position: chr14:19,418,849
INFO	2019-05-22 14:43:02	MarkDuplicates	Tracking 58925 as yet unmatched pairs. 40083 records in RAM.
INFO	2019-05-22 14:43:05	MarkDuplicates	Read    36,000,000 records.  Elapsed time: 00:01:56s.  Time for last 1,000,000:    2s.  Last read position: chr14:19,419,378
INFO	2019-05-22 14:43:05	MarkDuplicates	Tracking 30048 as yet unmatched pairs. 11202 records in RAM.
INFO	2019-05-22 14:43:08	MarkDuplicates	Read    37,000,000 records.  Elapsed time: 00:01:59s.  Time for last 1,000,000:    3s.  Last read position: chr14:34,751,262
INFO	2019-05-22 14:43:08	MarkDuplicates	Tracking 19961 as yet unmatched pairs. 789 records in RAM.
INFO	2019-05-22 14:43:11	MarkDuplicates	Read    38,000,000 records.  Elapsed time: 00:02:02s.  Time for last 1,000,000:    3s.  Last read position: chr14:44,579,889
INFO	2019-05-22 14:43:11	MarkDuplicates	Tracking 20157 as yet unmatched pairs. 771 records in RAM.
INFO	2019-05-22 14:43:14	MarkDuplicates	Read    39,000,000 records.  Elapsed time: 00:02:05s.  Time for last 1,000,000:    3s.  Last read position: chr14:61,732,653
INFO	2019-05-22 14:43:14	MarkDuplicates	Tracking 20943 as yet unmatched pairs. 483 records in RAM.
INFO	2019-05-22 14:43:17	MarkDuplicates	Read    40,000,000 records.  Elapsed time: 00:02:08s.  Time for last 1,000,000:    3s.  Last read position: chr14:85,240,806
INFO	2019-05-22 14:43:17	MarkDuplicates	Tracking 21546 as yet unmatched pairs. 253 records in RAM.
INFO	2019-05-22 14:43:21	MarkDuplicates	Read    41,000,000 records.  Elapsed time: 00:02:12s.  Time for last 1,000,000:    3s.  Last read position: chr14:105,949,536
INFO	2019-05-22 14:43:21	MarkDuplicates	Tracking 21902 as yet unmatched pairs. 158 records in RAM.
INFO	2019-05-22 14:43:24	MarkDuplicates	Read    42,000,000 records.  Elapsed time: 00:02:15s.  Time for last 1,000,000:    3s.  Last read position: chr15:3,727,939
INFO	2019-05-22 14:43:24	MarkDuplicates	Tracking 22332 as yet unmatched pairs. 1067 records in RAM.
INFO	2019-05-22 14:43:27	MarkDuplicates	Read    43,000,000 records.  Elapsed time: 00:02:18s.  Time for last 1,000,000:    3s.  Last read position: chr15:22,685,865
INFO	2019-05-22 14:43:27	MarkDuplicates	Tracking 22615 as yet unmatched pairs. 952 records in RAM.
INFO	2019-05-22 14:43:31	MarkDuplicates	Read    44,000,000 records.  Elapsed time: 00:02:22s.  Time for last 1,000,000:    3s.  Last read position: chr15:42,881,348
INFO	2019-05-22 14:43:31	MarkDuplicates	Tracking 23054 as yet unmatched pairs. 787 records in RAM.
INFO	2019-05-22 14:43:34	MarkDuplicates	Read    45,000,000 records.  Elapsed time: 00:02:25s.  Time for last 1,000,000:    3s.  Last read position: chr15:61,950,951
INFO	2019-05-22 14:43:34	MarkDuplicates	Tracking 23395 as yet unmatched pairs. 653 records in RAM.
INFO	2019-05-22 14:43:37	MarkDuplicates	Read    46,000,000 records.  Elapsed time: 00:02:28s.  Time for last 1,000,000:    3s.  Last read position: chr15:84,371,106
INFO	2019-05-22 14:43:37	MarkDuplicates	Tracking 23982 as yet unmatched pairs. 361 records in RAM.
INFO	2019-05-22 14:43:41	MarkDuplicates	Read    47,000,000 records.  Elapsed time: 00:02:32s.  Time for last 1,000,000:    3s.  Last read position: chr16:4,822,461
INFO	2019-05-22 14:43:41	MarkDuplicates	Tracking 24639 as yet unmatched pairs. 1102 records in RAM.
INFO	2019-05-22 14:43:44	MarkDuplicates	Read    48,000,000 records.  Elapsed time: 00:02:35s.  Time for last 1,000,000:    3s.  Last read position: chr16:24,165,124
INFO	2019-05-22 14:43:44	MarkDuplicates	Tracking 25352 as yet unmatched pairs. 859 records in RAM.
INFO	2019-05-22 14:43:47	MarkDuplicates	Read    49,000,000 records.  Elapsed time: 00:02:39s.  Time for last 1,000,000:    3s.  Last read position: chr16:47,427,320
INFO	2019-05-22 14:43:47	MarkDuplicates	Tracking 25790 as yet unmatched pairs. 543 records in RAM.
INFO	2019-05-22 14:43:51	MarkDuplicates	Read    50,000,000 records.  Elapsed time: 00:02:42s.  Time for last 1,000,000:    3s.  Last read position: chr16:66,157,400
INFO	2019-05-22 14:43:51	MarkDuplicates	Tracking 26041 as yet unmatched pairs. 384 records in RAM.
INFO	2019-05-22 14:43:54	MarkDuplicates	Read    51,000,000 records.  Elapsed time: 00:02:45s.  Time for last 1,000,000:    3s.  Last read position: chr16:87,373,668
INFO	2019-05-22 14:43:54	MarkDuplicates	Tracking 26329 as yet unmatched pairs. 275 records in RAM.
INFO	2019-05-22 14:43:57	MarkDuplicates	Read    52,000,000 records.  Elapsed time: 00:02:48s.  Time for last 1,000,000:    3s.  Last read position: chr17:12,795,070
INFO	2019-05-22 14:43:57	MarkDuplicates	Tracking 26804 as yet unmatched pairs. 1348 records in RAM.
INFO	2019-05-22 14:44:01	MarkDuplicates	Read    53,000,000 records.  Elapsed time: 00:02:52s.  Time for last 1,000,000:    3s.  Last read position: chr17:26,555,435
INFO	2019-05-22 14:44:01	MarkDuplicates	Tracking 26959 as yet unmatched pairs. 1166 records in RAM.
INFO	2019-05-22 14:44:04	MarkDuplicates	Read    54,000,000 records.  Elapsed time: 00:02:55s.  Time for last 1,000,000:    3s.  Last read position: chr17:42,935,244
INFO	2019-05-22 14:44:04	MarkDuplicates	Tracking 27354 as yet unmatched pairs. 854 records in RAM.
INFO	2019-05-22 14:44:07	MarkDuplicates	Read    55,000,000 records.  Elapsed time: 00:02:58s.  Time for last 1,000,000:    3s.  Last read position: chr17:63,724,870
INFO	2019-05-22 14:44:07	MarkDuplicates	Tracking 27609 as yet unmatched pairs. 551 records in RAM.
INFO	2019-05-22 14:44:10	MarkDuplicates	Read    56,000,000 records.  Elapsed time: 00:03:01s.  Time for last 1,000,000:    3s.  Last read position: chr17:85,425,360
INFO	2019-05-22 14:44:10	MarkDuplicates	Tracking 28001 as yet unmatched pairs. 116 records in RAM.
INFO	2019-05-22 14:44:13	MarkDuplicates	Read    57,000,000 records.  Elapsed time: 00:03:05s.  Time for last 1,000,000:    3s.  Last read position: chr18:9,225,441
INFO	2019-05-22 14:44:13	MarkDuplicates	Tracking 28205 as yet unmatched pairs. 1274 records in RAM.
INFO	2019-05-22 14:44:17	MarkDuplicates	Read    58,000,000 records.  Elapsed time: 00:03:08s.  Time for last 1,000,000:    3s.  Last read position: chr18:28,610,376
INFO	2019-05-22 14:44:17	MarkDuplicates	Tracking 28389 as yet unmatched pairs. 1046 records in RAM.
INFO	2019-05-22 14:44:20	MarkDuplicates	Read    59,000,000 records.  Elapsed time: 00:03:11s.  Time for last 1,000,000:    3s.  Last read position: chr18:50,223,820
INFO	2019-05-22 14:44:20	MarkDuplicates	Tracking 28678 as yet unmatched pairs. 651 records in RAM.
INFO	2019-05-22 14:44:23	MarkDuplicates	Read    60,000,000 records.  Elapsed time: 00:03:14s.  Time for last 1,000,000:    3s.  Last read position: chr18:71,425,358
INFO	2019-05-22 14:44:23	MarkDuplicates	Tracking 29020 as yet unmatched pairs. 287 records in RAM.
INFO	2019-05-22 14:44:26	MarkDuplicates	Read    61,000,000 records.  Elapsed time: 00:03:17s.  Time for last 1,000,000:    3s.  Last read position: chr19:5,088,045
INFO	2019-05-22 14:44:26	MarkDuplicates	Tracking 29203 as yet unmatched pairs. 934 records in RAM.
INFO	2019-05-22 14:44:30	MarkDuplicates	Read    62,000,000 records.  Elapsed time: 00:03:21s.  Time for last 1,000,000:    3s.  Last read position: chr19:24,098,887
INFO	2019-05-22 14:44:30	MarkDuplicates	Tracking 29395 as yet unmatched pairs. 633 records in RAM.
INFO	2019-05-22 14:44:33	MarkDuplicates	Read    63,000,000 records.  Elapsed time: 00:03:24s.  Time for last 1,000,000:    3s.  Last read position: chr19:45,375,638
INFO	2019-05-22 14:44:33	MarkDuplicates	Tracking 29613 as yet unmatched pairs. 266 records in RAM.
INFO	2019-05-22 14:44:37	MarkDuplicates	Read    64,000,000 records.  Elapsed time: 00:03:28s.  Time for last 1,000,000:    3s.  Last read position: chr1:7,967,256
INFO	2019-05-22 14:44:37	MarkDuplicates	Tracking 29823 as yet unmatched pairs. 3183 records in RAM.
INFO	2019-05-22 14:44:40	MarkDuplicates	Read    65,000,000 records.  Elapsed time: 00:03:31s.  Time for last 1,000,000:    3s.  Last read position: chr1:24,500,509
INFO	2019-05-22 14:44:40	MarkDuplicates	Tracking 29965 as yet unmatched pairs. 2990 records in RAM.
INFO	2019-05-22 14:44:43	MarkDuplicates	Read    66,000,000 records.  Elapsed time: 00:03:34s.  Time for last 1,000,000:    3s.  Last read position: chr1:24,615,177
INFO	2019-05-22 14:44:43	MarkDuplicates	Tracking 38554 as yet unmatched pairs. 5409 records in RAM.
INFO	2019-05-22 14:44:46	MarkDuplicates	Read    67,000,000 records.  Elapsed time: 00:03:37s.  Time for last 1,000,000:    3s.  Last read position: chr1:38,604,191
INFO	2019-05-22 14:44:46	MarkDuplicates	Tracking 37759 as yet unmatched pairs. 2756 records in RAM.
INFO	2019-05-22 14:44:51	MarkDuplicates	Read    68,000,000 records.  Elapsed time: 00:03:42s.  Time for last 1,000,000:    4s.  Last read position: chr1:56,782,407
INFO	2019-05-22 14:44:51	MarkDuplicates	Tracking 37910 as yet unmatched pairs. 2557 records in RAM.
INFO	2019-05-22 14:44:54	MarkDuplicates	Read    69,000,000 records.  Elapsed time: 00:03:45s.  Time for last 1,000,000:    3s.  Last read position: chr1:78,274,728
INFO	2019-05-22 14:44:54	MarkDuplicates	Tracking 38182 as yet unmatched pairs. 2017 records in RAM.
INFO	2019-05-22 14:45:03	MarkDuplicates	Read    70,000,000 records.  Elapsed time: 00:03:54s.  Time for last 1,000,000:    8s.  Last read position: chr1:95,766,427
INFO	2019-05-22 14:45:03	MarkDuplicates	Tracking 38329 as yet unmatched pairs. 1635 records in RAM.
INFO	2019-05-22 14:45:06	MarkDuplicates	Read    71,000,000 records.  Elapsed time: 00:03:57s.  Time for last 1,000,000:    3s.  Last read position: chr1:112,225,053
INFO	2019-05-22 14:45:06	MarkDuplicates	Tracking 38392 as yet unmatched pairs. 1420 records in RAM.
INFO	2019-05-22 14:45:13	MarkDuplicates	Read    72,000,000 records.  Elapsed time: 00:04:04s.  Time for last 1,000,000:    6s.  Last read position: chr1:131,840,001
INFO	2019-05-22 14:45:13	MarkDuplicates	Tracking 38473 as yet unmatched pairs. 1203 records in RAM.
INFO	2019-05-22 14:45:16	MarkDuplicates	Read    73,000,000 records.  Elapsed time: 00:04:07s.  Time for last 1,000,000:    3s.  Last read position: chr1:150,464,745
INFO	2019-05-22 14:45:16	MarkDuplicates	Tracking 38535 as yet unmatched pairs. 954 records in RAM.
INFO	2019-05-22 14:45:19	MarkDuplicates	Read    74,000,000 records.  Elapsed time: 00:04:10s.  Time for last 1,000,000:    3s.  Last read position: chr1:172,410,921
INFO	2019-05-22 14:45:19	MarkDuplicates	Tracking 38666 as yet unmatched pairs. 456 records in RAM.
INFO	2019-05-22 14:45:23	MarkDuplicates	Read    75,000,000 records.  Elapsed time: 00:04:14s.  Time for last 1,000,000:    3s.  Last read position: chr1:193,960,825
INFO	2019-05-22 14:45:23	MarkDuplicates	Tracking 38732 as yet unmatched pairs. 39 records in RAM.
INFO	2019-05-22 14:45:28	MarkDuplicates	Read    76,000,000 records.  Elapsed time: 00:04:19s.  Time for last 1,000,000:    5s.  Last read position: chr2:20,825,370
INFO	2019-05-22 14:45:28	MarkDuplicates	Tracking 38772 as yet unmatched pairs. 4004 records in RAM.
INFO	2019-05-22 14:45:30	MarkDuplicates	Read    77,000,000 records.  Elapsed time: 00:04:21s.  Time for last 1,000,000:    2s.  Last read position: chr2:23,493,816
INFO	2019-05-22 14:45:30	MarkDuplicates	Tracking 39842 as yet unmatched pairs. 3607 records in RAM.
INFO	2019-05-22 14:45:34	MarkDuplicates	Read    78,000,000 records.  Elapsed time: 00:04:25s.  Time for last 1,000,000:    3s.  Last read position: chr2:46,343,750
INFO	2019-05-22 14:45:34	MarkDuplicates	Tracking 39898 as yet unmatched pairs. 3155 records in RAM.
INFO	2019-05-22 14:45:37	MarkDuplicates	Read    79,000,000 records.  Elapsed time: 00:04:28s.  Time for last 1,000,000:    3s.  Last read position: chr2:67,617,713
INFO	2019-05-22 14:45:37	MarkDuplicates	Tracking 39922 as yet unmatched pairs. 2914 records in RAM.
INFO	2019-05-22 14:45:40	MarkDuplicates	Read    80,000,000 records.  Elapsed time: 00:04:31s.  Time for last 1,000,000:    3s.  Last read position: chr2:88,219,723
INFO	2019-05-22 14:45:40	MarkDuplicates	Tracking 40108 as yet unmatched pairs. 2459 records in RAM.
INFO	2019-05-22 14:45:44	MarkDuplicates	Read    81,000,000 records.  Elapsed time: 00:04:35s.  Time for last 1,000,000:    3s.  Last read position: chr2:98,662,237
INFO	2019-05-22 14:45:44	MarkDuplicates	Tracking 58602 as yet unmatched pairs. 20712 records in RAM.
INFO	2019-05-22 14:45:46	MarkDuplicates	Read    82,000,000 records.  Elapsed time: 00:04:37s.  Time for last 1,000,000:    2s.  Last read position: chr2:98,662,775
INFO	2019-05-22 14:45:46	MarkDuplicates	Tracking 46411 as yet unmatched pairs. 8464 records in RAM.
INFO	2019-05-22 14:45:49	MarkDuplicates	Read    83,000,000 records.  Elapsed time: 00:04:41s.  Time for last 1,000,000:    3s.  Last read position: chr2:98,664,929
INFO	2019-05-22 14:45:49	MarkDuplicates	Tracking 40633 as yet unmatched pairs. 2664 records in RAM.
INFO	2019-05-22 14:45:52	MarkDuplicates	Read    84,000,000 records.  Elapsed time: 00:04:43s.  Time for last 1,000,000:    2s.  Last read position: chr2:98,666,562
INFO	2019-05-22 14:45:52	MarkDuplicates	Tracking 57267 as yet unmatched pairs. 19251 records in RAM.
INFO	2019-05-22 14:45:55	MarkDuplicates	Read    85,000,000 records.  Elapsed time: 00:04:46s.  Time for last 1,000,000:    2s.  Last read position: chr2:98,666,702
INFO	2019-05-22 14:45:55	MarkDuplicates	Tracking 142353 as yet unmatched pairs. 104303 records in RAM.
INFO	2019-05-22 14:45:58	MarkDuplicates	Read    86,000,000 records.  Elapsed time: 00:04:49s.  Time for last 1,000,000:    2s.  Last read position: chr2:98,666,836
INFO	2019-05-22 14:45:58	MarkDuplicates	Tracking 208272 as yet unmatched pairs. 170197 records in RAM.
INFO	2019-05-22 14:46:01	MarkDuplicates	Read    87,000,000 records.  Elapsed time: 00:04:52s.  Time for last 1,000,000:    2s.  Last read position: chr2:98,667,034
INFO	2019-05-22 14:46:01	MarkDuplicates	Tracking 219136 as yet unmatched pairs. 180993 records in RAM.
INFO	2019-05-22 14:46:03	MarkDuplicates	Read    88,000,000 records.  Elapsed time: 00:04:54s.  Time for last 1,000,000:    2s.  Last read position: chr2:98,667,120
INFO	2019-05-22 14:46:03	MarkDuplicates	Tracking 126076 as yet unmatched pairs. 87853 records in RAM.
INFO	2019-05-22 14:46:06	MarkDuplicates	Read    89,000,000 records.  Elapsed time: 00:04:57s.  Time for last 1,000,000:    2s.  Last read position: chr2:98,667,260
INFO	2019-05-22 14:46:06	MarkDuplicates	Tracking 43807 as yet unmatched pairs. 5491 records in RAM.
INFO	2019-05-22 14:46:42	MarkDuplicates	Read    90,000,000 records.  Elapsed time: 00:05:33s.  Time for last 1,000,000:   36s.  Last read position: chr2:116,590,173
INFO	2019-05-22 14:46:42	MarkDuplicates	Tracking 40184 as yet unmatched pairs. 1614 records in RAM.
INFO	2019-05-22 14:46:46	MarkDuplicates	Read    91,000,000 records.  Elapsed time: 00:05:37s.  Time for last 1,000,000:    3s.  Last read position: chr2:139,496,332
INFO	2019-05-22 14:46:46	MarkDuplicates	Tracking 40125 as yet unmatched pairs. 917 records in RAM.
INFO	2019-05-22 14:46:49	MarkDuplicates	Read    92,000,000 records.  Elapsed time: 00:05:40s.  Time for last 1,000,000:    3s.  Last read position: chr2:161,173,303
INFO	2019-05-22 14:46:49	MarkDuplicates	Tracking 40128 as yet unmatched pairs. 588 records in RAM.
INFO	2019-05-22 14:46:52	MarkDuplicates	Read    93,000,000 records.  Elapsed time: 00:05:43s.  Time for last 1,000,000:    3s.  Last read position: chr2:178,107,117
INFO	2019-05-22 14:46:52	MarkDuplicates	Tracking 40064 as yet unmatched pairs. 128 records in RAM.
INFO	2019-05-22 14:46:56	MarkDuplicates	Read    94,000,000 records.  Elapsed time: 00:05:47s.  Time for last 1,000,000:    3s.  Last read position: chr3:13,485,965
INFO	2019-05-22 14:46:56	MarkDuplicates	Tracking 39969 as yet unmatched pairs. 3222 records in RAM.
INFO	2019-05-22 14:46:59	MarkDuplicates	Read    95,000,000 records.  Elapsed time: 00:05:50s.  Time for last 1,000,000:    3s.  Last read position: chr3:30,926,927
INFO	2019-05-22 14:46:59	MarkDuplicates	Tracking 39904 as yet unmatched pairs. 2950 records in RAM.
INFO	2019-05-22 14:47:02	MarkDuplicates	Read    96,000,000 records.  Elapsed time: 00:05:53s.  Time for last 1,000,000:    3s.  Last read position: chr3:50,294,366
INFO	2019-05-22 14:47:02	MarkDuplicates	Tracking 39878 as yet unmatched pairs. 2687 records in RAM.
INFO	2019-05-22 14:47:06	MarkDuplicates	Read    97,000,000 records.  Elapsed time: 00:05:57s.  Time for last 1,000,000:    3s.  Last read position: chr3:69,820,021
INFO	2019-05-22 14:47:06	MarkDuplicates	Tracking 39837 as yet unmatched pairs. 2304 records in RAM.
INFO	2019-05-22 14:47:30	MarkDuplicates	Read    98,000,000 records.  Elapsed time: 00:06:21s.  Time for last 1,000,000:   24s.  Last read position: chr3:90,504,087
INFO	2019-05-22 14:47:30	MarkDuplicates	Tracking 39756 as yet unmatched pairs. 1957 records in RAM.
INFO	2019-05-22 14:47:33	MarkDuplicates	Read    99,000,000 records.  Elapsed time: 00:06:24s.  Time for last 1,000,000:    3s.  Last read position: chr3:106,691,357
INFO	2019-05-22 14:47:33	MarkDuplicates	Tracking 39597 as yet unmatched pairs. 1458 records in RAM.
INFO	2019-05-22 14:47:37	MarkDuplicates	Read   100,000,000 records.  Elapsed time: 00:06:28s.  Time for last 1,000,000:    3s.  Last read position: chr3:126,864,362
INFO	2019-05-22 14:47:37	MarkDuplicates	Tracking 39525 as yet unmatched pairs. 1134 records in RAM.
INFO	2019-05-22 14:47:40	MarkDuplicates	Read   101,000,000 records.  Elapsed time: 00:06:31s.  Time for last 1,000,000:    3s.  Last read position: chr3:148,543,806
INFO	2019-05-22 14:47:40	MarkDuplicates	Tracking 39265 as yet unmatched pairs. 193 records in RAM.
INFO	2019-05-22 14:47:44	MarkDuplicates	Read   102,000,000 records.  Elapsed time: 00:06:35s.  Time for last 1,000,000:    3s.  Last read position: chr4:3,636,361
INFO	2019-05-22 14:47:44	MarkDuplicates	Tracking 39150 as yet unmatched pairs. 4163 records in RAM.
INFO	2019-05-22 14:47:47	MarkDuplicates	Read   103,000,000 records.  Elapsed time: 00:06:38s.  Time for last 1,000,000:    3s.  Last read position: chr4:20,140,974
INFO	2019-05-22 14:47:47	MarkDuplicates	Tracking 39084 as yet unmatched pairs. 3934 records in RAM.
INFO	2019-05-22 14:47:50	MarkDuplicates	Read   104,000,000 records.  Elapsed time: 00:06:41s.  Time for last 1,000,000:    3s.  Last read position: chr4:38,910,861
INFO	2019-05-22 14:47:50	MarkDuplicates	Tracking 38908 as yet unmatched pairs. 3537 records in RAM.
INFO	2019-05-22 14:47:55	MarkDuplicates	Read   105,000,000 records.  Elapsed time: 00:06:46s.  Time for last 1,000,000:    4s.  Last read position: chr4:58,753,131
INFO	2019-05-22 14:47:55	MarkDuplicates	Tracking 38774 as yet unmatched pairs. 3077 records in RAM.
INFO	2019-05-22 14:47:58	MarkDuplicates	Read   106,000,000 records.  Elapsed time: 00:06:49s.  Time for last 1,000,000:    3s.  Last read position: chr4:72,303,837
INFO	2019-05-22 14:47:58	MarkDuplicates	Tracking 38709 as yet unmatched pairs. 2866 records in RAM.
INFO	2019-05-22 14:48:01	MarkDuplicates	Read   107,000,000 records.  Elapsed time: 00:06:52s.  Time for last 1,000,000:    3s.  Last read position: chr4:80,043,699
INFO	2019-05-22 14:48:01	MarkDuplicates	Tracking 38764 as yet unmatched pairs. 2739 records in RAM.
INFO	2019-05-22 14:48:04	MarkDuplicates	Read   108,000,000 records.  Elapsed time: 00:06:55s.  Time for last 1,000,000:    3s.  Last read position: chr4:98,749,275
INFO	2019-05-22 14:48:04	MarkDuplicates	Tracking 38512 as yet unmatched pairs. 2140 records in RAM.
INFO	2019-05-22 14:48:26	MarkDuplicates	Read   109,000,000 records.  Elapsed time: 00:07:17s.  Time for last 1,000,000:   22s.  Last read position: chr4:119,308,533
INFO	2019-05-22 14:48:26	MarkDuplicates	Tracking 38143 as yet unmatched pairs. 1245 records in RAM.
INFO	2019-05-22 14:48:51	MarkDuplicates	Read   110,000,000 records.  Elapsed time: 00:07:42s.  Time for last 1,000,000:   25s.  Last read position: chr4:143,677,941
INFO	2019-05-22 14:48:51	MarkDuplicates	Tracking 37741 as yet unmatched pairs. 404 records in RAM.
INFO	2019-05-22 14:48:55	MarkDuplicates	Read   111,000,000 records.  Elapsed time: 00:07:46s.  Time for last 1,000,000:    3s.  Last read position: chr5:3,454,249
INFO	2019-05-22 14:48:55	MarkDuplicates	Tracking 37523 as yet unmatched pairs. 6923 records in RAM.
INFO	2019-05-22 14:48:59	MarkDuplicates	Read   112,000,000 records.  Elapsed time: 00:07:50s.  Time for last 1,000,000:    3s.  Last read position: chr5:15,553,876
INFO	2019-05-22 14:48:59	MarkDuplicates	Tracking 37479 as yet unmatched pairs. 6731 records in RAM.
INFO	2019-05-22 14:49:02	MarkDuplicates	Read   113,000,000 records.  Elapsed time: 00:07:53s.  Time for last 1,000,000:    3s.  Last read position: chr5:32,677,520
INFO	2019-05-22 14:49:02	MarkDuplicates	Tracking 37222 as yet unmatched pairs. 6314 records in RAM.
INFO	2019-05-22 14:49:05	MarkDuplicates	Read   114,000,000 records.  Elapsed time: 00:07:56s.  Time for last 1,000,000:    3s.  Last read position: chr5:53,740,770
INFO	2019-05-22 14:49:05	MarkDuplicates	Tracking 36845 as yet unmatched pairs. 5675 records in RAM.
INFO	2019-05-22 14:49:09	MarkDuplicates	Read   115,000,000 records.  Elapsed time: 00:08:00s.  Time for last 1,000,000:    3s.  Last read position: chr5:71,832,208
INFO	2019-05-22 14:49:09	MarkDuplicates	Tracking 36697 as yet unmatched pairs. 5341 records in RAM.
INFO	2019-05-22 14:49:12	MarkDuplicates	Read   116,000,000 records.  Elapsed time: 00:08:03s.  Time for last 1,000,000:    3s.  Last read position: chr5:91,056,192
INFO	2019-05-22 14:49:12	MarkDuplicates	Tracking 36386 as yet unmatched pairs. 4805 records in RAM.
INFO	2019-05-22 14:49:15	MarkDuplicates	Read   117,000,000 records.  Elapsed time: 00:08:06s.  Time for last 1,000,000:    3s.  Last read position: chr5:102,993,957
INFO	2019-05-22 14:49:15	MarkDuplicates	Tracking 36253 as yet unmatched pairs. 4546 records in RAM.
INFO	2019-05-22 14:49:18	MarkDuplicates	Read   118,000,000 records.  Elapsed time: 00:08:09s.  Time for last 1,000,000:    3s.  Last read position: chr5:124,730,931
INFO	2019-05-22 14:49:18	MarkDuplicates	Tracking 35175 as yet unmatched pairs. 2786 records in RAM.
INFO	2019-05-22 14:49:21	MarkDuplicates	Read   119,000,000 records.  Elapsed time: 00:08:12s.  Time for last 1,000,000:    3s.  Last read position: chr5:147,935,808
INFO	2019-05-22 14:49:21	MarkDuplicates	Tracking 33627 as yet unmatched pairs. 183 records in RAM.
INFO	2019-05-22 14:49:25	MarkDuplicates	Read   120,000,000 records.  Elapsed time: 00:08:16s.  Time for last 1,000,000:    3s.  Last read position: chr6:16,355,345
INFO	2019-05-22 14:49:25	MarkDuplicates	Tracking 33290 as yet unmatched pairs. 4095 records in RAM.
INFO	2019-05-22 14:49:30	MarkDuplicates	Read   121,000,000 records.  Elapsed time: 00:08:21s.  Time for last 1,000,000:    5s.  Last read position: chr6:37,266,645
INFO	2019-05-22 14:49:30	MarkDuplicates	Tracking 32966 as yet unmatched pairs. 3627 records in RAM.
INFO	2019-05-22 14:49:33	MarkDuplicates	Read   122,000,000 records.  Elapsed time: 00:08:24s.  Time for last 1,000,000:    3s.  Last read position: chr6:55,562,987
INFO	2019-05-22 14:49:33	MarkDuplicates	Tracking 32521 as yet unmatched pairs. 3002 records in RAM.
INFO	2019-05-22 14:49:37	MarkDuplicates	Read   123,000,000 records.  Elapsed time: 00:08:28s.  Time for last 1,000,000:    4s.  Last read position: chr6:70,496,219
INFO	2019-05-22 14:49:37	MarkDuplicates	Tracking 32347 as yet unmatched pairs. 2715 records in RAM.
INFO	2019-05-22 14:49:41	MarkDuplicates	Read   124,000,000 records.  Elapsed time: 00:08:32s.  Time for last 1,000,000:    3s.  Last read position: chr6:90,477,356
INFO	2019-05-22 14:49:41	MarkDuplicates	Tracking 32006 as yet unmatched pairs. 2223 records in RAM.
INFO	2019-05-22 14:49:44	MarkDuplicates	Read   125,000,000 records.  Elapsed time: 00:08:35s.  Time for last 1,000,000:    3s.  Last read position: chr6:108,976,285
INFO	2019-05-22 14:49:44	MarkDuplicates	Tracking 31471 as yet unmatched pairs. 1486 records in RAM.
INFO	2019-05-22 14:49:48	MarkDuplicates	Read   126,000,000 records.  Elapsed time: 00:08:39s.  Time for last 1,000,000:    3s.  Last read position: chr6:128,760,555
INFO	2019-05-22 14:49:48	MarkDuplicates	Tracking 31111 as yet unmatched pairs. 966 records in RAM.
INFO	2019-05-22 14:49:51	MarkDuplicates	Read   127,000,000 records.  Elapsed time: 00:08:42s.  Time for last 1,000,000:    3s.  Last read position: chr6:146,851,922
INFO	2019-05-22 14:49:51	MarkDuplicates	Tracking 30506 as yet unmatched pairs. 146 records in RAM.
INFO	2019-05-22 14:49:54	MarkDuplicates	Read   128,000,000 records.  Elapsed time: 00:08:45s.  Time for last 1,000,000:    3s.  Last read position: chr7:10,876,153
INFO	2019-05-22 14:49:54	MarkDuplicates	Tracking 30119 as yet unmatched pairs. 5614 records in RAM.
INFO	2019-05-22 14:49:57	MarkDuplicates	Read   129,000,000 records.  Elapsed time: 00:08:48s.  Time for last 1,000,000:    3s.  Last read position: chr7:20,512,742
INFO	2019-05-22 14:49:57	MarkDuplicates	Tracking 29921 as yet unmatched pairs. 5324 records in RAM.
INFO	2019-05-22 14:50:01	MarkDuplicates	Read   130,000,000 records.  Elapsed time: 00:08:52s.  Time for last 1,000,000:    3s.  Last read position: chr7:29,481,230
INFO	2019-05-22 14:50:01	MarkDuplicates	Tracking 29577 as yet unmatched pairs. 4914 records in RAM.
INFO	2019-05-22 14:50:04	MarkDuplicates	Read   131,000,000 records.  Elapsed time: 00:08:55s.  Time for last 1,000,000:    3s.  Last read position: chr7:42,282,747
INFO	2019-05-22 14:50:04	MarkDuplicates	Tracking 29242 as yet unmatched pairs. 4502 records in RAM.
INFO	2019-05-22 14:50:07	MarkDuplicates	Read   132,000,000 records.  Elapsed time: 00:08:58s.  Time for last 1,000,000:    3s.  Last read position: chr7:59,141,389
INFO	2019-05-22 14:50:07	MarkDuplicates	Tracking 28909 as yet unmatched pairs. 4073 records in RAM.
INFO	2019-05-22 14:50:11	MarkDuplicates	Read   133,000,000 records.  Elapsed time: 00:09:02s.  Time for last 1,000,000:    3s.  Last read position: chr7:78,477,119
INFO	2019-05-22 14:50:11	MarkDuplicates	Tracking 28249 as yet unmatched pairs. 3217 records in RAM.
INFO	2019-05-22 14:50:14	MarkDuplicates	Read   134,000,000 records.  Elapsed time: 00:09:05s.  Time for last 1,000,000:    3s.  Last read position: chr7:98,171,185
INFO	2019-05-22 14:50:14	MarkDuplicates	Tracking 27438 as yet unmatched pairs. 2190 records in RAM.
INFO	2019-05-22 14:50:17	MarkDuplicates	Read   135,000,000 records.  Elapsed time: 00:09:08s.  Time for last 1,000,000:    3s.  Last read position: chr7:118,446,154
INFO	2019-05-22 14:50:17	MarkDuplicates	Tracking 26765 as yet unmatched pairs. 1382 records in RAM.
INFO	2019-05-22 14:50:20	MarkDuplicates	Read   136,000,000 records.  Elapsed time: 00:09:11s.  Time for last 1,000,000:    3s.  Last read position: chr7:143,073,473
INFO	2019-05-22 14:50:20	MarkDuplicates	Tracking 25693 as yet unmatched pairs. 52 records in RAM.
INFO	2019-05-22 14:50:29	MarkDuplicates	Read   137,000,000 records.  Elapsed time: 00:09:20s.  Time for last 1,000,000:    8s.  Last read position: chr8:19,979,925
INFO	2019-05-22 14:50:29	MarkDuplicates	Tracking 25360 as yet unmatched pairs. 4454 records in RAM.
INFO	2019-05-22 14:50:32	MarkDuplicates	Read   138,000,000 records.  Elapsed time: 00:09:23s.  Time for last 1,000,000:    3s.  Last read position: chr8:31,668,744
INFO	2019-05-22 14:50:32	MarkDuplicates	Tracking 24820 as yet unmatched pairs. 3849 records in RAM.
INFO	2019-05-22 14:50:35	MarkDuplicates	Read   139,000,000 records.  Elapsed time: 00:09:26s.  Time for last 1,000,000:    3s.  Last read position: chr8:52,956,027
INFO	2019-05-22 14:50:35	MarkDuplicates	Tracking 24363 as yet unmatched pairs. 3326 records in RAM.
INFO	2019-05-22 14:50:39	MarkDuplicates	Read   140,000,000 records.  Elapsed time: 00:09:30s.  Time for last 1,000,000:    3s.  Last read position: chr8:69,673,906
INFO	2019-05-22 14:50:39	MarkDuplicates	Tracking 23959 as yet unmatched pairs. 2881 records in RAM.
INFO	2019-05-22 14:50:42	MarkDuplicates	Read   141,000,000 records.  Elapsed time: 00:09:33s.  Time for last 1,000,000:    3s.  Last read position: chr8:87,089,139
INFO	2019-05-22 14:50:42	MarkDuplicates	Tracking 23444 as yet unmatched pairs. 2289 records in RAM.
INFO	2019-05-22 14:50:45	MarkDuplicates	Read   142,000,000 records.  Elapsed time: 00:09:36s.  Time for last 1,000,000:    3s.  Last read position: chr8:110,803,724
INFO	2019-05-22 14:50:45	MarkDuplicates	Tracking 22675 as yet unmatched pairs. 1417 records in RAM.
INFO	2019-05-22 14:50:48	MarkDuplicates	Read   143,000,000 records.  Elapsed time: 00:09:39s.  Time for last 1,000,000:    3s.  Last read position: chr9:3,000,420
INFO	2019-05-22 14:50:48	MarkDuplicates	Tracking 31635 as yet unmatched pairs. 14935 records in RAM.
INFO	2019-05-22 14:50:51	MarkDuplicates	Read   144,000,000 records.  Elapsed time: 00:09:42s.  Time for last 1,000,000:    2s.  Last read position: chr9:3,001,339
INFO	2019-05-22 14:50:51	MarkDuplicates	Tracking 54305 as yet unmatched pairs. 37602 records in RAM.
INFO	2019-05-22 14:50:54	MarkDuplicates	Read   145,000,000 records.  Elapsed time: 00:09:45s.  Time for last 1,000,000:    2s.  Last read position: chr9:3,003,970
INFO	2019-05-22 14:50:54	MarkDuplicates	Tracking 28905 as yet unmatched pairs. 12201 records in RAM.
INFO	2019-05-22 14:50:56	MarkDuplicates	Read   146,000,000 records.  Elapsed time: 00:09:47s.  Time for last 1,000,000:    2s.  Last read position: chr9:3,007,027
INFO	2019-05-22 14:50:56	MarkDuplicates	Tracking 34834 as yet unmatched pairs. 18128 records in RAM.
INFO	2019-05-22 14:50:59	MarkDuplicates	Read   147,000,000 records.  Elapsed time: 00:09:50s.  Time for last 1,000,000:    2s.  Last read position: chr9:3,011,077
INFO	2019-05-22 14:50:59	MarkDuplicates	Tracking 28634 as yet unmatched pairs. 11924 records in RAM.
INFO	2019-05-22 14:51:02	MarkDuplicates	Read   148,000,000 records.  Elapsed time: 00:09:53s.  Time for last 1,000,000:    2s.  Last read position: chr9:3,015,394
INFO	2019-05-22 14:51:02	MarkDuplicates	Tracking 28019 as yet unmatched pairs. 11306 records in RAM.
INFO	2019-05-22 14:51:04	MarkDuplicates	Read   149,000,000 records.  Elapsed time: 00:09:56s.  Time for last 1,000,000:    2s.  Last read position: chr9:3,019,534
INFO	2019-05-22 14:51:04	MarkDuplicates	Tracking 30719 as yet unmatched pairs. 14005 records in RAM.
INFO	2019-05-22 14:51:07	MarkDuplicates	Read   150,000,000 records.  Elapsed time: 00:09:58s.  Time for last 1,000,000:    2s.  Last read position: chr9:3,023,526
INFO	2019-05-22 14:51:07	MarkDuplicates	Tracking 29763 as yet unmatched pairs. 13047 records in RAM.
INFO	2019-05-22 14:51:10	MarkDuplicates	Read   151,000,000 records.  Elapsed time: 00:10:01s.  Time for last 1,000,000:    2s.  Last read position: chr9:3,026,274
INFO	2019-05-22 14:51:10	MarkDuplicates	Tracking 27728 as yet unmatched pairs. 11009 records in RAM.
INFO	2019-05-22 14:51:13	MarkDuplicates	Read   152,000,000 records.  Elapsed time: 00:10:04s.  Time for last 1,000,000:    2s.  Last read position: chr9:3,030,804
INFO	2019-05-22 14:51:13	MarkDuplicates	Tracking 27989 as yet unmatched pairs. 11268 records in RAM.
INFO	2019-05-22 14:51:15	MarkDuplicates	Read   153,000,000 records.  Elapsed time: 00:10:07s.  Time for last 1,000,000:    2s.  Last read position: chr9:3,034,303
INFO	2019-05-22 14:51:15	MarkDuplicates	Tracking 25381 as yet unmatched pairs. 8657 records in RAM.
INFO	2019-05-22 14:51:19	MarkDuplicates	Read   154,000,000 records.  Elapsed time: 00:10:10s.  Time for last 1,000,000:    3s.  Last read position: chr9:7,285,802
INFO	2019-05-22 14:51:19	MarkDuplicates	Tracking 20998 as yet unmatched pairs. 4228 records in RAM.
INFO	2019-05-22 14:51:22	MarkDuplicates	Read   155,000,000 records.  Elapsed time: 00:10:13s.  Time for last 1,000,000:    3s.  Last read position: chr9:22,954,233
INFO	2019-05-22 14:51:22	MarkDuplicates	Tracking 20542 as yet unmatched pairs. 3731 records in RAM.
INFO	2019-05-22 14:51:25	MarkDuplicates	Read   156,000,000 records.  Elapsed time: 00:10:16s.  Time for last 1,000,000:    3s.  Last read position: chr9:35,305,401
INFO	2019-05-22 14:51:25	MarkDuplicates	Tracking 35029 as yet unmatched pairs. 18200 records in RAM.
INFO	2019-05-22 14:51:28	MarkDuplicates	Read   157,000,000 records.  Elapsed time: 00:10:19s.  Time for last 1,000,000:    3s.  Last read position: chr9:50,497,429
INFO	2019-05-22 14:51:28	MarkDuplicates	Tracking 19882 as yet unmatched pairs. 3031 records in RAM.
INFO	2019-05-22 14:51:31	MarkDuplicates	Read   158,000,000 records.  Elapsed time: 00:10:22s.  Time for last 1,000,000:    3s.  Last read position: chr9:77,414,853
INFO	2019-05-22 14:51:31	MarkDuplicates	Tracking 19046 as yet unmatched pairs. 2159 records in RAM.
INFO	2019-05-22 14:51:34	MarkDuplicates	Read   159,000,000 records.  Elapsed time: 00:10:26s.  Time for last 1,000,000:    3s.  Last read position: chr9:95,673,328
INFO	2019-05-22 14:51:34	MarkDuplicates	Tracking 18417 as yet unmatched pairs. 1479 records in RAM.
INFO	2019-05-22 14:51:38	MarkDuplicates	Read   160,000,000 records.  Elapsed time: 00:10:29s.  Time for last 1,000,000:    3s.  Last read position: chr9:119,204,149
INFO	2019-05-22 14:51:38	MarkDuplicates	Tracking 17381 as yet unmatched pairs. 377 records in RAM.
INFO	2019-05-22 14:51:41	MarkDuplicates	Read   161,000,000 records.  Elapsed time: 00:10:32s.  Time for last 1,000,000:    3s.  Last read position: chrM:2,732
INFO	2019-05-22 14:51:41	MarkDuplicates	Tracking 25381 as yet unmatched pairs. 19073 records in RAM.
INFO	2019-05-22 14:51:45	MarkDuplicates	Read   162,000,000 records.  Elapsed time: 00:10:36s.  Time for last 1,000,000:    3s.  Last read position: chrM:6,573
INFO	2019-05-22 14:51:45	MarkDuplicates	Tracking 23189 as yet unmatched pairs. 16870 records in RAM.
INFO	2019-05-22 14:51:48	MarkDuplicates	Read   163,000,000 records.  Elapsed time: 00:10:39s.  Time for last 1,000,000:    3s.  Last read position: chrM:10,220
INFO	2019-05-22 14:51:48	MarkDuplicates	Tracking 17250 as yet unmatched pairs. 10927 records in RAM.
INFO	2019-05-22 14:51:51	MarkDuplicates	Read   164,000,000 records.  Elapsed time: 00:10:42s.  Time for last 1,000,000:    3s.  Last read position: chrM:14,085
INFO	2019-05-22 14:51:51	MarkDuplicates	Tracking 22109 as yet unmatched pairs. 15776 records in RAM.
INFO	2019-05-22 14:51:57	MarkDuplicates	Read   165,000,000 records.  Elapsed time: 00:10:48s.  Time for last 1,000,000:    5s.  Last read position: chrX:6,848,091
INFO	2019-05-22 14:51:57	MarkDuplicates	Tracking 6297 as yet unmatched pairs. 5698 records in RAM.
INFO	2019-05-22 14:52:00	MarkDuplicates	Read   166,000,000 records.  Elapsed time: 00:10:51s.  Time for last 1,000,000:    3s.  Last read position: chrX:21,775,383
INFO	2019-05-22 14:52:00	MarkDuplicates	Tracking 5828 as yet unmatched pairs. 5226 records in RAM.
INFO	2019-05-22 14:52:03	MarkDuplicates	Read   167,000,000 records.  Elapsed time: 00:10:54s.  Time for last 1,000,000:    2s.  Last read position: chrX:29,638,162
INFO	2019-05-22 14:52:03	MarkDuplicates	Tracking 5824 as yet unmatched pairs. 5218 records in RAM.
INFO	2019-05-22 14:52:06	MarkDuplicates	Read   168,000,000 records.  Elapsed time: 00:10:57s.  Time for last 1,000,000:    3s.  Last read position: chrX:35,484,716
INFO	2019-05-22 14:52:06	MarkDuplicates	Tracking 5397 as yet unmatched pairs. 4791 records in RAM.
INFO	2019-05-22 14:52:10	MarkDuplicates	Read   169,000,000 records.  Elapsed time: 00:11:01s.  Time for last 1,000,000:    3s.  Last read position: chrX:52,165,705
INFO	2019-05-22 14:52:10	MarkDuplicates	Tracking 4995 as yet unmatched pairs. 4386 records in RAM.
INFO	2019-05-22 14:52:13	MarkDuplicates	Read   170,000,000 records.  Elapsed time: 00:11:04s.  Time for last 1,000,000:    3s.  Last read position: chrX:66,349,522
INFO	2019-05-22 14:52:13	MarkDuplicates	Tracking 4676 as yet unmatched pairs. 4065 records in RAM.
INFO	2019-05-22 14:52:16	MarkDuplicates	Read   171,000,000 records.  Elapsed time: 00:11:07s.  Time for last 1,000,000:    3s.  Last read position: chrX:79,287,266
INFO	2019-05-22 14:52:16	MarkDuplicates	Tracking 4250 as yet unmatched pairs. 3635 records in RAM.
INFO	2019-05-22 14:52:19	MarkDuplicates	Read   172,000,000 records.  Elapsed time: 00:11:10s.  Time for last 1,000,000:    3s.  Last read position: chrX:94,797,533
INFO	2019-05-22 14:52:19	MarkDuplicates	Tracking 3818 as yet unmatched pairs. 3199 records in RAM.
INFO	2019-05-22 14:52:23	MarkDuplicates	Read   173,000,000 records.  Elapsed time: 00:11:14s.  Time for last 1,000,000:    3s.  Last read position: chrX:110,822,191
INFO	2019-05-22 14:52:23	MarkDuplicates	Tracking 3170 as yet unmatched pairs. 2547 records in RAM.
INFO	2019-05-22 14:52:26	MarkDuplicates	Read   174,000,000 records.  Elapsed time: 00:11:17s.  Time for last 1,000,000:    3s.  Last read position: chrX:126,101,120
INFO	2019-05-22 14:52:26	MarkDuplicates	Tracking 2548 as yet unmatched pairs. 1910 records in RAM.
INFO	2019-05-22 14:52:29	MarkDuplicates	Read   175,000,000 records.  Elapsed time: 00:11:20s.  Time for last 1,000,000:    3s.  Last read position: chrX:143,485,914
INFO	2019-05-22 14:52:29	MarkDuplicates	Tracking 1895 as yet unmatched pairs. 1254 records in RAM.
INFO	2019-05-22 14:52:32	MarkDuplicates	Read   176,000,000 records.  Elapsed time: 00:11:23s.  Time for last 1,000,000:    3s.  Last read position: chrX:155,629,949
INFO	2019-05-22 14:52:32	MarkDuplicates	Tracking 1057 as yet unmatched pairs. 413 records in RAM.
INFO	2019-05-22 14:52:35	MarkDuplicates	Read   177,000,000 records.  Elapsed time: 00:11:26s.  Time for last 1,000,000:    3s.  Last read position: chrY:4,134,123
INFO	2019-05-22 14:52:35	MarkDuplicates	Tracking 601 as yet unmatched pairs. 601 records in RAM.
INFO	2019-05-22 14:52:39	MarkDuplicates	Read   178,000,000 records.  Elapsed time: 00:11:30s.  Time for last 1,000,000:    3s.  Last read position: chrY:81,350,205
INFO	2019-05-22 14:52:39	MarkDuplicates	Tracking 112 as yet unmatched pairs. 112 records in RAM.
INFO	2019-05-22 14:52:39	MarkDuplicates	Read 178158394 records. 0 pairs never matched.
INFO	2019-05-22 14:52:52	MarkDuplicates	After buildSortedReadEndLists freeMemory: 8154254776; totalMemory: 10485760000; maxMemory: 10485760000
INFO	2019-05-22 14:52:52	MarkDuplicates	Will retain up to 327680000 duplicate indices before spilling to disk.
INFO	2019-05-22 14:52:53	MarkDuplicates	Traversing read pair information and detecting duplicates.
INFO	2019-05-22 14:52:56	OpticalDuplicateFinder	Large duplicate set. size = 1193
INFO	2019-05-22 14:52:56	OpticalDuplicateFinder	compared         1,000 ReadEnds to others.  Elapsed time: 00:00:00s.  Time for last 1,000:    0s.  Last read position: 0:7,629
INFO	2019-05-22 14:52:56	OpticalDuplicateFinder	Large duplicate set. size = 2006
INFO	2019-05-22 14:52:56	OpticalDuplicateFinder	compared         1,000 ReadEnds to others.  Elapsed time: 00:00:00s.  Time for last 1,000:    0s.  Last read position: 0:17,379
INFO	2019-05-22 14:52:56	OpticalDuplicateFinder	compared         2,000 ReadEnds to others.  Elapsed time: 00:00:00s.  Time for last 1,000:    0s.  Last read position: 0:6,971
INFO	2019-05-22 14:52:56	OpticalDuplicateFinder	Large duplicate set. size = 1685
INFO	2019-05-22 14:52:56	OpticalDuplicateFinder	compared         1,000 ReadEnds to others.  Elapsed time: 00:00:00s.  Time for last 1,000:    0s.  Last read position: 0:13,251
INFO	2019-05-22 14:52:58	MarkDuplicates	Traversing fragment information and detecting duplicates.
INFO	2019-05-22 14:52:58	SortingCollection	Creating merging iterator from 2 files
WARNING	2019-05-22 14:52:58	SortingCollection	There is not enough memory per file for buffering. Reading will be unbuffered.
INFO	2019-05-22 14:53:18	MarkDuplicates	Sorting list of duplicate records.
INFO	2019-05-22 14:53:19	MarkDuplicates	After generateDuplicateIndexes freeMemory: 7848005600; totalMemory: 10485760000; maxMemory: 10485760000
INFO	2019-05-22 14:53:19	MarkDuplicates	Marking 10989376 records as duplicates.
INFO	2019-05-22 14:53:19	MarkDuplicates	Found 41375 optical duplicate clusters.
INFO	2019-05-22 14:53:19	MarkDuplicates	Reads are assumed to be ordered by: coordinate
INFO	2019-05-22 14:56:19	MarkDuplicates	Written    10,000,000 records.  Elapsed time: 00:03:00s.  Time for last 10,000,000:  180s.  Last read position: chr11:65,086,724
INFO	2019-05-22 14:59:09	MarkDuplicates	Written    20,000,000 records.  Elapsed time: 00:05:50s.  Time for last 10,000,000:  169s.  Last read position: chr13:14,963,662
INFO	2019-05-22 15:01:49	MarkDuplicates	Written    30,000,000 records.  Elapsed time: 00:08:30s.  Time for last 10,000,000:  159s.  Last read position: chr14:19,417,116
INFO	2019-05-22 15:04:13	MarkDuplicates	Written    40,000,000 records.  Elapsed time: 00:10:53s.  Time for last 10,000,000:  143s.  Last read position: chr14:85,240,806
INFO	2019-05-22 15:07:05	MarkDuplicates	Written    50,000,000 records.  Elapsed time: 00:13:45s.  Time for last 10,000,000:  172s.  Last read position: chr16:66,157,400
INFO	2019-05-22 15:09:56	MarkDuplicates	Written    60,000,000 records.  Elapsed time: 00:16:37s.  Time for last 10,000,000:  171s.  Last read position: chr18:71,425,358
INFO	2019-05-22 15:12:46	MarkDuplicates	Written    70,000,000 records.  Elapsed time: 00:19:26s.  Time for last 10,000,000:  169s.  Last read position: chr1:95,766,427
INFO	2019-05-22 15:17:00	MarkDuplicates	Written    80,000,000 records.  Elapsed time: 00:23:40s.  Time for last 10,000,000:  253s.  Last read position: chr2:88,219,723
INFO	2019-05-22 15:20:01	MarkDuplicates	Written    90,000,000 records.  Elapsed time: 00:26:42s.  Time for last 10,000,000:  181s.  Last read position: chr2:116,590,173
INFO	2019-05-22 15:25:35	MarkDuplicates	Written   100,000,000 records.  Elapsed time: 00:32:16s.  Time for last 10,000,000:  333s.  Last read position: chr3:126,864,362
INFO	2019-05-22 15:30:08	MarkDuplicates	Written   110,000,000 records.  Elapsed time: 00:36:49s.  Time for last 10,000,000:  272s.  Last read position: chr4:143,677,941
INFO	2019-05-22 15:37:01	MarkDuplicates	Written   120,000,000 records.  Elapsed time: 00:43:41s.  Time for last 10,000,000:  412s.  Last read position: chr6:16,355,345
INFO	2019-05-22 15:40:09	MarkDuplicates	Written   130,000,000 records.  Elapsed time: 00:46:49s.  Time for last 10,000,000:  188s.  Last read position: chr7:29,481,230
INFO	2019-05-22 15:43:40	MarkDuplicates	Written   140,000,000 records.  Elapsed time: 00:50:20s.  Time for last 10,000,000:  211s.  Last read position: chr8:69,673,906
INFO	2019-05-22 15:46:17	MarkDuplicates	Written   150,000,000 records.  Elapsed time: 00:52:57s.  Time for last 10,000,000:  156s.  Last read position: chr9:3,023,526
INFO	2019-05-22 15:49:15	MarkDuplicates	Written   160,000,000 records.  Elapsed time: 00:55:56s.  Time for last 10,000,000:  178s.  Last read position: chr9:119,204,149
INFO	2019-05-22 15:52:00	MarkDuplicates	Written   170,000,000 records.  Elapsed time: 00:58:41s.  Time for last 10,000,000:  164s.  Last read position: chrX:66,349,522
INFO	2019-05-22 15:55:29	MarkDuplicates	Before output close freeMemory: 10474228216; totalMemory: 10485760000; maxMemory: 10485760000
INFO	2019-05-22 15:55:29	MarkDuplicates	After output close freeMemory: 10474228216; totalMemory: 10485760000; maxMemory: 10485760000
[Wed May 22 15:55:29 EDT 2019] picard.sam.markduplicates.MarkDuplicates done. Elapsed time: 74.35 minutes.
Runtime.totalMemory()=10485760000
Started analysis of AB3824-L1.bam
Approx 5% complete for AB3824-L1.bam
Approx 10% complete for AB3824-L1.bam
Approx 15% complete for AB3824-L1.bam
Approx 20% complete for AB3824-L1.bam
Approx 25% complete for AB3824-L1.bam
Approx 30% complete for AB3824-L1.bam
Approx 35% complete for AB3824-L1.bam
Approx 40% complete for AB3824-L1.bam
Approx 45% complete for AB3824-L1.bam
Approx 50% complete for AB3824-L1.bam
Approx 55% complete for AB3824-L1.bam
Approx 60% complete for AB3824-L1.bam
Approx 65% complete for AB3824-L1.bam
Approx 70% complete for AB3824-L1.bam
Approx 75% complete for AB3824-L1.bam
Approx 80% complete for AB3824-L1.bam
Approx 85% complete for AB3824-L1.bam
Approx 90% complete for AB3824-L1.bam
Approx 95% complete for AB3824-L1.bam
Approx 100% complete for AB3824-L1.bam
Java HotSpot(TM) 64-Bit Server VM warning: Ignoring option MaxPermSize; support was removed in 8.0
[+] Loading python 2.7  ... 
[-] Unloading python 2.7  ... 
[+] Loading snakemake  5.4.4 
[+] Loading java 12.0.1  ... 
[+] Loading bowtie  2-2.3.5 
[+] Loading samtools 1.9  ... 
[+] Loading picard  2.18.27 
[+] Loading fastqc  0.11.8 
[+] Loading GSL 2.4 for GCC 7.2.0 ... 
[+] Loading gcc  7.3.0  ... 
[+] Loading openmpi 3.0.2  for GCC 7.3.0 
[+] Loading ImageMagick  7.0.8  on cn3165 
[+] Loading HDF5  1.10.4 
[+] Loading pandoc  2.1.1  on cn3165 
[+] Loading R 3.5.2 
[+] Loading qualimap  2.2.1  on cn3165 
#
DONE!!!!
#
ELAPSED TIME: 11821 seconds
------------------------------------------------------------------------------
[Wed May 22 17:14:30 2019]
Finished job 0.
1 of 1 steps (100%) done
