Building DAG of jobs...
Using shell: /usr/bin/bash
Provided cores: 30
Rules claiming more threads will be scaled down.
Unlimited resources: mem_mb
Job counts:
	count	jobs
	1	Alignment_Paired
	1

[Wed May 22 13:57:16 2019]
Job 0: Alignment_Paired: Ccl20-_UT|AB3823-L1

[+] Loading bowtie  2-2.3.5 
[-] Unloading samtools 1.9  ... 
[+] Loading samtools 1.9  ... 
[+] Loading gcc  7.3.0  ... 
[+] Loading GSL 2.4 for GCC 7.2.0 ... 
[-] Unloading gcc  7.3.0  ... 
[+] Loading gcc  7.3.0  ... 
[+] Loading openmpi 3.0.2  for GCC 7.3.0 
[+] Loading ImageMagick  7.0.8  on cn3537 
[+] Loading HDF5  1.10.4 
[+] Loading pandoc  2.1.1  on cn3537 
[+] Loading R 3.5.2 
[-] Unloading gcc  7.3.0  ... 
[-] Unloading GSL 2.4 for GCC 7.2.0 ... 
[-] Unloading openmpi 3.0.2  for GCC 7.3.0 
[-] Unloading ImageMagick  7.0.8  on cn3537 
[-] Unloading HDF5  1.10.4 
[-] Unloading pandoc  2.1.1  on cn3537 
[-] Unloading R 3.5.2 
[+] Loading gcc  7.3.0  ... 
[+] Loading GSL 2.4 for GCC 7.2.0 ... 
[-] Unloading gcc  7.3.0  ... 
[+] Loading gcc  7.3.0  ... 
[+] Loading openmpi 3.0.2  for GCC 7.3.0 
[+] Loading ImageMagick  7.0.8  on cn3537 
[+] Loading HDF5  1.10.4 
[+] Loading pandoc  2.1.1  on cn3537 
[+] Loading R 3.5.2 
[+] Loading picard  2.18.27 
[+] Loading fastqc  0.11.8 
[+] Loading qualimap  2.2.1  on cn3537 
[-] Unloading gcc  7.3.0  ... 
[-] Unloading GSL 2.4 for GCC 7.2.0 ... 
[-] Unloading openmpi 3.0.2  for GCC 7.3.0 
[-] Unloading ImageMagick  7.0.8  on cn3537 
[-] Unloading HDF5  1.10.4 
[-] Unloading pandoc  2.1.1  on cn3537 
[-] Unloading R 3.5.2 
[+] Loading gcc  7.3.0  ... 
[+] Loading GSL 2.4 for GCC 7.2.0 ... 
[-] Unloading gcc  7.3.0  ... 
[+] Loading gcc  7.3.0  ... 
[+] Loading openmpi 3.0.2  for GCC 7.3.0 
[+] Loading ImageMagick  7.0.8  on cn3537 
[+] Loading HDF5  1.10.4 
[+] Loading pandoc  2.1.1  on cn3537 
[+] Loading R 3.5.2 
###################################- COMMANDLINE -############################
bowtie/2-2.3.5
samtools/1.9
picard/2.18.27
fastqc/0.11.8
qualimap/2.2.1
Alignment
#
INPUT1: /data/shamsaddinisha/jfarber-20160119-P1/spsingh-20190308-E1/spsingh-20190521-D1/mm10/Ccl20-_UT/pre_process/AB3823-L1.R1.processed.fastq
INPUT2: /data/shamsaddinisha/jfarber-20160119-P1/spsingh-20190308-E1/spsingh-20190521-D1/mm10/Ccl20-_UT/pre_process/AB3823-L1.R2.processed.fastq
#
OUTPUT1: /data/shamsaddinisha/jfarber-20160119-P1/spsingh-20190308-E1/spsingh-20190521-D1/mm10/Ccl20-_UT/alignment/AB3823-L1.bam
OUTPUT2: /data/shamsaddinisha/jfarber-20160119-P1/spsingh-20190308-E1/spsingh-20190521-D1/mm10/Ccl20-_UT/alignment/AB3823-L1.bam.bai
OUTPUT3: /data/shamsaddinisha/jfarber-20160119-P1/spsingh-20190308-E1/spsingh-20190521-D1/mm10/Ccl20-_UT/report/alignment/AB3823-L1.alignment.txt
OUTPUT4: /data/shamsaddinisha/jfarber-20160119-P1/spsingh-20190308-E1/spsingh-20190521-D1/mm10/Ccl20-_UT/report/alignment/AB3823-L1.picard.txt
OUTPUT5: /data/shamsaddinisha/jfarber-20160119-P1/spsingh-20190308-E1/spsingh-20190521-D1/mm10/Ccl20-_UT/report/alignment/AB3823-L1.samtools.txt
++++++++++++++++++++++++++++++++++++++++++++++++++++++++++++++++++++++++++++++
bowtie2 -k 10 --mm --local -X 2000 --threads 30 -x /fdb/igenomes/Mus_musculus/UCSC/mm10/Sequence/Bowtie2Index/genome -1 /data/shamsaddinisha/jfarber-20160119-P1/spsingh-20190308-E1/spsingh-20190521-D1/mm10/Ccl20-_UT/pre_process/AB3823-L1.R1.processed.fastq -2 /data/shamsaddinisha/jfarber-20160119-P1/spsingh-20190308-E1/spsingh-20190521-D1/mm10/Ccl20-_UT/pre_process/AB3823-L1.R2.processed.fastq 2> /data/shamsaddinisha/jfarber-20160119-P1/spsingh-20190308-E1/spsingh-20190521-D1/mm10/Ccl20-_UT/report/alignment/AB3823-L1.alignment.txt | samtools sort --threads 30 -m 2G -O bam -T /data/shamsaddinisha/jfarber-20160119-P1/spsingh-20190308-E1/spsingh-20190521-D1/mm10/Ccl20-_UT/alignment/AB3823-L1 -o /data/shamsaddinisha/jfarber-20160119-P1/spsingh-20190308-E1/spsingh-20190521-D1/mm10/Ccl20-_UT/alignment/AB3823-L1.bam.tmp - 
#
java -Xms10000M -Xmx10000M -XX:ParallelGCThreads=30 -jar /usr/local/apps/picard/2.18.27/picard.jar MarkDuplicates INPUT=/data/shamsaddinisha/jfarber-20160119-P1/spsingh-20190308-E1/spsingh-20190521-D1/mm10/Ccl20-_UT/alignment/AB3823-L1.bam.tmp OUTPUT=/data/shamsaddinisha/jfarber-20160119-P1/spsingh-20190308-E1/spsingh-20190521-D1/mm10/Ccl20-_UT/alignment/AB3823-L1.bam TMP_DIR=/lscratch/27137778 METRICS_FILE=/data/shamsaddinisha/jfarber-20160119-P1/spsingh-20190308-E1/spsingh-20190521-D1/mm10/Ccl20-_UT/report/alignment/AB3823-L1.picard.txt VALIDATION_STRINGENCY=LENIENT ASSUME_SORT_ORDER=coordinate REMOVE_DUPLICATES=false
#
samtools index -@ 30 -b /data/shamsaddinisha/jfarber-20160119-P1/spsingh-20190308-E1/spsingh-20190521-D1/mm10/Ccl20-_UT/alignment/AB3823-L1.bam
#
samtools flagstat --threads 30 /data/shamsaddinisha/jfarber-20160119-P1/spsingh-20190308-E1/spsingh-20190521-D1/mm10/Ccl20-_UT/alignment/AB3823-L1.bam > /data/shamsaddinisha/jfarber-20160119-P1/spsingh-20190308-E1/spsingh-20190521-D1/mm10/Ccl20-_UT/report/alignment/AB3823-L1.samtools.txt
#
rm -rf /data/shamsaddinisha/jfarber-20160119-P1/spsingh-20190308-E1/spsingh-20190521-D1/mm10/Ccl20-_UT/alignment/AB3823-L1.bam.tmp
#
fastqc -o /data/shamsaddinisha/jfarber-20160119-P1/spsingh-20190308-E1/spsingh-20190521-D1/mm10/Ccl20-_UT/report/alignment -f bam --threads 30 /data/shamsaddinisha/jfarber-20160119-P1/spsingh-20190308-E1/spsingh-20190521-D1/mm10/Ccl20-_UT/alignment/AB3823-L1.bam
#
qualimap bamqc -bam /data/shamsaddinisha/jfarber-20160119-P1/spsingh-20190308-E1/spsingh-20190521-D1/mm10/Ccl20-_UT/alignment/AB3823-L1.bam -nt 30 --genome-gc-distr MOUSE - mm10 -hm 3 -nr 100 -nw 400 -outformat HTML --skip-dup-mode 1 --java-mem-size=10G -outdir /data/shamsaddinisha/jfarber-20160119-P1/spsingh-20190308-E1/spsingh-20190521-D1/mm10/Ccl20-_UT/report/alignment/AB3823-L1_qualimap
#
python ./Python_Script/bamChipQC.py --infile /data/shamsaddinisha/jfarber-20160119-P1/spsingh-20190308-E1/spsingh-20190521-D1/mm10/Ccl20-_UT/alignment/AB3823-L1.bam --outfile /data/shamsaddinisha/jfarber-20160119-P1/spsingh-20190308-E1/spsingh-20190521-D1/mm10/Ccl20-_UT/report/alignment/AB3823-L1_PBC.txt --cores 30
#
EXECUTING....
#
[bam_sort_core] merging from 0 files and 30 in-memory blocks...
INFO	2019-05-22 14:37:44	MarkDuplicates	

********** NOTE: Picard's command line syntax is changing.
**********
********** For more information, please see:
********** https://github.com/broadinstitute/picard/wiki/Command-Line-Syntax-Transition-For-Users-(Pre-Transition)
**********
********** The command line looks like this in the new syntax:
**********
**********    MarkDuplicates -INPUT /data/shamsaddinisha/jfarber-20160119-P1/spsingh-20190308-E1/spsingh-20190521-D1/mm10/Ccl20-_UT/alignment/AB3823-L1.bam.tmp -OUTPUT /data/shamsaddinisha/jfarber-20160119-P1/spsingh-20190308-E1/spsingh-20190521-D1/mm10/Ccl20-_UT/alignment/AB3823-L1.bam -METRICS_FILE /data/shamsaddinisha/jfarber-20160119-P1/spsingh-20190308-E1/spsingh-20190521-D1/mm10/Ccl20-_UT/report/alignment/AB3823-L1.picard.txt -VALIDATION_STRINGENCY LENIENT -ASSUME_SORT_ORDER coordinate -REMOVE_DUPLICATES false
**********


14:37:44.881 INFO  NativeLibraryLoader - Loading libgkl_compression.so from jar:file:/usr/local/apps/picard/2.18.27/picard.jar!/com/intel/gkl/native/libgkl_compression.so
[Wed May 22 14:37:44 EDT 2019] MarkDuplicates INPUT=[/data/shamsaddinisha/jfarber-20160119-P1/spsingh-20190308-E1/spsingh-20190521-D1/mm10/Ccl20-_UT/alignment/AB3823-L1.bam.tmp] OUTPUT=/data/shamsaddinisha/jfarber-20160119-P1/spsingh-20190308-E1/spsingh-20190521-D1/mm10/Ccl20-_UT/alignment/AB3823-L1.bam METRICS_FILE=/data/shamsaddinisha/jfarber-20160119-P1/spsingh-20190308-E1/spsingh-20190521-D1/mm10/Ccl20-_UT/report/alignment/AB3823-L1.picard.txt REMOVE_DUPLICATES=false ASSUME_SORT_ORDER=coordinate VALIDATION_STRINGENCY=LENIENT    MAX_SEQUENCES_FOR_DISK_READ_ENDS_MAP=50000 MAX_FILE_HANDLES_FOR_READ_ENDS_MAP=8000 SORTING_COLLECTION_SIZE_RATIO=0.25 TAG_DUPLICATE_SET_MEMBERS=false REMOVE_SEQUENCING_DUPLICATES=false TAGGING_POLICY=DontTag CLEAR_DT=true DUPLEX_UMI=false ADD_PG_TAG_TO_READS=true ASSUME_SORTED=false DUPLICATE_SCORING_STRATEGY=SUM_OF_BASE_QUALITIES PROGRAM_RECORD_ID=MarkDuplicates PROGRAM_GROUP_NAME=MarkDuplicates READ_NAME_REGEX=<optimized capture of last three ':' separated fields as numeric values> OPTICAL_DUPLICATE_PIXEL_DISTANCE=100 MAX_OPTICAL_DUPLICATE_SET_SIZE=300000 VERBOSITY=INFO QUIET=false COMPRESSION_LEVEL=5 MAX_RECORDS_IN_RAM=500000 CREATE_INDEX=false CREATE_MD5_FILE=false GA4GH_CLIENT_SECRETS=client_secrets.json USE_JDK_DEFLATER=false USE_JDK_INFLATER=false
[Wed May 22 14:37:44 EDT 2019] Executing as shamsaddinisha@cn3537 on Linux 3.10.0-862.14.4.el7.x86_64 amd64; Java HotSpot(TM) 64-Bit Server VM 12.0.1+12; Deflater: Intel; Inflater: Intel; Provider GCS is not available; Picard version: 2.18.27-SNAPSHOT
INFO	2019-05-22 14:37:44	MarkDuplicates	Start of doWork freeMemory: 10475065176; totalMemory: 10485760000; maxMemory: 10485760000
INFO	2019-05-22 14:37:44	MarkDuplicates	Reading input file and constructing read end information.
INFO	2019-05-22 14:37:44	MarkDuplicates	Will retain up to 37991884 data points before spilling to disk.
INFO	2019-05-22 14:37:49	MarkDuplicates	Read     1,000,000 records.  Elapsed time: 00:00:03s.  Time for last 1,000,000:    3s.  Last read position: chr10:27,711,964
INFO	2019-05-22 14:37:49	MarkDuplicates	Tracking 1413 as yet unmatched pairs. 82 records in RAM.
INFO	2019-05-22 14:37:53	MarkDuplicates	Read     2,000,000 records.  Elapsed time: 00:00:07s.  Time for last 1,000,000:    3s.  Last read position: chr10:50,300,845
INFO	2019-05-22 14:37:53	MarkDuplicates	Tracking 2145 as yet unmatched pairs. 85 records in RAM.
INFO	2019-05-22 14:37:56	MarkDuplicates	Read     3,000,000 records.  Elapsed time: 00:00:10s.  Time for last 1,000,000:    3s.  Last read position: chr10:77,381,430
INFO	2019-05-22 14:37:56	MarkDuplicates	Tracking 3201 as yet unmatched pairs. 95 records in RAM.
INFO	2019-05-22 14:38:00	MarkDuplicates	Read     4,000,000 records.  Elapsed time: 00:00:14s.  Time for last 1,000,000:    3s.  Last read position: chr10:98,909,466
INFO	2019-05-22 14:38:00	MarkDuplicates	Tracking 4119 as yet unmatched pairs. 83 records in RAM.
INFO	2019-05-22 14:38:03	MarkDuplicates	Read     5,000,000 records.  Elapsed time: 00:00:17s.  Time for last 1,000,000:    3s.  Last read position: chr10:127,056,212
INFO	2019-05-22 14:38:03	MarkDuplicates	Tracking 5808 as yet unmatched pairs. 11 records in RAM.
INFO	2019-05-22 14:38:06	MarkDuplicates	Read     6,000,000 records.  Elapsed time: 00:00:20s.  Time for last 1,000,000:    3s.  Last read position: chr11:17,159,174
INFO	2019-05-22 14:38:06	MarkDuplicates	Tracking 6673 as yet unmatched pairs. 374 records in RAM.
INFO	2019-05-22 14:38:10	MarkDuplicates	Read     7,000,000 records.  Elapsed time: 00:00:24s.  Time for last 1,000,000:    3s.  Last read position: chr11:42,898,210
INFO	2019-05-22 14:38:10	MarkDuplicates	Tracking 7620 as yet unmatched pairs. 320 records in RAM.
INFO	2019-05-22 14:38:13	MarkDuplicates	Read     8,000,000 records.  Elapsed time: 00:00:27s.  Time for last 1,000,000:    3s.  Last read position: chr11:73,475,326
INFO	2019-05-22 14:38:13	MarkDuplicates	Tracking 8854 as yet unmatched pairs. 283 records in RAM.
INFO	2019-05-22 14:38:17	MarkDuplicates	Read     9,000,000 records.  Elapsed time: 00:00:31s.  Time for last 1,000,000:    3s.  Last read position: chr11:100,648,229
INFO	2019-05-22 14:38:17	MarkDuplicates	Tracking 10303 as yet unmatched pairs. 159 records in RAM.
INFO	2019-05-22 14:38:20	MarkDuplicates	Read    10,000,000 records.  Elapsed time: 00:00:34s.  Time for last 1,000,000:    3s.  Last read position: chr12:4,077,308
INFO	2019-05-22 14:38:20	MarkDuplicates	Tracking 11842 as yet unmatched pairs. 531 records in RAM.
INFO	2019-05-22 14:38:23	MarkDuplicates	Read    11,000,000 records.  Elapsed time: 00:00:37s.  Time for last 1,000,000:    3s.  Last read position: chr12:21,710,510
INFO	2019-05-22 14:38:23	MarkDuplicates	Tracking 12450 as yet unmatched pairs. 568 records in RAM.
INFO	2019-05-22 14:38:27	MarkDuplicates	Read    12,000,000 records.  Elapsed time: 00:00:41s.  Time for last 1,000,000:    3s.  Last read position: chr12:43,283,478
INFO	2019-05-22 14:38:27	MarkDuplicates	Tracking 13017 as yet unmatched pairs. 398 records in RAM.
INFO	2019-05-22 14:38:30	MarkDuplicates	Read    13,000,000 records.  Elapsed time: 00:00:44s.  Time for last 1,000,000:    3s.  Last read position: chr12:66,836,898
INFO	2019-05-22 14:38:30	MarkDuplicates	Tracking 13483 as yet unmatched pairs. 329 records in RAM.
INFO	2019-05-22 14:38:33	MarkDuplicates	Read    14,000,000 records.  Elapsed time: 00:00:47s.  Time for last 1,000,000:    3s.  Last read position: chr12:92,258,902
INFO	2019-05-22 14:38:33	MarkDuplicates	Tracking 14626 as yet unmatched pairs. 141 records in RAM.
INFO	2019-05-22 14:38:37	MarkDuplicates	Read    15,000,000 records.  Elapsed time: 00:00:51s.  Time for last 1,000,000:    3s.  Last read position: chr12:115,954,531
INFO	2019-05-22 14:38:37	MarkDuplicates	Tracking 15677 as yet unmatched pairs. 24 records in RAM.
INFO	2019-05-22 14:38:40	MarkDuplicates	Read    16,000,000 records.  Elapsed time: 00:00:54s.  Time for last 1,000,000:    3s.  Last read position: chr13:20,750,901
INFO	2019-05-22 14:38:40	MarkDuplicates	Tracking 16496 as yet unmatched pairs. 677 records in RAM.
INFO	2019-05-22 14:38:44	MarkDuplicates	Read    17,000,000 records.  Elapsed time: 00:00:58s.  Time for last 1,000,000:    3s.  Last read position: chr13:47,864,411
INFO	2019-05-22 14:38:44	MarkDuplicates	Tracking 17635 as yet unmatched pairs. 474 records in RAM.
INFO	2019-05-22 14:38:47	MarkDuplicates	Read    18,000,000 records.  Elapsed time: 00:01:01s.  Time for last 1,000,000:    3s.  Last read position: chr13:68,119,994
INFO	2019-05-22 14:38:47	MarkDuplicates	Tracking 18274 as yet unmatched pairs. 312 records in RAM.
INFO	2019-05-22 14:38:50	MarkDuplicates	Read    19,000,000 records.  Elapsed time: 00:01:04s.  Time for last 1,000,000:    3s.  Last read position: chr13:85,127,317
INFO	2019-05-22 14:38:50	MarkDuplicates	Tracking 18702 as yet unmatched pairs. 271 records in RAM.
INFO	2019-05-22 14:38:53	MarkDuplicates	Read    20,000,000 records.  Elapsed time: 00:01:07s.  Time for last 1,000,000:    3s.  Last read position: chr13:109,884,600
INFO	2019-05-22 14:38:53	MarkDuplicates	Tracking 19369 as yet unmatched pairs. 64 records in RAM.
INFO	2019-05-22 14:38:57	MarkDuplicates	Read    21,000,000 records.  Elapsed time: 00:01:11s.  Time for last 1,000,000:    3s.  Last read position: chr14:7,312,009
INFO	2019-05-22 14:38:57	MarkDuplicates	Tracking 19690 as yet unmatched pairs. 1042 records in RAM.
INFO	2019-05-22 14:39:00	MarkDuplicates	Read    22,000,000 records.  Elapsed time: 00:01:14s.  Time for last 1,000,000:    3s.  Last read position: chr14:19,415,849
INFO	2019-05-22 14:39:00	MarkDuplicates	Tracking 54857 as yet unmatched pairs. 35886 records in RAM.
INFO	2019-05-22 14:39:02	MarkDuplicates	Read    23,000,000 records.  Elapsed time: 00:01:16s.  Time for last 1,000,000:    2s.  Last read position: chr14:19,416,604
INFO	2019-05-22 14:39:02	MarkDuplicates	Tracking 70280 as yet unmatched pairs. 51293 records in RAM.
INFO	2019-05-22 14:39:05	MarkDuplicates	Read    24,000,000 records.  Elapsed time: 00:01:19s.  Time for last 1,000,000:    2s.  Last read position: chr14:19,417,242
INFO	2019-05-22 14:39:05	MarkDuplicates	Tracking 86941 as yet unmatched pairs. 67937 records in RAM.
INFO	2019-05-22 14:39:08	MarkDuplicates	Read    25,000,000 records.  Elapsed time: 00:01:22s.  Time for last 1,000,000:    2s.  Last read position: chr14:19,417,613
INFO	2019-05-22 14:39:08	MarkDuplicates	Tracking 86943 as yet unmatched pairs. 67885 records in RAM.
INFO	2019-05-22 14:39:11	MarkDuplicates	Read    26,000,000 records.  Elapsed time: 00:01:25s.  Time for last 1,000,000:    2s.  Last read position: chr14:19,418,124
INFO	2019-05-22 14:39:11	MarkDuplicates	Tracking 88370 as yet unmatched pairs. 69298 records in RAM.
INFO	2019-05-22 14:39:14	MarkDuplicates	Read    27,000,000 records.  Elapsed time: 00:01:28s.  Time for last 1,000,000:    2s.  Last read position: chr14:19,418,652
INFO	2019-05-22 14:39:14	MarkDuplicates	Tracking 69978 as yet unmatched pairs. 50892 records in RAM.
INFO	2019-05-22 14:39:17	MarkDuplicates	Read    28,000,000 records.  Elapsed time: 00:01:31s.  Time for last 1,000,000:    2s.  Last read position: chr14:19,419,225
INFO	2019-05-22 14:39:17	MarkDuplicates	Tracking 36953 as yet unmatched pairs. 17832 records in RAM.
INFO	2019-05-22 14:39:20	MarkDuplicates	Read    29,000,000 records.  Elapsed time: 00:01:34s.  Time for last 1,000,000:    3s.  Last read position: chr14:34,210,306
INFO	2019-05-22 14:39:20	MarkDuplicates	Tracking 20284 as yet unmatched pairs. 760 records in RAM.
INFO	2019-05-22 14:39:23	MarkDuplicates	Read    30,000,000 records.  Elapsed time: 00:01:37s.  Time for last 1,000,000:    3s.  Last read position: chr14:49,106,130
INFO	2019-05-22 14:39:23	MarkDuplicates	Tracking 20932 as yet unmatched pairs. 619 records in RAM.
INFO	2019-05-22 14:39:26	MarkDuplicates	Read    31,000,000 records.  Elapsed time: 00:01:40s.  Time for last 1,000,000:    3s.  Last read position: chr14:74,716,742
INFO	2019-05-22 14:39:26	MarkDuplicates	Tracking 21568 as yet unmatched pairs. 332 records in RAM.
INFO	2019-05-22 14:39:30	MarkDuplicates	Read    32,000,000 records.  Elapsed time: 00:01:44s.  Time for last 1,000,000:    3s.  Last read position: chr14:101,977,773
INFO	2019-05-22 14:39:30	MarkDuplicates	Tracking 22022 as yet unmatched pairs. 178 records in RAM.
INFO	2019-05-22 14:39:33	MarkDuplicates	Read    33,000,000 records.  Elapsed time: 00:01:47s.  Time for last 1,000,000:    3s.  Last read position: chr15:4,877,744
INFO	2019-05-22 14:39:33	MarkDuplicates	Tracking 22435 as yet unmatched pairs. 966 records in RAM.
INFO	2019-05-22 14:39:36	MarkDuplicates	Read    34,000,000 records.  Elapsed time: 00:01:50s.  Time for last 1,000,000:    3s.  Last read position: chr15:30,997,257
INFO	2019-05-22 14:39:36	MarkDuplicates	Tracking 22849 as yet unmatched pairs. 812 records in RAM.
INFO	2019-05-22 14:39:40	MarkDuplicates	Read    35,000,000 records.  Elapsed time: 00:01:54s.  Time for last 1,000,000:    3s.  Last read position: chr15:55,692,181
INFO	2019-05-22 14:39:40	MarkDuplicates	Tracking 23320 as yet unmatched pairs. 636 records in RAM.
INFO	2019-05-22 14:39:43	MarkDuplicates	Read    36,000,000 records.  Elapsed time: 00:01:57s.  Time for last 1,000,000:    3s.  Last read position: chr15:83,156,735
INFO	2019-05-22 14:39:43	MarkDuplicates	Tracking 24079 as yet unmatched pairs. 328 records in RAM.
INFO	2019-05-22 14:39:47	MarkDuplicates	Read    37,000,000 records.  Elapsed time: 00:02:00s.  Time for last 1,000,000:    3s.  Last read position: chr16:10,191,160
INFO	2019-05-22 14:39:47	MarkDuplicates	Tracking 24864 as yet unmatched pairs. 1090 records in RAM.
INFO	2019-05-22 14:39:50	MarkDuplicates	Read    38,000,000 records.  Elapsed time: 00:02:04s.  Time for last 1,000,000:    3s.  Last read position: chr16:35,982,390
INFO	2019-05-22 14:39:50	MarkDuplicates	Tracking 25676 as yet unmatched pairs. 657 records in RAM.
INFO	2019-05-22 14:39:53	MarkDuplicates	Read    39,000,000 records.  Elapsed time: 00:02:07s.  Time for last 1,000,000:    3s.  Last read position: chr16:61,449,298
INFO	2019-05-22 14:39:53	MarkDuplicates	Tracking 26114 as yet unmatched pairs. 352 records in RAM.
INFO	2019-05-22 14:39:57	MarkDuplicates	Read    40,000,000 records.  Elapsed time: 00:02:11s.  Time for last 1,000,000:    3s.  Last read position: chr16:88,450,934
INFO	2019-05-22 14:39:57	MarkDuplicates	Tracking 26413 as yet unmatched pairs. 166 records in RAM.
INFO	2019-05-22 14:40:00	MarkDuplicates	Read    41,000,000 records.  Elapsed time: 00:02:14s.  Time for last 1,000,000:    3s.  Last read position: chr17:17,068,842
INFO	2019-05-22 14:40:00	MarkDuplicates	Tracking 26964 as yet unmatched pairs. 1169 records in RAM.
INFO	2019-05-22 14:40:03	MarkDuplicates	Read    42,000,000 records.  Elapsed time: 00:02:17s.  Time for last 1,000,000:    3s.  Last read position: chr17:37,631,766
INFO	2019-05-22 14:40:03	MarkDuplicates	Tracking 27345 as yet unmatched pairs. 833 records in RAM.
INFO	2019-05-22 14:40:07	MarkDuplicates	Read    43,000,000 records.  Elapsed time: 00:02:21s.  Time for last 1,000,000:    3s.  Last read position: chr17:60,153,285
INFO	2019-05-22 14:40:07	MarkDuplicates	Tracking 27716 as yet unmatched pairs. 555 records in RAM.
INFO	2019-05-22 14:40:10	MarkDuplicates	Read    44,000,000 records.  Elapsed time: 00:02:24s.  Time for last 1,000,000:    3s.  Last read position: chr17:88,185,598
INFO	2019-05-22 14:40:10	MarkDuplicates	Tracking 28208 as yet unmatched pairs. 72 records in RAM.
INFO	2019-05-22 14:40:13	MarkDuplicates	Read    45,000,000 records.  Elapsed time: 00:02:27s.  Time for last 1,000,000:    3s.  Last read position: chr18:16,133,866
INFO	2019-05-22 14:40:13	MarkDuplicates	Tracking 28482 as yet unmatched pairs. 1170 records in RAM.
INFO	2019-05-22 14:40:17	MarkDuplicates	Read    46,000,000 records.  Elapsed time: 00:02:31s.  Time for last 1,000,000:    3s.  Last read position: chr18:42,255,811
INFO	2019-05-22 14:40:17	MarkDuplicates	Tracking 28738 as yet unmatched pairs. 877 records in RAM.
INFO	2019-05-22 14:40:20	MarkDuplicates	Read    47,000,000 records.  Elapsed time: 00:02:34s.  Time for last 1,000,000:    3s.  Last read position: chr18:68,225,150
INFO	2019-05-22 14:40:20	MarkDuplicates	Tracking 29046 as yet unmatched pairs. 409 records in RAM.
INFO	2019-05-22 14:40:23	MarkDuplicates	Read    48,000,000 records.  Elapsed time: 00:02:37s.  Time for last 1,000,000:    3s.  Last read position: chr19:7,855,273
INFO	2019-05-22 14:40:23	MarkDuplicates	Tracking 29360 as yet unmatched pairs. 827 records in RAM.
INFO	2019-05-22 14:40:27	MarkDuplicates	Read    49,000,000 records.  Elapsed time: 00:02:41s.  Time for last 1,000,000:    3s.  Last read position: chr19:33,763,933
INFO	2019-05-22 14:40:27	MarkDuplicates	Tracking 29629 as yet unmatched pairs. 411 records in RAM.
INFO	2019-05-22 14:40:30	MarkDuplicates	Read    50,000,000 records.  Elapsed time: 00:02:44s.  Time for last 1,000,000:    3s.  Last read position: chr1:3,733,340
INFO	2019-05-22 14:40:30	MarkDuplicates	Tracking 29907 as yet unmatched pairs. 3255 records in RAM.
INFO	2019-05-22 14:40:34	MarkDuplicates	Read    51,000,000 records.  Elapsed time: 00:02:47s.  Time for last 1,000,000:    3s.  Last read position: chr1:23,818,898
INFO	2019-05-22 14:40:34	MarkDuplicates	Tracking 30013 as yet unmatched pairs. 2996 records in RAM.
INFO	2019-05-22 14:40:37	MarkDuplicates	Read    52,000,000 records.  Elapsed time: 00:02:51s.  Time for last 1,000,000:    3s.  Last read position: chr1:24,614,188
INFO	2019-05-22 14:40:37	MarkDuplicates	Tracking 42529 as yet unmatched pairs. 8674 records in RAM.
INFO	2019-05-22 14:40:40	MarkDuplicates	Read    53,000,000 records.  Elapsed time: 00:02:54s.  Time for last 1,000,000:    3s.  Last read position: chr1:31,782,656
INFO	2019-05-22 14:40:40	MarkDuplicates	Tracking 41829 as yet unmatched pairs. 2792 records in RAM.
INFO	2019-05-22 14:40:43	MarkDuplicates	Read    54,000,000 records.  Elapsed time: 00:02:57s.  Time for last 1,000,000:    3s.  Last read position: chr1:54,855,318
INFO	2019-05-22 14:40:43	MarkDuplicates	Tracking 41990 as yet unmatched pairs. 2508 records in RAM.
INFO	2019-05-22 14:40:46	MarkDuplicates	Read    55,000,000 records.  Elapsed time: 00:03:00s.  Time for last 1,000,000:    3s.  Last read position: chr1:81,242,778
INFO	2019-05-22 14:40:46	MarkDuplicates	Tracking 42297 as yet unmatched pairs. 1943 records in RAM.
INFO	2019-05-22 14:40:50	MarkDuplicates	Read    56,000,000 records.  Elapsed time: 00:03:04s.  Time for last 1,000,000:    3s.  Last read position: chr1:102,966,151
INFO	2019-05-22 14:40:50	MarkDuplicates	Tracking 42473 as yet unmatched pairs. 1558 records in RAM.
INFO	2019-05-22 14:40:53	MarkDuplicates	Read    57,000,000 records.  Elapsed time: 00:03:07s.  Time for last 1,000,000:    3s.  Last read position: chr1:125,993,394
INFO	2019-05-22 14:40:53	MarkDuplicates	Tracking 42581 as yet unmatched pairs. 1318 records in RAM.
INFO	2019-05-22 14:40:56	MarkDuplicates	Read    58,000,000 records.  Elapsed time: 00:03:10s.  Time for last 1,000,000:    3s.  Last read position: chr1:150,229,982
INFO	2019-05-22 14:40:56	MarkDuplicates	Tracking 42648 as yet unmatched pairs. 968 records in RAM.
INFO	2019-05-22 14:41:00	MarkDuplicates	Read    59,000,000 records.  Elapsed time: 00:03:14s.  Time for last 1,000,000:    3s.  Last read position: chr1:177,773,124
INFO	2019-05-22 14:41:00	MarkDuplicates	Tracking 42832 as yet unmatched pairs. 410 records in RAM.
INFO	2019-05-22 14:41:03	MarkDuplicates	Read    60,000,000 records.  Elapsed time: 00:03:17s.  Time for last 1,000,000:    3s.  Last read position: chr2:12,578,848
INFO	2019-05-22 14:41:03	MarkDuplicates	Tracking 42927 as yet unmatched pairs. 4437 records in RAM.
INFO	2019-05-22 14:41:06	MarkDuplicates	Read    61,000,000 records.  Elapsed time: 00:03:20s.  Time for last 1,000,000:    2s.  Last read position: chr2:22,588,868
INFO	2019-05-22 14:41:06	MarkDuplicates	Tracking 43421 as yet unmatched pairs. 3870 records in RAM.
INFO	2019-05-22 14:41:09	MarkDuplicates	Read    62,000,000 records.  Elapsed time: 00:03:23s.  Time for last 1,000,000:    3s.  Last read position: chr2:36,331,178
INFO	2019-05-22 14:41:09	MarkDuplicates	Tracking 44595 as yet unmatched pairs. 3331 records in RAM.
INFO	2019-05-22 14:41:13	MarkDuplicates	Read    63,000,000 records.  Elapsed time: 00:03:27s.  Time for last 1,000,000:    3s.  Last read position: chr2:62,837,845
INFO	2019-05-22 14:41:13	MarkDuplicates	Tracking 44652 as yet unmatched pairs. 2977 records in RAM.
INFO	2019-05-22 14:41:16	MarkDuplicates	Read    64,000,000 records.  Elapsed time: 00:03:30s.  Time for last 1,000,000:    3s.  Last read position: chr2:88,813,278
INFO	2019-05-22 14:41:16	MarkDuplicates	Tracking 44844 as yet unmatched pairs. 2487 records in RAM.
INFO	2019-05-22 14:41:19	MarkDuplicates	Read    65,000,000 records.  Elapsed time: 00:03:33s.  Time for last 1,000,000:    2s.  Last read position: chr2:98,662,300
INFO	2019-05-22 14:41:19	MarkDuplicates	Tracking 53595 as yet unmatched pairs. 10981 records in RAM.
INFO	2019-05-22 14:41:22	MarkDuplicates	Read    66,000,000 records.  Elapsed time: 00:03:36s.  Time for last 1,000,000:    2s.  Last read position: chr2:98,663,921
INFO	2019-05-22 14:41:22	MarkDuplicates	Tracking 46491 as yet unmatched pairs. 3838 records in RAM.
INFO	2019-05-22 14:41:25	MarkDuplicates	Read    67,000,000 records.  Elapsed time: 00:03:39s.  Time for last 1,000,000:    2s.  Last read position: chr2:98,666,550
INFO	2019-05-22 14:41:25	MarkDuplicates	Tracking 51358 as yet unmatched pairs. 8675 records in RAM.
INFO	2019-05-22 14:41:27	MarkDuplicates	Read    68,000,000 records.  Elapsed time: 00:03:41s.  Time for last 1,000,000:    2s.  Last read position: chr2:98,666,760
INFO	2019-05-22 14:41:27	MarkDuplicates	Tracking 144926 as yet unmatched pairs. 102205 records in RAM.
INFO	2019-05-22 14:41:30	MarkDuplicates	Read    69,000,000 records.  Elapsed time: 00:03:44s.  Time for last 1,000,000:    2s.  Last read position: chr2:98,666,936
INFO	2019-05-22 14:41:30	MarkDuplicates	Tracking 172727 as yet unmatched pairs. 129974 records in RAM.
INFO	2019-05-22 14:41:33	MarkDuplicates	Read    70,000,000 records.  Elapsed time: 00:03:47s.  Time for last 1,000,000:    2s.  Last read position: chr2:98,667,118
INFO	2019-05-22 14:41:33	MarkDuplicates	Tracking 118968 as yet unmatched pairs. 76140 records in RAM.
INFO	2019-05-22 14:41:36	MarkDuplicates	Read    71,000,000 records.  Elapsed time: 00:03:50s.  Time for last 1,000,000:    2s.  Last read position: chr2:100,890,661
INFO	2019-05-22 14:41:36	MarkDuplicates	Tracking 44873 as yet unmatched pairs. 1949 records in RAM.
INFO	2019-05-22 14:41:39	MarkDuplicates	Read    72,000,000 records.  Elapsed time: 00:03:53s.  Time for last 1,000,000:    3s.  Last read position: chr2:129,135,646
INFO	2019-05-22 14:41:39	MarkDuplicates	Tracking 44892 as yet unmatched pairs. 1144 records in RAM.
INFO	2019-05-22 14:41:43	MarkDuplicates	Read    73,000,000 records.  Elapsed time: 00:03:56s.  Time for last 1,000,000:    3s.  Last read position: chr2:157,114,880
INFO	2019-05-22 14:41:43	MarkDuplicates	Tracking 44856 as yet unmatched pairs. 644 records in RAM.
INFO	2019-05-22 14:41:46	MarkDuplicates	Read    74,000,000 records.  Elapsed time: 00:04:00s.  Time for last 1,000,000:    3s.  Last read position: chr2:181,932,177
INFO	2019-05-22 14:41:46	MarkDuplicates	Tracking 44840 as yet unmatched pairs. 11 records in RAM.
INFO	2019-05-22 14:41:49	MarkDuplicates	Read    75,000,000 records.  Elapsed time: 00:04:03s.  Time for last 1,000,000:    3s.  Last read position: chr3:19,311,440
INFO	2019-05-22 14:41:49	MarkDuplicates	Tracking 44779 as yet unmatched pairs. 3149 records in RAM.
INFO	2019-05-22 14:41:53	MarkDuplicates	Read    76,000,000 records.  Elapsed time: 00:04:07s.  Time for last 1,000,000:    3s.  Last read position: chr3:44,542,549
INFO	2019-05-22 14:41:53	MarkDuplicates	Tracking 44679 as yet unmatched pairs. 2726 records in RAM.
INFO	2019-05-22 14:41:56	MarkDuplicates	Read    77,000,000 records.  Elapsed time: 00:04:10s.  Time for last 1,000,000:    3s.  Last read position: chr3:69,088,913
INFO	2019-05-22 14:41:56	MarkDuplicates	Tracking 44554 as yet unmatched pairs. 2242 records in RAM.
INFO	2019-05-22 14:41:59	MarkDuplicates	Read    78,000,000 records.  Elapsed time: 00:04:13s.  Time for last 1,000,000:    3s.  Last read position: chr3:93,144,790
INFO	2019-05-22 14:41:59	MarkDuplicates	Tracking 44552 as yet unmatched pairs. 1850 records in RAM.
INFO	2019-05-22 14:42:02	MarkDuplicates	Read    79,000,000 records.  Elapsed time: 00:04:16s.  Time for last 1,000,000:    3s.  Last read position: chr3:115,367,765
INFO	2019-05-22 14:42:02	MarkDuplicates	Tracking 44389 as yet unmatched pairs. 1159 records in RAM.
INFO	2019-05-22 14:42:06	MarkDuplicates	Read    80,000,000 records.  Elapsed time: 00:04:20s.  Time for last 1,000,000:    3s.  Last read position: chr3:143,803,744
INFO	2019-05-22 14:42:06	MarkDuplicates	Tracking 44196 as yet unmatched pairs. 315 records in RAM.
INFO	2019-05-22 14:42:09	MarkDuplicates	Read    81,000,000 records.  Elapsed time: 00:04:23s.  Time for last 1,000,000:    3s.  Last read position: chr4:4,786,785
INFO	2019-05-22 14:42:09	MarkDuplicates	Tracking 44097 as yet unmatched pairs. 4220 records in RAM.
INFO	2019-05-22 14:42:12	MarkDuplicates	Read    82,000,000 records.  Elapsed time: 00:04:26s.  Time for last 1,000,000:    3s.  Last read position: chr4:25,917,211
INFO	2019-05-22 14:42:12	MarkDuplicates	Tracking 43992 as yet unmatched pairs. 3886 records in RAM.
INFO	2019-05-22 14:42:16	MarkDuplicates	Read    83,000,000 records.  Elapsed time: 00:04:30s.  Time for last 1,000,000:    3s.  Last read position: chr4:50,690,691
INFO	2019-05-22 14:42:16	MarkDuplicates	Tracking 43869 as yet unmatched pairs. 3330 records in RAM.
INFO	2019-05-22 14:42:19	MarkDuplicates	Read    84,000,000 records.  Elapsed time: 00:04:33s.  Time for last 1,000,000:    3s.  Last read position: chr4:71,012,887
INFO	2019-05-22 14:42:19	MarkDuplicates	Tracking 43751 as yet unmatched pairs. 2965 records in RAM.
INFO	2019-05-22 14:42:22	MarkDuplicates	Read    85,000,000 records.  Elapsed time: 00:04:36s.  Time for last 1,000,000:    2s.  Last read position: chr4:80,004,714
INFO	2019-05-22 14:42:22	MarkDuplicates	Tracking 43859 as yet unmatched pairs. 2810 records in RAM.
INFO	2019-05-22 14:42:25	MarkDuplicates	Read    86,000,000 records.  Elapsed time: 00:04:39s.  Time for last 1,000,000:    3s.  Last read position: chr4:102,062,951
INFO	2019-05-22 14:42:25	MarkDuplicates	Tracking 43658 as yet unmatched pairs. 2122 records in RAM.
INFO	2019-05-22 14:42:28	MarkDuplicates	Read    87,000,000 records.  Elapsed time: 00:04:42s.  Time for last 1,000,000:    3s.  Last read position: chr4:128,033,324
INFO	2019-05-22 14:42:28	MarkDuplicates	Tracking 43173 as yet unmatched pairs. 1031 records in RAM.
INFO	2019-05-22 14:42:32	MarkDuplicates	Read    88,000,000 records.  Elapsed time: 00:04:46s.  Time for last 1,000,000:    3s.  Last read position: chr4:149,084,583
INFO	2019-05-22 14:42:32	MarkDuplicates	Tracking 42862 as yet unmatched pairs. 266 records in RAM.
INFO	2019-05-22 14:42:35	MarkDuplicates	Read    89,000,000 records.  Elapsed time: 00:04:49s.  Time for last 1,000,000:    3s.  Last read position: chr5:15,018,105
INFO	2019-05-22 14:42:35	MarkDuplicates	Tracking 42663 as yet unmatched pairs. 6706 records in RAM.
INFO	2019-05-22 14:42:38	MarkDuplicates	Read    90,000,000 records.  Elapsed time: 00:04:52s.  Time for last 1,000,000:    3s.  Last read position: chr5:36,902,020
INFO	2019-05-22 14:42:38	MarkDuplicates	Tracking 42373 as yet unmatched pairs. 6213 records in RAM.
INFO	2019-05-22 14:42:42	MarkDuplicates	Read    91,000,000 records.  Elapsed time: 00:04:56s.  Time for last 1,000,000:    3s.  Last read position: chr5:60,918,370
INFO	2019-05-22 14:42:42	MarkDuplicates	Tracking 41984 as yet unmatched pairs. 5439 records in RAM.
INFO	2019-05-22 14:42:45	MarkDuplicates	Read    92,000,000 records.  Elapsed time: 00:04:59s.  Time for last 1,000,000:    3s.  Last read position: chr5:86,373,617
INFO	2019-05-22 14:42:45	MarkDuplicates	Tracking 41695 as yet unmatched pairs. 4895 records in RAM.
INFO	2019-05-22 14:42:48	MarkDuplicates	Read    93,000,000 records.  Elapsed time: 00:05:02s.  Time for last 1,000,000:    3s.  Last read position: chr5:103,680,601
INFO	2019-05-22 14:42:48	MarkDuplicates	Tracking 41386 as yet unmatched pairs. 4364 records in RAM.
INFO	2019-05-22 14:42:52	MarkDuplicates	Read    94,000,000 records.  Elapsed time: 00:05:06s.  Time for last 1,000,000:    3s.  Last read position: chr5:132,606,725
INFO	2019-05-22 14:42:52	MarkDuplicates	Tracking 40103 as yet unmatched pairs. 2072 records in RAM.
INFO	2019-05-22 14:42:55	MarkDuplicates	Read    95,000,000 records.  Elapsed time: 00:05:09s.  Time for last 1,000,000:    3s.  Last read position: chr6:9,596,619
INFO	2019-05-22 14:42:55	MarkDuplicates	Tracking 38790 as yet unmatched pairs. 4416 records in RAM.
INFO	2019-05-22 14:42:58	MarkDuplicates	Read    96,000,000 records.  Elapsed time: 00:05:12s.  Time for last 1,000,000:    3s.  Last read position: chr6:33,249,187
INFO	2019-05-22 14:42:58	MarkDuplicates	Tracking 38500 as yet unmatched pairs. 3915 records in RAM.
INFO	2019-05-22 14:43:02	MarkDuplicates	Read    97,000,000 records.  Elapsed time: 00:05:16s.  Time for last 1,000,000:    3s.  Last read position: chr6:58,149,091
INFO	2019-05-22 14:43:02	MarkDuplicates	Tracking 37935 as yet unmatched pairs. 3114 records in RAM.
INFO	2019-05-22 14:43:05	MarkDuplicates	Read    98,000,000 records.  Elapsed time: 00:05:19s.  Time for last 1,000,000:    3s.  Last read position: chr6:79,818,024
INFO	2019-05-22 14:43:05	MarkDuplicates	Tracking 37577 as yet unmatched pairs. 2583 records in RAM.
INFO	2019-05-22 14:43:08	MarkDuplicates	Read    99,000,000 records.  Elapsed time: 00:05:22s.  Time for last 1,000,000:    3s.  Last read position: chr6:103,670,994
INFO	2019-05-22 14:43:08	MarkDuplicates	Tracking 36923 as yet unmatched pairs. 1653 records in RAM.
INFO	2019-05-22 14:43:12	MarkDuplicates	Read   100,000,000 records.  Elapsed time: 00:05:26s.  Time for last 1,000,000:    3s.  Last read position: chr6:129,221,376
INFO	2019-05-22 14:43:12	MarkDuplicates	Tracking 36305 as yet unmatched pairs. 745 records in RAM.
INFO	2019-05-22 14:43:15	MarkDuplicates	Read   101,000,000 records.  Elapsed time: 00:05:29s.  Time for last 1,000,000:    3s.  Last read position: chr7:5,541,033
INFO	2019-05-22 14:43:15	MarkDuplicates	Tracking 35672 as yet unmatched pairs. 5626 records in RAM.
INFO	2019-05-22 14:43:18	MarkDuplicates	Read   102,000,000 records.  Elapsed time: 00:05:32s.  Time for last 1,000,000:    3s.  Last read position: chr7:17,284,575
INFO	2019-05-22 14:43:18	MarkDuplicates	Tracking 35416 as yet unmatched pairs. 5273 records in RAM.
INFO	2019-05-22 14:43:21	MarkDuplicates	Read   103,000,000 records.  Elapsed time: 00:05:35s.  Time for last 1,000,000:    3s.  Last read position: chr7:28,939,960
INFO	2019-05-22 14:43:21	MarkDuplicates	Tracking 35004 as yet unmatched pairs. 4755 records in RAM.
INFO	2019-05-22 14:43:25	MarkDuplicates	Read   104,000,000 records.  Elapsed time: 00:05:39s.  Time for last 1,000,000:    3s.  Last read position: chr7:46,051,345
INFO	2019-05-22 14:43:25	MarkDuplicates	Tracking 34441 as yet unmatched pairs. 4053 records in RAM.
INFO	2019-05-22 14:43:28	MarkDuplicates	Read   105,000,000 records.  Elapsed time: 00:05:42s.  Time for last 1,000,000:    3s.  Last read position: chr7:67,477,363
INFO	2019-05-22 14:43:28	MarkDuplicates	Tracking 33746 as yet unmatched pairs. 3190 records in RAM.
INFO	2019-05-22 14:43:31	MarkDuplicates	Read   106,000,000 records.  Elapsed time: 00:05:45s.  Time for last 1,000,000:    3s.  Last read position: chr7:95,175,896
INFO	2019-05-22 14:43:31	MarkDuplicates	Tracking 32977 as yet unmatched pairs. 2178 records in RAM.
INFO	2019-05-22 14:43:35	MarkDuplicates	Read   107,000,000 records.  Elapsed time: 00:05:49s.  Time for last 1,000,000:    3s.  Last read position: chr7:122,067,073
INFO	2019-05-22 14:43:35	MarkDuplicates	Tracking 32253 as yet unmatched pairs. 1266 records in RAM.
INFO	2019-05-22 14:43:38	MarkDuplicates	Read   108,000,000 records.  Elapsed time: 00:05:52s.  Time for last 1,000,000:    3s.  Last read position: chr8:8,661,136
INFO	2019-05-22 14:43:38	MarkDuplicates	Tracking 31130 as yet unmatched pairs. 4523 records in RAM.
INFO	2019-05-22 14:43:41	MarkDuplicates	Read   109,000,000 records.  Elapsed time: 00:05:55s.  Time for last 1,000,000:    3s.  Last read position: chr8:27,076,142
INFO	2019-05-22 14:43:41	MarkDuplicates	Tracking 30599 as yet unmatched pairs. 3898 records in RAM.
INFO	2019-05-22 14:43:45	MarkDuplicates	Read   110,000,000 records.  Elapsed time: 00:05:59s.  Time for last 1,000,000:    3s.  Last read position: chr8:54,374,963
INFO	2019-05-22 14:43:45	MarkDuplicates	Tracking 30025 as yet unmatched pairs. 3240 records in RAM.
INFO	2019-05-22 14:44:10	MarkDuplicates	Read   111,000,000 records.  Elapsed time: 00:06:24s.  Time for last 1,000,000:   25s.  Last read position: chr8:74,746,315
INFO	2019-05-22 14:44:10	MarkDuplicates	Tracking 29458 as yet unmatched pairs. 2604 records in RAM.
INFO	2019-05-22 14:44:13	MarkDuplicates	Read   112,000,000 records.  Elapsed time: 00:06:27s.  Time for last 1,000,000:    3s.  Last read position: chr8:102,321,690
INFO	2019-05-22 14:44:13	MarkDuplicates	Tracking 28595 as yet unmatched pairs. 1600 records in RAM.
INFO	2019-05-22 14:44:17	MarkDuplicates	Read   113,000,000 records.  Elapsed time: 00:06:31s.  Time for last 1,000,000:    3s.  Last read position: chr9:3,000,303
INFO	2019-05-22 14:44:17	MarkDuplicates	Tracking 31431 as yet unmatched pairs. 9148 records in RAM.
INFO	2019-05-22 14:44:19	MarkDuplicates	Read   114,000,000 records.  Elapsed time: 00:06:33s.  Time for last 1,000,000:    2s.  Last read position: chr9:3,001,873
INFO	2019-05-22 14:44:19	MarkDuplicates	Tracking 44552 as yet unmatched pairs. 22267 records in RAM.
INFO	2019-05-22 14:44:22	MarkDuplicates	Read   115,000,000 records.  Elapsed time: 00:06:36s.  Time for last 1,000,000:    2s.  Last read position: chr9:3,005,982
INFO	2019-05-22 14:44:22	MarkDuplicates	Tracking 32559 as yet unmatched pairs. 10268 records in RAM.
INFO	2019-05-22 14:44:25	MarkDuplicates	Read   116,000,000 records.  Elapsed time: 00:06:39s.  Time for last 1,000,000:    2s.  Last read position: chr9:3,010,610
INFO	2019-05-22 14:44:25	MarkDuplicates	Tracking 30534 as yet unmatched pairs. 8241 records in RAM.
INFO	2019-05-22 14:44:28	MarkDuplicates	Read   117,000,000 records.  Elapsed time: 00:06:42s.  Time for last 1,000,000:    3s.  Last read position: chr9:3,017,103
INFO	2019-05-22 14:44:28	MarkDuplicates	Tracking 32880 as yet unmatched pairs. 10583 records in RAM.
INFO	2019-05-22 14:44:31	MarkDuplicates	Read   118,000,000 records.  Elapsed time: 00:06:44s.  Time for last 1,000,000:    2s.  Last read position: chr9:3,022,089
INFO	2019-05-22 14:44:31	MarkDuplicates	Tracking 31752 as yet unmatched pairs. 9454 records in RAM.
INFO	2019-05-22 14:44:33	MarkDuplicates	Read   119,000,000 records.  Elapsed time: 00:06:47s.  Time for last 1,000,000:    2s.  Last read position: chr9:3,025,760
INFO	2019-05-22 14:44:33	MarkDuplicates	Tracking 32586 as yet unmatched pairs. 10283 records in RAM.
INFO	2019-05-22 14:44:36	MarkDuplicates	Read   120,000,000 records.  Elapsed time: 00:06:50s.  Time for last 1,000,000:    2s.  Last read position: chr9:3,031,320
INFO	2019-05-22 14:44:36	MarkDuplicates	Tracking 34289 as yet unmatched pairs. 11985 records in RAM.
INFO	2019-05-22 14:44:39	MarkDuplicates	Read   121,000,000 records.  Elapsed time: 00:06:53s.  Time for last 1,000,000:    2s.  Last read position: chr9:3,037,217
INFO	2019-05-22 14:44:39	MarkDuplicates	Tracking 30041 as yet unmatched pairs. 7732 records in RAM.
INFO	2019-05-22 14:44:44	MarkDuplicates	Read   122,000,000 records.  Elapsed time: 00:06:58s.  Time for last 1,000,000:    4s.  Last read position: chr9:19,322,921
INFO	2019-05-22 14:44:48	MarkDuplicates	Tracking 26625 as yet unmatched pairs. 4275 records in RAM.
INFO	2019-05-22 14:44:52	MarkDuplicates	Read   123,000,000 records.  Elapsed time: 00:07:06s.  Time for last 1,000,000:    7s.  Last read position: chr9:35,305,437
INFO	2019-05-22 14:44:52	MarkDuplicates	Tracking 36005 as yet unmatched pairs. 13617 records in RAM.
INFO	2019-05-22 14:45:02	MarkDuplicates	Read   124,000,000 records.  Elapsed time: 00:07:16s.  Time for last 1,000,000:    9s.  Last read position: chr9:58,487,617
INFO	2019-05-22 14:45:02	MarkDuplicates	Tracking 25436 as yet unmatched pairs. 3001 records in RAM.
INFO	2019-05-22 14:45:05	MarkDuplicates	Read   125,000,000 records.  Elapsed time: 00:07:19s.  Time for last 1,000,000:    3s.  Last read position: chr9:88,776,657
INFO	2019-05-22 14:45:05	MarkDuplicates	Tracking 24204 as yet unmatched pairs. 1691 records in RAM.
INFO	2019-05-22 14:45:14	MarkDuplicates	Read   126,000,000 records.  Elapsed time: 00:07:28s.  Time for last 1,000,000:    8s.  Last read position: chr9:114,396,913
INFO	2019-05-22 14:45:14	MarkDuplicates	Tracking 23134 as yet unmatched pairs. 533 records in RAM.
INFO	2019-05-22 14:45:17	MarkDuplicates	Read   127,000,000 records.  Elapsed time: 00:07:31s.  Time for last 1,000,000:    3s.  Last read position: chrM:1,723
INFO	2019-05-22 14:45:17	MarkDuplicates	Tracking 33567 as yet unmatched pairs. 27192 records in RAM.
INFO	2019-05-22 14:45:21	MarkDuplicates	Read   128,000,000 records.  Elapsed time: 00:07:35s.  Time for last 1,000,000:    3s.  Last read position: chrM:4,695
INFO	2019-05-22 14:45:21	MarkDuplicates	Tracking 40648 as yet unmatched pairs. 34267 records in RAM.
INFO	2019-05-22 14:45:24	MarkDuplicates	Read   129,000,000 records.  Elapsed time: 00:07:38s.  Time for last 1,000,000:    3s.  Last read position: chrM:7,551
INFO	2019-05-22 14:45:24	MarkDuplicates	Tracking 25180 as yet unmatched pairs. 18792 records in RAM.
INFO	2019-05-22 14:45:27	MarkDuplicates	Read   130,000,000 records.  Elapsed time: 00:07:41s.  Time for last 1,000,000:    3s.  Last read position: chrM:10,284
INFO	2019-05-22 14:45:27	MarkDuplicates	Tracking 18086 as yet unmatched pairs. 11694 records in RAM.
INFO	2019-05-22 14:45:31	MarkDuplicates	Read   131,000,000 records.  Elapsed time: 00:07:45s.  Time for last 1,000,000:    3s.  Last read position: chrM:13,180
INFO	2019-05-22 14:45:31	MarkDuplicates	Tracking 21731 as yet unmatched pairs. 15332 records in RAM.
INFO	2019-05-22 14:45:34	MarkDuplicates	Read   132,000,000 records.  Elapsed time: 00:07:48s.  Time for last 1,000,000:    3s.  Last read position: chrX:3,374,936
INFO	2019-05-22 14:45:34	MarkDuplicates	Tracking 6423 as yet unmatched pairs. 5816 records in RAM.
INFO	2019-05-22 14:45:38	MarkDuplicates	Read   133,000,000 records.  Elapsed time: 00:07:52s.  Time for last 1,000,000:    3s.  Last read position: chrX:18,903,776
INFO	2019-05-22 14:45:38	MarkDuplicates	Tracking 5959 as yet unmatched pairs. 5349 records in RAM.
INFO	2019-05-22 14:45:41	MarkDuplicates	Read   134,000,000 records.  Elapsed time: 00:07:55s.  Time for last 1,000,000:    3s.  Last read position: chrX:30,031,592
INFO	2019-05-22 14:45:41	MarkDuplicates	Tracking 5842 as yet unmatched pairs. 5230 records in RAM.
INFO	2019-05-22 14:45:46	MarkDuplicates	Read   135,000,000 records.  Elapsed time: 00:08:00s.  Time for last 1,000,000:    5s.  Last read position: chrX:40,448,425
INFO	2019-05-22 14:45:46	MarkDuplicates	Tracking 5328 as yet unmatched pairs. 4712 records in RAM.
INFO	2019-05-22 14:45:49	MarkDuplicates	Read   136,000,000 records.  Elapsed time: 00:08:03s.  Time for last 1,000,000:    3s.  Last read position: chrX:61,058,646
INFO	2019-05-22 14:45:49	MarkDuplicates	Tracking 4790 as yet unmatched pairs. 4173 records in RAM.
INFO	2019-05-22 14:45:55	MarkDuplicates	Read   137,000,000 records.  Elapsed time: 00:08:09s.  Time for last 1,000,000:    5s.  Last read position: chrX:77,781,406
INFO	2019-05-22 14:45:55	MarkDuplicates	Tracking 4287 as yet unmatched pairs. 3666 records in RAM.
INFO	2019-05-22 14:45:58	MarkDuplicates	Read   138,000,000 records.  Elapsed time: 00:08:12s.  Time for last 1,000,000:    3s.  Last read position: chrX:96,840,254
INFO	2019-05-22 14:45:58	MarkDuplicates	Tracking 3723 as yet unmatched pairs. 3100 records in RAM.
INFO	2019-05-22 14:46:02	MarkDuplicates	Read   139,000,000 records.  Elapsed time: 00:08:16s.  Time for last 1,000,000:    3s.  Last read position: chrX:117,598,785
INFO	2019-05-22 14:46:02	MarkDuplicates	Tracking 2768 as yet unmatched pairs. 2140 records in RAM.
INFO	2019-05-22 14:46:05	MarkDuplicates	Read   140,000,000 records.  Elapsed time: 00:08:19s.  Time for last 1,000,000:    3s.  Last read position: chrX:138,493,639
INFO	2019-05-22 14:46:05	MarkDuplicates	Tracking 2012 as yet unmatched pairs. 1372 records in RAM.
INFO	2019-05-22 14:46:43	MarkDuplicates	Read   141,000,000 records.  Elapsed time: 00:08:57s.  Time for last 1,000,000:   37s.  Last read position: chrX:155,933,815
INFO	2019-05-22 14:46:43	MarkDuplicates	Tracking 1061 as yet unmatched pairs. 416 records in RAM.
INFO	2019-05-22 14:46:46	MarkDuplicates	Read   142,000,000 records.  Elapsed time: 00:09:00s.  Time for last 1,000,000:    3s.  Last read position: chrY:17,152,092
INFO	2019-05-22 14:46:46	MarkDuplicates	Tracking 480 as yet unmatched pairs. 480 records in RAM.
INFO	2019-05-22 14:46:48	MarkDuplicates	Read 142671007 records. 0 pairs never matched.
INFO	2019-05-22 14:46:54	MarkDuplicates	After buildSortedReadEndLists freeMemory: 8578080344; totalMemory: 10485760000; maxMemory: 10485760000
INFO	2019-05-22 14:46:54	MarkDuplicates	Will retain up to 327680000 duplicate indices before spilling to disk.
INFO	2019-05-22 14:46:55	MarkDuplicates	Traversing read pair information and detecting duplicates.
INFO	2019-05-22 14:46:57	OpticalDuplicateFinder	Large duplicate set. size = 1437
INFO	2019-05-22 14:46:57	OpticalDuplicateFinder	compared         1,000 ReadEnds to others.  Elapsed time: 00:00:00s.  Time for last 1,000:    0s.  Last read position: 0:10,956
INFO	2019-05-22 14:46:57	OpticalDuplicateFinder	Large duplicate set. size = 1211
INFO	2019-05-22 14:46:57	OpticalDuplicateFinder	compared         1,000 ReadEnds to others.  Elapsed time: 00:00:00s.  Time for last 1,000:    0s.  Last read position: 0:9,718
INFO	2019-05-22 14:46:59	MarkDuplicates	Traversing fragment information and detecting duplicates.
INFO	2019-05-22 14:46:59	SortingCollection	Creating merging iterator from 2 files
WARNING	2019-05-22 14:46:59	SortingCollection	There is not enough memory per file for buffering. Reading will be unbuffered.
INFO	2019-05-22 14:47:14	MarkDuplicates	Sorting list of duplicate records.
INFO	2019-05-22 14:47:15	MarkDuplicates	After generateDuplicateIndexes freeMemory: 7848015592; totalMemory: 10485760000; maxMemory: 10485760000
INFO	2019-05-22 14:47:15	MarkDuplicates	Marking 9070809 records as duplicates.
INFO	2019-05-22 14:47:15	MarkDuplicates	Found 27443 optical duplicate clusters.
INFO	2019-05-22 14:47:15	MarkDuplicates	Reads are assumed to be ordered by: coordinate
INFO	2019-05-22 14:50:36	MarkDuplicates	Written    10,000,000 records.  Elapsed time: 00:03:21s.  Time for last 10,000,000:  201s.  Last read position: chr12:4,077,308
INFO	2019-05-22 14:53:41	MarkDuplicates	Written    20,000,000 records.  Elapsed time: 00:06:26s.  Time for last 10,000,000:  184s.  Last read position: chr13:109,884,600
INFO	2019-05-22 14:56:14	MarkDuplicates	Written    30,000,000 records.  Elapsed time: 00:08:58s.  Time for last 10,000,000:  152s.  Last read position: chr14:49,106,130
INFO	2019-05-22 14:59:02	MarkDuplicates	Written    40,000,000 records.  Elapsed time: 00:11:47s.  Time for last 10,000,000:  168s.  Last read position: chr16:88,450,934
INFO	2019-05-22 15:01:50	MarkDuplicates	Written    50,000,000 records.  Elapsed time: 00:14:35s.  Time for last 10,000,000:  168s.  Last read position: chr1:3,733,340
INFO	2019-05-22 15:04:33	MarkDuplicates	Written    60,000,000 records.  Elapsed time: 00:17:18s.  Time for last 10,000,000:  163s.  Last read position: chr2:12,578,848
INFO	2019-05-22 15:06:54	MarkDuplicates	Written    70,000,000 records.  Elapsed time: 00:19:39s.  Time for last 10,000,000:  140s.  Last read position: chr2:98,667,118
INFO	2019-05-22 15:09:37	MarkDuplicates	Written    80,000,000 records.  Elapsed time: 00:22:22s.  Time for last 10,000,000:  163s.  Last read position: chr3:143,803,744
INFO	2019-05-22 15:12:22	MarkDuplicates	Written    90,000,000 records.  Elapsed time: 00:25:07s.  Time for last 10,000,000:  165s.  Last read position: chr5:36,902,020
INFO	2019-05-22 15:15:39	MarkDuplicates	Written   100,000,000 records.  Elapsed time: 00:28:24s.  Time for last 10,000,000:  196s.  Last read position: chr6:129,221,376
INFO	2019-05-22 15:21:10	MarkDuplicates	Written   110,000,000 records.  Elapsed time: 00:33:55s.  Time for last 10,000,000:  331s.  Last read position: chr8:54,374,963
INFO	2019-05-22 15:25:24	MarkDuplicates	Written   120,000,000 records.  Elapsed time: 00:38:09s.  Time for last 10,000,000:  253s.  Last read position: chr9:3,031,320
INFO	2019-05-22 15:29:03	MarkDuplicates	Written   130,000,000 records.  Elapsed time: 00:41:47s.  Time for last 10,000,000:  218s.  Last read position: chrM:10,284
INFO	2019-05-22 15:36:13	MarkDuplicates	Written   140,000,000 records.  Elapsed time: 00:48:57s.  Time for last 10,000,000:  429s.  Last read position: chrX:138,493,639
INFO	2019-05-22 15:39:21	MarkDuplicates	Before output close freeMemory: 10474238312; totalMemory: 10485760000; maxMemory: 10485760000
INFO	2019-05-22 15:39:21	MarkDuplicates	After output close freeMemory: 10474238312; totalMemory: 10485760000; maxMemory: 10485760000
[Wed May 22 15:39:22 EDT 2019] picard.sam.markduplicates.MarkDuplicates done. Elapsed time: 61.62 minutes.
Runtime.totalMemory()=10485760000
Started analysis of AB3823-L1.bam
Approx 5% complete for AB3823-L1.bam
Approx 10% complete for AB3823-L1.bam
Approx 15% complete for AB3823-L1.bam
Approx 20% complete for AB3823-L1.bam
Approx 25% complete for AB3823-L1.bam
Approx 30% complete for AB3823-L1.bam
Approx 35% complete for AB3823-L1.bam
Approx 40% complete for AB3823-L1.bam
Approx 45% complete for AB3823-L1.bam
Approx 50% complete for AB3823-L1.bam
Approx 55% complete for AB3823-L1.bam
Approx 60% complete for AB3823-L1.bam
Approx 65% complete for AB3823-L1.bam
Approx 70% complete for AB3823-L1.bam
Approx 75% complete for AB3823-L1.bam
Approx 80% complete for AB3823-L1.bam
Approx 85% complete for AB3823-L1.bam
Approx 90% complete for AB3823-L1.bam
Approx 95% complete for AB3823-L1.bam
Approx 100% complete for AB3823-L1.bam
Java HotSpot(TM) 64-Bit Server VM warning: Ignoring option MaxPermSize; support was removed in 8.0
[+] Loading python 2.7  ... 
[-] Unloading python 2.7  ... 
[+] Loading snakemake  5.4.4 
[+] Loading java 12.0.1  ... 
[+] Loading bowtie  2-2.3.5 
[+] Loading samtools 1.9  ... 
[+] Loading picard  2.18.27 
[+] Loading fastqc  0.11.8 
[+] Loading GSL 2.4 for GCC 7.2.0 ... 
[+] Loading gcc  7.3.0  ... 
[+] Loading openmpi 3.0.2  for GCC 7.3.0 
[+] Loading ImageMagick  7.0.8  on cn3537 
[+] Loading HDF5  1.10.4 
[+] Loading pandoc  2.1.1  on cn3537 
[+] Loading R 3.5.2 
[+] Loading qualimap  2.2.1  on cn3537 
#
DONE!!!!
#
ELAPSED TIME: 10733 seconds
------------------------------------------------------------------------------
[Wed May 22 16:56:20 2019]
Finished job 0.
1 of 1 steps (100%) done
