Building DAG of jobs...
Using shell: /usr/bin/bash
Provided cores: 30
Rules claiming more threads will be scaled down.
Unlimited resources: mem_mb
Job counts:
	count	jobs
	1	Alignment_Paired
	1

[Wed May 22 13:57:17 2019]
Job 0: Alignment_Paired: Ccl20+_UT|AB3828-L1

[+] Loading bowtie  2-2.3.5 
[-] Unloading samtools 1.9  ... 
[+] Loading samtools 1.9  ... 
[+] Loading gcc  7.3.0  ... 
[+] Loading GSL 2.4 for GCC 7.2.0 ... 
[-] Unloading gcc  7.3.0  ... 
[+] Loading gcc  7.3.0  ... 
[+] Loading openmpi 3.0.2  for GCC 7.3.0 
[+] Loading ImageMagick  7.0.8  on cn3375 
[+] Loading HDF5  1.10.4 
[+] Loading pandoc  2.1.1  on cn3375 
[+] Loading R 3.5.2 
[-] Unloading gcc  7.3.0  ... 
[-] Unloading GSL 2.4 for GCC 7.2.0 ... 
[-] Unloading openmpi 3.0.2  for GCC 7.3.0 
[-] Unloading ImageMagick  7.0.8  on cn3375 
[-] Unloading HDF5  1.10.4 
[-] Unloading pandoc  2.1.1  on cn3375 
[-] Unloading R 3.5.2 
[+] Loading gcc  7.3.0  ... 
[+] Loading GSL 2.4 for GCC 7.2.0 ... 
[-] Unloading gcc  7.3.0  ... 
[+] Loading gcc  7.3.0  ... 
[+] Loading openmpi 3.0.2  for GCC 7.3.0 
[+] Loading ImageMagick  7.0.8  on cn3375 
[+] Loading HDF5  1.10.4 
[+] Loading pandoc  2.1.1  on cn3375 
[+] Loading R 3.5.2 
[+] Loading picard  2.18.27 
[+] Loading fastqc  0.11.8 
[+] Loading qualimap  2.2.1  on cn3375 
[-] Unloading gcc  7.3.0  ... 
[-] Unloading GSL 2.4 for GCC 7.2.0 ... 
[-] Unloading openmpi 3.0.2  for GCC 7.3.0 
[-] Unloading ImageMagick  7.0.8  on cn3375 
[-] Unloading HDF5  1.10.4 
[-] Unloading pandoc  2.1.1  on cn3375 
[-] Unloading R 3.5.2 
[+] Loading gcc  7.3.0  ... 
[+] Loading GSL 2.4 for GCC 7.2.0 ... 
[-] Unloading gcc  7.3.0  ... 
[+] Loading gcc  7.3.0  ... 
[+] Loading openmpi 3.0.2  for GCC 7.3.0 
[+] Loading ImageMagick  7.0.8  on cn3375 
[+] Loading HDF5  1.10.4 
[+] Loading pandoc  2.1.1  on cn3375 
[+] Loading R 3.5.2 
###################################- COMMANDLINE -############################
bowtie/2-2.3.5
samtools/1.9
picard/2.18.27
fastqc/0.11.8
qualimap/2.2.1
Alignment
#
INPUT1: /data/shamsaddinisha/jfarber-20160119-P1/spsingh-20190308-E1/spsingh-20190521-D1/mm10/Ccl20+_UT/pre_process/AB3828-L1.R1.processed.fastq
INPUT2: /data/shamsaddinisha/jfarber-20160119-P1/spsingh-20190308-E1/spsingh-20190521-D1/mm10/Ccl20+_UT/pre_process/AB3828-L1.R2.processed.fastq
#
OUTPUT1: /data/shamsaddinisha/jfarber-20160119-P1/spsingh-20190308-E1/spsingh-20190521-D1/mm10/Ccl20+_UT/alignment/AB3828-L1.bam
OUTPUT2: /data/shamsaddinisha/jfarber-20160119-P1/spsingh-20190308-E1/spsingh-20190521-D1/mm10/Ccl20+_UT/alignment/AB3828-L1.bam.bai
OUTPUT3: /data/shamsaddinisha/jfarber-20160119-P1/spsingh-20190308-E1/spsingh-20190521-D1/mm10/Ccl20+_UT/report/alignment/AB3828-L1.alignment.txt
OUTPUT4: /data/shamsaddinisha/jfarber-20160119-P1/spsingh-20190308-E1/spsingh-20190521-D1/mm10/Ccl20+_UT/report/alignment/AB3828-L1.picard.txt
OUTPUT5: /data/shamsaddinisha/jfarber-20160119-P1/spsingh-20190308-E1/spsingh-20190521-D1/mm10/Ccl20+_UT/report/alignment/AB3828-L1.samtools.txt
++++++++++++++++++++++++++++++++++++++++++++++++++++++++++++++++++++++++++++++
bowtie2 -k 10 --mm --local -X 2000 --threads 30 -x /fdb/igenomes/Mus_musculus/UCSC/mm10/Sequence/Bowtie2Index/genome -1 /data/shamsaddinisha/jfarber-20160119-P1/spsingh-20190308-E1/spsingh-20190521-D1/mm10/Ccl20+_UT/pre_process/AB3828-L1.R1.processed.fastq -2 /data/shamsaddinisha/jfarber-20160119-P1/spsingh-20190308-E1/spsingh-20190521-D1/mm10/Ccl20+_UT/pre_process/AB3828-L1.R2.processed.fastq 2> /data/shamsaddinisha/jfarber-20160119-P1/spsingh-20190308-E1/spsingh-20190521-D1/mm10/Ccl20+_UT/report/alignment/AB3828-L1.alignment.txt | samtools sort --threads 30 -m 2G -O bam -T /data/shamsaddinisha/jfarber-20160119-P1/spsingh-20190308-E1/spsingh-20190521-D1/mm10/Ccl20+_UT/alignment/AB3828-L1 -o /data/shamsaddinisha/jfarber-20160119-P1/spsingh-20190308-E1/spsingh-20190521-D1/mm10/Ccl20+_UT/alignment/AB3828-L1.bam.tmp - 
#
java -Xms10000M -Xmx10000M -XX:ParallelGCThreads=30 -jar /usr/local/apps/picard/2.18.27/picard.jar MarkDuplicates INPUT=/data/shamsaddinisha/jfarber-20160119-P1/spsingh-20190308-E1/spsingh-20190521-D1/mm10/Ccl20+_UT/alignment/AB3828-L1.bam.tmp OUTPUT=/data/shamsaddinisha/jfarber-20160119-P1/spsingh-20190308-E1/spsingh-20190521-D1/mm10/Ccl20+_UT/alignment/AB3828-L1.bam TMP_DIR=/lscratch/27137779 METRICS_FILE=/data/shamsaddinisha/jfarber-20160119-P1/spsingh-20190308-E1/spsingh-20190521-D1/mm10/Ccl20+_UT/report/alignment/AB3828-L1.picard.txt VALIDATION_STRINGENCY=LENIENT ASSUME_SORT_ORDER=coordinate REMOVE_DUPLICATES=false
#
samtools index -@ 30 -b /data/shamsaddinisha/jfarber-20160119-P1/spsingh-20190308-E1/spsingh-20190521-D1/mm10/Ccl20+_UT/alignment/AB3828-L1.bam
#
samtools flagstat --threads 30 /data/shamsaddinisha/jfarber-20160119-P1/spsingh-20190308-E1/spsingh-20190521-D1/mm10/Ccl20+_UT/alignment/AB3828-L1.bam > /data/shamsaddinisha/jfarber-20160119-P1/spsingh-20190308-E1/spsingh-20190521-D1/mm10/Ccl20+_UT/report/alignment/AB3828-L1.samtools.txt
#
rm -rf /data/shamsaddinisha/jfarber-20160119-P1/spsingh-20190308-E1/spsingh-20190521-D1/mm10/Ccl20+_UT/alignment/AB3828-L1.bam.tmp
#
fastqc -o /data/shamsaddinisha/jfarber-20160119-P1/spsingh-20190308-E1/spsingh-20190521-D1/mm10/Ccl20+_UT/report/alignment -f bam --threads 30 /data/shamsaddinisha/jfarber-20160119-P1/spsingh-20190308-E1/spsingh-20190521-D1/mm10/Ccl20+_UT/alignment/AB3828-L1.bam
#
qualimap bamqc -bam /data/shamsaddinisha/jfarber-20160119-P1/spsingh-20190308-E1/spsingh-20190521-D1/mm10/Ccl20+_UT/alignment/AB3828-L1.bam -nt 30 --genome-gc-distr MOUSE - mm10 -hm 3 -nr 100 -nw 400 -outformat HTML --skip-dup-mode 1 --java-mem-size=10G -outdir /data/shamsaddinisha/jfarber-20160119-P1/spsingh-20190308-E1/spsingh-20190521-D1/mm10/Ccl20+_UT/report/alignment/AB3828-L1_qualimap
#
python ./Python_Script/bamChipQC.py --infile /data/shamsaddinisha/jfarber-20160119-P1/spsingh-20190308-E1/spsingh-20190521-D1/mm10/Ccl20+_UT/alignment/AB3828-L1.bam --outfile /data/shamsaddinisha/jfarber-20160119-P1/spsingh-20190308-E1/spsingh-20190521-D1/mm10/Ccl20+_UT/report/alignment/AB3828-L1_PBC.txt --cores 30
#
EXECUTING....
#
[bam_sort_core] merging from 0 files and 30 in-memory blocks...
INFO	2019-05-22 14:37:34	MarkDuplicates	

********** NOTE: Picard's command line syntax is changing.
**********
********** For more information, please see:
********** https://github.com/broadinstitute/picard/wiki/Command-Line-Syntax-Transition-For-Users-(Pre-Transition)
**********
********** The command line looks like this in the new syntax:
**********
**********    MarkDuplicates -INPUT /data/shamsaddinisha/jfarber-20160119-P1/spsingh-20190308-E1/spsingh-20190521-D1/mm10/Ccl20+_UT/alignment/AB3828-L1.bam.tmp -OUTPUT /data/shamsaddinisha/jfarber-20160119-P1/spsingh-20190308-E1/spsingh-20190521-D1/mm10/Ccl20+_UT/alignment/AB3828-L1.bam -METRICS_FILE /data/shamsaddinisha/jfarber-20160119-P1/spsingh-20190308-E1/spsingh-20190521-D1/mm10/Ccl20+_UT/report/alignment/AB3828-L1.picard.txt -VALIDATION_STRINGENCY LENIENT -ASSUME_SORT_ORDER coordinate -REMOVE_DUPLICATES false
**********


14:37:34.935 INFO  NativeLibraryLoader - Loading libgkl_compression.so from jar:file:/usr/local/apps/picard/2.18.27/picard.jar!/com/intel/gkl/native/libgkl_compression.so
[Wed May 22 14:37:34 EDT 2019] MarkDuplicates INPUT=[/data/shamsaddinisha/jfarber-20160119-P1/spsingh-20190308-E1/spsingh-20190521-D1/mm10/Ccl20+_UT/alignment/AB3828-L1.bam.tmp] OUTPUT=/data/shamsaddinisha/jfarber-20160119-P1/spsingh-20190308-E1/spsingh-20190521-D1/mm10/Ccl20+_UT/alignment/AB3828-L1.bam METRICS_FILE=/data/shamsaddinisha/jfarber-20160119-P1/spsingh-20190308-E1/spsingh-20190521-D1/mm10/Ccl20+_UT/report/alignment/AB3828-L1.picard.txt REMOVE_DUPLICATES=false ASSUME_SORT_ORDER=coordinate VALIDATION_STRINGENCY=LENIENT    MAX_SEQUENCES_FOR_DISK_READ_ENDS_MAP=50000 MAX_FILE_HANDLES_FOR_READ_ENDS_MAP=8000 SORTING_COLLECTION_SIZE_RATIO=0.25 TAG_DUPLICATE_SET_MEMBERS=false REMOVE_SEQUENCING_DUPLICATES=false TAGGING_POLICY=DontTag CLEAR_DT=true DUPLEX_UMI=false ADD_PG_TAG_TO_READS=true ASSUME_SORTED=false DUPLICATE_SCORING_STRATEGY=SUM_OF_BASE_QUALITIES PROGRAM_RECORD_ID=MarkDuplicates PROGRAM_GROUP_NAME=MarkDuplicates READ_NAME_REGEX=<optimized capture of last three ':' separated fields as numeric values> OPTICAL_DUPLICATE_PIXEL_DISTANCE=100 MAX_OPTICAL_DUPLICATE_SET_SIZE=300000 VERBOSITY=INFO QUIET=false COMPRESSION_LEVEL=5 MAX_RECORDS_IN_RAM=500000 CREATE_INDEX=false CREATE_MD5_FILE=false GA4GH_CLIENT_SECRETS=client_secrets.json USE_JDK_DEFLATER=false USE_JDK_INFLATER=false
[Wed May 22 14:37:34 EDT 2019] Executing as shamsaddinisha@cn3375 on Linux 3.10.0-862.14.4.el7.x86_64 amd64; Java HotSpot(TM) 64-Bit Server VM 12.0.1+12; Deflater: Intel; Inflater: Intel; Provider GCS is not available; Picard version: 2.18.27-SNAPSHOT
INFO	2019-05-22 14:37:35	MarkDuplicates	Start of doWork freeMemory: 10475066064; totalMemory: 10485760000; maxMemory: 10485760000
INFO	2019-05-22 14:37:35	MarkDuplicates	Reading input file and constructing read end information.
INFO	2019-05-22 14:37:35	MarkDuplicates	Will retain up to 37991884 data points before spilling to disk.
INFO	2019-05-22 14:37:39	MarkDuplicates	Read     1,000,000 records.  Elapsed time: 00:00:03s.  Time for last 1,000,000:    3s.  Last read position: chr10:35,325,635
INFO	2019-05-22 14:37:39	MarkDuplicates	Tracking 1398 as yet unmatched pairs. 45 records in RAM.
INFO	2019-05-22 14:37:42	MarkDuplicates	Read     2,000,000 records.  Elapsed time: 00:00:07s.  Time for last 1,000,000:    3s.  Last read position: chr10:67,082,047
INFO	2019-05-22 14:37:42	MarkDuplicates	Tracking 2229 as yet unmatched pairs. 57 records in RAM.
INFO	2019-05-22 14:37:45	MarkDuplicates	Read     3,000,000 records.  Elapsed time: 00:00:10s.  Time for last 1,000,000:    3s.  Last read position: chr10:86,388,557
INFO	2019-05-22 14:37:45	MarkDuplicates	Tracking 2889 as yet unmatched pairs. 61 records in RAM.
INFO	2019-05-22 14:37:48	MarkDuplicates	Read     4,000,000 records.  Elapsed time: 00:00:13s.  Time for last 1,000,000:    3s.  Last read position: chr10:104,495,996
INFO	2019-05-22 14:37:48	MarkDuplicates	Tracking 3801 as yet unmatched pairs. 58 records in RAM.
INFO	2019-05-22 14:37:52	MarkDuplicates	Read     5,000,000 records.  Elapsed time: 00:00:17s.  Time for last 1,000,000:    3s.  Last read position: chr11:8,583,070
INFO	2019-05-22 14:37:52	MarkDuplicates	Tracking 5747 as yet unmatched pairs. 269 records in RAM.
INFO	2019-05-22 14:37:55	MarkDuplicates	Read     6,000,000 records.  Elapsed time: 00:00:20s.  Time for last 1,000,000:    3s.  Last read position: chr11:42,937,052
INFO	2019-05-22 14:37:55	MarkDuplicates	Tracking 6558 as yet unmatched pairs. 238 records in RAM.
INFO	2019-05-22 14:37:59	MarkDuplicates	Read     7,000,000 records.  Elapsed time: 00:00:24s.  Time for last 1,000,000:    3s.  Last read position: chr11:78,659,759
INFO	2019-05-22 14:37:59	MarkDuplicates	Tracking 7660 as yet unmatched pairs. 175 records in RAM.
INFO	2019-05-22 14:38:02	MarkDuplicates	Read     8,000,000 records.  Elapsed time: 00:00:26s.  Time for last 1,000,000:    2s.  Last read position: chr11:94,133,852
INFO	2019-05-22 14:38:02	MarkDuplicates	Tracking 8161 as yet unmatched pairs. 146 records in RAM.
INFO	2019-05-22 14:38:05	MarkDuplicates	Read     9,000,000 records.  Elapsed time: 00:00:30s.  Time for last 1,000,000:    3s.  Last read position: chr12:4,077,585
INFO	2019-05-22 14:38:05	MarkDuplicates	Tracking 9795 as yet unmatched pairs. 358 records in RAM.
INFO	2019-05-22 14:38:09	MarkDuplicates	Read    10,000,000 records.  Elapsed time: 00:00:34s.  Time for last 1,000,000:    3s.  Last read position: chr12:32,242,532
INFO	2019-05-22 14:38:09	MarkDuplicates	Tracking 10217 as yet unmatched pairs. 320 records in RAM.
INFO	2019-05-22 14:38:12	MarkDuplicates	Read    11,000,000 records.  Elapsed time: 00:00:37s.  Time for last 1,000,000:    3s.  Last read position: chr12:59,605,047
INFO	2019-05-22 14:38:12	MarkDuplicates	Tracking 10772 as yet unmatched pairs. 247 records in RAM.
INFO	2019-05-22 14:38:15	MarkDuplicates	Read    12,000,000 records.  Elapsed time: 00:00:40s.  Time for last 1,000,000:    3s.  Last read position: chr12:94,489,613
INFO	2019-05-22 14:38:15	MarkDuplicates	Tracking 11471 as yet unmatched pairs. 151 records in RAM.
INFO	2019-05-22 14:38:19	MarkDuplicates	Read    13,000,000 records.  Elapsed time: 00:00:43s.  Time for last 1,000,000:    3s.  Last read position: chr12:114,843,150
INFO	2019-05-22 14:38:19	MarkDuplicates	Tracking 13378 as yet unmatched pairs. 23 records in RAM.
INFO	2019-05-22 14:38:22	MarkDuplicates	Read    14,000,000 records.  Elapsed time: 00:00:47s.  Time for last 1,000,000:    3s.  Last read position: chr13:23,684,364
INFO	2019-05-22 14:38:22	MarkDuplicates	Tracking 14310 as yet unmatched pairs. 539 records in RAM.
INFO	2019-05-22 14:38:25	MarkDuplicates	Read    15,000,000 records.  Elapsed time: 00:00:50s.  Time for last 1,000,000:    3s.  Last read position: chr13:62,522,824
INFO	2019-05-22 14:38:25	MarkDuplicates	Tracking 15476 as yet unmatched pairs. 268 records in RAM.
INFO	2019-05-22 14:38:29	MarkDuplicates	Read    16,000,000 records.  Elapsed time: 00:00:53s.  Time for last 1,000,000:    3s.  Last read position: chr13:85,126,690
INFO	2019-05-22 14:38:29	MarkDuplicates	Tracking 15776 as yet unmatched pairs. 182 records in RAM.
INFO	2019-05-22 14:38:31	MarkDuplicates	Read    17,000,000 records.  Elapsed time: 00:00:56s.  Time for last 1,000,000:    2s.  Last read position: chr13:85,127,465
INFO	2019-05-22 14:38:31	MarkDuplicates	Tracking 16145 as yet unmatched pairs. 183 records in RAM.
INFO	2019-05-22 14:38:35	MarkDuplicates	Read    18,000,000 records.  Elapsed time: 00:00:59s.  Time for last 1,000,000:    3s.  Last read position: chr13:119,690,141
INFO	2019-05-22 14:38:35	MarkDuplicates	Tracking 16925 as yet unmatched pairs. 58 records in RAM.
INFO	2019-05-22 14:38:38	MarkDuplicates	Read    19,000,000 records.  Elapsed time: 00:01:03s.  Time for last 1,000,000:    3s.  Last read position: chr14:19,415,964
INFO	2019-05-22 14:38:38	MarkDuplicates	Tracking 32636 as yet unmatched pairs. 16177 records in RAM.
INFO	2019-05-22 14:38:40	MarkDuplicates	Read    20,000,000 records.  Elapsed time: 00:01:05s.  Time for last 1,000,000:    2s.  Last read position: chr14:19,417,650
INFO	2019-05-22 14:38:40	MarkDuplicates	Tracking 42039 as yet unmatched pairs. 25539 records in RAM.
INFO	2019-05-22 14:38:43	MarkDuplicates	Read    21,000,000 records.  Elapsed time: 00:01:08s.  Time for last 1,000,000:    2s.  Last read position: chr14:19,419,176
INFO	2019-05-22 14:38:43	MarkDuplicates	Tracking 24494 as yet unmatched pairs. 7970 records in RAM.
INFO	2019-05-22 14:38:46	MarkDuplicates	Read    22,000,000 records.  Elapsed time: 00:01:11s.  Time for last 1,000,000:    3s.  Last read position: chr14:43,492,812
INFO	2019-05-22 14:38:46	MarkDuplicates	Tracking 17444 as yet unmatched pairs. 567 records in RAM.
INFO	2019-05-22 14:38:50	MarkDuplicates	Read    23,000,000 records.  Elapsed time: 00:01:15s.  Time for last 1,000,000:    3s.  Last read position: chr14:73,369,086
INFO	2019-05-22 14:38:50	MarkDuplicates	Tracking 18411 as yet unmatched pairs. 239 records in RAM.
INFO	2019-05-22 14:38:53	MarkDuplicates	Read    24,000,000 records.  Elapsed time: 00:01:18s.  Time for last 1,000,000:    3s.  Last read position: chr14:111,494,785
INFO	2019-05-22 14:38:53	MarkDuplicates	Tracking 18822 as yet unmatched pairs. 90 records in RAM.
INFO	2019-05-22 14:38:57	MarkDuplicates	Read    25,000,000 records.  Elapsed time: 00:01:21s.  Time for last 1,000,000:    3s.  Last read position: chr15:23,847,792
INFO	2019-05-22 14:38:57	MarkDuplicates	Tracking 19353 as yet unmatched pairs. 608 records in RAM.
INFO	2019-05-22 14:39:00	MarkDuplicates	Read    26,000,000 records.  Elapsed time: 00:01:25s.  Time for last 1,000,000:    3s.  Last read position: chr15:57,771,952
INFO	2019-05-22 14:39:00	MarkDuplicates	Tracking 19762 as yet unmatched pairs. 461 records in RAM.
INFO	2019-05-22 14:39:03	MarkDuplicates	Read    27,000,000 records.  Elapsed time: 00:01:28s.  Time for last 1,000,000:    3s.  Last read position: chr15:96,934,396
INFO	2019-05-22 14:39:03	MarkDuplicates	Tracking 20631 as yet unmatched pairs. 137 records in RAM.
INFO	2019-05-22 14:39:07	MarkDuplicates	Read    28,000,000 records.  Elapsed time: 00:01:32s.  Time for last 1,000,000:    3s.  Last read position: chr16:28,718,722
INFO	2019-05-22 14:39:07	MarkDuplicates	Tracking 21784 as yet unmatched pairs. 564 records in RAM.
INFO	2019-05-22 14:39:10	MarkDuplicates	Read    29,000,000 records.  Elapsed time: 00:01:35s.  Time for last 1,000,000:    3s.  Last read position: chr16:65,312,592
INFO	2019-05-22 14:39:10	MarkDuplicates	Tracking 22348 as yet unmatched pairs. 264 records in RAM.
INFO	2019-05-22 14:39:14	MarkDuplicates	Read    30,000,000 records.  Elapsed time: 00:01:38s.  Time for last 1,000,000:    3s.  Last read position: chr17:4,297,218
INFO	2019-05-22 14:39:14	MarkDuplicates	Tracking 22875 as yet unmatched pairs. 1159 records in RAM.
INFO	2019-05-22 14:39:17	MarkDuplicates	Read    31,000,000 records.  Elapsed time: 00:01:42s.  Time for last 1,000,000:    3s.  Last read position: chr17:33,817,329
INFO	2019-05-22 14:39:17	MarkDuplicates	Tracking 23298 as yet unmatched pairs. 837 records in RAM.
INFO	2019-05-22 14:39:20	MarkDuplicates	Read    32,000,000 records.  Elapsed time: 00:01:45s.  Time for last 1,000,000:    3s.  Last read position: chr17:62,677,096
INFO	2019-05-22 14:39:20	MarkDuplicates	Tracking 23546 as yet unmatched pairs. 462 records in RAM.
INFO	2019-05-22 14:39:24	MarkDuplicates	Read    33,000,000 records.  Elapsed time: 00:01:49s.  Time for last 1,000,000:    3s.  Last read position: chr17:93,680,842
INFO	2019-05-22 14:39:24	MarkDuplicates	Tracking 23943 as yet unmatched pairs. 19 records in RAM.
INFO	2019-05-22 14:39:27	MarkDuplicates	Read    34,000,000 records.  Elapsed time: 00:01:52s.  Time for last 1,000,000:    3s.  Last read position: chr18:25,168,980
INFO	2019-05-22 14:39:27	MarkDuplicates	Tracking 24244 as yet unmatched pairs. 866 records in RAM.
INFO	2019-05-22 14:39:30	MarkDuplicates	Read    35,000,000 records.  Elapsed time: 00:01:55s.  Time for last 1,000,000:    3s.  Last read position: chr18:63,436,590
INFO	2019-05-22 14:39:30	MarkDuplicates	Tracking 24516 as yet unmatched pairs. 374 records in RAM.
INFO	2019-05-22 14:39:33	MarkDuplicates	Read    36,000,000 records.  Elapsed time: 00:01:58s.  Time for last 1,000,000:    3s.  Last read position: chr18:87,644,155
INFO	2019-05-22 14:39:33	MarkDuplicates	Tracking 24851 as yet unmatched pairs. 22 records in RAM.
INFO	2019-05-22 14:39:37	MarkDuplicates	Read    37,000,000 records.  Elapsed time: 00:02:02s.  Time for last 1,000,000:    3s.  Last read position: chr19:33,422,029
INFO	2019-05-22 14:39:37	MarkDuplicates	Tracking 25088 as yet unmatched pairs. 254 records in RAM.
INFO	2019-05-22 14:39:40	MarkDuplicates	Read    38,000,000 records.  Elapsed time: 00:02:05s.  Time for last 1,000,000:    3s.  Last read position: chr1:9,711,976
INFO	2019-05-22 14:39:40	MarkDuplicates	Tracking 25358 as yet unmatched pairs. 2554 records in RAM.
INFO	2019-05-22 14:39:44	MarkDuplicates	Read    39,000,000 records.  Elapsed time: 00:02:08s.  Time for last 1,000,000:    3s.  Last read position: chr1:24,611,863
INFO	2019-05-22 14:39:44	MarkDuplicates	Tracking 45455 as yet unmatched pairs. 19639 records in RAM.
INFO	2019-05-22 14:39:47	MarkDuplicates	Read    40,000,000 records.  Elapsed time: 00:02:11s.  Time for last 1,000,000:    3s.  Last read position: chr1:24,612,526
INFO	2019-05-22 14:39:47	MarkDuplicates	Tracking 51438 as yet unmatched pairs. 18894 records in RAM.
INFO	2019-05-22 14:39:50	MarkDuplicates	Read    41,000,000 records.  Elapsed time: 00:02:14s.  Time for last 1,000,000:    2s.  Last read position: chr1:24,613,118
INFO	2019-05-22 14:39:50	MarkDuplicates	Tracking 43948 as yet unmatched pairs. 7573 records in RAM.
INFO	2019-05-22 14:39:53	MarkDuplicates	Read    42,000,000 records.  Elapsed time: 00:02:17s.  Time for last 1,000,000:    3s.  Last read position: chr1:24,613,703
INFO	2019-05-22 14:39:53	MarkDuplicates	Tracking 57622 as yet unmatched pairs. 15539 records in RAM.
INFO	2019-05-22 14:39:56	MarkDuplicates	Read    43,000,000 records.  Elapsed time: 00:02:20s.  Time for last 1,000,000:    3s.  Last read position: chr1:24,614,347
INFO	2019-05-22 14:39:56	MarkDuplicates	Tracking 64734 as yet unmatched pairs. 17179 records in RAM.
INFO	2019-05-22 14:39:59	MarkDuplicates	Read    44,000,000 records.  Elapsed time: 00:02:24s.  Time for last 1,000,000:    3s.  Last read position: chr1:24,614,978
INFO	2019-05-22 14:39:59	MarkDuplicates	Tracking 65471 as yet unmatched pairs. 13087 records in RAM.
INFO	2019-05-22 14:40:02	MarkDuplicates	Read    45,000,000 records.  Elapsed time: 00:02:27s.  Time for last 1,000,000:    3s.  Last read position: chr1:24,615,630
INFO	2019-05-22 14:40:02	MarkDuplicates	Tracking 80236 as yet unmatched pairs. 21634 records in RAM.
INFO	2019-05-22 14:40:05	MarkDuplicates	Read    46,000,000 records.  Elapsed time: 00:02:30s.  Time for last 1,000,000:    3s.  Last read position: chr1:33,071,284
INFO	2019-05-22 14:40:05	MarkDuplicates	Tracking 64948 as yet unmatched pairs. 2002 records in RAM.
INFO	2019-05-22 14:40:08	MarkDuplicates	Read    47,000,000 records.  Elapsed time: 00:02:33s.  Time for last 1,000,000:    3s.  Last read position: chr1:62,258,692
INFO	2019-05-22 14:40:08	MarkDuplicates	Tracking 65171 as yet unmatched pairs. 1599 records in RAM.
INFO	2019-05-22 14:40:11	MarkDuplicates	Read    48,000,000 records.  Elapsed time: 00:02:36s.  Time for last 1,000,000:    3s.  Last read position: chr1:86,624,059
INFO	2019-05-22 14:40:11	MarkDuplicates	Tracking 65279 as yet unmatched pairs. 1293 records in RAM.
INFO	2019-05-22 14:40:15	MarkDuplicates	Read    49,000,000 records.  Elapsed time: 00:02:40s.  Time for last 1,000,000:    3s.  Last read position: chr1:121,407,119
INFO	2019-05-22 14:40:15	MarkDuplicates	Tracking 65439 as yet unmatched pairs. 954 records in RAM.
INFO	2019-05-22 14:40:18	MarkDuplicates	Read    50,000,000 records.  Elapsed time: 00:02:43s.  Time for last 1,000,000:    3s.  Last read position: chr1:144,386,262
INFO	2019-05-22 14:40:18	MarkDuplicates	Tracking 65515 as yet unmatched pairs. 761 records in RAM.
INFO	2019-05-22 14:40:21	MarkDuplicates	Read    51,000,000 records.  Elapsed time: 00:02:46s.  Time for last 1,000,000:    3s.  Last read position: chr1:178,783,869
INFO	2019-05-22 14:40:21	MarkDuplicates	Tracking 65741 as yet unmatched pairs. 278 records in RAM.
INFO	2019-05-22 14:40:25	MarkDuplicates	Read    52,000,000 records.  Elapsed time: 00:02:50s.  Time for last 1,000,000:    3s.  Last read position: chr2:17,961,532
INFO	2019-05-22 14:40:25	MarkDuplicates	Tracking 65836 as yet unmatched pairs. 4262 records in RAM.
INFO	2019-05-22 14:40:28	MarkDuplicates	Read    53,000,000 records.  Elapsed time: 00:02:52s.  Time for last 1,000,000:    2s.  Last read position: chr2:22,587,845
INFO	2019-05-22 14:40:28	MarkDuplicates	Tracking 66967 as yet unmatched pairs. 4325 records in RAM.
INFO	2019-05-22 14:40:30	MarkDuplicates	Read    54,000,000 records.  Elapsed time: 00:02:55s.  Time for last 1,000,000:    2s.  Last read position: chr2:22,588,509
INFO	2019-05-22 14:40:30	MarkDuplicates	Tracking 65902 as yet unmatched pairs. 2620 records in RAM.
INFO	2019-05-22 14:40:33	MarkDuplicates	Read    55,000,000 records.  Elapsed time: 00:02:58s.  Time for last 1,000,000:    2s.  Last read position: chr2:22,589,153
INFO	2019-05-22 14:40:33	MarkDuplicates	Tracking 67537 as yet unmatched pairs. 2612 records in RAM.
INFO	2019-05-22 14:40:36	MarkDuplicates	Read    56,000,000 records.  Elapsed time: 00:03:01s.  Time for last 1,000,000:    2s.  Last read position: chr2:22,589,775
INFO	2019-05-22 14:40:36	MarkDuplicates	Tracking 73841 as yet unmatched pairs. 6345 records in RAM.
INFO	2019-05-22 14:40:38	MarkDuplicates	Read    57,000,000 records.  Elapsed time: 00:03:03s.  Time for last 1,000,000:    2s.  Last read position: chr2:22,590,460
INFO	2019-05-22 14:40:38	MarkDuplicates	Tracking 71036 as yet unmatched pairs. 2602 records in RAM.
INFO	2019-05-22 14:40:42	MarkDuplicates	Read    58,000,000 records.  Elapsed time: 00:03:07s.  Time for last 1,000,000:    3s.  Last read position: chr2:60,239,471
INFO	2019-05-22 14:40:42	MarkDuplicates	Tracking 71077 as yet unmatched pairs. 2075 records in RAM.
INFO	2019-05-22 14:40:45	MarkDuplicates	Read    59,000,000 records.  Elapsed time: 00:03:10s.  Time for last 1,000,000:    3s.  Last read position: chr2:91,612,203
INFO	2019-05-22 14:40:45	MarkDuplicates	Tracking 71809 as yet unmatched pairs. 1536 records in RAM.
INFO	2019-05-22 14:40:48	MarkDuplicates	Read    60,000,000 records.  Elapsed time: 00:03:13s.  Time for last 1,000,000:    2s.  Last read position: chr2:98,665,033
INFO	2019-05-22 14:40:48	MarkDuplicates	Tracking 74026 as yet unmatched pairs. 3660 records in RAM.
INFO	2019-05-22 14:40:51	MarkDuplicates	Read    61,000,000 records.  Elapsed time: 00:03:16s.  Time for last 1,000,000:    2s.  Last read position: chr2:98,666,926
INFO	2019-05-22 14:40:51	MarkDuplicates	Tracking 124804 as yet unmatched pairs. 54408 records in RAM.
INFO	2019-05-22 14:40:54	MarkDuplicates	Read    62,000,000 records.  Elapsed time: 00:03:19s.  Time for last 1,000,000:    2s.  Last read position: chr2:110,462,488
INFO	2019-05-22 14:40:54	MarkDuplicates	Tracking 71839 as yet unmatched pairs. 1265 records in RAM.
INFO	2019-05-22 14:40:57	MarkDuplicates	Read    63,000,000 records.  Elapsed time: 00:03:22s.  Time for last 1,000,000:    3s.  Last read position: chr2:149,131,789
INFO	2019-05-22 14:40:57	MarkDuplicates	Tracking 71961 as yet unmatched pairs. 602 records in RAM.
INFO	2019-05-22 14:41:01	MarkDuplicates	Read    64,000,000 records.  Elapsed time: 00:03:25s.  Time for last 1,000,000:    3s.  Last read position: chr2:179,053,066
INFO	2019-05-22 14:41:01	MarkDuplicates	Tracking 71953 as yet unmatched pairs. 68 records in RAM.
INFO	2019-05-22 14:41:04	MarkDuplicates	Read    65,000,000 records.  Elapsed time: 00:03:29s.  Time for last 1,000,000:    3s.  Last read position: chr3:17,466,352
INFO	2019-05-22 14:41:04	MarkDuplicates	Tracking 71829 as yet unmatched pairs. 2140 records in RAM.
INFO	2019-05-22 14:41:07	MarkDuplicates	Read    66,000,000 records.  Elapsed time: 00:03:32s.  Time for last 1,000,000:    3s.  Last read position: chr3:53,623,412
INFO	2019-05-22 14:41:07	MarkDuplicates	Tracking 71858 as yet unmatched pairs. 1796 records in RAM.
INFO	2019-05-22 14:41:11	MarkDuplicates	Read    67,000,000 records.  Elapsed time: 00:03:35s.  Time for last 1,000,000:    3s.  Last read position: chr3:89,430,052
INFO	2019-05-22 14:41:11	MarkDuplicates	Tracking 71840 as yet unmatched pairs. 1428 records in RAM.
INFO	2019-05-22 14:41:14	MarkDuplicates	Read    68,000,000 records.  Elapsed time: 00:03:39s.  Time for last 1,000,000:    3s.  Last read position: chr3:109,413,181
INFO	2019-05-22 14:41:14	MarkDuplicates	Tracking 71688 as yet unmatched pairs. 940 records in RAM.
INFO	2019-05-22 14:41:17	MarkDuplicates	Read    69,000,000 records.  Elapsed time: 00:03:42s.  Time for last 1,000,000:    3s.  Last read position: chr3:145,653,852
INFO	2019-05-22 14:41:17	MarkDuplicates	Tracking 71628 as yet unmatched pairs. 134 records in RAM.
INFO	2019-05-22 14:41:21	MarkDuplicates	Read    70,000,000 records.  Elapsed time: 00:03:46s.  Time for last 1,000,000:    3s.  Last read position: chr4:11,095,902
INFO	2019-05-22 14:41:21	MarkDuplicates	Tracking 71552 as yet unmatched pairs. 3003 records in RAM.
INFO	2019-05-22 14:41:24	MarkDuplicates	Read    71,000,000 records.  Elapsed time: 00:03:49s.  Time for last 1,000,000:    3s.  Last read position: chr4:43,442,550
INFO	2019-05-22 14:41:24	MarkDuplicates	Tracking 71447 as yet unmatched pairs. 2649 records in RAM.
INFO	2019-05-22 14:41:27	MarkDuplicates	Read    72,000,000 records.  Elapsed time: 00:03:52s.  Time for last 1,000,000:    3s.  Last read position: chr4:74,428,982
INFO	2019-05-22 14:41:27	MarkDuplicates	Tracking 71315 as yet unmatched pairs. 2191 records in RAM.
INFO	2019-05-22 14:41:30	MarkDuplicates	Read    73,000,000 records.  Elapsed time: 00:03:55s.  Time for last 1,000,000:    2s.  Last read position: chr4:80,003,020
INFO	2019-05-22 14:41:30	MarkDuplicates	Tracking 71627 as yet unmatched pairs. 2118 records in RAM.
INFO	2019-05-22 14:41:33	MarkDuplicates	Read    74,000,000 records.  Elapsed time: 00:03:58s.  Time for last 1,000,000:    2s.  Last read position: chr4:80,003,929
INFO	2019-05-22 14:41:33	MarkDuplicates	Tracking 71876 as yet unmatched pairs. 2226 records in RAM.
INFO	2019-05-22 14:41:35	MarkDuplicates	Read    75,000,000 records.  Elapsed time: 00:04:00s.  Time for last 1,000,000:    2s.  Last read position: chr4:80,004,809
INFO	2019-05-22 14:41:35	MarkDuplicates	Tracking 71842 as yet unmatched pairs. 2112 records in RAM.
INFO	2019-05-22 14:41:38	MarkDuplicates	Read    76,000,000 records.  Elapsed time: 00:04:03s.  Time for last 1,000,000:    3s.  Last read position: chr4:95,318,079
INFO	2019-05-22 14:41:38	MarkDuplicates	Tracking 71795 as yet unmatched pairs. 1710 records in RAM.
INFO	2019-05-22 14:41:42	MarkDuplicates	Read    77,000,000 records.  Elapsed time: 00:04:07s.  Time for last 1,000,000:    3s.  Last read position: chr4:132,376,911
INFO	2019-05-22 14:41:42	MarkDuplicates	Tracking 71430 as yet unmatched pairs. 558 records in RAM.
INFO	2019-05-22 14:41:45	MarkDuplicates	Read    78,000,000 records.  Elapsed time: 00:04:10s.  Time for last 1,000,000:    3s.  Last read position: chr5:7,276,752
INFO	2019-05-22 14:41:45	MarkDuplicates	Tracking 71245 as yet unmatched pairs. 5335 records in RAM.
INFO	2019-05-22 14:41:48	MarkDuplicates	Read    79,000,000 records.  Elapsed time: 00:04:13s.  Time for last 1,000,000:    3s.  Last read position: chr5:23,059,495
INFO	2019-05-22 14:41:48	MarkDuplicates	Tracking 71182 as yet unmatched pairs. 5099 records in RAM.
INFO	2019-05-22 14:41:52	MarkDuplicates	Read    80,000,000 records.  Elapsed time: 00:04:17s.  Time for last 1,000,000:    3s.  Last read position: chr5:54,690,327
INFO	2019-05-22 14:41:52	MarkDuplicates	Tracking 70877 as yet unmatched pairs. 4432 records in RAM.
INFO	2019-05-22 14:41:55	MarkDuplicates	Read    81,000,000 records.  Elapsed time: 00:04:20s.  Time for last 1,000,000:    3s.  Last read position: chr5:73,840,812
INFO	2019-05-22 14:41:55	MarkDuplicates	Tracking 70803 as yet unmatched pairs. 3973 records in RAM.
INFO	2019-05-22 14:41:58	MarkDuplicates	Read    82,000,000 records.  Elapsed time: 00:04:23s.  Time for last 1,000,000:    3s.  Last read position: chr5:94,880,187
INFO	2019-05-22 14:41:58	MarkDuplicates	Tracking 70628 as yet unmatched pairs. 3626 records in RAM.
INFO	2019-05-22 14:42:01	MarkDuplicates	Read    83,000,000 records.  Elapsed time: 00:04:26s.  Time for last 1,000,000:    3s.  Last read position: chr5:129,386,932
INFO	2019-05-22 14:42:01	MarkDuplicates	Tracking 69880 as yet unmatched pairs. 1982 records in RAM.
INFO	2019-05-22 14:42:05	MarkDuplicates	Read    84,000,000 records.  Elapsed time: 00:04:30s.  Time for last 1,000,000:    3s.  Last read position: chr6:9,890,025
INFO	2019-05-22 14:42:05	MarkDuplicates	Tracking 69196 as yet unmatched pairs. 3082 records in RAM.
INFO	2019-05-22 14:42:08	MarkDuplicates	Read    85,000,000 records.  Elapsed time: 00:04:33s.  Time for last 1,000,000:    3s.  Last read position: chr6:42,472,322
INFO	2019-05-22 14:42:08	MarkDuplicates	Tracking 68835 as yet unmatched pairs. 2522 records in RAM.
INFO	2019-05-22 14:42:11	MarkDuplicates	Read    86,000,000 records.  Elapsed time: 00:04:36s.  Time for last 1,000,000:    3s.  Last read position: chr6:71,170,884
INFO	2019-05-22 14:42:11	MarkDuplicates	Tracking 68414 as yet unmatched pairs. 1901 records in RAM.
INFO	2019-05-22 14:42:15	MarkDuplicates	Read    87,000,000 records.  Elapsed time: 00:04:39s.  Time for last 1,000,000:    3s.  Last read position: chr6:100,879,751
INFO	2019-05-22 14:42:15	MarkDuplicates	Tracking 68048 as yet unmatched pairs. 1211 records in RAM.
INFO	2019-05-22 14:42:18	MarkDuplicates	Read    88,000,000 records.  Elapsed time: 00:04:43s.  Time for last 1,000,000:    3s.  Last read position: chr6:130,412,899
INFO	2019-05-22 14:42:18	MarkDuplicates	Tracking 67546 as yet unmatched pairs. 485 records in RAM.
INFO	2019-05-22 14:42:21	MarkDuplicates	Read    89,000,000 records.  Elapsed time: 00:04:46s.  Time for last 1,000,000:    3s.  Last read position: chr7:9,763,158
INFO	2019-05-22 14:42:21	MarkDuplicates	Tracking 67143 as yet unmatched pairs. 3806 records in RAM.
INFO	2019-05-22 14:42:25	MarkDuplicates	Read    90,000,000 records.  Elapsed time: 00:04:50s.  Time for last 1,000,000:    3s.  Last read position: chr7:26,779,913
INFO	2019-05-22 14:42:25	MarkDuplicates	Tracking 66868 as yet unmatched pairs. 3441 records in RAM.
INFO	2019-05-22 14:42:28	MarkDuplicates	Read    91,000,000 records.  Elapsed time: 00:04:53s.  Time for last 1,000,000:    3s.  Last read position: chr7:53,215,560
INFO	2019-05-22 14:42:28	MarkDuplicates	Tracking 66473 as yet unmatched pairs. 2890 records in RAM.
INFO	2019-05-22 14:42:31	MarkDuplicates	Read    92,000,000 records.  Elapsed time: 00:04:56s.  Time for last 1,000,000:    3s.  Last read position: chr7:88,242,480
INFO	2019-05-22 14:42:31	MarkDuplicates	Tracking 65870 as yet unmatched pairs. 1987 records in RAM.
INFO	2019-05-22 14:42:35	MarkDuplicates	Read    93,000,000 records.  Elapsed time: 00:05:00s.  Time for last 1,000,000:    3s.  Last read position: chr7:120,431,763
INFO	2019-05-22 14:42:35	MarkDuplicates	Tracking 65167 as yet unmatched pairs. 960 records in RAM.
INFO	2019-05-22 14:42:38	MarkDuplicates	Read    94,000,000 records.  Elapsed time: 00:05:03s.  Time for last 1,000,000:    3s.  Last read position: chr8:17,614,977
INFO	2019-05-22 14:42:38	MarkDuplicates	Tracking 64283 as yet unmatched pairs. 2981 records in RAM.
INFO	2019-05-22 14:42:42	MarkDuplicates	Read    95,000,000 records.  Elapsed time: 00:05:06s.  Time for last 1,000,000:    3s.  Last read position: chr8:41,105,744
INFO	2019-05-22 14:42:42	MarkDuplicates	Tracking 63855 as yet unmatched pairs. 2472 records in RAM.
INFO	2019-05-22 14:42:45	MarkDuplicates	Read    96,000,000 records.  Elapsed time: 00:05:10s.  Time for last 1,000,000:    3s.  Last read position: chr8:73,268,011
INFO	2019-05-22 14:42:45	MarkDuplicates	Tracking 63381 as yet unmatched pairs. 1928 records in RAM.
INFO	2019-05-22 14:42:48	MarkDuplicates	Read    97,000,000 records.  Elapsed time: 00:05:13s.  Time for last 1,000,000:    3s.  Last read position: chr8:107,135,226
INFO	2019-05-22 14:42:48	MarkDuplicates	Tracking 62688 as yet unmatched pairs. 1070 records in RAM.
INFO	2019-05-22 14:42:51	MarkDuplicates	Read    98,000,000 records.  Elapsed time: 00:05:16s.  Time for last 1,000,000:    3s.  Last read position: chr9:3,002,531
INFO	2019-05-22 14:42:51	MarkDuplicates	Tracking 65979 as yet unmatched pairs. 7243 records in RAM.
INFO	2019-05-22 14:42:54	MarkDuplicates	Read    99,000,000 records.  Elapsed time: 00:05:19s.  Time for last 1,000,000:    2s.  Last read position: chr9:3,017,990
INFO	2019-05-22 14:42:54	MarkDuplicates	Tracking 65477 as yet unmatched pairs. 6739 records in RAM.
INFO	2019-05-22 14:42:57	MarkDuplicates	Read   100,000,000 records.  Elapsed time: 00:05:22s.  Time for last 1,000,000:    2s.  Last read position: chr9:3,031,739
INFO	2019-05-22 14:42:57	MarkDuplicates	Tracking 64514 as yet unmatched pairs. 5775 records in RAM.
INFO	2019-05-22 14:43:00	MarkDuplicates	Read   101,000,000 records.  Elapsed time: 00:05:25s.  Time for last 1,000,000:    3s.  Last read position: chr9:15,822,390
INFO	2019-05-22 14:43:00	MarkDuplicates	Tracking 61640 as yet unmatched pairs. 2843 records in RAM.
INFO	2019-05-22 14:43:03	MarkDuplicates	Read   102,000,000 records.  Elapsed time: 00:05:28s.  Time for last 1,000,000:    3s.  Last read position: chr9:37,850,684
INFO	2019-05-22 14:43:03	MarkDuplicates	Tracking 61286 as yet unmatched pairs. 2450 records in RAM.
INFO	2019-05-22 14:43:07	MarkDuplicates	Read   103,000,000 records.  Elapsed time: 00:05:32s.  Time for last 1,000,000:    3s.  Last read position: chr9:83,881,981
INFO	2019-05-22 14:43:07	MarkDuplicates	Tracking 60455 as yet unmatched pairs. 1512 records in RAM.
INFO	2019-05-22 14:43:10	MarkDuplicates	Read   104,000,000 records.  Elapsed time: 00:05:35s.  Time for last 1,000,000:    3s.  Last read position: chr9:109,198,913
INFO	2019-05-22 14:43:10	MarkDuplicates	Tracking 59917 as yet unmatched pairs. 911 records in RAM.
INFO	2019-05-22 14:43:35	MarkDuplicates	Read   105,000,000 records.  Elapsed time: 00:06:00s.  Time for last 1,000,000:   25s.  Last read position: chrM:243
INFO	2019-05-22 14:43:35	MarkDuplicates	Tracking 126663 as yet unmatched pairs. 123096 records in RAM.
INFO	2019-05-22 14:43:39	MarkDuplicates	Read   106,000,000 records.  Elapsed time: 00:06:04s.  Time for last 1,000,000:    3s.  Last read position: chrM:913
INFO	2019-05-22 14:43:39	MarkDuplicates	Tracking 136468 as yet unmatched pairs. 132890 records in RAM.
INFO	2019-05-22 14:43:42	MarkDuplicates	Read   107,000,000 records.  Elapsed time: 00:06:07s.  Time for last 1,000,000:    3s.  Last read position: chrM:1,563
INFO	2019-05-22 14:43:42	MarkDuplicates	Tracking 124699 as yet unmatched pairs. 121102 records in RAM.
INFO	2019-05-22 14:43:46	MarkDuplicates	Read   108,000,000 records.  Elapsed time: 00:06:11s.  Time for last 1,000,000:    3s.  Last read position: chrM:2,228
INFO	2019-05-22 14:43:46	MarkDuplicates	Tracking 130428 as yet unmatched pairs. 126819 records in RAM.
INFO	2019-05-22 14:43:50	MarkDuplicates	Read   109,000,000 records.  Elapsed time: 00:06:14s.  Time for last 1,000,000:    3s.  Last read position: chrM:2,882
INFO	2019-05-22 14:43:50	MarkDuplicates	Tracking 124684 as yet unmatched pairs. 121067 records in RAM.
INFO	2019-05-22 14:43:53	MarkDuplicates	Read   110,000,000 records.  Elapsed time: 00:06:18s.  Time for last 1,000,000:    3s.  Last read position: chrM:3,583
INFO	2019-05-22 14:43:53	MarkDuplicates	Tracking 126068 as yet unmatched pairs. 122434 records in RAM.
INFO	2019-05-22 14:43:57	MarkDuplicates	Read   111,000,000 records.  Elapsed time: 00:06:22s.  Time for last 1,000,000:    3s.  Last read position: chrM:4,226
INFO	2019-05-22 14:43:57	MarkDuplicates	Tracking 114026 as yet unmatched pairs. 110382 records in RAM.
INFO	2019-05-22 14:44:01	MarkDuplicates	Read   112,000,000 records.  Elapsed time: 00:06:26s.  Time for last 1,000,000:    3s.  Last read position: chrM:4,881
INFO	2019-05-22 14:44:01	MarkDuplicates	Tracking 105436 as yet unmatched pairs. 101776 records in RAM.
INFO	2019-05-22 14:44:04	MarkDuplicates	Read   113,000,000 records.  Elapsed time: 00:06:29s.  Time for last 1,000,000:    3s.  Last read position: chrM:5,496
INFO	2019-05-22 14:44:04	MarkDuplicates	Tracking 130906 as yet unmatched pairs. 127236 records in RAM.
INFO	2019-05-22 14:44:08	MarkDuplicates	Read   114,000,000 records.  Elapsed time: 00:06:33s.  Time for last 1,000,000:    3s.  Last read position: chrM:6,147
INFO	2019-05-22 14:44:08	MarkDuplicates	Tracking 119135 as yet unmatched pairs. 115452 records in RAM.
INFO	2019-05-22 14:44:11	MarkDuplicates	Read   115,000,000 records.  Elapsed time: 00:06:36s.  Time for last 1,000,000:    3s.  Last read position: chrM:6,782
INFO	2019-05-22 14:44:11	MarkDuplicates	Tracking 94669 as yet unmatched pairs. 90980 records in RAM.
INFO	2019-05-22 14:44:15	MarkDuplicates	Read   116,000,000 records.  Elapsed time: 00:06:40s.  Time for last 1,000,000:    3s.  Last read position: chrM:7,425
INFO	2019-05-22 14:44:15	MarkDuplicates	Tracking 91686 as yet unmatched pairs. 87994 records in RAM.
INFO	2019-05-22 14:44:18	MarkDuplicates	Read   117,000,000 records.  Elapsed time: 00:06:43s.  Time for last 1,000,000:    3s.  Last read position: chrM:8,069
INFO	2019-05-22 14:44:18	MarkDuplicates	Tracking 87762 as yet unmatched pairs. 84062 records in RAM.
INFO	2019-05-22 14:44:21	MarkDuplicates	Read   118,000,000 records.  Elapsed time: 00:06:46s.  Time for last 1,000,000:    3s.  Last read position: chrM:8,699
INFO	2019-05-22 14:44:21	MarkDuplicates	Tracking 78348 as yet unmatched pairs. 74648 records in RAM.
INFO	2019-05-22 14:44:24	MarkDuplicates	Read   119,000,000 records.  Elapsed time: 00:06:49s.  Time for last 1,000,000:    3s.  Last read position: chrM:9,304
INFO	2019-05-22 14:44:24	MarkDuplicates	Tracking 82537 as yet unmatched pairs. 78833 records in RAM.
INFO	2019-05-22 14:44:27	MarkDuplicates	Read   120,000,000 records.  Elapsed time: 00:06:52s.  Time for last 1,000,000:    3s.  Last read position: chrM:9,897
INFO	2019-05-22 14:44:27	MarkDuplicates	Tracking 73436 as yet unmatched pairs. 69721 records in RAM.
INFO	2019-05-22 14:44:30	MarkDuplicates	Read   121,000,000 records.  Elapsed time: 00:06:55s.  Time for last 1,000,000:    3s.  Last read position: chrM:10,540
INFO	2019-05-22 14:44:30	MarkDuplicates	Tracking 62527 as yet unmatched pairs. 58807 records in RAM.
INFO	2019-05-22 14:44:34	MarkDuplicates	Read   122,000,000 records.  Elapsed time: 00:06:59s.  Time for last 1,000,000:    3s.  Last read position: chrM:11,190
INFO	2019-05-22 14:44:34	MarkDuplicates	Tracking 69949 as yet unmatched pairs. 66218 records in RAM.
INFO	2019-05-22 14:44:38	MarkDuplicates	Read   123,000,000 records.  Elapsed time: 00:07:03s.  Time for last 1,000,000:    3s.  Last read position: chrM:11,816
INFO	2019-05-22 14:44:38	MarkDuplicates	Tracking 61323 as yet unmatched pairs. 57580 records in RAM.
INFO	2019-05-22 14:44:41	MarkDuplicates	Read   124,000,000 records.  Elapsed time: 00:07:06s.  Time for last 1,000,000:    3s.  Last read position: chrM:12,488
INFO	2019-05-22 14:44:41	MarkDuplicates	Tracking 76531 as yet unmatched pairs. 72778 records in RAM.
INFO	2019-05-22 14:44:45	MarkDuplicates	Read   125,000,000 records.  Elapsed time: 00:07:10s.  Time for last 1,000,000:    3s.  Last read position: chrM:13,181
INFO	2019-05-22 14:44:45	MarkDuplicates	Tracking 84112 as yet unmatched pairs. 80345 records in RAM.
INFO	2019-05-22 14:44:49	MarkDuplicates	Read   126,000,000 records.  Elapsed time: 00:07:14s.  Time for last 1,000,000:    4s.  Last read position: chrM:13,861
INFO	2019-05-22 14:44:49	MarkDuplicates	Tracking 75441 as yet unmatched pairs. 71654 records in RAM.
INFO	2019-05-22 14:44:52	MarkDuplicates	Read   127,000,000 records.  Elapsed time: 00:07:17s.  Time for last 1,000,000:    3s.  Last read position: chrM:14,524
INFO	2019-05-22 14:44:52	MarkDuplicates	Tracking 64991 as yet unmatched pairs. 61192 records in RAM.
INFO	2019-05-22 14:44:56	MarkDuplicates	Read   128,000,000 records.  Elapsed time: 00:07:21s.  Time for last 1,000,000:    3s.  Last read position: chrM:15,232
INFO	2019-05-22 14:44:56	MarkDuplicates	Tracking 86924 as yet unmatched pairs. 83114 records in RAM.
INFO	2019-05-22 14:44:59	MarkDuplicates	Read   129,000,000 records.  Elapsed time: 00:07:24s.  Time for last 1,000,000:    3s.  Last read position: chrM:16,104
INFO	2019-05-22 14:44:59	MarkDuplicates	Tracking 46245 as yet unmatched pairs. 42424 records in RAM.
INFO	2019-05-22 14:45:04	MarkDuplicates	Read   130,000,000 records.  Elapsed time: 00:07:29s.  Time for last 1,000,000:    4s.  Last read position: chrX:21,938,623
INFO	2019-05-22 14:45:04	MarkDuplicates	Tracking 3318 as yet unmatched pairs. 3004 records in RAM.
INFO	2019-05-22 14:45:13	MarkDuplicates	Read   131,000,000 records.  Elapsed time: 00:07:37s.  Time for last 1,000,000:    8s.  Last read position: chrX:38,272,662
INFO	2019-05-22 14:45:13	MarkDuplicates	Tracking 3095 as yet unmatched pairs. 2779 records in RAM.
INFO	2019-05-22 14:45:24	MarkDuplicates	Read   132,000,000 records.  Elapsed time: 00:07:48s.  Time for last 1,000,000:   10s.  Last read position: chrX:66,719,707
INFO	2019-05-22 14:45:24	MarkDuplicates	Tracking 2805 as yet unmatched pairs. 2486 records in RAM.
INFO	2019-05-22 14:45:30	MarkDuplicates	Read   133,000,000 records.  Elapsed time: 00:07:55s.  Time for last 1,000,000:    6s.  Last read position: chrX:96,052,742
INFO	2019-05-22 14:45:30	MarkDuplicates	Tracking 2297 as yet unmatched pairs. 1974 records in RAM.
INFO	2019-05-22 14:45:35	MarkDuplicates	Read   134,000,000 records.  Elapsed time: 00:07:59s.  Time for last 1,000,000:    4s.  Last read position: chrX:128,714,078
INFO	2019-05-22 14:45:35	MarkDuplicates	Tracking 1520 as yet unmatched pairs. 1189 records in RAM.
INFO	2019-05-22 14:45:41	MarkDuplicates	Read   135,000,000 records.  Elapsed time: 00:08:06s.  Time for last 1,000,000:    6s.  Last read position: chrX:160,726,464
INFO	2019-05-22 14:45:41	MarkDuplicates	Tracking 469 as yet unmatched pairs. 136 records in RAM.
INFO	2019-05-22 14:45:48	MarkDuplicates	Read 135936129 records. 0 pairs never matched.
INFO	2019-05-22 14:46:00	MarkDuplicates	After buildSortedReadEndLists freeMemory: 8150337848; totalMemory: 10485760000; maxMemory: 10485760000
INFO	2019-05-22 14:46:00	MarkDuplicates	Will retain up to 327680000 duplicate indices before spilling to disk.
INFO	2019-05-22 14:46:00	MarkDuplicates	Traversing read pair information and detecting duplicates.
INFO	2019-05-22 14:46:09	MarkDuplicates	Traversing fragment information and detecting duplicates.
INFO	2019-05-22 14:46:09	SortingCollection	Creating merging iterator from 2 files
WARNING	2019-05-22 14:46:09	SortingCollection	There is not enough memory per file for buffering. Reading will be unbuffered.
INFO	2019-05-22 14:46:27	MarkDuplicates	Sorting list of duplicate records.
INFO	2019-05-22 14:46:29	MarkDuplicates	After generateDuplicateIndexes freeMemory: 7847963840; totalMemory: 10485760000; maxMemory: 10485760000
INFO	2019-05-22 14:46:29	MarkDuplicates	Marking 23747564 records as duplicates.
INFO	2019-05-22 14:46:29	MarkDuplicates	Found 36064 optical duplicate clusters.
INFO	2019-05-22 14:46:54	MarkDuplicates	Reads are assumed to be ordered by: coordinate
INFO	2019-05-22 14:51:10	MarkDuplicates	Written    10,000,000 records.  Elapsed time: 00:04:16s.  Time for last 10,000,000:  256s.  Last read position: chr12:32,242,532
INFO	2019-05-22 14:53:49	MarkDuplicates	Written    20,000,000 records.  Elapsed time: 00:06:55s.  Time for last 10,000,000:  159s.  Last read position: chr14:19,417,650
INFO	2019-05-22 14:56:46	MarkDuplicates	Written    30,000,000 records.  Elapsed time: 00:09:52s.  Time for last 10,000,000:  177s.  Last read position: chr17:4,297,218
INFO	2019-05-22 14:59:28	MarkDuplicates	Written    40,000,000 records.  Elapsed time: 00:12:33s.  Time for last 10,000,000:  161s.  Last read position: chr1:24,612,526
INFO	2019-05-22 15:01:53	MarkDuplicates	Written    50,000,000 records.  Elapsed time: 00:14:58s.  Time for last 10,000,000:  145s.  Last read position: chr1:144,386,262
INFO	2019-05-22 15:04:21	MarkDuplicates	Written    60,000,000 records.  Elapsed time: 00:17:26s.  Time for last 10,000,000:  147s.  Last read position: chr2:98,665,033
INFO	2019-05-22 15:06:59	MarkDuplicates	Written    70,000,000 records.  Elapsed time: 00:20:04s.  Time for last 10,000,000:  158s.  Last read position: chr4:11,095,902
INFO	2019-05-22 15:09:35	MarkDuplicates	Written    80,000,000 records.  Elapsed time: 00:22:41s.  Time for last 10,000,000:  156s.  Last read position: chr5:54,690,327
INFO	2019-05-22 15:12:20	MarkDuplicates	Written    90,000,000 records.  Elapsed time: 00:25:26s.  Time for last 10,000,000:  164s.  Last read position: chr7:26,779,913
INFO	2019-05-22 15:15:38	MarkDuplicates	Written   100,000,000 records.  Elapsed time: 00:28:43s.  Time for last 10,000,000:  197s.  Last read position: chr9:3,031,739
INFO	2019-05-22 15:29:00	MarkDuplicates	Written   110,000,000 records.  Elapsed time: 00:42:05s.  Time for last 10,000,000:  801s.  Last read position: chrM:3,583
INFO	2019-05-22 15:37:34	MarkDuplicates	Written   120,000,000 records.  Elapsed time: 00:50:39s.  Time for last 10,000,000:  514s.  Last read position: chrM:9,897
INFO	2019-05-22 15:39:59	MarkDuplicates	Written   130,000,000 records.  Elapsed time: 00:53:04s.  Time for last 10,000,000:  145s.  Last read position: chrX:21,938,623
INFO	2019-05-22 15:43:25	MarkDuplicates	Before output close freeMemory: 10474186408; totalMemory: 10485760000; maxMemory: 10485760000
INFO	2019-05-22 15:43:25	MarkDuplicates	After output close freeMemory: 10474186408; totalMemory: 10485760000; maxMemory: 10485760000
[Wed May 22 15:43:25 EDT 2019] picard.sam.markduplicates.MarkDuplicates done. Elapsed time: 65.84 minutes.
Runtime.totalMemory()=10485760000
Started analysis of AB3828-L1.bam
Approx 5% complete for AB3828-L1.bam
Approx 10% complete for AB3828-L1.bam
Approx 15% complete for AB3828-L1.bam
Approx 20% complete for AB3828-L1.bam
Approx 25% complete for AB3828-L1.bam
Approx 30% complete for AB3828-L1.bam
Approx 35% complete for AB3828-L1.bam
Approx 40% complete for AB3828-L1.bam
Approx 45% complete for AB3828-L1.bam
Approx 50% complete for AB3828-L1.bam
Approx 55% complete for AB3828-L1.bam
Approx 60% complete for AB3828-L1.bam
Approx 65% complete for AB3828-L1.bam
Approx 70% complete for AB3828-L1.bam
Approx 75% complete for AB3828-L1.bam
Approx 80% complete for AB3828-L1.bam
Approx 85% complete for AB3828-L1.bam
Approx 90% complete for AB3828-L1.bam
Approx 95% complete for AB3828-L1.bam
Approx 100% complete for AB3828-L1.bam
Java HotSpot(TM) 64-Bit Server VM warning: Ignoring option MaxPermSize; support was removed in 8.0
[+] Loading python 2.7  ... 
[-] Unloading python 2.7  ... 
[+] Loading snakemake  5.4.4 
[+] Loading java 12.0.1  ... 
[+] Loading bowtie  2-2.3.5 
[+] Loading samtools 1.9  ... 
[+] Loading picard  2.18.27 
[+] Loading fastqc  0.11.8 
[+] Loading GSL 2.4 for GCC 7.2.0 ... 
[+] Loading gcc  7.3.0  ... 
[+] Loading openmpi 3.0.2  for GCC 7.3.0 
[+] Loading ImageMagick  7.0.8  on cn3375 
[+] Loading HDF5  1.10.4 
[+] Loading pandoc  2.1.1  on cn3375 
[+] Loading R 3.5.2 
[+] Loading qualimap  2.2.1  on cn3375 
#
DONE!!!!
#
ELAPSED TIME: 10389 seconds
------------------------------------------------------------------------------
[Wed May 22 16:50:36 2019]
Finished job 0.
1 of 1 steps (100%) done
