Building DAG of jobs...
Using shell: /usr/bin/bash
Provided cores: 30
Rules claiming more threads will be scaled down.
Unlimited resources: mem_mb
Job counts:
	count	jobs
	1	Alignment_Paired
	1

[Wed May 22 13:57:17 2019]
Job 0: Alignment_Paired: Ccl20-_T|AB3831-L1

[+] Loading bowtie  2-2.3.5 
[-] Unloading samtools 1.9  ... 
[+] Loading samtools 1.9  ... 
[+] Loading gcc  7.3.0  ... 
[+] Loading GSL 2.4 for GCC 7.2.0 ... 
[-] Unloading gcc  7.3.0  ... 
[+] Loading gcc  7.3.0  ... 
[+] Loading openmpi 3.0.2  for GCC 7.3.0 
[+] Loading ImageMagick  7.0.8  on cn2086 
[+] Loading HDF5  1.10.4 
[+] Loading pandoc  2.1.1  on cn2086 
[+] Loading R 3.5.2 
[-] Unloading gcc  7.3.0  ... 
[-] Unloading GSL 2.4 for GCC 7.2.0 ... 
[-] Unloading openmpi 3.0.2  for GCC 7.3.0 
[-] Unloading ImageMagick  7.0.8  on cn2086 
[-] Unloading HDF5  1.10.4 
[-] Unloading pandoc  2.1.1  on cn2086 
[-] Unloading R 3.5.2 
[+] Loading gcc  7.3.0  ... 
[+] Loading GSL 2.4 for GCC 7.2.0 ... 
[-] Unloading gcc  7.3.0  ... 
[+] Loading gcc  7.3.0  ... 
[+] Loading openmpi 3.0.2  for GCC 7.3.0 
[+] Loading ImageMagick  7.0.8  on cn2086 
[+] Loading HDF5  1.10.4 
[+] Loading pandoc  2.1.1  on cn2086 
[+] Loading R 3.5.2 
[+] Loading picard  2.18.27 
[+] Loading fastqc  0.11.8 
[+] Loading qualimap  2.2.1  on cn2086 
[-] Unloading gcc  7.3.0  ... 
[-] Unloading GSL 2.4 for GCC 7.2.0 ... 
[-] Unloading openmpi 3.0.2  for GCC 7.3.0 
[-] Unloading ImageMagick  7.0.8  on cn2086 
[-] Unloading HDF5  1.10.4 
[-] Unloading pandoc  2.1.1  on cn2086 
[-] Unloading R 3.5.2 
[+] Loading gcc  7.3.0  ... 
[+] Loading GSL 2.4 for GCC 7.2.0 ... 
[-] Unloading gcc  7.3.0  ... 
[+] Loading gcc  7.3.0  ... 
[+] Loading openmpi 3.0.2  for GCC 7.3.0 
[+] Loading ImageMagick  7.0.8  on cn2086 
[+] Loading HDF5  1.10.4 
[+] Loading pandoc  2.1.1  on cn2086 
[+] Loading R 3.5.2 
###################################- COMMANDLINE -############################
bowtie/2-2.3.5
samtools/1.9
picard/2.18.27
fastqc/0.11.8
qualimap/2.2.1
Alignment
#
INPUT1: /data/shamsaddinisha/jfarber-20160119-P1/spsingh-20190308-E1/spsingh-20190521-D1/mm10/Ccl20-_T/pre_process/AB3831-L1.R1.processed.fastq
INPUT2: /data/shamsaddinisha/jfarber-20160119-P1/spsingh-20190308-E1/spsingh-20190521-D1/mm10/Ccl20-_T/pre_process/AB3831-L1.R2.processed.fastq
#
OUTPUT1: /data/shamsaddinisha/jfarber-20160119-P1/spsingh-20190308-E1/spsingh-20190521-D1/mm10/Ccl20-_T/alignment/AB3831-L1.bam
OUTPUT2: /data/shamsaddinisha/jfarber-20160119-P1/spsingh-20190308-E1/spsingh-20190521-D1/mm10/Ccl20-_T/alignment/AB3831-L1.bam.bai
OUTPUT3: /data/shamsaddinisha/jfarber-20160119-P1/spsingh-20190308-E1/spsingh-20190521-D1/mm10/Ccl20-_T/report/alignment/AB3831-L1.alignment.txt
OUTPUT4: /data/shamsaddinisha/jfarber-20160119-P1/spsingh-20190308-E1/spsingh-20190521-D1/mm10/Ccl20-_T/report/alignment/AB3831-L1.picard.txt
OUTPUT5: /data/shamsaddinisha/jfarber-20160119-P1/spsingh-20190308-E1/spsingh-20190521-D1/mm10/Ccl20-_T/report/alignment/AB3831-L1.samtools.txt
++++++++++++++++++++++++++++++++++++++++++++++++++++++++++++++++++++++++++++++
bowtie2 -k 10 --mm --local -X 2000 --threads 30 -x /fdb/igenomes/Mus_musculus/UCSC/mm10/Sequence/Bowtie2Index/genome -1 /data/shamsaddinisha/jfarber-20160119-P1/spsingh-20190308-E1/spsingh-20190521-D1/mm10/Ccl20-_T/pre_process/AB3831-L1.R1.processed.fastq -2 /data/shamsaddinisha/jfarber-20160119-P1/spsingh-20190308-E1/spsingh-20190521-D1/mm10/Ccl20-_T/pre_process/AB3831-L1.R2.processed.fastq 2> /data/shamsaddinisha/jfarber-20160119-P1/spsingh-20190308-E1/spsingh-20190521-D1/mm10/Ccl20-_T/report/alignment/AB3831-L1.alignment.txt | samtools sort --threads 30 -m 2G -O bam -T /data/shamsaddinisha/jfarber-20160119-P1/spsingh-20190308-E1/spsingh-20190521-D1/mm10/Ccl20-_T/alignment/AB3831-L1 -o /data/shamsaddinisha/jfarber-20160119-P1/spsingh-20190308-E1/spsingh-20190521-D1/mm10/Ccl20-_T/alignment/AB3831-L1.bam.tmp - 
#
java -Xms10000M -Xmx10000M -XX:ParallelGCThreads=30 -jar /usr/local/apps/picard/2.18.27/picard.jar MarkDuplicates INPUT=/data/shamsaddinisha/jfarber-20160119-P1/spsingh-20190308-E1/spsingh-20190521-D1/mm10/Ccl20-_T/alignment/AB3831-L1.bam.tmp OUTPUT=/data/shamsaddinisha/jfarber-20160119-P1/spsingh-20190308-E1/spsingh-20190521-D1/mm10/Ccl20-_T/alignment/AB3831-L1.bam TMP_DIR=/lscratch/27137787 METRICS_FILE=/data/shamsaddinisha/jfarber-20160119-P1/spsingh-20190308-E1/spsingh-20190521-D1/mm10/Ccl20-_T/report/alignment/AB3831-L1.picard.txt VALIDATION_STRINGENCY=LENIENT ASSUME_SORT_ORDER=coordinate REMOVE_DUPLICATES=false
#
samtools index -@ 30 -b /data/shamsaddinisha/jfarber-20160119-P1/spsingh-20190308-E1/spsingh-20190521-D1/mm10/Ccl20-_T/alignment/AB3831-L1.bam
#
samtools flagstat --threads 30 /data/shamsaddinisha/jfarber-20160119-P1/spsingh-20190308-E1/spsingh-20190521-D1/mm10/Ccl20-_T/alignment/AB3831-L1.bam > /data/shamsaddinisha/jfarber-20160119-P1/spsingh-20190308-E1/spsingh-20190521-D1/mm10/Ccl20-_T/report/alignment/AB3831-L1.samtools.txt
#
rm -rf /data/shamsaddinisha/jfarber-20160119-P1/spsingh-20190308-E1/spsingh-20190521-D1/mm10/Ccl20-_T/alignment/AB3831-L1.bam.tmp
#
fastqc -o /data/shamsaddinisha/jfarber-20160119-P1/spsingh-20190308-E1/spsingh-20190521-D1/mm10/Ccl20-_T/report/alignment -f bam --threads 30 /data/shamsaddinisha/jfarber-20160119-P1/spsingh-20190308-E1/spsingh-20190521-D1/mm10/Ccl20-_T/alignment/AB3831-L1.bam
#
qualimap bamqc -bam /data/shamsaddinisha/jfarber-20160119-P1/spsingh-20190308-E1/spsingh-20190521-D1/mm10/Ccl20-_T/alignment/AB3831-L1.bam -nt 30 --genome-gc-distr MOUSE - mm10 -hm 3 -nr 100 -nw 400 -outformat HTML --skip-dup-mode 1 --java-mem-size=10G -outdir /data/shamsaddinisha/jfarber-20160119-P1/spsingh-20190308-E1/spsingh-20190521-D1/mm10/Ccl20-_T/report/alignment/AB3831-L1_qualimap
#
python ./Python_Script/bamChipQC.py --infile /data/shamsaddinisha/jfarber-20160119-P1/spsingh-20190308-E1/spsingh-20190521-D1/mm10/Ccl20-_T/alignment/AB3831-L1.bam --outfile /data/shamsaddinisha/jfarber-20160119-P1/spsingh-20190308-E1/spsingh-20190521-D1/mm10/Ccl20-_T/report/alignment/AB3831-L1_PBC.txt --cores 30
#
EXECUTING....
#
[bam_sort_core] merging from 0 files and 30 in-memory blocks...
INFO	2019-05-22 14:59:16	MarkDuplicates	

********** NOTE: Picard's command line syntax is changing.
**********
********** For more information, please see:
********** https://github.com/broadinstitute/picard/wiki/Command-Line-Syntax-Transition-For-Users-(Pre-Transition)
**********
********** The command line looks like this in the new syntax:
**********
**********    MarkDuplicates -INPUT /data/shamsaddinisha/jfarber-20160119-P1/spsingh-20190308-E1/spsingh-20190521-D1/mm10/Ccl20-_T/alignment/AB3831-L1.bam.tmp -OUTPUT /data/shamsaddinisha/jfarber-20160119-P1/spsingh-20190308-E1/spsingh-20190521-D1/mm10/Ccl20-_T/alignment/AB3831-L1.bam -METRICS_FILE /data/shamsaddinisha/jfarber-20160119-P1/spsingh-20190308-E1/spsingh-20190521-D1/mm10/Ccl20-_T/report/alignment/AB3831-L1.picard.txt -VALIDATION_STRINGENCY LENIENT -ASSUME_SORT_ORDER coordinate -REMOVE_DUPLICATES false
**********


14:59:17.076 INFO  NativeLibraryLoader - Loading libgkl_compression.so from jar:file:/usr/local/apps/picard/2.18.27/picard.jar!/com/intel/gkl/native/libgkl_compression.so
[Wed May 22 14:59:17 EDT 2019] MarkDuplicates INPUT=[/data/shamsaddinisha/jfarber-20160119-P1/spsingh-20190308-E1/spsingh-20190521-D1/mm10/Ccl20-_T/alignment/AB3831-L1.bam.tmp] OUTPUT=/data/shamsaddinisha/jfarber-20160119-P1/spsingh-20190308-E1/spsingh-20190521-D1/mm10/Ccl20-_T/alignment/AB3831-L1.bam METRICS_FILE=/data/shamsaddinisha/jfarber-20160119-P1/spsingh-20190308-E1/spsingh-20190521-D1/mm10/Ccl20-_T/report/alignment/AB3831-L1.picard.txt REMOVE_DUPLICATES=false ASSUME_SORT_ORDER=coordinate VALIDATION_STRINGENCY=LENIENT    MAX_SEQUENCES_FOR_DISK_READ_ENDS_MAP=50000 MAX_FILE_HANDLES_FOR_READ_ENDS_MAP=8000 SORTING_COLLECTION_SIZE_RATIO=0.25 TAG_DUPLICATE_SET_MEMBERS=false REMOVE_SEQUENCING_DUPLICATES=false TAGGING_POLICY=DontTag CLEAR_DT=true DUPLEX_UMI=false ADD_PG_TAG_TO_READS=true ASSUME_SORTED=false DUPLICATE_SCORING_STRATEGY=SUM_OF_BASE_QUALITIES PROGRAM_RECORD_ID=MarkDuplicates PROGRAM_GROUP_NAME=MarkDuplicates READ_NAME_REGEX=<optimized capture of last three ':' separated fields as numeric values> OPTICAL_DUPLICATE_PIXEL_DISTANCE=100 MAX_OPTICAL_DUPLICATE_SET_SIZE=300000 VERBOSITY=INFO QUIET=false COMPRESSION_LEVEL=5 MAX_RECORDS_IN_RAM=500000 CREATE_INDEX=false CREATE_MD5_FILE=false GA4GH_CLIENT_SECRETS=client_secrets.json USE_JDK_DEFLATER=false USE_JDK_INFLATER=false
[Wed May 22 14:59:17 EDT 2019] Executing as shamsaddinisha@cn2086 on Linux 3.10.0-862.14.4.el7.x86_64 amd64; Java HotSpot(TM) 64-Bit Server VM 12.0.1+12; Deflater: Intel; Inflater: Intel; Provider GCS is not available; Picard version: 2.18.27-SNAPSHOT
INFO	2019-05-22 14:59:17	MarkDuplicates	Start of doWork freeMemory: 10475065864; totalMemory: 10485760000; maxMemory: 10485760000
INFO	2019-05-22 14:59:17	MarkDuplicates	Reading input file and constructing read end information.
INFO	2019-05-22 14:59:17	MarkDuplicates	Will retain up to 37991884 data points before spilling to disk.
INFO	2019-05-22 14:59:21	MarkDuplicates	Read     1,000,000 records.  Elapsed time: 00:00:04s.  Time for last 1,000,000:    4s.  Last read position: chr10:21,303,825
INFO	2019-05-22 14:59:21	MarkDuplicates	Tracking 1241 as yet unmatched pairs. 55 records in RAM.
INFO	2019-05-22 14:59:25	MarkDuplicates	Read     2,000,000 records.  Elapsed time: 00:00:07s.  Time for last 1,000,000:    3s.  Last read position: chr10:38,317,469
INFO	2019-05-22 14:59:25	MarkDuplicates	Tracking 1871 as yet unmatched pairs. 66 records in RAM.
INFO	2019-05-22 14:59:28	MarkDuplicates	Read     3,000,000 records.  Elapsed time: 00:00:11s.  Time for last 1,000,000:    3s.  Last read position: chr10:55,170,306
INFO	2019-05-22 14:59:28	MarkDuplicates	Tracking 2413 as yet unmatched pairs. 85 records in RAM.
INFO	2019-05-22 14:59:32	MarkDuplicates	Read     4,000,000 records.  Elapsed time: 00:00:14s.  Time for last 1,000,000:    3s.  Last read position: chr10:75,212,077
INFO	2019-05-22 14:59:32	MarkDuplicates	Tracking 3298 as yet unmatched pairs. 148 records in RAM.
INFO	2019-05-22 14:59:35	MarkDuplicates	Read     5,000,000 records.  Elapsed time: 00:00:18s.  Time for last 1,000,000:    3s.  Last read position: chr10:85,026,541
INFO	2019-05-22 14:59:35	MarkDuplicates	Tracking 3834 as yet unmatched pairs. 92 records in RAM.
INFO	2019-05-22 14:59:38	MarkDuplicates	Read     6,000,000 records.  Elapsed time: 00:00:21s.  Time for last 1,000,000:    3s.  Last read position: chr10:96,169,783
INFO	2019-05-22 14:59:38	MarkDuplicates	Tracking 4564 as yet unmatched pairs. 92 records in RAM.
INFO	2019-05-22 14:59:42	MarkDuplicates	Read     7,000,000 records.  Elapsed time: 00:00:25s.  Time for last 1,000,000:    3s.  Last read position: chr10:116,780,858
INFO	2019-05-22 14:59:42	MarkDuplicates	Tracking 5171 as yet unmatched pairs. 81 records in RAM.
INFO	2019-05-22 14:59:45	MarkDuplicates	Read     8,000,000 records.  Elapsed time: 00:00:28s.  Time for last 1,000,000:    3s.  Last read position: chr11:3,164,013
INFO	2019-05-22 14:59:45	MarkDuplicates	Tracking 7147 as yet unmatched pairs. 404 records in RAM.
INFO	2019-05-22 14:59:49	MarkDuplicates	Read     9,000,000 records.  Elapsed time: 00:00:32s.  Time for last 1,000,000:    3s.  Last read position: chr11:20,201,295
INFO	2019-05-22 14:59:49	MarkDuplicates	Tracking 7730 as yet unmatched pairs. 455 records in RAM.
INFO	2019-05-22 14:59:52	MarkDuplicates	Read    10,000,000 records.  Elapsed time: 00:00:35s.  Time for last 1,000,000:    3s.  Last read position: chr11:39,594,787
INFO	2019-05-22 14:59:52	MarkDuplicates	Tracking 8434 as yet unmatched pairs. 355 records in RAM.
INFO	2019-05-22 14:59:56	MarkDuplicates	Read    11,000,000 records.  Elapsed time: 00:00:39s.  Time for last 1,000,000:    3s.  Last read position: chr11:58,068,850
INFO	2019-05-22 14:59:56	MarkDuplicates	Tracking 9122 as yet unmatched pairs. 373 records in RAM.
INFO	2019-05-22 15:00:00	MarkDuplicates	Read    12,000,000 records.  Elapsed time: 00:00:42s.  Time for last 1,000,000:    3s.  Last read position: chr11:79,252,512
INFO	2019-05-22 15:00:00	MarkDuplicates	Tracking 10166 as yet unmatched pairs. 288 records in RAM.
INFO	2019-05-22 15:00:03	MarkDuplicates	Read    13,000,000 records.  Elapsed time: 00:00:46s.  Time for last 1,000,000:    3s.  Last read position: chr11:90,539,006
INFO	2019-05-22 15:00:03	MarkDuplicates	Tracking 10605 as yet unmatched pairs. 251 records in RAM.
INFO	2019-05-22 15:00:07	MarkDuplicates	Read    14,000,000 records.  Elapsed time: 00:00:49s.  Time for last 1,000,000:    3s.  Last read position: chr11:107,199,304
INFO	2019-05-22 15:00:07	MarkDuplicates	Tracking 11913 as yet unmatched pairs. 183 records in RAM.
INFO	2019-05-22 15:00:10	MarkDuplicates	Read    15,000,000 records.  Elapsed time: 00:00:53s.  Time for last 1,000,000:    3s.  Last read position: chr12:3,136,094
INFO	2019-05-22 15:00:10	MarkDuplicates	Tracking 13087 as yet unmatched pairs. 455 records in RAM.
INFO	2019-05-22 15:00:13	MarkDuplicates	Read    16,000,000 records.  Elapsed time: 00:00:56s.  Time for last 1,000,000:    3s.  Last read position: chr12:18,240,405
INFO	2019-05-22 15:00:13	MarkDuplicates	Tracking 13563 as yet unmatched pairs. 441 records in RAM.
INFO	2019-05-22 15:00:17	MarkDuplicates	Read    17,000,000 records.  Elapsed time: 00:00:59s.  Time for last 1,000,000:    3s.  Last read position: chr12:27,570,462
INFO	2019-05-22 15:00:17	MarkDuplicates	Tracking 13719 as yet unmatched pairs. 417 records in RAM.
INFO	2019-05-22 15:00:20	MarkDuplicates	Read    18,000,000 records.  Elapsed time: 00:01:03s.  Time for last 1,000,000:    3s.  Last read position: chr12:48,383,297
INFO	2019-05-22 15:00:20	MarkDuplicates	Tracking 14311 as yet unmatched pairs. 337 records in RAM.
INFO	2019-05-22 15:00:23	MarkDuplicates	Read    19,000,000 records.  Elapsed time: 00:01:06s.  Time for last 1,000,000:    3s.  Last read position: chr12:63,696,323
INFO	2019-05-22 15:00:23	MarkDuplicates	Tracking 14588 as yet unmatched pairs. 301 records in RAM.
INFO	2019-05-22 15:00:27	MarkDuplicates	Read    20,000,000 records.  Elapsed time: 00:01:10s.  Time for last 1,000,000:    3s.  Last read position: chr12:80,790,516
INFO	2019-05-22 15:00:27	MarkDuplicates	Tracking 15311 as yet unmatched pairs. 262 records in RAM.
INFO	2019-05-22 15:00:30	MarkDuplicates	Read    21,000,000 records.  Elapsed time: 00:01:13s.  Time for last 1,000,000:    3s.  Last read position: chr12:97,061,580
INFO	2019-05-22 15:00:30	MarkDuplicates	Tracking 20187 as yet unmatched pairs. 3877 records in RAM.
INFO	2019-05-22 15:00:34	MarkDuplicates	Read    22,000,000 records.  Elapsed time: 00:01:16s.  Time for last 1,000,000:    3s.  Last read position: chr12:112,934,382
INFO	2019-05-22 15:00:34	MarkDuplicates	Tracking 17552 as yet unmatched pairs. 21 records in RAM.
INFO	2019-05-22 15:00:37	MarkDuplicates	Read    23,000,000 records.  Elapsed time: 00:01:20s.  Time for last 1,000,000:    3s.  Last read position: chr13:9,966,268
INFO	2019-05-22 15:00:37	MarkDuplicates	Tracking 18460 as yet unmatched pairs. 687 records in RAM.
INFO	2019-05-22 15:00:41	MarkDuplicates	Read    24,000,000 records.  Elapsed time: 00:01:23s.  Time for last 1,000,000:    3s.  Last read position: chr13:24,791,504
INFO	2019-05-22 15:00:41	MarkDuplicates	Tracking 18793 as yet unmatched pairs. 674 records in RAM.
INFO	2019-05-22 15:00:44	MarkDuplicates	Read    25,000,000 records.  Elapsed time: 00:01:27s.  Time for last 1,000,000:    3s.  Last read position: chr13:46,579,914
INFO	2019-05-22 15:00:44	MarkDuplicates	Tracking 19946 as yet unmatched pairs. 451 records in RAM.
INFO	2019-05-22 15:00:48	MarkDuplicates	Read    26,000,000 records.  Elapsed time: 00:01:30s.  Time for last 1,000,000:    3s.  Last read position: chr13:64,478,567
INFO	2019-05-22 15:00:48	MarkDuplicates	Tracking 20473 as yet unmatched pairs. 333 records in RAM.
INFO	2019-05-22 15:00:51	MarkDuplicates	Read    27,000,000 records.  Elapsed time: 00:01:34s.  Time for last 1,000,000:    3s.  Last read position: chr13:77,918,355
INFO	2019-05-22 15:00:51	MarkDuplicates	Tracking 20778 as yet unmatched pairs. 274 records in RAM.
INFO	2019-05-22 15:00:54	MarkDuplicates	Read    28,000,000 records.  Elapsed time: 00:01:37s.  Time for last 1,000,000:    3s.  Last read position: chr13:85,127,026
INFO	2019-05-22 15:00:54	MarkDuplicates	Tracking 21045 as yet unmatched pairs. 245 records in RAM.
INFO	2019-05-22 15:00:57	MarkDuplicates	Read    29,000,000 records.  Elapsed time: 00:01:40s.  Time for last 1,000,000:    3s.  Last read position: chr13:92,967,850
INFO	2019-05-22 15:00:57	MarkDuplicates	Tracking 21310 as yet unmatched pairs. 213 records in RAM.
INFO	2019-05-22 15:01:01	MarkDuplicates	Read    30,000,000 records.  Elapsed time: 00:01:43s.  Time for last 1,000,000:    3s.  Last read position: chr13:113,275,173
INFO	2019-05-22 15:01:01	MarkDuplicates	Tracking 22131 as yet unmatched pairs. 38 records in RAM.
INFO	2019-05-22 15:01:04	MarkDuplicates	Read    31,000,000 records.  Elapsed time: 00:01:47s.  Time for last 1,000,000:    3s.  Last read position: chr14:6,348,106
INFO	2019-05-22 15:01:04	MarkDuplicates	Tracking 22433 as yet unmatched pairs. 1067 records in RAM.
INFO	2019-05-22 15:01:07	MarkDuplicates	Read    32,000,000 records.  Elapsed time: 00:01:50s.  Time for last 1,000,000:    3s.  Last read position: chr14:19,415,725
INFO	2019-05-22 15:01:07	MarkDuplicates	Tracking 32014 as yet unmatched pairs. 10336 records in RAM.
INFO	2019-05-22 15:01:10	MarkDuplicates	Read    33,000,000 records.  Elapsed time: 00:01:53s.  Time for last 1,000,000:    2s.  Last read position: chr14:19,416,419
INFO	2019-05-22 15:01:10	MarkDuplicates	Tracking 71624 as yet unmatched pairs. 49897 records in RAM.
INFO	2019-05-22 15:01:13	MarkDuplicates	Read    34,000,000 records.  Elapsed time: 00:01:56s.  Time for last 1,000,000:    2s.  Last read position: chr14:19,417,123
INFO	2019-05-22 15:01:13	MarkDuplicates	Tracking 82215 as yet unmatched pairs. 60472 records in RAM.
INFO	2019-05-22 15:01:16	MarkDuplicates	Read    35,000,000 records.  Elapsed time: 00:01:59s.  Time for last 1,000,000:    2s.  Last read position: chr14:19,417,532
INFO	2019-05-22 15:01:16	MarkDuplicates	Tracking 91924 as yet unmatched pairs. 70147 records in RAM.
INFO	2019-05-22 15:01:19	MarkDuplicates	Read    36,000,000 records.  Elapsed time: 00:02:02s.  Time for last 1,000,000:    2s.  Last read position: chr14:19,417,947
INFO	2019-05-22 15:01:19	MarkDuplicates	Tracking 95614 as yet unmatched pairs. 73822 records in RAM.
INFO	2019-05-22 15:01:22	MarkDuplicates	Read    37,000,000 records.  Elapsed time: 00:02:04s.  Time for last 1,000,000:    2s.  Last read position: chr14:19,418,479
INFO	2019-05-22 15:01:22	MarkDuplicates	Tracking 91172 as yet unmatched pairs. 69374 records in RAM.
INFO	2019-05-22 15:01:25	MarkDuplicates	Read    38,000,000 records.  Elapsed time: 00:02:07s.  Time for last 1,000,000:    2s.  Last read position: chr14:19,419,040
INFO	2019-05-22 15:01:25	MarkDuplicates	Tracking 50164 as yet unmatched pairs. 28330 records in RAM.
INFO	2019-05-22 15:01:28	MarkDuplicates	Read    39,000,000 records.  Elapsed time: 00:02:10s.  Time for last 1,000,000:    3s.  Last read position: chr14:23,169,030
INFO	2019-05-22 15:01:28	MarkDuplicates	Tracking 22775 as yet unmatched pairs. 852 records in RAM.
INFO	2019-05-22 15:01:31	MarkDuplicates	Read    40,000,000 records.  Elapsed time: 00:02:14s.  Time for last 1,000,000:    3s.  Last read position: chr14:42,070,553
INFO	2019-05-22 15:01:31	MarkDuplicates	Tracking 23113 as yet unmatched pairs. 820 records in RAM.
INFO	2019-05-22 15:01:34	MarkDuplicates	Read    41,000,000 records.  Elapsed time: 00:02:17s.  Time for last 1,000,000:    3s.  Last read position: chr14:51,645,906
INFO	2019-05-22 15:01:34	MarkDuplicates	Tracking 23668 as yet unmatched pairs. 643 records in RAM.
INFO	2019-05-22 15:01:38	MarkDuplicates	Read    42,000,000 records.  Elapsed time: 00:02:21s.  Time for last 1,000,000:    3s.  Last read position: chr14:71,784,853
INFO	2019-05-22 15:01:38	MarkDuplicates	Tracking 24332 as yet unmatched pairs. 368 records in RAM.
INFO	2019-05-22 15:01:41	MarkDuplicates	Read    43,000,000 records.  Elapsed time: 00:02:24s.  Time for last 1,000,000:    3s.  Last read position: chr14:92,726,000
INFO	2019-05-22 15:01:41	MarkDuplicates	Tracking 24625 as yet unmatched pairs. 232 records in RAM.
INFO	2019-05-22 15:01:45	MarkDuplicates	Read    44,000,000 records.  Elapsed time: 00:02:28s.  Time for last 1,000,000:    3s.  Last read position: chr14:112,440,648
INFO	2019-05-22 15:01:45	MarkDuplicates	Tracking 24894 as yet unmatched pairs. 133 records in RAM.
INFO	2019-05-22 15:01:48	MarkDuplicates	Read    45,000,000 records.  Elapsed time: 00:02:31s.  Time for last 1,000,000:    3s.  Last read position: chr15:9,399,980
INFO	2019-05-22 15:01:48	MarkDuplicates	Tracking 25250 as yet unmatched pairs. 1059 records in RAM.
INFO	2019-05-22 15:01:52	MarkDuplicates	Read    46,000,000 records.  Elapsed time: 00:02:35s.  Time for last 1,000,000:    3s.  Last read position: chr15:29,352,004
INFO	2019-05-22 15:01:52	MarkDuplicates	Tracking 25499 as yet unmatched pairs. 956 records in RAM.
INFO	2019-05-22 15:01:55	MarkDuplicates	Read    47,000,000 records.  Elapsed time: 00:02:38s.  Time for last 1,000,000:    3s.  Last read position: chr15:47,543,739
INFO	2019-05-22 15:01:55	MarkDuplicates	Tracking 25863 as yet unmatched pairs. 783 records in RAM.
INFO	2019-05-22 15:01:59	MarkDuplicates	Read    48,000,000 records.  Elapsed time: 00:02:42s.  Time for last 1,000,000:    3s.  Last read position: chr15:66,852,966
INFO	2019-05-22 15:01:59	MarkDuplicates	Tracking 26238 as yet unmatched pairs. 615 records in RAM.
INFO	2019-05-22 15:02:03	MarkDuplicates	Read    49,000,000 records.  Elapsed time: 00:02:45s.  Time for last 1,000,000:    3s.  Last read position: chr15:86,314,724
INFO	2019-05-22 15:02:03	MarkDuplicates	Tracking 26827 as yet unmatched pairs. 321 records in RAM.
INFO	2019-05-22 15:02:06	MarkDuplicates	Read    50,000,000 records.  Elapsed time: 00:02:49s.  Time for last 1,000,000:    3s.  Last read position: chr16:4,010,278
INFO	2019-05-22 15:02:06	MarkDuplicates	Tracking 27453 as yet unmatched pairs. 1026 records in RAM.
INFO	2019-05-22 15:02:10	MarkDuplicates	Read    51,000,000 records.  Elapsed time: 00:02:52s.  Time for last 1,000,000:    3s.  Last read position: chr16:21,155,505
INFO	2019-05-22 15:02:10	MarkDuplicates	Tracking 28188 as yet unmatched pairs. 867 records in RAM.
INFO	2019-05-22 15:02:13	MarkDuplicates	Read    52,000,000 records.  Elapsed time: 00:02:56s.  Time for last 1,000,000:    3s.  Last read position: chr16:43,281,203
INFO	2019-05-22 15:02:13	MarkDuplicates	Tracking 28676 as yet unmatched pairs. 525 records in RAM.
INFO	2019-05-22 15:02:17	MarkDuplicates	Read    53,000,000 records.  Elapsed time: 00:02:59s.  Time for last 1,000,000:    3s.  Last read position: chr16:61,652,144
INFO	2019-05-22 15:02:17	MarkDuplicates	Tracking 29000 as yet unmatched pairs. 359 records in RAM.
INFO	2019-05-22 15:02:20	MarkDuplicates	Read    54,000,000 records.  Elapsed time: 00:03:03s.  Time for last 1,000,000:    3s.  Last read position: chr16:83,088,107
INFO	2019-05-22 15:02:20	MarkDuplicates	Tracking 29206 as yet unmatched pairs. 237 records in RAM.
INFO	2019-05-22 15:02:24	MarkDuplicates	Read    55,000,000 records.  Elapsed time: 00:03:06s.  Time for last 1,000,000:    3s.  Last read position: chr17:5,395,236
INFO	2019-05-22 15:02:24	MarkDuplicates	Tracking 29704 as yet unmatched pairs. 1598 records in RAM.
INFO	2019-05-22 15:02:27	MarkDuplicates	Read    56,000,000 records.  Elapsed time: 00:03:10s.  Time for last 1,000,000:    3s.  Last read position: chr17:20,342,731
INFO	2019-05-22 15:02:27	MarkDuplicates	Tracking 29926 as yet unmatched pairs. 1438 records in RAM.
INFO	2019-05-22 15:02:31	MarkDuplicates	Read    57,000,000 records.  Elapsed time: 00:03:13s.  Time for last 1,000,000:    3s.  Last read position: chr17:35,916,719
INFO	2019-05-22 15:02:31	MarkDuplicates	Tracking 30363 as yet unmatched pairs. 1111 records in RAM.
INFO	2019-05-22 15:02:34	MarkDuplicates	Read    58,000,000 records.  Elapsed time: 00:03:17s.  Time for last 1,000,000:    3s.  Last read position: chr17:51,423,750
INFO	2019-05-22 15:02:34	MarkDuplicates	Tracking 30656 as yet unmatched pairs. 768 records in RAM.
INFO	2019-05-22 15:02:38	MarkDuplicates	Read    59,000,000 records.  Elapsed time: 00:03:20s.  Time for last 1,000,000:    3s.  Last read position: chr17:69,851,725
INFO	2019-05-22 15:02:38	MarkDuplicates	Tracking 30980 as yet unmatched pairs. 388 records in RAM.
INFO	2019-05-22 15:02:41	MarkDuplicates	Read    60,000,000 records.  Elapsed time: 00:03:24s.  Time for last 1,000,000:    3s.  Last read position: chr17:89,841,030
INFO	2019-05-22 15:02:41	MarkDuplicates	Tracking 31218 as yet unmatched pairs. 53 records in RAM.
INFO	2019-05-22 15:02:45	MarkDuplicates	Read    61,000,000 records.  Elapsed time: 00:03:27s.  Time for last 1,000,000:    3s.  Last read position: chr18:8,783,776
INFO	2019-05-22 15:02:45	MarkDuplicates	Tracking 31345 as yet unmatched pairs. 1311 records in RAM.
INFO	2019-05-22 15:02:48	MarkDuplicates	Read    62,000,000 records.  Elapsed time: 00:03:31s.  Time for last 1,000,000:    3s.  Last read position: chr18:26,696,094
INFO	2019-05-22 15:02:48	MarkDuplicates	Tracking 31507 as yet unmatched pairs. 1093 records in RAM.
INFO	2019-05-22 15:02:52	MarkDuplicates	Read    63,000,000 records.  Elapsed time: 00:03:34s.  Time for last 1,000,000:    3s.  Last read position: chr18:47,123,993
INFO	2019-05-22 15:02:52	MarkDuplicates	Tracking 31800 as yet unmatched pairs. 706 records in RAM.
INFO	2019-05-22 15:02:55	MarkDuplicates	Read    64,000,000 records.  Elapsed time: 00:03:38s.  Time for last 1,000,000:    3s.  Last read position: chr18:65,119,927
INFO	2019-05-22 15:02:55	MarkDuplicates	Tracking 31948 as yet unmatched pairs. 486 records in RAM.
INFO	2019-05-22 15:02:58	MarkDuplicates	Read    65,000,000 records.  Elapsed time: 00:03:41s.  Time for last 1,000,000:    3s.  Last read position: chr18:82,367,737
INFO	2019-05-22 15:02:58	MarkDuplicates	Tracking 32344 as yet unmatched pairs. 148 records in RAM.
INFO	2019-05-22 15:03:02	MarkDuplicates	Read    66,000,000 records.  Elapsed time: 00:03:45s.  Time for last 1,000,000:    3s.  Last read position: chr19:10,136,231
INFO	2019-05-22 15:03:02	MarkDuplicates	Tracking 32386 as yet unmatched pairs. 890 records in RAM.
INFO	2019-05-22 15:03:06	MarkDuplicates	Read    67,000,000 records.  Elapsed time: 00:03:48s.  Time for last 1,000,000:    3s.  Last read position: chr19:31,441,365
INFO	2019-05-22 15:03:06	MarkDuplicates	Tracking 32637 as yet unmatched pairs. 502 records in RAM.
INFO	2019-05-22 15:03:09	MarkDuplicates	Read    68,000,000 records.  Elapsed time: 00:03:52s.  Time for last 1,000,000:    3s.  Last read position: chr19:50,957,564
INFO	2019-05-22 15:03:09	MarkDuplicates	Tracking 32810 as yet unmatched pairs. 143 records in RAM.
INFO	2019-05-22 15:03:13	MarkDuplicates	Read    69,000,000 records.  Elapsed time: 00:03:55s.  Time for last 1,000,000:    3s.  Last read position: chr1:10,434,902
INFO	2019-05-22 15:03:13	MarkDuplicates	Tracking 32904 as yet unmatched pairs. 3396 records in RAM.
INFO	2019-05-22 15:03:16	MarkDuplicates	Read    70,000,000 records.  Elapsed time: 00:03:59s.  Time for last 1,000,000:    3s.  Last read position: chr1:24,611,643
INFO	2019-05-22 15:03:16	MarkDuplicates	Tracking 49926 as yet unmatched pairs. 19431 records in RAM.
INFO	2019-05-22 15:03:19	MarkDuplicates	Read    71,000,000 records.  Elapsed time: 00:04:02s.  Time for last 1,000,000:    3s.  Last read position: chr1:24,612,357
INFO	2019-05-22 15:03:19	MarkDuplicates	Tracking 53212 as yet unmatched pairs. 17802 records in RAM.
INFO	2019-05-22 15:03:22	MarkDuplicates	Read    72,000,000 records.  Elapsed time: 00:04:05s.  Time for last 1,000,000:    3s.  Last read position: chr1:24,613,013
INFO	2019-05-22 15:03:22	MarkDuplicates	Tracking 57102 as yet unmatched pairs. 16144 records in RAM.
INFO	2019-05-22 15:03:26	MarkDuplicates	Read    73,000,000 records.  Elapsed time: 00:04:08s.  Time for last 1,000,000:    3s.  Last read position: chr1:24,613,673
INFO	2019-05-22 15:03:26	MarkDuplicates	Tracking 70800 as yet unmatched pairs. 24974 records in RAM.
INFO	2019-05-22 15:03:29	MarkDuplicates	Read    74,000,000 records.  Elapsed time: 00:04:11s.  Time for last 1,000,000:    3s.  Last read position: chr1:24,614,368
INFO	2019-05-22 15:03:29	MarkDuplicates	Tracking 72826 as yet unmatched pairs. 22229 records in RAM.
INFO	2019-05-22 15:03:32	MarkDuplicates	Read    75,000,000 records.  Elapsed time: 00:04:15s.  Time for last 1,000,000:    3s.  Last read position: chr1:24,615,061
INFO	2019-05-22 15:03:32	MarkDuplicates	Tracking 71435 as yet unmatched pairs. 16044 records in RAM.
INFO	2019-05-22 15:03:35	MarkDuplicates	Read    76,000,000 records.  Elapsed time: 00:04:18s.  Time for last 1,000,000:    3s.  Last read position: chr1:24,615,747
INFO	2019-05-22 15:03:35	MarkDuplicates	Tracking 80597 as yet unmatched pairs. 20059 records in RAM.
INFO	2019-05-22 15:03:38	MarkDuplicates	Read    77,000,000 records.  Elapsed time: 00:04:21s.  Time for last 1,000,000:    3s.  Last read position: chr1:32,855,382
INFO	2019-05-22 15:03:38	MarkDuplicates	Tracking 66595 as yet unmatched pairs. 2930 records in RAM.
INFO	2019-05-22 15:03:42	MarkDuplicates	Read    78,000,000 records.  Elapsed time: 00:04:24s.  Time for last 1,000,000:    3s.  Last read position: chr1:48,654,538
INFO	2019-05-22 15:03:42	MarkDuplicates	Tracking 66705 as yet unmatched pairs. 2709 records in RAM.
INFO	2019-05-22 15:03:45	MarkDuplicates	Read    79,000,000 records.  Elapsed time: 00:04:28s.  Time for last 1,000,000:    3s.  Last read position: chr1:65,421,182
INFO	2019-05-22 15:03:45	MarkDuplicates	Tracking 66958 as yet unmatched pairs. 2400 records in RAM.
INFO	2019-05-22 15:03:49	MarkDuplicates	Read    80,000,000 records.  Elapsed time: 00:04:31s.  Time for last 1,000,000:    3s.  Last read position: chr1:84,581,964
INFO	2019-05-22 15:03:49	MarkDuplicates	Tracking 67060 as yet unmatched pairs. 2010 records in RAM.
INFO	2019-05-22 15:03:52	MarkDuplicates	Read    81,000,000 records.  Elapsed time: 00:04:35s.  Time for last 1,000,000:    3s.  Last read position: chr1:100,309,678
INFO	2019-05-22 15:03:52	MarkDuplicates	Tracking 67156 as yet unmatched pairs. 1608 records in RAM.
INFO	2019-05-22 15:03:56	MarkDuplicates	Read    82,000,000 records.  Elapsed time: 00:04:38s.  Time for last 1,000,000:    3s.  Last read position: chr1:117,345,074
INFO	2019-05-22 15:03:56	MarkDuplicates	Tracking 67240 as yet unmatched pairs. 1419 records in RAM.
INFO	2019-05-22 15:03:59	MarkDuplicates	Read    83,000,000 records.  Elapsed time: 00:04:42s.  Time for last 1,000,000:    3s.  Last read position: chr1:132,791,172
INFO	2019-05-22 15:03:59	MarkDuplicates	Tracking 67534 as yet unmatched pairs. 1465 records in RAM.
INFO	2019-05-22 15:04:02	MarkDuplicates	Read    84,000,000 records.  Elapsed time: 00:04:45s.  Time for last 1,000,000:    3s.  Last read position: chr1:148,878,063
INFO	2019-05-22 15:04:02	MarkDuplicates	Tracking 67381 as yet unmatched pairs. 1058 records in RAM.
INFO	2019-05-22 15:04:06	MarkDuplicates	Read    85,000,000 records.  Elapsed time: 00:04:49s.  Time for last 1,000,000:    3s.  Last read position: chr1:169,604,138
INFO	2019-05-22 15:04:06	MarkDuplicates	Tracking 67545 as yet unmatched pairs. 571 records in RAM.
INFO	2019-05-22 15:04:09	MarkDuplicates	Read    86,000,000 records.  Elapsed time: 00:04:52s.  Time for last 1,000,000:    3s.  Last read position: chr1:188,978,337
INFO	2019-05-22 15:04:09	MarkDuplicates	Tracking 67665 as yet unmatched pairs. 340 records in RAM.
INFO	2019-05-22 15:04:13	MarkDuplicates	Read    87,000,000 records.  Elapsed time: 00:04:56s.  Time for last 1,000,000:    3s.  Last read position: chr2:14,085,998
INFO	2019-05-22 15:04:13	MarkDuplicates	Tracking 67654 as yet unmatched pairs. 5146 records in RAM.
INFO	2019-05-22 15:04:16	MarkDuplicates	Read    88,000,000 records.  Elapsed time: 00:04:59s.  Time for last 1,000,000:    3s.  Last read position: chr2:22,587,637
INFO	2019-05-22 15:04:16	MarkDuplicates	Tracking 68129 as yet unmatched pairs. 5117 records in RAM.
INFO	2019-05-22 15:04:19	MarkDuplicates	Read    89,000,000 records.  Elapsed time: 00:05:02s.  Time for last 1,000,000:    2s.  Last read position: chr2:22,588,327
INFO	2019-05-22 15:04:19	MarkDuplicates	Tracking 67680 as yet unmatched pairs. 3767 records in RAM.
INFO	2019-05-22 15:04:22	MarkDuplicates	Read    90,000,000 records.  Elapsed time: 00:05:05s.  Time for last 1,000,000:    2s.  Last read position: chr2:22,589,014
INFO	2019-05-22 15:04:22	MarkDuplicates	Tracking 69241 as yet unmatched pairs. 3796 records in RAM.
INFO	2019-05-22 15:04:25	MarkDuplicates	Read    91,000,000 records.  Elapsed time: 00:05:07s.  Time for last 1,000,000:    2s.  Last read position: chr2:22,589,694
INFO	2019-05-22 15:04:25	MarkDuplicates	Tracking 75400 as yet unmatched pairs. 7786 records in RAM.
INFO	2019-05-22 15:04:28	MarkDuplicates	Read    92,000,000 records.  Elapsed time: 00:05:10s.  Time for last 1,000,000:    2s.  Last read position: chr2:22,590,460
INFO	2019-05-22 15:04:28	MarkDuplicates	Tracking 72204 as yet unmatched pairs. 3701 records in RAM.
INFO	2019-05-22 15:04:31	MarkDuplicates	Read    93,000,000 records.  Elapsed time: 00:05:14s.  Time for last 1,000,000:    3s.  Last read position: chr2:40,729,450
INFO	2019-05-22 15:04:31	MarkDuplicates	Tracking 72305 as yet unmatched pairs. 3219 records in RAM.
INFO	2019-05-22 15:04:35	MarkDuplicates	Read    94,000,000 records.  Elapsed time: 00:05:17s.  Time for last 1,000,000:    3s.  Last read position: chr2:62,483,563
INFO	2019-05-22 15:04:35	MarkDuplicates	Tracking 72306 as yet unmatched pairs. 2974 records in RAM.
INFO	2019-05-22 15:04:38	MarkDuplicates	Read    95,000,000 records.  Elapsed time: 00:05:21s.  Time for last 1,000,000:    3s.  Last read position: chr2:81,982,777
INFO	2019-05-22 15:04:38	MarkDuplicates	Tracking 72900 as yet unmatched pairs. 2527 records in RAM.
INFO	2019-05-22 15:04:41	MarkDuplicates	Read    96,000,000 records.  Elapsed time: 00:05:24s.  Time for last 1,000,000:    3s.  Last read position: chr2:98,662,235
INFO	2019-05-22 15:04:41	MarkDuplicates	Tracking 75213 as yet unmatched pairs. 4485 records in RAM.
INFO	2019-05-22 15:04:44	MarkDuplicates	Read    97,000,000 records.  Elapsed time: 00:05:27s.  Time for last 1,000,000:    2s.  Last read position: chr2:98,662,612
INFO	2019-05-22 15:04:44	MarkDuplicates	Tracking 94977 as yet unmatched pairs. 24221 records in RAM.
INFO	2019-05-22 15:04:47	MarkDuplicates	Read    98,000,000 records.  Elapsed time: 00:05:30s.  Time for last 1,000,000:    3s.  Last read position: chr2:98,664,917
INFO	2019-05-22 15:04:47	MarkDuplicates	Tracking 73445 as yet unmatched pairs. 2659 records in RAM.
INFO	2019-05-22 15:04:50	MarkDuplicates	Read    99,000,000 records.  Elapsed time: 00:05:33s.  Time for last 1,000,000:    2s.  Last read position: chr2:98,666,545
INFO	2019-05-22 15:04:50	MarkDuplicates	Tracking 76082 as yet unmatched pairs. 5254 records in RAM.
INFO	2019-05-22 15:04:53	MarkDuplicates	Read   100,000,000 records.  Elapsed time: 00:05:36s.  Time for last 1,000,000:    2s.  Last read position: chr2:98,666,747
INFO	2019-05-22 15:04:53	MarkDuplicates	Tracking 174221 as yet unmatched pairs. 103353 records in RAM.
INFO	2019-05-22 15:04:56	MarkDuplicates	Read   101,000,000 records.  Elapsed time: 00:05:39s.  Time for last 1,000,000:    2s.  Last read position: chr2:98,666,929
INFO	2019-05-22 15:04:56	MarkDuplicates	Tracking 231951 as yet unmatched pairs. 161065 records in RAM.
INFO	2019-05-22 15:04:59	MarkDuplicates	Read   102,000,000 records.  Elapsed time: 00:05:42s.  Time for last 1,000,000:    2s.  Last read position: chr2:98,667,107
INFO	2019-05-22 15:04:59	MarkDuplicates	Tracking 175788 as yet unmatched pairs. 104837 records in RAM.
INFO	2019-05-22 15:05:02	MarkDuplicates	Read   103,000,000 records.  Elapsed time: 00:05:45s.  Time for last 1,000,000:    2s.  Last read position: chr2:98,667,299
INFO	2019-05-22 15:05:02	MarkDuplicates	Tracking 73048 as yet unmatched pairs. 2021 records in RAM.
INFO	2019-05-22 15:05:05	MarkDuplicates	Read   104,000,000 records.  Elapsed time: 00:05:48s.  Time for last 1,000,000:    3s.  Last read position: chr2:118,152,830
INFO	2019-05-22 15:05:05	MarkDuplicates	Tracking 72993 as yet unmatched pairs. 1724 records in RAM.
INFO	2019-05-22 15:05:31	MarkDuplicates	Read   105,000,000 records.  Elapsed time: 00:06:14s.  Time for last 1,000,000:   25s.  Last read position: chr2:138,842,515
INFO	2019-05-22 15:05:31	MarkDuplicates	Tracking 73012 as yet unmatched pairs. 1007 records in RAM.
INFO	2019-05-22 15:05:35	MarkDuplicates	Read   106,000,000 records.  Elapsed time: 00:06:17s.  Time for last 1,000,000:    3s.  Last read position: chr2:158,101,643
INFO	2019-05-22 15:05:35	MarkDuplicates	Tracking 72980 as yet unmatched pairs. 702 records in RAM.
INFO	2019-05-22 15:05:38	MarkDuplicates	Read   107,000,000 records.  Elapsed time: 00:06:21s.  Time for last 1,000,000:    3s.  Last read position: chr2:176,473,288
INFO	2019-05-22 15:05:38	MarkDuplicates	Tracking 72993 as yet unmatched pairs. 237 records in RAM.
INFO	2019-05-22 15:05:42	MarkDuplicates	Read   108,000,000 records.  Elapsed time: 00:06:24s.  Time for last 1,000,000:    3s.  Last read position: chr3:6,049,787
INFO	2019-05-22 15:05:42	MarkDuplicates	Tracking 72862 as yet unmatched pairs. 3269 records in RAM.
INFO	2019-05-22 15:05:45	MarkDuplicates	Read   109,000,000 records.  Elapsed time: 00:06:28s.  Time for last 1,000,000:    3s.  Last read position: chr3:19,638,707
INFO	2019-05-22 15:05:45	MarkDuplicates	Tracking 72796 as yet unmatched pairs. 3020 records in RAM.
INFO	2019-05-22 15:05:49	MarkDuplicates	Read   110,000,000 records.  Elapsed time: 00:06:31s.  Time for last 1,000,000:    3s.  Last read position: chr3:39,194,752
INFO	2019-05-22 15:05:49	MarkDuplicates	Tracking 72782 as yet unmatched pairs. 2777 records in RAM.
INFO	2019-05-22 15:05:52	MarkDuplicates	Read   111,000,000 records.  Elapsed time: 00:06:35s.  Time for last 1,000,000:    3s.  Last read position: chr3:58,815,940
INFO	2019-05-22 15:05:52	MarkDuplicates	Tracking 72741 as yet unmatched pairs. 2429 records in RAM.
INFO	2019-05-22 15:05:56	MarkDuplicates	Read   112,000,000 records.  Elapsed time: 00:06:38s.  Time for last 1,000,000:    3s.  Last read position: chr3:77,234,538
INFO	2019-05-22 15:05:56	MarkDuplicates	Tracking 72680 as yet unmatched pairs. 2170 records in RAM.
INFO	2019-05-22 15:05:59	MarkDuplicates	Read   113,000,000 records.  Elapsed time: 00:06:42s.  Time for last 1,000,000:    3s.  Last read position: chr3:93,689,969
INFO	2019-05-22 15:05:59	MarkDuplicates	Tracking 72595 as yet unmatched pairs. 1821 records in RAM.
INFO	2019-05-22 15:06:03	MarkDuplicates	Read   114,000,000 records.  Elapsed time: 00:06:45s.  Time for last 1,000,000:    3s.  Last read position: chr3:107,810,404
INFO	2019-05-22 15:06:03	MarkDuplicates	Tracking 72543 as yet unmatched pairs. 1398 records in RAM.
INFO	2019-05-22 15:06:06	MarkDuplicates	Read   115,000,000 records.  Elapsed time: 00:06:49s.  Time for last 1,000,000:    3s.  Last read position: chr3:125,204,379
INFO	2019-05-22 15:06:06	MarkDuplicates	Tracking 72452 as yet unmatched pairs. 1083 records in RAM.
INFO	2019-05-22 15:06:10	MarkDuplicates	Read   116,000,000 records.  Elapsed time: 00:06:52s.  Time for last 1,000,000:    3s.  Last read position: chr3:145,677,466
INFO	2019-05-22 15:06:10	MarkDuplicates	Tracking 72296 as yet unmatched pairs. 247 records in RAM.
INFO	2019-05-22 15:06:13	MarkDuplicates	Read   117,000,000 records.  Elapsed time: 00:06:56s.  Time for last 1,000,000:    3s.  Last read position: chr4:3,090,913
INFO	2019-05-22 15:06:13	MarkDuplicates	Tracking 72701 as yet unmatched pairs. 4986 records in RAM.
INFO	2019-05-22 15:06:17	MarkDuplicates	Read   118,000,000 records.  Elapsed time: 00:06:59s.  Time for last 1,000,000:    3s.  Last read position: chr4:15,845,267
INFO	2019-05-22 15:06:17	MarkDuplicates	Tracking 72114 as yet unmatched pairs. 4265 records in RAM.
INFO	2019-05-22 15:06:20	MarkDuplicates	Read   119,000,000 records.  Elapsed time: 00:07:03s.  Time for last 1,000,000:    3s.  Last read position: chr4:33,677,007
INFO	2019-05-22 15:06:20	MarkDuplicates	Tracking 72021 as yet unmatched pairs. 4037 records in RAM.
INFO	2019-05-22 15:06:23	MarkDuplicates	Read   120,000,000 records.  Elapsed time: 00:07:06s.  Time for last 1,000,000:    3s.  Last read position: chr4:51,009,951
INFO	2019-05-22 15:06:23	MarkDuplicates	Tracking 71900 as yet unmatched pairs. 3589 records in RAM.
INFO	2019-05-22 15:06:27	MarkDuplicates	Read   121,000,000 records.  Elapsed time: 00:07:09s.  Time for last 1,000,000:    3s.  Last read position: chr4:64,497,924
INFO	2019-05-22 15:06:27	MarkDuplicates	Tracking 71926 as yet unmatched pairs. 3433 records in RAM.
INFO	2019-05-22 15:06:30	MarkDuplicates	Read   122,000,000 records.  Elapsed time: 00:07:13s.  Time for last 1,000,000:    3s.  Last read position: chr4:80,002,429
INFO	2019-05-22 15:06:30	MarkDuplicates	Tracking 71746 as yet unmatched pairs. 3150 records in RAM.
INFO	2019-05-22 15:06:33	MarkDuplicates	Read   123,000,000 records.  Elapsed time: 00:07:16s.  Time for last 1,000,000:    2s.  Last read position: chr4:80,003,344
INFO	2019-05-22 15:06:33	MarkDuplicates	Tracking 72045 as yet unmatched pairs. 3118 records in RAM.
INFO	2019-05-22 15:06:36	MarkDuplicates	Read   124,000,000 records.  Elapsed time: 00:07:18s.  Time for last 1,000,000:    2s.  Last read position: chr4:80,004,227
INFO	2019-05-22 15:06:36	MarkDuplicates	Tracking 72180 as yet unmatched pairs. 3122 records in RAM.
INFO	2019-05-22 15:06:38	MarkDuplicates	Read   125,000,000 records.  Elapsed time: 00:07:21s.  Time for last 1,000,000:    2s.  Last read position: chr4:80,005,172
INFO	2019-05-22 15:06:38	MarkDuplicates	Tracking 72217 as yet unmatched pairs. 3119 records in RAM.
INFO	2019-05-22 15:06:42	MarkDuplicates	Read   126,000,000 records.  Elapsed time: 00:07:25s.  Time for last 1,000,000:    3s.  Last read position: chr4:97,148,784
INFO	2019-05-22 15:06:42	MarkDuplicates	Tracking 72037 as yet unmatched pairs. 2589 records in RAM.
INFO	2019-05-22 15:06:45	MarkDuplicates	Read   127,000,000 records.  Elapsed time: 00:07:28s.  Time for last 1,000,000:    3s.  Last read position: chr4:116,374,335
INFO	2019-05-22 15:06:45	MarkDuplicates	Tracking 71703 as yet unmatched pairs. 1730 records in RAM.
INFO	2019-05-22 15:06:49	MarkDuplicates	Read   128,000,000 records.  Elapsed time: 00:07:32s.  Time for last 1,000,000:    3s.  Last read position: chr4:134,907,400
INFO	2019-05-22 15:06:49	MarkDuplicates	Tracking 71348 as yet unmatched pairs. 926 records in RAM.
INFO	2019-05-22 15:06:52	MarkDuplicates	Read   129,000,000 records.  Elapsed time: 00:07:35s.  Time for last 1,000,000:    3s.  Last read position: chr4:147,272,335
INFO	2019-05-22 15:06:52	MarkDuplicates	Tracking 71174 as yet unmatched pairs. 436 records in RAM.
INFO	2019-05-22 15:06:56	MarkDuplicates	Read   130,000,000 records.  Elapsed time: 00:07:39s.  Time for last 1,000,000:    3s.  Last read position: chr5:7,276,838
INFO	2019-05-22 15:06:56	MarkDuplicates	Tracking 70920 as yet unmatched pairs. 6744 records in RAM.
INFO	2019-05-22 15:06:59	MarkDuplicates	Read   131,000,000 records.  Elapsed time: 00:07:42s.  Time for last 1,000,000:    3s.  Last read position: chr5:15,659,616
INFO	2019-05-22 15:06:59	MarkDuplicates	Tracking 70917 as yet unmatched pairs. 6622 records in RAM.
INFO	2019-05-22 15:07:03	MarkDuplicates	Read   132,000,000 records.  Elapsed time: 00:07:45s.  Time for last 1,000,000:    3s.  Last read position: chr5:32,863,291
INFO	2019-05-22 15:07:03	MarkDuplicates	Tracking 70713 as yet unmatched pairs. 6251 records in RAM.
INFO	2019-05-22 15:07:06	MarkDuplicates	Read   133,000,000 records.  Elapsed time: 00:07:49s.  Time for last 1,000,000:    3s.  Last read position: chr5:50,816,559
INFO	2019-05-22 15:07:06	MarkDuplicates	Tracking 70477 as yet unmatched pairs. 5743 records in RAM.
INFO	2019-05-22 15:07:09	MarkDuplicates	Read   134,000,000 records.  Elapsed time: 00:07:52s.  Time for last 1,000,000:    3s.  Last read position: chr5:62,231,640
INFO	2019-05-22 15:07:09	MarkDuplicates	Tracking 70399 as yet unmatched pairs. 5356 records in RAM.
INFO	2019-05-22 15:07:13	MarkDuplicates	Read   135,000,000 records.  Elapsed time: 00:07:56s.  Time for last 1,000,000:    3s.  Last read position: chr5:83,156,476
INFO	2019-05-22 15:07:13	MarkDuplicates	Tracking 70131 as yet unmatched pairs. 4886 records in RAM.
INFO	2019-05-22 15:07:16	MarkDuplicates	Read   136,000,000 records.  Elapsed time: 00:07:59s.  Time for last 1,000,000:    3s.  Last read position: chr5:94,227,515
INFO	2019-05-22 15:07:16	MarkDuplicates	Tracking 70112 as yet unmatched pairs. 4748 records in RAM.
INFO	2019-05-22 15:07:19	MarkDuplicates	Read   137,000,000 records.  Elapsed time: 00:08:02s.  Time for last 1,000,000:    3s.  Last read position: chr5:108,204,554
INFO	2019-05-22 15:07:19	MarkDuplicates	Tracking 69729 as yet unmatched pairs. 4066 records in RAM.
INFO	2019-05-22 15:07:23	MarkDuplicates	Read   138,000,000 records.  Elapsed time: 00:08:06s.  Time for last 1,000,000:    3s.  Last read position: chr5:128,241,318
INFO	2019-05-22 15:07:23	MarkDuplicates	Tracking 68892 as yet unmatched pairs. 2561 records in RAM.
INFO	2019-05-22 15:07:27	MarkDuplicates	Read   139,000,000 records.  Elapsed time: 00:08:09s.  Time for last 1,000,000:    3s.  Last read position: chr5:147,729,738
INFO	2019-05-22 15:07:27	MarkDuplicates	Tracking 67601 as yet unmatched pairs. 151 records in RAM.
INFO	2019-05-22 15:07:30	MarkDuplicates	Read   140,000,000 records.  Elapsed time: 00:08:13s.  Time for last 1,000,000:    3s.  Last read position: chr6:11,563,088
INFO	2019-05-22 15:07:30	MarkDuplicates	Tracking 67383 as yet unmatched pairs. 4253 records in RAM.
INFO	2019-05-22 15:07:33	MarkDuplicates	Read   141,000,000 records.  Elapsed time: 00:08:16s.  Time for last 1,000,000:    3s.  Last read position: chr6:30,930,043
INFO	2019-05-22 15:07:33	MarkDuplicates	Tracking 67123 as yet unmatched pairs. 3859 records in RAM.
INFO	2019-05-22 15:07:37	MarkDuplicates	Read   142,000,000 records.  Elapsed time: 00:08:20s.  Time for last 1,000,000:    3s.  Last read position: chr6:47,763,411
INFO	2019-05-22 15:07:37	MarkDuplicates	Tracking 66804 as yet unmatched pairs. 3427 records in RAM.
INFO	2019-05-22 15:07:40	MarkDuplicates	Read   143,000,000 records.  Elapsed time: 00:08:23s.  Time for last 1,000,000:    3s.  Last read position: chr6:66,488,025
INFO	2019-05-22 15:07:40	MarkDuplicates	Tracking 66260 as yet unmatched pairs. 2725 records in RAM.
INFO	2019-05-22 15:07:44	MarkDuplicates	Read   144,000,000 records.  Elapsed time: 00:08:26s.  Time for last 1,000,000:    3s.  Last read position: chr6:79,818,194
INFO	2019-05-22 15:07:44	MarkDuplicates	Tracking 66094 as yet unmatched pairs. 2464 records in RAM.
INFO	2019-05-22 15:07:47	MarkDuplicates	Read   145,000,000 records.  Elapsed time: 00:08:30s.  Time for last 1,000,000:    3s.  Last read position: chr6:99,624,657
INFO	2019-05-22 15:07:47	MarkDuplicates	Tracking 65545 as yet unmatched pairs. 1626 records in RAM.
INFO	2019-05-22 15:07:51	MarkDuplicates	Read   146,000,000 records.  Elapsed time: 00:08:33s.  Time for last 1,000,000:    3s.  Last read position: chr6:114,503,077
INFO	2019-05-22 15:07:51	MarkDuplicates	Tracking 65291 as yet unmatched pairs. 1269 records in RAM.
INFO	2019-05-22 15:07:54	MarkDuplicates	Read   147,000,000 records.  Elapsed time: 00:08:37s.  Time for last 1,000,000:    3s.  Last read position: chr6:130,437,097
INFO	2019-05-22 15:07:54	MarkDuplicates	Tracking 64857 as yet unmatched pairs. 628 records in RAM.
INFO	2019-05-22 15:07:58	MarkDuplicates	Read   148,000,000 records.  Elapsed time: 00:08:40s.  Time for last 1,000,000:    3s.  Last read position: chr6:148,014,193
INFO	2019-05-22 15:07:58	MarkDuplicates	Tracking 64505 as yet unmatched pairs. 108 records in RAM.
INFO	2019-05-22 15:08:01	MarkDuplicates	Read   149,000,000 records.  Elapsed time: 00:08:44s.  Time for last 1,000,000:    3s.  Last read position: chr7:11,100,345
INFO	2019-05-22 15:08:01	MarkDuplicates	Tracking 64250 as yet unmatched pairs. 5567 records in RAM.
INFO	2019-05-22 15:08:04	MarkDuplicates	Read   150,000,000 records.  Elapsed time: 00:08:47s.  Time for last 1,000,000:    3s.  Last read position: chr7:20,447,737
INFO	2019-05-22 15:08:04	MarkDuplicates	Tracking 64002 as yet unmatched pairs. 5228 records in RAM.
INFO	2019-05-22 15:08:08	MarkDuplicates	Read   151,000,000 records.  Elapsed time: 00:08:50s.  Time for last 1,000,000:    3s.  Last read position: chr7:28,312,298
INFO	2019-05-22 15:08:08	MarkDuplicates	Tracking 63806 as yet unmatched pairs. 4982 records in RAM.
INFO	2019-05-22 15:08:11	MarkDuplicates	Read   152,000,000 records.  Elapsed time: 00:08:54s.  Time for last 1,000,000:    3s.  Last read position: chr7:41,203,026
INFO	2019-05-22 15:08:11	MarkDuplicates	Tracking 63456 as yet unmatched pairs. 4508 records in RAM.
INFO	2019-05-22 15:08:15	MarkDuplicates	Read   153,000,000 records.  Elapsed time: 00:08:57s.  Time for last 1,000,000:    3s.  Last read position: chr7:56,852,412
INFO	2019-05-22 15:08:15	MarkDuplicates	Tracking 63093 as yet unmatched pairs. 4065 records in RAM.
INFO	2019-05-22 15:08:18	MarkDuplicates	Read   154,000,000 records.  Elapsed time: 00:09:01s.  Time for last 1,000,000:    3s.  Last read position: chr7:74,373,604
INFO	2019-05-22 15:08:18	MarkDuplicates	Tracking 62440 as yet unmatched pairs. 3243 records in RAM.
INFO	2019-05-22 15:08:22	MarkDuplicates	Read   155,000,000 records.  Elapsed time: 00:09:04s.  Time for last 1,000,000:    3s.  Last read position: chr7:92,795,370
INFO	2019-05-22 15:08:22	MarkDuplicates	Tracking 61746 as yet unmatched pairs. 2324 records in RAM.
INFO	2019-05-22 15:08:25	MarkDuplicates	Read   156,000,000 records.  Elapsed time: 00:09:08s.  Time for last 1,000,000:    3s.  Last read position: chr7:110,112,701
INFO	2019-05-22 15:08:25	MarkDuplicates	Tracking 61395 as yet unmatched pairs. 1882 records in RAM.
INFO	2019-05-22 15:08:29	MarkDuplicates	Read   157,000,000 records.  Elapsed time: 00:09:11s.  Time for last 1,000,000:    3s.  Last read position: chr7:130,340,308
INFO	2019-05-22 15:08:29	MarkDuplicates	Tracking 60694 as yet unmatched pairs. 1020 records in RAM.
INFO	2019-05-22 15:08:32	MarkDuplicates	Read   158,000,000 records.  Elapsed time: 00:09:15s.  Time for last 1,000,000:    3s.  Last read position: chr8:7,360,554
INFO	2019-05-22 15:08:32	MarkDuplicates	Tracking 59808 as yet unmatched pairs. 4470 records in RAM.
INFO	2019-05-22 15:08:36	MarkDuplicates	Read   159,000,000 records.  Elapsed time: 00:09:18s.  Time for last 1,000,000:    3s.  Last read position: chr8:21,165,045
INFO	2019-05-22 15:08:36	MarkDuplicates	Tracking 59532 as yet unmatched pairs. 4104 records in RAM.
INFO	2019-05-22 15:08:39	MarkDuplicates	Read   160,000,000 records.  Elapsed time: 00:09:22s.  Time for last 1,000,000:    3s.  Last read position: chr8:39,223,780
INFO	2019-05-22 15:08:39	MarkDuplicates	Tracking 59078 as yet unmatched pairs. 3547 records in RAM.
INFO	2019-05-22 15:08:43	MarkDuplicates	Read   161,000,000 records.  Elapsed time: 00:09:26s.  Time for last 1,000,000:    3s.  Last read position: chr8:58,433,568
INFO	2019-05-22 15:08:43	MarkDuplicates	Tracking 58657 as yet unmatched pairs. 3053 records in RAM.
INFO	2019-05-22 15:08:46	MarkDuplicates	Read   162,000,000 records.  Elapsed time: 00:09:29s.  Time for last 1,000,000:    3s.  Last read position: chr8:73,367,892
INFO	2019-05-22 15:08:46	MarkDuplicates	Tracking 58287 as yet unmatched pairs. 2626 records in RAM.
INFO	2019-05-22 15:08:50	MarkDuplicates	Read   163,000,000 records.  Elapsed time: 00:09:33s.  Time for last 1,000,000:    3s.  Last read position: chr8:92,966,329
INFO	2019-05-22 15:08:50	MarkDuplicates	Tracking 57799 as yet unmatched pairs. 2053 records in RAM.
INFO	2019-05-22 15:08:53	MarkDuplicates	Read   164,000,000 records.  Elapsed time: 00:09:36s.  Time for last 1,000,000:    3s.  Last read position: chr8:112,264,822
INFO	2019-05-22 15:08:53	MarkDuplicates	Tracking 57177 as yet unmatched pairs. 1298 records in RAM.
INFO	2019-05-22 15:08:57	MarkDuplicates	Read   165,000,000 records.  Elapsed time: 00:09:40s.  Time for last 1,000,000:    3s.  Last read position: chr9:3,000,405
INFO	2019-05-22 15:08:57	MarkDuplicates	Tracking 63538 as yet unmatched pairs. 12560 records in RAM.
INFO	2019-05-22 15:09:00	MarkDuplicates	Read   166,000,000 records.  Elapsed time: 00:09:42s.  Time for last 1,000,000:    2s.  Last read position: chr9:3,001,714
INFO	2019-05-22 15:09:00	MarkDuplicates	Tracking 76507 as yet unmatched pairs. 25529 records in RAM.
INFO	2019-05-22 15:09:03	MarkDuplicates	Read   167,000,000 records.  Elapsed time: 00:09:45s.  Time for last 1,000,000:    2s.  Last read position: chr9:3,005,881
INFO	2019-05-22 15:09:03	MarkDuplicates	Tracking 61736 as yet unmatched pairs. 10753 records in RAM.
INFO	2019-05-22 15:09:05	MarkDuplicates	Read   168,000,000 records.  Elapsed time: 00:09:48s.  Time for last 1,000,000:    2s.  Last read position: chr9:3,010,367
INFO	2019-05-22 15:09:05	MarkDuplicates	Tracking 59852 as yet unmatched pairs. 8864 records in RAM.
INFO	2019-05-22 15:09:08	MarkDuplicates	Read   169,000,000 records.  Elapsed time: 00:09:51s.  Time for last 1,000,000:    2s.  Last read position: chr9:3,017,103
INFO	2019-05-22 15:09:08	MarkDuplicates	Tracking 62027 as yet unmatched pairs. 11037 records in RAM.
INFO	2019-05-22 15:09:11	MarkDuplicates	Read   170,000,000 records.  Elapsed time: 00:09:54s.  Time for last 1,000,000:    2s.  Last read position: chr9:3,022,133
INFO	2019-05-22 15:09:11	MarkDuplicates	Tracking 61358 as yet unmatched pairs. 10366 records in RAM.
INFO	2019-05-22 15:09:14	MarkDuplicates	Read   171,000,000 records.  Elapsed time: 00:09:57s.  Time for last 1,000,000:    2s.  Last read position: chr9:3,025,875
INFO	2019-05-22 15:09:14	MarkDuplicates	Tracking 61180 as yet unmatched pairs. 10186 records in RAM.
INFO	2019-05-22 15:09:17	MarkDuplicates	Read   172,000,000 records.  Elapsed time: 00:10:00s.  Time for last 1,000,000:    2s.  Last read position: chr9:3,031,598
INFO	2019-05-22 15:09:17	MarkDuplicates	Tracking 63137 as yet unmatched pairs. 12142 records in RAM.
INFO	2019-05-22 15:09:20	MarkDuplicates	Read   173,000,000 records.  Elapsed time: 00:10:02s.  Time for last 1,000,000:    2s.  Last read position: chr9:3,038,025
INFO	2019-05-22 15:09:20	MarkDuplicates	Tracking 57396 as yet unmatched pairs. 6399 records in RAM.
INFO	2019-05-22 15:09:23	MarkDuplicates	Read   174,000,000 records.  Elapsed time: 00:10:06s.  Time for last 1,000,000:    3s.  Last read position: chr9:15,321,577
INFO	2019-05-22 15:09:23	MarkDuplicates	Tracking 55721 as yet unmatched pairs. 4658 records in RAM.
INFO	2019-05-22 15:09:26	MarkDuplicates	Read   175,000,000 records.  Elapsed time: 00:10:09s.  Time for last 1,000,000:    3s.  Last read position: chr9:26,531,574
INFO	2019-05-22 15:09:26	MarkDuplicates	Tracking 55304 as yet unmatched pairs. 4208 records in RAM.
INFO	2019-05-22 15:09:30	MarkDuplicates	Read   176,000,000 records.  Elapsed time: 00:10:12s.  Time for last 1,000,000:    3s.  Last read position: chr9:37,302,318
INFO	2019-05-22 15:09:30	MarkDuplicates	Tracking 55017 as yet unmatched pairs. 3896 records in RAM.
INFO	2019-05-22 15:09:33	MarkDuplicates	Read   177,000,000 records.  Elapsed time: 00:10:16s.  Time for last 1,000,000:    3s.  Last read position: chr9:60,634,852
INFO	2019-05-22 15:09:33	MarkDuplicates	Tracking 54320 as yet unmatched pairs. 3143 records in RAM.
INFO	2019-05-22 15:09:37	MarkDuplicates	Read   178,000,000 records.  Elapsed time: 00:10:20s.  Time for last 1,000,000:    3s.  Last read position: chr9:83,534,383
INFO	2019-05-22 15:09:37	MarkDuplicates	Tracking 53727 as yet unmatched pairs. 2491 records in RAM.
INFO	2019-05-22 15:09:40	MarkDuplicates	Read   179,000,000 records.  Elapsed time: 00:10:23s.  Time for last 1,000,000:    3s.  Last read position: chr9:96,791,792
INFO	2019-05-22 15:09:40	MarkDuplicates	Tracking 53147 as yet unmatched pairs. 1866 records in RAM.
INFO	2019-05-22 15:09:44	MarkDuplicates	Read   180,000,000 records.  Elapsed time: 00:10:26s.  Time for last 1,000,000:    3s.  Last read position: chr9:117,011,409
INFO	2019-05-22 15:09:44	MarkDuplicates	Tracking 52007 as yet unmatched pairs. 620 records in RAM.
INFO	2019-05-22 15:09:48	MarkDuplicates	Read   181,000,000 records.  Elapsed time: 00:10:31s.  Time for last 1,000,000:    4s.  Last read position: chrM:301
INFO	2019-05-22 15:09:48	MarkDuplicates	Tracking 119370 as yet unmatched pairs. 113702 records in RAM.
INFO	2019-05-22 15:09:52	MarkDuplicates	Read   182,000,000 records.  Elapsed time: 00:10:35s.  Time for last 1,000,000:    3s.  Last read position: chrM:1,029
INFO	2019-05-22 15:09:52	MarkDuplicates	Tracking 114227 as yet unmatched pairs. 108552 records in RAM.
INFO	2019-05-22 15:09:56	MarkDuplicates	Read   183,000,000 records.  Elapsed time: 00:10:38s.  Time for last 1,000,000:    3s.  Last read position: chrM:1,731
INFO	2019-05-22 15:09:56	MarkDuplicates	Tracking 116611 as yet unmatched pairs. 110927 records in RAM.
INFO	2019-05-22 15:09:59	MarkDuplicates	Read   184,000,000 records.  Elapsed time: 00:10:42s.  Time for last 1,000,000:    3s.  Last read position: chrM:2,473
INFO	2019-05-22 15:09:59	MarkDuplicates	Tracking 111882 as yet unmatched pairs. 106188 records in RAM.
INFO	2019-05-22 15:10:03	MarkDuplicates	Read   185,000,000 records.  Elapsed time: 00:10:46s.  Time for last 1,000,000:    3s.  Last read position: chrM:3,201
INFO	2019-05-22 15:10:03	MarkDuplicates	Tracking 109991 as yet unmatched pairs. 104293 records in RAM.
INFO	2019-05-22 15:10:07	MarkDuplicates	Read   186,000,000 records.  Elapsed time: 00:10:49s.  Time for last 1,000,000:    3s.  Last read position: chrM:3,953
INFO	2019-05-22 15:10:07	MarkDuplicates	Tracking 107103 as yet unmatched pairs. 101398 records in RAM.
INFO	2019-05-22 15:10:10	MarkDuplicates	Read   187,000,000 records.  Elapsed time: 00:10:53s.  Time for last 1,000,000:    3s.  Last read position: chrM:4,681
INFO	2019-05-22 15:10:10	MarkDuplicates	Tracking 143779 as yet unmatched pairs. 138064 records in RAM.
INFO	2019-05-22 15:10:14	MarkDuplicates	Read   188,000,000 records.  Elapsed time: 00:10:57s.  Time for last 1,000,000:    3s.  Last read position: chrM:5,390
INFO	2019-05-22 15:10:14	MarkDuplicates	Tracking 108124 as yet unmatched pairs. 102398 records in RAM.
INFO	2019-05-22 15:10:18	MarkDuplicates	Read   189,000,000 records.  Elapsed time: 00:11:00s.  Time for last 1,000,000:    3s.  Last read position: chrM:6,071
INFO	2019-05-22 15:10:18	MarkDuplicates	Tracking 118484 as yet unmatched pairs. 112752 records in RAM.
INFO	2019-05-22 15:10:21	MarkDuplicates	Read   190,000,000 records.  Elapsed time: 00:11:04s.  Time for last 1,000,000:    3s.  Last read position: chrM:6,743
INFO	2019-05-22 15:10:21	MarkDuplicates	Tracking 93154 as yet unmatched pairs. 87414 records in RAM.
INFO	2019-05-22 15:10:24	MarkDuplicates	Read   191,000,000 records.  Elapsed time: 00:11:07s.  Time for last 1,000,000:    3s.  Last read position: chrM:7,429
INFO	2019-05-22 15:10:24	MarkDuplicates	Tracking 83090 as yet unmatched pairs. 77348 records in RAM.
INFO	2019-05-22 15:10:27	MarkDuplicates	Read   192,000,000 records.  Elapsed time: 00:11:10s.  Time for last 1,000,000:    3s.  Last read position: chrM:8,126
INFO	2019-05-22 15:10:27	MarkDuplicates	Tracking 85167 as yet unmatched pairs. 79423 records in RAM.
INFO	2019-05-22 15:10:31	MarkDuplicates	Read   193,000,000 records.  Elapsed time: 00:11:13s.  Time for last 1,000,000:    3s.  Last read position: chrM:8,823
INFO	2019-05-22 15:10:31	MarkDuplicates	Tracking 81360 as yet unmatched pairs. 75613 records in RAM.
INFO	2019-05-22 15:10:55	MarkDuplicates	Read   194,000,000 records.  Elapsed time: 00:11:38s.  Time for last 1,000,000:   24s.  Last read position: chrM:9,472
INFO	2019-05-22 15:10:55	MarkDuplicates	Tracking 83198 as yet unmatched pairs. 77447 records in RAM.
INFO	2019-05-22 15:11:27	MarkDuplicates	Read   195,000,000 records.  Elapsed time: 00:12:09s.  Time for last 1,000,000:   31s.  Last read position: chrM:10,133
INFO	2019-05-22 15:11:27	MarkDuplicates	Tracking 65871 as yet unmatched pairs. 60117 records in RAM.
INFO	2019-05-22 15:11:30	MarkDuplicates	Read   196,000,000 records.  Elapsed time: 00:12:13s.  Time for last 1,000,000:    3s.  Last read position: chrM:10,845
INFO	2019-05-22 15:11:30	MarkDuplicates	Tracking 65360 as yet unmatched pairs. 59598 records in RAM.
INFO	2019-05-22 15:11:33	MarkDuplicates	Read   197,000,000 records.  Elapsed time: 00:12:16s.  Time for last 1,000,000:    3s.  Last read position: chrM:11,542
INFO	2019-05-22 15:11:33	MarkDuplicates	Tracking 91314 as yet unmatched pairs. 85546 records in RAM.
INFO	2019-05-22 15:11:37	MarkDuplicates	Read   198,000,000 records.  Elapsed time: 00:12:20s.  Time for last 1,000,000:    3s.  Last read position: chrM:12,220
INFO	2019-05-22 15:11:37	MarkDuplicates	Tracking 66099 as yet unmatched pairs. 60322 records in RAM.
INFO	2019-05-22 15:11:41	MarkDuplicates	Read   199,000,000 records.  Elapsed time: 00:12:24s.  Time for last 1,000,000:    3s.  Last read position: chrM:12,940
INFO	2019-05-22 15:11:41	MarkDuplicates	Tracking 57392 as yet unmatched pairs. 51609 records in RAM.
INFO	2019-05-22 15:11:45	MarkDuplicates	Read   200,000,000 records.  Elapsed time: 00:12:27s.  Time for last 1,000,000:    3s.  Last read position: chrM:13,678
INFO	2019-05-22 15:11:45	MarkDuplicates	Tracking 69762 as yet unmatched pairs. 63970 records in RAM.
INFO	2019-05-22 15:11:48	MarkDuplicates	Read   201,000,000 records.  Elapsed time: 00:12:31s.  Time for last 1,000,000:    3s.  Last read position: chrM:14,403
INFO	2019-05-22 15:11:48	MarkDuplicates	Tracking 76258 as yet unmatched pairs. 70453 records in RAM.
INFO	2019-05-22 15:11:52	MarkDuplicates	Read   202,000,000 records.  Elapsed time: 00:12:35s.  Time for last 1,000,000:    3s.  Last read position: chrM:15,168
INFO	2019-05-22 15:11:52	MarkDuplicates	Tracking 66718 as yet unmatched pairs. 60899 records in RAM.
INFO	2019-05-22 15:11:55	MarkDuplicates	Read   203,000,000 records.  Elapsed time: 00:12:38s.  Time for last 1,000,000:    3s.  Last read position: chrM:16,029
INFO	2019-05-22 15:11:55	MarkDuplicates	Tracking 63562 as yet unmatched pairs. 57727 records in RAM.
INFO	2019-05-22 15:11:59	MarkDuplicates	Read   204,000,000 records.  Elapsed time: 00:12:42s.  Time for last 1,000,000:    3s.  Last read position: chrX:10,126,116
INFO	2019-05-22 15:11:59	MarkDuplicates	Tracking 5429 as yet unmatched pairs. 4924 records in RAM.
INFO	2019-05-22 15:12:02	MarkDuplicates	Read   205,000,000 records.  Elapsed time: 00:12:45s.  Time for last 1,000,000:    3s.  Last read position: chrX:25,097,280
INFO	2019-05-22 15:12:02	MarkDuplicates	Tracking 5138 as yet unmatched pairs. 4629 records in RAM.
INFO	2019-05-22 15:12:06	MarkDuplicates	Read   206,000,000 records.  Elapsed time: 00:12:48s.  Time for last 1,000,000:    3s.  Last read position: chrX:31,931,333
INFO	2019-05-22 15:12:06	MarkDuplicates	Tracking 5056 as yet unmatched pairs. 4547 records in RAM.
INFO	2019-05-22 15:12:09	MarkDuplicates	Read   207,000,000 records.  Elapsed time: 00:12:52s.  Time for last 1,000,000:    3s.  Last read position: chrX:42,182,829
INFO	2019-05-22 15:12:09	MarkDuplicates	Tracking 4716 as yet unmatched pairs. 4202 records in RAM.
INFO	2019-05-22 15:12:12	MarkDuplicates	Read   208,000,000 records.  Elapsed time: 00:12:55s.  Time for last 1,000,000:    3s.  Last read position: chrX:58,548,100
INFO	2019-05-22 15:12:12	MarkDuplicates	Tracking 4425 as yet unmatched pairs. 3908 records in RAM.
INFO	2019-05-22 15:12:16	MarkDuplicates	Read   209,000,000 records.  Elapsed time: 00:12:58s.  Time for last 1,000,000:    3s.  Last read position: chrX:73,176,365
INFO	2019-05-22 15:12:16	MarkDuplicates	Tracking 4183 as yet unmatched pairs. 3664 records in RAM.
INFO	2019-05-22 15:12:19	MarkDuplicates	Read   210,000,000 records.  Elapsed time: 00:13:02s.  Time for last 1,000,000:    3s.  Last read position: chrX:86,928,480
INFO	2019-05-22 15:12:19	MarkDuplicates	Tracking 3796 as yet unmatched pairs. 3272 records in RAM.
INFO	2019-05-22 15:12:22	MarkDuplicates	Read   211,000,000 records.  Elapsed time: 00:13:05s.  Time for last 1,000,000:    3s.  Last read position: chrX:103,821,877
INFO	2019-05-22 15:12:22	MarkDuplicates	Tracking 2996 as yet unmatched pairs. 2471 records in RAM.
INFO	2019-05-22 15:12:26	MarkDuplicates	Read   212,000,000 records.  Elapsed time: 00:13:09s.  Time for last 1,000,000:    3s.  Last read position: chrX:119,595,777
INFO	2019-05-22 15:12:26	MarkDuplicates	Tracking 2478 as yet unmatched pairs. 1947 records in RAM.
INFO	2019-05-22 15:12:29	MarkDuplicates	Read   213,000,000 records.  Elapsed time: 00:13:12s.  Time for last 1,000,000:    3s.  Last read position: chrX:136,478,503
INFO	2019-05-22 15:12:29	MarkDuplicates	Tracking 2025 as yet unmatched pairs. 1485 records in RAM.
INFO	2019-05-22 15:12:33	MarkDuplicates	Read   214,000,000 records.  Elapsed time: 00:13:15s.  Time for last 1,000,000:    3s.  Last read position: chrX:151,029,012
INFO	2019-05-22 15:12:33	MarkDuplicates	Tracking 1119 as yet unmatched pairs. 576 records in RAM.
INFO	2019-05-22 15:12:36	MarkDuplicates	Read   215,000,000 records.  Elapsed time: 00:13:19s.  Time for last 1,000,000:    3s.  Last read position: chrX:169,102,799
INFO	2019-05-22 15:12:36	MarkDuplicates	Tracking 592 as yet unmatched pairs. 47 records in RAM.
INFO	2019-05-22 15:12:40	MarkDuplicates	Read   216,000,000 records.  Elapsed time: 00:13:22s.  Time for last 1,000,000:    3s.  Last read position: chrY:50,235,706
INFO	2019-05-22 15:12:40	MarkDuplicates	Tracking 241 as yet unmatched pairs. 241 records in RAM.
INFO	2019-05-22 15:12:41	MarkDuplicates	Read 216392598 records. 0 pairs never matched.
INFO	2019-05-22 15:12:51	MarkDuplicates	After buildSortedReadEndLists freeMemory: 10473469456; totalMemory: 10485760000; maxMemory: 10485760000
INFO	2019-05-22 15:12:51	MarkDuplicates	Will retain up to 327680000 duplicate indices before spilling to disk.
INFO	2019-05-22 15:12:51	MarkDuplicates	Traversing read pair information and detecting duplicates.
INFO	2019-05-22 15:12:51	SortingCollection	Creating merging iterator from 2 files
WARNING	2019-05-22 15:12:51	SortingCollection	There is not enough memory per file for buffering. Reading will be unbuffered.
INFO	2019-05-22 15:13:01	OpticalDuplicateFinder	Large duplicate set. size = 1065
INFO	2019-05-22 15:13:01	OpticalDuplicateFinder	compared         1,000 ReadEnds to others.  Elapsed time: 00:00:00s.  Time for last 1,000:    0s.  Last read position: 0:3,241
INFO	2019-05-22 15:13:16	MarkDuplicates	Traversing fragment information and detecting duplicates.
INFO	2019-05-22 15:13:16	SortingCollection	Creating merging iterator from 3 files
WARNING	2019-05-22 15:13:16	SortingCollection	There is not enough memory per file for buffering. Reading will be unbuffered.
INFO	2019-05-22 15:13:42	MarkDuplicates	Sorting list of duplicate records.
INFO	2019-05-22 15:13:44	MarkDuplicates	After generateDuplicateIndexes freeMemory: 7847971488; totalMemory: 10485760000; maxMemory: 10485760000
INFO	2019-05-22 15:13:44	MarkDuplicates	Marking 29849805 records as duplicates.
INFO	2019-05-22 15:13:44	MarkDuplicates	Found 72653 optical duplicate clusters.
INFO	2019-05-22 15:13:44	MarkDuplicates	Reads are assumed to be ordered by: coordinate
INFO	2019-05-22 15:19:16	MarkDuplicates	Written    10,000,000 records.  Elapsed time: 00:05:32s.  Time for last 10,000,000:  332s.  Last read position: chr11:39,594,787
INFO	2019-05-22 15:25:34	MarkDuplicates	Written    20,000,000 records.  Elapsed time: 00:11:49s.  Time for last 10,000,000:  377s.  Last read position: chr12:80,790,516
INFO	2019-05-22 15:32:23	MarkDuplicates	Written    30,000,000 records.  Elapsed time: 00:18:39s.  Time for last 10,000,000:  409s.  Last read position: chr13:113,275,173
INFO	2019-05-22 15:37:12	MarkDuplicates	Written    40,000,000 records.  Elapsed time: 00:23:28s.  Time for last 10,000,000:  289s.  Last read position: chr14:42,070,553
INFO	2019-05-22 15:41:03	MarkDuplicates	Written    50,000,000 records.  Elapsed time: 00:27:18s.  Time for last 10,000,000:  230s.  Last read position: chr16:4,010,278
INFO	2019-05-22 15:44:48	MarkDuplicates	Written    60,000,000 records.  Elapsed time: 00:31:03s.  Time for last 10,000,000:  224s.  Last read position: chr17:89,841,030
INFO	2019-05-22 15:49:22	MarkDuplicates	Written    70,000,000 records.  Elapsed time: 00:35:38s.  Time for last 10,000,000:  274s.  Last read position: chr1:24,611,643
INFO	2019-05-22 15:52:26	MarkDuplicates	Written    80,000,000 records.  Elapsed time: 00:38:42s.  Time for last 10,000,000:  183s.  Last read position: chr1:84,581,964
INFO	2019-05-22 15:55:24	MarkDuplicates	Written    90,000,000 records.  Elapsed time: 00:41:40s.  Time for last 10,000,000:  177s.  Last read position: chr2:22,589,014
INFO	2019-05-22 15:58:46	MarkDuplicates	Written   100,000,000 records.  Elapsed time: 00:45:01s.  Time for last 10,000,000:  201s.  Last read position: chr2:98,666,747
INFO	2019-05-22 16:01:57	MarkDuplicates	Written   110,000,000 records.  Elapsed time: 00:48:12s.  Time for last 10,000,000:  191s.  Last read position: chr3:39,194,752
INFO	2019-05-22 16:04:57	MarkDuplicates	Written   120,000,000 records.  Elapsed time: 00:51:13s.  Time for last 10,000,000:  180s.  Last read position: chr4:51,009,951
INFO	2019-05-22 16:08:44	MarkDuplicates	Written   130,000,000 records.  Elapsed time: 00:54:59s.  Time for last 10,000,000:  226s.  Last read position: chr5:7,276,838
INFO	2019-05-22 16:11:57	MarkDuplicates	Written   140,000,000 records.  Elapsed time: 00:58:12s.  Time for last 10,000,000:  192s.  Last read position: chr6:11,563,088
INFO	2019-05-22 16:14:55	MarkDuplicates	Written   150,000,000 records.  Elapsed time: 01:01:10s.  Time for last 10,000,000:  177s.  Last read position: chr7:20,447,737
INFO	2019-05-22 16:17:48	MarkDuplicates	Written   160,000,000 records.  Elapsed time: 01:04:03s.  Time for last 10,000,000:  172s.  Last read position: chr8:39,223,780
INFO	2019-05-22 16:20:15	MarkDuplicates	Written   170,000,000 records.  Elapsed time: 01:06:30s.  Time for last 10,000,000:  147s.  Last read position: chr9:3,022,133
INFO	2019-05-22 16:22:51	MarkDuplicates	Written   180,000,000 records.  Elapsed time: 01:09:06s.  Time for last 10,000,000:  155s.  Last read position: chr9:117,011,409
INFO	2019-05-22 16:25:09	MarkDuplicates	Written   190,000,000 records.  Elapsed time: 01:11:25s.  Time for last 10,000,000:  138s.  Last read position: chrM:6,743
INFO	2019-05-22 16:27:27	MarkDuplicates	Written   200,000,000 records.  Elapsed time: 01:13:42s.  Time for last 10,000,000:  137s.  Last read position: chrM:13,678
INFO	2019-05-22 16:30:10	MarkDuplicates	Written   210,000,000 records.  Elapsed time: 01:16:26s.  Time for last 10,000,000:  163s.  Last read position: chrX:86,928,480
INFO	2019-05-22 16:32:40	MarkDuplicates	Before output close freeMemory: 10474194584; totalMemory: 10485760000; maxMemory: 10485760000
INFO	2019-05-22 16:32:40	MarkDuplicates	After output close freeMemory: 10474194584; totalMemory: 10485760000; maxMemory: 10485760000
[Wed May 22 16:32:40 EDT 2019] picard.sam.markduplicates.MarkDuplicates done. Elapsed time: 93.39 minutes.
Runtime.totalMemory()=10485760000
Started analysis of AB3831-L1.bam
Approx 5% complete for AB3831-L1.bam
Approx 10% complete for AB3831-L1.bam
Approx 15% complete for AB3831-L1.bam
Approx 20% complete for AB3831-L1.bam
Approx 25% complete for AB3831-L1.bam
Approx 30% complete for AB3831-L1.bam
Approx 35% complete for AB3831-L1.bam
Approx 40% complete for AB3831-L1.bam
Approx 45% complete for AB3831-L1.bam
Approx 50% complete for AB3831-L1.bam
Approx 55% complete for AB3831-L1.bam
Approx 60% complete for AB3831-L1.bam
Approx 65% complete for AB3831-L1.bam
Approx 70% complete for AB3831-L1.bam
Approx 75% complete for AB3831-L1.bam
Approx 80% complete for AB3831-L1.bam
Approx 85% complete for AB3831-L1.bam
Approx 90% complete for AB3831-L1.bam
Approx 95% complete for AB3831-L1.bam
Java HotSpot(TM) 64-Bit Server VM warning: Ignoring option MaxPermSize; support was removed in 8.0
[+] Loading python 2.7  ... 
[-] Unloading python 2.7  ... 
[+] Loading snakemake  5.4.4 
[+] Loading java 12.0.1  ... 
[+] Loading bowtie  2-2.3.5 
[+] Loading samtools 1.9  ... 
[+] Loading picard  2.18.27 
[+] Loading fastqc  0.11.8 
[+] Loading GSL 2.4 for GCC 7.2.0 ... 
[+] Loading gcc  7.3.0  ... 
[+] Loading openmpi 3.0.2  for GCC 7.3.0 
[+] Loading ImageMagick  7.0.8  on cn2086 
[+] Loading HDF5  1.10.4 
[+] Loading pandoc  2.1.1  on cn2086 
[+] Loading R 3.5.2 
[+] Loading qualimap  2.2.1  on cn2086 
#
DONE!!!!
#
ELAPSED TIME: 13535 seconds
------------------------------------------------------------------------------
[Wed May 22 17:43:05 2019]
Finished job 0.
1 of 1 steps (100%) done
