Building DAG of jobs...
Using shell: /usr/bin/bash
Provided cores: 30
Rules claiming more threads will be scaled down.
Unlimited resources: mem_mb
Job counts:
	count	jobs
	1	Alignment_Paired
	1

[Wed May 22 13:57:16 2019]
Job 0: Alignment_Paired: Ccl20-_T|AB3834-L1

[+] Loading bowtie  2-2.3.5 
[-] Unloading samtools 1.9  ... 
[+] Loading samtools 1.9  ... 
[+] Loading gcc  7.3.0  ... 
[+] Loading GSL 2.4 for GCC 7.2.0 ... 
[-] Unloading gcc  7.3.0  ... 
[+] Loading gcc  7.3.0  ... 
[+] Loading openmpi 3.0.2  for GCC 7.3.0 
[+] Loading ImageMagick  7.0.8  on cn3475 
[+] Loading HDF5  1.10.4 
[+] Loading pandoc  2.1.1  on cn3475 
[+] Loading R 3.5.2 
[-] Unloading gcc  7.3.0  ... 
[-] Unloading GSL 2.4 for GCC 7.2.0 ... 
[-] Unloading openmpi 3.0.2  for GCC 7.3.0 
[-] Unloading ImageMagick  7.0.8  on cn3475 
[-] Unloading HDF5  1.10.4 
[-] Unloading pandoc  2.1.1  on cn3475 
[-] Unloading R 3.5.2 
[+] Loading gcc  7.3.0  ... 
[+] Loading GSL 2.4 for GCC 7.2.0 ... 
[-] Unloading gcc  7.3.0  ... 
[+] Loading gcc  7.3.0  ... 
[+] Loading openmpi 3.0.2  for GCC 7.3.0 
[+] Loading ImageMagick  7.0.8  on cn3475 
[+] Loading HDF5  1.10.4 
[+] Loading pandoc  2.1.1  on cn3475 
[+] Loading R 3.5.2 
[+] Loading picard  2.18.27 
[+] Loading fastqc  0.11.8 
[+] Loading qualimap  2.2.1  on cn3475 
[-] Unloading gcc  7.3.0  ... 
[-] Unloading GSL 2.4 for GCC 7.2.0 ... 
[-] Unloading openmpi 3.0.2  for GCC 7.3.0 
[-] Unloading ImageMagick  7.0.8  on cn3475 
[-] Unloading HDF5  1.10.4 
[-] Unloading pandoc  2.1.1  on cn3475 
[-] Unloading R 3.5.2 
[+] Loading gcc  7.3.0  ... 
[+] Loading GSL 2.4 for GCC 7.2.0 ... 
[-] Unloading gcc  7.3.0  ... 
[+] Loading gcc  7.3.0  ... 
[+] Loading openmpi 3.0.2  for GCC 7.3.0 
[+] Loading ImageMagick  7.0.8  on cn3475 
[+] Loading HDF5  1.10.4 
[+] Loading pandoc  2.1.1  on cn3475 
[+] Loading R 3.5.2 
###################################- COMMANDLINE -############################
bowtie/2-2.3.5
samtools/1.9
picard/2.18.27
fastqc/0.11.8
qualimap/2.2.1
Alignment
#
INPUT1: /data/shamsaddinisha/jfarber-20160119-P1/spsingh-20190308-E1/spsingh-20190521-D1/mm10/Ccl20-_T/pre_process/AB3834-L1.R1.processed.fastq
INPUT2: /data/shamsaddinisha/jfarber-20160119-P1/spsingh-20190308-E1/spsingh-20190521-D1/mm10/Ccl20-_T/pre_process/AB3834-L1.R2.processed.fastq
#
OUTPUT1: /data/shamsaddinisha/jfarber-20160119-P1/spsingh-20190308-E1/spsingh-20190521-D1/mm10/Ccl20-_T/alignment/AB3834-L1.bam
OUTPUT2: /data/shamsaddinisha/jfarber-20160119-P1/spsingh-20190308-E1/spsingh-20190521-D1/mm10/Ccl20-_T/alignment/AB3834-L1.bam.bai
OUTPUT3: /data/shamsaddinisha/jfarber-20160119-P1/spsingh-20190308-E1/spsingh-20190521-D1/mm10/Ccl20-_T/report/alignment/AB3834-L1.alignment.txt
OUTPUT4: /data/shamsaddinisha/jfarber-20160119-P1/spsingh-20190308-E1/spsingh-20190521-D1/mm10/Ccl20-_T/report/alignment/AB3834-L1.picard.txt
OUTPUT5: /data/shamsaddinisha/jfarber-20160119-P1/spsingh-20190308-E1/spsingh-20190521-D1/mm10/Ccl20-_T/report/alignment/AB3834-L1.samtools.txt
++++++++++++++++++++++++++++++++++++++++++++++++++++++++++++++++++++++++++++++
bowtie2 -k 10 --mm --local -X 2000 --threads 30 -x /fdb/igenomes/Mus_musculus/UCSC/mm10/Sequence/Bowtie2Index/genome -1 /data/shamsaddinisha/jfarber-20160119-P1/spsingh-20190308-E1/spsingh-20190521-D1/mm10/Ccl20-_T/pre_process/AB3834-L1.R1.processed.fastq -2 /data/shamsaddinisha/jfarber-20160119-P1/spsingh-20190308-E1/spsingh-20190521-D1/mm10/Ccl20-_T/pre_process/AB3834-L1.R2.processed.fastq 2> /data/shamsaddinisha/jfarber-20160119-P1/spsingh-20190308-E1/spsingh-20190521-D1/mm10/Ccl20-_T/report/alignment/AB3834-L1.alignment.txt | samtools sort --threads 30 -m 2G -O bam -T /data/shamsaddinisha/jfarber-20160119-P1/spsingh-20190308-E1/spsingh-20190521-D1/mm10/Ccl20-_T/alignment/AB3834-L1 -o /data/shamsaddinisha/jfarber-20160119-P1/spsingh-20190308-E1/spsingh-20190521-D1/mm10/Ccl20-_T/alignment/AB3834-L1.bam.tmp - 
#
java -Xms10000M -Xmx10000M -XX:ParallelGCThreads=30 -jar /usr/local/apps/picard/2.18.27/picard.jar MarkDuplicates INPUT=/data/shamsaddinisha/jfarber-20160119-P1/spsingh-20190308-E1/spsingh-20190521-D1/mm10/Ccl20-_T/alignment/AB3834-L1.bam.tmp OUTPUT=/data/shamsaddinisha/jfarber-20160119-P1/spsingh-20190308-E1/spsingh-20190521-D1/mm10/Ccl20-_T/alignment/AB3834-L1.bam TMP_DIR=/lscratch/27137776 METRICS_FILE=/data/shamsaddinisha/jfarber-20160119-P1/spsingh-20190308-E1/spsingh-20190521-D1/mm10/Ccl20-_T/report/alignment/AB3834-L1.picard.txt VALIDATION_STRINGENCY=LENIENT ASSUME_SORT_ORDER=coordinate REMOVE_DUPLICATES=false
#
samtools index -@ 30 -b /data/shamsaddinisha/jfarber-20160119-P1/spsingh-20190308-E1/spsingh-20190521-D1/mm10/Ccl20-_T/alignment/AB3834-L1.bam
#
samtools flagstat --threads 30 /data/shamsaddinisha/jfarber-20160119-P1/spsingh-20190308-E1/spsingh-20190521-D1/mm10/Ccl20-_T/alignment/AB3834-L1.bam > /data/shamsaddinisha/jfarber-20160119-P1/spsingh-20190308-E1/spsingh-20190521-D1/mm10/Ccl20-_T/report/alignment/AB3834-L1.samtools.txt
#
rm -rf /data/shamsaddinisha/jfarber-20160119-P1/spsingh-20190308-E1/spsingh-20190521-D1/mm10/Ccl20-_T/alignment/AB3834-L1.bam.tmp
#
fastqc -o /data/shamsaddinisha/jfarber-20160119-P1/spsingh-20190308-E1/spsingh-20190521-D1/mm10/Ccl20-_T/report/alignment -f bam --threads 30 /data/shamsaddinisha/jfarber-20160119-P1/spsingh-20190308-E1/spsingh-20190521-D1/mm10/Ccl20-_T/alignment/AB3834-L1.bam
#
qualimap bamqc -bam /data/shamsaddinisha/jfarber-20160119-P1/spsingh-20190308-E1/spsingh-20190521-D1/mm10/Ccl20-_T/alignment/AB3834-L1.bam -nt 30 --genome-gc-distr MOUSE - mm10 -hm 3 -nr 100 -nw 400 -outformat HTML --skip-dup-mode 1 --java-mem-size=10G -outdir /data/shamsaddinisha/jfarber-20160119-P1/spsingh-20190308-E1/spsingh-20190521-D1/mm10/Ccl20-_T/report/alignment/AB3834-L1_qualimap
#
python ./Python_Script/bamChipQC.py --infile /data/shamsaddinisha/jfarber-20160119-P1/spsingh-20190308-E1/spsingh-20190521-D1/mm10/Ccl20-_T/alignment/AB3834-L1.bam --outfile /data/shamsaddinisha/jfarber-20160119-P1/spsingh-20190308-E1/spsingh-20190521-D1/mm10/Ccl20-_T/report/alignment/AB3834-L1_PBC.txt --cores 30
#
EXECUTING....
#
[bam_sort_core] merging from 0 files and 30 in-memory blocks...
INFO	2019-05-22 14:41:24	MarkDuplicates	

********** NOTE: Picard's command line syntax is changing.
**********
********** For more information, please see:
********** https://github.com/broadinstitute/picard/wiki/Command-Line-Syntax-Transition-For-Users-(Pre-Transition)
**********
********** The command line looks like this in the new syntax:
**********
**********    MarkDuplicates -INPUT /data/shamsaddinisha/jfarber-20160119-P1/spsingh-20190308-E1/spsingh-20190521-D1/mm10/Ccl20-_T/alignment/AB3834-L1.bam.tmp -OUTPUT /data/shamsaddinisha/jfarber-20160119-P1/spsingh-20190308-E1/spsingh-20190521-D1/mm10/Ccl20-_T/alignment/AB3834-L1.bam -METRICS_FILE /data/shamsaddinisha/jfarber-20160119-P1/spsingh-20190308-E1/spsingh-20190521-D1/mm10/Ccl20-_T/report/alignment/AB3834-L1.picard.txt -VALIDATION_STRINGENCY LENIENT -ASSUME_SORT_ORDER coordinate -REMOVE_DUPLICATES false
**********


14:41:25.103 INFO  NativeLibraryLoader - Loading libgkl_compression.so from jar:file:/usr/local/apps/picard/2.18.27/picard.jar!/com/intel/gkl/native/libgkl_compression.so
[Wed May 22 14:41:25 EDT 2019] MarkDuplicates INPUT=[/data/shamsaddinisha/jfarber-20160119-P1/spsingh-20190308-E1/spsingh-20190521-D1/mm10/Ccl20-_T/alignment/AB3834-L1.bam.tmp] OUTPUT=/data/shamsaddinisha/jfarber-20160119-P1/spsingh-20190308-E1/spsingh-20190521-D1/mm10/Ccl20-_T/alignment/AB3834-L1.bam METRICS_FILE=/data/shamsaddinisha/jfarber-20160119-P1/spsingh-20190308-E1/spsingh-20190521-D1/mm10/Ccl20-_T/report/alignment/AB3834-L1.picard.txt REMOVE_DUPLICATES=false ASSUME_SORT_ORDER=coordinate VALIDATION_STRINGENCY=LENIENT    MAX_SEQUENCES_FOR_DISK_READ_ENDS_MAP=50000 MAX_FILE_HANDLES_FOR_READ_ENDS_MAP=8000 SORTING_COLLECTION_SIZE_RATIO=0.25 TAG_DUPLICATE_SET_MEMBERS=false REMOVE_SEQUENCING_DUPLICATES=false TAGGING_POLICY=DontTag CLEAR_DT=true DUPLEX_UMI=false ADD_PG_TAG_TO_READS=true ASSUME_SORTED=false DUPLICATE_SCORING_STRATEGY=SUM_OF_BASE_QUALITIES PROGRAM_RECORD_ID=MarkDuplicates PROGRAM_GROUP_NAME=MarkDuplicates READ_NAME_REGEX=<optimized capture of last three ':' separated fields as numeric values> OPTICAL_DUPLICATE_PIXEL_DISTANCE=100 MAX_OPTICAL_DUPLICATE_SET_SIZE=300000 VERBOSITY=INFO QUIET=false COMPRESSION_LEVEL=5 MAX_RECORDS_IN_RAM=500000 CREATE_INDEX=false CREATE_MD5_FILE=false GA4GH_CLIENT_SECRETS=client_secrets.json USE_JDK_DEFLATER=false USE_JDK_INFLATER=false
[Wed May 22 14:41:25 EDT 2019] Executing as shamsaddinisha@cn3475 on Linux 3.10.0-862.14.4.el7.x86_64 amd64; Java HotSpot(TM) 64-Bit Server VM 12.0.1+12; Deflater: Intel; Inflater: Intel; Provider GCS is not available; Picard version: 2.18.27-SNAPSHOT
INFO	2019-05-22 14:41:25	MarkDuplicates	Start of doWork freeMemory: 10475065864; totalMemory: 10485760000; maxMemory: 10485760000
INFO	2019-05-22 14:41:25	MarkDuplicates	Reading input file and constructing read end information.
INFO	2019-05-22 14:41:25	MarkDuplicates	Will retain up to 37991884 data points before spilling to disk.
INFO	2019-05-22 14:41:29	MarkDuplicates	Read     1,000,000 records.  Elapsed time: 00:00:04s.  Time for last 1,000,000:    4s.  Last read position: chr10:31,723,883
INFO	2019-05-22 14:41:29	MarkDuplicates	Tracking 1550 as yet unmatched pairs. 70 records in RAM.
INFO	2019-05-22 14:41:33	MarkDuplicates	Read     2,000,000 records.  Elapsed time: 00:00:07s.  Time for last 1,000,000:    3s.  Last read position: chr10:58,255,524
INFO	2019-05-22 14:41:33	MarkDuplicates	Tracking 2164 as yet unmatched pairs. 130 records in RAM.
INFO	2019-05-22 14:41:37	MarkDuplicates	Read     3,000,000 records.  Elapsed time: 00:00:11s.  Time for last 1,000,000:    3s.  Last read position: chr10:85,026,003
INFO	2019-05-22 14:41:37	MarkDuplicates	Tracking 3193 as yet unmatched pairs. 97 records in RAM.
INFO	2019-05-22 14:41:40	MarkDuplicates	Read     4,000,000 records.  Elapsed time: 00:00:14s.  Time for last 1,000,000:    3s.  Last read position: chr10:96,077,792
INFO	2019-05-22 14:41:40	MarkDuplicates	Tracking 3912 as yet unmatched pairs. 87 records in RAM.
INFO	2019-05-22 14:41:44	MarkDuplicates	Read     5,000,000 records.  Elapsed time: 00:00:18s.  Time for last 1,000,000:    4s.  Last read position: chr10:126,881,151
INFO	2019-05-22 14:41:44	MarkDuplicates	Tracking 5673 as yet unmatched pairs. 8 records in RAM.
INFO	2019-05-22 14:41:48	MarkDuplicates	Read     6,000,000 records.  Elapsed time: 00:00:23s.  Time for last 1,000,000:    4s.  Last read position: chr11:21,840,536
INFO	2019-05-22 14:41:48	MarkDuplicates	Tracking 6521 as yet unmatched pairs. 247 records in RAM.
INFO	2019-05-22 14:41:52	MarkDuplicates	Read     7,000,000 records.  Elapsed time: 00:00:27s.  Time for last 1,000,000:    3s.  Last read position: chr11:50,165,782
INFO	2019-05-22 14:41:52	MarkDuplicates	Tracking 7401 as yet unmatched pairs. 237 records in RAM.
INFO	2019-05-22 14:41:56	MarkDuplicates	Read     8,000,000 records.  Elapsed time: 00:00:31s.  Time for last 1,000,000:    3s.  Last read position: chr11:85,868,570
INFO	2019-05-22 14:41:56	MarkDuplicates	Tracking 8779 as yet unmatched pairs. 189 records in RAM.
INFO	2019-05-22 14:41:59	MarkDuplicates	Read     9,000,000 records.  Elapsed time: 00:00:34s.  Time for last 1,000,000:    3s.  Last read position: chr11:99,091,800
INFO	2019-05-22 14:41:59	MarkDuplicates	Tracking 9273 as yet unmatched pairs. 169 records in RAM.
INFO	2019-05-22 14:42:03	MarkDuplicates	Read    10,000,000 records.  Elapsed time: 00:00:37s.  Time for last 1,000,000:    3s.  Last read position: chr12:4,077,436
INFO	2019-05-22 14:42:03	MarkDuplicates	Tracking 10993 as yet unmatched pairs. 380 records in RAM.
INFO	2019-05-22 14:42:06	MarkDuplicates	Read    11,000,000 records.  Elapsed time: 00:00:41s.  Time for last 1,000,000:    3s.  Last read position: chr12:23,597,985
INFO	2019-05-22 14:42:06	MarkDuplicates	Tracking 11377 as yet unmatched pairs. 373 records in RAM.
INFO	2019-05-22 14:42:10	MarkDuplicates	Read    12,000,000 records.  Elapsed time: 00:00:45s.  Time for last 1,000,000:    3s.  Last read position: chr12:55,299,522
INFO	2019-05-22 14:42:10	MarkDuplicates	Tracking 12038 as yet unmatched pairs. 266 records in RAM.
INFO	2019-05-22 14:42:13	MarkDuplicates	Read    13,000,000 records.  Elapsed time: 00:00:48s.  Time for last 1,000,000:    3s.  Last read position: chr12:77,522,348
INFO	2019-05-22 14:42:13	MarkDuplicates	Tracking 12407 as yet unmatched pairs. 187 records in RAM.
INFO	2019-05-22 14:42:17	MarkDuplicates	Read    14,000,000 records.  Elapsed time: 00:00:52s.  Time for last 1,000,000:    3s.  Last read position: chr12:99,674,455
INFO	2019-05-22 14:42:17	MarkDuplicates	Tracking 14009 as yet unmatched pairs. 104 records in RAM.
INFO	2019-05-22 14:42:20	MarkDuplicates	Read    15,000,000 records.  Elapsed time: 00:00:55s.  Time for last 1,000,000:    3s.  Last read position: chr13:8,190,029
INFO	2019-05-22 14:42:20	MarkDuplicates	Tracking 14762 as yet unmatched pairs. 613 records in RAM.
INFO	2019-05-22 14:42:24	MarkDuplicates	Read    16,000,000 records.  Elapsed time: 00:00:59s.  Time for last 1,000,000:    3s.  Last read position: chr13:33,852,039
INFO	2019-05-22 14:42:24	MarkDuplicates	Tracking 15620 as yet unmatched pairs. 512 records in RAM.
INFO	2019-05-22 14:42:28	MarkDuplicates	Read    17,000,000 records.  Elapsed time: 00:01:02s.  Time for last 1,000,000:    3s.  Last read position: chr13:65,531,538
INFO	2019-05-22 14:42:28	MarkDuplicates	Tracking 16837 as yet unmatched pairs. 281 records in RAM.
INFO	2019-05-22 14:42:31	MarkDuplicates	Read    18,000,000 records.  Elapsed time: 00:01:06s.  Time for last 1,000,000:    3s.  Last read position: chr13:85,126,708
INFO	2019-05-22 14:42:31	MarkDuplicates	Tracking 17136 as yet unmatched pairs. 192 records in RAM.
INFO	2019-05-22 14:42:34	MarkDuplicates	Read    19,000,000 records.  Elapsed time: 00:01:09s.  Time for last 1,000,000:    2s.  Last read position: chr13:89,637,121
INFO	2019-05-22 14:42:34	MarkDuplicates	Tracking 17464 as yet unmatched pairs. 183 records in RAM.
INFO	2019-05-22 14:42:37	MarkDuplicates	Read    20,000,000 records.  Elapsed time: 00:01:12s.  Time for last 1,000,000:    3s.  Last read position: chr14:3,015,809
INFO	2019-05-22 14:42:37	MarkDuplicates	Tracking 18293 as yet unmatched pairs. 744 records in RAM.
INFO	2019-05-22 14:42:41	MarkDuplicates	Read    21,000,000 records.  Elapsed time: 00:01:15s.  Time for last 1,000,000:    3s.  Last read position: chr14:19,415,731
INFO	2019-05-22 14:42:41	MarkDuplicates	Tracking 27238 as yet unmatched pairs. 9426 records in RAM.
INFO	2019-05-22 14:42:44	MarkDuplicates	Read    22,000,000 records.  Elapsed time: 00:01:18s.  Time for last 1,000,000:    2s.  Last read position: chr14:19,416,998
INFO	2019-05-22 14:42:44	MarkDuplicates	Tracking 52231 as yet unmatched pairs. 34391 records in RAM.
INFO	2019-05-22 14:42:47	MarkDuplicates	Read    23,000,000 records.  Elapsed time: 00:01:21s.  Time for last 1,000,000:    3s.  Last read position: chr14:19,417,815
INFO	2019-05-22 14:42:47	MarkDuplicates	Tracking 57883 as yet unmatched pairs. 40017 records in RAM.
INFO	2019-05-22 14:42:50	MarkDuplicates	Read    24,000,000 records.  Elapsed time: 00:01:24s.  Time for last 1,000,000:    2s.  Last read position: chr14:19,418,809
INFO	2019-05-22 14:42:50	MarkDuplicates	Tracking 42724 as yet unmatched pairs. 24833 records in RAM.
INFO	2019-05-22 14:42:53	MarkDuplicates	Read    25,000,000 records.  Elapsed time: 00:01:27s.  Time for last 1,000,000:    3s.  Last read position: chr14:30,391,063
INFO	2019-05-22 14:42:53	MarkDuplicates	Tracking 18713 as yet unmatched pairs. 629 records in RAM.
INFO	2019-05-22 14:42:56	MarkDuplicates	Read    26,000,000 records.  Elapsed time: 00:01:31s.  Time for last 1,000,000:    3s.  Last read position: chr14:49,932,711
INFO	2019-05-22 14:42:56	MarkDuplicates	Tracking 19443 as yet unmatched pairs. 458 records in RAM.
INFO	2019-05-22 14:43:00	MarkDuplicates	Read    27,000,000 records.  Elapsed time: 00:01:34s.  Time for last 1,000,000:    3s.  Last read position: chr14:81,324,902
INFO	2019-05-22 14:43:00	MarkDuplicates	Tracking 20205 as yet unmatched pairs. 210 records in RAM.
INFO	2019-05-22 14:43:03	MarkDuplicates	Read    28,000,000 records.  Elapsed time: 00:01:38s.  Time for last 1,000,000:    3s.  Last read position: chr14:113,084,990
INFO	2019-05-22 14:43:03	MarkDuplicates	Tracking 20495 as yet unmatched pairs. 100 records in RAM.
INFO	2019-05-22 14:43:07	MarkDuplicates	Read    29,000,000 records.  Elapsed time: 00:01:41s.  Time for last 1,000,000:    3s.  Last read position: chr15:21,832,363
INFO	2019-05-22 14:43:07	MarkDuplicates	Tracking 20881 as yet unmatched pairs. 758 records in RAM.
INFO	2019-05-22 14:43:10	MarkDuplicates	Read    30,000,000 records.  Elapsed time: 00:01:45s.  Time for last 1,000,000:    3s.  Last read position: chr15:52,544,352
INFO	2019-05-22 14:43:10	MarkDuplicates	Tracking 21325 as yet unmatched pairs. 613 records in RAM.
INFO	2019-05-22 14:43:14	MarkDuplicates	Read    31,000,000 records.  Elapsed time: 00:01:48s.  Time for last 1,000,000:    3s.  Last read position: chr15:82,929,048
INFO	2019-05-22 14:43:14	MarkDuplicates	Tracking 21971 as yet unmatched pairs. 339 records in RAM.
INFO	2019-05-22 14:43:17	MarkDuplicates	Read    32,000,000 records.  Elapsed time: 00:01:52s.  Time for last 1,000,000:    3s.  Last read position: chr16:13,345,068
INFO	2019-05-22 14:43:17	MarkDuplicates	Tracking 22926 as yet unmatched pairs. 780 records in RAM.
INFO	2019-05-22 14:43:21	MarkDuplicates	Read    33,000,000 records.  Elapsed time: 00:01:56s.  Time for last 1,000,000:    3s.  Last read position: chr16:42,914,627
INFO	2019-05-22 14:43:21	MarkDuplicates	Tracking 23551 as yet unmatched pairs. 465 records in RAM.
INFO	2019-05-22 14:43:24	MarkDuplicates	Read    34,000,000 records.  Elapsed time: 00:01:59s.  Time for last 1,000,000:    3s.  Last read position: chr16:73,758,470
INFO	2019-05-22 14:43:24	MarkDuplicates	Tracking 23973 as yet unmatched pairs. 258 records in RAM.
INFO	2019-05-22 14:43:28	MarkDuplicates	Read    35,000,000 records.  Elapsed time: 00:02:03s.  Time for last 1,000,000:    3s.  Last read position: chr17:6,827,974
INFO	2019-05-22 14:43:28	MarkDuplicates	Tracking 24626 as yet unmatched pairs. 1232 records in RAM.
INFO	2019-05-22 14:43:32	MarkDuplicates	Read    36,000,000 records.  Elapsed time: 00:02:06s.  Time for last 1,000,000:    3s.  Last read position: chr17:31,658,642
INFO	2019-05-22 14:43:32	MarkDuplicates	Tracking 24957 as yet unmatched pairs. 847 records in RAM.
INFO	2019-05-22 14:43:35	MarkDuplicates	Read    37,000,000 records.  Elapsed time: 00:02:10s.  Time for last 1,000,000:    3s.  Last read position: chr17:55,891,792
INFO	2019-05-22 14:43:35	MarkDuplicates	Tracking 25348 as yet unmatched pairs. 571 records in RAM.
INFO	2019-05-22 14:43:39	MarkDuplicates	Read    38,000,000 records.  Elapsed time: 00:02:13s.  Time for last 1,000,000:    3s.  Last read position: chr17:87,376,876
INFO	2019-05-22 14:43:39	MarkDuplicates	Tracking 25761 as yet unmatched pairs. 49 records in RAM.
INFO	2019-05-22 14:43:42	MarkDuplicates	Read    39,000,000 records.  Elapsed time: 00:02:17s.  Time for last 1,000,000:    3s.  Last read position: chr18:13,102,471
INFO	2019-05-22 14:43:42	MarkDuplicates	Tracking 25943 as yet unmatched pairs. 966 records in RAM.
INFO	2019-05-22 14:43:46	MarkDuplicates	Read    40,000,000 records.  Elapsed time: 00:02:20s.  Time for last 1,000,000:    3s.  Last read position: chr18:44,626,551
INFO	2019-05-22 14:43:46	MarkDuplicates	Tracking 26229 as yet unmatched pairs. 671 records in RAM.
INFO	2019-05-22 14:43:49	MarkDuplicates	Read    41,000,000 records.  Elapsed time: 00:02:24s.  Time for last 1,000,000:    3s.  Last read position: chr18:68,444,464
INFO	2019-05-22 14:43:49	MarkDuplicates	Tracking 26566 as yet unmatched pairs. 362 records in RAM.
INFO	2019-05-22 14:43:53	MarkDuplicates	Read    42,000,000 records.  Elapsed time: 00:02:27s.  Time for last 1,000,000:    3s.  Last read position: chr19:9,012,498
INFO	2019-05-22 14:43:53	MarkDuplicates	Tracking 26856 as yet unmatched pairs. 627 records in RAM.
INFO	2019-05-22 14:43:56	MarkDuplicates	Read    43,000,000 records.  Elapsed time: 00:02:31s.  Time for last 1,000,000:    3s.  Last read position: chr19:39,885,134
INFO	2019-05-22 14:43:56	MarkDuplicates	Tracking 27175 as yet unmatched pairs. 267 records in RAM.
INFO	2019-05-22 14:44:00	MarkDuplicates	Read    44,000,000 records.  Elapsed time: 00:02:35s.  Time for last 1,000,000:    3s.  Last read position: chr1:12,044,729
INFO	2019-05-22 14:44:00	MarkDuplicates	Tracking 27362 as yet unmatched pairs. 2698 records in RAM.
INFO	2019-05-22 14:44:03	MarkDuplicates	Read    45,000,000 records.  Elapsed time: 00:02:38s.  Time for last 1,000,000:    3s.  Last read position: chr1:24,611,933
INFO	2019-05-22 14:44:03	MarkDuplicates	Tracking 43029 as yet unmatched pairs. 15070 records in RAM.
INFO	2019-05-22 14:44:07	MarkDuplicates	Read    46,000,000 records.  Elapsed time: 00:02:41s.  Time for last 1,000,000:    3s.  Last read position: chr1:24,612,637
INFO	2019-05-22 14:44:07	MarkDuplicates	Tracking 45463 as yet unmatched pairs. 11191 records in RAM.
INFO	2019-05-22 14:44:10	MarkDuplicates	Read    47,000,000 records.  Elapsed time: 00:02:44s.  Time for last 1,000,000:    2s.  Last read position: chr1:24,613,271
INFO	2019-05-22 14:44:10	MarkDuplicates	Tracking 68279 as yet unmatched pairs. 30673 records in RAM.
INFO	2019-05-22 14:44:13	MarkDuplicates	Read    48,000,000 records.  Elapsed time: 00:02:48s.  Time for last 1,000,000:    3s.  Last read position: chr1:24,613,967
INFO	2019-05-22 14:44:13	MarkDuplicates	Tracking 57110 as yet unmatched pairs. 13360 records in RAM.
INFO	2019-05-22 14:44:16	MarkDuplicates	Read    49,000,000 records.  Elapsed time: 00:02:51s.  Time for last 1,000,000:    3s.  Last read position: chr1:24,614,667
INFO	2019-05-22 14:44:16	MarkDuplicates	Tracking 75131 as yet unmatched pairs. 26326 records in RAM.
INFO	2019-05-22 14:44:19	MarkDuplicates	Read    50,000,000 records.  Elapsed time: 00:02:54s.  Time for last 1,000,000:    3s.  Last read position: chr1:24,615,394
INFO	2019-05-22 14:44:19	MarkDuplicates	Tracking 70371 as yet unmatched pairs. 16212 records in RAM.
INFO	2019-05-22 14:44:22	MarkDuplicates	Read    51,000,000 records.  Elapsed time: 00:02:57s.  Time for last 1,000,000:    3s.  Last read position: chr1:24,616,130
INFO	2019-05-22 14:44:22	MarkDuplicates	Tracking 61423 as yet unmatched pairs. 2274 records in RAM.
INFO	2019-05-22 14:44:26	MarkDuplicates	Read    52,000,000 records.  Elapsed time: 00:03:01s.  Time for last 1,000,000:    3s.  Last read position: chr1:48,596,878
INFO	2019-05-22 14:44:26	MarkDuplicates	Tracking 61523 as yet unmatched pairs. 2044 records in RAM.
INFO	2019-05-22 14:44:30	MarkDuplicates	Read    53,000,000 records.  Elapsed time: 00:03:05s.  Time for last 1,000,000:    4s.  Last read position: chr1:71,567,915
INFO	2019-05-22 14:44:30	MarkDuplicates	Tracking 61779 as yet unmatched pairs. 1716 records in RAM.
INFO	2019-05-22 14:44:35	MarkDuplicates	Read    54,000,000 records.  Elapsed time: 00:03:09s.  Time for last 1,000,000:    4s.  Last read position: chr1:100,906,572
INFO	2019-05-22 14:44:35	MarkDuplicates	Tracking 62016 as yet unmatched pairs. 1218 records in RAM.
INFO	2019-05-22 14:44:38	MarkDuplicates	Read    55,000,000 records.  Elapsed time: 00:03:13s.  Time for last 1,000,000:    3s.  Last read position: chr1:130,486,301
INFO	2019-05-22 14:44:38	MarkDuplicates	Tracking 62097 as yet unmatched pairs. 1009 records in RAM.
INFO	2019-05-22 14:44:42	MarkDuplicates	Read    56,000,000 records.  Elapsed time: 00:03:16s.  Time for last 1,000,000:    3s.  Last read position: chr1:150,061,508
INFO	2019-05-22 14:44:42	MarkDuplicates	Tracking 62178 as yet unmatched pairs. 846 records in RAM.
INFO	2019-05-22 14:44:45	MarkDuplicates	Read    57,000,000 records.  Elapsed time: 00:03:20s.  Time for last 1,000,000:    3s.  Last read position: chr1:180,279,824
INFO	2019-05-22 14:44:45	MarkDuplicates	Tracking 62410 as yet unmatched pairs. 309 records in RAM.
INFO	2019-05-22 14:44:50	MarkDuplicates	Read    58,000,000 records.  Elapsed time: 00:03:25s.  Time for last 1,000,000:    4s.  Last read position: chr2:15,919,341
INFO	2019-05-22 14:44:50	MarkDuplicates	Tracking 62487 as yet unmatched pairs. 4329 records in RAM.
INFO	2019-05-22 14:44:53	MarkDuplicates	Read    59,000,000 records.  Elapsed time: 00:03:28s.  Time for last 1,000,000:    2s.  Last read position: chr2:22,587,846
INFO	2019-05-22 14:44:53	MarkDuplicates	Tracking 63564 as yet unmatched pairs. 4477 records in RAM.
INFO	2019-05-22 14:45:02	MarkDuplicates	Read    60,000,000 records.  Elapsed time: 00:03:37s.  Time for last 1,000,000:    9s.  Last read position: chr2:22,588,566
INFO	2019-05-22 14:45:02	MarkDuplicates	Tracking 62577 as yet unmatched pairs. 2938 records in RAM.
INFO	2019-05-22 14:45:05	MarkDuplicates	Read    61,000,000 records.  Elapsed time: 00:03:40s.  Time for last 1,000,000:    2s.  Last read position: chr2:22,589,320
INFO	2019-05-22 14:45:05	MarkDuplicates	Tracking 65209 as yet unmatched pairs. 3320 records in RAM.
INFO	2019-05-22 14:45:08	MarkDuplicates	Read    62,000,000 records.  Elapsed time: 00:03:43s.  Time for last 1,000,000:    2s.  Last read position: chr2:22,590,039
INFO	2019-05-22 14:45:08	MarkDuplicates	Tracking 66708 as yet unmatched pairs. 3029 records in RAM.
INFO	2019-05-22 14:45:11	MarkDuplicates	Read    63,000,000 records.  Elapsed time: 00:03:46s.  Time for last 1,000,000:    3s.  Last read position: chr2:35,082,484
INFO	2019-05-22 14:45:11	MarkDuplicates	Tracking 66862 as yet unmatched pairs. 2588 records in RAM.
INFO	2019-05-22 14:45:15	MarkDuplicates	Read    64,000,000 records.  Elapsed time: 00:03:50s.  Time for last 1,000,000:    3s.  Last read position: chr2:68,672,621
INFO	2019-05-22 14:45:15	MarkDuplicates	Tracking 66925 as yet unmatched pairs. 2259 records in RAM.
INFO	2019-05-22 14:45:20	MarkDuplicates	Read    65,000,000 records.  Elapsed time: 00:03:54s.  Time for last 1,000,000:    4s.  Last read position: chr2:95,024,839
INFO	2019-05-22 14:45:20	MarkDuplicates	Tracking 67594 as yet unmatched pairs. 1752 records in RAM.
INFO	2019-05-22 14:45:27	MarkDuplicates	Read    66,000,000 records.  Elapsed time: 00:04:02s.  Time for last 1,000,000:    7s.  Last read position: chr2:98,662,905
INFO	2019-05-22 14:45:27	MarkDuplicates	Tracking 72718 as yet unmatched pairs. 6802 records in RAM.
INFO	2019-05-22 14:45:30	MarkDuplicates	Read    67,000,000 records.  Elapsed time: 00:04:05s.  Time for last 1,000,000:    2s.  Last read position: chr2:98,666,461
INFO	2019-05-22 14:45:30	MarkDuplicates	Tracking 68751 as yet unmatched pairs. 2804 records in RAM.
INFO	2019-05-22 14:45:33	MarkDuplicates	Read    68,000,000 records.  Elapsed time: 00:04:07s.  Time for last 1,000,000:    2s.  Last read position: chr2:98,666,869
INFO	2019-05-22 14:45:33	MarkDuplicates	Tracking 150656 as yet unmatched pairs. 84682 records in RAM.
INFO	2019-05-22 14:45:36	MarkDuplicates	Read    69,000,000 records.  Elapsed time: 00:04:10s.  Time for last 1,000,000:    2s.  Last read position: chr2:98,667,180
INFO	2019-05-22 14:45:36	MarkDuplicates	Tracking 95428 as yet unmatched pairs. 29379 records in RAM.
INFO	2019-05-22 14:45:39	MarkDuplicates	Read    70,000,000 records.  Elapsed time: 00:04:14s.  Time for last 1,000,000:    3s.  Last read position: chr2:122,118,315
INFO	2019-05-22 14:45:39	MarkDuplicates	Tracking 67729 as yet unmatched pairs. 1272 records in RAM.
INFO	2019-05-22 14:45:45	MarkDuplicates	Read    71,000,000 records.  Elapsed time: 00:04:20s.  Time for last 1,000,000:    5s.  Last read position: chr2:153,263,503
INFO	2019-05-22 14:45:45	MarkDuplicates	Tracking 67642 as yet unmatched pairs. 601 records in RAM.
INFO	2019-05-22 14:45:48	MarkDuplicates	Read    72,000,000 records.  Elapsed time: 00:04:23s.  Time for last 1,000,000:    3s.  Last read position: chr2:180,170,346
INFO	2019-05-22 14:45:48	MarkDuplicates	Tracking 67639 as yet unmatched pairs. 88 records in RAM.
INFO	2019-05-22 14:45:52	MarkDuplicates	Read    73,000,000 records.  Elapsed time: 00:04:27s.  Time for last 1,000,000:    3s.  Last read position: chr3:16,660,398
INFO	2019-05-22 14:45:52	MarkDuplicates	Tracking 67511 as yet unmatched pairs. 2535 records in RAM.
INFO	2019-05-22 14:45:55	MarkDuplicates	Read    74,000,000 records.  Elapsed time: 00:04:30s.  Time for last 1,000,000:    3s.  Last read position: chr3:46,926,777
INFO	2019-05-22 14:45:55	MarkDuplicates	Tracking 67487 as yet unmatched pairs. 2220 records in RAM.
INFO	2019-05-22 14:45:59	MarkDuplicates	Read    75,000,000 records.  Elapsed time: 00:04:34s.  Time for last 1,000,000:    3s.  Last read position: chr3:77,039,582
INFO	2019-05-22 14:45:59	MarkDuplicates	Tracking 67397 as yet unmatched pairs. 1779 records in RAM.
INFO	2019-05-22 14:46:03	MarkDuplicates	Read    76,000,000 records.  Elapsed time: 00:04:37s.  Time for last 1,000,000:    3s.  Last read position: chr3:98,774,170
INFO	2019-05-22 14:46:03	MarkDuplicates	Tracking 67345 as yet unmatched pairs. 1378 records in RAM.
INFO	2019-05-22 14:46:41	MarkDuplicates	Read    77,000,000 records.  Elapsed time: 00:05:15s.  Time for last 1,000,000:   38s.  Last read position: chr3:124,387,873
INFO	2019-05-22 14:46:41	MarkDuplicates	Tracking 67300 as yet unmatched pairs. 920 records in RAM.
INFO	2019-05-22 14:46:44	MarkDuplicates	Read    78,000,000 records.  Elapsed time: 00:05:19s.  Time for last 1,000,000:    3s.  Last read position: chr3:157,426,655
INFO	2019-05-22 14:46:44	MarkDuplicates	Tracking 67254 as yet unmatched pairs. 30 records in RAM.
INFO	2019-05-22 14:46:48	MarkDuplicates	Read    79,000,000 records.  Elapsed time: 00:05:23s.  Time for last 1,000,000:    3s.  Last read position: chr4:16,063,281
INFO	2019-05-22 14:46:48	MarkDuplicates	Tracking 67171 as yet unmatched pairs. 3361 records in RAM.
INFO	2019-05-22 14:46:51	MarkDuplicates	Read    80,000,000 records.  Elapsed time: 00:05:26s.  Time for last 1,000,000:    3s.  Last read position: chr4:43,518,048
INFO	2019-05-22 14:46:51	MarkDuplicates	Tracking 67102 as yet unmatched pairs. 3010 records in RAM.
INFO	2019-05-22 14:46:55	MarkDuplicates	Read    81,000,000 records.  Elapsed time: 00:05:30s.  Time for last 1,000,000:    3s.  Last read position: chr4:69,048,454
INFO	2019-05-22 14:46:55	MarkDuplicates	Tracking 66973 as yet unmatched pairs. 2547 records in RAM.
INFO	2019-05-22 14:46:59	MarkDuplicates	Read    82,000,000 records.  Elapsed time: 00:05:34s.  Time for last 1,000,000:    3s.  Last read position: chr4:80,002,924
INFO	2019-05-22 14:46:59	MarkDuplicates	Tracking 67134 as yet unmatched pairs. 2440 records in RAM.
INFO	2019-05-22 14:47:02	MarkDuplicates	Read    83,000,000 records.  Elapsed time: 00:05:36s.  Time for last 1,000,000:    2s.  Last read position: chr4:80,003,938
INFO	2019-05-22 14:47:02	MarkDuplicates	Tracking 67334 as yet unmatched pairs. 2413 records in RAM.
INFO	2019-05-22 14:47:05	MarkDuplicates	Read    84,000,000 records.  Elapsed time: 00:05:39s.  Time for last 1,000,000:    2s.  Last read position: chr4:80,004,970
INFO	2019-05-22 14:47:05	MarkDuplicates	Tracking 67369 as yet unmatched pairs. 2410 records in RAM.
INFO	2019-05-22 14:47:32	MarkDuplicates	Read    85,000,000 records.  Elapsed time: 00:06:06s.  Time for last 1,000,000:   27s.  Last read position: chr4:101,142,077
INFO	2019-05-22 14:47:32	MarkDuplicates	Tracking 67229 as yet unmatched pairs. 1848 records in RAM.
INFO	2019-05-22 14:47:43	MarkDuplicates	Read    86,000,000 records.  Elapsed time: 00:06:18s.  Time for last 1,000,000:   11s.  Last read position: chr4:130,520,727
INFO	2019-05-22 14:47:43	MarkDuplicates	Tracking 66885 as yet unmatched pairs. 767 records in RAM.
INFO	2019-05-22 14:47:47	MarkDuplicates	Read    87,000,000 records.  Elapsed time: 00:06:22s.  Time for last 1,000,000:    4s.  Last read position: chr4:152,152,487
INFO	2019-05-22 14:47:47	MarkDuplicates	Tracking 66660 as yet unmatched pairs. 139 records in RAM.
INFO	2019-05-22 14:47:55	MarkDuplicates	Read    88,000,000 records.  Elapsed time: 00:06:29s.  Time for last 1,000,000:    7s.  Last read position: chr5:14,704,335
INFO	2019-05-22 14:47:55	MarkDuplicates	Tracking 66547 as yet unmatched pairs. 5723 records in RAM.
INFO	2019-05-22 14:48:01	MarkDuplicates	Read    89,000,000 records.  Elapsed time: 00:06:36s.  Time for last 1,000,000:    6s.  Last read position: chr5:36,905,717
INFO	2019-05-22 14:48:01	MarkDuplicates	Tracking 66313 as yet unmatched pairs. 5302 records in RAM.
INFO	2019-05-22 14:48:24	MarkDuplicates	Read    90,000,000 records.  Elapsed time: 00:06:59s.  Time for last 1,000,000:   22s.  Last read position: chr5:60,042,960
INFO	2019-05-22 14:48:24	MarkDuplicates	Tracking 66651 as yet unmatched pairs. 5214 records in RAM.
INFO	2019-05-22 14:48:27	MarkDuplicates	Read    91,000,000 records.  Elapsed time: 00:07:02s.  Time for last 1,000,000:    3s.  Last read position: chr5:84,618,454
INFO	2019-05-22 14:48:27	MarkDuplicates	Tracking 65910 as yet unmatched pairs. 4217 records in RAM.
INFO	2019-05-22 14:48:31	MarkDuplicates	Read    92,000,000 records.  Elapsed time: 00:07:06s.  Time for last 1,000,000:    3s.  Last read position: chr5:103,999,671
INFO	2019-05-22 14:48:31	MarkDuplicates	Tracking 65734 as yet unmatched pairs. 3811 records in RAM.
INFO	2019-05-22 14:48:35	MarkDuplicates	Read    93,000,000 records.  Elapsed time: 00:07:09s.  Time for last 1,000,000:    3s.  Last read position: chr5:136,075,578
INFO	2019-05-22 14:48:35	MarkDuplicates	Tracking 64845 as yet unmatched pairs. 1926 records in RAM.
INFO	2019-05-22 14:48:38	MarkDuplicates	Read    94,000,000 records.  Elapsed time: 00:07:13s.  Time for last 1,000,000:    3s.  Last read position: chr6:9,890,115
INFO	2019-05-22 14:48:38	MarkDuplicates	Tracking 64000 as yet unmatched pairs. 3522 records in RAM.
INFO	2019-05-22 14:48:42	MarkDuplicates	Read    95,000,000 records.  Elapsed time: 00:07:17s.  Time for last 1,000,000:    3s.  Last read position: chr6:41,407,062
INFO	2019-05-22 14:48:42	MarkDuplicates	Tracking 63664 as yet unmatched pairs. 3034 records in RAM.
INFO	2019-05-22 14:48:45	MarkDuplicates	Read    96,000,000 records.  Elapsed time: 00:07:20s.  Time for last 1,000,000:    3s.  Last read position: chr6:67,417,773
INFO	2019-05-22 14:48:45	MarkDuplicates	Tracking 63110 as yet unmatched pairs. 2284 records in RAM.
INFO	2019-05-22 14:48:49	MarkDuplicates	Read    97,000,000 records.  Elapsed time: 00:07:24s.  Time for last 1,000,000:    3s.  Last read position: chr6:88,802,821
INFO	2019-05-22 14:48:49	MarkDuplicates	Tracking 62860 as yet unmatched pairs. 1867 records in RAM.
INFO	2019-05-22 14:48:56	MarkDuplicates	Read    98,000,000 records.  Elapsed time: 00:07:30s.  Time for last 1,000,000:    6s.  Last read position: chr6:115,174,571
INFO	2019-05-22 14:48:56	MarkDuplicates	Tracking 62449 as yet unmatched pairs. 1135 records in RAM.
INFO	2019-05-22 14:48:59	MarkDuplicates	Read    99,000,000 records.  Elapsed time: 00:07:34s.  Time for last 1,000,000:    3s.  Last read position: chr6:141,415,705
INFO	2019-05-22 14:48:59	MarkDuplicates	Tracking 61862 as yet unmatched pairs. 243 records in RAM.
INFO	2019-05-22 14:49:03	MarkDuplicates	Read   100,000,000 records.  Elapsed time: 00:07:37s.  Time for last 1,000,000:    3s.  Last read position: chr7:14,426,267
INFO	2019-05-22 14:49:03	MarkDuplicates	Tracking 61488 as yet unmatched pairs. 4393 records in RAM.
INFO	2019-05-22 14:49:09	MarkDuplicates	Read   101,000,000 records.  Elapsed time: 00:07:44s.  Time for last 1,000,000:    6s.  Last read position: chr7:28,375,569
INFO	2019-05-22 14:49:09	MarkDuplicates	Tracking 61172 as yet unmatched pairs. 3983 records in RAM.
INFO	2019-05-22 14:49:14	MarkDuplicates	Read   102,000,000 records.  Elapsed time: 00:07:49s.  Time for last 1,000,000:    5s.  Last read position: chr7:51,207,889
INFO	2019-05-22 14:49:14	MarkDuplicates	Tracking 60722 as yet unmatched pairs. 3395 records in RAM.
INFO	2019-05-22 14:49:20	MarkDuplicates	Read   103,000,000 records.  Elapsed time: 00:07:55s.  Time for last 1,000,000:    5s.  Last read position: chr7:81,688,739
INFO	2019-05-22 14:49:20	MarkDuplicates	Tracking 60056 as yet unmatched pairs. 2448 records in RAM.
INFO	2019-05-22 14:49:48	MarkDuplicates	Read   104,000,000 records.  Elapsed time: 00:08:22s.  Time for last 1,000,000:   27s.  Last read position: chr7:108,909,328
INFO	2019-05-22 14:49:48	MarkDuplicates	Tracking 59431 as yet unmatched pairs. 1604 records in RAM.
INFO	2019-05-22 14:49:52	MarkDuplicates	Read   105,000,000 records.  Elapsed time: 00:08:27s.  Time for last 1,000,000:    4s.  Last read position: chr7:141,580,160
INFO	2019-05-22 14:49:52	MarkDuplicates	Tracking 58338 as yet unmatched pairs. 101 records in RAM.
INFO	2019-05-22 14:49:58	MarkDuplicates	Read   106,000,000 records.  Elapsed time: 00:08:32s.  Time for last 1,000,000:    5s.  Last read position: chr8:21,839,216
INFO	2019-05-22 14:49:58	MarkDuplicates	Tracking 57919 as yet unmatched pairs. 3284 records in RAM.
INFO	2019-05-22 14:50:01	MarkDuplicates	Read   107,000,000 records.  Elapsed time: 00:08:36s.  Time for last 1,000,000:    3s.  Last read position: chr8:52,206,073
INFO	2019-05-22 14:50:01	MarkDuplicates	Tracking 57378 as yet unmatched pairs. 2641 records in RAM.
INFO	2019-05-22 14:50:05	MarkDuplicates	Read   108,000,000 records.  Elapsed time: 00:08:40s.  Time for last 1,000,000:    4s.  Last read position: chr8:77,267,424
INFO	2019-05-22 14:50:05	MarkDuplicates	Tracking 57000 as yet unmatched pairs. 2211 records in RAM.
INFO	2019-05-22 14:50:09	MarkDuplicates	Read   109,000,000 records.  Elapsed time: 00:08:43s.  Time for last 1,000,000:    3s.  Last read position: chr8:107,150,912
INFO	2019-05-22 14:50:09	MarkDuplicates	Tracking 56272 as yet unmatched pairs. 1328 records in RAM.
INFO	2019-05-22 14:50:12	MarkDuplicates	Read   110,000,000 records.  Elapsed time: 00:08:47s.  Time for last 1,000,000:    3s.  Last read position: chr9:3,000,936
INFO	2019-05-22 14:50:12	MarkDuplicates	Tracking 69146 as yet unmatched pairs. 17614 records in RAM.
INFO	2019-05-22 14:50:15	MarkDuplicates	Read   111,000,000 records.  Elapsed time: 00:08:50s.  Time for last 1,000,000:    2s.  Last read position: chr9:3,007,085
INFO	2019-05-22 14:50:15	MarkDuplicates	Tracking 61509 as yet unmatched pairs. 9973 records in RAM.
INFO	2019-05-22 14:50:18	MarkDuplicates	Read   112,000,000 records.  Elapsed time: 00:08:52s.  Time for last 1,000,000:    2s.  Last read position: chr9:3,018,153
INFO	2019-05-22 14:50:18	MarkDuplicates	Tracking 60149 as yet unmatched pairs. 8612 records in RAM.
INFO	2019-05-22 14:50:21	MarkDuplicates	Read   113,000,000 records.  Elapsed time: 00:08:55s.  Time for last 1,000,000:    2s.  Last read position: chr9:3,026,288
INFO	2019-05-22 14:50:21	MarkDuplicates	Tracking 58121 as yet unmatched pairs. 6582 records in RAM.
INFO	2019-05-22 14:50:30	MarkDuplicates	Read   114,000,000 records.  Elapsed time: 00:09:04s.  Time for last 1,000,000:    9s.  Last read position: chr9:3,037,155
INFO	2019-05-22 14:50:30	MarkDuplicates	Tracking 56882 as yet unmatched pairs. 5339 records in RAM.
INFO	2019-05-22 14:50:33	MarkDuplicates	Read   115,000,000 records.  Elapsed time: 00:09:08s.  Time for last 1,000,000:    3s.  Last read position: chr9:20,883,419
INFO	2019-05-22 14:50:33	MarkDuplicates	Tracking 54731 as yet unmatched pairs. 3129 records in RAM.
INFO	2019-05-22 14:50:36	MarkDuplicates	Read   116,000,000 records.  Elapsed time: 00:09:11s.  Time for last 1,000,000:    3s.  Last read position: chr9:36,654,422
INFO	2019-05-22 14:50:36	MarkDuplicates	Tracking 54393 as yet unmatched pairs. 2746 records in RAM.
INFO	2019-05-22 14:50:40	MarkDuplicates	Read   117,000,000 records.  Elapsed time: 00:09:15s.  Time for last 1,000,000:    3s.  Last read position: chr9:75,250,227
INFO	2019-05-22 14:50:40	MarkDuplicates	Tracking 53517 as yet unmatched pairs. 1798 records in RAM.
INFO	2019-05-22 14:50:43	MarkDuplicates	Read   118,000,000 records.  Elapsed time: 00:09:18s.  Time for last 1,000,000:    3s.  Last read position: chr9:97,044,442
INFO	2019-05-22 14:50:43	MarkDuplicates	Tracking 53011 as yet unmatched pairs. 1222 records in RAM.
INFO	2019-05-22 14:50:51	MarkDuplicates	Read   119,000,000 records.  Elapsed time: 00:09:25s.  Time for last 1,000,000:    7s.  Last read position: chr9:124,423,114
INFO	2019-05-22 14:50:51	MarkDuplicates	Tracking 52048 as yet unmatched pairs. 96 records in RAM.
INFO	2019-05-22 14:50:55	MarkDuplicates	Read   120,000,000 records.  Elapsed time: 00:09:30s.  Time for last 1,000,000:    4s.  Last read position: chrM:737
INFO	2019-05-22 14:50:55	MarkDuplicates	Tracking 123891 as yet unmatched pairs. 119787 records in RAM.
INFO	2019-05-22 14:51:08	MarkDuplicates	Read   121,000,000 records.  Elapsed time: 00:09:42s.  Time for last 1,000,000:   12s.  Last read position: chrM:1,467
INFO	2019-05-22 14:51:08	MarkDuplicates	Tracking 142455 as yet unmatched pairs. 138343 records in RAM.
INFO	2019-05-22 14:51:12	MarkDuplicates	Read   122,000,000 records.  Elapsed time: 00:09:46s.  Time for last 1,000,000:    3s.  Last read position: chrM:2,219
INFO	2019-05-22 14:51:12	MarkDuplicates	Tracking 121932 as yet unmatched pairs. 117809 records in RAM.
INFO	2019-05-22 14:51:15	MarkDuplicates	Read   123,000,000 records.  Elapsed time: 00:09:50s.  Time for last 1,000,000:    3s.  Last read position: chrM:2,989
INFO	2019-05-22 14:51:15	MarkDuplicates	Tracking 107615 as yet unmatched pairs. 103484 records in RAM.
INFO	2019-05-22 14:51:19	MarkDuplicates	Read   124,000,000 records.  Elapsed time: 00:09:54s.  Time for last 1,000,000:    3s.  Last read position: chrM:3,763
INFO	2019-05-22 14:51:19	MarkDuplicates	Tracking 120015 as yet unmatched pairs. 115883 records in RAM.
INFO	2019-05-22 14:51:23	MarkDuplicates	Read   125,000,000 records.  Elapsed time: 00:09:57s.  Time for last 1,000,000:    3s.  Last read position: chrM:4,564
INFO	2019-05-22 14:51:23	MarkDuplicates	Tracking 119387 as yet unmatched pairs. 115242 records in RAM.
INFO	2019-05-22 14:51:26	MarkDuplicates	Read   126,000,000 records.  Elapsed time: 00:10:01s.  Time for last 1,000,000:    3s.  Last read position: chrM:5,272
INFO	2019-05-22 14:51:26	MarkDuplicates	Tracking 122360 as yet unmatched pairs. 118205 records in RAM.
INFO	2019-05-22 14:51:33	MarkDuplicates	Read   127,000,000 records.  Elapsed time: 00:10:08s.  Time for last 1,000,000:    6s.  Last read position: chrM:6,007
INFO	2019-05-22 14:51:33	MarkDuplicates	Tracking 103850 as yet unmatched pairs. 99683 records in RAM.
INFO	2019-05-22 14:51:36	MarkDuplicates	Read   128,000,000 records.  Elapsed time: 00:10:11s.  Time for last 1,000,000:    3s.  Last read position: chrM:6,705
INFO	2019-05-22 14:51:36	MarkDuplicates	Tracking 94886 as yet unmatched pairs. 90710 records in RAM.
INFO	2019-05-22 14:51:40	MarkDuplicates	Read   129,000,000 records.  Elapsed time: 00:10:14s.  Time for last 1,000,000:    3s.  Last read position: chrM:7,412
INFO	2019-05-22 14:51:40	MarkDuplicates	Tracking 85066 as yet unmatched pairs. 80886 records in RAM.
INFO	2019-05-22 14:51:43	MarkDuplicates	Read   130,000,000 records.  Elapsed time: 00:10:17s.  Time for last 1,000,000:    3s.  Last read position: chrM:8,131
INFO	2019-05-22 14:51:43	MarkDuplicates	Tracking 80734 as yet unmatched pairs. 76545 records in RAM.
INFO	2019-05-22 14:51:46	MarkDuplicates	Read   131,000,000 records.  Elapsed time: 00:10:21s.  Time for last 1,000,000:    3s.  Last read position: chrM:8,841
INFO	2019-05-22 14:51:46	MarkDuplicates	Tracking 76604 as yet unmatched pairs. 72409 records in RAM.
INFO	2019-05-22 14:51:49	MarkDuplicates	Read   132,000,000 records.  Elapsed time: 00:10:24s.  Time for last 1,000,000:    3s.  Last read position: chrM:9,496
INFO	2019-05-22 14:51:49	MarkDuplicates	Tracking 75985 as yet unmatched pairs. 71786 records in RAM.
INFO	2019-05-22 14:51:57	MarkDuplicates	Read   133,000,000 records.  Elapsed time: 00:10:31s.  Time for last 1,000,000:    7s.  Last read position: chrM:10,128
INFO	2019-05-22 14:51:57	MarkDuplicates	Tracking 64623 as yet unmatched pairs. 60416 records in RAM.
INFO	2019-05-22 14:52:00	MarkDuplicates	Read   134,000,000 records.  Elapsed time: 00:10:34s.  Time for last 1,000,000:    3s.  Last read position: chrM:10,885
INFO	2019-05-22 14:52:00	MarkDuplicates	Tracking 55898 as yet unmatched pairs. 51683 records in RAM.
INFO	2019-05-22 14:52:04	MarkDuplicates	Read   135,000,000 records.  Elapsed time: 00:10:38s.  Time for last 1,000,000:    3s.  Last read position: chrM:11,599
INFO	2019-05-22 14:52:04	MarkDuplicates	Tracking 101045 as yet unmatched pairs. 96820 records in RAM.
INFO	2019-05-22 14:52:08	MarkDuplicates	Read   136,000,000 records.  Elapsed time: 00:10:42s.  Time for last 1,000,000:    3s.  Last read position: chrM:12,273
INFO	2019-05-22 14:52:08	MarkDuplicates	Tracking 81521 as yet unmatched pairs. 77283 records in RAM.
INFO	2019-05-22 14:52:11	MarkDuplicates	Read   137,000,000 records.  Elapsed time: 00:10:46s.  Time for last 1,000,000:    3s.  Last read position: chrM:13,115
INFO	2019-05-22 14:52:11	MarkDuplicates	Tracking 58575 as yet unmatched pairs. 54325 records in RAM.
INFO	2019-05-22 14:52:15	MarkDuplicates	Read   138,000,000 records.  Elapsed time: 00:10:50s.  Time for last 1,000,000:    3s.  Last read position: chrM:13,890
INFO	2019-05-22 14:52:15	MarkDuplicates	Tracking 67340 as yet unmatched pairs. 63078 records in RAM.
INFO	2019-05-22 14:52:19	MarkDuplicates	Read   139,000,000 records.  Elapsed time: 00:10:54s.  Time for last 1,000,000:    3s.  Last read position: chrM:14,668
INFO	2019-05-22 14:52:19	MarkDuplicates	Tracking 57634 as yet unmatched pairs. 53360 records in RAM.
INFO	2019-05-22 14:52:23	MarkDuplicates	Read   140,000,000 records.  Elapsed time: 00:10:58s.  Time for last 1,000,000:    3s.  Last read position: chrM:15,509
INFO	2019-05-22 14:52:23	MarkDuplicates	Tracking 76310 as yet unmatched pairs. 72025 records in RAM.
INFO	2019-05-22 14:52:27	MarkDuplicates	Read   141,000,000 records.  Elapsed time: 00:11:01s.  Time for last 1,000,000:    3s.  Last read position: chrX:5,116,663
INFO	2019-05-22 14:52:27	MarkDuplicates	Tracking 4135 as yet unmatched pairs. 3783 records in RAM.
INFO	2019-05-22 14:52:31	MarkDuplicates	Read   142,000,000 records.  Elapsed time: 00:11:05s.  Time for last 1,000,000:    4s.  Last read position: chrX:26,916,800
INFO	2019-05-22 14:52:31	MarkDuplicates	Tracking 3778 as yet unmatched pairs. 3420 records in RAM.
INFO	2019-05-22 14:52:38	MarkDuplicates	Read   143,000,000 records.  Elapsed time: 00:11:13s.  Time for last 1,000,000:    7s.  Last read position: chrX:40,341,269
INFO	2019-05-22 14:52:38	MarkDuplicates	Tracking 3491 as yet unmatched pairs. 3130 records in RAM.
INFO	2019-05-22 14:52:42	MarkDuplicates	Read   144,000,000 records.  Elapsed time: 00:11:17s.  Time for last 1,000,000:    3s.  Last read position: chrX:64,651,137
INFO	2019-05-22 14:52:42	MarkDuplicates	Tracking 3219 as yet unmatched pairs. 2856 records in RAM.
INFO	2019-05-22 14:52:47	MarkDuplicates	Read   145,000,000 records.  Elapsed time: 00:11:21s.  Time for last 1,000,000:    4s.  Last read position: chrX:88,957,875
INFO	2019-05-22 14:52:47	MarkDuplicates	Tracking 2731 as yet unmatched pairs. 2366 records in RAM.
INFO	2019-05-22 14:53:02	MarkDuplicates	Read   146,000,000 records.  Elapsed time: 00:11:36s.  Time for last 1,000,000:   14s.  Last read position: chrX:115,675,031
INFO	2019-05-22 14:53:02	MarkDuplicates	Tracking 2048 as yet unmatched pairs. 1680 records in RAM.
INFO	2019-05-22 14:53:05	MarkDuplicates	Read   147,000,000 records.  Elapsed time: 00:11:40s.  Time for last 1,000,000:    3s.  Last read position: chrX:143,958,713
INFO	2019-05-22 14:53:05	MarkDuplicates	Tracking 1396 as yet unmatched pairs. 1019 records in RAM.
INFO	2019-05-22 14:53:11	MarkDuplicates	Read   148,000,000 records.  Elapsed time: 00:11:46s.  Time for last 1,000,000:    5s.  Last read position: chrX:169,018,120
INFO	2019-05-22 14:53:11	MarkDuplicates	Tracking 408 as yet unmatched pairs. 27 records in RAM.
INFO	2019-05-22 14:53:27	MarkDuplicates	Read 148856323 records. 0 pairs never matched.
INFO	2019-05-22 14:53:43	MarkDuplicates	After buildSortedReadEndLists freeMemory: 8037308192; totalMemory: 10485760000; maxMemory: 10485760000
INFO	2019-05-22 14:53:43	MarkDuplicates	Will retain up to 327680000 duplicate indices before spilling to disk.
INFO	2019-05-22 14:53:43	MarkDuplicates	Traversing read pair information and detecting duplicates.
INFO	2019-05-22 14:53:53	MarkDuplicates	Traversing fragment information and detecting duplicates.
INFO	2019-05-22 14:53:53	SortingCollection	Creating merging iterator from 2 files
WARNING	2019-05-22 14:53:53	SortingCollection	There is not enough memory per file for buffering. Reading will be unbuffered.
INFO	2019-05-22 14:54:15	MarkDuplicates	Sorting list of duplicate records.
INFO	2019-05-22 14:54:17	MarkDuplicates	After generateDuplicateIndexes freeMemory: 7847968816; totalMemory: 10485760000; maxMemory: 10485760000
INFO	2019-05-22 14:54:17	MarkDuplicates	Marking 21851267 records as duplicates.
INFO	2019-05-22 14:54:17	MarkDuplicates	Found 30907 optical duplicate clusters.
INFO	2019-05-22 14:54:17	MarkDuplicates	Reads are assumed to be ordered by: coordinate
INFO	2019-05-22 14:57:16	MarkDuplicates	Written    10,000,000 records.  Elapsed time: 00:02:59s.  Time for last 10,000,000:  179s.  Last read position: chr12:4,077,436
INFO	2019-05-22 15:00:11	MarkDuplicates	Written    20,000,000 records.  Elapsed time: 00:05:54s.  Time for last 10,000,000:  175s.  Last read position: chr14:3,015,809
INFO	2019-05-22 15:02:54	MarkDuplicates	Written    30,000,000 records.  Elapsed time: 00:08:37s.  Time for last 10,000,000:  162s.  Last read position: chr15:52,544,352
INFO	2019-05-22 15:05:52	MarkDuplicates	Written    40,000,000 records.  Elapsed time: 00:11:35s.  Time for last 10,000,000:  178s.  Last read position: chr18:44,626,551
INFO	2019-05-22 15:08:31	MarkDuplicates	Written    50,000,000 records.  Elapsed time: 00:14:14s.  Time for last 10,000,000:  158s.  Last read position: chr1:24,615,394
INFO	2019-05-22 15:11:19	MarkDuplicates	Written    60,000,000 records.  Elapsed time: 00:17:02s.  Time for last 10,000,000:  168s.  Last read position: chr2:22,588,566
INFO	2019-05-22 15:13:51	MarkDuplicates	Written    70,000,000 records.  Elapsed time: 00:19:34s.  Time for last 10,000,000:  152s.  Last read position: chr2:122,118,315
INFO	2019-05-22 15:18:03	MarkDuplicates	Written    80,000,000 records.  Elapsed time: 00:23:46s.  Time for last 10,000,000:  251s.  Last read position: chr4:43,518,048
INFO	2019-05-22 15:26:15	MarkDuplicates	Written    90,000,000 records.  Elapsed time: 00:31:58s.  Time for last 10,000,000:  491s.  Last read position: chr5:60,042,960
INFO	2019-05-22 15:32:33	MarkDuplicates	Written   100,000,000 records.  Elapsed time: 00:38:15s.  Time for last 10,000,000:  377s.  Last read position: chr7:14,426,267
INFO	2019-05-22 15:38:29	MarkDuplicates	Written   110,000,000 records.  Elapsed time: 00:44:12s.  Time for last 10,000,000:  356s.  Last read position: chr9:3,000,936
INFO	2019-05-22 15:42:56	MarkDuplicates	Written   120,000,000 records.  Elapsed time: 00:48:39s.  Time for last 10,000,000:  267s.  Last read position: chrM:737
INFO	2019-05-22 15:45:37	MarkDuplicates	Written   130,000,000 records.  Elapsed time: 00:51:20s.  Time for last 10,000,000:  161s.  Last read position: chrM:8,131
INFO	2019-05-22 15:49:41	MarkDuplicates	Written   140,000,000 records.  Elapsed time: 00:55:24s.  Time for last 10,000,000:  244s.  Last read position: chrM:15,509
INFO	2019-05-22 15:53:37	MarkDuplicates	Written   150,000,000 records.  Elapsed time: 00:59:20s.  Time for last 10,000,000:  235s.  Last read position: */*
INFO	2019-05-22 15:53:49	MarkDuplicates	Before output close freeMemory: 10474190728; totalMemory: 10485760000; maxMemory: 10485760000
INFO	2019-05-22 15:53:49	MarkDuplicates	After output close freeMemory: 10474190728; totalMemory: 10485760000; maxMemory: 10485760000
[Wed May 22 15:53:49 EDT 2019] picard.sam.markduplicates.MarkDuplicates done. Elapsed time: 72.41 minutes.
Runtime.totalMemory()=10485760000
Started analysis of AB3834-L1.bam
Approx 5% complete for AB3834-L1.bam
Approx 10% complete for AB3834-L1.bam
Approx 15% complete for AB3834-L1.bam
Approx 20% complete for AB3834-L1.bam
Approx 25% complete for AB3834-L1.bam
Approx 30% complete for AB3834-L1.bam
Approx 35% complete for AB3834-L1.bam
Approx 40% complete for AB3834-L1.bam
Approx 45% complete for AB3834-L1.bam
Approx 50% complete for AB3834-L1.bam
Approx 55% complete for AB3834-L1.bam
Approx 60% complete for AB3834-L1.bam
Approx 65% complete for AB3834-L1.bam
Approx 70% complete for AB3834-L1.bam
Approx 75% complete for AB3834-L1.bam
Approx 80% complete for AB3834-L1.bam
Approx 85% complete for AB3834-L1.bam
Approx 90% complete for AB3834-L1.bam
Approx 95% complete for AB3834-L1.bam
Approx 100% complete for AB3834-L1.bam
Java HotSpot(TM) 64-Bit Server VM warning: Ignoring option MaxPermSize; support was removed in 8.0
[+] Loading python 2.7  ... 
[-] Unloading python 2.7  ... 
[+] Loading snakemake  5.4.4 
[+] Loading java 12.0.1  ... 
[+] Loading bowtie  2-2.3.5 
[+] Loading samtools 1.9  ... 
[+] Loading picard  2.18.27 
[+] Loading fastqc  0.11.8 
[+] Loading GSL 2.4 for GCC 7.2.0 ... 
[+] Loading gcc  7.3.0  ... 
[+] Loading openmpi 3.0.2  for GCC 7.3.0 
[+] Loading ImageMagick  7.0.8  on cn3475 
[+] Loading HDF5  1.10.4 
[+] Loading pandoc  2.1.1  on cn3475 
[+] Loading R 3.5.2 
[+] Loading qualimap  2.2.1  on cn3475 
#
DONE!!!!
#
ELAPSED TIME: 10910 seconds
------------------------------------------------------------------------------
[Wed May 22 16:59:13 2019]
Finished job 0.
1 of 1 steps (100%) done
