Building DAG of jobs...
Using shell: /usr/bin/bash
Provided cores: 30
Rules claiming more threads will be scaled down.
Unlimited resources: mem_mb
Job counts:
	count	jobs
	1	Alignment_Paired
	1

[Wed May 22 13:57:16 2019]
Job 0: Alignment_Paired: Ccl20+_T|AB3838-L1

[+] Loading bowtie  2-2.3.5 
[-] Unloading samtools 1.9  ... 
[+] Loading samtools 1.9  ... 
[+] Loading gcc  7.3.0  ... 
[+] Loading GSL 2.4 for GCC 7.2.0 ... 
[-] Unloading gcc  7.3.0  ... 
[+] Loading gcc  7.3.0  ... 
[+] Loading openmpi 3.0.2  for GCC 7.3.0 
[+] Loading ImageMagick  7.0.8  on cn3253 
[+] Loading HDF5  1.10.4 
[+] Loading pandoc  2.1.1  on cn3253 
[+] Loading R 3.5.2 
[-] Unloading gcc  7.3.0  ... 
[-] Unloading GSL 2.4 for GCC 7.2.0 ... 
[-] Unloading openmpi 3.0.2  for GCC 7.3.0 
[-] Unloading ImageMagick  7.0.8  on cn3253 
[-] Unloading HDF5  1.10.4 
[-] Unloading pandoc  2.1.1  on cn3253 
[-] Unloading R 3.5.2 
[+] Loading gcc  7.3.0  ... 
[+] Loading GSL 2.4 for GCC 7.2.0 ... 
[-] Unloading gcc  7.3.0  ... 
[+] Loading gcc  7.3.0  ... 
[+] Loading openmpi 3.0.2  for GCC 7.3.0 
[+] Loading ImageMagick  7.0.8  on cn3253 
[+] Loading HDF5  1.10.4 
[+] Loading pandoc  2.1.1  on cn3253 
[+] Loading R 3.5.2 
[+] Loading picard  2.18.27 
[+] Loading fastqc  0.11.8 
[+] Loading qualimap  2.2.1  on cn3253 
[-] Unloading gcc  7.3.0  ... 
[-] Unloading GSL 2.4 for GCC 7.2.0 ... 
[-] Unloading openmpi 3.0.2  for GCC 7.3.0 
[-] Unloading ImageMagick  7.0.8  on cn3253 
[-] Unloading HDF5  1.10.4 
[-] Unloading pandoc  2.1.1  on cn3253 
[-] Unloading R 3.5.2 
[+] Loading gcc  7.3.0  ... 
[+] Loading GSL 2.4 for GCC 7.2.0 ... 
[-] Unloading gcc  7.3.0  ... 
[+] Loading gcc  7.3.0  ... 
[+] Loading openmpi 3.0.2  for GCC 7.3.0 
[+] Loading ImageMagick  7.0.8  on cn3253 
[+] Loading HDF5  1.10.4 
[+] Loading pandoc  2.1.1  on cn3253 
[+] Loading R 3.5.2 
###################################- COMMANDLINE -############################
bowtie/2-2.3.5
samtools/1.9
picard/2.18.27
fastqc/0.11.8
qualimap/2.2.1
Alignment
#
INPUT1: /data/shamsaddinisha/jfarber-20160119-P1/spsingh-20190308-E1/spsingh-20190521-D1/mm10/Ccl20+_T/pre_process/AB3838-L1.R1.processed.fastq
INPUT2: /data/shamsaddinisha/jfarber-20160119-P1/spsingh-20190308-E1/spsingh-20190521-D1/mm10/Ccl20+_T/pre_process/AB3838-L1.R2.processed.fastq
#
OUTPUT1: /data/shamsaddinisha/jfarber-20160119-P1/spsingh-20190308-E1/spsingh-20190521-D1/mm10/Ccl20+_T/alignment/AB3838-L1.bam
OUTPUT2: /data/shamsaddinisha/jfarber-20160119-P1/spsingh-20190308-E1/spsingh-20190521-D1/mm10/Ccl20+_T/alignment/AB3838-L1.bam.bai
OUTPUT3: /data/shamsaddinisha/jfarber-20160119-P1/spsingh-20190308-E1/spsingh-20190521-D1/mm10/Ccl20+_T/report/alignment/AB3838-L1.alignment.txt
OUTPUT4: /data/shamsaddinisha/jfarber-20160119-P1/spsingh-20190308-E1/spsingh-20190521-D1/mm10/Ccl20+_T/report/alignment/AB3838-L1.picard.txt
OUTPUT5: /data/shamsaddinisha/jfarber-20160119-P1/spsingh-20190308-E1/spsingh-20190521-D1/mm10/Ccl20+_T/report/alignment/AB3838-L1.samtools.txt
++++++++++++++++++++++++++++++++++++++++++++++++++++++++++++++++++++++++++++++
bowtie2 -k 10 --mm --local -X 2000 --threads 30 -x /fdb/igenomes/Mus_musculus/UCSC/mm10/Sequence/Bowtie2Index/genome -1 /data/shamsaddinisha/jfarber-20160119-P1/spsingh-20190308-E1/spsingh-20190521-D1/mm10/Ccl20+_T/pre_process/AB3838-L1.R1.processed.fastq -2 /data/shamsaddinisha/jfarber-20160119-P1/spsingh-20190308-E1/spsingh-20190521-D1/mm10/Ccl20+_T/pre_process/AB3838-L1.R2.processed.fastq 2> /data/shamsaddinisha/jfarber-20160119-P1/spsingh-20190308-E1/spsingh-20190521-D1/mm10/Ccl20+_T/report/alignment/AB3838-L1.alignment.txt | samtools sort --threads 30 -m 2G -O bam -T /data/shamsaddinisha/jfarber-20160119-P1/spsingh-20190308-E1/spsingh-20190521-D1/mm10/Ccl20+_T/alignment/AB3838-L1 -o /data/shamsaddinisha/jfarber-20160119-P1/spsingh-20190308-E1/spsingh-20190521-D1/mm10/Ccl20+_T/alignment/AB3838-L1.bam.tmp - 
#
java -Xms10000M -Xmx10000M -XX:ParallelGCThreads=30 -jar /usr/local/apps/picard/2.18.27/picard.jar MarkDuplicates INPUT=/data/shamsaddinisha/jfarber-20160119-P1/spsingh-20190308-E1/spsingh-20190521-D1/mm10/Ccl20+_T/alignment/AB3838-L1.bam.tmp OUTPUT=/data/shamsaddinisha/jfarber-20160119-P1/spsingh-20190308-E1/spsingh-20190521-D1/mm10/Ccl20+_T/alignment/AB3838-L1.bam TMP_DIR=/lscratch/27137785 METRICS_FILE=/data/shamsaddinisha/jfarber-20160119-P1/spsingh-20190308-E1/spsingh-20190521-D1/mm10/Ccl20+_T/report/alignment/AB3838-L1.picard.txt VALIDATION_STRINGENCY=LENIENT ASSUME_SORT_ORDER=coordinate REMOVE_DUPLICATES=false
#
samtools index -@ 30 -b /data/shamsaddinisha/jfarber-20160119-P1/spsingh-20190308-E1/spsingh-20190521-D1/mm10/Ccl20+_T/alignment/AB3838-L1.bam
#
samtools flagstat --threads 30 /data/shamsaddinisha/jfarber-20160119-P1/spsingh-20190308-E1/spsingh-20190521-D1/mm10/Ccl20+_T/alignment/AB3838-L1.bam > /data/shamsaddinisha/jfarber-20160119-P1/spsingh-20190308-E1/spsingh-20190521-D1/mm10/Ccl20+_T/report/alignment/AB3838-L1.samtools.txt
#
rm -rf /data/shamsaddinisha/jfarber-20160119-P1/spsingh-20190308-E1/spsingh-20190521-D1/mm10/Ccl20+_T/alignment/AB3838-L1.bam.tmp
#
fastqc -o /data/shamsaddinisha/jfarber-20160119-P1/spsingh-20190308-E1/spsingh-20190521-D1/mm10/Ccl20+_T/report/alignment -f bam --threads 30 /data/shamsaddinisha/jfarber-20160119-P1/spsingh-20190308-E1/spsingh-20190521-D1/mm10/Ccl20+_T/alignment/AB3838-L1.bam
#
qualimap bamqc -bam /data/shamsaddinisha/jfarber-20160119-P1/spsingh-20190308-E1/spsingh-20190521-D1/mm10/Ccl20+_T/alignment/AB3838-L1.bam -nt 30 --genome-gc-distr MOUSE - mm10 -hm 3 -nr 100 -nw 400 -outformat HTML --skip-dup-mode 1 --java-mem-size=10G -outdir /data/shamsaddinisha/jfarber-20160119-P1/spsingh-20190308-E1/spsingh-20190521-D1/mm10/Ccl20+_T/report/alignment/AB3838-L1_qualimap
#
python ./Python_Script/bamChipQC.py --infile /data/shamsaddinisha/jfarber-20160119-P1/spsingh-20190308-E1/spsingh-20190521-D1/mm10/Ccl20+_T/alignment/AB3838-L1.bam --outfile /data/shamsaddinisha/jfarber-20160119-P1/spsingh-20190308-E1/spsingh-20190521-D1/mm10/Ccl20+_T/report/alignment/AB3838-L1_PBC.txt --cores 30
#
EXECUTING....
#
[bam_sort_core] merging from 0 files and 30 in-memory blocks...
INFO	2019-05-22 15:01:12	MarkDuplicates	

********** NOTE: Picard's command line syntax is changing.
**********
********** For more information, please see:
********** https://github.com/broadinstitute/picard/wiki/Command-Line-Syntax-Transition-For-Users-(Pre-Transition)
**********
********** The command line looks like this in the new syntax:
**********
**********    MarkDuplicates -INPUT /data/shamsaddinisha/jfarber-20160119-P1/spsingh-20190308-E1/spsingh-20190521-D1/mm10/Ccl20+_T/alignment/AB3838-L1.bam.tmp -OUTPUT /data/shamsaddinisha/jfarber-20160119-P1/spsingh-20190308-E1/spsingh-20190521-D1/mm10/Ccl20+_T/alignment/AB3838-L1.bam -METRICS_FILE /data/shamsaddinisha/jfarber-20160119-P1/spsingh-20190308-E1/spsingh-20190521-D1/mm10/Ccl20+_T/report/alignment/AB3838-L1.picard.txt -VALIDATION_STRINGENCY LENIENT -ASSUME_SORT_ORDER coordinate -REMOVE_DUPLICATES false
**********


15:01:12.533 INFO  NativeLibraryLoader - Loading libgkl_compression.so from jar:file:/usr/local/apps/picard/2.18.27/picard.jar!/com/intel/gkl/native/libgkl_compression.so
[Wed May 22 15:01:12 EDT 2019] MarkDuplicates INPUT=[/data/shamsaddinisha/jfarber-20160119-P1/spsingh-20190308-E1/spsingh-20190521-D1/mm10/Ccl20+_T/alignment/AB3838-L1.bam.tmp] OUTPUT=/data/shamsaddinisha/jfarber-20160119-P1/spsingh-20190308-E1/spsingh-20190521-D1/mm10/Ccl20+_T/alignment/AB3838-L1.bam METRICS_FILE=/data/shamsaddinisha/jfarber-20160119-P1/spsingh-20190308-E1/spsingh-20190521-D1/mm10/Ccl20+_T/report/alignment/AB3838-L1.picard.txt REMOVE_DUPLICATES=false ASSUME_SORT_ORDER=coordinate VALIDATION_STRINGENCY=LENIENT    MAX_SEQUENCES_FOR_DISK_READ_ENDS_MAP=50000 MAX_FILE_HANDLES_FOR_READ_ENDS_MAP=8000 SORTING_COLLECTION_SIZE_RATIO=0.25 TAG_DUPLICATE_SET_MEMBERS=false REMOVE_SEQUENCING_DUPLICATES=false TAGGING_POLICY=DontTag CLEAR_DT=true DUPLEX_UMI=false ADD_PG_TAG_TO_READS=true ASSUME_SORTED=false DUPLICATE_SCORING_STRATEGY=SUM_OF_BASE_QUALITIES PROGRAM_RECORD_ID=MarkDuplicates PROGRAM_GROUP_NAME=MarkDuplicates READ_NAME_REGEX=<optimized capture of last three ':' separated fields as numeric values> OPTICAL_DUPLICATE_PIXEL_DISTANCE=100 MAX_OPTICAL_DUPLICATE_SET_SIZE=300000 VERBOSITY=INFO QUIET=false COMPRESSION_LEVEL=5 MAX_RECORDS_IN_RAM=500000 CREATE_INDEX=false CREATE_MD5_FILE=false GA4GH_CLIENT_SECRETS=client_secrets.json USE_JDK_DEFLATER=false USE_JDK_INFLATER=false
[Wed May 22 15:01:12 EDT 2019] Executing as shamsaddinisha@cn3253 on Linux 3.10.0-862.14.4.el7.x86_64 amd64; Java HotSpot(TM) 64-Bit Server VM 12.0.1+12; Deflater: Intel; Inflater: Intel; Provider GCS is not available; Picard version: 2.18.27-SNAPSHOT
INFO	2019-05-22 15:01:12	MarkDuplicates	Start of doWork freeMemory: 10475065864; totalMemory: 10485760000; maxMemory: 10485760000
INFO	2019-05-22 15:01:12	MarkDuplicates	Reading input file and constructing read end information.
INFO	2019-05-22 15:01:12	MarkDuplicates	Will retain up to 37991884 data points before spilling to disk.
INFO	2019-05-22 15:01:16	MarkDuplicates	Read     1,000,000 records.  Elapsed time: 00:00:03s.  Time for last 1,000,000:    3s.  Last read position: chr10:24,192,653
INFO	2019-05-22 15:01:16	MarkDuplicates	Tracking 2267 as yet unmatched pairs. 122 records in RAM.
INFO	2019-05-22 15:01:19	MarkDuplicates	Read     2,000,000 records.  Elapsed time: 00:00:07s.  Time for last 1,000,000:    3s.  Last read position: chr10:42,922,871
INFO	2019-05-22 15:01:19	MarkDuplicates	Tracking 2830 as yet unmatched pairs. 113 records in RAM.
INFO	2019-05-22 15:01:23	MarkDuplicates	Read     3,000,000 records.  Elapsed time: 00:00:10s.  Time for last 1,000,000:    3s.  Last read position: chr10:64,353,638
INFO	2019-05-22 15:01:23	MarkDuplicates	Tracking 3872 as yet unmatched pairs. 130 records in RAM.
INFO	2019-05-22 15:01:26	MarkDuplicates	Read     4,000,000 records.  Elapsed time: 00:00:13s.  Time for last 1,000,000:    3s.  Last read position: chr10:85,025,960
INFO	2019-05-22 15:01:26	MarkDuplicates	Tracking 5046 as yet unmatched pairs. 136 records in RAM.
INFO	2019-05-22 15:01:29	MarkDuplicates	Read     5,000,000 records.  Elapsed time: 00:00:16s.  Time for last 1,000,000:    2s.  Last read position: chr10:89,991,339
INFO	2019-05-22 15:01:29	MarkDuplicates	Tracking 5308 as yet unmatched pairs. 116 records in RAM.
INFO	2019-05-22 15:01:32	MarkDuplicates	Read     6,000,000 records.  Elapsed time: 00:00:19s.  Time for last 1,000,000:    2s.  Last read position: chr10:96,077,790
INFO	2019-05-22 15:01:32	MarkDuplicates	Tracking 6428 as yet unmatched pairs. 117 records in RAM.
INFO	2019-05-22 15:01:35	MarkDuplicates	Read     7,000,000 records.  Elapsed time: 00:00:22s.  Time for last 1,000,000:    3s.  Last read position: chr10:116,610,485
INFO	2019-05-22 15:01:35	MarkDuplicates	Tracking 7106 as yet unmatched pairs. 94 records in RAM.
INFO	2019-05-22 15:01:38	MarkDuplicates	Read     8,000,000 records.  Elapsed time: 00:00:26s.  Time for last 1,000,000:    3s.  Last read position: chr11:4,355,153
INFO	2019-05-22 15:01:38	MarkDuplicates	Tracking 10418 as yet unmatched pairs. 476 records in RAM.
INFO	2019-05-22 15:01:42	MarkDuplicates	Read     9,000,000 records.  Elapsed time: 00:00:29s.  Time for last 1,000,000:    3s.  Last read position: chr11:24,278,785
INFO	2019-05-22 15:01:42	MarkDuplicates	Tracking 11701 as yet unmatched pairs. 467 records in RAM.
INFO	2019-05-22 15:01:45	MarkDuplicates	Read    10,000,000 records.  Elapsed time: 00:00:32s.  Time for last 1,000,000:    3s.  Last read position: chr11:44,387,175
INFO	2019-05-22 15:01:45	MarkDuplicates	Tracking 12194 as yet unmatched pairs. 437 records in RAM.
INFO	2019-05-22 15:01:48	MarkDuplicates	Read    11,000,000 records.  Elapsed time: 00:00:35s.  Time for last 1,000,000:    3s.  Last read position: chr11:68,271,694
INFO	2019-05-22 15:01:48	MarkDuplicates	Tracking 13552 as yet unmatched pairs. 399 records in RAM.
INFO	2019-05-22 15:01:51	MarkDuplicates	Read    12,000,000 records.  Elapsed time: 00:00:39s.  Time for last 1,000,000:    3s.  Last read position: chr11:90,538,569
INFO	2019-05-22 15:01:51	MarkDuplicates	Tracking 14855 as yet unmatched pairs. 368 records in RAM.
INFO	2019-05-22 15:01:54	MarkDuplicates	Read    13,000,000 records.  Elapsed time: 00:00:41s.  Time for last 1,000,000:    2s.  Last read position: chr11:90,539,040
INFO	2019-05-22 15:01:54	MarkDuplicates	Tracking 14837 as yet unmatched pairs. 308 records in RAM.
INFO	2019-05-22 15:01:57	MarkDuplicates	Read    14,000,000 records.  Elapsed time: 00:00:45s.  Time for last 1,000,000:    3s.  Last read position: chr11:107,532,587
INFO	2019-05-22 15:01:57	MarkDuplicates	Tracking 16463 as yet unmatched pairs. 155 records in RAM.
INFO	2019-05-22 15:02:00	MarkDuplicates	Read    15,000,000 records.  Elapsed time: 00:00:48s.  Time for last 1,000,000:    3s.  Last read position: chr12:4,077,446
INFO	2019-05-22 15:02:00	MarkDuplicates	Tracking 17840 as yet unmatched pairs. 657 records in RAM.
INFO	2019-05-22 15:02:04	MarkDuplicates	Read    16,000,000 records.  Elapsed time: 00:00:51s.  Time for last 1,000,000:    3s.  Last read position: chr12:19,880,426
INFO	2019-05-22 15:02:04	MarkDuplicates	Tracking 18322 as yet unmatched pairs. 613 records in RAM.
INFO	2019-05-22 15:02:07	MarkDuplicates	Read    17,000,000 records.  Elapsed time: 00:00:54s.  Time for last 1,000,000:    3s.  Last read position: chr12:39,882,456
INFO	2019-05-22 15:02:07	MarkDuplicates	Tracking 18777 as yet unmatched pairs. 613 records in RAM.
INFO	2019-05-22 15:02:10	MarkDuplicates	Read    18,000,000 records.  Elapsed time: 00:00:57s.  Time for last 1,000,000:    3s.  Last read position: chr12:59,262,976
INFO	2019-05-22 15:02:10	MarkDuplicates	Tracking 19557 as yet unmatched pairs. 473 records in RAM.
INFO	2019-05-22 15:02:13	MarkDuplicates	Read    19,000,000 records.  Elapsed time: 00:01:00s.  Time for last 1,000,000:    3s.  Last read position: chr12:74,804,239
INFO	2019-05-22 15:02:13	MarkDuplicates	Tracking 20216 as yet unmatched pairs. 639 records in RAM.
INFO	2019-05-22 15:02:16	MarkDuplicates	Read    20,000,000 records.  Elapsed time: 00:01:04s.  Time for last 1,000,000:    3s.  Last read position: chr12:97,061,428
INFO	2019-05-22 15:02:16	MarkDuplicates	Tracking 20859 as yet unmatched pairs. 287 records in RAM.
INFO	2019-05-22 15:02:19	MarkDuplicates	Read    21,000,000 records.  Elapsed time: 00:01:07s.  Time for last 1,000,000:    2s.  Last read position: chr12:103,805,574
INFO	2019-05-22 15:02:19	MarkDuplicates	Tracking 23584 as yet unmatched pairs. 103 records in RAM.
INFO	2019-05-22 15:02:23	MarkDuplicates	Read    22,000,000 records.  Elapsed time: 00:01:10s.  Time for last 1,000,000:    3s.  Last read position: chr13:3,509,135
INFO	2019-05-22 15:02:23	MarkDuplicates	Tracking 24298 as yet unmatched pairs. 1032 records in RAM.
INFO	2019-05-22 15:02:26	MarkDuplicates	Read    23,000,000 records.  Elapsed time: 00:01:13s.  Time for last 1,000,000:    3s.  Last read position: chr13:21,945,410
INFO	2019-05-22 15:02:26	MarkDuplicates	Tracking 25480 as yet unmatched pairs. 908 records in RAM.
INFO	2019-05-22 15:02:29	MarkDuplicates	Read    24,000,000 records.  Elapsed time: 00:01:16s.  Time for last 1,000,000:    3s.  Last read position: chr13:44,904,323
INFO	2019-05-22 15:02:29	MarkDuplicates	Tracking 26313 as yet unmatched pairs. 745 records in RAM.
INFO	2019-05-22 15:02:32	MarkDuplicates	Read    25,000,000 records.  Elapsed time: 00:01:20s.  Time for last 1,000,000:    3s.  Last read position: chr13:65,774,751
INFO	2019-05-22 15:02:32	MarkDuplicates	Tracking 27828 as yet unmatched pairs. 454 records in RAM.
INFO	2019-05-22 15:02:36	MarkDuplicates	Read    26,000,000 records.  Elapsed time: 00:01:23s.  Time for last 1,000,000:    3s.  Last read position: chr13:83,660,887
INFO	2019-05-22 15:02:36	MarkDuplicates	Tracking 28212 as yet unmatched pairs. 342 records in RAM.
INFO	2019-05-22 15:02:38	MarkDuplicates	Read    27,000,000 records.  Elapsed time: 00:01:25s.  Time for last 1,000,000:    2s.  Last read position: chr13:85,126,951
INFO	2019-05-22 15:02:38	MarkDuplicates	Tracking 28507 as yet unmatched pairs. 341 records in RAM.
INFO	2019-05-22 15:02:41	MarkDuplicates	Read    28,000,000 records.  Elapsed time: 00:01:28s.  Time for last 1,000,000:    2s.  Last read position: chr13:85,127,322
INFO	2019-05-22 15:02:41	MarkDuplicates	Tracking 28813 as yet unmatched pairs. 346 records in RAM.
INFO	2019-05-22 15:02:44	MarkDuplicates	Read    29,000,000 records.  Elapsed time: 00:01:31s.  Time for last 1,000,000:    3s.  Last read position: chr13:100,329,673
INFO	2019-05-22 15:02:44	MarkDuplicates	Tracking 29593 as yet unmatched pairs. 143 records in RAM.
INFO	2019-05-22 15:02:47	MarkDuplicates	Read    30,000,000 records.  Elapsed time: 00:01:34s.  Time for last 1,000,000:    3s.  Last read position: chr14:3,349,820
INFO	2019-05-22 15:02:47	MarkDuplicates	Tracking 30070 as yet unmatched pairs. 1177 records in RAM.
INFO	2019-05-22 15:02:50	MarkDuplicates	Read    31,000,000 records.  Elapsed time: 00:01:37s.  Time for last 1,000,000:    3s.  Last read position: chr14:16,547,896
INFO	2019-05-22 15:02:50	MarkDuplicates	Tracking 30311 as yet unmatched pairs. 1165 records in RAM.
INFO	2019-05-22 15:02:53	MarkDuplicates	Read    32,000,000 records.  Elapsed time: 00:01:40s.  Time for last 1,000,000:    2s.  Last read position: chr14:19,416,624
INFO	2019-05-22 15:02:53	MarkDuplicates	Tracking 63014 as yet unmatched pairs. 33763 records in RAM.
INFO	2019-05-22 15:02:56	MarkDuplicates	Read    33,000,000 records.  Elapsed time: 00:01:43s.  Time for last 1,000,000:    2s.  Last read position: chr14:19,417,542
INFO	2019-05-22 15:02:56	MarkDuplicates	Tracking 76244 as yet unmatched pairs. 46952 records in RAM.
INFO	2019-05-22 15:02:58	MarkDuplicates	Read    34,000,000 records.  Elapsed time: 00:01:46s.  Time for last 1,000,000:    2s.  Last read position: chr14:19,418,341
INFO	2019-05-22 15:02:58	MarkDuplicates	Tracking 75064 as yet unmatched pairs. 45751 records in RAM.
INFO	2019-05-22 15:03:01	MarkDuplicates	Read    35,000,000 records.  Elapsed time: 00:01:48s.  Time for last 1,000,000:    2s.  Last read position: chr14:19,419,343
INFO	2019-05-22 15:03:01	MarkDuplicates	Tracking 36139 as yet unmatched pairs. 6795 records in RAM.
INFO	2019-05-22 15:03:04	MarkDuplicates	Read    36,000,000 records.  Elapsed time: 00:01:51s.  Time for last 1,000,000:    3s.  Last read position: chr14:38,295,362
INFO	2019-05-22 15:03:04	MarkDuplicates	Tracking 30706 as yet unmatched pairs. 961 records in RAM.
INFO	2019-05-22 15:03:07	MarkDuplicates	Read    37,000,000 records.  Elapsed time: 00:01:55s.  Time for last 1,000,000:    3s.  Last read position: chr14:49,932,709
INFO	2019-05-22 15:03:07	MarkDuplicates	Tracking 31904 as yet unmatched pairs. 792 records in RAM.
INFO	2019-05-22 15:03:11	MarkDuplicates	Read    38,000,000 records.  Elapsed time: 00:01:58s.  Time for last 1,000,000:    3s.  Last read position: chr14:71,478,080
INFO	2019-05-22 15:03:11	MarkDuplicates	Tracking 32740 as yet unmatched pairs. 387 records in RAM.
INFO	2019-05-22 15:03:14	MarkDuplicates	Read    39,000,000 records.  Elapsed time: 00:02:01s.  Time for last 1,000,000:    3s.  Last read position: chr14:97,192,817
INFO	2019-05-22 15:03:14	MarkDuplicates	Tracking 33167 as yet unmatched pairs. 229 records in RAM.
INFO	2019-05-22 15:03:17	MarkDuplicates	Read    40,000,000 records.  Elapsed time: 00:02:04s.  Time for last 1,000,000:    3s.  Last read position: chr14:118,937,781
INFO	2019-05-22 15:03:17	MarkDuplicates	Tracking 33643 as yet unmatched pairs. 196 records in RAM.
INFO	2019-05-22 15:03:20	MarkDuplicates	Read    41,000,000 records.  Elapsed time: 00:02:08s.  Time for last 1,000,000:    3s.  Last read position: chr15:19,302,905
INFO	2019-05-22 15:03:20	MarkDuplicates	Tracking 34068 as yet unmatched pairs. 1177 records in RAM.
INFO	2019-05-22 15:03:24	MarkDuplicates	Read    42,000,000 records.  Elapsed time: 00:02:11s.  Time for last 1,000,000:    3s.  Last read position: chr15:42,568,027
INFO	2019-05-22 15:03:24	MarkDuplicates	Tracking 34648 as yet unmatched pairs. 1032 records in RAM.
INFO	2019-05-22 15:03:27	MarkDuplicates	Read    43,000,000 records.  Elapsed time: 00:02:14s.  Time for last 1,000,000:    3s.  Last read position: chr15:63,491,581
INFO	2019-05-22 15:03:27	MarkDuplicates	Tracking 35089 as yet unmatched pairs. 850 records in RAM.
INFO	2019-05-22 15:03:30	MarkDuplicates	Read    44,000,000 records.  Elapsed time: 00:02:18s.  Time for last 1,000,000:    3s.  Last read position: chr15:86,761,039
INFO	2019-05-22 15:03:30	MarkDuplicates	Tracking 35988 as yet unmatched pairs. 422 records in RAM.
INFO	2019-05-22 15:03:34	MarkDuplicates	Read    45,000,000 records.  Elapsed time: 00:02:21s.  Time for last 1,000,000:    3s.  Last read position: chr16:8,316,859
INFO	2019-05-22 15:03:34	MarkDuplicates	Tracking 37027 as yet unmatched pairs. 1232 records in RAM.
INFO	2019-05-22 15:03:37	MarkDuplicates	Read    46,000,000 records.  Elapsed time: 00:02:24s.  Time for last 1,000,000:    3s.  Last read position: chr16:27,714,840
INFO	2019-05-22 15:03:37	MarkDuplicates	Tracking 38048 as yet unmatched pairs. 904 records in RAM.
INFO	2019-05-22 15:03:40	MarkDuplicates	Read    47,000,000 records.  Elapsed time: 00:02:28s.  Time for last 1,000,000:    3s.  Last read position: chr16:52,626,551
INFO	2019-05-22 15:03:40	MarkDuplicates	Tracking 38797 as yet unmatched pairs. 536 records in RAM.
INFO	2019-05-22 15:03:44	MarkDuplicates	Read    48,000,000 records.  Elapsed time: 00:02:31s.  Time for last 1,000,000:    3s.  Last read position: chr16:76,201,614
INFO	2019-05-22 15:03:44	MarkDuplicates	Tracking 39061 as yet unmatched pairs. 383 records in RAM.
INFO	2019-05-22 15:03:47	MarkDuplicates	Read    49,000,000 records.  Elapsed time: 00:02:34s.  Time for last 1,000,000:    3s.  Last read position: chr16:96,075,738
INFO	2019-05-22 15:03:47	MarkDuplicates	Tracking 39684 as yet unmatched pairs. 33 records in RAM.
INFO	2019-05-22 15:03:50	MarkDuplicates	Read    50,000,000 records.  Elapsed time: 00:02:37s.  Time for last 1,000,000:    3s.  Last read position: chr17:17,990,838
INFO	2019-05-22 15:03:50	MarkDuplicates	Tracking 40401 as yet unmatched pairs. 1557 records in RAM.
INFO	2019-05-22 15:03:53	MarkDuplicates	Read    51,000,000 records.  Elapsed time: 00:02:41s.  Time for last 1,000,000:    3s.  Last read position: chr17:35,517,062
INFO	2019-05-22 15:03:53	MarkDuplicates	Tracking 41041 as yet unmatched pairs. 1178 records in RAM.
INFO	2019-05-22 15:03:57	MarkDuplicates	Read    52,000,000 records.  Elapsed time: 00:02:44s.  Time for last 1,000,000:    3s.  Last read position: chr17:54,249,471
INFO	2019-05-22 15:03:57	MarkDuplicates	Tracking 41401 as yet unmatched pairs. 770 records in RAM.
INFO	2019-05-22 15:04:00	MarkDuplicates	Read    53,000,000 records.  Elapsed time: 00:02:47s.  Time for last 1,000,000:    3s.  Last read position: chr17:76,507,044
INFO	2019-05-22 15:04:00	MarkDuplicates	Tracking 42075 as yet unmatched pairs. 260 records in RAM.
INFO	2019-05-22 15:04:03	MarkDuplicates	Read    54,000,000 records.  Elapsed time: 00:02:50s.  Time for last 1,000,000:    3s.  Last read position: chr17:93,680,842
INFO	2019-05-22 15:04:03	MarkDuplicates	Tracking 42315 as yet unmatched pairs. 29 records in RAM.
INFO	2019-05-22 15:04:06	MarkDuplicates	Read    55,000,000 records.  Elapsed time: 00:02:53s.  Time for last 1,000,000:    3s.  Last read position: chr18:13,012,405
INFO	2019-05-22 15:04:06	MarkDuplicates	Tracking 42572 as yet unmatched pairs. 1415 records in RAM.
INFO	2019-05-22 15:04:09	MarkDuplicates	Read    56,000,000 records.  Elapsed time: 00:02:57s.  Time for last 1,000,000:    3s.  Last read position: chr18:35,816,035
INFO	2019-05-22 15:04:09	MarkDuplicates	Tracking 42866 as yet unmatched pairs. 1212 records in RAM.
INFO	2019-05-22 15:04:13	MarkDuplicates	Read    57,000,000 records.  Elapsed time: 00:03:00s.  Time for last 1,000,000:    3s.  Last read position: chr18:60,463,390
INFO	2019-05-22 15:04:13	MarkDuplicates	Tracking 43433 as yet unmatched pairs. 745 records in RAM.
INFO	2019-05-22 15:04:15	MarkDuplicates	Read    58,000,000 records.  Elapsed time: 00:03:03s.  Time for last 1,000,000:    2s.  Last read position: chr18:70,053,481
INFO	2019-05-22 15:04:15	MarkDuplicates	Tracking 43676 as yet unmatched pairs. 573 records in RAM.
INFO	2019-05-22 15:04:19	MarkDuplicates	Read    59,000,000 records.  Elapsed time: 00:03:06s.  Time for last 1,000,000:    3s.  Last read position: chr18:90,491,497
INFO	2019-05-22 15:04:19	MarkDuplicates	Tracking 44178 as yet unmatched pairs. 2 records in RAM.
INFO	2019-05-22 15:04:22	MarkDuplicates	Read    60,000,000 records.  Elapsed time: 00:03:09s.  Time for last 1,000,000:    3s.  Last read position: chr19:21,965,091
INFO	2019-05-22 15:04:22	MarkDuplicates	Tracking 44430 as yet unmatched pairs. 772 records in RAM.
INFO	2019-05-22 15:04:25	MarkDuplicates	Read    61,000,000 records.  Elapsed time: 00:03:13s.  Time for last 1,000,000:    3s.  Last read position: chr19:45,782,872
INFO	2019-05-22 15:04:25	MarkDuplicates	Tracking 44872 as yet unmatched pairs. 305 records in RAM.
INFO	2019-05-22 15:04:29	MarkDuplicates	Read    62,000,000 records.  Elapsed time: 00:03:16s.  Time for last 1,000,000:    3s.  Last read position: chr1:9,446,392
INFO	2019-05-22 15:04:29	MarkDuplicates	Tracking 45043 as yet unmatched pairs. 4566 records in RAM.
INFO	2019-05-22 15:04:32	MarkDuplicates	Read    63,000,000 records.  Elapsed time: 00:03:19s.  Time for last 1,000,000:    3s.  Last read position: chr1:24,611,611
INFO	2019-05-22 15:04:32	MarkDuplicates	Tracking 65013 as yet unmatched pairs. 23333 records in RAM.
INFO	2019-05-22 15:04:35	MarkDuplicates	Read    64,000,000 records.  Elapsed time: 00:03:22s.  Time for last 1,000,000:    3s.  Last read position: chr1:24,611,963
INFO	2019-05-22 15:04:35	MarkDuplicates	Tracking 82160 as yet unmatched pairs. 34310 records in RAM.
INFO	2019-05-22 15:04:38	MarkDuplicates	Read    65,000,000 records.  Elapsed time: 00:03:25s.  Time for last 1,000,000:    2s.  Last read position: chr1:24,612,326
INFO	2019-05-22 15:04:38	MarkDuplicates	Tracking 87647 as yet unmatched pairs. 35815 records in RAM.
INFO	2019-05-22 15:04:41	MarkDuplicates	Read    66,000,000 records.  Elapsed time: 00:03:28s.  Time for last 1,000,000:    2s.  Last read position: chr1:24,612,653
INFO	2019-05-22 15:04:41	MarkDuplicates	Tracking 81294 as yet unmatched pairs. 21600 records in RAM.
INFO	2019-05-22 15:04:44	MarkDuplicates	Read    67,000,000 records.  Elapsed time: 00:03:31s.  Time for last 1,000,000:    2s.  Last read position: chr1:24,612,971
INFO	2019-05-22 15:04:44	MarkDuplicates	Tracking 94004 as yet unmatched pairs. 31296 records in RAM.
INFO	2019-05-22 15:04:47	MarkDuplicates	Read    68,000,000 records.  Elapsed time: 00:03:34s.  Time for last 1,000,000:    2s.  Last read position: chr1:24,613,289
INFO	2019-05-22 15:04:47	MarkDuplicates	Tracking 120763 as yet unmatched pairs. 54692 records in RAM.
INFO	2019-05-22 15:04:50	MarkDuplicates	Read    69,000,000 records.  Elapsed time: 00:03:37s.  Time for last 1,000,000:    3s.  Last read position: chr1:24,613,616
INFO	2019-05-22 15:04:50	MarkDuplicates	Tracking 103284 as yet unmatched pairs. 31425 records in RAM.
INFO	2019-05-22 15:04:53	MarkDuplicates	Read    70,000,000 records.  Elapsed time: 00:03:40s.  Time for last 1,000,000:    2s.  Last read position: chr1:24,613,943
INFO	2019-05-22 15:04:53	MarkDuplicates	Tracking 107227 as yet unmatched pairs. 29547 records in RAM.
INFO	2019-05-22 15:04:56	MarkDuplicates	Read    71,000,000 records.  Elapsed time: 00:03:43s.  Time for last 1,000,000:    2s.  Last read position: chr1:24,614,281
INFO	2019-05-22 15:04:56	MarkDuplicates	Tracking 118826 as yet unmatched pairs. 36878 records in RAM.
INFO	2019-05-22 15:04:59	MarkDuplicates	Read    72,000,000 records.  Elapsed time: 00:03:46s.  Time for last 1,000,000:    3s.  Last read position: chr1:24,614,622
INFO	2019-05-22 15:04:59	MarkDuplicates	Tracking 149144 as yet unmatched pairs. 61678 records in RAM.
INFO	2019-05-22 15:05:02	MarkDuplicates	Read    73,000,000 records.  Elapsed time: 00:03:49s.  Time for last 1,000,000:    2s.  Last read position: chr1:24,614,966
INFO	2019-05-22 15:05:02	MarkDuplicates	Tracking 122162 as yet unmatched pairs. 31406 records in RAM.
INFO	2019-05-22 15:05:05	MarkDuplicates	Read    74,000,000 records.  Elapsed time: 00:03:52s.  Time for last 1,000,000:    3s.  Last read position: chr1:24,615,322
INFO	2019-05-22 15:05:05	MarkDuplicates	Tracking 139468 as yet unmatched pairs. 42006 records in RAM.
INFO	2019-05-22 15:05:07	MarkDuplicates	Read    75,000,000 records.  Elapsed time: 00:03:55s.  Time for last 1,000,000:    2s.  Last read position: chr1:24,615,654
INFO	2019-05-22 15:05:07	MarkDuplicates	Tracking 154706 as yet unmatched pairs. 53076 records in RAM.
INFO	2019-05-22 15:05:11	MarkDuplicates	Read    76,000,000 records.  Elapsed time: 00:03:58s.  Time for last 1,000,000:    3s.  Last read position: chr1:24,616,014
INFO	2019-05-22 15:05:11	MarkDuplicates	Tracking 140723 as yet unmatched pairs. 33649 records in RAM.
INFO	2019-05-22 15:05:14	MarkDuplicates	Read    77,000,000 records.  Elapsed time: 00:04:01s.  Time for last 1,000,000:    2s.  Last read position: chr1:34,753,027
INFO	2019-05-22 15:05:14	MarkDuplicates	Tracking 112386 as yet unmatched pairs. 3571 records in RAM.
INFO	2019-05-22 15:05:17	MarkDuplicates	Read    78,000,000 records.  Elapsed time: 00:04:04s.  Time for last 1,000,000:    3s.  Last read position: chr1:54,604,780
INFO	2019-05-22 15:05:17	MarkDuplicates	Tracking 112522 as yet unmatched pairs. 3264 records in RAM.
INFO	2019-05-22 15:05:20	MarkDuplicates	Read    79,000,000 records.  Elapsed time: 00:04:07s.  Time for last 1,000,000:    2s.  Last read position: chr1:65,446,484
INFO	2019-05-22 15:05:20	MarkDuplicates	Tracking 112777 as yet unmatched pairs. 2801 records in RAM.
INFO	2019-05-22 15:05:23	MarkDuplicates	Read    80,000,000 records.  Elapsed time: 00:04:10s.  Time for last 1,000,000:    3s.  Last read position: chr1:87,327,131
INFO	2019-05-22 15:05:23	MarkDuplicates	Tracking 113079 as yet unmatched pairs. 2368 records in RAM.
INFO	2019-05-22 15:05:26	MarkDuplicates	Read    81,000,000 records.  Elapsed time: 00:04:13s.  Time for last 1,000,000:    3s.  Last read position: chr1:109,099,063
INFO	2019-05-22 15:05:26	MarkDuplicates	Tracking 113247 as yet unmatched pairs. 1850 records in RAM.
INFO	2019-05-22 15:05:29	MarkDuplicates	Read    82,000,000 records.  Elapsed time: 00:04:17s.  Time for last 1,000,000:    3s.  Last read position: chr1:131,737,402
INFO	2019-05-22 15:05:29	MarkDuplicates	Tracking 113390 as yet unmatched pairs. 1634 records in RAM.
INFO	2019-05-22 15:05:32	MarkDuplicates	Read    83,000,000 records.  Elapsed time: 00:04:20s.  Time for last 1,000,000:    2s.  Last read position: chr1:138,992,278
INFO	2019-05-22 15:05:32	MarkDuplicates	Tracking 113427 as yet unmatched pairs. 1428 records in RAM.
INFO	2019-05-22 15:05:36	MarkDuplicates	Read    84,000,000 records.  Elapsed time: 00:04:23s.  Time for last 1,000,000:    3s.  Last read position: chr1:159,942,312
INFO	2019-05-22 15:05:36	MarkDuplicates	Tracking 113718 as yet unmatched pairs. 797 records in RAM.
INFO	2019-05-22 15:05:39	MarkDuplicates	Read    85,000,000 records.  Elapsed time: 00:04:26s.  Time for last 1,000,000:    3s.  Last read position: chr1:179,538,889
INFO	2019-05-22 15:05:39	MarkDuplicates	Tracking 113837 as yet unmatched pairs. 429 records in RAM.
INFO	2019-05-22 15:05:42	MarkDuplicates	Read    86,000,000 records.  Elapsed time: 00:04:29s.  Time for last 1,000,000:    3s.  Last read position: chr2:4,986,932
INFO	2019-05-22 15:05:42	MarkDuplicates	Tracking 114117 as yet unmatched pairs. 7652 records in RAM.
INFO	2019-05-22 15:05:45	MarkDuplicates	Read    87,000,000 records.  Elapsed time: 00:04:33s.  Time for last 1,000,000:    3s.  Last read position: chr2:22,587,288
INFO	2019-05-22 15:05:45	MarkDuplicates	Tracking 114505 as yet unmatched pairs. 7664 records in RAM.
INFO	2019-05-22 15:05:48	MarkDuplicates	Read    88,000,000 records.  Elapsed time: 00:04:35s.  Time for last 1,000,000:    2s.  Last read position: chr2:22,587,690
INFO	2019-05-22 15:05:48	MarkDuplicates	Tracking 114988 as yet unmatched pairs. 7457 records in RAM.
INFO	2019-05-22 15:05:51	MarkDuplicates	Read    89,000,000 records.  Elapsed time: 00:04:38s.  Time for last 1,000,000:    2s.  Last read position: chr2:22,588,039
INFO	2019-05-22 15:05:51	MarkDuplicates	Tracking 126935 as yet unmatched pairs. 18202 records in RAM.
INFO	2019-05-22 15:05:53	MarkDuplicates	Read    90,000,000 records.  Elapsed time: 00:04:40s.  Time for last 1,000,000:    2s.  Last read position: chr2:22,588,382
INFO	2019-05-22 15:05:53	MarkDuplicates	Tracking 114185 as yet unmatched pairs. 4782 records in RAM.
INFO	2019-05-22 15:05:56	MarkDuplicates	Read    91,000,000 records.  Elapsed time: 00:04:43s.  Time for last 1,000,000:    2s.  Last read position: chr2:22,588,718
INFO	2019-05-22 15:05:56	MarkDuplicates	Tracking 115303 as yet unmatched pairs. 5123 records in RAM.
INFO	2019-05-22 15:05:58	MarkDuplicates	Read    92,000,000 records.  Elapsed time: 00:04:46s.  Time for last 1,000,000:    2s.  Last read position: chr2:22,589,063
INFO	2019-05-22 15:05:58	MarkDuplicates	Tracking 116923 as yet unmatched pairs. 4791 records in RAM.
INFO	2019-05-22 15:06:01	MarkDuplicates	Read    93,000,000 records.  Elapsed time: 00:04:48s.  Time for last 1,000,000:    2s.  Last read position: chr2:22,589,428
INFO	2019-05-22 15:06:01	MarkDuplicates	Tracking 119859 as yet unmatched pairs. 5153 records in RAM.
INFO	2019-05-22 15:06:04	MarkDuplicates	Read    94,000,000 records.  Elapsed time: 00:04:51s.  Time for last 1,000,000:    2s.  Last read position: chr2:22,589,757
INFO	2019-05-22 15:06:04	MarkDuplicates	Tracking 128307 as yet unmatched pairs. 11694 records in RAM.
INFO	2019-05-22 15:06:06	MarkDuplicates	Read    95,000,000 records.  Elapsed time: 00:04:53s.  Time for last 1,000,000:    2s.  Last read position: chr2:22,590,134
INFO	2019-05-22 15:06:06	MarkDuplicates	Tracking 122635 as yet unmatched pairs. 4598 records in RAM.
INFO	2019-05-22 15:06:09	MarkDuplicates	Read    96,000,000 records.  Elapsed time: 00:04:56s.  Time for last 1,000,000:    2s.  Last read position: chr2:23,477,504
INFO	2019-05-22 15:06:09	MarkDuplicates	Tracking 122780 as yet unmatched pairs. 4559 records in RAM.
INFO	2019-05-22 15:06:12	MarkDuplicates	Read    97,000,000 records.  Elapsed time: 00:04:59s.  Time for last 1,000,000:    3s.  Last read position: chr2:48,077,937
INFO	2019-05-22 15:06:12	MarkDuplicates	Tracking 123015 as yet unmatched pairs. 3974 records in RAM.
INFO	2019-05-22 15:06:15	MarkDuplicates	Read    98,000,000 records.  Elapsed time: 00:05:03s.  Time for last 1,000,000:    3s.  Last read position: chr2:69,355,563
INFO	2019-05-22 15:06:15	MarkDuplicates	Tracking 129644 as yet unmatched pairs. 9913 records in RAM.
INFO	2019-05-22 15:06:19	MarkDuplicates	Read    99,000,000 records.  Elapsed time: 00:05:06s.  Time for last 1,000,000:    3s.  Last read position: chr2:88,967,718
INFO	2019-05-22 15:06:19	MarkDuplicates	Tracking 124166 as yet unmatched pairs. 3064 records in RAM.
INFO	2019-05-22 15:06:21	MarkDuplicates	Read   100,000,000 records.  Elapsed time: 00:05:09s.  Time for last 1,000,000:    2s.  Last read position: chr2:98,662,538
INFO	2019-05-22 15:06:21	MarkDuplicates	Tracking 137123 as yet unmatched pairs. 15652 records in RAM.
INFO	2019-05-22 15:06:24	MarkDuplicates	Read   101,000,000 records.  Elapsed time: 00:05:11s.  Time for last 1,000,000:    2s.  Last read position: chr2:98,665,019
INFO	2019-05-22 15:06:24	MarkDuplicates	Tracking 127480 as yet unmatched pairs. 5970 records in RAM.
INFO	2019-05-22 15:06:27	MarkDuplicates	Read   102,000,000 records.  Elapsed time: 00:05:14s.  Time for last 1,000,000:    2s.  Last read position: chr2:98,666,581
INFO	2019-05-22 15:06:27	MarkDuplicates	Tracking 144717 as yet unmatched pairs. 23150 records in RAM.
INFO	2019-05-22 15:06:30	MarkDuplicates	Read   103,000,000 records.  Elapsed time: 00:05:17s.  Time for last 1,000,000:    2s.  Last read position: chr2:98,666,929
INFO	2019-05-22 15:06:30	MarkDuplicates	Tracking 223001 as yet unmatched pairs. 101399 records in RAM.
INFO	2019-05-22 15:06:32	MarkDuplicates	Read   104,000,000 records.  Elapsed time: 00:05:19s.  Time for last 1,000,000:    2s.  Last read position: chr2:98,667,236
INFO	2019-05-22 15:06:32	MarkDuplicates	Tracking 135282 as yet unmatched pairs. 13568 records in RAM.
INFO	2019-05-22 15:06:57	MarkDuplicates	Read   105,000,000 records.  Elapsed time: 00:05:44s.  Time for last 1,000,000:   24s.  Last read position: chr2:118,541,879
INFO	2019-05-22 15:06:57	MarkDuplicates	Tracking 124335 as yet unmatched pairs. 2080 records in RAM.
INFO	2019-05-22 15:07:00	MarkDuplicates	Read   106,000,000 records.  Elapsed time: 00:05:47s.  Time for last 1,000,000:    3s.  Last read position: chr2:141,734,911
INFO	2019-05-22 15:07:00	MarkDuplicates	Tracking 124415 as yet unmatched pairs. 1222 records in RAM.
INFO	2019-05-22 15:07:04	MarkDuplicates	Read   107,000,000 records.  Elapsed time: 00:05:51s.  Time for last 1,000,000:    3s.  Last read position: chr2:164,108,968
INFO	2019-05-22 15:07:04	MarkDuplicates	Tracking 124443 as yet unmatched pairs. 736 records in RAM.
INFO	2019-05-22 15:07:07	MarkDuplicates	Read   108,000,000 records.  Elapsed time: 00:05:54s.  Time for last 1,000,000:    3s.  Last read position: chr2:177,980,968
INFO	2019-05-22 15:07:07	MarkDuplicates	Tracking 124497 as yet unmatched pairs. 149 records in RAM.
INFO	2019-05-22 15:07:10	MarkDuplicates	Read   109,000,000 records.  Elapsed time: 00:05:57s.  Time for last 1,000,000:    3s.  Last read position: chr3:6,049,838
INFO	2019-05-22 15:07:10	MarkDuplicates	Tracking 124432 as yet unmatched pairs. 4163 records in RAM.
INFO	2019-05-22 15:07:13	MarkDuplicates	Read   110,000,000 records.  Elapsed time: 00:06:00s.  Time for last 1,000,000:    3s.  Last read position: chr3:22,704,406
INFO	2019-05-22 15:07:13	MarkDuplicates	Tracking 124416 as yet unmatched pairs. 3905 records in RAM.
INFO	2019-05-22 15:07:16	MarkDuplicates	Read   111,000,000 records.  Elapsed time: 00:06:04s.  Time for last 1,000,000:    3s.  Last read position: chr3:47,783,596
INFO	2019-05-22 15:07:16	MarkDuplicates	Tracking 124399 as yet unmatched pairs. 3566 records in RAM.
INFO	2019-05-22 15:07:20	MarkDuplicates	Read   112,000,000 records.  Elapsed time: 00:06:07s.  Time for last 1,000,000:    3s.  Last read position: chr3:70,377,444
INFO	2019-05-22 15:07:20	MarkDuplicates	Tracking 124323 as yet unmatched pairs. 3026 records in RAM.
INFO	2019-05-22 15:07:23	MarkDuplicates	Read   113,000,000 records.  Elapsed time: 00:06:10s.  Time for last 1,000,000:    3s.  Last read position: chr3:92,034,055
INFO	2019-05-22 15:07:23	MarkDuplicates	Tracking 124309 as yet unmatched pairs. 2621 records in RAM.
INFO	2019-05-22 15:07:26	MarkDuplicates	Read   114,000,000 records.  Elapsed time: 00:06:13s.  Time for last 1,000,000:    3s.  Last read position: chr3:101,880,936
INFO	2019-05-22 15:07:26	MarkDuplicates	Tracking 124158 as yet unmatched pairs. 1991 records in RAM.
INFO	2019-05-22 15:07:29	MarkDuplicates	Read   115,000,000 records.  Elapsed time: 00:06:17s.  Time for last 1,000,000:    3s.  Last read position: chr3:118,818,995
INFO	2019-05-22 15:07:29	MarkDuplicates	Tracking 124129 as yet unmatched pairs. 1650 records in RAM.
INFO	2019-05-22 15:07:33	MarkDuplicates	Read   116,000,000 records.  Elapsed time: 00:06:20s.  Time for last 1,000,000:    3s.  Last read position: chr3:140,523,936
INFO	2019-05-22 15:07:33	MarkDuplicates	Tracking 124110 as yet unmatched pairs. 469 records in RAM.
INFO	2019-05-22 15:07:36	MarkDuplicates	Read   117,000,000 records.  Elapsed time: 00:06:24s.  Time for last 1,000,000:    3s.  Last read position: chr4:3,090,201
INFO	2019-05-22 15:07:36	MarkDuplicates	Tracking 124946 as yet unmatched pairs. 6519 records in RAM.
INFO	2019-05-22 15:07:39	MarkDuplicates	Read   118,000,000 records.  Elapsed time: 00:06:27s.  Time for last 1,000,000:    3s.  Last read position: chr4:12,883,379
INFO	2019-05-22 15:07:39	MarkDuplicates	Tracking 123900 as yet unmatched pairs. 5313 records in RAM.
INFO	2019-05-22 15:07:43	MarkDuplicates	Read   119,000,000 records.  Elapsed time: 00:06:30s.  Time for last 1,000,000:    3s.  Last read position: chr4:35,431,332
INFO	2019-05-22 15:07:43	MarkDuplicates	Tracking 123792 as yet unmatched pairs. 4862 records in RAM.
INFO	2019-05-22 15:07:46	MarkDuplicates	Read   120,000,000 records.  Elapsed time: 00:06:33s.  Time for last 1,000,000:    3s.  Last read position: chr4:57,956,597
INFO	2019-05-22 15:07:46	MarkDuplicates	Tracking 123760 as yet unmatched pairs. 4329 records in RAM.
INFO	2019-05-22 15:07:49	MarkDuplicates	Read   121,000,000 records.  Elapsed time: 00:06:36s.  Time for last 1,000,000:    3s.  Last read position: chr4:73,851,957
INFO	2019-05-22 15:07:49	MarkDuplicates	Tracking 123589 as yet unmatched pairs. 3990 records in RAM.
INFO	2019-05-22 15:07:52	MarkDuplicates	Read   122,000,000 records.  Elapsed time: 00:06:39s.  Time for last 1,000,000:    2s.  Last read position: chr4:80,002,640
INFO	2019-05-22 15:07:52	MarkDuplicates	Tracking 123634 as yet unmatched pairs. 3992 records in RAM.
INFO	2019-05-22 15:07:54	MarkDuplicates	Read   123,000,000 records.  Elapsed time: 00:06:42s.  Time for last 1,000,000:    2s.  Last read position: chr4:80,003,100
INFO	2019-05-22 15:07:54	MarkDuplicates	Tracking 124023 as yet unmatched pairs. 3838 records in RAM.
INFO	2019-05-22 15:07:57	MarkDuplicates	Read   124,000,000 records.  Elapsed time: 00:06:44s.  Time for last 1,000,000:    2s.  Last read position: chr4:80,003,612
INFO	2019-05-22 15:07:57	MarkDuplicates	Tracking 124054 as yet unmatched pairs. 3833 records in RAM.
INFO	2019-05-22 15:08:00	MarkDuplicates	Read   125,000,000 records.  Elapsed time: 00:06:47s.  Time for last 1,000,000:    2s.  Last read position: chr4:80,004,028
INFO	2019-05-22 15:08:00	MarkDuplicates	Tracking 124286 as yet unmatched pairs. 3830 records in RAM.
INFO	2019-05-22 15:08:02	MarkDuplicates	Read   126,000,000 records.  Elapsed time: 00:06:49s.  Time for last 1,000,000:    2s.  Last read position: chr4:80,004,434
INFO	2019-05-22 15:08:02	MarkDuplicates	Tracking 124348 as yet unmatched pairs. 3831 records in RAM.
INFO	2019-05-22 15:08:05	MarkDuplicates	Read   127,000,000 records.  Elapsed time: 00:06:52s.  Time for last 1,000,000:    2s.  Last read position: chr4:80,004,972
INFO	2019-05-22 15:08:05	MarkDuplicates	Tracking 124366 as yet unmatched pairs. 3830 records in RAM.
INFO	2019-05-22 15:08:08	MarkDuplicates	Read   128,000,000 records.  Elapsed time: 00:06:55s.  Time for last 1,000,000:    2s.  Last read position: chr4:89,311,147
INFO	2019-05-22 15:08:08	MarkDuplicates	Tracking 124367 as yet unmatched pairs. 3280 records in RAM.
INFO	2019-05-22 15:08:11	MarkDuplicates	Read   129,000,000 records.  Elapsed time: 00:06:58s.  Time for last 1,000,000:    3s.  Last read position: chr4:112,931,864
INFO	2019-05-22 15:08:11	MarkDuplicates	Tracking 124132 as yet unmatched pairs. 2162 records in RAM.
INFO	2019-05-22 15:08:14	MarkDuplicates	Read   130,000,000 records.  Elapsed time: 00:07:02s.  Time for last 1,000,000:    3s.  Last read position: chr4:133,052,523
INFO	2019-05-22 15:08:14	MarkDuplicates	Tracking 123727 as yet unmatched pairs. 1167 records in RAM.
INFO	2019-05-22 15:08:18	MarkDuplicates	Read   131,000,000 records.  Elapsed time: 00:07:05s.  Time for last 1,000,000:    3s.  Last read position: chr4:147,168,116
INFO	2019-05-22 15:08:18	MarkDuplicates	Tracking 123526 as yet unmatched pairs. 510 records in RAM.
INFO	2019-05-22 15:08:21	MarkDuplicates	Read   132,000,000 records.  Elapsed time: 00:07:08s.  Time for last 1,000,000:    3s.  Last read position: chr5:7,276,822
INFO	2019-05-22 15:08:21	MarkDuplicates	Tracking 123264 as yet unmatched pairs. 9565 records in RAM.
INFO	2019-05-22 15:08:24	MarkDuplicates	Read   133,000,000 records.  Elapsed time: 00:07:11s.  Time for last 1,000,000:    2s.  Last read position: chr5:14,460,165
INFO	2019-05-22 15:08:24	MarkDuplicates	Tracking 123244 as yet unmatched pairs. 9352 records in RAM.
INFO	2019-05-22 15:08:27	MarkDuplicates	Read   134,000,000 records.  Elapsed time: 00:07:14s.  Time for last 1,000,000:    3s.  Last read position: chr5:32,729,153
INFO	2019-05-22 15:08:27	MarkDuplicates	Tracking 123163 as yet unmatched pairs. 9051 records in RAM.
INFO	2019-05-22 15:08:30	MarkDuplicates	Read   135,000,000 records.  Elapsed time: 00:07:17s.  Time for last 1,000,000:    3s.  Last read position: chr5:50,117,973
INFO	2019-05-22 15:08:30	MarkDuplicates	Tracking 122779 as yet unmatched pairs. 8259 records in RAM.
INFO	2019-05-22 15:08:33	MarkDuplicates	Read   136,000,000 records.  Elapsed time: 00:07:20s.  Time for last 1,000,000:    2s.  Last read position: chr5:60,042,950
INFO	2019-05-22 15:08:33	MarkDuplicates	Tracking 126381 as yet unmatched pairs. 11532 records in RAM.
INFO	2019-05-22 15:08:36	MarkDuplicates	Read   137,000,000 records.  Elapsed time: 00:07:24s.  Time for last 1,000,000:    3s.  Last read position: chr5:78,358,158
INFO	2019-05-22 15:08:36	MarkDuplicates	Tracking 122438 as yet unmatched pairs. 7143 records in RAM.
INFO	2019-05-22 15:08:39	MarkDuplicates	Read   138,000,000 records.  Elapsed time: 00:07:27s.  Time for last 1,000,000:    2s.  Last read position: chr5:90,417,943
INFO	2019-05-22 15:08:39	MarkDuplicates	Tracking 122309 as yet unmatched pairs. 6855 records in RAM.
INFO	2019-05-22 15:08:42	MarkDuplicates	Read   139,000,000 records.  Elapsed time: 00:07:30s.  Time for last 1,000,000:    3s.  Last read position: chr5:104,438,192
INFO	2019-05-22 15:08:42	MarkDuplicates	Tracking 121977 as yet unmatched pairs. 5934 records in RAM.
INFO	2019-05-22 15:08:46	MarkDuplicates	Read   140,000,000 records.  Elapsed time: 00:07:33s.  Time for last 1,000,000:    3s.  Last read position: chr5:124,541,193
INFO	2019-05-22 15:08:46	MarkDuplicates	Tracking 121211 as yet unmatched pairs. 4021 records in RAM.
INFO	2019-05-22 15:08:49	MarkDuplicates	Read   141,000,000 records.  Elapsed time: 00:07:36s.  Time for last 1,000,000:    3s.  Last read position: chr5:146,817,018
INFO	2019-05-22 15:08:49	MarkDuplicates	Tracking 119827 as yet unmatched pairs. 353 records in RAM.
INFO	2019-05-22 15:08:52	MarkDuplicates	Read   142,000,000 records.  Elapsed time: 00:07:39s.  Time for last 1,000,000:    3s.  Last read position: chr6:9,890,081
INFO	2019-05-22 15:08:52	MarkDuplicates	Tracking 119766 as yet unmatched pairs. 5519 records in RAM.
INFO	2019-05-22 15:08:55	MarkDuplicates	Read   143,000,000 records.  Elapsed time: 00:07:43s.  Time for last 1,000,000:    3s.  Last read position: chr6:30,046,747
INFO	2019-05-22 15:08:55	MarkDuplicates	Tracking 119333 as yet unmatched pairs. 4856 records in RAM.
INFO	2019-05-22 15:08:59	MarkDuplicates	Read   144,000,000 records.  Elapsed time: 00:07:46s.  Time for last 1,000,000:    3s.  Last read position: chr6:51,163,404
INFO	2019-05-22 15:08:59	MarkDuplicates	Tracking 118755 as yet unmatched pairs. 4033 records in RAM.
INFO	2019-05-22 15:09:02	MarkDuplicates	Read   145,000,000 records.  Elapsed time: 00:07:49s.  Time for last 1,000,000:    3s.  Last read position: chr6:71,177,006
INFO	2019-05-22 15:09:02	MarkDuplicates	Tracking 118415 as yet unmatched pairs. 3497 records in RAM.
INFO	2019-05-22 15:09:05	MarkDuplicates	Read   146,000,000 records.  Elapsed time: 00:07:52s.  Time for last 1,000,000:    2s.  Last read position: chr6:82,167,603
INFO	2019-05-22 15:09:05	MarkDuplicates	Tracking 118350 as yet unmatched pairs. 3302 records in RAM.
INFO	2019-05-22 15:09:08	MarkDuplicates	Read   147,000,000 records.  Elapsed time: 00:07:55s.  Time for last 1,000,000:    3s.  Last read position: chr6:103,649,159
INFO	2019-05-22 15:09:08	MarkDuplicates	Tracking 134169 as yet unmatched pairs. 18611 records in RAM.
INFO	2019-05-22 15:09:11	MarkDuplicates	Read   148,000,000 records.  Elapsed time: 00:07:58s.  Time for last 1,000,000:    3s.  Last read position: chr6:122,931,379
INFO	2019-05-22 15:09:11	MarkDuplicates	Tracking 117274 as yet unmatched pairs. 1535 records in RAM.
INFO	2019-05-22 15:09:14	MarkDuplicates	Read   149,000,000 records.  Elapsed time: 00:08:02s.  Time for last 1,000,000:    3s.  Last read position: chr6:139,377,833
INFO	2019-05-22 15:09:14	MarkDuplicates	Tracking 116661 as yet unmatched pairs. 509 records in RAM.
INFO	2019-05-22 15:09:18	MarkDuplicates	Read   150,000,000 records.  Elapsed time: 00:08:05s.  Time for last 1,000,000:    3s.  Last read position: chr7:9,108,667
INFO	2019-05-22 15:09:18	MarkDuplicates	Tracking 116114 as yet unmatched pairs. 7352 records in RAM.
INFO	2019-05-22 15:09:21	MarkDuplicates	Read   151,000,000 records.  Elapsed time: 00:08:08s.  Time for last 1,000,000:    3s.  Last read position: chr7:20,693,613
INFO	2019-05-22 15:09:21	MarkDuplicates	Tracking 115787 as yet unmatched pairs. 6917 records in RAM.
INFO	2019-05-22 15:09:24	MarkDuplicates	Read   152,000,000 records.  Elapsed time: 00:08:12s.  Time for last 1,000,000:    3s.  Last read position: chr7:32,233,789
INFO	2019-05-22 15:09:24	MarkDuplicates	Tracking 115377 as yet unmatched pairs. 6352 records in RAM.
INFO	2019-05-22 15:09:28	MarkDuplicates	Read   153,000,000 records.  Elapsed time: 00:08:15s.  Time for last 1,000,000:    3s.  Last read position: chr7:49,397,870
INFO	2019-05-22 15:09:28	MarkDuplicates	Tracking 114901 as yet unmatched pairs. 5724 records in RAM.
INFO	2019-05-22 15:09:31	MarkDuplicates	Read   154,000,000 records.  Elapsed time: 00:08:18s.  Time for last 1,000,000:    3s.  Last read position: chr7:71,755,261
INFO	2019-05-22 15:09:31	MarkDuplicates	Tracking 114109 as yet unmatched pairs. 4571 records in RAM.
INFO	2019-05-22 15:09:34	MarkDuplicates	Read   155,000,000 records.  Elapsed time: 00:08:21s.  Time for last 1,000,000:    3s.  Last read position: chr7:92,830,185
INFO	2019-05-22 15:09:34	MarkDuplicates	Tracking 113210 as yet unmatched pairs. 3180 records in RAM.
INFO	2019-05-22 15:09:37	MarkDuplicates	Read   156,000,000 records.  Elapsed time: 00:08:25s.  Time for last 1,000,000:    3s.  Last read position: chr7:111,827,388
INFO	2019-05-22 15:09:37	MarkDuplicates	Tracking 112760 as yet unmatched pairs. 2605 records in RAM.
INFO	2019-05-22 15:09:41	MarkDuplicates	Read   157,000,000 records.  Elapsed time: 00:08:28s.  Time for last 1,000,000:    3s.  Last read position: chr7:135,288,273
INFO	2019-05-22 15:09:41	MarkDuplicates	Tracking 111448 as yet unmatched pairs. 664 records in RAM.
INFO	2019-05-22 15:09:44	MarkDuplicates	Read   158,000,000 records.  Elapsed time: 00:08:31s.  Time for last 1,000,000:    3s.  Last read position: chr8:16,719,059
INFO	2019-05-22 15:09:44	MarkDuplicates	Tracking 110556 as yet unmatched pairs. 5442 records in RAM.
INFO	2019-05-22 15:09:47	MarkDuplicates	Read   159,000,000 records.  Elapsed time: 00:08:35s.  Time for last 1,000,000:    3s.  Last read position: chr8:29,965,419
INFO	2019-05-22 15:09:47	MarkDuplicates	Tracking 110239 as yet unmatched pairs. 4972 records in RAM.
INFO	2019-05-22 15:09:51	MarkDuplicates	Read   160,000,000 records.  Elapsed time: 00:08:38s.  Time for last 1,000,000:    3s.  Last read position: chr8:53,304,787
INFO	2019-05-22 15:09:51	MarkDuplicates	Tracking 109668 as yet unmatched pairs. 4335 records in RAM.
INFO	2019-05-22 15:09:54	MarkDuplicates	Read   161,000,000 records.  Elapsed time: 00:08:41s.  Time for last 1,000,000:    3s.  Last read position: chr8:72,020,688
INFO	2019-05-22 15:09:54	MarkDuplicates	Tracking 109204 as yet unmatched pairs. 3821 records in RAM.
INFO	2019-05-22 15:09:57	MarkDuplicates	Read   162,000,000 records.  Elapsed time: 00:08:44s.  Time for last 1,000,000:    3s.  Last read position: chr8:94,798,122
INFO	2019-05-22 15:09:57	MarkDuplicates	Tracking 108266 as yet unmatched pairs. 2636 records in RAM.
INFO	2019-05-22 15:10:00	MarkDuplicates	Read   163,000,000 records.  Elapsed time: 00:08:48s.  Time for last 1,000,000:    3s.  Last read position: chr8:116,561,272
INFO	2019-05-22 15:10:00	MarkDuplicates	Tracking 107551 as yet unmatched pairs. 1808 records in RAM.
INFO	2019-05-22 15:10:03	MarkDuplicates	Read   164,000,000 records.  Elapsed time: 00:08:51s.  Time for last 1,000,000:    3s.  Last read position: chr9:3,000,931
INFO	2019-05-22 15:10:03	MarkDuplicates	Tracking 121721 as yet unmatched pairs. 20898 records in RAM.
INFO	2019-05-22 15:10:06	MarkDuplicates	Read   165,000,000 records.  Elapsed time: 00:08:53s.  Time for last 1,000,000:    2s.  Last read position: chr9:3,006,767
INFO	2019-05-22 15:10:06	MarkDuplicates	Tracking 111838 as yet unmatched pairs. 11015 records in RAM.
INFO	2019-05-22 15:10:09	MarkDuplicates	Read   166,000,000 records.  Elapsed time: 00:08:56s.  Time for last 1,000,000:    2s.  Last read position: chr9:3,016,586
INFO	2019-05-22 15:10:09	MarkDuplicates	Tracking 108924 as yet unmatched pairs. 8099 records in RAM.
INFO	2019-05-22 15:10:11	MarkDuplicates	Read   167,000,000 records.  Elapsed time: 00:08:59s.  Time for last 1,000,000:    2s.  Last read position: chr9:3,024,420
INFO	2019-05-22 15:10:11	MarkDuplicates	Tracking 116803 as yet unmatched pairs. 15973 records in RAM.
INFO	2019-05-22 15:10:14	MarkDuplicates	Read   168,000,000 records.  Elapsed time: 00:09:01s.  Time for last 1,000,000:    2s.  Last read position: chr9:3,032,699
INFO	2019-05-22 15:10:14	MarkDuplicates	Tracking 111302 as yet unmatched pairs. 10469 records in RAM.
INFO	2019-05-22 15:10:17	MarkDuplicates	Read   169,000,000 records.  Elapsed time: 00:09:04s.  Time for last 1,000,000:    3s.  Last read position: chr9:13,301,305
INFO	2019-05-22 15:10:17	MarkDuplicates	Tracking 105816 as yet unmatched pairs. 4905 records in RAM.
INFO	2019-05-22 15:10:20	MarkDuplicates	Read   170,000,000 records.  Elapsed time: 00:09:07s.  Time for last 1,000,000:    3s.  Last read position: chr9:24,542,099
INFO	2019-05-22 15:10:20	MarkDuplicates	Tracking 105554 as yet unmatched pairs. 4612 records in RAM.
INFO	2019-05-22 15:10:23	MarkDuplicates	Read   171,000,000 records.  Elapsed time: 00:09:10s.  Time for last 1,000,000:    2s.  Last read position: chr9:35,656,391
INFO	2019-05-22 15:10:23	MarkDuplicates	Tracking 105171 as yet unmatched pairs. 4203 records in RAM.
INFO	2019-05-22 15:10:26	MarkDuplicates	Read   172,000,000 records.  Elapsed time: 00:09:14s.  Time for last 1,000,000:    3s.  Last read position: chr9:62,904,396
INFO	2019-05-22 15:10:26	MarkDuplicates	Tracking 104348 as yet unmatched pairs. 3244 records in RAM.
INFO	2019-05-22 15:10:30	MarkDuplicates	Read   173,000,000 records.  Elapsed time: 00:09:17s.  Time for last 1,000,000:    3s.  Last read position: chr9:88,131,698
INFO	2019-05-22 15:10:30	MarkDuplicates	Tracking 103476 as yet unmatched pairs. 2242 records in RAM.
INFO	2019-05-22 15:10:33	MarkDuplicates	Read   174,000,000 records.  Elapsed time: 00:09:20s.  Time for last 1,000,000:    2s.  Last read position: chr9:96,865,588
INFO	2019-05-22 15:10:33	MarkDuplicates	Tracking 103204 as yet unmatched pairs. 1946 records in RAM.
INFO	2019-05-22 15:10:36	MarkDuplicates	Read   175,000,000 records.  Elapsed time: 00:09:23s.  Time for last 1,000,000:    3s.  Last read position: chr9:119,351,993
INFO	2019-05-22 15:10:36	MarkDuplicates	Tracking 101971 as yet unmatched pairs. 503 records in RAM.
INFO	2019-05-22 15:10:42	MarkDuplicates	Read   176,000,000 records.  Elapsed time: 00:09:29s.  Time for last 1,000,000:    5s.  Last read position: chrM:136
INFO	2019-05-22 15:10:42	MarkDuplicates	Tracking 223368 as yet unmatched pairs. 217450 records in RAM.
INFO	2019-05-22 15:10:45	MarkDuplicates	Read   177,000,000 records.  Elapsed time: 00:09:33s.  Time for last 1,000,000:    3s.  Last read position: chrM:509
INFO	2019-05-22 15:10:45	MarkDuplicates	Tracking 247286 as yet unmatched pairs. 241354 records in RAM.
INFO	2019-05-22 15:10:49	MarkDuplicates	Read   178,000,000 records.  Elapsed time: 00:09:36s.  Time for last 1,000,000:    3s.  Last read position: chrM:895
INFO	2019-05-22 15:10:49	MarkDuplicates	Tracking 246867 as yet unmatched pairs. 240925 records in RAM.
INFO	2019-05-22 15:10:52	MarkDuplicates	Read   179,000,000 records.  Elapsed time: 00:09:40s.  Time for last 1,000,000:    3s.  Last read position: chrM:1,250
INFO	2019-05-22 15:10:52	MarkDuplicates	Tracking 267801 as yet unmatched pairs. 261840 records in RAM.
INFO	2019-05-22 15:10:56	MarkDuplicates	Read   180,000,000 records.  Elapsed time: 00:09:43s.  Time for last 1,000,000:    3s.  Last read position: chrM:1,605
INFO	2019-05-22 15:10:56	MarkDuplicates	Tracking 264516 as yet unmatched pairs. 258539 records in RAM.
INFO	2019-05-22 15:11:00	MarkDuplicates	Read   181,000,000 records.  Elapsed time: 00:09:47s.  Time for last 1,000,000:    3s.  Last read position: chrM:1,951
INFO	2019-05-22 15:11:00	MarkDuplicates	Tracking 208366 as yet unmatched pairs. 202372 records in RAM.
INFO	2019-05-22 15:11:03	MarkDuplicates	Read   182,000,000 records.  Elapsed time: 00:09:50s.  Time for last 1,000,000:    3s.  Last read position: chrM:2,334
INFO	2019-05-22 15:11:03	MarkDuplicates	Tracking 220100 as yet unmatched pairs. 214091 records in RAM.
INFO	2019-05-22 15:11:07	MarkDuplicates	Read   183,000,000 records.  Elapsed time: 00:09:54s.  Time for last 1,000,000:    3s.  Last read position: chrM:2,675
INFO	2019-05-22 15:11:07	MarkDuplicates	Tracking 267934 as yet unmatched pairs. 261916 records in RAM.
INFO	2019-05-22 15:11:10	MarkDuplicates	Read   184,000,000 records.  Elapsed time: 00:09:57s.  Time for last 1,000,000:    3s.  Last read position: chrM:3,047
INFO	2019-05-22 15:11:10	MarkDuplicates	Tracking 225606 as yet unmatched pairs. 219581 records in RAM.
INFO	2019-05-22 15:11:14	MarkDuplicates	Read   185,000,000 records.  Elapsed time: 00:10:01s.  Time for last 1,000,000:    3s.  Last read position: chrM:3,447
INFO	2019-05-22 15:11:14	MarkDuplicates	Tracking 223336 as yet unmatched pairs. 217296 records in RAM.
INFO	2019-05-22 15:11:18	MarkDuplicates	Read   186,000,000 records.  Elapsed time: 00:10:05s.  Time for last 1,000,000:    4s.  Last read position: chrM:3,790
INFO	2019-05-22 15:11:18	MarkDuplicates	Tracking 232136 as yet unmatched pairs. 226079 records in RAM.
INFO	2019-05-22 15:11:21	MarkDuplicates	Read   187,000,000 records.  Elapsed time: 00:10:09s.  Time for last 1,000,000:    3s.  Last read position: chrM:4,153
INFO	2019-05-22 15:11:21	MarkDuplicates	Tracking 229154 as yet unmatched pairs. 223088 records in RAM.
INFO	2019-05-22 15:11:25	MarkDuplicates	Read   188,000,000 records.  Elapsed time: 00:10:12s.  Time for last 1,000,000:    3s.  Last read position: chrM:4,546
INFO	2019-05-22 15:11:25	MarkDuplicates	Tracking 225058 as yet unmatched pairs. 218979 records in RAM.
INFO	2019-05-22 15:12:19	MarkDuplicates	Read   189,000,000 records.  Elapsed time: 00:11:06s.  Time for last 1,000,000:   54s.  Last read position: chrM:4,912
INFO	2019-05-22 15:12:19	MarkDuplicates	Tracking 192882 as yet unmatched pairs. 186790 records in RAM.
INFO	2019-05-22 15:12:23	MarkDuplicates	Read   190,000,000 records.  Elapsed time: 00:11:10s.  Time for last 1,000,000:    3s.  Last read position: chrM:5,259
INFO	2019-05-22 15:12:23	MarkDuplicates	Tracking 244763 as yet unmatched pairs. 238658 records in RAM.
INFO	2019-05-22 15:12:26	MarkDuplicates	Read   191,000,000 records.  Elapsed time: 00:11:13s.  Time for last 1,000,000:    3s.  Last read position: chrM:5,593
INFO	2019-05-22 15:12:26	MarkDuplicates	Tracking 223754 as yet unmatched pairs. 217638 records in RAM.
INFO	2019-05-22 15:12:30	MarkDuplicates	Read   192,000,000 records.  Elapsed time: 00:11:17s.  Time for last 1,000,000:    3s.  Last read position: chrM:5,944
INFO	2019-05-22 15:12:30	MarkDuplicates	Tracking 218103 as yet unmatched pairs. 211977 records in RAM.
INFO	2019-05-22 15:12:33	MarkDuplicates	Read   193,000,000 records.  Elapsed time: 00:11:20s.  Time for last 1,000,000:    3s.  Last read position: chrM:6,269
INFO	2019-05-22 15:12:33	MarkDuplicates	Tracking 224120 as yet unmatched pairs. 217982 records in RAM.
INFO	2019-05-22 15:12:36	MarkDuplicates	Read   194,000,000 records.  Elapsed time: 00:11:24s.  Time for last 1,000,000:    3s.  Last read position: chrM:6,604
INFO	2019-05-22 15:12:36	MarkDuplicates	Tracking 175505 as yet unmatched pairs. 169360 records in RAM.
INFO	2019-05-22 15:12:39	MarkDuplicates	Read   195,000,000 records.  Elapsed time: 00:11:27s.  Time for last 1,000,000:    2s.  Last read position: chrM:6,949
INFO	2019-05-22 15:12:39	MarkDuplicates	Tracking 186189 as yet unmatched pairs. 180037 records in RAM.
INFO	2019-05-22 15:12:42	MarkDuplicates	Read   196,000,000 records.  Elapsed time: 00:11:30s.  Time for last 1,000,000:    2s.  Last read position: chrM:7,292
INFO	2019-05-22 15:12:42	MarkDuplicates	Tracking 171234 as yet unmatched pairs. 165079 records in RAM.
INFO	2019-05-22 15:12:45	MarkDuplicates	Read   197,000,000 records.  Elapsed time: 00:11:33s.  Time for last 1,000,000:    3s.  Last read position: chrM:7,642
INFO	2019-05-22 15:12:45	MarkDuplicates	Tracking 202603 as yet unmatched pairs. 196441 records in RAM.
INFO	2019-05-22 15:12:48	MarkDuplicates	Read   198,000,000 records.  Elapsed time: 00:11:36s.  Time for last 1,000,000:    3s.  Last read position: chrM:7,986
INFO	2019-05-22 15:12:48	MarkDuplicates	Tracking 162754 as yet unmatched pairs. 156585 records in RAM.
INFO	2019-05-22 15:12:51	MarkDuplicates	Read   199,000,000 records.  Elapsed time: 00:11:39s.  Time for last 1,000,000:    3s.  Last read position: chrM:8,321
INFO	2019-05-22 15:12:51	MarkDuplicates	Tracking 185120 as yet unmatched pairs. 178946 records in RAM.
INFO	2019-05-22 15:12:54	MarkDuplicates	Read   200,000,000 records.  Elapsed time: 00:11:42s.  Time for last 1,000,000:    2s.  Last read position: chrM:8,664
INFO	2019-05-22 15:12:54	MarkDuplicates	Tracking 153919 as yet unmatched pairs. 147742 records in RAM.
INFO	2019-05-22 15:12:57	MarkDuplicates	Read   201,000,000 records.  Elapsed time: 00:11:45s.  Time for last 1,000,000:    2s.  Last read position: chrM:8,991
INFO	2019-05-22 15:12:57	MarkDuplicates	Tracking 143635 as yet unmatched pairs. 137455 records in RAM.
INFO	2019-05-22 15:13:01	MarkDuplicates	Read   202,000,000 records.  Elapsed time: 00:11:48s.  Time for last 1,000,000:    3s.  Last read position: chrM:9,307
INFO	2019-05-22 15:13:01	MarkDuplicates	Tracking 162429 as yet unmatched pairs. 156244 records in RAM.
INFO	2019-05-22 15:13:04	MarkDuplicates	Read   203,000,000 records.  Elapsed time: 00:11:51s.  Time for last 1,000,000:    3s.  Last read position: chrM:9,634
INFO	2019-05-22 15:13:04	MarkDuplicates	Tracking 162960 as yet unmatched pairs. 156772 records in RAM.
INFO	2019-05-22 15:13:07	MarkDuplicates	Read   204,000,000 records.  Elapsed time: 00:11:54s.  Time for last 1,000,000:    3s.  Last read position: chrM:9,959
INFO	2019-05-22 15:13:07	MarkDuplicates	Tracking 146110 as yet unmatched pairs. 139913 records in RAM.
INFO	2019-05-22 15:13:10	MarkDuplicates	Read   205,000,000 records.  Elapsed time: 00:11:57s.  Time for last 1,000,000:    3s.  Last read position: chrM:10,280
INFO	2019-05-22 15:13:10	MarkDuplicates	Tracking 130110 as yet unmatched pairs. 123909 records in RAM.
INFO	2019-05-22 15:13:13	MarkDuplicates	Read   206,000,000 records.  Elapsed time: 00:12:00s.  Time for last 1,000,000:    2s.  Last read position: chrM:10,648
INFO	2019-05-22 15:13:13	MarkDuplicates	Tracking 126336 as yet unmatched pairs. 120128 records in RAM.
INFO	2019-05-22 15:13:16	MarkDuplicates	Read   207,000,000 records.  Elapsed time: 00:12:03s.  Time for last 1,000,000:    3s.  Last read position: chrM:10,991
INFO	2019-05-22 15:13:16	MarkDuplicates	Tracking 159493 as yet unmatched pairs. 153280 records in RAM.
INFO	2019-05-22 15:13:20	MarkDuplicates	Read   208,000,000 records.  Elapsed time: 00:12:07s.  Time for last 1,000,000:    3s.  Last read position: chrM:11,340
INFO	2019-05-22 15:13:20	MarkDuplicates	Tracking 149354 as yet unmatched pairs. 143128 records in RAM.
INFO	2019-05-22 15:13:23	MarkDuplicates	Read   209,000,000 records.  Elapsed time: 00:12:10s.  Time for last 1,000,000:    3s.  Last read position: chrM:11,684
INFO	2019-05-22 15:13:23	MarkDuplicates	Tracking 196630 as yet unmatched pairs. 190394 records in RAM.
INFO	2019-05-22 15:13:27	MarkDuplicates	Read   210,000,000 records.  Elapsed time: 00:12:14s.  Time for last 1,000,000:    3s.  Last read position: chrM:12,005
INFO	2019-05-22 15:13:27	MarkDuplicates	Tracking 169157 as yet unmatched pairs. 162906 records in RAM.
INFO	2019-05-22 15:13:30	MarkDuplicates	Read   211,000,000 records.  Elapsed time: 00:12:17s.  Time for last 1,000,000:    3s.  Last read position: chrM:12,376
INFO	2019-05-22 15:13:30	MarkDuplicates	Tracking 145351 as yet unmatched pairs. 139089 records in RAM.
INFO	2019-05-22 15:13:34	MarkDuplicates	Read   212,000,000 records.  Elapsed time: 00:12:21s.  Time for last 1,000,000:    3s.  Last read position: chrM:12,755
INFO	2019-05-22 15:13:34	MarkDuplicates	Tracking 157294 as yet unmatched pairs. 151016 records in RAM.
INFO	2019-05-22 15:13:37	MarkDuplicates	Read   213,000,000 records.  Elapsed time: 00:12:24s.  Time for last 1,000,000:    3s.  Last read position: chrM:13,113
INFO	2019-05-22 15:13:37	MarkDuplicates	Tracking 140251 as yet unmatched pairs. 133963 records in RAM.
INFO	2019-05-22 15:13:41	MarkDuplicates	Read   214,000,000 records.  Elapsed time: 00:12:28s.  Time for last 1,000,000:    3s.  Last read position: chrM:13,465
INFO	2019-05-22 15:13:41	MarkDuplicates	Tracking 190407 as yet unmatched pairs. 184100 records in RAM.
INFO	2019-05-22 15:13:44	MarkDuplicates	Read   215,000,000 records.  Elapsed time: 00:12:32s.  Time for last 1,000,000:    3s.  Last read position: chrM:13,849
INFO	2019-05-22 15:13:44	MarkDuplicates	Tracking 144428 as yet unmatched pairs. 138107 records in RAM.
INFO	2019-05-22 15:13:48	MarkDuplicates	Read   216,000,000 records.  Elapsed time: 00:12:35s.  Time for last 1,000,000:    3s.  Last read position: chrM:14,216
INFO	2019-05-22 15:13:48	MarkDuplicates	Tracking 133156 as yet unmatched pairs. 126820 records in RAM.
INFO	2019-05-22 15:13:51	MarkDuplicates	Read   217,000,000 records.  Elapsed time: 00:12:39s.  Time for last 1,000,000:    3s.  Last read position: chrM:14,553
INFO	2019-05-22 15:13:51	MarkDuplicates	Tracking 120965 as yet unmatched pairs. 114616 records in RAM.
INFO	2019-05-22 15:13:55	MarkDuplicates	Read   218,000,000 records.  Elapsed time: 00:12:42s.  Time for last 1,000,000:    3s.  Last read position: chrM:14,949
INFO	2019-05-22 15:13:55	MarkDuplicates	Tracking 131111 as yet unmatched pairs. 124752 records in RAM.
INFO	2019-05-22 15:13:59	MarkDuplicates	Read   219,000,000 records.  Elapsed time: 00:12:46s.  Time for last 1,000,000:    3s.  Last read position: chrM:15,309
INFO	2019-05-22 15:13:59	MarkDuplicates	Tracking 130079 as yet unmatched pairs. 123708 records in RAM.
INFO	2019-05-22 15:14:02	MarkDuplicates	Read   220,000,000 records.  Elapsed time: 00:12:49s.  Time for last 1,000,000:    3s.  Last read position: chrM:15,751
INFO	2019-05-22 15:14:02	MarkDuplicates	Tracking 107300 as yet unmatched pairs. 100914 records in RAM.
INFO	2019-05-22 15:14:05	MarkDuplicates	Read   221,000,000 records.  Elapsed time: 00:12:53s.  Time for last 1,000,000:    3s.  Last read position: chrM:16,213
INFO	2019-05-22 15:14:05	MarkDuplicates	Tracking 98956 as yet unmatched pairs. 92528 records in RAM.
INFO	2019-05-22 15:14:09	MarkDuplicates	Read   222,000,000 records.  Elapsed time: 00:12:56s.  Time for last 1,000,000:    3s.  Last read position: chrX:17,191,216
INFO	2019-05-22 15:14:09	MarkDuplicates	Tracking 5914 as yet unmatched pairs. 5491 records in RAM.
INFO	2019-05-22 15:14:12	MarkDuplicates	Read   223,000,000 records.  Elapsed time: 00:12:59s.  Time for last 1,000,000:    3s.  Last read position: chrX:30,091,911
INFO	2019-05-22 15:14:12	MarkDuplicates	Tracking 5743 as yet unmatched pairs. 5319 records in RAM.
INFO	2019-05-22 15:14:15	MarkDuplicates	Read   224,000,000 records.  Elapsed time: 00:13:02s.  Time for last 1,000,000:    3s.  Last read position: chrX:43,680,243
INFO	2019-05-22 15:14:15	MarkDuplicates	Tracking 5397 as yet unmatched pairs. 4972 records in RAM.
INFO	2019-05-22 15:14:18	MarkDuplicates	Read   225,000,000 records.  Elapsed time: 00:13:05s.  Time for last 1,000,000:    3s.  Last read position: chrX:63,315,193
INFO	2019-05-22 15:14:18	MarkDuplicates	Tracking 5092 as yet unmatched pairs. 4666 records in RAM.
INFO	2019-05-22 15:14:21	MarkDuplicates	Read   226,000,000 records.  Elapsed time: 00:13:08s.  Time for last 1,000,000:    3s.  Last read position: chrX:78,424,652
INFO	2019-05-22 15:14:21	MarkDuplicates	Tracking 4665 as yet unmatched pairs. 4235 records in RAM.
INFO	2019-05-22 15:14:24	MarkDuplicates	Read   227,000,000 records.  Elapsed time: 00:13:12s.  Time for last 1,000,000:    3s.  Last read position: chrX:99,081,567
INFO	2019-05-22 15:14:24	MarkDuplicates	Tracking 4159 as yet unmatched pairs. 3724 records in RAM.
INFO	2019-05-22 15:14:28	MarkDuplicates	Read   228,000,000 records.  Elapsed time: 00:13:15s.  Time for last 1,000,000:    3s.  Last read position: chrX:120,421,151
INFO	2019-05-22 15:14:28	MarkDuplicates	Tracking 3102 as yet unmatched pairs. 2660 records in RAM.
INFO	2019-05-22 15:14:31	MarkDuplicates	Read   229,000,000 records.  Elapsed time: 00:13:18s.  Time for last 1,000,000:    3s.  Last read position: chrX:142,966,444
INFO	2019-05-22 15:14:31	MarkDuplicates	Tracking 2309 as yet unmatched pairs. 1857 records in RAM.
INFO	2019-05-22 15:14:34	MarkDuplicates	Read   230,000,000 records.  Elapsed time: 00:13:21s.  Time for last 1,000,000:    3s.  Last read position: chrX:160,394,278
INFO	2019-05-22 15:14:34	MarkDuplicates	Tracking 709 as yet unmatched pairs. 251 records in RAM.
INFO	2019-05-22 15:14:37	MarkDuplicates	Read   231,000,000 records.  Elapsed time: 00:13:25s.  Time for last 1,000,000:    3s.  Last read position: chrY:35,383,720
INFO	2019-05-22 15:14:37	MarkDuplicates	Tracking 275 as yet unmatched pairs. 275 records in RAM.
INFO	2019-05-22 15:14:39	MarkDuplicates	Read 231471622 records. 0 pairs never matched.
INFO	2019-05-22 15:15:05	MarkDuplicates	After buildSortedReadEndLists freeMemory: 10473469456; totalMemory: 10485760000; maxMemory: 10485760000
INFO	2019-05-22 15:15:05	MarkDuplicates	Will retain up to 327680000 duplicate indices before spilling to disk.
INFO	2019-05-22 15:15:06	MarkDuplicates	Traversing read pair information and detecting duplicates.
INFO	2019-05-22 15:15:06	SortingCollection	Creating merging iterator from 2 files
WARNING	2019-05-22 15:15:06	SortingCollection	There is not enough memory per file for buffering. Reading will be unbuffered.
INFO	2019-05-22 15:15:24	OpticalDuplicateFinder	Large duplicate set. size = 1094
INFO	2019-05-22 15:15:24	OpticalDuplicateFinder	compared         1,000 ReadEnds to others.  Elapsed time: 00:00:00s.  Time for last 1,000:    0s.  Last read position: 0:10,989
INFO	2019-05-22 15:15:24	OpticalDuplicateFinder	Large duplicate set. size = 1082
INFO	2019-05-22 15:15:24	OpticalDuplicateFinder	compared         1,000 ReadEnds to others.  Elapsed time: 00:00:00s.  Time for last 1,000:    0s.  Last read position: 0:20,892
INFO	2019-05-22 15:15:28	OpticalDuplicateFinder	Large duplicate set. size = 1254
INFO	2019-05-22 15:15:28	OpticalDuplicateFinder	compared         1,000 ReadEnds to others.  Elapsed time: 00:00:00s.  Time for last 1,000:    0s.  Last read position: 0:22,118
INFO	2019-05-22 15:15:28	OpticalDuplicateFinder	Large duplicate set. size = 1156
INFO	2019-05-22 15:15:28	OpticalDuplicateFinder	compared         1,000 ReadEnds to others.  Elapsed time: 00:00:00s.  Time for last 1,000:    0s.  Last read position: 0:21,179
INFO	2019-05-22 15:15:32	OpticalDuplicateFinder	Large duplicate set. size = 1007
INFO	2019-05-22 15:15:32	OpticalDuplicateFinder	compared         1,000 ReadEnds to others.  Elapsed time: 00:00:00s.  Time for last 1,000:    0s.  Last read position: 0:10,602
INFO	2019-05-22 15:15:33	OpticalDuplicateFinder	Large duplicate set. size = 1081
INFO	2019-05-22 15:15:33	OpticalDuplicateFinder	compared         1,000 ReadEnds to others.  Elapsed time: 00:00:00s.  Time for last 1,000:    0s.  Last read position: 0:10,940
INFO	2019-05-22 15:15:35	OpticalDuplicateFinder	Large duplicate set. size = 1568
INFO	2019-05-22 15:15:35	OpticalDuplicateFinder	compared         1,000 ReadEnds to others.  Elapsed time: 00:00:00s.  Time for last 1,000:    0s.  Last read position: 0:10,468
INFO	2019-05-22 15:15:35	OpticalDuplicateFinder	Large duplicate set. size = 1521
INFO	2019-05-22 15:15:35	OpticalDuplicateFinder	compared         1,000 ReadEnds to others.  Elapsed time: 00:00:00s.  Time for last 1,000:    0s.  Last read position: 0:7,290
INFO	2019-05-22 15:15:36	OpticalDuplicateFinder	Large duplicate set. size = 1156
INFO	2019-05-22 15:15:36	OpticalDuplicateFinder	compared         1,000 ReadEnds to others.  Elapsed time: 00:00:00s.  Time for last 1,000:    0s.  Last read position: 0:20,500
INFO	2019-05-22 15:15:36	OpticalDuplicateFinder	Large duplicate set. size = 1087
INFO	2019-05-22 15:15:36	OpticalDuplicateFinder	compared         1,000 ReadEnds to others.  Elapsed time: 00:00:00s.  Time for last 1,000:    0s.  Last read position: 0:6,466
INFO	2019-05-22 15:15:37	OpticalDuplicateFinder	Large duplicate set. size = 1125
INFO	2019-05-22 15:15:37	OpticalDuplicateFinder	compared         1,000 ReadEnds to others.  Elapsed time: 00:00:00s.  Time for last 1,000:    0s.  Last read position: 0:13,811
INFO	2019-05-22 15:15:37	OpticalDuplicateFinder	Large duplicate set. size = 1318
INFO	2019-05-22 15:15:37	OpticalDuplicateFinder	compared         1,000 ReadEnds to others.  Elapsed time: 00:00:00s.  Time for last 1,000:    0s.  Last read position: 0:20,227
INFO	2019-05-22 15:15:37	OpticalDuplicateFinder	Large duplicate set. size = 1010
INFO	2019-05-22 15:15:37	OpticalDuplicateFinder	compared         1,000 ReadEnds to others.  Elapsed time: 00:00:00s.  Time for last 1,000:    0s.  Last read position: 0:2,312
INFO	2019-05-22 15:15:37	OpticalDuplicateFinder	Large duplicate set. size = 1112
INFO	2019-05-22 15:15:37	OpticalDuplicateFinder	compared         1,000 ReadEnds to others.  Elapsed time: 00:00:00s.  Time for last 1,000:    0s.  Last read position: 0:17,878
INFO	2019-05-22 15:15:38	MarkDuplicates	Traversing fragment information and detecting duplicates.
INFO	2019-05-22 15:15:38	SortingCollection	Creating merging iterator from 3 files
WARNING	2019-05-22 15:15:38	SortingCollection	There is not enough memory per file for buffering. Reading will be unbuffered.
INFO	2019-05-22 15:16:08	MarkDuplicates	Sorting list of duplicate records.
INFO	2019-05-22 15:16:11	MarkDuplicates	After generateDuplicateIndexes freeMemory: 7847930320; totalMemory: 10485760000; maxMemory: 10485760000
INFO	2019-05-22 15:16:11	MarkDuplicates	Marking 47494159 records as duplicates.
INFO	2019-05-22 15:16:11	MarkDuplicates	Found 75566 optical duplicate clusters.
INFO	2019-05-22 15:17:27	MarkDuplicates	Reads are assumed to be ordered by: coordinate
INFO	2019-05-22 15:24:53	MarkDuplicates	Written    10,000,000 records.  Elapsed time: 00:07:25s.  Time for last 10,000,000:  445s.  Last read position: chr11:44,387,175
INFO	2019-05-22 15:29:15	MarkDuplicates	Written    20,000,000 records.  Elapsed time: 00:11:47s.  Time for last 10,000,000:  261s.  Last read position: chr12:97,061,428
INFO	2019-05-22 15:35:45	MarkDuplicates	Written    30,000,000 records.  Elapsed time: 00:18:17s.  Time for last 10,000,000:  390s.  Last read position: chr14:3,349,820
INFO	2019-05-22 15:39:41	MarkDuplicates	Written    40,000,000 records.  Elapsed time: 00:22:13s.  Time for last 10,000,000:  236s.  Last read position: chr14:118,937,781
INFO	2019-05-22 15:43:49	MarkDuplicates	Written    50,000,000 records.  Elapsed time: 00:26:21s.  Time for last 10,000,000:  247s.  Last read position: chr17:17,990,838
INFO	2019-05-22 15:48:28	MarkDuplicates	Written    60,000,000 records.  Elapsed time: 00:31:00s.  Time for last 10,000,000:  278s.  Last read position: chr19:21,965,091
INFO	2019-05-22 15:51:40	MarkDuplicates	Written    70,000,000 records.  Elapsed time: 00:34:12s.  Time for last 10,000,000:  192s.  Last read position: chr1:24,613,943
INFO	2019-05-22 15:54:32	MarkDuplicates	Written    80,000,000 records.  Elapsed time: 00:37:04s.  Time for last 10,000,000:  171s.  Last read position: chr1:87,327,131
INFO	2019-05-22 15:57:36	MarkDuplicates	Written    90,000,000 records.  Elapsed time: 00:40:08s.  Time for last 10,000,000:  183s.  Last read position: chr2:22,588,382
INFO	2019-05-22 15:59:59	MarkDuplicates	Written   100,000,000 records.  Elapsed time: 00:42:31s.  Time for last 10,000,000:  143s.  Last read position: chr2:98,662,538
INFO	2019-05-22 16:02:44	MarkDuplicates	Written   110,000,000 records.  Elapsed time: 00:45:16s.  Time for last 10,000,000:  165s.  Last read position: chr3:22,704,406
INFO	2019-05-22 16:05:48	MarkDuplicates	Written   120,000,000 records.  Elapsed time: 00:48:20s.  Time for last 10,000,000:  184s.  Last read position: chr4:57,956,597
INFO	2019-05-22 16:08:53	MarkDuplicates	Written   130,000,000 records.  Elapsed time: 00:51:25s.  Time for last 10,000,000:  184s.  Last read position: chr4:133,052,523
INFO	2019-05-22 16:11:43	MarkDuplicates	Written   140,000,000 records.  Elapsed time: 00:54:15s.  Time for last 10,000,000:  169s.  Last read position: chr5:124,541,193
INFO	2019-05-22 16:14:25	MarkDuplicates	Written   150,000,000 records.  Elapsed time: 00:56:57s.  Time for last 10,000,000:  162s.  Last read position: chr7:9,108,667
INFO	2019-05-22 16:17:11	MarkDuplicates	Written   160,000,000 records.  Elapsed time: 00:59:43s.  Time for last 10,000,000:  166s.  Last read position: chr8:53,304,787
INFO	2019-05-22 16:19:34	MarkDuplicates	Written   170,000,000 records.  Elapsed time: 01:02:07s.  Time for last 10,000,000:  143s.  Last read position: chr9:24,542,099
INFO	2019-05-22 16:21:59	MarkDuplicates	Written   180,000,000 records.  Elapsed time: 01:04:31s.  Time for last 10,000,000:  144s.  Last read position: chrM:1,605
INFO	2019-05-22 16:24:08	MarkDuplicates	Written   190,000,000 records.  Elapsed time: 01:06:40s.  Time for last 10,000,000:  129s.  Last read position: chrM:5,259
INFO	2019-05-22 16:26:19	MarkDuplicates	Written   200,000,000 records.  Elapsed time: 01:08:51s.  Time for last 10,000,000:  130s.  Last read position: chrM:8,664
INFO	2019-05-22 16:28:28	MarkDuplicates	Written   210,000,000 records.  Elapsed time: 01:11:01s.  Time for last 10,000,000:  129s.  Last read position: chrM:12,005
INFO	2019-05-22 16:30:40	MarkDuplicates	Written   220,000,000 records.  Elapsed time: 01:13:12s.  Time for last 10,000,000:  131s.  Last read position: chrM:15,751
INFO	2019-05-22 16:33:27	MarkDuplicates	Written   230,000,000 records.  Elapsed time: 01:15:59s.  Time for last 10,000,000:  166s.  Last read position: chrX:160,394,278
INFO	2019-05-22 16:34:31	MarkDuplicates	Before output close freeMemory: 10474119856; totalMemory: 10485760000; maxMemory: 10485760000
INFO	2019-05-22 16:34:31	MarkDuplicates	After output close freeMemory: 10474119856; totalMemory: 10485760000; maxMemory: 10485760000
[Wed May 22 16:34:31 EDT 2019] picard.sam.markduplicates.MarkDuplicates done. Elapsed time: 93.31 minutes.
Runtime.totalMemory()=10485760000
Started analysis of AB3838-L1.bam
Approx 5% complete for AB3838-L1.bam
Approx 10% complete for AB3838-L1.bam
Approx 15% complete for AB3838-L1.bam
Approx 20% complete for AB3838-L1.bam
Approx 25% complete for AB3838-L1.bam
Approx 30% complete for AB3838-L1.bam
Approx 35% complete for AB3838-L1.bam
Approx 40% complete for AB3838-L1.bam
Approx 45% complete for AB3838-L1.bam
Approx 50% complete for AB3838-L1.bam
Approx 55% complete for AB3838-L1.bam
Approx 60% complete for AB3838-L1.bam
Approx 65% complete for AB3838-L1.bam
Approx 70% complete for AB3838-L1.bam
Approx 75% complete for AB3838-L1.bam
Approx 80% complete for AB3838-L1.bam
Approx 85% complete for AB3838-L1.bam
Approx 90% complete for AB3838-L1.bam
Approx 95% complete for AB3838-L1.bam
Approx 100% complete for AB3838-L1.bam
Java HotSpot(TM) 64-Bit Server VM warning: Ignoring option MaxPermSize; support was removed in 8.0
[+] Loading python 2.7  ... 
[-] Unloading python 2.7  ... 
[+] Loading snakemake  5.4.4 
[+] Loading java 12.0.1  ... 
[+] Loading bowtie  2-2.3.5 
[+] Loading samtools 1.9  ... 
[+] Loading picard  2.18.27 
[+] Loading fastqc  0.11.8 
[+] Loading GSL 2.4 for GCC 7.2.0 ... 
[+] Loading gcc  7.3.0  ... 
[+] Loading openmpi 3.0.2  for GCC 7.3.0 
[+] Loading ImageMagick  7.0.8  on cn3253 
[+] Loading HDF5  1.10.4 
[+] Loading pandoc  2.1.1  on cn3253 
[+] Loading R 3.5.2 
[+] Loading qualimap  2.2.1  on cn3253 
#
DONE!!!!
#
ELAPSED TIME: 13714 seconds
------------------------------------------------------------------------------
[Wed May 22 17:46:02 2019]
Finished job 0.
1 of 1 steps (100%) done
