Building DAG of jobs...
Using shell: /usr/bin/bash
Provided cores: 30
Rules claiming more threads will be scaled down.
Unlimited resources: mem_mb
Job counts:
	count	jobs
	1	Alignment_Paired
	1

[Wed May 22 13:57:16 2019]
Job 0: Alignment_Paired: Ccl20-_UT|AB3826-L1

[+] Loading bowtie  2-2.3.5 
[-] Unloading samtools 1.9  ... 
[+] Loading samtools 1.9  ... 
[+] Loading gcc  7.3.0  ... 
[+] Loading GSL 2.4 for GCC 7.2.0 ... 
[-] Unloading gcc  7.3.0  ... 
[+] Loading gcc  7.3.0  ... 
[+] Loading openmpi 3.0.2  for GCC 7.3.0 
[+] Loading ImageMagick  7.0.8  on cn3427 
[+] Loading HDF5  1.10.4 
[+] Loading pandoc  2.1.1  on cn3427 
[+] Loading R 3.5.2 
[-] Unloading gcc  7.3.0  ... 
[-] Unloading GSL 2.4 for GCC 7.2.0 ... 
[-] Unloading openmpi 3.0.2  for GCC 7.3.0 
[-] Unloading ImageMagick  7.0.8  on cn3427 
[-] Unloading HDF5  1.10.4 
[-] Unloading pandoc  2.1.1  on cn3427 
[-] Unloading R 3.5.2 
[+] Loading gcc  7.3.0  ... 
[+] Loading GSL 2.4 for GCC 7.2.0 ... 
[-] Unloading gcc  7.3.0  ... 
[+] Loading gcc  7.3.0  ... 
[+] Loading openmpi 3.0.2  for GCC 7.3.0 
[+] Loading ImageMagick  7.0.8  on cn3427 
[+] Loading HDF5  1.10.4 
[+] Loading pandoc  2.1.1  on cn3427 
[+] Loading R 3.5.2 
[+] Loading picard  2.18.27 
[+] Loading fastqc  0.11.8 
[+] Loading qualimap  2.2.1  on cn3427 
[-] Unloading gcc  7.3.0  ... 
[-] Unloading GSL 2.4 for GCC 7.2.0 ... 
[-] Unloading openmpi 3.0.2  for GCC 7.3.0 
[-] Unloading ImageMagick  7.0.8  on cn3427 
[-] Unloading HDF5  1.10.4 
[-] Unloading pandoc  2.1.1  on cn3427 
[-] Unloading R 3.5.2 
[+] Loading gcc  7.3.0  ... 
[+] Loading GSL 2.4 for GCC 7.2.0 ... 
[-] Unloading gcc  7.3.0  ... 
[+] Loading gcc  7.3.0  ... 
[+] Loading openmpi 3.0.2  for GCC 7.3.0 
[+] Loading ImageMagick  7.0.8  on cn3427 
[+] Loading HDF5  1.10.4 
[+] Loading pandoc  2.1.1  on cn3427 
[+] Loading R 3.5.2 
###################################- COMMANDLINE -############################
bowtie/2-2.3.5
samtools/1.9
picard/2.18.27
fastqc/0.11.8
qualimap/2.2.1
Alignment
#
INPUT1: /data/shamsaddinisha/jfarber-20160119-P1/spsingh-20190308-E1/spsingh-20190521-D1/mm10/Ccl20-_UT/pre_process/AB3826-L1.R1.processed.fastq
INPUT2: /data/shamsaddinisha/jfarber-20160119-P1/spsingh-20190308-E1/spsingh-20190521-D1/mm10/Ccl20-_UT/pre_process/AB3826-L1.R2.processed.fastq
#
OUTPUT1: /data/shamsaddinisha/jfarber-20160119-P1/spsingh-20190308-E1/spsingh-20190521-D1/mm10/Ccl20-_UT/alignment/AB3826-L1.bam
OUTPUT2: /data/shamsaddinisha/jfarber-20160119-P1/spsingh-20190308-E1/spsingh-20190521-D1/mm10/Ccl20-_UT/alignment/AB3826-L1.bam.bai
OUTPUT3: /data/shamsaddinisha/jfarber-20160119-P1/spsingh-20190308-E1/spsingh-20190521-D1/mm10/Ccl20-_UT/report/alignment/AB3826-L1.alignment.txt
OUTPUT4: /data/shamsaddinisha/jfarber-20160119-P1/spsingh-20190308-E1/spsingh-20190521-D1/mm10/Ccl20-_UT/report/alignment/AB3826-L1.picard.txt
OUTPUT5: /data/shamsaddinisha/jfarber-20160119-P1/spsingh-20190308-E1/spsingh-20190521-D1/mm10/Ccl20-_UT/report/alignment/AB3826-L1.samtools.txt
++++++++++++++++++++++++++++++++++++++++++++++++++++++++++++++++++++++++++++++
bowtie2 -k 10 --mm --local -X 2000 --threads 30 -x /fdb/igenomes/Mus_musculus/UCSC/mm10/Sequence/Bowtie2Index/genome -1 /data/shamsaddinisha/jfarber-20160119-P1/spsingh-20190308-E1/spsingh-20190521-D1/mm10/Ccl20-_UT/pre_process/AB3826-L1.R1.processed.fastq -2 /data/shamsaddinisha/jfarber-20160119-P1/spsingh-20190308-E1/spsingh-20190521-D1/mm10/Ccl20-_UT/pre_process/AB3826-L1.R2.processed.fastq 2> /data/shamsaddinisha/jfarber-20160119-P1/spsingh-20190308-E1/spsingh-20190521-D1/mm10/Ccl20-_UT/report/alignment/AB3826-L1.alignment.txt | samtools sort --threads 30 -m 2G -O bam -T /data/shamsaddinisha/jfarber-20160119-P1/spsingh-20190308-E1/spsingh-20190521-D1/mm10/Ccl20-_UT/alignment/AB3826-L1 -o /data/shamsaddinisha/jfarber-20160119-P1/spsingh-20190308-E1/spsingh-20190521-D1/mm10/Ccl20-_UT/alignment/AB3826-L1.bam.tmp - 
#
java -Xms10000M -Xmx10000M -XX:ParallelGCThreads=30 -jar /usr/local/apps/picard/2.18.27/picard.jar MarkDuplicates INPUT=/data/shamsaddinisha/jfarber-20160119-P1/spsingh-20190308-E1/spsingh-20190521-D1/mm10/Ccl20-_UT/alignment/AB3826-L1.bam.tmp OUTPUT=/data/shamsaddinisha/jfarber-20160119-P1/spsingh-20190308-E1/spsingh-20190521-D1/mm10/Ccl20-_UT/alignment/AB3826-L1.bam TMP_DIR=/lscratch/27137782 METRICS_FILE=/data/shamsaddinisha/jfarber-20160119-P1/spsingh-20190308-E1/spsingh-20190521-D1/mm10/Ccl20-_UT/report/alignment/AB3826-L1.picard.txt VALIDATION_STRINGENCY=LENIENT ASSUME_SORT_ORDER=coordinate REMOVE_DUPLICATES=false
#
samtools index -@ 30 -b /data/shamsaddinisha/jfarber-20160119-P1/spsingh-20190308-E1/spsingh-20190521-D1/mm10/Ccl20-_UT/alignment/AB3826-L1.bam
#
samtools flagstat --threads 30 /data/shamsaddinisha/jfarber-20160119-P1/spsingh-20190308-E1/spsingh-20190521-D1/mm10/Ccl20-_UT/alignment/AB3826-L1.bam > /data/shamsaddinisha/jfarber-20160119-P1/spsingh-20190308-E1/spsingh-20190521-D1/mm10/Ccl20-_UT/report/alignment/AB3826-L1.samtools.txt
#
rm -rf /data/shamsaddinisha/jfarber-20160119-P1/spsingh-20190308-E1/spsingh-20190521-D1/mm10/Ccl20-_UT/alignment/AB3826-L1.bam.tmp
#
fastqc -o /data/shamsaddinisha/jfarber-20160119-P1/spsingh-20190308-E1/spsingh-20190521-D1/mm10/Ccl20-_UT/report/alignment -f bam --threads 30 /data/shamsaddinisha/jfarber-20160119-P1/spsingh-20190308-E1/spsingh-20190521-D1/mm10/Ccl20-_UT/alignment/AB3826-L1.bam
#
qualimap bamqc -bam /data/shamsaddinisha/jfarber-20160119-P1/spsingh-20190308-E1/spsingh-20190521-D1/mm10/Ccl20-_UT/alignment/AB3826-L1.bam -nt 30 --genome-gc-distr MOUSE - mm10 -hm 3 -nr 100 -nw 400 -outformat HTML --skip-dup-mode 1 --java-mem-size=10G -outdir /data/shamsaddinisha/jfarber-20160119-P1/spsingh-20190308-E1/spsingh-20190521-D1/mm10/Ccl20-_UT/report/alignment/AB3826-L1_qualimap
#
python ./Python_Script/bamChipQC.py --infile /data/shamsaddinisha/jfarber-20160119-P1/spsingh-20190308-E1/spsingh-20190521-D1/mm10/Ccl20-_UT/alignment/AB3826-L1.bam --outfile /data/shamsaddinisha/jfarber-20160119-P1/spsingh-20190308-E1/spsingh-20190521-D1/mm10/Ccl20-_UT/report/alignment/AB3826-L1_PBC.txt --cores 30
#
EXECUTING....
#
[bam_sort_core] merging from 0 files and 30 in-memory blocks...
INFO	2019-05-22 14:43:21	MarkDuplicates	

********** NOTE: Picard's command line syntax is changing.
**********
********** For more information, please see:
********** https://github.com/broadinstitute/picard/wiki/Command-Line-Syntax-Transition-For-Users-(Pre-Transition)
**********
********** The command line looks like this in the new syntax:
**********
**********    MarkDuplicates -INPUT /data/shamsaddinisha/jfarber-20160119-P1/spsingh-20190308-E1/spsingh-20190521-D1/mm10/Ccl20-_UT/alignment/AB3826-L1.bam.tmp -OUTPUT /data/shamsaddinisha/jfarber-20160119-P1/spsingh-20190308-E1/spsingh-20190521-D1/mm10/Ccl20-_UT/alignment/AB3826-L1.bam -METRICS_FILE /data/shamsaddinisha/jfarber-20160119-P1/spsingh-20190308-E1/spsingh-20190521-D1/mm10/Ccl20-_UT/report/alignment/AB3826-L1.picard.txt -VALIDATION_STRINGENCY LENIENT -ASSUME_SORT_ORDER coordinate -REMOVE_DUPLICATES false
**********


14:43:21.502 INFO  NativeLibraryLoader - Loading libgkl_compression.so from jar:file:/usr/local/apps/picard/2.18.27/picard.jar!/com/intel/gkl/native/libgkl_compression.so
[Wed May 22 14:43:21 EDT 2019] MarkDuplicates INPUT=[/data/shamsaddinisha/jfarber-20160119-P1/spsingh-20190308-E1/spsingh-20190521-D1/mm10/Ccl20-_UT/alignment/AB3826-L1.bam.tmp] OUTPUT=/data/shamsaddinisha/jfarber-20160119-P1/spsingh-20190308-E1/spsingh-20190521-D1/mm10/Ccl20-_UT/alignment/AB3826-L1.bam METRICS_FILE=/data/shamsaddinisha/jfarber-20160119-P1/spsingh-20190308-E1/spsingh-20190521-D1/mm10/Ccl20-_UT/report/alignment/AB3826-L1.picard.txt REMOVE_DUPLICATES=false ASSUME_SORT_ORDER=coordinate VALIDATION_STRINGENCY=LENIENT    MAX_SEQUENCES_FOR_DISK_READ_ENDS_MAP=50000 MAX_FILE_HANDLES_FOR_READ_ENDS_MAP=8000 SORTING_COLLECTION_SIZE_RATIO=0.25 TAG_DUPLICATE_SET_MEMBERS=false REMOVE_SEQUENCING_DUPLICATES=false TAGGING_POLICY=DontTag CLEAR_DT=true DUPLEX_UMI=false ADD_PG_TAG_TO_READS=true ASSUME_SORTED=false DUPLICATE_SCORING_STRATEGY=SUM_OF_BASE_QUALITIES PROGRAM_RECORD_ID=MarkDuplicates PROGRAM_GROUP_NAME=MarkDuplicates READ_NAME_REGEX=<optimized capture of last three ':' separated fields as numeric values> OPTICAL_DUPLICATE_PIXEL_DISTANCE=100 MAX_OPTICAL_DUPLICATE_SET_SIZE=300000 VERBOSITY=INFO QUIET=false COMPRESSION_LEVEL=5 MAX_RECORDS_IN_RAM=500000 CREATE_INDEX=false CREATE_MD5_FILE=false GA4GH_CLIENT_SECRETS=client_secrets.json USE_JDK_DEFLATER=false USE_JDK_INFLATER=false
[Wed May 22 14:43:21 EDT 2019] Executing as shamsaddinisha@cn3427 on Linux 3.10.0-862.14.4.el7.x86_64 amd64; Java HotSpot(TM) 64-Bit Server VM 12.0.1+12; Deflater: Intel; Inflater: Intel; Provider GCS is not available; Picard version: 2.18.27-SNAPSHOT
INFO	2019-05-22 14:43:21	MarkDuplicates	Start of doWork freeMemory: 10475065856; totalMemory: 10485760000; maxMemory: 10485760000
INFO	2019-05-22 14:43:21	MarkDuplicates	Reading input file and constructing read end information.
INFO	2019-05-22 14:43:21	MarkDuplicates	Will retain up to 37991884 data points before spilling to disk.
INFO	2019-05-22 14:43:25	MarkDuplicates	Read     1,000,000 records.  Elapsed time: 00:00:04s.  Time for last 1,000,000:    4s.  Last read position: chr10:19,630,316
INFO	2019-05-22 14:43:25	MarkDuplicates	Tracking 925 as yet unmatched pairs. 40 records in RAM.
INFO	2019-05-22 14:43:29	MarkDuplicates	Read     2,000,000 records.  Elapsed time: 00:00:07s.  Time for last 1,000,000:    3s.  Last read position: chr10:35,280,943
INFO	2019-05-22 14:43:29	MarkDuplicates	Tracking 1826 as yet unmatched pairs. 80 records in RAM.
INFO	2019-05-22 14:43:32	MarkDuplicates	Read     3,000,000 records.  Elapsed time: 00:00:10s.  Time for last 1,000,000:    3s.  Last read position: chr10:51,272,704
INFO	2019-05-22 14:43:32	MarkDuplicates	Tracking 2400 as yet unmatched pairs. 90 records in RAM.
INFO	2019-05-22 14:43:36	MarkDuplicates	Read     4,000,000 records.  Elapsed time: 00:00:14s.  Time for last 1,000,000:    3s.  Last read position: chr10:69,655,316
INFO	2019-05-22 14:43:36	MarkDuplicates	Tracking 3183 as yet unmatched pairs. 100 records in RAM.
INFO	2019-05-22 14:43:39	MarkDuplicates	Read     5,000,000 records.  Elapsed time: 00:00:18s.  Time for last 1,000,000:    3s.  Last read position: chr10:86,118,790
INFO	2019-05-22 14:43:39	MarkDuplicates	Tracking 3959 as yet unmatched pairs. 96 records in RAM.
INFO	2019-05-22 14:43:44	MarkDuplicates	Read     6,000,000 records.  Elapsed time: 00:00:22s.  Time for last 1,000,000:    4s.  Last read position: chr10:104,555,274
INFO	2019-05-22 14:43:44	MarkDuplicates	Tracking 4575 as yet unmatched pairs. 83 records in RAM.
INFO	2019-05-22 14:43:47	MarkDuplicates	Read     7,000,000 records.  Elapsed time: 00:00:26s.  Time for last 1,000,000:    3s.  Last read position: chr10:124,550,860
INFO	2019-05-22 14:43:47	MarkDuplicates	Tracking 6212 as yet unmatched pairs. 15 records in RAM.
INFO	2019-05-22 14:43:50	MarkDuplicates	Read     8,000,000 records.  Elapsed time: 00:00:29s.  Time for last 1,000,000:    3s.  Last read position: chr11:8,069,303
INFO	2019-05-22 14:43:50	MarkDuplicates	Tracking 7032 as yet unmatched pairs. 369 records in RAM.
INFO	2019-05-22 14:43:54	MarkDuplicates	Read     9,000,000 records.  Elapsed time: 00:00:32s.  Time for last 1,000,000:    3s.  Last read position: chr11:22,700,238
INFO	2019-05-22 14:43:54	MarkDuplicates	Tracking 7455 as yet unmatched pairs. 359 records in RAM.
INFO	2019-05-22 14:43:57	MarkDuplicates	Read    10,000,000 records.  Elapsed time: 00:00:35s.  Time for last 1,000,000:    3s.  Last read position: chr11:40,232,947
INFO	2019-05-22 14:43:57	MarkDuplicates	Tracking 8197 as yet unmatched pairs. 323 records in RAM.
INFO	2019-05-22 14:44:00	MarkDuplicates	Read    11,000,000 records.  Elapsed time: 00:00:38s.  Time for last 1,000,000:    3s.  Last read position: chr11:58,747,402
INFO	2019-05-22 14:44:00	MarkDuplicates	Tracking 8895 as yet unmatched pairs. 298 records in RAM.
INFO	2019-05-22 14:44:04	MarkDuplicates	Read    12,000,000 records.  Elapsed time: 00:00:42s.  Time for last 1,000,000:    3s.  Last read position: chr11:79,229,571
INFO	2019-05-22 14:44:04	MarkDuplicates	Tracking 9833 as yet unmatched pairs. 223 records in RAM.
INFO	2019-05-22 14:44:07	MarkDuplicates	Read    13,000,000 records.  Elapsed time: 00:00:46s.  Time for last 1,000,000:    3s.  Last read position: chr11:99,110,303
INFO	2019-05-22 14:44:07	MarkDuplicates	Tracking 10625 as yet unmatched pairs. 165 records in RAM.
INFO	2019-05-22 14:44:11	MarkDuplicates	Read    14,000,000 records.  Elapsed time: 00:00:49s.  Time for last 1,000,000:    3s.  Last read position: chr11:119,250,309
INFO	2019-05-22 14:44:11	MarkDuplicates	Tracking 12197 as yet unmatched pairs. 19 records in RAM.
INFO	2019-05-22 14:44:14	MarkDuplicates	Read    15,000,000 records.  Elapsed time: 00:00:52s.  Time for last 1,000,000:    3s.  Last read position: chr12:11,457,568
INFO	2019-05-22 14:44:14	MarkDuplicates	Tracking 12670 as yet unmatched pairs. 451 records in RAM.
INFO	2019-05-22 14:44:17	MarkDuplicates	Read    16,000,000 records.  Elapsed time: 00:00:55s.  Time for last 1,000,000:    3s.  Last read position: chr12:21,724,189
INFO	2019-05-22 14:44:17	MarkDuplicates	Tracking 13101 as yet unmatched pairs. 594 records in RAM.
INFO	2019-05-22 14:44:20	MarkDuplicates	Read    17,000,000 records.  Elapsed time: 00:00:58s.  Time for last 1,000,000:    3s.  Last read position: chr12:34,644,985
INFO	2019-05-22 14:44:20	MarkDuplicates	Tracking 13192 as yet unmatched pairs. 385 records in RAM.
INFO	2019-05-22 14:44:24	MarkDuplicates	Read    18,000,000 records.  Elapsed time: 00:01:03s.  Time for last 1,000,000:    4s.  Last read position: chr12:51,736,192
INFO	2019-05-22 14:44:24	MarkDuplicates	Tracking 13775 as yet unmatched pairs. 340 records in RAM.
INFO	2019-05-22 14:44:27	MarkDuplicates	Read    19,000,000 records.  Elapsed time: 00:01:06s.  Time for last 1,000,000:    3s.  Last read position: chr12:67,059,805
INFO	2019-05-22 14:44:27	MarkDuplicates	Tracking 14391 as yet unmatched pairs. 532 records in RAM.
INFO	2019-05-22 14:44:31	MarkDuplicates	Read    20,000,000 records.  Elapsed time: 00:01:09s.  Time for last 1,000,000:    3s.  Last read position: chr12:85,455,547
INFO	2019-05-22 14:44:31	MarkDuplicates	Tracking 14859 as yet unmatched pairs. 205 records in RAM.
INFO	2019-05-22 14:44:35	MarkDuplicates	Read    21,000,000 records.  Elapsed time: 00:01:13s.  Time for last 1,000,000:    4s.  Last read position: chr12:102,635,003
INFO	2019-05-22 14:44:35	MarkDuplicates	Tracking 15394 as yet unmatched pairs. 105 records in RAM.
INFO	2019-05-22 14:44:38	MarkDuplicates	Read    22,000,000 records.  Elapsed time: 00:01:17s.  Time for last 1,000,000:    3s.  Last read position: chr12:119,777,033
INFO	2019-05-22 14:44:38	MarkDuplicates	Tracking 15941 as yet unmatched pairs. 1 records in RAM.
INFO	2019-05-22 14:44:43	MarkDuplicates	Read    23,000,000 records.  Elapsed time: 00:01:21s.  Time for last 1,000,000:    4s.  Last read position: chr13:16,497,285
INFO	2019-05-22 14:44:43	MarkDuplicates	Tracking 16750 as yet unmatched pairs. 749 records in RAM.
INFO	2019-05-22 14:44:46	MarkDuplicates	Read    24,000,000 records.  Elapsed time: 00:01:24s.  Time for last 1,000,000:    3s.  Last read position: chr13:32,683,060
INFO	2019-05-22 14:44:46	MarkDuplicates	Tracking 17123 as yet unmatched pairs. 673 records in RAM.
INFO	2019-05-22 14:44:50	MarkDuplicates	Read    25,000,000 records.  Elapsed time: 00:01:28s.  Time for last 1,000,000:    3s.  Last read position: chr13:52,741,414
INFO	2019-05-22 14:44:50	MarkDuplicates	Tracking 18058 as yet unmatched pairs. 507 records in RAM.
INFO	2019-05-22 14:44:53	MarkDuplicates	Read    26,000,000 records.  Elapsed time: 00:01:31s.  Time for last 1,000,000:    3s.  Last read position: chr13:66,557,970
INFO	2019-05-22 14:44:53	MarkDuplicates	Tracking 18615 as yet unmatched pairs. 432 records in RAM.
INFO	2019-05-22 14:45:02	MarkDuplicates	Read    27,000,000 records.  Elapsed time: 00:01:40s.  Time for last 1,000,000:    9s.  Last read position: chr13:80,041,024
INFO	2019-05-22 14:45:02	MarkDuplicates	Tracking 18838 as yet unmatched pairs. 323 records in RAM.
INFO	2019-05-22 14:45:13	MarkDuplicates	Read    28,000,000 records.  Elapsed time: 00:01:51s.  Time for last 1,000,000:   10s.  Last read position: chr13:93,286,277
INFO	2019-05-22 14:45:13	MarkDuplicates	Tracking 19155 as yet unmatched pairs. 256 records in RAM.
INFO	2019-05-22 14:45:16	MarkDuplicates	Read    29,000,000 records.  Elapsed time: 00:01:54s.  Time for last 1,000,000:    3s.  Last read position: chr13:112,563,627
INFO	2019-05-22 14:45:16	MarkDuplicates	Tracking 19817 as yet unmatched pairs. 47 records in RAM.
INFO	2019-05-22 14:45:19	MarkDuplicates	Read    30,000,000 records.  Elapsed time: 00:01:58s.  Time for last 1,000,000:    3s.  Last read position: chr14:5,568,411
INFO	2019-05-22 14:45:19	MarkDuplicates	Tracking 20286 as yet unmatched pairs. 1284 records in RAM.
INFO	2019-05-22 14:45:25	MarkDuplicates	Read    31,000,000 records.  Elapsed time: 00:02:03s.  Time for last 1,000,000:    5s.  Last read position: chr14:16,909,201
INFO	2019-05-22 14:45:25	MarkDuplicates	Tracking 20293 as yet unmatched pairs. 1004 records in RAM.
INFO	2019-05-22 14:45:28	MarkDuplicates	Read    32,000,000 records.  Elapsed time: 00:02:06s.  Time for last 1,000,000:    3s.  Last read position: chr14:19,415,953
INFO	2019-05-22 14:45:28	MarkDuplicates	Tracking 81658 as yet unmatched pairs. 62211 records in RAM.
INFO	2019-05-22 14:45:31	MarkDuplicates	Read    33,000,000 records.  Elapsed time: 00:02:09s.  Time for last 1,000,000:    2s.  Last read position: chr14:19,416,488
INFO	2019-05-22 14:45:31	MarkDuplicates	Tracking 94934 as yet unmatched pairs. 75474 records in RAM.
INFO	2019-05-22 14:45:34	MarkDuplicates	Read    34,000,000 records.  Elapsed time: 00:02:12s.  Time for last 1,000,000:    2s.  Last read position: chr14:19,416,938
INFO	2019-05-22 14:45:34	MarkDuplicates	Tracking 104567 as yet unmatched pairs. 85092 records in RAM.
INFO	2019-05-22 14:45:36	MarkDuplicates	Read    35,000,000 records.  Elapsed time: 00:02:14s.  Time for last 1,000,000:    2s.  Last read position: chr14:19,417,263
INFO	2019-05-22 14:45:36	MarkDuplicates	Tracking 134988 as yet unmatched pairs. 115468 records in RAM.
INFO	2019-05-22 14:45:40	MarkDuplicates	Read    36,000,000 records.  Elapsed time: 00:02:18s.  Time for last 1,000,000:    3s.  Last read position: chr14:19,417,544
INFO	2019-05-22 14:45:40	MarkDuplicates	Tracking 118673 as yet unmatched pairs. 99111 records in RAM.
INFO	2019-05-22 14:45:43	MarkDuplicates	Read    37,000,000 records.  Elapsed time: 00:02:21s.  Time for last 1,000,000:    2s.  Last read position: chr14:19,417,832
INFO	2019-05-22 14:45:43	MarkDuplicates	Tracking 124283 as yet unmatched pairs. 104707 records in RAM.
INFO	2019-05-22 14:45:45	MarkDuplicates	Read    38,000,000 records.  Elapsed time: 00:02:23s.  Time for last 1,000,000:    2s.  Last read position: chr14:19,418,185
INFO	2019-05-22 14:45:45	MarkDuplicates	Tracking 120738 as yet unmatched pairs. 101145 records in RAM.
INFO	2019-05-22 14:45:48	MarkDuplicates	Read    39,000,000 records.  Elapsed time: 00:02:26s.  Time for last 1,000,000:    2s.  Last read position: chr14:19,418,573
INFO	2019-05-22 14:45:48	MarkDuplicates	Tracking 114999 as yet unmatched pairs. 95395 records in RAM.
INFO	2019-05-22 14:45:51	MarkDuplicates	Read    40,000,000 records.  Elapsed time: 00:02:29s.  Time for last 1,000,000:    2s.  Last read position: chr14:19,418,846
INFO	2019-05-22 14:45:51	MarkDuplicates	Tracking 65036 as yet unmatched pairs. 45375 records in RAM.
INFO	2019-05-22 14:45:53	MarkDuplicates	Read    41,000,000 records.  Elapsed time: 00:02:32s.  Time for last 1,000,000:    2s.  Last read position: chr14:19,419,295
INFO	2019-05-22 14:45:53	MarkDuplicates	Tracking 40269 as yet unmatched pairs. 20602 records in RAM.
INFO	2019-05-22 14:45:56	MarkDuplicates	Read    42,000,000 records.  Elapsed time: 00:02:35s.  Time for last 1,000,000:    3s.  Last read position: chr14:27,940,898
INFO	2019-05-22 14:45:56	MarkDuplicates	Tracking 20726 as yet unmatched pairs. 857 records in RAM.
INFO	2019-05-22 14:46:00	MarkDuplicates	Read    43,000,000 records.  Elapsed time: 00:02:38s.  Time for last 1,000,000:    3s.  Last read position: chr14:42,811,589
INFO	2019-05-22 14:46:00	MarkDuplicates	Tracking 21073 as yet unmatched pairs. 862 records in RAM.
INFO	2019-05-22 14:46:41	MarkDuplicates	Read    44,000,000 records.  Elapsed time: 00:03:19s.  Time for last 1,000,000:   41s.  Last read position: chr14:52,975,222
INFO	2019-05-22 14:46:41	MarkDuplicates	Tracking 21680 as yet unmatched pairs. 645 records in RAM.
INFO	2019-05-22 14:46:44	MarkDuplicates	Read    45,000,000 records.  Elapsed time: 00:03:22s.  Time for last 1,000,000:    3s.  Last read position: chr14:72,912,870
INFO	2019-05-22 14:46:44	MarkDuplicates	Tracking 22218 as yet unmatched pairs. 391 records in RAM.
INFO	2019-05-22 14:46:49	MarkDuplicates	Read    46,000,000 records.  Elapsed time: 00:03:27s.  Time for last 1,000,000:    4s.  Last read position: chr14:91,579,400
INFO	2019-05-22 14:46:49	MarkDuplicates	Tracking 22540 as yet unmatched pairs. 259 records in RAM.
INFO	2019-05-22 14:46:52	MarkDuplicates	Read    47,000,000 records.  Elapsed time: 00:03:30s.  Time for last 1,000,000:    3s.  Last read position: chr14:110,100,812
INFO	2019-05-22 14:46:52	MarkDuplicates	Tracking 22850 as yet unmatched pairs. 152 records in RAM.
INFO	2019-05-22 14:46:58	MarkDuplicates	Read    48,000,000 records.  Elapsed time: 00:03:36s.  Time for last 1,000,000:    5s.  Last read position: chr15:5,116,522
INFO	2019-05-22 14:46:58	MarkDuplicates	Tracking 23299 as yet unmatched pairs. 1086 records in RAM.
INFO	2019-05-22 14:47:02	MarkDuplicates	Read    49,000,000 records.  Elapsed time: 00:03:40s.  Time for last 1,000,000:    3s.  Last read position: chr15:22,254,973
INFO	2019-05-22 14:47:02	MarkDuplicates	Tracking 23559 as yet unmatched pairs. 925 records in RAM.
INFO	2019-05-22 14:47:05	MarkDuplicates	Read    50,000,000 records.  Elapsed time: 00:03:43s.  Time for last 1,000,000:    3s.  Last read position: chr15:39,961,726
INFO	2019-05-22 14:47:05	MarkDuplicates	Tracking 23973 as yet unmatched pairs. 809 records in RAM.
INFO	2019-05-22 14:47:31	MarkDuplicates	Read    51,000,000 records.  Elapsed time: 00:04:10s.  Time for last 1,000,000:   26s.  Last read position: chr15:57,067,801
INFO	2019-05-22 14:47:31	MarkDuplicates	Tracking 24240 as yet unmatched pairs. 694 records in RAM.
INFO	2019-05-22 14:47:35	MarkDuplicates	Read    52,000,000 records.  Elapsed time: 00:04:13s.  Time for last 1,000,000:    3s.  Last read position: chr15:76,009,153
INFO	2019-05-22 14:47:35	MarkDuplicates	Tracking 24732 as yet unmatched pairs. 484 records in RAM.
INFO	2019-05-22 14:47:44	MarkDuplicates	Read    53,000,000 records.  Elapsed time: 00:04:22s.  Time for last 1,000,000:    9s.  Last read position: chr15:96,975,499
INFO	2019-05-22 14:47:44	MarkDuplicates	Tracking 25283 as yet unmatched pairs. 191 records in RAM.
INFO	2019-05-22 14:47:48	MarkDuplicates	Read    54,000,000 records.  Elapsed time: 00:04:26s.  Time for last 1,000,000:    3s.  Last read position: chr16:13,303,618
INFO	2019-05-22 14:47:48	MarkDuplicates	Tracking 26073 as yet unmatched pairs. 972 records in RAM.
INFO	2019-05-22 14:47:51	MarkDuplicates	Read    55,000,000 records.  Elapsed time: 00:04:29s.  Time for last 1,000,000:    3s.  Last read position: chr16:29,556,362
INFO	2019-05-22 14:47:51	MarkDuplicates	Tracking 26527 as yet unmatched pairs. 775 records in RAM.
INFO	2019-05-22 14:47:56	MarkDuplicates	Read    56,000,000 records.  Elapsed time: 00:04:35s.  Time for last 1,000,000:    5s.  Last read position: chr16:49,023,908
INFO	2019-05-22 14:47:56	MarkDuplicates	Tracking 26984 as yet unmatched pairs. 489 records in RAM.
INFO	2019-05-22 14:48:02	MarkDuplicates	Read    57,000,000 records.  Elapsed time: 00:04:40s.  Time for last 1,000,000:    5s.  Last read position: chr16:65,686,610
INFO	2019-05-22 14:48:02	MarkDuplicates	Tracking 27253 as yet unmatched pairs. 355 records in RAM.
INFO	2019-05-22 14:48:26	MarkDuplicates	Read    58,000,000 records.  Elapsed time: 00:05:04s.  Time for last 1,000,000:   24s.  Last read position: chr16:84,714,507
INFO	2019-05-22 14:48:26	MarkDuplicates	Tracking 27486 as yet unmatched pairs. 212 records in RAM.
INFO	2019-05-22 14:48:29	MarkDuplicates	Read    59,000,000 records.  Elapsed time: 00:05:08s.  Time for last 1,000,000:    3s.  Last read position: chr17:6,808,331
INFO	2019-05-22 14:48:29	MarkDuplicates	Tracking 27992 as yet unmatched pairs. 1559 records in RAM.
INFO	2019-05-22 14:48:32	MarkDuplicates	Read    60,000,000 records.  Elapsed time: 00:05:11s.  Time for last 1,000,000:    3s.  Last read position: chr17:20,877,491
INFO	2019-05-22 14:48:32	MarkDuplicates	Tracking 28194 as yet unmatched pairs. 1396 records in RAM.
INFO	2019-05-22 14:48:36	MarkDuplicates	Read    61,000,000 records.  Elapsed time: 00:05:14s.  Time for last 1,000,000:    3s.  Last read position: chr17:36,355,505
INFO	2019-05-22 14:48:36	MarkDuplicates	Tracking 28548 as yet unmatched pairs. 1023 records in RAM.
INFO	2019-05-22 14:48:43	MarkDuplicates	Read    62,000,000 records.  Elapsed time: 00:05:21s.  Time for last 1,000,000:    7s.  Last read position: chr17:51,753,560
INFO	2019-05-22 14:48:43	MarkDuplicates	Tracking 28840 as yet unmatched pairs. 749 records in RAM.
INFO	2019-05-22 14:48:48	MarkDuplicates	Read    63,000,000 records.  Elapsed time: 00:05:26s.  Time for last 1,000,000:    5s.  Last read position: chr17:68,554,817
INFO	2019-05-22 14:48:48	MarkDuplicates	Tracking 29176 as yet unmatched pairs. 380 records in RAM.
INFO	2019-05-22 14:48:52	MarkDuplicates	Read    64,000,000 records.  Elapsed time: 00:05:30s.  Time for last 1,000,000:    3s.  Last read position: chr17:87,665,173
INFO	2019-05-22 14:48:52	MarkDuplicates	Tracking 29422 as yet unmatched pairs. 78 records in RAM.
INFO	2019-05-22 14:48:57	MarkDuplicates	Read    65,000,000 records.  Elapsed time: 00:05:35s.  Time for last 1,000,000:    5s.  Last read position: chr18:9,049,386
INFO	2019-05-22 14:48:57	MarkDuplicates	Tracking 29600 as yet unmatched pairs. 1390 records in RAM.
INFO	2019-05-22 14:49:00	MarkDuplicates	Read    66,000,000 records.  Elapsed time: 00:05:38s.  Time for last 1,000,000:    3s.  Last read position: chr18:25,168,515
INFO	2019-05-22 14:49:00	MarkDuplicates	Tracking 29834 as yet unmatched pairs. 1223 records in RAM.
INFO	2019-05-22 14:49:03	MarkDuplicates	Read    67,000,000 records.  Elapsed time: 00:05:42s.  Time for last 1,000,000:    3s.  Last read position: chr18:44,362,085
INFO	2019-05-22 14:49:03	MarkDuplicates	Tracking 30075 as yet unmatched pairs. 870 records in RAM.
INFO	2019-05-22 14:49:07	MarkDuplicates	Read    68,000,000 records.  Elapsed time: 00:05:46s.  Time for last 1,000,000:    4s.  Last read position: chr18:62,922,418
INFO	2019-05-22 14:49:07	MarkDuplicates	Tracking 30380 as yet unmatched pairs. 625 records in RAM.
INFO	2019-05-22 14:49:11	MarkDuplicates	Read    69,000,000 records.  Elapsed time: 00:05:49s.  Time for last 1,000,000:    3s.  Last read position: chr18:82,797,988
INFO	2019-05-22 14:49:11	MarkDuplicates	Tracking 30619 as yet unmatched pairs. 138 records in RAM.
INFO	2019-05-22 14:49:14	MarkDuplicates	Read    70,000,000 records.  Elapsed time: 00:05:52s.  Time for last 1,000,000:    3s.  Last read position: chr19:10,131,772
INFO	2019-05-22 14:49:14	MarkDuplicates	Tracking 30717 as yet unmatched pairs. 849 records in RAM.
INFO	2019-05-22 14:49:17	MarkDuplicates	Read    71,000,000 records.  Elapsed time: 00:05:56s.  Time for last 1,000,000:    3s.  Last read position: chr19:29,217,375
INFO	2019-05-22 14:49:17	MarkDuplicates	Tracking 30947 as yet unmatched pairs. 518 records in RAM.
INFO	2019-05-22 14:49:23	MarkDuplicates	Read    72,000,000 records.  Elapsed time: 00:06:01s.  Time for last 1,000,000:    5s.  Last read position: chr19:47,195,284
INFO	2019-05-22 14:49:23	MarkDuplicates	Tracking 31199 as yet unmatched pairs. 182 records in RAM.
INFO	2019-05-22 14:49:26	MarkDuplicates	Read    73,000,000 records.  Elapsed time: 00:06:04s.  Time for last 1,000,000:    3s.  Last read position: chr1:7,105,321
INFO	2019-05-22 14:49:26	MarkDuplicates	Tracking 31348 as yet unmatched pairs. 3206 records in RAM.
INFO	2019-05-22 14:49:31	MarkDuplicates	Read    74,000,000 records.  Elapsed time: 00:06:09s.  Time for last 1,000,000:    5s.  Last read position: chr1:20,526,678
INFO	2019-05-22 14:49:31	MarkDuplicates	Tracking 31442 as yet unmatched pairs. 3045 records in RAM.
INFO	2019-05-22 14:49:34	MarkDuplicates	Read    75,000,000 records.  Elapsed time: 00:06:13s.  Time for last 1,000,000:    3s.  Last read position: chr1:24,615,881
INFO	2019-05-22 14:49:36	MarkDuplicates	Tracking 37379 as yet unmatched pairs. 3914 records in RAM.
INFO	2019-05-22 14:49:39	MarkDuplicates	Read    76,000,000 records.  Elapsed time: 00:06:18s.  Time for last 1,000,000:    5s.  Last read position: chr1:41,370,589
INFO	2019-05-22 14:49:39	MarkDuplicates	Tracking 36833 as yet unmatched pairs. 2751 records in RAM.
INFO	2019-05-22 14:49:43	MarkDuplicates	Read    77,000,000 records.  Elapsed time: 00:06:21s.  Time for last 1,000,000:    3s.  Last read position: chr1:56,782,106
INFO	2019-05-22 14:49:43	MarkDuplicates	Tracking 36939 as yet unmatched pairs. 2574 records in RAM.
INFO	2019-05-22 14:49:46	MarkDuplicates	Read    78,000,000 records.  Elapsed time: 00:06:24s.  Time for last 1,000,000:    3s.  Last read position: chr1:75,933,604
INFO	2019-05-22 14:49:46	MarkDuplicates	Tracking 37244 as yet unmatched pairs. 2110 records in RAM.
INFO	2019-05-22 14:49:49	MarkDuplicates	Read    79,000,000 records.  Elapsed time: 00:06:27s.  Time for last 1,000,000:    3s.  Last read position: chr1:92,005,788
INFO	2019-05-22 14:49:49	MarkDuplicates	Tracking 37334 as yet unmatched pairs. 1851 records in RAM.
INFO	2019-05-22 14:49:52	MarkDuplicates	Read    80,000,000 records.  Elapsed time: 00:06:31s.  Time for last 1,000,000:    3s.  Last read position: chr1:107,267,583
INFO	2019-05-22 14:49:52	MarkDuplicates	Tracking 37415 as yet unmatched pairs. 1553 records in RAM.
INFO	2019-05-22 14:49:59	MarkDuplicates	Read    81,000,000 records.  Elapsed time: 00:06:37s.  Time for last 1,000,000:    6s.  Last read position: chr1:122,364,055
INFO	2019-05-22 14:49:59	MarkDuplicates	Tracking 37512 as yet unmatched pairs. 1366 records in RAM.
INFO	2019-05-22 14:50:02	MarkDuplicates	Read    82,000,000 records.  Elapsed time: 00:06:40s.  Time for last 1,000,000:    3s.  Last read position: chr1:141,301,758
INFO	2019-05-22 14:50:02	MarkDuplicates	Tracking 37613 as yet unmatched pairs. 1107 records in RAM.
INFO	2019-05-22 14:50:05	MarkDuplicates	Read    83,000,000 records.  Elapsed time: 00:06:44s.  Time for last 1,000,000:    3s.  Last read position: chr1:159,503,757
INFO	2019-05-22 14:50:05	MarkDuplicates	Tracking 37768 as yet unmatched pairs. 686 records in RAM.
INFO	2019-05-22 14:50:09	MarkDuplicates	Read    84,000,000 records.  Elapsed time: 00:06:47s.  Time for last 1,000,000:    3s.  Last read position: chr1:177,983,146
INFO	2019-05-22 14:50:09	MarkDuplicates	Tracking 37996 as yet unmatched pairs. 534 records in RAM.
INFO	2019-05-22 14:50:12	MarkDuplicates	Read    85,000,000 records.  Elapsed time: 00:06:51s.  Time for last 1,000,000:    3s.  Last read position: chr2:5,379,040
INFO	2019-05-22 14:50:12	MarkDuplicates	Tracking 37913 as yet unmatched pairs. 4483 records in RAM.
INFO	2019-05-22 14:50:16	MarkDuplicates	Read    86,000,000 records.  Elapsed time: 00:06:54s.  Time for last 1,000,000:    3s.  Last read position: chr2:21,759,728
INFO	2019-05-22 14:50:16	MarkDuplicates	Tracking 37959 as yet unmatched pairs. 4214 records in RAM.
INFO	2019-05-22 14:50:19	MarkDuplicates	Read    87,000,000 records.  Elapsed time: 00:06:57s.  Time for last 1,000,000:    3s.  Last read position: chr2:29,764,998
INFO	2019-05-22 14:50:19	MarkDuplicates	Tracking 38678 as yet unmatched pairs. 3800 records in RAM.
INFO	2019-05-22 14:50:29	MarkDuplicates	Read    88,000,000 records.  Elapsed time: 00:07:08s.  Time for last 1,000,000:   10s.  Last read position: chr2:48,654,706
INFO	2019-05-22 14:50:29	MarkDuplicates	Tracking 38705 as yet unmatched pairs. 3399 records in RAM.
INFO	2019-05-22 14:50:33	MarkDuplicates	Read    89,000,000 records.  Elapsed time: 00:07:11s.  Time for last 1,000,000:    3s.  Last read position: chr2:67,456,812
INFO	2019-05-22 14:50:33	MarkDuplicates	Tracking 38730 as yet unmatched pairs. 3172 records in RAM.
INFO	2019-05-22 14:50:36	MarkDuplicates	Read    90,000,000 records.  Elapsed time: 00:07:14s.  Time for last 1,000,000:    3s.  Last read position: chr2:86,228,156
INFO	2019-05-22 14:50:36	MarkDuplicates	Tracking 38826 as yet unmatched pairs. 2673 records in RAM.
INFO	2019-05-22 14:50:39	MarkDuplicates	Read    91,000,000 records.  Elapsed time: 00:07:17s.  Time for last 1,000,000:    2s.  Last read position: chr2:98,662,235
INFO	2019-05-22 14:50:39	MarkDuplicates	Tracking 51572 as yet unmatched pairs. 15128 records in RAM.
INFO	2019-05-22 14:50:42	MarkDuplicates	Read    92,000,000 records.  Elapsed time: 00:07:20s.  Time for last 1,000,000:    2s.  Last read position: chr2:98,662,465
INFO	2019-05-22 14:50:42	MarkDuplicates	Tracking 45707 as yet unmatched pairs. 9236 records in RAM.
INFO	2019-05-22 14:50:49	MarkDuplicates	Read    93,000,000 records.  Elapsed time: 00:07:27s.  Time for last 1,000,000:    6s.  Last read position: chr2:98,663,783
INFO	2019-05-22 14:50:49	MarkDuplicates	Tracking 45684 as yet unmatched pairs. 9163 records in RAM.
INFO	2019-05-22 14:50:52	MarkDuplicates	Read    94,000,000 records.  Elapsed time: 00:07:30s.  Time for last 1,000,000:    2s.  Last read position: chr2:98,665,161
INFO	2019-05-22 14:50:52	MarkDuplicates	Tracking 39514 as yet unmatched pairs. 2969 records in RAM.
INFO	2019-05-22 14:50:58	MarkDuplicates	Read    95,000,000 records.  Elapsed time: 00:07:36s.  Time for last 1,000,000:    6s.  Last read position: chr2:98,666,586
INFO	2019-05-22 14:50:58	MarkDuplicates	Tracking 98930 as yet unmatched pairs. 62342 records in RAM.
INFO	2019-05-22 14:51:00	MarkDuplicates	Read    96,000,000 records.  Elapsed time: 00:07:38s.  Time for last 1,000,000:    2s.  Last read position: chr2:98,666,752
INFO	2019-05-22 14:51:00	MarkDuplicates	Tracking 169311 as yet unmatched pairs. 132692 records in RAM.
INFO	2019-05-22 14:51:07	MarkDuplicates	Read    97,000,000 records.  Elapsed time: 00:07:45s.  Time for last 1,000,000:    6s.  Last read position: chr2:98,666,868
INFO	2019-05-22 14:51:07	MarkDuplicates	Tracking 229588 as yet unmatched pairs. 192958 records in RAM.
INFO	2019-05-22 14:51:10	MarkDuplicates	Read    98,000,000 records.  Elapsed time: 00:07:48s.  Time for last 1,000,000:    2s.  Last read position: chr2:98,667,034
INFO	2019-05-22 14:51:10	MarkDuplicates	Tracking 238564 as yet unmatched pairs. 201865 records in RAM.
INFO	2019-05-22 14:51:12	MarkDuplicates	Read    99,000,000 records.  Elapsed time: 00:07:51s.  Time for last 1,000,000:    2s.  Last read position: chr2:98,667,112
INFO	2019-05-22 14:51:12	MarkDuplicates	Tracking 154320 as yet unmatched pairs. 117571 records in RAM.
INFO	2019-05-22 14:51:15	MarkDuplicates	Read   100,000,000 records.  Elapsed time: 00:07:53s.  Time for last 1,000,000:    2s.  Last read position: chr2:98,667,232
INFO	2019-05-22 14:51:15	MarkDuplicates	Tracking 64519 as yet unmatched pairs. 27685 records in RAM.
INFO	2019-05-22 14:51:18	MarkDuplicates	Read   101,000,000 records.  Elapsed time: 00:07:56s.  Time for last 1,000,000:    2s.  Last read position: chr2:109,494,212
INFO	2019-05-22 14:51:18	MarkDuplicates	Tracking 38839 as yet unmatched pairs. 1811 records in RAM.
INFO	2019-05-22 14:51:21	MarkDuplicates	Read   102,000,000 records.  Elapsed time: 00:07:59s.  Time for last 1,000,000:    3s.  Last read position: chr2:128,194,639
INFO	2019-05-22 14:51:21	MarkDuplicates	Tracking 38843 as yet unmatched pairs. 1420 records in RAM.
INFO	2019-05-22 14:51:25	MarkDuplicates	Read   103,000,000 records.  Elapsed time: 00:08:04s.  Time for last 1,000,000:    4s.  Last read position: chr2:148,509,267
INFO	2019-05-22 14:51:25	MarkDuplicates	Tracking 38738 as yet unmatched pairs. 847 records in RAM.
INFO	2019-05-22 14:51:29	MarkDuplicates	Read   104,000,000 records.  Elapsed time: 00:08:07s.  Time for last 1,000,000:    3s.  Last read position: chr2:167,524,897
INFO	2019-05-22 14:51:29	MarkDuplicates	Tracking 38686 as yet unmatched pairs. 367 records in RAM.
INFO	2019-05-22 14:51:35	MarkDuplicates	Read   105,000,000 records.  Elapsed time: 00:08:13s.  Time for last 1,000,000:    6s.  Last read position: chr2:181,599,866
INFO	2019-05-22 14:51:35	MarkDuplicates	Tracking 38667 as yet unmatched pairs. 62 records in RAM.
INFO	2019-05-22 14:51:39	MarkDuplicates	Read   106,000,000 records.  Elapsed time: 00:08:17s.  Time for last 1,000,000:    3s.  Last read position: chr3:13,935,502
INFO	2019-05-22 14:51:39	MarkDuplicates	Tracking 38580 as yet unmatched pairs. 3430 records in RAM.
INFO	2019-05-22 14:51:42	MarkDuplicates	Read   107,000,000 records.  Elapsed time: 00:08:20s.  Time for last 1,000,000:    3s.  Last read position: chr3:28,503,276
INFO	2019-05-22 14:51:42	MarkDuplicates	Tracking 38547 as yet unmatched pairs. 3174 records in RAM.
INFO	2019-05-22 14:51:45	MarkDuplicates	Read   108,000,000 records.  Elapsed time: 00:08:24s.  Time for last 1,000,000:    3s.  Last read position: chr3:45,987,584
INFO	2019-05-22 14:51:45	MarkDuplicates	Tracking 38512 as yet unmatched pairs. 2905 records in RAM.
INFO	2019-05-22 14:51:57	MarkDuplicates	Read   109,000,000 records.  Elapsed time: 00:08:35s.  Time for last 1,000,000:   11s.  Last read position: chr3:62,683,677
INFO	2019-05-22 14:51:57	MarkDuplicates	Tracking 38450 as yet unmatched pairs. 2563 records in RAM.
INFO	2019-05-22 14:52:00	MarkDuplicates	Read   110,000,000 records.  Elapsed time: 00:08:38s.  Time for last 1,000,000:    3s.  Last read position: chr3:78,957,435
INFO	2019-05-22 14:52:00	MarkDuplicates	Tracking 38381 as yet unmatched pairs. 2276 records in RAM.
INFO	2019-05-22 14:52:03	MarkDuplicates	Read   111,000,000 records.  Elapsed time: 00:08:41s.  Time for last 1,000,000:    3s.  Last read position: chr3:94,334,571
INFO	2019-05-22 14:52:03	MarkDuplicates	Tracking 38388 as yet unmatched pairs. 2024 records in RAM.
INFO	2019-05-22 14:52:29	MarkDuplicates	Read   112,000,000 records.  Elapsed time: 00:09:08s.  Time for last 1,000,000:   26s.  Last read position: chr3:111,518,463
INFO	2019-05-22 14:52:29	MarkDuplicates	Tracking 38201 as yet unmatched pairs. 1430 records in RAM.
INFO	2019-05-22 14:52:33	MarkDuplicates	Read   113,000,000 records.  Elapsed time: 00:09:11s.  Time for last 1,000,000:    3s.  Last read position: chr3:130,060,845
INFO	2019-05-22 14:52:33	MarkDuplicates	Tracking 38199 as yet unmatched pairs. 1192 records in RAM.
INFO	2019-05-22 14:52:37	MarkDuplicates	Read   114,000,000 records.  Elapsed time: 00:09:15s.  Time for last 1,000,000:    3s.  Last read position: chr3:149,469,281
INFO	2019-05-22 14:52:37	MarkDuplicates	Tracking 37852 as yet unmatched pairs. 220 records in RAM.
INFO	2019-05-22 14:52:40	MarkDuplicates	Read   115,000,000 records.  Elapsed time: 00:09:18s.  Time for last 1,000,000:    3s.  Last read position: chr4:3,091,093
INFO	2019-05-22 14:52:40	MarkDuplicates	Tracking 37938 as yet unmatched pairs. 4798 records in RAM.
INFO	2019-05-22 14:52:47	MarkDuplicates	Read   116,000,000 records.  Elapsed time: 00:09:25s.  Time for last 1,000,000:    6s.  Last read position: chr4:16,905,029
INFO	2019-05-22 14:52:47	MarkDuplicates	Tracking 37686 as yet unmatched pairs. 4337 records in RAM.
INFO	2019-05-22 14:52:51	MarkDuplicates	Read   117,000,000 records.  Elapsed time: 00:09:29s.  Time for last 1,000,000:    3s.  Last read position: chr4:32,791,006
INFO	2019-05-22 14:52:51	MarkDuplicates	Tracking 37614 as yet unmatched pairs. 4118 records in RAM.
INFO	2019-05-22 14:53:01	MarkDuplicates	Read   118,000,000 records.  Elapsed time: 00:09:40s.  Time for last 1,000,000:   10s.  Last read position: chr4:49,050,615
INFO	2019-05-22 14:53:01	MarkDuplicates	Tracking 37433 as yet unmatched pairs. 3618 records in RAM.
INFO	2019-05-22 14:53:05	MarkDuplicates	Read   119,000,000 records.  Elapsed time: 00:09:43s.  Time for last 1,000,000:    3s.  Last read position: chr4:62,747,524
INFO	2019-05-22 14:53:05	MarkDuplicates	Tracking 37313 as yet unmatched pairs. 3313 records in RAM.
INFO	2019-05-22 14:53:08	MarkDuplicates	Read   120,000,000 records.  Elapsed time: 00:09:46s.  Time for last 1,000,000:    3s.  Last read position: chr4:77,136,655
INFO	2019-05-22 14:53:08	MarkDuplicates	Tracking 37257 as yet unmatched pairs. 3094 records in RAM.
INFO	2019-05-22 14:53:25	MarkDuplicates	Read   121,000,000 records.  Elapsed time: 00:10:03s.  Time for last 1,000,000:   16s.  Last read position: chr4:88,711,481
INFO	2019-05-22 14:53:25	MarkDuplicates	Tracking 37239 as yet unmatched pairs. 2856 records in RAM.
INFO	2019-05-22 14:53:28	MarkDuplicates	Read   122,000,000 records.  Elapsed time: 00:10:06s.  Time for last 1,000,000:    3s.  Last read position: chr4:106,179,468
INFO	2019-05-22 14:53:28	MarkDuplicates	Tracking 36962 as yet unmatched pairs. 2150 records in RAM.
INFO	2019-05-22 14:53:31	MarkDuplicates	Read   123,000,000 records.  Elapsed time: 00:10:09s.  Time for last 1,000,000:    3s.  Last read position: chr4:121,928,747
INFO	2019-05-22 14:53:31	MarkDuplicates	Tracking 36593 as yet unmatched pairs. 1272 records in RAM.
INFO	2019-05-22 14:53:44	MarkDuplicates	Read   124,000,000 records.  Elapsed time: 00:10:23s.  Time for last 1,000,000:   13s.  Last read position: chr4:143,491,313
INFO	2019-05-22 14:53:44	MarkDuplicates	Tracking 36175 as yet unmatched pairs. 455 records in RAM.
INFO	2019-05-22 14:53:47	MarkDuplicates	Read   125,000,000 records.  Elapsed time: 00:10:26s.  Time for last 1,000,000:    3s.  Last read position: chr4:153,088,299
INFO	2019-05-22 14:53:47	MarkDuplicates	Tracking 36031 as yet unmatched pairs. 121 records in RAM.
INFO	2019-05-22 14:53:51	MarkDuplicates	Read   126,000,000 records.  Elapsed time: 00:10:29s.  Time for last 1,000,000:    3s.  Last read position: chr5:12,521,851
INFO	2019-05-22 14:53:51	MarkDuplicates	Tracking 35805 as yet unmatched pairs. 6938 records in RAM.
INFO	2019-05-22 14:53:54	MarkDuplicates	Read   127,000,000 records.  Elapsed time: 00:10:32s.  Time for last 1,000,000:    3s.  Last read position: chr5:25,411,650
INFO	2019-05-22 14:53:54	MarkDuplicates	Tracking 35656 as yet unmatched pairs. 6667 records in RAM.
INFO	2019-05-22 14:53:58	MarkDuplicates	Read   128,000,000 records.  Elapsed time: 00:10:36s.  Time for last 1,000,000:    3s.  Last read position: chr5:42,203,918
INFO	2019-05-22 14:53:58	MarkDuplicates	Tracking 35299 as yet unmatched pairs. 6095 records in RAM.
INFO	2019-05-22 14:54:01	MarkDuplicates	Read   129,000,000 records.  Elapsed time: 00:10:39s.  Time for last 1,000,000:    3s.  Last read position: chr5:60,042,739
INFO	2019-05-22 14:54:01	MarkDuplicates	Tracking 35066 as yet unmatched pairs. 5681 records in RAM.
INFO	2019-05-22 14:54:17	MarkDuplicates	Read   130,000,000 records.  Elapsed time: 00:10:55s.  Time for last 1,000,000:   15s.  Last read position: chr5:77,722,473
INFO	2019-05-22 14:54:17	MarkDuplicates	Tracking 34828 as yet unmatched pairs. 5219 records in RAM.
INFO	2019-05-22 14:54:20	MarkDuplicates	Read   131,000,000 records.  Elapsed time: 00:10:58s.  Time for last 1,000,000:    3s.  Last read position: chr5:93,460,056
INFO	2019-05-22 14:54:20	MarkDuplicates	Tracking 34607 as yet unmatched pairs. 4846 records in RAM.
INFO	2019-05-22 14:54:23	MarkDuplicates	Read   132,000,000 records.  Elapsed time: 00:11:01s.  Time for last 1,000,000:    2s.  Last read position: chr5:102,599,982
INFO	2019-05-22 14:54:23	MarkDuplicates	Tracking 34436 as yet unmatched pairs. 4581 records in RAM.
INFO	2019-05-22 14:54:26	MarkDuplicates	Read   133,000,000 records.  Elapsed time: 00:11:04s.  Time for last 1,000,000:    3s.  Last read position: chr5:120,736,459
INFO	2019-05-22 14:54:26	MarkDuplicates	Tracking 33577 as yet unmatched pairs. 3206 records in RAM.
INFO	2019-05-22 14:54:29	MarkDuplicates	Read   134,000,000 records.  Elapsed time: 00:11:08s.  Time for last 1,000,000:    3s.  Last read position: chr5:142,156,909
INFO	2019-05-22 14:54:29	MarkDuplicates	Tracking 32076 as yet unmatched pairs. 641 records in RAM.
INFO	2019-05-22 14:54:33	MarkDuplicates	Read   135,000,000 records.  Elapsed time: 00:11:11s.  Time for last 1,000,000:    3s.  Last read position: chr6:9,457,008
INFO	2019-05-22 14:54:33	MarkDuplicates	Tracking 31443 as yet unmatched pairs. 4407 records in RAM.
INFO	2019-05-22 14:54:37	MarkDuplicates	Read   136,000,000 records.  Elapsed time: 00:11:15s.  Time for last 1,000,000:    4s.  Last read position: chr6:24,883,361
INFO	2019-05-22 14:54:37	MarkDuplicates	Tracking 31263 as yet unmatched pairs. 4096 records in RAM.
INFO	2019-05-22 14:54:48	MarkDuplicates	Read   137,000,000 records.  Elapsed time: 00:11:27s.  Time for last 1,000,000:   11s.  Last read position: chr6:43,515,852
INFO	2019-05-22 14:54:49	MarkDuplicates	Tracking 30978 as yet unmatched pairs. 3672 records in RAM.
INFO	2019-05-22 14:54:52	MarkDuplicates	Read   138,000,000 records.  Elapsed time: 00:11:30s.  Time for last 1,000,000:    3s.  Last read position: chr6:59,061,094
INFO	2019-05-22 14:54:52	MarkDuplicates	Tracking 30466 as yet unmatched pairs. 2992 records in RAM.
INFO	2019-05-22 14:54:55	MarkDuplicates	Read   139,000,000 records.  Elapsed time: 00:11:33s.  Time for last 1,000,000:    3s.  Last read position: chr6:72,927,093
INFO	2019-05-22 14:54:55	MarkDuplicates	Tracking 30208 as yet unmatched pairs. 2628 records in RAM.
INFO	2019-05-22 14:54:59	MarkDuplicates	Read   140,000,000 records.  Elapsed time: 00:11:37s.  Time for last 1,000,000:    4s.  Last read position: chr6:91,016,242
INFO	2019-05-22 14:54:59	MarkDuplicates	Tracking 29753 as yet unmatched pairs. 2000 records in RAM.
INFO	2019-05-22 14:55:03	MarkDuplicates	Read   141,000,000 records.  Elapsed time: 00:11:41s.  Time for last 1,000,000:    3s.  Last read position: chr6:107,303,040
INFO	2019-05-22 14:55:03	MarkDuplicates	Tracking 29409 as yet unmatched pairs. 1508 records in RAM.
INFO	2019-05-22 14:55:07	MarkDuplicates	Read   142,000,000 records.  Elapsed time: 00:11:45s.  Time for last 1,000,000:    4s.  Last read position: chr6:124,288,242
INFO	2019-05-22 14:55:07	MarkDuplicates	Tracking 29072 as yet unmatched pairs. 1053 records in RAM.
INFO	2019-05-22 14:55:11	MarkDuplicates	Read   143,000,000 records.  Elapsed time: 00:11:49s.  Time for last 1,000,000:    3s.  Last read position: chr6:139,896,850
INFO	2019-05-22 14:55:11	MarkDuplicates	Tracking 28605 as yet unmatched pairs. 353 records in RAM.
INFO	2019-05-22 14:55:14	MarkDuplicates	Read   144,000,000 records.  Elapsed time: 00:11:52s.  Time for last 1,000,000:    3s.  Last read position: chr7:7,815,411
INFO	2019-05-22 14:55:14	MarkDuplicates	Tracking 28173 as yet unmatched pairs. 5930 records in RAM.
INFO	2019-05-22 14:55:17	MarkDuplicates	Read   145,000,000 records.  Elapsed time: 00:11:55s.  Time for last 1,000,000:    2s.  Last read position: chr7:15,215,554
INFO	2019-05-22 14:55:17	MarkDuplicates	Tracking 28041 as yet unmatched pairs. 5758 records in RAM.
INFO	2019-05-22 14:55:20	MarkDuplicates	Read   146,000,000 records.  Elapsed time: 00:11:58s.  Time for last 1,000,000:    3s.  Last read position: chr7:22,294,845
INFO	2019-05-22 14:55:20	MarkDuplicates	Tracking 27922 as yet unmatched pairs. 5563 records in RAM.
INFO	2019-05-22 14:55:23	MarkDuplicates	Read   147,000,000 records.  Elapsed time: 00:12:01s.  Time for last 1,000,000:    3s.  Last read position: chr7:32,072,399
INFO	2019-05-22 14:55:23	MarkDuplicates	Tracking 27516 as yet unmatched pairs. 5073 records in RAM.
INFO	2019-05-22 14:55:26	MarkDuplicates	Read   148,000,000 records.  Elapsed time: 00:12:04s.  Time for last 1,000,000:    3s.  Last read position: chr7:42,911,004
INFO	2019-05-22 14:55:26	MarkDuplicates	Tracking 27190 as yet unmatched pairs. 4666 records in RAM.
INFO	2019-05-22 14:55:29	MarkDuplicates	Read   149,000,000 records.  Elapsed time: 00:12:07s.  Time for last 1,000,000:    3s.  Last read position: chr7:58,214,653
INFO	2019-05-22 14:55:29	MarkDuplicates	Tracking 26846 as yet unmatched pairs. 4237 records in RAM.
INFO	2019-05-22 14:55:32	MarkDuplicates	Read   150,000,000 records.  Elapsed time: 00:12:11s.  Time for last 1,000,000:    3s.  Last read position: chr7:73,859,714
INFO	2019-05-22 14:55:32	MarkDuplicates	Tracking 26197 as yet unmatched pairs. 3410 records in RAM.
INFO	2019-05-22 14:55:42	MarkDuplicates	Read   151,000,000 records.  Elapsed time: 00:12:20s.  Time for last 1,000,000:    9s.  Last read position: chr7:91,382,108
INFO	2019-05-22 14:55:42	MarkDuplicates	Tracking 25409 as yet unmatched pairs. 2429 records in RAM.
INFO	2019-05-22 14:55:45	MarkDuplicates	Read   152,000,000 records.  Elapsed time: 00:12:23s.  Time for last 1,000,000:    3s.  Last read position: chr7:107,929,656
INFO	2019-05-22 14:55:45	MarkDuplicates	Tracking 24987 as yet unmatched pairs. 1933 records in RAM.
INFO	2019-05-22 14:55:49	MarkDuplicates	Read   153,000,000 records.  Elapsed time: 00:12:27s.  Time for last 1,000,000:    3s.  Last read position: chr7:127,895,448
INFO	2019-05-22 14:55:49	MarkDuplicates	Tracking 24375 as yet unmatched pairs. 1175 records in RAM.
INFO	2019-05-22 14:55:52	MarkDuplicates	Read   154,000,000 records.  Elapsed time: 00:12:30s.  Time for last 1,000,000:    3s.  Last read position: chr8:4,931,714
INFO	2019-05-22 14:55:52	MarkDuplicates	Tracking 23272 as yet unmatched pairs. 4839 records in RAM.
INFO	2019-05-22 14:55:56	MarkDuplicates	Read   155,000,000 records.  Elapsed time: 00:12:34s.  Time for last 1,000,000:    3s.  Last read position: chr8:20,309,045
INFO	2019-05-22 14:55:56	MarkDuplicates	Tracking 23093 as yet unmatched pairs. 4605 records in RAM.
INFO	2019-05-22 14:55:59	MarkDuplicates	Read   156,000,000 records.  Elapsed time: 00:12:37s.  Time for last 1,000,000:    3s.  Last read position: chr8:32,221,347
INFO	2019-05-22 14:55:59	MarkDuplicates	Tracking 22527 as yet unmatched pairs. 3985 records in RAM.
INFO	2019-05-22 14:56:02	MarkDuplicates	Read   157,000,000 records.  Elapsed time: 00:12:40s.  Time for last 1,000,000:    3s.  Last read position: chr8:51,469,423
INFO	2019-05-22 14:56:02	MarkDuplicates	Tracking 22084 as yet unmatched pairs. 3470 records in RAM.
INFO	2019-05-22 14:56:05	MarkDuplicates	Read   158,000,000 records.  Elapsed time: 00:12:43s.  Time for last 1,000,000:    3s.  Last read position: chr8:66,843,331
INFO	2019-05-22 14:56:05	MarkDuplicates	Tracking 21752 as yet unmatched pairs. 3079 records in RAM.
INFO	2019-05-22 14:56:09	MarkDuplicates	Read   159,000,000 records.  Elapsed time: 00:12:47s.  Time for last 1,000,000:    3s.  Last read position: chr8:80,536,255
INFO	2019-05-22 14:56:09	MarkDuplicates	Tracking 21291 as yet unmatched pairs. 2565 records in RAM.
INFO	2019-05-22 14:56:12	MarkDuplicates	Read   160,000,000 records.  Elapsed time: 00:12:50s.  Time for last 1,000,000:    3s.  Last read position: chr8:100,095,706
INFO	2019-05-22 14:56:12	MarkDuplicates	Tracking 20675 as yet unmatched pairs. 1840 records in RAM.
INFO	2019-05-22 14:56:15	MarkDuplicates	Read   161,000,000 records.  Elapsed time: 00:12:54s.  Time for last 1,000,000:    3s.  Last read position: chr8:121,826,517
INFO	2019-05-22 14:56:15	MarkDuplicates	Tracking 19349 as yet unmatched pairs. 319 records in RAM.
INFO	2019-05-22 14:56:18	MarkDuplicates	Read   162,000,000 records.  Elapsed time: 00:12:56s.  Time for last 1,000,000:    2s.  Last read position: chr9:3,000,533
INFO	2019-05-22 14:56:18	MarkDuplicates	Tracking 50198 as yet unmatched pairs. 36385 records in RAM.
INFO	2019-05-22 14:56:21	MarkDuplicates	Read   163,000,000 records.  Elapsed time: 00:12:59s.  Time for last 1,000,000:    2s.  Last read position: chr9:3,001,474
INFO	2019-05-22 14:56:21	MarkDuplicates	Tracking 45795 as yet unmatched pairs. 31982 records in RAM.
INFO	2019-05-22 14:56:23	MarkDuplicates	Read   164,000,000 records.  Elapsed time: 00:13:02s.  Time for last 1,000,000:    2s.  Last read position: chr9:3,004,120
INFO	2019-05-22 14:56:23	MarkDuplicates	Tracking 27996 as yet unmatched pairs. 14182 records in RAM.
INFO	2019-05-22 14:56:26	MarkDuplicates	Read   165,000,000 records.  Elapsed time: 00:13:04s.  Time for last 1,000,000:    2s.  Last read position: chr9:3,006,787
INFO	2019-05-22 14:56:26	MarkDuplicates	Tracking 32369 as yet unmatched pairs. 18553 records in RAM.
INFO	2019-05-22 14:56:28	MarkDuplicates	Read   166,000,000 records.  Elapsed time: 00:13:07s.  Time for last 1,000,000:    2s.  Last read position: chr9:3,010,008
INFO	2019-05-22 14:56:28	MarkDuplicates	Tracking 25917 as yet unmatched pairs. 12099 records in RAM.
INFO	2019-05-22 14:56:31	MarkDuplicates	Read   167,000,000 records.  Elapsed time: 00:13:09s.  Time for last 1,000,000:    2s.  Last read position: chr9:3,013,887
INFO	2019-05-22 14:56:31	MarkDuplicates	Tracking 27175 as yet unmatched pairs. 13351 records in RAM.
INFO	2019-05-22 14:56:34	MarkDuplicates	Read   168,000,000 records.  Elapsed time: 00:13:12s.  Time for last 1,000,000:    2s.  Last read position: chr9:3,018,270
INFO	2019-05-22 14:56:34	MarkDuplicates	Tracking 29992 as yet unmatched pairs. 16168 records in RAM.
INFO	2019-05-22 14:56:36	MarkDuplicates	Read   169,000,000 records.  Elapsed time: 00:13:14s.  Time for last 1,000,000:    2s.  Last read position: chr9:3,021,433
INFO	2019-05-22 14:56:36	MarkDuplicates	Tracking 25146 as yet unmatched pairs. 11321 records in RAM.
INFO	2019-05-22 14:56:39	MarkDuplicates	Read   170,000,000 records.  Elapsed time: 00:13:17s.  Time for last 1,000,000:    2s.  Last read position: chr9:3,024,187
INFO	2019-05-22 14:56:39	MarkDuplicates	Tracking 33975 as yet unmatched pairs. 20148 records in RAM.
INFO	2019-05-22 14:56:41	MarkDuplicates	Read   171,000,000 records.  Elapsed time: 00:13:20s.  Time for last 1,000,000:    2s.  Last read position: chr9:3,027,152
INFO	2019-05-22 14:56:41	MarkDuplicates	Tracking 27041 as yet unmatched pairs. 13212 records in RAM.
INFO	2019-05-22 14:56:44	MarkDuplicates	Read   172,000,000 records.  Elapsed time: 00:13:22s.  Time for last 1,000,000:    2s.  Last read position: chr9:3,031,093
INFO	2019-05-22 14:56:44	MarkDuplicates	Tracking 28023 as yet unmatched pairs. 14194 records in RAM.
INFO	2019-05-22 14:56:47	MarkDuplicates	Read   173,000,000 records.  Elapsed time: 00:13:25s.  Time for last 1,000,000:    2s.  Last read position: chr9:3,034,479
INFO	2019-05-22 14:56:47	MarkDuplicates	Tracking 23383 as yet unmatched pairs. 9551 records in RAM.
INFO	2019-05-22 14:56:50	MarkDuplicates	Read   174,000,000 records.  Elapsed time: 00:13:28s.  Time for last 1,000,000:    2s.  Last read position: chr9:6,118,479
INFO	2019-05-22 14:56:50	MarkDuplicates	Tracking 18509 as yet unmatched pairs. 4648 records in RAM.
INFO	2019-05-22 14:56:53	MarkDuplicates	Read   175,000,000 records.  Elapsed time: 00:13:31s.  Time for last 1,000,000:    3s.  Last read position: chr9:19,667,331
INFO	2019-05-22 14:56:53	MarkDuplicates	Tracking 18135 as yet unmatched pairs. 4243 records in RAM.
INFO	2019-05-22 14:56:56	MarkDuplicates	Read   176,000,000 records.  Elapsed time: 00:13:34s.  Time for last 1,000,000:    3s.  Last read position: chr9:35,305,220
INFO	2019-05-22 14:56:56	MarkDuplicates	Tracking 18402 as yet unmatched pairs. 4472 records in RAM.
INFO	2019-05-22 14:56:59	MarkDuplicates	Read   177,000,000 records.  Elapsed time: 00:13:37s.  Time for last 1,000,000:    2s.  Last read position: chr9:38,501,800
INFO	2019-05-22 14:56:59	MarkDuplicates	Tracking 17509 as yet unmatched pairs. 3568 records in RAM.
INFO	2019-05-22 14:57:03	MarkDuplicates	Read   178,000,000 records.  Elapsed time: 00:13:41s.  Time for last 1,000,000:    3s.  Last read position: chr9:61,130,450
INFO	2019-05-22 14:57:03	MarkDuplicates	Tracking 16816 as yet unmatched pairs. 2845 records in RAM.
INFO	2019-05-22 14:57:06	MarkDuplicates	Read   179,000,000 records.  Elapsed time: 00:13:44s.  Time for last 1,000,000:    3s.  Last read position: chr9:82,653,690
INFO	2019-05-22 14:57:06	MarkDuplicates	Tracking 16162 as yet unmatched pairs. 2154 records in RAM.
INFO	2019-05-22 14:57:09	MarkDuplicates	Read   180,000,000 records.  Elapsed time: 00:13:48s.  Time for last 1,000,000:    3s.  Last read position: chr9:99,630,261
INFO	2019-05-22 14:57:09	MarkDuplicates	Tracking 15495 as yet unmatched pairs. 1439 records in RAM.
INFO	2019-05-22 14:57:13	MarkDuplicates	Read   181,000,000 records.  Elapsed time: 00:13:51s.  Time for last 1,000,000:    3s.  Last read position: chr9:119,415,015
INFO	2019-05-22 14:57:13	MarkDuplicates	Tracking 14516 as yet unmatched pairs. 379 records in RAM.
INFO	2019-05-22 14:57:16	MarkDuplicates	Read   182,000,000 records.  Elapsed time: 00:13:54s.  Time for last 1,000,000:    3s.  Last read position: chrM:4,161
INFO	2019-05-22 14:57:16	MarkDuplicates	Tracking 19500 as yet unmatched pairs. 12532 records in RAM.
INFO	2019-05-22 14:57:19	MarkDuplicates	Read   183,000,000 records.  Elapsed time: 00:13:58s.  Time for last 1,000,000:    3s.  Last read position: chrM:9,891
INFO	2019-05-22 14:57:19	MarkDuplicates	Tracking 14355 as yet unmatched pairs. 7382 records in RAM.
INFO	2019-05-22 14:57:23	MarkDuplicates	Read   184,000,000 records.  Elapsed time: 00:14:01s.  Time for last 1,000,000:    3s.  Last read position: chrM:16,047
INFO	2019-05-22 14:57:23	MarkDuplicates	Tracking 11280 as yet unmatched pairs. 4293 records in RAM.
INFO	2019-05-22 14:57:26	MarkDuplicates	Read   185,000,000 records.  Elapsed time: 00:14:04s.  Time for last 1,000,000:    3s.  Last read position: chrX:12,044,554
INFO	2019-05-22 14:57:26	MarkDuplicates	Tracking 6763 as yet unmatched pairs. 6054 records in RAM.
INFO	2019-05-22 14:57:29	MarkDuplicates	Read   186,000,000 records.  Elapsed time: 00:14:07s.  Time for last 1,000,000:    3s.  Last read position: chrX:24,360,134
INFO	2019-05-22 14:57:29	MarkDuplicates	Tracking 6397 as yet unmatched pairs. 5685 records in RAM.
INFO	2019-05-22 14:57:32	MarkDuplicates	Read   187,000,000 records.  Elapsed time: 00:14:10s.  Time for last 1,000,000:    2s.  Last read position: chrX:29,714,473
INFO	2019-05-22 14:57:32	MarkDuplicates	Tracking 6445 as yet unmatched pairs. 5730 records in RAM.
INFO	2019-05-22 14:57:35	MarkDuplicates	Read   188,000,000 records.  Elapsed time: 00:14:13s.  Time for last 1,000,000:    2s.  Last read position: chrX:34,588,119
INFO	2019-05-22 14:57:35	MarkDuplicates	Tracking 5977 as yet unmatched pairs. 5259 records in RAM.
INFO	2019-05-22 14:57:38	MarkDuplicates	Read   189,000,000 records.  Elapsed time: 00:14:16s.  Time for last 1,000,000:    3s.  Last read position: chrX:46,643,493
INFO	2019-05-22 14:57:38	MarkDuplicates	Tracking 5590 as yet unmatched pairs. 4869 records in RAM.
INFO	2019-05-22 14:57:41	MarkDuplicates	Read   190,000,000 records.  Elapsed time: 00:14:19s.  Time for last 1,000,000:    3s.  Last read position: chrX:59,851,950
INFO	2019-05-22 14:57:41	MarkDuplicates	Tracking 5271 as yet unmatched pairs. 4546 records in RAM.
INFO	2019-05-22 14:57:45	MarkDuplicates	Read   191,000,000 records.  Elapsed time: 00:14:23s.  Time for last 1,000,000:    3s.  Last read position: chrX:72,890,205
INFO	2019-05-22 14:57:45	MarkDuplicates	Tracking 4927 as yet unmatched pairs. 4199 records in RAM.
INFO	2019-05-22 14:57:48	MarkDuplicates	Read   192,000,000 records.  Elapsed time: 00:14:26s.  Time for last 1,000,000:    3s.  Last read position: chrX:82,907,134
INFO	2019-05-22 14:57:48	MarkDuplicates	Tracking 4571 as yet unmatched pairs. 3836 records in RAM.
INFO	2019-05-22 14:57:52	MarkDuplicates	Read   193,000,000 records.  Elapsed time: 00:14:30s.  Time for last 1,000,000:    3s.  Last read position: chrX:96,455,308
INFO	2019-05-22 14:57:52	MarkDuplicates	Tracking 4104 as yet unmatched pairs. 3363 records in RAM.
INFO	2019-05-22 14:57:55	MarkDuplicates	Read   194,000,000 records.  Elapsed time: 00:14:33s.  Time for last 1,000,000:    3s.  Last read position: chrX:110,523,537
INFO	2019-05-22 14:57:55	MarkDuplicates	Tracking 3431 as yet unmatched pairs. 2687 records in RAM.
INFO	2019-05-22 14:57:58	MarkDuplicates	Read   195,000,000 records.  Elapsed time: 00:14:36s.  Time for last 1,000,000:    3s.  Last read position: chrX:123,215,056
INFO	2019-05-22 14:57:58	MarkDuplicates	Tracking 2892 as yet unmatched pairs. 2135 records in RAM.
INFO	2019-05-22 14:58:01	MarkDuplicates	Read   196,000,000 records.  Elapsed time: 00:14:40s.  Time for last 1,000,000:    3s.  Last read position: chrX:137,686,020
INFO	2019-05-22 14:58:01	MarkDuplicates	Tracking 2273 as yet unmatched pairs. 1502 records in RAM.
INFO	2019-05-22 14:58:04	MarkDuplicates	Read   197,000,000 records.  Elapsed time: 00:14:43s.  Time for last 1,000,000:    3s.  Last read position: chrX:149,592,524
INFO	2019-05-22 14:58:04	MarkDuplicates	Tracking 1509 as yet unmatched pairs. 734 records in RAM.
INFO	2019-05-22 14:58:08	MarkDuplicates	Read   198,000,000 records.  Elapsed time: 00:14:46s.  Time for last 1,000,000:    3s.  Last read position: chrX:162,884,455
INFO	2019-05-22 14:58:08	MarkDuplicates	Tracking 974 as yet unmatched pairs. 196 records in RAM.
INFO	2019-05-22 14:58:11	MarkDuplicates	Read   199,000,000 records.  Elapsed time: 00:14:49s.  Time for last 1,000,000:    3s.  Last read position: chrY:14,926,425
INFO	2019-05-22 14:58:11	MarkDuplicates	Tracking 615 as yet unmatched pairs. 615 records in RAM.
INFO	2019-05-22 14:58:14	MarkDuplicates	Read   200,000,000 records.  Elapsed time: 00:14:52s.  Time for last 1,000,000:    2s.  Last read position: chrY:90,771,833
INFO	2019-05-22 14:58:14	MarkDuplicates	Tracking 54 as yet unmatched pairs. 54 records in RAM.
INFO	2019-05-22 14:58:14	MarkDuplicates	Read 200044025 records. 0 pairs never matched.
INFO	2019-05-22 14:58:30	MarkDuplicates	After buildSortedReadEndLists freeMemory: 7952036512; totalMemory: 10485760000; maxMemory: 10485760000
INFO	2019-05-22 14:58:30	MarkDuplicates	Will retain up to 327680000 duplicate indices before spilling to disk.
INFO	2019-05-22 14:58:31	MarkDuplicates	Traversing read pair information and detecting duplicates.
INFO	2019-05-22 14:58:32	OpticalDuplicateFinder	Large duplicate set. size = 1399
INFO	2019-05-22 14:58:32	OpticalDuplicateFinder	compared         1,000 ReadEnds to others.  Elapsed time: 00:00:00s.  Time for last 1,000:    0s.  Last read position: 0:19,908
INFO	2019-05-22 14:58:32	OpticalDuplicateFinder	Large duplicate set. size = 1194
INFO	2019-05-22 14:58:32	OpticalDuplicateFinder	compared         1,000 ReadEnds to others.  Elapsed time: 00:00:00s.  Time for last 1,000:    0s.  Last read position: 0:13,486
INFO	2019-05-22 14:58:34	OpticalDuplicateFinder	Large duplicate set. size = 1015
INFO	2019-05-22 14:58:34	OpticalDuplicateFinder	compared         1,000 ReadEnds to others.  Elapsed time: 00:00:00s.  Time for last 1,000:    0s.  Last read position: 0:18,553
INFO	2019-05-22 14:58:34	OpticalDuplicateFinder	Large duplicate set. size = 1519
INFO	2019-05-22 14:58:34	OpticalDuplicateFinder	compared         1,000 ReadEnds to others.  Elapsed time: 00:00:00s.  Time for last 1,000:    0s.  Last read position: 0:14,989
INFO	2019-05-22 14:58:34	OpticalDuplicateFinder	Large duplicate set. size = 1302
INFO	2019-05-22 14:58:34	OpticalDuplicateFinder	compared         1,000 ReadEnds to others.  Elapsed time: 00:00:00s.  Time for last 1,000:    0s.  Last read position: 0:11,889
INFO	2019-05-22 14:58:34	OpticalDuplicateFinder	Large duplicate set. size = 2491
INFO	2019-05-22 14:58:34	OpticalDuplicateFinder	compared         1,000 ReadEnds to others.  Elapsed time: 00:00:00s.  Time for last 1,000:    0s.  Last read position: 0:8,940
INFO	2019-05-22 14:58:34	OpticalDuplicateFinder	compared         2,000 ReadEnds to others.  Elapsed time: 00:00:00s.  Time for last 1,000:    0s.  Last read position: 0:15,317
INFO	2019-05-22 14:58:34	OpticalDuplicateFinder	Large duplicate set. size = 2197
INFO	2019-05-22 14:58:34	OpticalDuplicateFinder	compared         1,000 ReadEnds to others.  Elapsed time: 00:00:00s.  Time for last 1,000:    0s.  Last read position: 0:23,278
INFO	2019-05-22 14:58:34	OpticalDuplicateFinder	compared         2,000 ReadEnds to others.  Elapsed time: 00:00:00s.  Time for last 1,000:    0s.  Last read position: 0:6,846
INFO	2019-05-22 14:58:37	MarkDuplicates	Traversing fragment information and detecting duplicates.
INFO	2019-05-22 14:58:37	SortingCollection	Creating merging iterator from 2 files
WARNING	2019-05-22 14:58:37	SortingCollection	There is not enough memory per file for buffering. Reading will be unbuffered.
INFO	2019-05-22 14:58:58	MarkDuplicates	Sorting list of duplicate records.
INFO	2019-05-22 14:58:58	MarkDuplicates	After generateDuplicateIndexes freeMemory: 7847996200; totalMemory: 10485760000; maxMemory: 10485760000
INFO	2019-05-22 14:58:58	MarkDuplicates	Marking 10328023 records as duplicates.
INFO	2019-05-22 14:58:58	MarkDuplicates	Found 38932 optical duplicate clusters.
INFO	2019-05-22 14:58:58	MarkDuplicates	Reads are assumed to be ordered by: coordinate
INFO	2019-05-22 15:01:46	MarkDuplicates	Written    10,000,000 records.  Elapsed time: 00:02:48s.  Time for last 10,000,000:  168s.  Last read position: chr11:40,232,947
INFO	2019-05-22 15:04:33	MarkDuplicates	Written    20,000,000 records.  Elapsed time: 00:05:34s.  Time for last 10,000,000:  166s.  Last read position: chr12:85,455,547
INFO	2019-05-22 15:07:21	MarkDuplicates	Written    30,000,000 records.  Elapsed time: 00:08:22s.  Time for last 10,000,000:  168s.  Last read position: chr14:5,568,411
INFO	2019-05-22 15:09:32	MarkDuplicates	Written    40,000,000 records.  Elapsed time: 00:10:33s.  Time for last 10,000,000:  130s.  Last read position: chr14:19,418,846
INFO	2019-05-22 15:12:15	MarkDuplicates	Written    50,000,000 records.  Elapsed time: 00:13:16s.  Time for last 10,000,000:  163s.  Last read position: chr15:39,961,726
INFO	2019-05-22 15:15:09	MarkDuplicates	Written    60,000,000 records.  Elapsed time: 00:16:10s.  Time for last 10,000,000:  173s.  Last read position: chr17:20,877,491
INFO	2019-05-22 15:23:37	MarkDuplicates	Written    70,000,000 records.  Elapsed time: 00:24:38s.  Time for last 10,000,000:  508s.  Last read position: chr19:10,131,772
INFO	2019-05-22 15:28:33	MarkDuplicates	Written    80,000,000 records.  Elapsed time: 00:29:35s.  Time for last 10,000,000:  296s.  Last read position: chr1:107,267,583
INFO	2019-05-22 15:33:22	MarkDuplicates	Written    90,000,000 records.  Elapsed time: 00:34:23s.  Time for last 10,000,000:  288s.  Last read position: chr2:86,228,156
INFO	2019-05-22 15:37:23	MarkDuplicates	Written   100,000,000 records.  Elapsed time: 00:38:24s.  Time for last 10,000,000:  240s.  Last read position: chr2:98,667,232
INFO	2019-05-22 15:40:46	MarkDuplicates	Written   110,000,000 records.  Elapsed time: 00:41:48s.  Time for last 10,000,000:  203s.  Last read position: chr3:78,957,435
INFO	2019-05-22 15:44:21	MarkDuplicates	Written   120,000,000 records.  Elapsed time: 00:45:22s.  Time for last 10,000,000:  214s.  Last read position: chr4:77,136,655
INFO	2019-05-22 15:49:16	MarkDuplicates	Written   130,000,000 records.  Elapsed time: 00:50:17s.  Time for last 10,000,000:  295s.  Last read position: chr5:77,722,473
INFO	2019-05-22 15:52:20	MarkDuplicates	Written   140,000,000 records.  Elapsed time: 00:53:21s.  Time for last 10,000,000:  183s.  Last read position: chr6:91,016,242
INFO	2019-05-22 15:55:40	MarkDuplicates	Written   150,000,000 records.  Elapsed time: 00:56:41s.  Time for last 10,000,000:  200s.  Last read position: chr7:73,859,714
INFO	2019-05-22 15:59:28	MarkDuplicates	Written   160,000,000 records.  Elapsed time: 01:00:29s.  Time for last 10,000,000:  227s.  Last read position: chr8:100,095,706
INFO	2019-05-22 16:01:50	MarkDuplicates	Written   170,000,000 records.  Elapsed time: 01:02:51s.  Time for last 10,000,000:  141s.  Last read position: chr9:3,024,187
INFO	2019-05-22 16:04:48	MarkDuplicates	Written   180,000,000 records.  Elapsed time: 01:05:49s.  Time for last 10,000,000:  178s.  Last read position: chr9:99,630,261
INFO	2019-05-22 16:07:52	MarkDuplicates	Written   190,000,000 records.  Elapsed time: 01:08:53s.  Time for last 10,000,000:  184s.  Last read position: chrX:59,851,950
INFO	2019-05-22 16:11:03	MarkDuplicates	Written   200,000,000 records.  Elapsed time: 01:12:04s.  Time for last 10,000,000:  190s.  Last read position: chrY:90,771,833
INFO	2019-05-22 16:11:40	MarkDuplicates	Before output close freeMemory: 10474218752; totalMemory: 10485760000; maxMemory: 10485760000
INFO	2019-05-22 16:11:40	MarkDuplicates	After output close freeMemory: 10474218752; totalMemory: 10485760000; maxMemory: 10485760000
[Wed May 22 16:11:40 EDT 2019] picard.sam.markduplicates.MarkDuplicates done. Elapsed time: 88.31 minutes.
Runtime.totalMemory()=10485760000
Started analysis of AB3826-L1.bam
Approx 5% complete for AB3826-L1.bam
Approx 10% complete for AB3826-L1.bam
Approx 15% complete for AB3826-L1.bam
Approx 20% complete for AB3826-L1.bam
Approx 25% complete for AB3826-L1.bam
Approx 30% complete for AB3826-L1.bam
Approx 35% complete for AB3826-L1.bam
Approx 40% complete for AB3826-L1.bam
Approx 45% complete for AB3826-L1.bam
Approx 50% complete for AB3826-L1.bam
Approx 55% complete for AB3826-L1.bam
Approx 60% complete for AB3826-L1.bam
Approx 65% complete for AB3826-L1.bam
Approx 70% complete for AB3826-L1.bam
Approx 75% complete for AB3826-L1.bam
Approx 80% complete for AB3826-L1.bam
Approx 85% complete for AB3826-L1.bam
Approx 90% complete for AB3826-L1.bam
Approx 95% complete for AB3826-L1.bam
Approx 100% complete for AB3826-L1.bam
Java HotSpot(TM) 64-Bit Server VM warning: Ignoring option MaxPermSize; support was removed in 8.0
[+] Loading python 2.7  ... 
[-] Unloading python 2.7  ... 
[+] Loading snakemake  5.4.4 
[+] Loading java 12.0.1  ... 
[+] Loading bowtie  2-2.3.5 
[+] Loading samtools 1.9  ... 
[+] Loading picard  2.18.27 
[+] Loading fastqc  0.11.8 
[+] Loading GSL 2.4 for GCC 7.2.0 ... 
[+] Loading gcc  7.3.0  ... 
[+] Loading openmpi 3.0.2  for GCC 7.3.0 
[+] Loading ImageMagick  7.0.8  on cn3427 
[+] Loading HDF5  1.10.4 
[+] Loading pandoc  2.1.1  on cn3427 
[+] Loading R 3.5.2 
[+] Loading qualimap  2.2.1  on cn3427 
#
DONE!!!!
#
ELAPSED TIME: 12410 seconds
------------------------------------------------------------------------------
[Wed May 22 17:24:14 2019]
Finished job 0.
1 of 1 steps (100%) done
slurmstepd: error: _get_pss: ferror() indicates error on file /proc/52990/smaps
