Building DAG of jobs...
Using shell: /usr/bin/bash
Provided cores: 30
Rules claiming more threads will be scaled down.
Unlimited resources: mem_mb
Job counts:
	count	jobs
	1	Alignment_Paired
	1

[Wed May 22 13:57:16 2019]
Job 0: Alignment_Paired: Ccl20+_T|AB3835-L1

[+] Loading bowtie  2-2.3.5 
[-] Unloading samtools 1.9  ... 
[+] Loading samtools 1.9  ... 
[+] Loading gcc  7.3.0  ... 
[+] Loading GSL 2.4 for GCC 7.2.0 ... 
[-] Unloading gcc  7.3.0  ... 
[+] Loading gcc  7.3.0  ... 
[+] Loading openmpi 3.0.2  for GCC 7.3.0 
[+] Loading ImageMagick  7.0.8  on cn3519 
[+] Loading HDF5  1.10.4 
[+] Loading pandoc  2.1.1  on cn3519 
[+] Loading R 3.5.2 
[-] Unloading gcc  7.3.0  ... 
[-] Unloading GSL 2.4 for GCC 7.2.0 ... 
[-] Unloading openmpi 3.0.2  for GCC 7.3.0 
[-] Unloading ImageMagick  7.0.8  on cn3519 
[-] Unloading HDF5  1.10.4 
[-] Unloading pandoc  2.1.1  on cn3519 
[-] Unloading R 3.5.2 
[+] Loading gcc  7.3.0  ... 
[+] Loading GSL 2.4 for GCC 7.2.0 ... 
[-] Unloading gcc  7.3.0  ... 
[+] Loading gcc  7.3.0  ... 
[+] Loading openmpi 3.0.2  for GCC 7.3.0 
[+] Loading ImageMagick  7.0.8  on cn3519 
[+] Loading HDF5  1.10.4 
[+] Loading pandoc  2.1.1  on cn3519 
[+] Loading R 3.5.2 
[+] Loading picard  2.18.27 
[+] Loading fastqc  0.11.8 
[+] Loading qualimap  2.2.1  on cn3519 
[-] Unloading gcc  7.3.0  ... 
[-] Unloading GSL 2.4 for GCC 7.2.0 ... 
[-] Unloading openmpi 3.0.2  for GCC 7.3.0 
[-] Unloading ImageMagick  7.0.8  on cn3519 
[-] Unloading HDF5  1.10.4 
[-] Unloading pandoc  2.1.1  on cn3519 
[-] Unloading R 3.5.2 
[+] Loading gcc  7.3.0  ... 
[+] Loading GSL 2.4 for GCC 7.2.0 ... 
[-] Unloading gcc  7.3.0  ... 
[+] Loading gcc  7.3.0  ... 
[+] Loading openmpi 3.0.2  for GCC 7.3.0 
[+] Loading ImageMagick  7.0.8  on cn3519 
[+] Loading HDF5  1.10.4 
[+] Loading pandoc  2.1.1  on cn3519 
[+] Loading R 3.5.2 
###################################- COMMANDLINE -############################
bowtie/2-2.3.5
samtools/1.9
picard/2.18.27
fastqc/0.11.8
qualimap/2.2.1
Alignment
#
INPUT1: /data/shamsaddinisha/jfarber-20160119-P1/spsingh-20190308-E1/spsingh-20190521-D1/mm10/Ccl20+_T/pre_process/AB3835-L1.R1.processed.fastq
INPUT2: /data/shamsaddinisha/jfarber-20160119-P1/spsingh-20190308-E1/spsingh-20190521-D1/mm10/Ccl20+_T/pre_process/AB3835-L1.R2.processed.fastq
#
OUTPUT1: /data/shamsaddinisha/jfarber-20160119-P1/spsingh-20190308-E1/spsingh-20190521-D1/mm10/Ccl20+_T/alignment/AB3835-L1.bam
OUTPUT2: /data/shamsaddinisha/jfarber-20160119-P1/spsingh-20190308-E1/spsingh-20190521-D1/mm10/Ccl20+_T/alignment/AB3835-L1.bam.bai
OUTPUT3: /data/shamsaddinisha/jfarber-20160119-P1/spsingh-20190308-E1/spsingh-20190521-D1/mm10/Ccl20+_T/report/alignment/AB3835-L1.alignment.txt
OUTPUT4: /data/shamsaddinisha/jfarber-20160119-P1/spsingh-20190308-E1/spsingh-20190521-D1/mm10/Ccl20+_T/report/alignment/AB3835-L1.picard.txt
OUTPUT5: /data/shamsaddinisha/jfarber-20160119-P1/spsingh-20190308-E1/spsingh-20190521-D1/mm10/Ccl20+_T/report/alignment/AB3835-L1.samtools.txt
++++++++++++++++++++++++++++++++++++++++++++++++++++++++++++++++++++++++++++++
bowtie2 -k 10 --mm --local -X 2000 --threads 30 -x /fdb/igenomes/Mus_musculus/UCSC/mm10/Sequence/Bowtie2Index/genome -1 /data/shamsaddinisha/jfarber-20160119-P1/spsingh-20190308-E1/spsingh-20190521-D1/mm10/Ccl20+_T/pre_process/AB3835-L1.R1.processed.fastq -2 /data/shamsaddinisha/jfarber-20160119-P1/spsingh-20190308-E1/spsingh-20190521-D1/mm10/Ccl20+_T/pre_process/AB3835-L1.R2.processed.fastq 2> /data/shamsaddinisha/jfarber-20160119-P1/spsingh-20190308-E1/spsingh-20190521-D1/mm10/Ccl20+_T/report/alignment/AB3835-L1.alignment.txt | samtools sort --threads 30 -m 2G -O bam -T /data/shamsaddinisha/jfarber-20160119-P1/spsingh-20190308-E1/spsingh-20190521-D1/mm10/Ccl20+_T/alignment/AB3835-L1 -o /data/shamsaddinisha/jfarber-20160119-P1/spsingh-20190308-E1/spsingh-20190521-D1/mm10/Ccl20+_T/alignment/AB3835-L1.bam.tmp - 
#
java -Xms10000M -Xmx10000M -XX:ParallelGCThreads=30 -jar /usr/local/apps/picard/2.18.27/picard.jar MarkDuplicates INPUT=/data/shamsaddinisha/jfarber-20160119-P1/spsingh-20190308-E1/spsingh-20190521-D1/mm10/Ccl20+_T/alignment/AB3835-L1.bam.tmp OUTPUT=/data/shamsaddinisha/jfarber-20160119-P1/spsingh-20190308-E1/spsingh-20190521-D1/mm10/Ccl20+_T/alignment/AB3835-L1.bam TMP_DIR=/lscratch/27137777 METRICS_FILE=/data/shamsaddinisha/jfarber-20160119-P1/spsingh-20190308-E1/spsingh-20190521-D1/mm10/Ccl20+_T/report/alignment/AB3835-L1.picard.txt VALIDATION_STRINGENCY=LENIENT ASSUME_SORT_ORDER=coordinate REMOVE_DUPLICATES=false
#
samtools index -@ 30 -b /data/shamsaddinisha/jfarber-20160119-P1/spsingh-20190308-E1/spsingh-20190521-D1/mm10/Ccl20+_T/alignment/AB3835-L1.bam
#
samtools flagstat --threads 30 /data/shamsaddinisha/jfarber-20160119-P1/spsingh-20190308-E1/spsingh-20190521-D1/mm10/Ccl20+_T/alignment/AB3835-L1.bam > /data/shamsaddinisha/jfarber-20160119-P1/spsingh-20190308-E1/spsingh-20190521-D1/mm10/Ccl20+_T/report/alignment/AB3835-L1.samtools.txt
#
rm -rf /data/shamsaddinisha/jfarber-20160119-P1/spsingh-20190308-E1/spsingh-20190521-D1/mm10/Ccl20+_T/alignment/AB3835-L1.bam.tmp
#
fastqc -o /data/shamsaddinisha/jfarber-20160119-P1/spsingh-20190308-E1/spsingh-20190521-D1/mm10/Ccl20+_T/report/alignment -f bam --threads 30 /data/shamsaddinisha/jfarber-20160119-P1/spsingh-20190308-E1/spsingh-20190521-D1/mm10/Ccl20+_T/alignment/AB3835-L1.bam
#
qualimap bamqc -bam /data/shamsaddinisha/jfarber-20160119-P1/spsingh-20190308-E1/spsingh-20190521-D1/mm10/Ccl20+_T/alignment/AB3835-L1.bam -nt 30 --genome-gc-distr MOUSE - mm10 -hm 3 -nr 100 -nw 400 -outformat HTML --skip-dup-mode 1 --java-mem-size=10G -outdir /data/shamsaddinisha/jfarber-20160119-P1/spsingh-20190308-E1/spsingh-20190521-D1/mm10/Ccl20+_T/report/alignment/AB3835-L1_qualimap
#
python ./Python_Script/bamChipQC.py --infile /data/shamsaddinisha/jfarber-20160119-P1/spsingh-20190308-E1/spsingh-20190521-D1/mm10/Ccl20+_T/alignment/AB3835-L1.bam --outfile /data/shamsaddinisha/jfarber-20160119-P1/spsingh-20190308-E1/spsingh-20190521-D1/mm10/Ccl20+_T/report/alignment/AB3835-L1_PBC.txt --cores 30
#
EXECUTING....
#
[bam_sort_core] merging from 0 files and 30 in-memory blocks...
INFO	2019-05-22 15:00:37	MarkDuplicates	

********** NOTE: Picard's command line syntax is changing.
**********
********** For more information, please see:
********** https://github.com/broadinstitute/picard/wiki/Command-Line-Syntax-Transition-For-Users-(Pre-Transition)
**********
********** The command line looks like this in the new syntax:
**********
**********    MarkDuplicates -INPUT /data/shamsaddinisha/jfarber-20160119-P1/spsingh-20190308-E1/spsingh-20190521-D1/mm10/Ccl20+_T/alignment/AB3835-L1.bam.tmp -OUTPUT /data/shamsaddinisha/jfarber-20160119-P1/spsingh-20190308-E1/spsingh-20190521-D1/mm10/Ccl20+_T/alignment/AB3835-L1.bam -METRICS_FILE /data/shamsaddinisha/jfarber-20160119-P1/spsingh-20190308-E1/spsingh-20190521-D1/mm10/Ccl20+_T/report/alignment/AB3835-L1.picard.txt -VALIDATION_STRINGENCY LENIENT -ASSUME_SORT_ORDER coordinate -REMOVE_DUPLICATES false
**********


15:00:38.462 INFO  NativeLibraryLoader - Loading libgkl_compression.so from jar:file:/usr/local/apps/picard/2.18.27/picard.jar!/com/intel/gkl/native/libgkl_compression.so
[Wed May 22 15:00:38 EDT 2019] MarkDuplicates INPUT=[/data/shamsaddinisha/jfarber-20160119-P1/spsingh-20190308-E1/spsingh-20190521-D1/mm10/Ccl20+_T/alignment/AB3835-L1.bam.tmp] OUTPUT=/data/shamsaddinisha/jfarber-20160119-P1/spsingh-20190308-E1/spsingh-20190521-D1/mm10/Ccl20+_T/alignment/AB3835-L1.bam METRICS_FILE=/data/shamsaddinisha/jfarber-20160119-P1/spsingh-20190308-E1/spsingh-20190521-D1/mm10/Ccl20+_T/report/alignment/AB3835-L1.picard.txt REMOVE_DUPLICATES=false ASSUME_SORT_ORDER=coordinate VALIDATION_STRINGENCY=LENIENT    MAX_SEQUENCES_FOR_DISK_READ_ENDS_MAP=50000 MAX_FILE_HANDLES_FOR_READ_ENDS_MAP=8000 SORTING_COLLECTION_SIZE_RATIO=0.25 TAG_DUPLICATE_SET_MEMBERS=false REMOVE_SEQUENCING_DUPLICATES=false TAGGING_POLICY=DontTag CLEAR_DT=true DUPLEX_UMI=false ADD_PG_TAG_TO_READS=true ASSUME_SORTED=false DUPLICATE_SCORING_STRATEGY=SUM_OF_BASE_QUALITIES PROGRAM_RECORD_ID=MarkDuplicates PROGRAM_GROUP_NAME=MarkDuplicates READ_NAME_REGEX=<optimized capture of last three ':' separated fields as numeric values> OPTICAL_DUPLICATE_PIXEL_DISTANCE=100 MAX_OPTICAL_DUPLICATE_SET_SIZE=300000 VERBOSITY=INFO QUIET=false COMPRESSION_LEVEL=5 MAX_RECORDS_IN_RAM=500000 CREATE_INDEX=false CREATE_MD5_FILE=false GA4GH_CLIENT_SECRETS=client_secrets.json USE_JDK_DEFLATER=false USE_JDK_INFLATER=false
[Wed May 22 15:00:38 EDT 2019] Executing as shamsaddinisha@cn3519 on Linux 3.10.0-862.14.4.el7.x86_64 amd64; Java HotSpot(TM) 64-Bit Server VM 12.0.1+12; Deflater: Intel; Inflater: Intel; Provider GCS is not available; Picard version: 2.18.27-SNAPSHOT
INFO	2019-05-22 15:00:38	MarkDuplicates	Start of doWork freeMemory: 10475065392; totalMemory: 10485760000; maxMemory: 10485760000
INFO	2019-05-22 15:00:38	MarkDuplicates	Reading input file and constructing read end information.
INFO	2019-05-22 15:00:38	MarkDuplicates	Will retain up to 37991884 data points before spilling to disk.
INFO	2019-05-22 15:00:42	MarkDuplicates	Read     1,000,000 records.  Elapsed time: 00:00:04s.  Time for last 1,000,000:    4s.  Last read position: chr10:25,395,756
INFO	2019-05-22 15:00:42	MarkDuplicates	Tracking 1658 as yet unmatched pairs. 77 records in RAM.
INFO	2019-05-22 15:00:46	MarkDuplicates	Read     2,000,000 records.  Elapsed time: 00:00:07s.  Time for last 1,000,000:    3s.  Last read position: chr10:45,614,257
INFO	2019-05-22 15:00:46	MarkDuplicates	Tracking 2199 as yet unmatched pairs. 106 records in RAM.
INFO	2019-05-22 15:00:49	MarkDuplicates	Read     3,000,000 records.  Elapsed time: 00:00:11s.  Time for last 1,000,000:    3s.  Last read position: chr10:69,360,368
INFO	2019-05-22 15:00:49	MarkDuplicates	Tracking 2939 as yet unmatched pairs. 91 records in RAM.
INFO	2019-05-22 15:00:53	MarkDuplicates	Read     4,000,000 records.  Elapsed time: 00:00:14s.  Time for last 1,000,000:    3s.  Last read position: chr10:85,026,010
INFO	2019-05-22 15:00:53	MarkDuplicates	Tracking 3810 as yet unmatched pairs. 84 records in RAM.
INFO	2019-05-22 15:00:56	MarkDuplicates	Read     5,000,000 records.  Elapsed time: 00:00:18s.  Time for last 1,000,000:    3s.  Last read position: chr10:93,278,903
INFO	2019-05-22 15:00:56	MarkDuplicates	Tracking 4026 as yet unmatched pairs. 82 records in RAM.
INFO	2019-05-22 15:00:59	MarkDuplicates	Read     6,000,000 records.  Elapsed time: 00:00:21s.  Time for last 1,000,000:    2s.  Last read position: chr10:96,077,808
INFO	2019-05-22 15:00:59	MarkDuplicates	Tracking 5045 as yet unmatched pairs. 85 records in RAM.
INFO	2019-05-22 15:01:03	MarkDuplicates	Read     7,000,000 records.  Elapsed time: 00:00:25s.  Time for last 1,000,000:    4s.  Last read position: chr10:119,310,081
INFO	2019-05-22 15:01:03	MarkDuplicates	Tracking 5786 as yet unmatched pairs. 70 records in RAM.
INFO	2019-05-22 15:01:07	MarkDuplicates	Read     8,000,000 records.  Elapsed time: 00:00:28s.  Time for last 1,000,000:    3s.  Last read position: chr11:8,292,093
INFO	2019-05-22 15:01:07	MarkDuplicates	Tracking 8195 as yet unmatched pairs. 375 records in RAM.
INFO	2019-05-22 15:01:10	MarkDuplicates	Read     9,000,000 records.  Elapsed time: 00:00:32s.  Time for last 1,000,000:    3s.  Last read position: chr11:30,122,790
INFO	2019-05-22 15:01:10	MarkDuplicates	Tracking 8971 as yet unmatched pairs. 368 records in RAM.
INFO	2019-05-22 15:01:14	MarkDuplicates	Read    10,000,000 records.  Elapsed time: 00:00:35s.  Time for last 1,000,000:    3s.  Last read position: chr11:50,229,405
INFO	2019-05-22 15:01:14	MarkDuplicates	Tracking 9456 as yet unmatched pairs. 364 records in RAM.
INFO	2019-05-22 15:01:17	MarkDuplicates	Read    11,000,000 records.  Elapsed time: 00:00:39s.  Time for last 1,000,000:    3s.  Last read position: chr11:74,551,676
INFO	2019-05-22 15:01:17	MarkDuplicates	Tracking 10521 as yet unmatched pairs. 320 records in RAM.
INFO	2019-05-22 15:01:21	MarkDuplicates	Read    12,000,000 records.  Elapsed time: 00:00:42s.  Time for last 1,000,000:    3s.  Last read position: chr11:90,538,659
INFO	2019-05-22 15:01:21	MarkDuplicates	Tracking 11219 as yet unmatched pairs. 276 records in RAM.
INFO	2019-05-22 15:01:24	MarkDuplicates	Read    13,000,000 records.  Elapsed time: 00:00:45s.  Time for last 1,000,000:    2s.  Last read position: chr11:90,539,103
INFO	2019-05-22 15:01:24	MarkDuplicates	Tracking 11291 as yet unmatched pairs. 306 records in RAM.
INFO	2019-05-22 15:01:27	MarkDuplicates	Read    14,000,000 records.  Elapsed time: 00:00:49s.  Time for last 1,000,000:    3s.  Last read position: chr11:109,678,510
INFO	2019-05-22 15:01:27	MarkDuplicates	Tracking 13100 as yet unmatched pairs. 165 records in RAM.
INFO	2019-05-22 15:01:30	MarkDuplicates	Read    15,000,000 records.  Elapsed time: 00:00:52s.  Time for last 1,000,000:    3s.  Last read position: chr12:4,077,474
INFO	2019-05-22 15:01:30	MarkDuplicates	Tracking 13857 as yet unmatched pairs. 503 records in RAM.
INFO	2019-05-22 15:01:34	MarkDuplicates	Read    16,000,000 records.  Elapsed time: 00:00:55s.  Time for last 1,000,000:    3s.  Last read position: chr12:20,967,099
INFO	2019-05-22 15:01:34	MarkDuplicates	Tracking 14245 as yet unmatched pairs. 486 records in RAM.
INFO	2019-05-22 15:01:37	MarkDuplicates	Read    17,000,000 records.  Elapsed time: 00:00:58s.  Time for last 1,000,000:    3s.  Last read position: chr12:44,665,865
INFO	2019-05-22 15:01:37	MarkDuplicates	Tracking 14863 as yet unmatched pairs. 409 records in RAM.
INFO	2019-05-22 15:01:40	MarkDuplicates	Read    18,000,000 records.  Elapsed time: 00:01:01s.  Time for last 1,000,000:    3s.  Last read position: chr12:59,514,718
INFO	2019-05-22 15:01:40	MarkDuplicates	Tracking 15104 as yet unmatched pairs. 380 records in RAM.
INFO	2019-05-22 15:01:44	MarkDuplicates	Read    19,000,000 records.  Elapsed time: 00:01:05s.  Time for last 1,000,000:    3s.  Last read position: chr12:80,654,288
INFO	2019-05-22 15:01:44	MarkDuplicates	Tracking 15844 as yet unmatched pairs. 286 records in RAM.
INFO	2019-05-22 15:01:47	MarkDuplicates	Read    20,000,000 records.  Elapsed time: 00:01:08s.  Time for last 1,000,000:    3s.  Last read position: chr12:97,061,559
INFO	2019-05-22 15:01:47	MarkDuplicates	Tracking 28647 as yet unmatched pairs. 11109 records in RAM.
INFO	2019-05-22 15:01:51	MarkDuplicates	Read    21,000,000 records.  Elapsed time: 00:01:12s.  Time for last 1,000,000:    3s.  Last read position: chr12:108,864,713
INFO	2019-05-22 15:01:51	MarkDuplicates	Tracking 19478 as yet unmatched pairs. 59 records in RAM.
INFO	2019-05-22 15:01:54	MarkDuplicates	Read    22,000,000 records.  Elapsed time: 00:01:15s.  Time for last 1,000,000:    3s.  Last read position: chr13:7,889,394
INFO	2019-05-22 15:01:54	MarkDuplicates	Tracking 20056 as yet unmatched pairs. 728 records in RAM.
INFO	2019-05-22 15:01:58	MarkDuplicates	Read    23,000,000 records.  Elapsed time: 00:01:19s.  Time for last 1,000,000:    3s.  Last read position: chr13:27,824,970
INFO	2019-05-22 15:01:58	MarkDuplicates	Tracking 20907 as yet unmatched pairs. 608 records in RAM.
INFO	2019-05-22 15:02:01	MarkDuplicates	Read    24,000,000 records.  Elapsed time: 00:01:23s.  Time for last 1,000,000:    3s.  Last read position: chr13:53,001,765
INFO	2019-05-22 15:02:01	MarkDuplicates	Tracking 22170 as yet unmatched pairs. 472 records in RAM.
INFO	2019-05-22 15:02:05	MarkDuplicates	Read    25,000,000 records.  Elapsed time: 00:01:26s.  Time for last 1,000,000:    3s.  Last read position: chr13:71,790,995
INFO	2019-05-22 15:02:05	MarkDuplicates	Tracking 22699 as yet unmatched pairs. 299 records in RAM.
INFO	2019-05-22 15:02:08	MarkDuplicates	Read    26,000,000 records.  Elapsed time: 00:01:29s.  Time for last 1,000,000:    3s.  Last read position: chr13:85,126,707
INFO	2019-05-22 15:02:08	MarkDuplicates	Tracking 22891 as yet unmatched pairs. 239 records in RAM.
INFO	2019-05-22 15:02:11	MarkDuplicates	Read    27,000,000 records.  Elapsed time: 00:01:32s.  Time for last 1,000,000:    2s.  Last read position: chr13:85,127,088
INFO	2019-05-22 15:02:11	MarkDuplicates	Tracking 23274 as yet unmatched pairs. 251 records in RAM.
INFO	2019-05-22 15:02:13	MarkDuplicates	Read    28,000,000 records.  Elapsed time: 00:01:35s.  Time for last 1,000,000:    2s.  Last read position: chr13:85,127,458
INFO	2019-05-22 15:02:13	MarkDuplicates	Tracking 23542 as yet unmatched pairs. 235 records in RAM.
INFO	2019-05-22 15:02:17	MarkDuplicates	Read    29,000,000 records.  Elapsed time: 00:01:38s.  Time for last 1,000,000:    3s.  Last read position: chr13:108,248,680
INFO	2019-05-22 15:02:17	MarkDuplicates	Tracking 24300 as yet unmatched pairs. 66 records in RAM.
INFO	2019-05-22 15:02:21	MarkDuplicates	Read    30,000,000 records.  Elapsed time: 00:01:42s.  Time for last 1,000,000:    3s.  Last read position: chr14:6,770,265
INFO	2019-05-22 15:02:21	MarkDuplicates	Tracking 24614 as yet unmatched pairs. 908 records in RAM.
INFO	2019-05-22 15:02:24	MarkDuplicates	Read    31,000,000 records.  Elapsed time: 00:01:46s.  Time for last 1,000,000:    3s.  Last read position: chr14:19,416,138
INFO	2019-05-22 15:02:24	MarkDuplicates	Tracking 47202 as yet unmatched pairs. 23250 records in RAM.
INFO	2019-05-22 15:02:28	MarkDuplicates	Read    32,000,000 records.  Elapsed time: 00:01:49s.  Time for last 1,000,000:    3s.  Last read position: chr14:19,417,518
INFO	2019-05-22 15:02:28	MarkDuplicates	Tracking 60920 as yet unmatched pairs. 36936 records in RAM.
INFO	2019-05-22 15:02:31	MarkDuplicates	Read    33,000,000 records.  Elapsed time: 00:01:52s.  Time for last 1,000,000:    3s.  Last read position: chr14:19,418,574
INFO	2019-05-22 15:02:31	MarkDuplicates	Tracking 57567 as yet unmatched pairs. 33563 records in RAM.
INFO	2019-05-22 15:02:35	MarkDuplicates	Read    34,000,000 records.  Elapsed time: 00:01:56s.  Time for last 1,000,000:    3s.  Last read position: chr14:25,721,748
INFO	2019-05-22 15:02:35	MarkDuplicates	Tracking 24923 as yet unmatched pairs. 784 records in RAM.
INFO	2019-05-22 15:02:38	MarkDuplicates	Read    35,000,000 records.  Elapsed time: 00:02:00s.  Time for last 1,000,000:    3s.  Last read position: chr14:43,796,811
INFO	2019-05-22 15:02:38	MarkDuplicates	Tracking 25175 as yet unmatched pairs. 736 records in RAM.
INFO	2019-05-22 15:02:42	MarkDuplicates	Read    36,000,000 records.  Elapsed time: 00:02:03s.  Time for last 1,000,000:    3s.  Last read position: chr14:59,306,130
INFO	2019-05-22 15:02:42	MarkDuplicates	Tracking 25993 as yet unmatched pairs. 464 records in RAM.
INFO	2019-05-22 15:02:46	MarkDuplicates	Read    37,000,000 records.  Elapsed time: 00:02:07s.  Time for last 1,000,000:    3s.  Last read position: chr14:86,733,483
INFO	2019-05-22 15:02:46	MarkDuplicates	Tracking 26719 as yet unmatched pairs. 225 records in RAM.
INFO	2019-05-22 15:02:50	MarkDuplicates	Read    38,000,000 records.  Elapsed time: 00:02:11s.  Time for last 1,000,000:    3s.  Last read position: chr14:112,846,494
INFO	2019-05-22 15:02:50	MarkDuplicates	Tracking 26988 as yet unmatched pairs. 125 records in RAM.
INFO	2019-05-22 15:02:53	MarkDuplicates	Read    39,000,000 records.  Elapsed time: 00:02:14s.  Time for last 1,000,000:    3s.  Last read position: chr15:15,153,670
INFO	2019-05-22 15:02:53	MarkDuplicates	Tracking 27394 as yet unmatched pairs. 886 records in RAM.
INFO	2019-05-22 15:02:57	MarkDuplicates	Read    40,000,000 records.  Elapsed time: 00:02:18s.  Time for last 1,000,000:    3s.  Last read position: chr15:41,381,497
INFO	2019-05-22 15:02:57	MarkDuplicates	Tracking 27831 as yet unmatched pairs. 737 records in RAM.
INFO	2019-05-22 15:03:00	MarkDuplicates	Read    41,000,000 records.  Elapsed time: 00:02:22s.  Time for last 1,000,000:    3s.  Last read position: chr15:63,922,063
INFO	2019-05-22 15:03:00	MarkDuplicates	Tracking 28214 as yet unmatched pairs. 599 records in RAM.
INFO	2019-05-22 15:03:04	MarkDuplicates	Read    42,000,000 records.  Elapsed time: 00:02:26s.  Time for last 1,000,000:    3s.  Last read position: chr15:86,195,172
INFO	2019-05-22 15:03:04	MarkDuplicates	Tracking 28885 as yet unmatched pairs. 309 records in RAM.
INFO	2019-05-22 15:03:08	MarkDuplicates	Read    43,000,000 records.  Elapsed time: 00:02:29s.  Time for last 1,000,000:    3s.  Last read position: chr16:7,570,342
INFO	2019-05-22 15:03:08	MarkDuplicates	Tracking 29634 as yet unmatched pairs. 961 records in RAM.
INFO	2019-05-22 15:03:12	MarkDuplicates	Read    44,000,000 records.  Elapsed time: 00:02:33s.  Time for last 1,000,000:    3s.  Last read position: chr16:26,422,554
INFO	2019-05-22 15:03:12	MarkDuplicates	Tracking 30554 as yet unmatched pairs. 748 records in RAM.
INFO	2019-05-22 15:03:15	MarkDuplicates	Read    45,000,000 records.  Elapsed time: 00:02:36s.  Time for last 1,000,000:    3s.  Last read position: chr16:52,107,956
INFO	2019-05-22 15:03:15	MarkDuplicates	Tracking 31095 as yet unmatched pairs. 433 records in RAM.
INFO	2019-05-22 15:03:18	MarkDuplicates	Read    46,000,000 records.  Elapsed time: 00:02:40s.  Time for last 1,000,000:    3s.  Last read position: chr16:78,302,231
INFO	2019-05-22 15:03:18	MarkDuplicates	Tracking 31364 as yet unmatched pairs. 266 records in RAM.
INFO	2019-05-22 15:03:22	MarkDuplicates	Read    47,000,000 records.  Elapsed time: 00:02:43s.  Time for last 1,000,000:    3s.  Last read position: chr17:3,017,158
INFO	2019-05-22 15:03:22	MarkDuplicates	Tracking 31857 as yet unmatched pairs. 1808 records in RAM.
INFO	2019-05-22 15:03:25	MarkDuplicates	Read    48,000,000 records.  Elapsed time: 00:02:47s.  Time for last 1,000,000:    3s.  Last read position: chr17:20,258,751
INFO	2019-05-22 15:03:25	MarkDuplicates	Tracking 32151 as yet unmatched pairs. 1325 records in RAM.
INFO	2019-05-22 15:03:29	MarkDuplicates	Read    49,000,000 records.  Elapsed time: 00:02:50s.  Time for last 1,000,000:    3s.  Last read position: chr17:37,255,942
INFO	2019-05-22 15:03:29	MarkDuplicates	Tracking 32513 as yet unmatched pairs. 875 records in RAM.
INFO	2019-05-22 15:03:33	MarkDuplicates	Read    50,000,000 records.  Elapsed time: 00:02:54s.  Time for last 1,000,000:    3s.  Last read position: chr17:56,528,890
INFO	2019-05-22 15:03:33	MarkDuplicates	Tracking 32848 as yet unmatched pairs. 600 records in RAM.
INFO	2019-05-22 15:03:36	MarkDuplicates	Read    51,000,000 records.  Elapsed time: 00:02:58s.  Time for last 1,000,000:    3s.  Last read position: chr17:80,854,406
INFO	2019-05-22 15:03:36	MarkDuplicates	Tracking 33370 as yet unmatched pairs. 191 records in RAM.
INFO	2019-05-22 15:03:40	MarkDuplicates	Read    52,000,000 records.  Elapsed time: 00:03:01s.  Time for last 1,000,000:    3s.  Last read position: chr18:3,638,871
INFO	2019-05-22 15:03:40	MarkDuplicates	Tracking 33882 as yet unmatched pairs. 1463 records in RAM.
INFO	2019-05-22 15:03:43	MarkDuplicates	Read    53,000,000 records.  Elapsed time: 00:03:04s.  Time for last 1,000,000:    3s.  Last read position: chr18:19,614,710
INFO	2019-05-22 15:03:43	MarkDuplicates	Tracking 33783 as yet unmatched pairs. 1018 records in RAM.
INFO	2019-05-22 15:03:46	MarkDuplicates	Read    54,000,000 records.  Elapsed time: 00:03:08s.  Time for last 1,000,000:    3s.  Last read position: chr18:43,508,410
INFO	2019-05-22 15:03:46	MarkDuplicates	Tracking 34117 as yet unmatched pairs. 766 records in RAM.
INFO	2019-05-22 15:03:50	MarkDuplicates	Read    55,000,000 records.  Elapsed time: 00:03:11s.  Time for last 1,000,000:    3s.  Last read position: chr18:65,119,845
INFO	2019-05-22 15:03:50	MarkDuplicates	Tracking 34388 as yet unmatched pairs. 461 records in RAM.
INFO	2019-05-22 15:03:52	MarkDuplicates	Read    56,000,000 records.  Elapsed time: 00:03:14s.  Time for last 1,000,000:    2s.  Last read position: chr18:75,005,505
INFO	2019-05-22 15:03:52	MarkDuplicates	Tracking 34804 as yet unmatched pairs. 275 records in RAM.
INFO	2019-05-22 15:03:56	MarkDuplicates	Read    57,000,000 records.  Elapsed time: 00:03:17s.  Time for last 1,000,000:    3s.  Last read position: chr19:8,186,828
INFO	2019-05-22 15:03:56	MarkDuplicates	Tracking 34938 as yet unmatched pairs. 840 records in RAM.
INFO	2019-05-22 15:03:59	MarkDuplicates	Read    58,000,000 records.  Elapsed time: 00:03:21s.  Time for last 1,000,000:    3s.  Last read position: chr19:31,964,277
INFO	2019-05-22 15:03:59	MarkDuplicates	Tracking 35228 as yet unmatched pairs. 429 records in RAM.
INFO	2019-05-22 15:04:03	MarkDuplicates	Read    59,000,000 records.  Elapsed time: 00:03:24s.  Time for last 1,000,000:    3s.  Last read position: chr19:55,267,550
INFO	2019-05-22 15:04:03	MarkDuplicates	Tracking 35461 as yet unmatched pairs. 87 records in RAM.
INFO	2019-05-22 15:04:06	MarkDuplicates	Read    60,000,000 records.  Elapsed time: 00:03:27s.  Time for last 1,000,000:    3s.  Last read position: chr1:18,800,186
INFO	2019-05-22 15:04:06	MarkDuplicates	Tracking 35620 as yet unmatched pairs. 3373 records in RAM.
INFO	2019-05-22 15:04:09	MarkDuplicates	Read    61,000,000 records.  Elapsed time: 00:03:31s.  Time for last 1,000,000:    3s.  Last read position: chr1:24,611,767
INFO	2019-05-22 15:04:09	MarkDuplicates	Tracking 78495 as yet unmatched pairs. 42736 records in RAM.
INFO	2019-05-22 15:04:12	MarkDuplicates	Read    62,000,000 records.  Elapsed time: 00:03:34s.  Time for last 1,000,000:    3s.  Last read position: chr1:24,612,116
INFO	2019-05-22 15:04:12	MarkDuplicates	Tracking 87441 as yet unmatched pairs. 45890 records in RAM.
INFO	2019-05-22 15:04:16	MarkDuplicates	Read    63,000,000 records.  Elapsed time: 00:03:37s.  Time for last 1,000,000:    3s.  Last read position: chr1:24,612,444
INFO	2019-05-22 15:04:16	MarkDuplicates	Tracking 90451 as yet unmatched pairs. 41715 records in RAM.
INFO	2019-05-22 15:04:19	MarkDuplicates	Read    64,000,000 records.  Elapsed time: 00:03:40s.  Time for last 1,000,000:    3s.  Last read position: chr1:24,612,737
INFO	2019-05-22 15:04:19	MarkDuplicates	Tracking 76021 as yet unmatched pairs. 21585 records in RAM.
INFO	2019-05-22 15:04:22	MarkDuplicates	Read    65,000,000 records.  Elapsed time: 00:03:44s.  Time for last 1,000,000:    3s.  Last read position: chr1:24,613,049
INFO	2019-05-22 15:04:22	MarkDuplicates	Tracking 72558 as yet unmatched pairs. 14395 records in RAM.
INFO	2019-05-22 15:04:25	MarkDuplicates	Read    66,000,000 records.  Elapsed time: 00:03:47s.  Time for last 1,000,000:    2s.  Last read position: chr1:24,613,358
INFO	2019-05-22 15:04:25	MarkDuplicates	Tracking 108334 as yet unmatched pairs. 46753 records in RAM.
INFO	2019-05-22 15:04:29	MarkDuplicates	Read    67,000,000 records.  Elapsed time: 00:03:50s.  Time for last 1,000,000:    3s.  Last read position: chr1:24,613,655
INFO	2019-05-22 15:04:29	MarkDuplicates	Tracking 115358 as yet unmatched pairs. 47334 records in RAM.
INFO	2019-05-22 15:04:32	MarkDuplicates	Read    68,000,000 records.  Elapsed time: 00:03:53s.  Time for last 1,000,000:    3s.  Last read position: chr1:24,613,957
INFO	2019-05-22 15:04:32	MarkDuplicates	Tracking 102228 as yet unmatched pairs. 28104 records in RAM.
INFO	2019-05-22 15:04:35	MarkDuplicates	Read    69,000,000 records.  Elapsed time: 00:03:56s.  Time for last 1,000,000:    3s.  Last read position: chr1:24,614,266
INFO	2019-05-22 15:04:35	MarkDuplicates	Tracking 120789 as yet unmatched pairs. 42555 records in RAM.
INFO	2019-05-22 15:04:38	MarkDuplicates	Read    70,000,000 records.  Elapsed time: 00:03:59s.  Time for last 1,000,000:    3s.  Last read position: chr1:24,614,596
INFO	2019-05-22 15:04:38	MarkDuplicates	Tracking 135926 as yet unmatched pairs. 51716 records in RAM.
INFO	2019-05-22 15:04:41	MarkDuplicates	Read    71,000,000 records.  Elapsed time: 00:04:03s.  Time for last 1,000,000:    3s.  Last read position: chr1:24,614,910
INFO	2019-05-22 15:04:41	MarkDuplicates	Tracking 131357 as yet unmatched pairs. 43590 records in RAM.
INFO	2019-05-22 15:04:44	MarkDuplicates	Read    72,000,000 records.  Elapsed time: 00:04:06s.  Time for last 1,000,000:    3s.  Last read position: chr1:24,615,240
INFO	2019-05-22 15:04:44	MarkDuplicates	Tracking 130542 as yet unmatched pairs. 36463 records in RAM.
INFO	2019-05-22 15:04:47	MarkDuplicates	Read    73,000,000 records.  Elapsed time: 00:04:09s.  Time for last 1,000,000:    3s.  Last read position: chr1:24,615,555
INFO	2019-05-22 15:04:47	MarkDuplicates	Tracking 143557 as yet unmatched pairs. 44051 records in RAM.
INFO	2019-05-22 15:04:50	MarkDuplicates	Read    74,000,000 records.  Elapsed time: 00:04:12s.  Time for last 1,000,000:    3s.  Last read position: chr1:24,615,872
INFO	2019-05-22 15:04:50	MarkDuplicates	Tracking 126525 as yet unmatched pairs. 23245 records in RAM.
INFO	2019-05-22 15:04:54	MarkDuplicates	Read    75,000,000 records.  Elapsed time: 00:04:15s.  Time for last 1,000,000:    3s.  Last read position: chr1:31,075,262
INFO	2019-05-22 15:04:54	MarkDuplicates	Tracking 111114 as yet unmatched pairs. 2698 records in RAM.
INFO	2019-05-22 15:04:57	MarkDuplicates	Read    76,000,000 records.  Elapsed time: 00:04:18s.  Time for last 1,000,000:    3s.  Last read position: chr1:46,853,597
INFO	2019-05-22 15:04:57	MarkDuplicates	Tracking 111292 as yet unmatched pairs. 2586 records in RAM.
INFO	2019-05-22 15:05:00	MarkDuplicates	Read    77,000,000 records.  Elapsed time: 00:04:21s.  Time for last 1,000,000:    3s.  Last read position: chr1:65,421,107
INFO	2019-05-22 15:05:00	MarkDuplicates	Tracking 111458 as yet unmatched pairs. 2169 records in RAM.
INFO	2019-05-22 15:05:03	MarkDuplicates	Read    78,000,000 records.  Elapsed time: 00:04:24s.  Time for last 1,000,000:    3s.  Last read position: chr1:82,586,602
INFO	2019-05-22 15:05:03	MarkDuplicates	Tracking 111567 as yet unmatched pairs. 1857 records in RAM.
INFO	2019-05-22 15:05:06	MarkDuplicates	Read    79,000,000 records.  Elapsed time: 00:04:28s.  Time for last 1,000,000:    3s.  Last read position: chr1:104,211,580
INFO	2019-05-22 15:05:06	MarkDuplicates	Tracking 111717 as yet unmatched pairs. 1447 records in RAM.
INFO	2019-05-22 15:05:10	MarkDuplicates	Read    80,000,000 records.  Elapsed time: 00:04:31s.  Time for last 1,000,000:    3s.  Last read position: chr1:128,363,852
INFO	2019-05-22 15:05:10	MarkDuplicates	Tracking 111824 as yet unmatched pairs. 1279 records in RAM.
INFO	2019-05-22 15:05:13	MarkDuplicates	Read    81,000,000 records.  Elapsed time: 00:04:34s.  Time for last 1,000,000:    2s.  Last read position: chr1:133,856,126
INFO	2019-05-22 15:05:13	MarkDuplicates	Tracking 111907 as yet unmatched pairs. 1228 records in RAM.
INFO	2019-05-22 15:05:16	MarkDuplicates	Read    82,000,000 records.  Elapsed time: 00:04:38s.  Time for last 1,000,000:    3s.  Last read position: chr1:155,561,428
INFO	2019-05-22 15:05:16	MarkDuplicates	Tracking 111914 as yet unmatched pairs. 953 records in RAM.
INFO	2019-05-22 15:05:20	MarkDuplicates	Read    83,000,000 records.  Elapsed time: 00:04:41s.  Time for last 1,000,000:    3s.  Last read position: chr1:177,118,722
INFO	2019-05-22 15:05:20	MarkDuplicates	Tracking 112175 as yet unmatched pairs. 454 records in RAM.
INFO	2019-05-22 15:05:23	MarkDuplicates	Read    84,000,000 records.  Elapsed time: 00:04:45s.  Time for last 1,000,000:    3s.  Last read position: chr1:194,467,924
INFO	2019-05-22 15:05:23	MarkDuplicates	Tracking 112272 as yet unmatched pairs. 54 records in RAM.
INFO	2019-05-22 15:05:27	MarkDuplicates	Read    85,000,000 records.  Elapsed time: 00:04:48s.  Time for last 1,000,000:    3s.  Last read position: chr2:22,587,288
INFO	2019-05-22 15:05:27	MarkDuplicates	Tracking 112781 as yet unmatched pairs. 6846 records in RAM.
INFO	2019-05-22 15:05:30	MarkDuplicates	Read    86,000,000 records.  Elapsed time: 00:04:51s.  Time for last 1,000,000:    2s.  Last read position: chr2:22,587,635
INFO	2019-05-22 15:05:30	MarkDuplicates	Tracking 113256 as yet unmatched pairs. 6488 records in RAM.
INFO	2019-05-22 15:05:32	MarkDuplicates	Read    87,000,000 records.  Elapsed time: 00:04:54s.  Time for last 1,000,000:    2s.  Last read position: chr2:22,587,952
INFO	2019-05-22 15:05:32	MarkDuplicates	Tracking 123406 as yet unmatched pairs. 15533 records in RAM.
INFO	2019-05-22 15:05:35	MarkDuplicates	Read    88,000,000 records.  Elapsed time: 00:04:56s.  Time for last 1,000,000:    2s.  Last read position: chr2:22,588,271
INFO	2019-05-22 15:05:35	MarkDuplicates	Tracking 112493 as yet unmatched pairs. 3606 records in RAM.
INFO	2019-05-22 15:05:38	MarkDuplicates	Read    89,000,000 records.  Elapsed time: 00:04:59s.  Time for last 1,000,000:    2s.  Last read position: chr2:22,588,581
INFO	2019-05-22 15:05:38	MarkDuplicates	Tracking 112499 as yet unmatched pairs. 3483 records in RAM.
INFO	2019-05-22 15:05:41	MarkDuplicates	Read    90,000,000 records.  Elapsed time: 00:05:02s.  Time for last 1,000,000:    2s.  Last read position: chr2:22,588,898
INFO	2019-05-22 15:05:41	MarkDuplicates	Tracking 116071 as yet unmatched pairs. 5233 records in RAM.
INFO	2019-05-22 15:05:43	MarkDuplicates	Read    91,000,000 records.  Elapsed time: 00:05:05s.  Time for last 1,000,000:    2s.  Last read position: chr2:22,589,229
INFO	2019-05-22 15:05:43	MarkDuplicates	Tracking 121145 as yet unmatched pairs. 7601 records in RAM.
INFO	2019-05-22 15:05:46	MarkDuplicates	Read    92,000,000 records.  Elapsed time: 00:05:07s.  Time for last 1,000,000:    2s.  Last read position: chr2:22,589,556
INFO	2019-05-22 15:05:46	MarkDuplicates	Tracking 120803 as yet unmatched pairs. 5218 records in RAM.
INFO	2019-05-22 15:05:49	MarkDuplicates	Read    93,000,000 records.  Elapsed time: 00:05:10s.  Time for last 1,000,000:    2s.  Last read position: chr2:22,589,864
INFO	2019-05-22 15:05:49	MarkDuplicates	Tracking 122426 as yet unmatched pairs. 4701 records in RAM.
INFO	2019-05-22 15:05:51	MarkDuplicates	Read    94,000,000 records.  Elapsed time: 00:05:13s.  Time for last 1,000,000:    2s.  Last read position: chr2:22,590,221
INFO	2019-05-22 15:05:51	MarkDuplicates	Tracking 122154 as yet unmatched pairs. 3400 records in RAM.
INFO	2019-05-22 15:05:54	MarkDuplicates	Read    95,000,000 records.  Elapsed time: 00:05:15s.  Time for last 1,000,000:    2s.  Last read position: chr2:26,998,298
INFO	2019-05-22 15:05:54	MarkDuplicates	Tracking 122218 as yet unmatched pairs. 3314 records in RAM.
INFO	2019-05-22 15:05:58	MarkDuplicates	Read    96,000,000 records.  Elapsed time: 00:05:19s.  Time for last 1,000,000:    3s.  Last read position: chr2:53,316,931
INFO	2019-05-22 15:05:58	MarkDuplicates	Tracking 122369 as yet unmatched pairs. 2835 records in RAM.
INFO	2019-05-22 15:06:01	MarkDuplicates	Read    97,000,000 records.  Elapsed time: 00:05:22s.  Time for last 1,000,000:    3s.  Last read position: chr2:71,888,603
INFO	2019-05-22 15:06:01	MarkDuplicates	Tracking 123551 as yet unmatched pairs. 2470 records in RAM.
INFO	2019-05-22 15:06:27	MarkDuplicates	Read    98,000,000 records.  Elapsed time: 00:05:49s.  Time for last 1,000,000:   26s.  Last read position: chr2:97,058,228
INFO	2019-05-22 15:06:27	MarkDuplicates	Tracking 123614 as yet unmatched pairs. 2015 records in RAM.
INFO	2019-05-22 15:06:31	MarkDuplicates	Read    99,000,000 records.  Elapsed time: 00:05:52s.  Time for last 1,000,000:    3s.  Last read position: chr2:98,663,935
INFO	2019-05-22 15:06:31	MarkDuplicates	Tracking 124452 as yet unmatched pairs. 2810 records in RAM.
INFO	2019-05-22 15:06:34	MarkDuplicates	Read   100,000,000 records.  Elapsed time: 00:05:55s.  Time for last 1,000,000:    3s.  Last read position: chr2:98,666,578
INFO	2019-05-22 15:06:34	MarkDuplicates	Tracking 133817 as yet unmatched pairs. 12131 records in RAM.
INFO	2019-05-22 15:06:37	MarkDuplicates	Read   101,000,000 records.  Elapsed time: 00:05:58s.  Time for last 1,000,000:    2s.  Last read position: chr2:98,667,052
INFO	2019-05-22 15:06:37	MarkDuplicates	Tracking 203480 as yet unmatched pairs. 81752 records in RAM.
INFO	2019-05-22 15:06:40	MarkDuplicates	Read   102,000,000 records.  Elapsed time: 00:06:01s.  Time for last 1,000,000:    3s.  Last read position: chr2:106,925,740
INFO	2019-05-22 15:06:40	MarkDuplicates	Tracking 123619 as yet unmatched pairs. 1730 records in RAM.
INFO	2019-05-22 15:06:43	MarkDuplicates	Read   103,000,000 records.  Elapsed time: 00:06:04s.  Time for last 1,000,000:    3s.  Last read position: chr2:131,203,993
INFO	2019-05-22 15:06:43	MarkDuplicates	Tracking 123708 as yet unmatched pairs. 1050 records in RAM.
INFO	2019-05-22 15:06:47	MarkDuplicates	Read   104,000,000 records.  Elapsed time: 00:06:08s.  Time for last 1,000,000:    3s.  Last read position: chr2:153,280,921
INFO	2019-05-22 15:06:47	MarkDuplicates	Tracking 123691 as yet unmatched pairs. 739 records in RAM.
INFO	2019-05-22 15:06:50	MarkDuplicates	Read   105,000,000 records.  Elapsed time: 00:06:12s.  Time for last 1,000,000:    3s.  Last read position: chr2:175,319,147
INFO	2019-05-22 15:06:50	MarkDuplicates	Tracking 123728 as yet unmatched pairs. 131 records in RAM.
INFO	2019-05-22 15:06:53	MarkDuplicates	Read   106,000,000 records.  Elapsed time: 00:06:15s.  Time for last 1,000,000:    3s.  Last read position: chr3:6,049,606
INFO	2019-05-22 15:06:53	MarkDuplicates	Tracking 123578 as yet unmatched pairs. 2993 records in RAM.
INFO	2019-05-22 15:06:57	MarkDuplicates	Read   107,000,000 records.  Elapsed time: 00:06:18s.  Time for last 1,000,000:    3s.  Last read position: chr3:15,830,131
INFO	2019-05-22 15:06:57	MarkDuplicates	Tracking 123552 as yet unmatched pairs. 2855 records in RAM.
INFO	2019-05-22 15:07:00	MarkDuplicates	Read   108,000,000 records.  Elapsed time: 00:06:21s.  Time for last 1,000,000:    3s.  Last read position: chr3:41,375,335
INFO	2019-05-22 15:07:00	MarkDuplicates	Tracking 123578 as yet unmatched pairs. 2608 records in RAM.
INFO	2019-05-22 15:07:03	MarkDuplicates	Read   109,000,000 records.  Elapsed time: 00:06:25s.  Time for last 1,000,000:    3s.  Last read position: chr3:66,086,398
INFO	2019-05-22 15:07:03	MarkDuplicates	Tracking 123460 as yet unmatched pairs. 2195 records in RAM.
INFO	2019-05-22 15:07:07	MarkDuplicates	Read   110,000,000 records.  Elapsed time: 00:06:28s.  Time for last 1,000,000:    3s.  Last read position: chr3:90,729,192
INFO	2019-05-22 15:07:07	MarkDuplicates	Tracking 123418 as yet unmatched pairs. 1822 records in RAM.
INFO	2019-05-22 15:07:10	MarkDuplicates	Read   111,000,000 records.  Elapsed time: 00:06:31s.  Time for last 1,000,000:    3s.  Last read position: chr3:99,199,309
INFO	2019-05-22 15:07:10	MarkDuplicates	Tracking 123406 as yet unmatched pairs. 1590 records in RAM.
INFO	2019-05-22 15:07:13	MarkDuplicates	Read   112,000,000 records.  Elapsed time: 00:06:35s.  Time for last 1,000,000:    3s.  Last read position: chr3:115,619,893
INFO	2019-05-22 15:07:13	MarkDuplicates	Tracking 123336 as yet unmatched pairs. 1148 records in RAM.
INFO	2019-05-22 15:07:17	MarkDuplicates	Read   113,000,000 records.  Elapsed time: 00:06:38s.  Time for last 1,000,000:    3s.  Last read position: chr3:139,069,573
INFO	2019-05-22 15:07:17	MarkDuplicates	Tracking 123303 as yet unmatched pairs. 339 records in RAM.
INFO	2019-05-22 15:07:20	MarkDuplicates	Read   114,000,000 records.  Elapsed time: 00:06:42s.  Time for last 1,000,000:    3s.  Last read position: chr4:3,090,787
INFO	2019-05-22 15:07:20	MarkDuplicates	Tracking 123739 as yet unmatched pairs. 4669 records in RAM.
INFO	2019-05-22 15:07:24	MarkDuplicates	Read   115,000,000 records.  Elapsed time: 00:06:45s.  Time for last 1,000,000:    3s.  Last read position: chr4:15,667,705
INFO	2019-05-22 15:07:24	MarkDuplicates	Tracking 123140 as yet unmatched pairs. 3951 records in RAM.
INFO	2019-05-22 15:07:27	MarkDuplicates	Read   116,000,000 records.  Elapsed time: 00:06:49s.  Time for last 1,000,000:    3s.  Last read position: chr4:41,152,669
INFO	2019-05-22 15:07:27	MarkDuplicates	Tracking 123101 as yet unmatched pairs. 3660 records in RAM.
INFO	2019-05-22 15:07:31	MarkDuplicates	Read   117,000,000 records.  Elapsed time: 00:06:52s.  Time for last 1,000,000:    3s.  Last read position: chr4:61,639,289
INFO	2019-05-22 15:07:31	MarkDuplicates	Tracking 122991 as yet unmatched pairs. 3198 records in RAM.
INFO	2019-05-22 15:07:34	MarkDuplicates	Read   118,000,000 records.  Elapsed time: 00:06:55s.  Time for last 1,000,000:    3s.  Last read position: chr4:80,002,409
INFO	2019-05-22 15:07:34	MarkDuplicates	Tracking 122944 as yet unmatched pairs. 3034 records in RAM.
INFO	2019-05-22 15:07:37	MarkDuplicates	Read   119,000,000 records.  Elapsed time: 00:06:58s.  Time for last 1,000,000:    2s.  Last read position: chr4:80,002,777
INFO	2019-05-22 15:07:37	MarkDuplicates	Tracking 123168 as yet unmatched pairs. 3176 records in RAM.
INFO	2019-05-22 15:07:39	MarkDuplicates	Read   120,000,000 records.  Elapsed time: 00:07:01s.  Time for last 1,000,000:    2s.  Last read position: chr4:80,003,239
INFO	2019-05-22 15:07:39	MarkDuplicates	Tracking 123494 as yet unmatched pairs. 2936 records in RAM.
INFO	2019-05-22 15:07:42	MarkDuplicates	Read   121,000,000 records.  Elapsed time: 00:07:03s.  Time for last 1,000,000:    2s.  Last read position: chr4:80,003,727
INFO	2019-05-22 15:07:42	MarkDuplicates	Tracking 123521 as yet unmatched pairs. 2941 records in RAM.
INFO	2019-05-22 15:07:45	MarkDuplicates	Read   122,000,000 records.  Elapsed time: 00:07:06s.  Time for last 1,000,000:    2s.  Last read position: chr4:80,004,136
INFO	2019-05-22 15:07:45	MarkDuplicates	Tracking 123787 as yet unmatched pairs. 2951 records in RAM.
INFO	2019-05-22 15:07:48	MarkDuplicates	Read   123,000,000 records.  Elapsed time: 00:07:09s.  Time for last 1,000,000:    2s.  Last read position: chr4:80,004,501
INFO	2019-05-22 15:07:48	MarkDuplicates	Tracking 123825 as yet unmatched pairs. 2930 records in RAM.
INFO	2019-05-22 15:07:50	MarkDuplicates	Read   124,000,000 records.  Elapsed time: 00:07:11s.  Time for last 1,000,000:    2s.  Last read position: chr4:80,004,998
INFO	2019-05-22 15:07:50	MarkDuplicates	Tracking 123856 as yet unmatched pairs. 2943 records in RAM.
INFO	2019-05-22 15:07:53	MarkDuplicates	Read   125,000,000 records.  Elapsed time: 00:07:15s.  Time for last 1,000,000:    3s.  Last read position: chr4:89,624,891
INFO	2019-05-22 15:07:53	MarkDuplicates	Tracking 123846 as yet unmatched pairs. 2481 records in RAM.
INFO	2019-05-22 15:07:57	MarkDuplicates	Read   126,000,000 records.  Elapsed time: 00:07:18s.  Time for last 1,000,000:    3s.  Last read position: chr4:114,217,174
INFO	2019-05-22 15:07:57	MarkDuplicates	Tracking 123685 as yet unmatched pairs. 1653 records in RAM.
INFO	2019-05-22 15:08:00	MarkDuplicates	Read   127,000,000 records.  Elapsed time: 00:07:21s.  Time for last 1,000,000:    3s.  Last read position: chr4:133,927,954
INFO	2019-05-22 15:08:00	MarkDuplicates	Tracking 123449 as yet unmatched pairs. 896 records in RAM.
INFO	2019-05-22 15:08:03	MarkDuplicates	Read   128,000,000 records.  Elapsed time: 00:07:25s.  Time for last 1,000,000:    3s.  Last read position: chr4:147,498,010
INFO	2019-05-22 15:08:03	MarkDuplicates	Tracking 123310 as yet unmatched pairs. 385 records in RAM.
INFO	2019-05-22 15:08:07	MarkDuplicates	Read   129,000,000 records.  Elapsed time: 00:07:28s.  Time for last 1,000,000:    3s.  Last read position: chr5:7,276,832
INFO	2019-05-22 15:08:07	MarkDuplicates	Tracking 123128 as yet unmatched pairs. 6870 records in RAM.
INFO	2019-05-22 15:08:10	MarkDuplicates	Read   130,000,000 records.  Elapsed time: 00:07:31s.  Time for last 1,000,000:    2s.  Last read position: chr5:15,495,540
INFO	2019-05-22 15:08:10	MarkDuplicates	Tracking 123158 as yet unmatched pairs. 6729 records in RAM.
INFO	2019-05-22 15:08:13	MarkDuplicates	Read   131,000,000 records.  Elapsed time: 00:07:34s.  Time for last 1,000,000:    3s.  Last read position: chr5:35,634,162
INFO	2019-05-22 15:08:13	MarkDuplicates	Tracking 123035 as yet unmatched pairs. 6388 records in RAM.
INFO	2019-05-22 15:08:16	MarkDuplicates	Read   132,000,000 records.  Elapsed time: 00:07:37s.  Time for last 1,000,000:    3s.  Last read position: chr5:54,736,512
INFO	2019-05-22 15:08:16	MarkDuplicates	Tracking 122796 as yet unmatched pairs. 5803 records in RAM.
INFO	2019-05-22 15:08:19	MarkDuplicates	Read   133,000,000 records.  Elapsed time: 00:07:40s.  Time for last 1,000,000:    2s.  Last read position: chr5:60,043,018
INFO	2019-05-22 15:08:19	MarkDuplicates	Tracking 122876 as yet unmatched pairs. 5396 records in RAM.
INFO	2019-05-22 15:08:22	MarkDuplicates	Read   134,000,000 records.  Elapsed time: 00:07:44s.  Time for last 1,000,000:    3s.  Last read position: chr5:84,618,335
INFO	2019-05-22 15:08:22	MarkDuplicates	Tracking 122648 as yet unmatched pairs. 4964 records in RAM.
INFO	2019-05-22 15:08:25	MarkDuplicates	Read   135,000,000 records.  Elapsed time: 00:07:47s.  Time for last 1,000,000:    2s.  Last read position: chr5:93,915,527
INFO	2019-05-22 15:08:25	MarkDuplicates	Tracking 122573 as yet unmatched pairs. 4759 records in RAM.
INFO	2019-05-22 15:08:29	MarkDuplicates	Read   136,000,000 records.  Elapsed time: 00:07:50s.  Time for last 1,000,000:    3s.  Last read position: chr5:110,043,837
INFO	2019-05-22 15:08:29	MarkDuplicates	Tracking 122214 as yet unmatched pairs. 3902 records in RAM.
INFO	2019-05-22 15:08:32	MarkDuplicates	Read   137,000,000 records.  Elapsed time: 00:07:54s.  Time for last 1,000,000:    3s.  Last read position: chr5:133,627,239
INFO	2019-05-22 15:08:32	MarkDuplicates	Tracking 121642 as yet unmatched pairs. 2389 records in RAM.
INFO	2019-05-22 15:08:36	MarkDuplicates	Read   138,000,000 records.  Elapsed time: 00:07:57s.  Time for last 1,000,000:    3s.  Last read position: chr6:3,201,262
INFO	2019-05-22 15:08:36	MarkDuplicates	Tracking 120904 as yet unmatched pairs. 4448 records in RAM.
INFO	2019-05-22 15:08:39	MarkDuplicates	Read   139,000,000 records.  Elapsed time: 00:08:00s.  Time for last 1,000,000:    3s.  Last read position: chr6:13,677,398
INFO	2019-05-22 15:08:39	MarkDuplicates	Tracking 120705 as yet unmatched pairs. 3825 records in RAM.
INFO	2019-05-22 15:08:43	MarkDuplicates	Read   140,000,000 records.  Elapsed time: 00:08:04s.  Time for last 1,000,000:    3s.  Last read position: chr6:40,823,286
INFO	2019-05-22 15:08:43	MarkDuplicates	Tracking 120324 as yet unmatched pairs. 3300 records in RAM.
INFO	2019-05-22 15:08:46	MarkDuplicates	Read   141,000,000 records.  Elapsed time: 00:08:07s.  Time for last 1,000,000:    3s.  Last read position: chr6:60,849,809
INFO	2019-05-22 15:08:46	MarkDuplicates	Tracking 119785 as yet unmatched pairs. 2546 records in RAM.
INFO	2019-05-22 15:08:49	MarkDuplicates	Read   142,000,000 records.  Elapsed time: 00:08:11s.  Time for last 1,000,000:    3s.  Last read position: chr6:79,818,132
INFO	2019-05-22 15:08:49	MarkDuplicates	Tracking 119648 as yet unmatched pairs. 2321 records in RAM.
INFO	2019-05-22 15:08:53	MarkDuplicates	Read   143,000,000 records.  Elapsed time: 00:08:14s.  Time for last 1,000,000:    3s.  Last read position: chr6:95,097,999
INFO	2019-05-22 15:08:53	MarkDuplicates	Tracking 119324 as yet unmatched pairs. 1623 records in RAM.
INFO	2019-05-22 15:08:56	MarkDuplicates	Read   144,000,000 records.  Elapsed time: 00:08:17s.  Time for last 1,000,000:    3s.  Last read position: chr6:114,968,957
INFO	2019-05-22 15:08:56	MarkDuplicates	Tracking 119161 as yet unmatched pairs. 1323 records in RAM.
INFO	2019-05-22 15:08:59	MarkDuplicates	Read   145,000,000 records.  Elapsed time: 00:08:21s.  Time for last 1,000,000:    3s.  Last read position: chr6:133,291,019
INFO	2019-05-22 15:08:59	MarkDuplicates	Tracking 118650 as yet unmatched pairs. 564 records in RAM.
INFO	2019-05-22 15:09:03	MarkDuplicates	Read   146,000,000 records.  Elapsed time: 00:08:24s.  Time for last 1,000,000:    3s.  Last read position: chr7:7,082,506
INFO	2019-05-22 15:09:03	MarkDuplicates	Tracking 118184 as yet unmatched pairs. 5247 records in RAM.
INFO	2019-05-22 15:09:06	MarkDuplicates	Read   147,000,000 records.  Elapsed time: 00:08:27s.  Time for last 1,000,000:    3s.  Last read position: chr7:19,817,560
INFO	2019-05-22 15:09:06	MarkDuplicates	Tracking 118005 as yet unmatched pairs. 4991 records in RAM.
INFO	2019-05-22 15:09:09	MarkDuplicates	Read   148,000,000 records.  Elapsed time: 00:08:31s.  Time for last 1,000,000:    3s.  Last read position: chr7:31,908,369
INFO	2019-05-22 15:09:09	MarkDuplicates	Tracking 117614 as yet unmatched pairs. 4473 records in RAM.
INFO	2019-05-22 15:09:13	MarkDuplicates	Read   149,000,000 records.  Elapsed time: 00:08:34s.  Time for last 1,000,000:    3s.  Last read position: chr7:51,127,395
INFO	2019-05-22 15:09:13	MarkDuplicates	Tracking 117230 as yet unmatched pairs. 3976 records in RAM.
INFO	2019-05-22 15:09:16	MarkDuplicates	Read   150,000,000 records.  Elapsed time: 00:08:37s.  Time for last 1,000,000:    3s.  Last read position: chr7:75,816,627
INFO	2019-05-22 15:09:16	MarkDuplicates	Tracking 116606 as yet unmatched pairs. 3071 records in RAM.
INFO	2019-05-22 15:09:19	MarkDuplicates	Read   151,000,000 records.  Elapsed time: 00:08:41s.  Time for last 1,000,000:    3s.  Last read position: chr7:98,239,428
INFO	2019-05-22 15:09:19	MarkDuplicates	Tracking 115960 as yet unmatched pairs. 2114 records in RAM.
INFO	2019-05-22 15:09:23	MarkDuplicates	Read   152,000,000 records.  Elapsed time: 00:08:44s.  Time for last 1,000,000:    3s.  Last read position: chr7:117,567,549
INFO	2019-05-22 15:09:23	MarkDuplicates	Tracking 115503 as yet unmatched pairs. 1473 records in RAM.
INFO	2019-05-22 15:09:26	MarkDuplicates	Read   153,000,000 records.  Elapsed time: 00:08:47s.  Time for last 1,000,000:    3s.  Last read position: chr7:141,022,000
INFO	2019-05-22 15:09:26	MarkDuplicates	Tracking 114716 as yet unmatched pairs. 258 records in RAM.
INFO	2019-05-22 15:09:30	MarkDuplicates	Read   154,000,000 records.  Elapsed time: 00:08:51s.  Time for last 1,000,000:    3s.  Last read position: chr8:20,122,179
INFO	2019-05-22 15:09:30	MarkDuplicates	Tracking 114595 as yet unmatched pairs. 4073 records in RAM.
INFO	2019-05-22 15:09:33	MarkDuplicates	Read   155,000,000 records.  Elapsed time: 00:08:54s.  Time for last 1,000,000:    3s.  Last read position: chr8:38,000,491
INFO	2019-05-22 15:09:33	MarkDuplicates	Tracking 113904 as yet unmatched pairs. 3277 records in RAM.
INFO	2019-05-22 15:09:36	MarkDuplicates	Read   156,000,000 records.  Elapsed time: 00:08:58s.  Time for last 1,000,000:    3s.  Last read position: chr8:62,378,465
INFO	2019-05-22 15:09:36	MarkDuplicates	Tracking 113546 as yet unmatched pairs. 2847 records in RAM.
INFO	2019-05-22 15:09:40	MarkDuplicates	Read   157,000,000 records.  Elapsed time: 00:09:01s.  Time for last 1,000,000:    3s.  Last read position: chr8:82,176,438
INFO	2019-05-22 15:09:40	MarkDuplicates	Tracking 113126 as yet unmatched pairs. 2355 records in RAM.
INFO	2019-05-22 15:09:43	MarkDuplicates	Read   158,000,000 records.  Elapsed time: 00:09:05s.  Time for last 1,000,000:    3s.  Last read position: chr8:104,178,833
INFO	2019-05-22 15:09:43	MarkDuplicates	Tracking 112489 as yet unmatched pairs. 1585 records in RAM.
INFO	2019-05-22 15:09:47	MarkDuplicates	Read   159,000,000 records.  Elapsed time: 00:09:08s.  Time for last 1,000,000:    3s.  Last read position: chr8:126,084,018
INFO	2019-05-22 15:09:47	MarkDuplicates	Tracking 111487 as yet unmatched pairs. 118 records in RAM.
INFO	2019-05-22 15:09:50	MarkDuplicates	Read   160,000,000 records.  Elapsed time: 00:09:11s.  Time for last 1,000,000:    2s.  Last read position: chr9:3,004,152
INFO	2019-05-22 15:09:50	MarkDuplicates	Tracking 115203 as yet unmatched pairs. 8172 records in RAM.
INFO	2019-05-22 15:09:53	MarkDuplicates	Read   161,000,000 records.  Elapsed time: 00:09:14s.  Time for last 1,000,000:    2s.  Last read position: chr9:3,015,688
INFO	2019-05-22 15:09:53	MarkDuplicates	Tracking 113391 as yet unmatched pairs. 6359 records in RAM.
INFO	2019-05-22 15:09:56	MarkDuplicates	Read   162,000,000 records.  Elapsed time: 00:09:17s.  Time for last 1,000,000:    3s.  Last read position: chr9:3,025,879
INFO	2019-05-22 15:09:56	MarkDuplicates	Tracking 113757 as yet unmatched pairs. 6722 records in RAM.
INFO	2019-05-22 15:09:59	MarkDuplicates	Read   163,000,000 records.  Elapsed time: 00:09:20s.  Time for last 1,000,000:    2s.  Last read position: chr9:4,856,215
INFO	2019-05-22 15:09:59	MarkDuplicates	Tracking 111181 as yet unmatched pairs. 4106 records in RAM.
INFO	2019-05-22 15:10:02	MarkDuplicates	Read   164,000,000 records.  Elapsed time: 00:09:23s.  Time for last 1,000,000:    3s.  Last read position: chr9:17,998,991
INFO	2019-05-22 15:10:02	MarkDuplicates	Tracking 111016 as yet unmatched pairs. 3894 records in RAM.
INFO	2019-05-22 15:10:05	MarkDuplicates	Read   165,000,000 records.  Elapsed time: 00:09:26s.  Time for last 1,000,000:    3s.  Last read position: chr9:33,393,111
INFO	2019-05-22 15:10:05	MarkDuplicates	Tracking 110692 as yet unmatched pairs. 3516 records in RAM.
INFO	2019-05-22 15:10:08	MarkDuplicates	Read   166,000,000 records.  Elapsed time: 00:09:30s.  Time for last 1,000,000:    3s.  Last read position: chr9:54,568,342
INFO	2019-05-22 15:10:08	MarkDuplicates	Tracking 110196 as yet unmatched pairs. 2963 records in RAM.
INFO	2019-05-22 15:10:12	MarkDuplicates	Read   167,000,000 records.  Elapsed time: 00:09:33s.  Time for last 1,000,000:    3s.  Last read position: chr9:80,522,422
INFO	2019-05-22 15:10:12	MarkDuplicates	Tracking 109574 as yet unmatched pairs. 2260 records in RAM.
INFO	2019-05-22 15:10:15	MarkDuplicates	Read   168,000,000 records.  Elapsed time: 00:09:36s.  Time for last 1,000,000:    3s.  Last read position: chr9:93,175,818
INFO	2019-05-22 15:10:15	MarkDuplicates	Tracking 109246 as yet unmatched pairs. 1867 records in RAM.
INFO	2019-05-22 15:10:18	MarkDuplicates	Read   169,000,000 records.  Elapsed time: 00:09:39s.  Time for last 1,000,000:    3s.  Last read position: chr9:111,290,129
INFO	2019-05-22 15:10:18	MarkDuplicates	Tracking 108329 as yet unmatched pairs. 826 records in RAM.
INFO	2019-05-22 15:10:25	MarkDuplicates	Read   170,000,000 records.  Elapsed time: 00:09:46s.  Time for last 1,000,000:    6s.  Last read position: chrM:1
INFO	2019-05-22 15:10:25	MarkDuplicates	Tracking 168771 as yet unmatched pairs. 164240 records in RAM.
INFO	2019-05-22 15:10:29	MarkDuplicates	Read   171,000,000 records.  Elapsed time: 00:09:50s.  Time for last 1,000,000:    4s.  Last read position: chrM:353
INFO	2019-05-22 15:10:29	MarkDuplicates	Tracking 300670 as yet unmatched pairs. 296128 records in RAM.
INFO	2019-05-22 15:10:33	MarkDuplicates	Read   172,000,000 records.  Elapsed time: 00:09:54s.  Time for last 1,000,000:    3s.  Last read position: chrM:703
INFO	2019-05-22 15:10:33	MarkDuplicates	Tracking 267372 as yet unmatched pairs. 262810 records in RAM.
INFO	2019-05-22 15:10:36	MarkDuplicates	Read   173,000,000 records.  Elapsed time: 00:09:58s.  Time for last 1,000,000:    3s.  Last read position: chrM:1,039
INFO	2019-05-22 15:10:36	MarkDuplicates	Tracking 218224 as yet unmatched pairs. 213652 records in RAM.
INFO	2019-05-22 15:10:40	MarkDuplicates	Read   174,000,000 records.  Elapsed time: 00:10:01s.  Time for last 1,000,000:    3s.  Last read position: chrM:1,418
INFO	2019-05-22 15:10:40	MarkDuplicates	Tracking 267903 as yet unmatched pairs. 263327 records in RAM.
INFO	2019-05-22 15:10:44	MarkDuplicates	Read   175,000,000 records.  Elapsed time: 00:10:05s.  Time for last 1,000,000:    3s.  Last read position: chrM:1,733
INFO	2019-05-22 15:10:44	MarkDuplicates	Tracking 254770 as yet unmatched pairs. 250187 records in RAM.
INFO	2019-05-22 15:10:48	MarkDuplicates	Read   176,000,000 records.  Elapsed time: 00:10:09s.  Time for last 1,000,000:    3s.  Last read position: chrM:2,089
INFO	2019-05-22 15:10:48	MarkDuplicates	Tracking 254821 as yet unmatched pairs. 250235 records in RAM.
INFO	2019-05-22 15:10:51	MarkDuplicates	Read   177,000,000 records.  Elapsed time: 00:10:13s.  Time for last 1,000,000:    3s.  Last read position: chrM:2,456
INFO	2019-05-22 15:10:51	MarkDuplicates	Tracking 243047 as yet unmatched pairs. 238450 records in RAM.
INFO	2019-05-22 15:10:55	MarkDuplicates	Read   178,000,000 records.  Elapsed time: 00:10:16s.  Time for last 1,000,000:    3s.  Last read position: chrM:2,792
INFO	2019-05-22 15:10:55	MarkDuplicates	Tracking 233884 as yet unmatched pairs. 229277 records in RAM.
INFO	2019-05-22 15:10:59	MarkDuplicates	Read   179,000,000 records.  Elapsed time: 00:10:20s.  Time for last 1,000,000:    3s.  Last read position: chrM:3,130
INFO	2019-05-22 15:10:59	MarkDuplicates	Tracking 249475 as yet unmatched pairs. 244860 records in RAM.
INFO	2019-05-22 15:11:02	MarkDuplicates	Read   180,000,000 records.  Elapsed time: 00:10:24s.  Time for last 1,000,000:    3s.  Last read position: chrM:3,502
INFO	2019-05-22 15:11:02	MarkDuplicates	Tracking 243228 as yet unmatched pairs. 238600 records in RAM.
INFO	2019-05-22 15:11:06	MarkDuplicates	Read   181,000,000 records.  Elapsed time: 00:10:28s.  Time for last 1,000,000:    3s.  Last read position: chrM:3,826
INFO	2019-05-22 15:11:06	MarkDuplicates	Tracking 238115 as yet unmatched pairs. 233480 records in RAM.
INFO	2019-05-22 15:11:59	MarkDuplicates	Read   182,000,000 records.  Elapsed time: 00:11:21s.  Time for last 1,000,000:   53s.  Last read position: chrM:4,153
INFO	2019-05-22 15:11:59	MarkDuplicates	Tracking 244293 as yet unmatched pairs. 239648 records in RAM.
INFO	2019-05-22 15:12:03	MarkDuplicates	Read   183,000,000 records.  Elapsed time: 00:11:25s.  Time for last 1,000,000:    4s.  Last read position: chrM:4,514
INFO	2019-05-22 15:12:04	MarkDuplicates	Tracking 232805 as yet unmatched pairs. 228149 records in RAM.
INFO	2019-05-22 15:12:07	MarkDuplicates	Read   184,000,000 records.  Elapsed time: 00:11:28s.  Time for last 1,000,000:    3s.  Last read position: chrM:4,837
INFO	2019-05-22 15:12:07	MarkDuplicates	Tracking 262701 as yet unmatched pairs. 258037 records in RAM.
INFO	2019-05-22 15:12:11	MarkDuplicates	Read   185,000,000 records.  Elapsed time: 00:11:32s.  Time for last 1,000,000:    3s.  Last read position: chrM:5,195
INFO	2019-05-22 15:12:11	MarkDuplicates	Tracking 253505 as yet unmatched pairs. 248835 records in RAM.
INFO	2019-05-22 15:12:14	MarkDuplicates	Read   186,000,000 records.  Elapsed time: 00:11:36s.  Time for last 1,000,000:    3s.  Last read position: chrM:5,493
INFO	2019-05-22 15:12:14	MarkDuplicates	Tracking 275014 as yet unmatched pairs. 270334 records in RAM.
INFO	2019-05-22 15:12:19	MarkDuplicates	Read   187,000,000 records.  Elapsed time: 00:11:40s.  Time for last 1,000,000:    4s.  Last read position: chrM:5,825
INFO	2019-05-22 15:12:19	MarkDuplicates	Tracking 224250 as yet unmatched pairs. 219566 records in RAM.
INFO	2019-05-22 15:12:23	MarkDuplicates	Read   188,000,000 records.  Elapsed time: 00:11:44s.  Time for last 1,000,000:    4s.  Last read position: chrM:6,133
INFO	2019-05-22 15:12:23	MarkDuplicates	Tracking 233140 as yet unmatched pairs. 228444 records in RAM.
INFO	2019-05-22 15:12:27	MarkDuplicates	Read   189,000,000 records.  Elapsed time: 00:11:48s.  Time for last 1,000,000:    3s.  Last read position: chrM:6,435
INFO	2019-05-22 15:12:27	MarkDuplicates	Tracking 204799 as yet unmatched pairs. 200096 records in RAM.
INFO	2019-05-22 15:12:30	MarkDuplicates	Read   190,000,000 records.  Elapsed time: 00:11:51s.  Time for last 1,000,000:    3s.  Last read position: chrM:6,742
INFO	2019-05-22 15:12:30	MarkDuplicates	Tracking 204962 as yet unmatched pairs. 200258 records in RAM.
INFO	2019-05-22 15:12:33	MarkDuplicates	Read   191,000,000 records.  Elapsed time: 00:11:54s.  Time for last 1,000,000:    3s.  Last read position: chrM:7,063
INFO	2019-05-22 15:12:33	MarkDuplicates	Tracking 201169 as yet unmatched pairs. 196463 records in RAM.
INFO	2019-05-22 15:12:36	MarkDuplicates	Read   192,000,000 records.  Elapsed time: 00:11:57s.  Time for last 1,000,000:    3s.  Last read position: chrM:7,387
INFO	2019-05-22 15:12:36	MarkDuplicates	Tracking 187628 as yet unmatched pairs. 182918 records in RAM.
INFO	2019-05-22 15:12:39	MarkDuplicates	Read   193,000,000 records.  Elapsed time: 00:12:01s.  Time for last 1,000,000:    3s.  Last read position: chrM:7,707
INFO	2019-05-22 15:12:39	MarkDuplicates	Tracking 178063 as yet unmatched pairs. 173349 records in RAM.
INFO	2019-05-22 15:12:42	MarkDuplicates	Read   194,000,000 records.  Elapsed time: 00:12:04s.  Time for last 1,000,000:    3s.  Last read position: chrM:8,037
INFO	2019-05-22 15:12:42	MarkDuplicates	Tracking 172949 as yet unmatched pairs. 168226 records in RAM.
INFO	2019-05-22 15:12:45	MarkDuplicates	Read   195,000,000 records.  Elapsed time: 00:12:07s.  Time for last 1,000,000:    3s.  Last read position: chrM:8,342
INFO	2019-05-22 15:12:45	MarkDuplicates	Tracking 178226 as yet unmatched pairs. 173499 records in RAM.
INFO	2019-05-22 15:12:49	MarkDuplicates	Read   196,000,000 records.  Elapsed time: 00:12:10s.  Time for last 1,000,000:    3s.  Last read position: chrM:8,666
INFO	2019-05-22 15:12:49	MarkDuplicates	Tracking 163231 as yet unmatched pairs. 158503 records in RAM.
INFO	2019-05-22 15:12:52	MarkDuplicates	Read   197,000,000 records.  Elapsed time: 00:12:13s.  Time for last 1,000,000:    3s.  Last read position: chrM:8,969
INFO	2019-05-22 15:12:52	MarkDuplicates	Tracking 155172 as yet unmatched pairs. 150444 records in RAM.
INFO	2019-05-22 15:12:55	MarkDuplicates	Read   198,000,000 records.  Elapsed time: 00:12:16s.  Time for last 1,000,000:    3s.  Last read position: chrM:9,259
INFO	2019-05-22 15:12:55	MarkDuplicates	Tracking 189620 as yet unmatched pairs. 184890 records in RAM.
INFO	2019-05-22 15:12:58	MarkDuplicates	Read   199,000,000 records.  Elapsed time: 00:12:19s.  Time for last 1,000,000:    3s.  Last read position: chrM:9,583
INFO	2019-05-22 15:12:58	MarkDuplicates	Tracking 161750 as yet unmatched pairs. 157016 records in RAM.
INFO	2019-05-22 15:13:01	MarkDuplicates	Read   200,000,000 records.  Elapsed time: 00:12:23s.  Time for last 1,000,000:    3s.  Last read position: chrM:9,868
INFO	2019-05-22 15:13:01	MarkDuplicates	Tracking 153459 as yet unmatched pairs. 148719 records in RAM.
INFO	2019-05-22 15:13:05	MarkDuplicates	Read   201,000,000 records.  Elapsed time: 00:12:26s.  Time for last 1,000,000:    3s.  Last read position: chrM:10,159
INFO	2019-05-22 15:13:05	MarkDuplicates	Tracking 137964 as yet unmatched pairs. 133219 records in RAM.
INFO	2019-05-22 15:13:08	MarkDuplicates	Read   202,000,000 records.  Elapsed time: 00:12:29s.  Time for last 1,000,000:    3s.  Last read position: chrM:10,524
INFO	2019-05-22 15:13:08	MarkDuplicates	Tracking 126067 as yet unmatched pairs. 121315 records in RAM.
INFO	2019-05-22 15:13:11	MarkDuplicates	Read   203,000,000 records.  Elapsed time: 00:12:32s.  Time for last 1,000,000:    3s.  Last read position: chrM:10,849
INFO	2019-05-22 15:13:11	MarkDuplicates	Tracking 141883 as yet unmatched pairs. 137126 records in RAM.
INFO	2019-05-22 15:13:14	MarkDuplicates	Read   204,000,000 records.  Elapsed time: 00:12:36s.  Time for last 1,000,000:    3s.  Last read position: chrM:11,174
INFO	2019-05-22 15:13:14	MarkDuplicates	Tracking 132610 as yet unmatched pairs. 127848 records in RAM.
INFO	2019-05-22 15:13:18	MarkDuplicates	Read   205,000,000 records.  Elapsed time: 00:12:40s.  Time for last 1,000,000:    3s.  Last read position: chrM:11,502
INFO	2019-05-22 15:13:18	MarkDuplicates	Tracking 175040 as yet unmatched pairs. 170267 records in RAM.
INFO	2019-05-22 15:13:22	MarkDuplicates	Read   206,000,000 records.  Elapsed time: 00:12:43s.  Time for last 1,000,000:    3s.  Last read position: chrM:11,806
INFO	2019-05-22 15:13:22	MarkDuplicates	Tracking 134364 as yet unmatched pairs. 129580 records in RAM.
INFO	2019-05-22 15:13:26	MarkDuplicates	Read   207,000,000 records.  Elapsed time: 00:12:47s.  Time for last 1,000,000:    3s.  Last read position: chrM:12,140
INFO	2019-05-22 15:13:26	MarkDuplicates	Tracking 171569 as yet unmatched pairs. 166774 records in RAM.
INFO	2019-05-22 15:13:29	MarkDuplicates	Read   208,000,000 records.  Elapsed time: 00:12:51s.  Time for last 1,000,000:    3s.  Last read position: chrM:12,485
INFO	2019-05-22 15:13:29	MarkDuplicates	Tracking 167965 as yet unmatched pairs. 163162 records in RAM.
INFO	2019-05-22 15:13:33	MarkDuplicates	Read   209,000,000 records.  Elapsed time: 00:12:54s.  Time for last 1,000,000:    3s.  Last read position: chrM:12,804
INFO	2019-05-22 15:13:33	MarkDuplicates	Tracking 179154 as yet unmatched pairs. 174343 records in RAM.
INFO	2019-05-22 15:13:37	MarkDuplicates	Read   210,000,000 records.  Elapsed time: 00:12:58s.  Time for last 1,000,000:    3s.  Last read position: chrM:13,168
INFO	2019-05-22 15:13:37	MarkDuplicates	Tracking 163374 as yet unmatched pairs. 158558 records in RAM.
INFO	2019-05-22 15:13:41	MarkDuplicates	Read   211,000,000 records.  Elapsed time: 00:13:02s.  Time for last 1,000,000:    3s.  Last read position: chrM:13,489
INFO	2019-05-22 15:13:41	MarkDuplicates	Tracking 182104 as yet unmatched pairs. 177274 records in RAM.
INFO	2019-05-22 15:13:45	MarkDuplicates	Read   212,000,000 records.  Elapsed time: 00:13:06s.  Time for last 1,000,000:    4s.  Last read position: chrM:13,849
INFO	2019-05-22 15:13:45	MarkDuplicates	Tracking 147791 as yet unmatched pairs. 142947 records in RAM.
INFO	2019-05-22 15:13:48	MarkDuplicates	Read   213,000,000 records.  Elapsed time: 00:13:10s.  Time for last 1,000,000:    3s.  Last read position: chrM:14,206
INFO	2019-05-22 15:13:48	MarkDuplicates	Tracking 136478 as yet unmatched pairs. 131620 records in RAM.
INFO	2019-05-22 15:13:52	MarkDuplicates	Read   214,000,000 records.  Elapsed time: 00:13:13s.  Time for last 1,000,000:    3s.  Last read position: chrM:14,526
INFO	2019-05-22 15:13:52	MarkDuplicates	Tracking 136223 as yet unmatched pairs. 131359 records in RAM.
INFO	2019-05-22 15:13:56	MarkDuplicates	Read   215,000,000 records.  Elapsed time: 00:13:17s.  Time for last 1,000,000:    3s.  Last read position: chrM:14,881
INFO	2019-05-22 15:13:56	MarkDuplicates	Tracking 112655 as yet unmatched pairs. 107781 records in RAM.
INFO	2019-05-22 15:14:00	MarkDuplicates	Read   216,000,000 records.  Elapsed time: 00:13:21s.  Time for last 1,000,000:    3s.  Last read position: chrM:15,228
INFO	2019-05-22 15:14:00	MarkDuplicates	Tracking 189504 as yet unmatched pairs. 184625 records in RAM.
INFO	2019-05-22 15:14:03	MarkDuplicates	Read   217,000,000 records.  Elapsed time: 00:13:24s.  Time for last 1,000,000:    3s.  Last read position: chrM:15,590
INFO	2019-05-22 15:14:03	MarkDuplicates	Tracking 127551 as yet unmatched pairs. 122663 records in RAM.
INFO	2019-05-22 15:14:07	MarkDuplicates	Read   218,000,000 records.  Elapsed time: 00:13:28s.  Time for last 1,000,000:    3s.  Last read position: chrM:16,000
INFO	2019-05-22 15:14:07	MarkDuplicates	Tracking 146354 as yet unmatched pairs. 141463 records in RAM.
INFO	2019-05-22 15:14:10	MarkDuplicates	Read   219,000,000 records.  Elapsed time: 00:13:31s.  Time for last 1,000,000:    3s.  Last read position: chrX:8,535,170
INFO	2019-05-22 15:14:10	MarkDuplicates	Tracking 4447 as yet unmatched pairs. 4082 records in RAM.
INFO	2019-05-22 15:14:13	MarkDuplicates	Read   220,000,000 records.  Elapsed time: 00:13:35s.  Time for last 1,000,000:    3s.  Last read position: chrX:28,006,524
INFO	2019-05-22 15:14:13	MarkDuplicates	Tracking 4183 as yet unmatched pairs. 3816 records in RAM.
INFO	2019-05-22 15:14:17	MarkDuplicates	Read   221,000,000 records.  Elapsed time: 00:13:38s.  Time for last 1,000,000:    3s.  Last read position: chrX:43,626,733
INFO	2019-05-22 15:14:17	MarkDuplicates	Tracking 3906 as yet unmatched pairs. 3537 records in RAM.
INFO	2019-05-22 15:14:20	MarkDuplicates	Read   222,000,000 records.  Elapsed time: 00:13:41s.  Time for last 1,000,000:    3s.  Last read position: chrX:63,315,265
INFO	2019-05-22 15:14:20	MarkDuplicates	Tracking 3759 as yet unmatched pairs. 3389 records in RAM.
INFO	2019-05-22 15:14:23	MarkDuplicates	Read   223,000,000 records.  Elapsed time: 00:13:45s.  Time for last 1,000,000:    3s.  Last read position: chrX:83,751,186
INFO	2019-05-22 15:14:23	MarkDuplicates	Tracking 3229 as yet unmatched pairs. 2858 records in RAM.
INFO	2019-05-22 15:14:27	MarkDuplicates	Read   224,000,000 records.  Elapsed time: 00:13:48s.  Time for last 1,000,000:    3s.  Last read position: chrX:109,133,850
INFO	2019-05-22 15:14:27	MarkDuplicates	Tracking 2409 as yet unmatched pairs. 2031 records in RAM.
INFO	2019-05-22 15:14:30	MarkDuplicates	Read   225,000,000 records.  Elapsed time: 00:13:52s.  Time for last 1,000,000:    3s.  Last read position: chrX:134,278,522
INFO	2019-05-22 15:14:30	MarkDuplicates	Tracking 1878 as yet unmatched pairs. 1484 records in RAM.
INFO	2019-05-22 15:14:34	MarkDuplicates	Read   226,000,000 records.  Elapsed time: 00:13:55s.  Time for last 1,000,000:    3s.  Last read position: chrX:156,374,773
INFO	2019-05-22 15:14:34	MarkDuplicates	Tracking 641 as yet unmatched pairs. 243 records in RAM.
INFO	2019-05-22 15:14:37	MarkDuplicates	Read   227,000,000 records.  Elapsed time: 00:13:58s.  Time for last 1,000,000:    3s.  Last read position: chrY:32,441,164
INFO	2019-05-22 15:14:37	MarkDuplicates	Tracking 289 as yet unmatched pairs. 289 records in RAM.
INFO	2019-05-22 15:14:38	MarkDuplicates	Read 227444271 records. 0 pairs never matched.
INFO	2019-05-22 15:15:09	MarkDuplicates	After buildSortedReadEndLists freeMemory: 10473469304; totalMemory: 10485760000; maxMemory: 10485760000
INFO	2019-05-22 15:15:09	MarkDuplicates	Will retain up to 327680000 duplicate indices before spilling to disk.
INFO	2019-05-22 15:15:09	MarkDuplicates	Traversing read pair information and detecting duplicates.
INFO	2019-05-22 15:15:09	SortingCollection	Creating merging iterator from 2 files
WARNING	2019-05-22 15:15:09	SortingCollection	There is not enough memory per file for buffering. Reading will be unbuffered.
INFO	2019-05-22 15:15:27	OpticalDuplicateFinder	Large duplicate set. size = 1164
INFO	2019-05-22 15:15:27	OpticalDuplicateFinder	compared         1,000 ReadEnds to others.  Elapsed time: 00:00:00s.  Time for last 1,000:    0s.  Last read position: 0:15,512
INFO	2019-05-22 15:15:28	OpticalDuplicateFinder	Large duplicate set. size = 1121
INFO	2019-05-22 15:15:28	OpticalDuplicateFinder	compared         1,000 ReadEnds to others.  Elapsed time: 00:00:00s.  Time for last 1,000:    0s.  Last read position: 0:7,626
INFO	2019-05-22 15:15:28	OpticalDuplicateFinder	Large duplicate set. size = 1058
INFO	2019-05-22 15:15:28	OpticalDuplicateFinder	compared         1,000 ReadEnds to others.  Elapsed time: 00:00:00s.  Time for last 1,000:    0s.  Last read position: 0:16,107
INFO	2019-05-22 15:15:28	OpticalDuplicateFinder	Large duplicate set. size = 1079
INFO	2019-05-22 15:15:28	OpticalDuplicateFinder	compared         1,000 ReadEnds to others.  Elapsed time: 00:00:00s.  Time for last 1,000:    0s.  Last read position: 0:15,015
INFO	2019-05-22 15:15:30	OpticalDuplicateFinder	Large duplicate set. size = 1005
INFO	2019-05-22 15:15:30	OpticalDuplicateFinder	compared         1,000 ReadEnds to others.  Elapsed time: 00:00:00s.  Time for last 1,000:    0s.  Last read position: 0:15,858
INFO	2019-05-22 15:15:31	OpticalDuplicateFinder	Large duplicate set. size = 1017
INFO	2019-05-22 15:15:31	OpticalDuplicateFinder	compared         1,000 ReadEnds to others.  Elapsed time: 00:00:00s.  Time for last 1,000:    0s.  Last read position: 0:2,404
INFO	2019-05-22 15:15:31	OpticalDuplicateFinder	Large duplicate set. size = 1262
INFO	2019-05-22 15:15:31	OpticalDuplicateFinder	compared         1,000 ReadEnds to others.  Elapsed time: 00:00:00s.  Time for last 1,000:    0s.  Last read position: 0:25,570
INFO	2019-05-22 15:15:31	OpticalDuplicateFinder	Large duplicate set. size = 1154
INFO	2019-05-22 15:15:31	OpticalDuplicateFinder	compared         1,000 ReadEnds to others.  Elapsed time: 00:00:00s.  Time for last 1,000:    0s.  Last read position: 0:17,239
INFO	2019-05-22 15:15:31	OpticalDuplicateFinder	Large duplicate set. size = 1388
INFO	2019-05-22 15:15:31	OpticalDuplicateFinder	compared         1,000 ReadEnds to others.  Elapsed time: 00:00:00s.  Time for last 1,000:    0s.  Last read position: 0:17,833
INFO	2019-05-22 15:15:31	OpticalDuplicateFinder	Large duplicate set. size = 1277
INFO	2019-05-22 15:15:31	OpticalDuplicateFinder	compared         1,000 ReadEnds to others.  Elapsed time: 00:00:00s.  Time for last 1,000:    0s.  Last read position: 0:4,318
INFO	2019-05-22 15:15:32	OpticalDuplicateFinder	Large duplicate set. size = 1080
INFO	2019-05-22 15:15:32	OpticalDuplicateFinder	compared         1,000 ReadEnds to others.  Elapsed time: 00:00:00s.  Time for last 1,000:    0s.  Last read position: 0:16,726
INFO	2019-05-22 15:15:32	OpticalDuplicateFinder	Large duplicate set. size = 1039
INFO	2019-05-22 15:15:32	OpticalDuplicateFinder	compared         1,000 ReadEnds to others.  Elapsed time: 00:00:00s.  Time for last 1,000:    0s.  Last read position: 0:22,509
INFO	2019-05-22 15:15:32	OpticalDuplicateFinder	Large duplicate set. size = 1015
INFO	2019-05-22 15:15:32	OpticalDuplicateFinder	compared         1,000 ReadEnds to others.  Elapsed time: 00:00:00s.  Time for last 1,000:    0s.  Last read position: 0:18,613
INFO	2019-05-22 15:15:33	OpticalDuplicateFinder	Large duplicate set. size = 1061
INFO	2019-05-22 15:15:33	OpticalDuplicateFinder	compared         1,000 ReadEnds to others.  Elapsed time: 00:00:00s.  Time for last 1,000:    0s.  Last read position: 0:11,904
INFO	2019-05-22 15:15:35	OpticalDuplicateFinder	Large duplicate set. size = 1402
INFO	2019-05-22 15:15:35	OpticalDuplicateFinder	compared         1,000 ReadEnds to others.  Elapsed time: 00:00:00s.  Time for last 1,000:    0s.  Last read position: 0:10,943
INFO	2019-05-22 15:15:35	OpticalDuplicateFinder	Large duplicate set. size = 1380
INFO	2019-05-22 15:15:35	OpticalDuplicateFinder	compared         1,000 ReadEnds to others.  Elapsed time: 00:00:00s.  Time for last 1,000:    0s.  Last read position: 0:6,234
INFO	2019-05-22 15:15:35	OpticalDuplicateFinder	Large duplicate set. size = 1057
INFO	2019-05-22 15:15:35	OpticalDuplicateFinder	compared         1,000 ReadEnds to others.  Elapsed time: 00:00:00s.  Time for last 1,000:    0s.  Last read position: 0:14,216
INFO	2019-05-22 15:15:40	OpticalDuplicateFinder	Large duplicate set. size = 1041
INFO	2019-05-22 15:15:51	OpticalDuplicateFinder	compared         1,000 ReadEnds to others.  Elapsed time: 00:00:10s.  Time for last 1,000:    0s.  Last read position: 0:3,885
INFO	2019-05-22 15:15:51	OpticalDuplicateFinder	Large duplicate set. size = 1005
INFO	2019-05-22 15:15:51	OpticalDuplicateFinder	compared         1,000 ReadEnds to others.  Elapsed time: 00:00:00s.  Time for last 1,000:    0s.  Last read position: 0:13,032
INFO	2019-05-22 15:15:51	OpticalDuplicateFinder	Large duplicate set. size = 1059
INFO	2019-05-22 15:15:51	OpticalDuplicateFinder	compared         1,000 ReadEnds to others.  Elapsed time: 00:00:00s.  Time for last 1,000:    0s.  Last read position: 0:24,256
INFO	2019-05-22 15:15:51	OpticalDuplicateFinder	Large duplicate set. size = 1202
INFO	2019-05-22 15:15:51	OpticalDuplicateFinder	compared         1,000 ReadEnds to others.  Elapsed time: 00:00:00s.  Time for last 1,000:    0s.  Last read position: 0:2,850
INFO	2019-05-22 15:15:52	OpticalDuplicateFinder	Large duplicate set. size = 1022
INFO	2019-05-22 15:15:52	OpticalDuplicateFinder	compared         1,000 ReadEnds to others.  Elapsed time: 00:00:00s.  Time for last 1,000:    0s.  Last read position: 0:17,647
INFO	2019-05-22 15:15:52	OpticalDuplicateFinder	Large duplicate set. size = 1070
INFO	2019-05-22 15:15:52	OpticalDuplicateFinder	compared         1,000 ReadEnds to others.  Elapsed time: 00:00:00s.  Time for last 1,000:    0s.  Last read position: 0:23,126
INFO	2019-05-22 15:15:52	OpticalDuplicateFinder	Large duplicate set. size = 1165
INFO	2019-05-22 15:15:52	OpticalDuplicateFinder	compared         1,000 ReadEnds to others.  Elapsed time: 00:00:00s.  Time for last 1,000:    0s.  Last read position: 0:10,179
INFO	2019-05-22 15:15:52	OpticalDuplicateFinder	Large duplicate set. size = 1457
INFO	2019-05-22 15:15:52	OpticalDuplicateFinder	compared         1,000 ReadEnds to others.  Elapsed time: 00:00:00s.  Time for last 1,000:    0s.  Last read position: 0:19,533
INFO	2019-05-22 15:15:54	OpticalDuplicateFinder	Large duplicate set. size = 1148
INFO	2019-05-22 15:15:54	OpticalDuplicateFinder	compared         1,000 ReadEnds to others.  Elapsed time: 00:00:00s.  Time for last 1,000:    0s.  Last read position: 0:24,857
INFO	2019-05-22 15:15:54	OpticalDuplicateFinder	Large duplicate set. size = 1023
INFO	2019-05-22 15:15:54	OpticalDuplicateFinder	compared         1,000 ReadEnds to others.  Elapsed time: 00:00:00s.  Time for last 1,000:    0s.  Last read position: 0:2,977
INFO	2019-05-22 15:15:54	OpticalDuplicateFinder	Large duplicate set. size = 1945
INFO	2019-05-22 15:15:54	OpticalDuplicateFinder	compared         1,000 ReadEnds to others.  Elapsed time: 00:00:00s.  Time for last 1,000:    0s.  Last read position: 0:16,791
INFO	2019-05-22 15:15:54	OpticalDuplicateFinder	Large duplicate set. size = 1915
INFO	2019-05-22 15:15:54	OpticalDuplicateFinder	compared         1,000 ReadEnds to others.  Elapsed time: 00:00:00s.  Time for last 1,000:    0s.  Last read position: 0:19,880
INFO	2019-05-22 15:15:54	OpticalDuplicateFinder	Large duplicate set. size = 1062
INFO	2019-05-22 15:15:54	OpticalDuplicateFinder	compared         1,000 ReadEnds to others.  Elapsed time: 00:00:00s.  Time for last 1,000:    0s.  Last read position: 0:25,747
INFO	2019-05-22 15:15:54	OpticalDuplicateFinder	Large duplicate set. size = 1241
INFO	2019-05-22 15:15:54	OpticalDuplicateFinder	compared         1,000 ReadEnds to others.  Elapsed time: 00:00:00s.  Time for last 1,000:    0s.  Last read position: 0:18,270
INFO	2019-05-22 15:15:54	OpticalDuplicateFinder	Large duplicate set. size = 1151
INFO	2019-05-22 15:15:54	OpticalDuplicateFinder	compared         1,000 ReadEnds to others.  Elapsed time: 00:00:00s.  Time for last 1,000:    0s.  Last read position: 0:11,042
INFO	2019-05-22 15:15:56	OpticalDuplicateFinder	Large duplicate set. size = 1163
INFO	2019-05-22 15:15:56	OpticalDuplicateFinder	compared         1,000 ReadEnds to others.  Elapsed time: 00:00:00s.  Time for last 1,000:    0s.  Last read position: 0:3,070
INFO	2019-05-22 15:15:56	OpticalDuplicateFinder	Large duplicate set. size = 1270
INFO	2019-05-22 15:15:56	OpticalDuplicateFinder	compared         1,000 ReadEnds to others.  Elapsed time: 00:00:00s.  Time for last 1,000:    0s.  Last read position: 0:8,524
INFO	2019-05-22 15:15:56	OpticalDuplicateFinder	Large duplicate set. size = 1631
INFO	2019-05-22 15:15:56	OpticalDuplicateFinder	compared         1,000 ReadEnds to others.  Elapsed time: 00:00:00s.  Time for last 1,000:    0s.  Last read position: 0:5,713
INFO	2019-05-22 15:15:56	OpticalDuplicateFinder	Large duplicate set. size = 1494
INFO	2019-05-22 15:15:56	OpticalDuplicateFinder	compared         1,000 ReadEnds to others.  Elapsed time: 00:00:00s.  Time for last 1,000:    0s.  Last read position: 0:18,371
INFO	2019-05-22 15:15:56	OpticalDuplicateFinder	Large duplicate set. size = 1341
INFO	2019-05-22 15:15:56	OpticalDuplicateFinder	compared         1,000 ReadEnds to others.  Elapsed time: 00:00:00s.  Time for last 1,000:    0s.  Last read position: 0:3,247
INFO	2019-05-22 15:15:56	OpticalDuplicateFinder	Large duplicate set. size = 1244
INFO	2019-05-22 15:15:56	OpticalDuplicateFinder	compared         1,000 ReadEnds to others.  Elapsed time: 00:00:00s.  Time for last 1,000:    0s.  Last read position: 0:18,206
INFO	2019-05-22 15:15:57	OpticalDuplicateFinder	Large duplicate set. size = 1196
INFO	2019-05-22 15:15:57	OpticalDuplicateFinder	compared         1,000 ReadEnds to others.  Elapsed time: 00:00:00s.  Time for last 1,000:    0s.  Last read position: 0:3,178
INFO	2019-05-22 15:15:57	OpticalDuplicateFinder	Large duplicate set. size = 1363
INFO	2019-05-22 15:15:57	OpticalDuplicateFinder	compared         1,000 ReadEnds to others.  Elapsed time: 00:00:00s.  Time for last 1,000:    0s.  Last read position: 0:16,975
INFO	2019-05-22 15:15:57	OpticalDuplicateFinder	Large duplicate set. size = 1757
INFO	2019-05-22 15:15:57	OpticalDuplicateFinder	compared         1,000 ReadEnds to others.  Elapsed time: 00:00:00s.  Time for last 1,000:    0s.  Last read position: 0:5,795
INFO	2019-05-22 15:15:57	OpticalDuplicateFinder	Large duplicate set. size = 1239
INFO	2019-05-22 15:15:57	OpticalDuplicateFinder	compared         1,000 ReadEnds to others.  Elapsed time: 00:00:00s.  Time for last 1,000:    0s.  Last read position: 0:18,324
INFO	2019-05-22 15:15:57	OpticalDuplicateFinder	Large duplicate set. size = 1209
INFO	2019-05-22 15:15:57	OpticalDuplicateFinder	compared         1,000 ReadEnds to others.  Elapsed time: 00:00:00s.  Time for last 1,000:    0s.  Last read position: 0:4,050
INFO	2019-05-22 15:15:57	OpticalDuplicateFinder	Large duplicate set. size = 1291
INFO	2019-05-22 15:15:57	OpticalDuplicateFinder	compared         1,000 ReadEnds to others.  Elapsed time: 00:00:00s.  Time for last 1,000:    0s.  Last read position: 0:21,945
INFO	2019-05-22 15:15:57	OpticalDuplicateFinder	Large duplicate set. size = 1235
INFO	2019-05-22 15:15:57	OpticalDuplicateFinder	compared         1,000 ReadEnds to others.  Elapsed time: 00:00:00s.  Time for last 1,000:    0s.  Last read position: 0:14,298
INFO	2019-05-22 15:15:57	OpticalDuplicateFinder	Large duplicate set. size = 1085
INFO	2019-05-22 15:15:57	OpticalDuplicateFinder	compared         1,000 ReadEnds to others.  Elapsed time: 00:00:00s.  Time for last 1,000:    0s.  Last read position: 0:5,028
INFO	2019-05-22 15:15:57	OpticalDuplicateFinder	Large duplicate set. size = 1077
INFO	2019-05-22 15:15:57	OpticalDuplicateFinder	compared         1,000 ReadEnds to others.  Elapsed time: 00:00:00s.  Time for last 1,000:    0s.  Last read position: 0:15,923
INFO	2019-05-22 15:15:57	OpticalDuplicateFinder	Large duplicate set. size = 1237
INFO	2019-05-22 15:15:57	OpticalDuplicateFinder	compared         1,000 ReadEnds to others.  Elapsed time: 00:00:00s.  Time for last 1,000:    0s.  Last read position: 0:10,928
INFO	2019-05-22 15:15:57	OpticalDuplicateFinder	Large duplicate set. size = 1441
INFO	2019-05-22 15:15:57	OpticalDuplicateFinder	compared         1,000 ReadEnds to others.  Elapsed time: 00:00:00s.  Time for last 1,000:    0s.  Last read position: 0:11,703
INFO	2019-05-22 15:15:58	MarkDuplicates	Traversing fragment information and detecting duplicates.
INFO	2019-05-22 15:15:58	SortingCollection	Creating merging iterator from 3 files
WARNING	2019-05-22 15:15:58	SortingCollection	There is not enough memory per file for buffering. Reading will be unbuffered.
INFO	2019-05-22 15:16:29	MarkDuplicates	Sorting list of duplicate records.
INFO	2019-05-22 15:16:33	MarkDuplicates	After generateDuplicateIndexes freeMemory: 7847899720; totalMemory: 10485760000; maxMemory: 10485760000
INFO	2019-05-22 15:16:33	MarkDuplicates	Marking 49982368 records as duplicates.
INFO	2019-05-22 15:16:33	MarkDuplicates	Found 76115 optical duplicate clusters.
INFO	2019-05-22 15:16:53	MarkDuplicates	Reads are assumed to be ordered by: coordinate
INFO	2019-05-22 15:26:05	MarkDuplicates	Written    10,000,000 records.  Elapsed time: 00:08:37s.  Time for last 10,000,000:  517s.  Last read position: chr11:50,229,405
INFO	2019-05-22 15:30:50	MarkDuplicates	Written    20,000,000 records.  Elapsed time: 00:13:22s.  Time for last 10,000,000:  284s.  Last read position: chr12:97,061,559
INFO	2019-05-22 15:36:14	MarkDuplicates	Written    30,000,000 records.  Elapsed time: 00:18:46s.  Time for last 10,000,000:  324s.  Last read position: chr14:6,770,265
INFO	2019-05-22 15:40:02	MarkDuplicates	Written    40,000,000 records.  Elapsed time: 00:22:34s.  Time for last 10,000,000:  227s.  Last read position: chr15:41,381,497
INFO	2019-05-22 15:43:55	MarkDuplicates	Written    50,000,000 records.  Elapsed time: 00:26:27s.  Time for last 10,000,000:  232s.  Last read position: chr17:56,528,890
INFO	2019-05-22 15:48:47	MarkDuplicates	Written    60,000,000 records.  Elapsed time: 00:31:19s.  Time for last 10,000,000:  291s.  Last read position: chr1:18,800,186
INFO	2019-05-22 15:51:38	MarkDuplicates	Written    70,000,000 records.  Elapsed time: 00:34:10s.  Time for last 10,000,000:  170s.  Last read position: chr1:24,614,596
INFO	2019-05-22 15:54:45	MarkDuplicates	Written    80,000,000 records.  Elapsed time: 00:37:17s.  Time for last 10,000,000:  187s.  Last read position: chr1:128,363,852
INFO	2019-05-22 15:57:26	MarkDuplicates	Written    90,000,000 records.  Elapsed time: 00:39:58s.  Time for last 10,000,000:  161s.  Last read position: chr2:22,588,898
INFO	2019-05-22 16:00:01	MarkDuplicates	Written   100,000,000 records.  Elapsed time: 00:42:33s.  Time for last 10,000,000:  154s.  Last read position: chr2:98,666,578
INFO	2019-05-22 16:03:01	MarkDuplicates	Written   110,000,000 records.  Elapsed time: 00:45:33s.  Time for last 10,000,000:  180s.  Last read position: chr3:90,729,192
INFO	2019-05-22 16:06:04	MarkDuplicates	Written   120,000,000 records.  Elapsed time: 00:48:36s.  Time for last 10,000,000:  182s.  Last read position: chr4:80,003,239
INFO	2019-05-22 16:09:37	MarkDuplicates	Written   130,000,000 records.  Elapsed time: 00:52:10s.  Time for last 10,000,000:  213s.  Last read position: chr5:15,495,540
INFO	2019-05-22 16:13:07	MarkDuplicates	Written   140,000,000 records.  Elapsed time: 00:55:39s.  Time for last 10,000,000:  209s.  Last read position: chr6:40,823,286
INFO	2019-05-22 16:15:58	MarkDuplicates	Written   150,000,000 records.  Elapsed time: 00:58:30s.  Time for last 10,000,000:  171s.  Last read position: chr7:75,816,627
INFO	2019-05-22 16:18:44	MarkDuplicates	Written   160,000,000 records.  Elapsed time: 01:01:16s.  Time for last 10,000,000:  165s.  Last read position: chr9:3,004,152
INFO	2019-05-22 16:21:16	MarkDuplicates	Written   170,000,000 records.  Elapsed time: 01:03:48s.  Time for last 10,000,000:  152s.  Last read position: chrM:1
INFO	2019-05-22 16:23:30	MarkDuplicates	Written   180,000,000 records.  Elapsed time: 01:06:02s.  Time for last 10,000,000:  134s.  Last read position: chrM:3,502
INFO	2019-05-22 16:25:46	MarkDuplicates	Written   190,000,000 records.  Elapsed time: 01:08:18s.  Time for last 10,000,000:  135s.  Last read position: chrM:6,742
INFO	2019-05-22 16:28:01	MarkDuplicates	Written   200,000,000 records.  Elapsed time: 01:10:33s.  Time for last 10,000,000:  135s.  Last read position: chrM:9,868
INFO	2019-05-22 16:30:17	MarkDuplicates	Written   210,000,000 records.  Elapsed time: 01:12:49s.  Time for last 10,000,000:  135s.  Last read position: chrM:13,168
INFO	2019-05-22 16:32:39	MarkDuplicates	Written   220,000,000 records.  Elapsed time: 01:15:11s.  Time for last 10,000,000:  142s.  Last read position: chrX:28,006,524
INFO	2019-05-22 16:35:30	MarkDuplicates	Written   230,000,000 records.  Elapsed time: 01:18:02s.  Time for last 10,000,000:  170s.  Last read position: */*
INFO	2019-05-22 16:35:31	MarkDuplicates	Before output close freeMemory: 10474089168; totalMemory: 10485760000; maxMemory: 10485760000
INFO	2019-05-22 16:35:31	MarkDuplicates	After output close freeMemory: 10474089168; totalMemory: 10485760000; maxMemory: 10485760000
[Wed May 22 16:35:31 EDT 2019] picard.sam.markduplicates.MarkDuplicates done. Elapsed time: 94.88 minutes.
Runtime.totalMemory()=10485760000
Started analysis of AB3835-L1.bam
Approx 5% complete for AB3835-L1.bam
Approx 10% complete for AB3835-L1.bam
Approx 15% complete for AB3835-L1.bam
Approx 20% complete for AB3835-L1.bam
Approx 25% complete for AB3835-L1.bam
Approx 30% complete for AB3835-L1.bam
Approx 35% complete for AB3835-L1.bam
Approx 40% complete for AB3835-L1.bam
Approx 45% complete for AB3835-L1.bam
Approx 50% complete for AB3835-L1.bam
Approx 55% complete for AB3835-L1.bam
Approx 60% complete for AB3835-L1.bam
Approx 65% complete for AB3835-L1.bam
Approx 70% complete for AB3835-L1.bam
Approx 75% complete for AB3835-L1.bam
Approx 80% complete for AB3835-L1.bam
Approx 85% complete for AB3835-L1.bam
Approx 90% complete for AB3835-L1.bam
Approx 95% complete for AB3835-L1.bam
Java HotSpot(TM) 64-Bit Server VM warning: Ignoring option MaxPermSize; support was removed in 8.0
[+] Loading python 2.7  ... 
[-] Unloading python 2.7  ... 
[+] Loading snakemake  5.4.4 
[+] Loading java 12.0.1  ... 
[+] Loading bowtie  2-2.3.5 
[+] Loading samtools 1.9  ... 
[+] Loading picard  2.18.27 
[+] Loading fastqc  0.11.8 
[+] Loading GSL 2.4 for GCC 7.2.0 ... 
[+] Loading gcc  7.3.0  ... 
[+] Loading openmpi 3.0.2  for GCC 7.3.0 
[+] Loading ImageMagick  7.0.8  on cn3519 
[+] Loading HDF5  1.10.4 
[+] Loading pandoc  2.1.1  on cn3519 
[+] Loading R 3.5.2 
[+] Loading qualimap  2.2.1  on cn3519 
#
DONE!!!!
#
ELAPSED TIME: 13651 seconds
------------------------------------------------------------------------------
[Wed May 22 17:44:58 2019]
Finished job 0.
1 of 1 steps (100%) done
