Building DAG of jobs...
Using shell: /usr/bin/bash
Provided cores: 30
Rules claiming more threads will be scaled down.
Unlimited resources: mem_mb
Job counts:
	count	jobs
	1	Homer_NarrowPeak_Annotate
	1

[Sun May 26 00:35:01 2019]
Job 0: Homer_NarrowPeak_Annotate: Ccl20-_UT|AB3823-L1_IDR_AB3824-L1_IDR_AB3825-L1_IDR_AB3826-L1

[+] Loading macs  2.1.2 
[-] Unloading samtools 1.9  ... 
[+] Loading samtools 1.9  ... 
[+] Loading bedtools  2.27.1 
[+] Loading deeptools  3.1.3 
[+] Loading ucsc 373 on cn3233 
[+] Loading gcc  7.3.0  ... 
[+] Loading GSL 2.4 for GCC 7.2.0 ... 
[-] Unloading gcc  7.3.0  ... 
[+] Loading gcc  7.3.0  ... 
[+] Loading openmpi 3.0.2  for GCC 7.3.0 
[+] Loading ImageMagick  7.0.8  on cn3233 
[+] Loading HDF5  1.10.4 
[+] Loading pandoc  2.1.1  on cn3233 
[+] Loading R 3.5.2 
[-] Unloading samtools 1.9  ... 
[+] Loading samtools 1.9  ... 
[+] Loading homer  4.10.1 
###################################- COMMANDLINE -############################
module load macs/2.1.2 || exit 1
module load samtools/1.9 || exit 1
module load bedtools/2.27.1 || exit 1
module load deeptools/3.1.3 || exit 1
module load ucsc/373 || exit 1
module load homer/4.10.1 || exit 1
#
Description:
Peak Annotate Narrow
#
INPUT1: /data/shamsaddinisha/jfarber-20160119-P1/spsingh-20190308-E1/spsingh-20190521-D1/mm10/Ccl20-_UT/peak_calling/narrowpeak/AB3823-L1_IDR_AB3824-L1_IDR_AB3825-L1_IDR_AB3826-L1.narrowPeak.gz
INPUT2: /data/shamsaddinisha/jfarber-20160119-P1/spsingh-20190308-E1/spsingh-20190521-D1/mm10/Ccl20-_UT/peak_calling/narrowpeak/AB3823-L1_IDR_AB3824-L1_IDR_AB3825-L1_IDR_AB3826-L1.narrowPeak.bdg
#
OUTPUT1: /data/shamsaddinisha/jfarber-20160119-P1/spsingh-20190308-E1/spsingh-20190521-D1/mm10/Ccl20-_UT/peak_annotate/narrowpeak/AB3823-L1_IDR_AB3824-L1_IDR_AB3825-L1_IDR_AB3826-L1/AB3823-L1_IDR_AB3824-L1_IDR_AB3825-L1_IDR_AB3826-L1.narrowPeak.homer_annotate.txt
++++++++++++++++++++++++++++++++++++++++++++++++++++++++++++++++++++++++++++++
gunzip < /data/shamsaddinisha/jfarber-20160119-P1/spsingh-20190308-E1/spsingh-20190521-D1/mm10/Ccl20-_UT/peak_calling/narrowpeak/AB3823-L1_IDR_AB3824-L1_IDR_AB3825-L1_IDR_AB3826-L1.narrowPeak.gz > /data/shamsaddinisha/jfarber-20160119-P1/spsingh-20190308-E1/spsingh-20190521-D1/mm10/Ccl20-_UT/peak_annotate/narrowpeak/AB3823-L1_IDR_AB3824-L1_IDR_AB3825-L1_IDR_AB3826-L1/AB3823-L1_IDR_AB3824-L1_IDR_AB3825-L1_IDR_AB3826-L1.narrowPeak.bed
#
homer_annotate_file=/data/shamsaddinisha/jfarber-20160119-P1/spsingh-20190308-E1/spsingh-20190521-D1/mm10/Ccl20-_UT/peak_annotate/narrowpeak/AB3823-L1_IDR_AB3824-L1_IDR_AB3825-L1_IDR_AB3826-L1/annotate.txt
#
homer_annotate_statistics_file=/data/shamsaddinisha/jfarber-20160119-P1/spsingh-20190308-E1/spsingh-20190521-D1/mm10/Ccl20-_UT/peak_annotate/narrowpeak/AB3823-L1_IDR_AB3824-L1_IDR_AB3825-L1_IDR_AB3826-L1/annotate_statistics.txt
#
annotatePeaks.pl /data/shamsaddinisha/jfarber-20160119-P1/spsingh-20190308-E1/spsingh-20190521-D1/mm10/Ccl20-_UT/peak_annotate/narrowpeak/AB3823-L1_IDR_AB3824-L1_IDR_AB3825-L1_IDR_AB3826-L1/AB3823-L1_IDR_AB3824-L1_IDR_AB3825-L1_IDR_AB3826-L1.narrowPeak.bed mm10 -bedGraph /data/shamsaddinisha/jfarber-20160119-P1/spsingh-20190308-E1/spsingh-20190521-D1/mm10/Ccl20-_UT/peak_calling/narrowpeak/AB3823-L1_IDR_AB3824-L1_IDR_AB3825-L1_IDR_AB3826-L1.narrowPeak.bdg -gsize 2150570000 -go /data/shamsaddinisha/jfarber-20160119-P1/spsingh-20190308-E1/spsingh-20190521-D1/mm10/Ccl20-_UT/peak_annotate/narrowpeak/AB3823-L1_IDR_AB3824-L1_IDR_AB3825-L1_IDR_AB3826-L1 -annStats /data/shamsaddinisha/jfarber-20160119-P1/spsingh-20190308-E1/spsingh-20190521-D1/mm10/Ccl20-_UT/peak_annotate/narrowpeak/AB3823-L1_IDR_AB3824-L1_IDR_AB3825-L1_IDR_AB3826-L1/annotate_statistics.txt -cpu 30 > /data/shamsaddinisha/jfarber-20160119-P1/spsingh-20190308-E1/spsingh-20190521-D1/mm10/Ccl20-_UT/peak_annotate/narrowpeak/AB3823-L1_IDR_AB3824-L1_IDR_AB3825-L1_IDR_AB3826-L1/annotate.txt
#
for file in /data/shamsaddinisha/jfarber-20160119-P1/spsingh-20190308-E1/spsingh-20190521-D1/mm10/Ccl20-_UT/peak_annotate/narrowpeak/AB3823-L1_IDR_AB3824-L1_IDR_AB3825-L1_IDR_AB3826-L1/*.txt
do
	name=$file
	name=AB3823-L1_IDR_AB3824-L1_IDR_AB3825-L1_IDR_AB3826-L1.narrowPeak.homer_$name
	mv $file /data/shamsaddinisha/jfarber-20160119-P1/spsingh-20190308-E1/spsingh-20190521-D1/mm10/Ccl20-_UT/peak_annotate/narrowpeak/AB3823-L1_IDR_AB3824-L1_IDR_AB3825-L1_IDR_AB3826-L1/$name
done
#
EXECUTING....
#

	Peak file = /data/shamsaddinisha/jfarber-20160119-P1/spsingh-20190308-E1/spsingh-20190521-D1/mm10/Ccl20-_UT/peak_annotate/narrowpeak/AB3823-L1_IDR_AB3824-L1_IDR_AB3825-L1_IDR_AB3826-L1/AB3823-L1_IDR_AB3824-L1_IDR_AB3825-L1_IDR_AB3826-L1.narrowPeak.bed
	Genome = mm10
	Organism = mouse
	bedGraph Files:
		/data/shamsaddinisha/jfarber-20160119-P1/spsingh-20190308-E1/spsingh-20190521-D1/mm10/Ccl20-_UT/peak_calling/narrowpeak/AB3823-L1_IDR_AB3824-L1_IDR_AB3825-L1_IDR_AB3826-L1.narrowPeak.bdg
	Effective Genome size set to 2150570000
	Will perform Gene Ontology analysis - output to directory = /data/shamsaddinisha/jfarber-20160119-P1/spsingh-20190308-E1/spsingh-20190521-D1/mm10/Ccl20-_UT/peak_annotate/narrowpeak/AB3823-L1_IDR_AB3824-L1_IDR_AB3825-L1_IDR_AB3826-L1
	Will use up to 30 CPUs in parts that can use them
	Peak/BED file conversion summary:
		BED/Header formatted lines: 103957
		peakfile formatted lines: 0
		Duplicated Peak IDs: 0

	Peak File Statistics:
		Total Peaks: 103957
		Redundant Peak IDs: 0
		Peaks lacking information: 0 (need at least 5 columns per peak)
		Peaks with misformatted coordinates: 0 (should be integer)
		Peaks with misformatted strand: 0 (should be either +/- or 0/1)

	Peak file looks good!

	Reading Positions...
	-----------------------
	Finding Closest TSS...
	Annotating:.....................
		Annotation	Number of peaks	Total size (bp)	Log2 Enrichment
		3UTR	584.0	19834990	-0.375
		miRNA	10.0	24854	3.397
		ncRNA	389.0	2936051	1.795
		TTS	1398.0	26405695	0.471
		pseudo	17.0	502464	-0.175
		Exon	3950.0	33478124	1.627
		Intron	34928.0	933720660	-0.030
		Intergenic	35654.0	1673583365	-0.842
		Promoter	23563.0	28680226	4.427
		5UTR	3434.0	2124691	5.403
		snoRNA	0.0	19	-16.665
		rRNA	1.0	5631	2.217
	NOTE: If this part takes more than 2 minutes, there is a good chance
		your machine ran out of memory: consider hitting ctrl+C and rerunning
		the command with "-noann"
	Annotating:......................
		Annotation	Number of peaks	Total size (bp)	Log2 Enrichment
		3UTR	584.0	19834990	-0.375
		Other	165.0	7961937	-0.882
		RC?	0.0	10979	-16.666
		RNA	2.0	114021	-1.122
		miRNA	10.0	24854	3.397
		ncRNA	389.0	2936051	1.795
		TTS	1398.0	26405695	0.471
		LINE	2165.0	543766991	-3.262
		LINE?	0.0	8168	-16.666
		srpRNA	0.0	43388	-16.666
		SINE	2695.0	196807247	-1.479
		RC	1.0	65909	-1.332
		tRNA	40.0	267060	1.972
		DNA?	2.0	142459	-1.444
		pseudo	17.0	502464	-0.175
		DNA	803.0	28719782	-0.450
		Exon	3947.0	33478124	1.627
		Intron	26897.0	593180973	0.248
		Intergenic	28068.0	835645217	-0.185
		Promoter	23560.0	28680226	4.427
		5UTR	3434.0	2124691	5.404
		snoRNA	0.0	19	-16.666
		LTR?	13.0	193287	0.817
		scRNA	8.0	604045	-1.528
		CpG-Island	5114.0	3320125	5.334
		Low_complexity	204.0	19418537	-1.862
		LTR	3983.0	313292931	-1.587
		Simple_repeat	338.0	57597764	-2.702
		snRNA	14.0	237495	0.626
		Unknown	11.0	2416409	-3.068
		SINE?	0.0	29758	-16.666
		Satellite	63.0	4537622	-1.460
		rRNA	32.0	166665	2.330
	Performing Gene Ontology Analysis...
	Counting Tags in Peaks from each directory...
	Organism: mouse
	Loading Gene Informaiton...
	Outputing Annotation File...
	Done annotating peaks file

#
DONE!!!!
#
ELAPSED TIME: 84 seconds
----------------------------------------------------------------------------
[Sun May 26 00:36:36 2019]
Finished job 0.
1 of 1 steps (100%) done
