Building DAG of jobs...
Using shell: /usr/bin/bash
Provided cores: 30
Rules claiming more threads will be scaled down.
Unlimited resources: mem_mb
Job counts:
	count	jobs
	1	Homer_NarrowPeak_Annotate
	1

[Sun May 26 00:21:26 2019]
Job 0: Homer_NarrowPeak_Annotate: Ccl20-_T|AB3831-L1_IDR_AB3832-L1_IDR_AB3833-L1_IDR_AB3834-L1

[+] Loading macs  2.1.2 
[-] Unloading samtools 1.9  ... 
[+] Loading samtools 1.9  ... 
[+] Loading bedtools  2.27.1 
[+] Loading deeptools  3.1.3 
[+] Loading ucsc 373 on cn3129 
[+] Loading gcc  7.3.0  ... 
[+] Loading GSL 2.4 for GCC 7.2.0 ... 
[-] Unloading gcc  7.3.0  ... 
[+] Loading gcc  7.3.0  ... 
[+] Loading openmpi 3.0.2  for GCC 7.3.0 
[+] Loading ImageMagick  7.0.8  on cn3129 
[+] Loading HDF5  1.10.4 
[+] Loading pandoc  2.1.1  on cn3129 
[+] Loading R 3.5.2 
[-] Unloading samtools 1.9  ... 
[+] Loading samtools 1.9  ... 
[+] Loading homer  4.10.1 
###################################- COMMANDLINE -############################
module load macs/2.1.2 || exit 1
module load samtools/1.9 || exit 1
module load bedtools/2.27.1 || exit 1
module load deeptools/3.1.3 || exit 1
module load ucsc/373 || exit 1
module load homer/4.10.1 || exit 1
#
Description:
Peak Annotate Narrow
#
INPUT1: /data/shamsaddinisha/jfarber-20160119-P1/spsingh-20190308-E1/spsingh-20190521-D1/mm10/Ccl20-_T/peak_calling/narrowpeak/AB3831-L1_IDR_AB3832-L1_IDR_AB3833-L1_IDR_AB3834-L1.narrowPeak.gz
INPUT2: /data/shamsaddinisha/jfarber-20160119-P1/spsingh-20190308-E1/spsingh-20190521-D1/mm10/Ccl20-_T/peak_calling/narrowpeak/AB3831-L1_IDR_AB3832-L1_IDR_AB3833-L1_IDR_AB3834-L1.narrowPeak.bdg
#
OUTPUT1: /data/shamsaddinisha/jfarber-20160119-P1/spsingh-20190308-E1/spsingh-20190521-D1/mm10/Ccl20-_T/peak_annotate/narrowpeak/AB3831-L1_IDR_AB3832-L1_IDR_AB3833-L1_IDR_AB3834-L1/AB3831-L1_IDR_AB3832-L1_IDR_AB3833-L1_IDR_AB3834-L1.narrowPeak.homer_annotate.txt
++++++++++++++++++++++++++++++++++++++++++++++++++++++++++++++++++++++++++++++
gunzip < /data/shamsaddinisha/jfarber-20160119-P1/spsingh-20190308-E1/spsingh-20190521-D1/mm10/Ccl20-_T/peak_calling/narrowpeak/AB3831-L1_IDR_AB3832-L1_IDR_AB3833-L1_IDR_AB3834-L1.narrowPeak.gz > /data/shamsaddinisha/jfarber-20160119-P1/spsingh-20190308-E1/spsingh-20190521-D1/mm10/Ccl20-_T/peak_annotate/narrowpeak/AB3831-L1_IDR_AB3832-L1_IDR_AB3833-L1_IDR_AB3834-L1/AB3831-L1_IDR_AB3832-L1_IDR_AB3833-L1_IDR_AB3834-L1.narrowPeak.bed
#
homer_annotate_file=/data/shamsaddinisha/jfarber-20160119-P1/spsingh-20190308-E1/spsingh-20190521-D1/mm10/Ccl20-_T/peak_annotate/narrowpeak/AB3831-L1_IDR_AB3832-L1_IDR_AB3833-L1_IDR_AB3834-L1/annotate.txt
#
homer_annotate_statistics_file=/data/shamsaddinisha/jfarber-20160119-P1/spsingh-20190308-E1/spsingh-20190521-D1/mm10/Ccl20-_T/peak_annotate/narrowpeak/AB3831-L1_IDR_AB3832-L1_IDR_AB3833-L1_IDR_AB3834-L1/annotate_statistics.txt
#
annotatePeaks.pl /data/shamsaddinisha/jfarber-20160119-P1/spsingh-20190308-E1/spsingh-20190521-D1/mm10/Ccl20-_T/peak_annotate/narrowpeak/AB3831-L1_IDR_AB3832-L1_IDR_AB3833-L1_IDR_AB3834-L1/AB3831-L1_IDR_AB3832-L1_IDR_AB3833-L1_IDR_AB3834-L1.narrowPeak.bed mm10 -bedGraph /data/shamsaddinisha/jfarber-20160119-P1/spsingh-20190308-E1/spsingh-20190521-D1/mm10/Ccl20-_T/peak_calling/narrowpeak/AB3831-L1_IDR_AB3832-L1_IDR_AB3833-L1_IDR_AB3834-L1.narrowPeak.bdg -gsize 2150570000 -go /data/shamsaddinisha/jfarber-20160119-P1/spsingh-20190308-E1/spsingh-20190521-D1/mm10/Ccl20-_T/peak_annotate/narrowpeak/AB3831-L1_IDR_AB3832-L1_IDR_AB3833-L1_IDR_AB3834-L1 -annStats /data/shamsaddinisha/jfarber-20160119-P1/spsingh-20190308-E1/spsingh-20190521-D1/mm10/Ccl20-_T/peak_annotate/narrowpeak/AB3831-L1_IDR_AB3832-L1_IDR_AB3833-L1_IDR_AB3834-L1/annotate_statistics.txt -cpu 30 > /data/shamsaddinisha/jfarber-20160119-P1/spsingh-20190308-E1/spsingh-20190521-D1/mm10/Ccl20-_T/peak_annotate/narrowpeak/AB3831-L1_IDR_AB3832-L1_IDR_AB3833-L1_IDR_AB3834-L1/annotate.txt
#
for file in /data/shamsaddinisha/jfarber-20160119-P1/spsingh-20190308-E1/spsingh-20190521-D1/mm10/Ccl20-_T/peak_annotate/narrowpeak/AB3831-L1_IDR_AB3832-L1_IDR_AB3833-L1_IDR_AB3834-L1/*.txt
do
	name=$file
	name=AB3831-L1_IDR_AB3832-L1_IDR_AB3833-L1_IDR_AB3834-L1.narrowPeak.homer_$name
	mv $file /data/shamsaddinisha/jfarber-20160119-P1/spsingh-20190308-E1/spsingh-20190521-D1/mm10/Ccl20-_T/peak_annotate/narrowpeak/AB3831-L1_IDR_AB3832-L1_IDR_AB3833-L1_IDR_AB3834-L1/$name
done
#
EXECUTING....
#

	Peak file = /data/shamsaddinisha/jfarber-20160119-P1/spsingh-20190308-E1/spsingh-20190521-D1/mm10/Ccl20-_T/peak_annotate/narrowpeak/AB3831-L1_IDR_AB3832-L1_IDR_AB3833-L1_IDR_AB3834-L1/AB3831-L1_IDR_AB3832-L1_IDR_AB3833-L1_IDR_AB3834-L1.narrowPeak.bed
	Genome = mm10
	Organism = mouse
	bedGraph Files:
		/data/shamsaddinisha/jfarber-20160119-P1/spsingh-20190308-E1/spsingh-20190521-D1/mm10/Ccl20-_T/peak_calling/narrowpeak/AB3831-L1_IDR_AB3832-L1_IDR_AB3833-L1_IDR_AB3834-L1.narrowPeak.bdg
	Effective Genome size set to 2150570000
	Will perform Gene Ontology analysis - output to directory = /data/shamsaddinisha/jfarber-20160119-P1/spsingh-20190308-E1/spsingh-20190521-D1/mm10/Ccl20-_T/peak_annotate/narrowpeak/AB3831-L1_IDR_AB3832-L1_IDR_AB3833-L1_IDR_AB3834-L1
	Will use up to 30 CPUs in parts that can use them
	Peak/BED file conversion summary:
		BED/Header formatted lines: 172306
		peakfile formatted lines: 0
		Duplicated Peak IDs: 0

	Peak File Statistics:
		Total Peaks: 172306
		Redundant Peak IDs: 0
		Peaks lacking information: 0 (need at least 5 columns per peak)
		Peaks with misformatted coordinates: 0 (should be integer)
		Peaks with misformatted strand: 0 (should be either +/- or 0/1)

	Peak file looks good!

	Reading Positions...
	-----------------------
	Finding Closest TSS...
	Annotating:.....................
		Annotation	Number of peaks	Total size (bp)	Log2 Enrichment
		3UTR	1296.0	19834990	0.046
		miRNA	10.0	24854	2.668
		ncRNA	589.0	2936051	1.664
		TTS	2516.0	26405695	0.590
		pseudo	30.0	502464	-0.084
		Exon	5513.0	33478124	1.379
		Intron	65231.0	933720660	0.142
		Intergenic	66623.0	1673583365	-0.669
		Promoter	26081.0	28680226	3.844
		5UTR	4385.0	2124691	5.027
		snoRNA	0.0	19	-17.394
		rRNA	2.0	5631	2.488
	NOTE: If this part takes more than 2 minutes, there is a good chance
		your machine ran out of memory: consider hitting ctrl+C and rerunning
		the command with "-noann"
	Annotating:......................
		Annotation	Number of peaks	Total size (bp)	Log2 Enrichment
		3UTR	1296.0	19834990	0.046
		Other	251.0	7961937	-1.005
		RC?	0.0	10979	-17.395
		RNA	0.0	114021	-17.395
		miRNA	10.0	24854	2.668
		ncRNA	589.0	2936051	1.664
		TTS	2516.0	26405695	0.590
		LINE	4047.0	543766991	-3.088
		LINE?	0.0	8168	-17.395
		srpRNA	0.0	43388	-17.395
		SINE	5211.0	196807247	-1.257
		RC	2.0	65909	-1.060
		tRNA	73.0	267060	2.111
		DNA?	21.0	142459	1.220
		pseudo	30.0	502464	-0.084
		DNA	1687.0	28719782	-0.108
		Exon	5513.0	33478124	1.380
		Intron	52130.0	593180973	0.474
		Intergenic	53084.0	835645217	0.005
		Promoter	26077.0	28680226	3.845
		5UTR	4383.0	2124691	5.027
		snoRNA	0.0	19	-17.395
		LTR?	21.0	193287	0.780
		scRNA	12.0	604045	-1.672
		CpG-Island	6310.0	3320125	4.908
		Low_complexity	403.0	19418537	-1.609
		LTR	7829.0	313292931	-1.341
		Simple_repeat	591.0	57597764	-2.625
		snRNA	38.0	237495	1.338
		Unknown	51.0	2416409	-1.584
		SINE?	9.0	29758	2.257
		Satellite	69.0	4537622	-2.057
		rRNA	53.0	166665	2.329
	Performing Gene Ontology Analysis...
	Counting Tags in Peaks from each directory...
	Organism: mouse
	Loading Gene Informaiton...
	Outputing Annotation File...
	Done annotating peaks file

#
DONE!!!!
#
ELAPSED TIME: 98 seconds
----------------------------------------------------------------------------
[Sun May 26 00:23:13 2019]
Finished job 0.
1 of 1 steps (100%) done
