Building DAG of jobs...
Using shell: /usr/bin/bash
Provided cores: 30
Rules claiming more threads will be scaled down.
Unlimited resources: mem_mb
Job counts:
	count	jobs
	1	Homer_NarrowPeak_Annotate
	1

[Sat May 25 23:16:53 2019]
Job 0: Homer_NarrowPeak_Annotate: Ccl20-_T|AB3831-L1_POOLED_AB3832-L1_POOLED_AB3833-L1_POOLED_AB3834-L1

[+] Loading macs  2.1.2 
[-] Unloading samtools 1.9  ... 
[+] Loading samtools 1.9  ... 
[+] Loading bedtools  2.27.1 
[+] Loading deeptools  3.1.3 
[+] Loading ucsc 373 on cn3438 
[+] Loading gcc  7.3.0  ... 
[+] Loading GSL 2.4 for GCC 7.2.0 ... 
[-] Unloading gcc  7.3.0  ... 
[+] Loading gcc  7.3.0  ... 
[+] Loading openmpi 3.0.2  for GCC 7.3.0 
[+] Loading ImageMagick  7.0.8  on cn3438 
[+] Loading HDF5  1.10.4 
[+] Loading pandoc  2.1.1  on cn3438 
[+] Loading R 3.5.2 
[-] Unloading samtools 1.9  ... 
[+] Loading samtools 1.9  ... 
[+] Loading homer  4.10.1 
###################################- COMMANDLINE -############################
module load macs/2.1.2 || exit 1
module load samtools/1.9 || exit 1
module load bedtools/2.27.1 || exit 1
module load deeptools/3.1.3 || exit 1
module load ucsc/373 || exit 1
module load homer/4.10.1 || exit 1
#
Description:
Peak Annotate Narrow
#
INPUT1: /data/shamsaddinisha/jfarber-20160119-P1/spsingh-20190308-E1/spsingh-20190521-D1/mm10/Ccl20-_T/peak_calling/narrowpeak/AB3831-L1_POOLED_AB3832-L1_POOLED_AB3833-L1_POOLED_AB3834-L1.narrowPeak.gz
INPUT2: /data/shamsaddinisha/jfarber-20160119-P1/spsingh-20190308-E1/spsingh-20190521-D1/mm10/Ccl20-_T/peak_calling/narrowpeak/AB3831-L1_POOLED_AB3832-L1_POOLED_AB3833-L1_POOLED_AB3834-L1.narrowPeak.bdg
#
OUTPUT1: /data/shamsaddinisha/jfarber-20160119-P1/spsingh-20190308-E1/spsingh-20190521-D1/mm10/Ccl20-_T/peak_annotate/narrowpeak/AB3831-L1_POOLED_AB3832-L1_POOLED_AB3833-L1_POOLED_AB3834-L1/AB3831-L1_POOLED_AB3832-L1_POOLED_AB3833-L1_POOLED_AB3834-L1.narrowPeak.homer_annotate.txt
++++++++++++++++++++++++++++++++++++++++++++++++++++++++++++++++++++++++++++++
gunzip < /data/shamsaddinisha/jfarber-20160119-P1/spsingh-20190308-E1/spsingh-20190521-D1/mm10/Ccl20-_T/peak_calling/narrowpeak/AB3831-L1_POOLED_AB3832-L1_POOLED_AB3833-L1_POOLED_AB3834-L1.narrowPeak.gz > /data/shamsaddinisha/jfarber-20160119-P1/spsingh-20190308-E1/spsingh-20190521-D1/mm10/Ccl20-_T/peak_annotate/narrowpeak/AB3831-L1_POOLED_AB3832-L1_POOLED_AB3833-L1_POOLED_AB3834-L1/AB3831-L1_POOLED_AB3832-L1_POOLED_AB3833-L1_POOLED_AB3834-L1.narrowPeak.bed
#
homer_annotate_file=/data/shamsaddinisha/jfarber-20160119-P1/spsingh-20190308-E1/spsingh-20190521-D1/mm10/Ccl20-_T/peak_annotate/narrowpeak/AB3831-L1_POOLED_AB3832-L1_POOLED_AB3833-L1_POOLED_AB3834-L1/annotate.txt
#
homer_annotate_statistics_file=/data/shamsaddinisha/jfarber-20160119-P1/spsingh-20190308-E1/spsingh-20190521-D1/mm10/Ccl20-_T/peak_annotate/narrowpeak/AB3831-L1_POOLED_AB3832-L1_POOLED_AB3833-L1_POOLED_AB3834-L1/annotate_statistics.txt
#
annotatePeaks.pl /data/shamsaddinisha/jfarber-20160119-P1/spsingh-20190308-E1/spsingh-20190521-D1/mm10/Ccl20-_T/peak_annotate/narrowpeak/AB3831-L1_POOLED_AB3832-L1_POOLED_AB3833-L1_POOLED_AB3834-L1/AB3831-L1_POOLED_AB3832-L1_POOLED_AB3833-L1_POOLED_AB3834-L1.narrowPeak.bed mm10 -bedGraph /data/shamsaddinisha/jfarber-20160119-P1/spsingh-20190308-E1/spsingh-20190521-D1/mm10/Ccl20-_T/peak_calling/narrowpeak/AB3831-L1_POOLED_AB3832-L1_POOLED_AB3833-L1_POOLED_AB3834-L1.narrowPeak.bdg -gsize 2150570000 -go /data/shamsaddinisha/jfarber-20160119-P1/spsingh-20190308-E1/spsingh-20190521-D1/mm10/Ccl20-_T/peak_annotate/narrowpeak/AB3831-L1_POOLED_AB3832-L1_POOLED_AB3833-L1_POOLED_AB3834-L1 -annStats /data/shamsaddinisha/jfarber-20160119-P1/spsingh-20190308-E1/spsingh-20190521-D1/mm10/Ccl20-_T/peak_annotate/narrowpeak/AB3831-L1_POOLED_AB3832-L1_POOLED_AB3833-L1_POOLED_AB3834-L1/annotate_statistics.txt -cpu 30 > /data/shamsaddinisha/jfarber-20160119-P1/spsingh-20190308-E1/spsingh-20190521-D1/mm10/Ccl20-_T/peak_annotate/narrowpeak/AB3831-L1_POOLED_AB3832-L1_POOLED_AB3833-L1_POOLED_AB3834-L1/annotate.txt
#
for file in /data/shamsaddinisha/jfarber-20160119-P1/spsingh-20190308-E1/spsingh-20190521-D1/mm10/Ccl20-_T/peak_annotate/narrowpeak/AB3831-L1_POOLED_AB3832-L1_POOLED_AB3833-L1_POOLED_AB3834-L1/*.txt
do
	name=$file
	name=AB3831-L1_POOLED_AB3832-L1_POOLED_AB3833-L1_POOLED_AB3834-L1.narrowPeak.homer_$name
	mv $file /data/shamsaddinisha/jfarber-20160119-P1/spsingh-20190308-E1/spsingh-20190521-D1/mm10/Ccl20-_T/peak_annotate/narrowpeak/AB3831-L1_POOLED_AB3832-L1_POOLED_AB3833-L1_POOLED_AB3834-L1/$name
done
#
EXECUTING....
#

	Peak file = /data/shamsaddinisha/jfarber-20160119-P1/spsingh-20190308-E1/spsingh-20190521-D1/mm10/Ccl20-_T/peak_annotate/narrowpeak/AB3831-L1_POOLED_AB3832-L1_POOLED_AB3833-L1_POOLED_AB3834-L1/AB3831-L1_POOLED_AB3832-L1_POOLED_AB3833-L1_POOLED_AB3834-L1.narrowPeak.bed
	Genome = mm10
	Organism = mouse
	bedGraph Files:
		/data/shamsaddinisha/jfarber-20160119-P1/spsingh-20190308-E1/spsingh-20190521-D1/mm10/Ccl20-_T/peak_calling/narrowpeak/AB3831-L1_POOLED_AB3832-L1_POOLED_AB3833-L1_POOLED_AB3834-L1.narrowPeak.bdg
	Effective Genome size set to 2150570000
	Will perform Gene Ontology analysis - output to directory = /data/shamsaddinisha/jfarber-20160119-P1/spsingh-20190308-E1/spsingh-20190521-D1/mm10/Ccl20-_T/peak_annotate/narrowpeak/AB3831-L1_POOLED_AB3832-L1_POOLED_AB3833-L1_POOLED_AB3834-L1
	Will use up to 30 CPUs in parts that can use them
	Peak/BED file conversion summary:
		BED/Header formatted lines: 246703
		peakfile formatted lines: 0
		Duplicated Peak IDs: 0

	Peak File Statistics:
		Total Peaks: 246703
		Redundant Peak IDs: 0
		Peaks lacking information: 0 (need at least 5 columns per peak)
		Peaks with misformatted coordinates: 0 (should be integer)
		Peaks with misformatted strand: 0 (should be either +/- or 0/1)

	Peak file looks good!

	Reading Positions...
	-----------------------
	Finding Closest TSS...
	Annotating:.....................
		Annotation	Number of peaks	Total size (bp)	Log2 Enrichment
		3UTR	2066.0	19834990	0.200
		miRNA	11.0	24854	2.288
		ncRNA	745.0	2936051	1.485
		TTS	3461.0	26405695	0.532
		pseudo	52.0	502464	0.191
		Exon	7080.0	33478124	1.222
		Intron	99980.0	933720660	0.240
		Intergenic	100525.0	1673583365	-0.594
		Promoter	28126.0	28680226	3.435
		5UTR	4625.0	2124691	4.586
		snoRNA	0.0	19	-17.912
		rRNA	2.0	5631	1.970
	NOTE: If this part takes more than 2 minutes, there is a good chance
		your machine ran out of memory: consider hitting ctrl+C and rerunning
		the command with "-noann"
	Annotating:......................
		Annotation	Number of peaks	Total size (bp)	Log2 Enrichment
		3UTR	2066.0	19834990	0.201
		Other	469.0	7961937	-0.621
		RC?	1.0	10979	0.007
		RNA	1.0	114021	-3.369
		miRNA	11.0	24854	2.288
		ncRNA	745.0	2936051	1.486
		TTS	3461.0	26405695	0.533
		LINE	6988.0	543766991	-2.818
		LINE?	0.0	8168	-17.912
		srpRNA	0.0	43388	-17.912
		SINE	9154.0	196807247	-0.962
		RC	6.0	65909	0.007
		tRNA	87.0	267060	1.846
		DNA?	29.0	142459	1.168
		pseudo	52.0	502464	0.192
		DNA	2695.0	28719782	0.050
		Exon	7080.0	33478124	1.223
		Intron	80193.0	593180973	0.577
		Intergenic	78808.0	835645217	0.058
		Promoter	28122.0	28680226	3.436
		5UTR	4623.0	2124691	4.586
		snoRNA	0.0	19	-17.912
		LTR?	34.0	193287	0.957
		scRNA	20.0	604045	-1.452
		CpG-Island	6926.0	3320125	4.525
		Low_complexity	483.0	19418537	-1.865
		LTR	13560.0	313292931	-1.066
		Simple_repeat	792.0	57597764	-2.720
		snRNA	43.0	237495	0.999
		Unknown	88.0	2416409	-1.315
		SINE?	14.0	29758	2.376
		Satellite	92.0	4537622	-2.160
		rRNA	60.0	166665	1.990
	Performing Gene Ontology Analysis...
	Counting Tags in Peaks from each directory...
	Organism: mouse
	Loading Gene Informaiton...
	Outputing Annotation File...
	Done annotating peaks file

#
DONE!!!!
#
ELAPSED TIME: 404 seconds
----------------------------------------------------------------------------
[Sat May 25 23:23:47 2019]
Finished job 0.
1 of 1 steps (100%) done
