Building DAG of jobs...
Using shell: /usr/bin/bash
Provided cores: 30
Rules claiming more threads will be scaled down.
Unlimited resources: mem_mb
Job counts:
	count	jobs
	1	Homer_NarrowPeak_Annotate
	1

[Sun May 26 00:14:43 2019]
Job 0: Homer_NarrowPeak_Annotate: Ccl20-_T|AB3831-L1_OVERLAPPED_AB3832-L1_OVERLAPPED_AB3833-L1_OVERLAPPED_AB3834-L1

[+] Loading macs  2.1.2 
[-] Unloading samtools 1.9  ... 
[+] Loading samtools 1.9  ... 
[+] Loading bedtools  2.27.1 
[+] Loading deeptools  3.1.3 
[+] Loading ucsc 373 on cn1723 
[+] Loading gcc  7.3.0  ... 
[+] Loading GSL 2.4 for GCC 7.2.0 ... 
[-] Unloading gcc  7.3.0  ... 
[+] Loading gcc  7.3.0  ... 
[+] Loading openmpi 3.0.2  for GCC 7.3.0 
[+] Loading ImageMagick  7.0.8  on cn1723 
[+] Loading HDF5  1.10.4 
[+] Loading pandoc  2.1.1  on cn1723 
[+] Loading R 3.5.2 
[-] Unloading samtools 1.9  ... 
[+] Loading samtools 1.9  ... 
[+] Loading homer  4.10.1 
###################################- COMMANDLINE -############################
module load macs/2.1.2 || exit 1
module load samtools/1.9 || exit 1
module load bedtools/2.27.1 || exit 1
module load deeptools/3.1.3 || exit 1
module load ucsc/373 || exit 1
module load homer/4.10.1 || exit 1
#
Description:
Peak Annotate Narrow
#
INPUT1: /data/shamsaddinisha/jfarber-20160119-P1/spsingh-20190308-E1/spsingh-20190521-D1/mm10/Ccl20-_T/peak_calling/narrowpeak/AB3831-L1_OVERLAPPED_AB3832-L1_OVERLAPPED_AB3833-L1_OVERLAPPED_AB3834-L1.narrowPeak.gz
INPUT2: /data/shamsaddinisha/jfarber-20160119-P1/spsingh-20190308-E1/spsingh-20190521-D1/mm10/Ccl20-_T/peak_calling/narrowpeak/AB3831-L1_OVERLAPPED_AB3832-L1_OVERLAPPED_AB3833-L1_OVERLAPPED_AB3834-L1.narrowPeak.bdg
#
OUTPUT1: /data/shamsaddinisha/jfarber-20160119-P1/spsingh-20190308-E1/spsingh-20190521-D1/mm10/Ccl20-_T/peak_annotate/narrowpeak/AB3831-L1_OVERLAPPED_AB3832-L1_OVERLAPPED_AB3833-L1_OVERLAPPED_AB3834-L1/AB3831-L1_OVERLAPPED_AB3832-L1_OVERLAPPED_AB3833-L1_OVERLAPPED_AB3834-L1.narrowPeak.homer_annotate.txt
++++++++++++++++++++++++++++++++++++++++++++++++++++++++++++++++++++++++++++++
gunzip < /data/shamsaddinisha/jfarber-20160119-P1/spsingh-20190308-E1/spsingh-20190521-D1/mm10/Ccl20-_T/peak_calling/narrowpeak/AB3831-L1_OVERLAPPED_AB3832-L1_OVERLAPPED_AB3833-L1_OVERLAPPED_AB3834-L1.narrowPeak.gz > /data/shamsaddinisha/jfarber-20160119-P1/spsingh-20190308-E1/spsingh-20190521-D1/mm10/Ccl20-_T/peak_annotate/narrowpeak/AB3831-L1_OVERLAPPED_AB3832-L1_OVERLAPPED_AB3833-L1_OVERLAPPED_AB3834-L1/AB3831-L1_OVERLAPPED_AB3832-L1_OVERLAPPED_AB3833-L1_OVERLAPPED_AB3834-L1.narrowPeak.bed
#
homer_annotate_file=/data/shamsaddinisha/jfarber-20160119-P1/spsingh-20190308-E1/spsingh-20190521-D1/mm10/Ccl20-_T/peak_annotate/narrowpeak/AB3831-L1_OVERLAPPED_AB3832-L1_OVERLAPPED_AB3833-L1_OVERLAPPED_AB3834-L1/annotate.txt
#
homer_annotate_statistics_file=/data/shamsaddinisha/jfarber-20160119-P1/spsingh-20190308-E1/spsingh-20190521-D1/mm10/Ccl20-_T/peak_annotate/narrowpeak/AB3831-L1_OVERLAPPED_AB3832-L1_OVERLAPPED_AB3833-L1_OVERLAPPED_AB3834-L1/annotate_statistics.txt
#
annotatePeaks.pl /data/shamsaddinisha/jfarber-20160119-P1/spsingh-20190308-E1/spsingh-20190521-D1/mm10/Ccl20-_T/peak_annotate/narrowpeak/AB3831-L1_OVERLAPPED_AB3832-L1_OVERLAPPED_AB3833-L1_OVERLAPPED_AB3834-L1/AB3831-L1_OVERLAPPED_AB3832-L1_OVERLAPPED_AB3833-L1_OVERLAPPED_AB3834-L1.narrowPeak.bed mm10 -bedGraph /data/shamsaddinisha/jfarber-20160119-P1/spsingh-20190308-E1/spsingh-20190521-D1/mm10/Ccl20-_T/peak_calling/narrowpeak/AB3831-L1_OVERLAPPED_AB3832-L1_OVERLAPPED_AB3833-L1_OVERLAPPED_AB3834-L1.narrowPeak.bdg -gsize 2150570000 -go /data/shamsaddinisha/jfarber-20160119-P1/spsingh-20190308-E1/spsingh-20190521-D1/mm10/Ccl20-_T/peak_annotate/narrowpeak/AB3831-L1_OVERLAPPED_AB3832-L1_OVERLAPPED_AB3833-L1_OVERLAPPED_AB3834-L1 -annStats /data/shamsaddinisha/jfarber-20160119-P1/spsingh-20190308-E1/spsingh-20190521-D1/mm10/Ccl20-_T/peak_annotate/narrowpeak/AB3831-L1_OVERLAPPED_AB3832-L1_OVERLAPPED_AB3833-L1_OVERLAPPED_AB3834-L1/annotate_statistics.txt -cpu 30 > /data/shamsaddinisha/jfarber-20160119-P1/spsingh-20190308-E1/spsingh-20190521-D1/mm10/Ccl20-_T/peak_annotate/narrowpeak/AB3831-L1_OVERLAPPED_AB3832-L1_OVERLAPPED_AB3833-L1_OVERLAPPED_AB3834-L1/annotate.txt
#
for file in /data/shamsaddinisha/jfarber-20160119-P1/spsingh-20190308-E1/spsingh-20190521-D1/mm10/Ccl20-_T/peak_annotate/narrowpeak/AB3831-L1_OVERLAPPED_AB3832-L1_OVERLAPPED_AB3833-L1_OVERLAPPED_AB3834-L1/*.txt
do
	name=$file
	name=AB3831-L1_OVERLAPPED_AB3832-L1_OVERLAPPED_AB3833-L1_OVERLAPPED_AB3834-L1.narrowPeak.homer_$name
	mv $file /data/shamsaddinisha/jfarber-20160119-P1/spsingh-20190308-E1/spsingh-20190521-D1/mm10/Ccl20-_T/peak_annotate/narrowpeak/AB3831-L1_OVERLAPPED_AB3832-L1_OVERLAPPED_AB3833-L1_OVERLAPPED_AB3834-L1/$name
done
#
EXECUTING....
#

	Peak file = /data/shamsaddinisha/jfarber-20160119-P1/spsingh-20190308-E1/spsingh-20190521-D1/mm10/Ccl20-_T/peak_annotate/narrowpeak/AB3831-L1_OVERLAPPED_AB3832-L1_OVERLAPPED_AB3833-L1_OVERLAPPED_AB3834-L1/AB3831-L1_OVERLAPPED_AB3832-L1_OVERLAPPED_AB3833-L1_OVERLAPPED_AB3834-L1.narrowPeak.bed
	Genome = mm10
	Organism = mouse
	bedGraph Files:
		/data/shamsaddinisha/jfarber-20160119-P1/spsingh-20190308-E1/spsingh-20190521-D1/mm10/Ccl20-_T/peak_calling/narrowpeak/AB3831-L1_OVERLAPPED_AB3832-L1_OVERLAPPED_AB3833-L1_OVERLAPPED_AB3834-L1.narrowPeak.bdg
	Effective Genome size set to 2150570000
	Will perform Gene Ontology analysis - output to directory = /data/shamsaddinisha/jfarber-20160119-P1/spsingh-20190308-E1/spsingh-20190521-D1/mm10/Ccl20-_T/peak_annotate/narrowpeak/AB3831-L1_OVERLAPPED_AB3832-L1_OVERLAPPED_AB3833-L1_OVERLAPPED_AB3834-L1
	Will use up to 30 CPUs in parts that can use them
	Peak/BED file conversion summary:
		BED/Header formatted lines: 228756
		peakfile formatted lines: 0
		Duplicated Peak IDs: 0

	Peak File Statistics:
		Total Peaks: 228756
		Redundant Peak IDs: 0
		Peaks lacking information: 0 (need at least 5 columns per peak)
		Peaks with misformatted coordinates: 0 (should be integer)
		Peaks with misformatted strand: 0 (should be either +/- or 0/1)

	Peak file looks good!

	Reading Positions...
	-----------------------
	Finding Closest TSS...
	Annotating:.....................
		Annotation	Number of peaks	Total size (bp)	Log2 Enrichment
		3UTR	1871.0	19834990	0.166
		miRNA	10.0	24854	2.259
		ncRNA	704.0	2936051	1.512
		TTS	3232.0	26405695	0.542
		pseudo	44.0	502464	0.059
		Exon	6696.0	33478124	1.251
		Intron	91472.0	933720660	0.221
		Intergenic	92502.0	1673583365	-0.605
		Promoter	27606.0	28680226	3.518
		5UTR	4587.0	2124691	4.683
		snoRNA	0.0	19	-17.803
		rRNA	2.0	5631	2.079
	NOTE: If this part takes more than 2 minutes, there is a good chance
		your machine ran out of memory: consider hitting ctrl+C and rerunning
		the command with "-noann"
	Annotating:......................
		Annotation	Number of peaks	Total size (bp)	Log2 Enrichment
		3UTR	1871.0	19834990	0.167
		Other	411.0	7961937	-0.703
		RC?	0.0	10979	-17.803
		RNA	1.0	114021	-3.260
		miRNA	10.0	24854	2.260
		ncRNA	704.0	2936051	1.513
		TTS	3232.0	26405695	0.543
		LINE	6263.0	543766991	-2.867
		LINE?	0.0	8168	-17.803
		srpRNA	0.0	43388	-17.803
		SINE	8091.0	196807247	-1.031
		RC	6.0	65909	0.116
		tRNA	81.0	267060	1.852
		DNA?	26.0	142459	1.119
		pseudo	44.0	502464	0.060
		DNA	2455.0	28719782	0.025
		Exon	6696.0	33478124	1.251
		Intron	73364.0	593180973	0.558
		Intergenic	72892.0	835645217	0.054
		Promoter	27602.0	28680226	3.518
		5UTR	4585.0	2124691	4.683
		snoRNA	0.0	19	-17.803
		LTR?	32.0	193287	0.978
		scRNA	20.0	604045	-1.344
		CpG-Island	6775.0	3320125	4.602
		Low_complexity	467.0	19418537	-1.805
		LTR	12101.0	313292931	-1.121
		Simple_repeat	752.0	57597764	-2.686
		snRNA	41.0	237495	1.039
		Unknown	82.0	2416409	-1.308
		SINE?	12.0	29758	2.263
		Satellite	83.0	4537622	-2.200
		rRNA	57.0	166665	2.025
	Performing Gene Ontology Analysis...
	Counting Tags in Peaks from each directory...
	Organism: mouse
	Loading Gene Informaiton...
	Outputing Annotation File...
	Done annotating peaks file

#
DONE!!!!
#
ELAPSED TIME: 96 seconds
----------------------------------------------------------------------------
[Sun May 26 00:16:30 2019]
Finished job 0.
1 of 1 steps (100%) done
