Building DAG of jobs...
Using shell: /usr/bin/bash
Provided cores: 30
Rules claiming more threads will be scaled down.
Unlimited resources: mem_mb
Job counts:
	count	jobs
	1	Homer_BroadPeak_Annotate
	1

[Sat May 25 23:29:06 2019]
Job 0: Homer_BroadPeak_Annotate: Ccl20+_T|AB3837-L1

[+] Loading macs  2.1.2 
[-] Unloading samtools 1.9  ... 
[+] Loading samtools 1.9  ... 
[+] Loading bedtools  2.27.1 
[+] Loading deeptools  3.1.3 
[+] Loading ucsc 373 on cn3438 
[+] Loading gcc  7.3.0  ... 
[+] Loading GSL 2.4 for GCC 7.2.0 ... 
[-] Unloading gcc  7.3.0  ... 
[+] Loading gcc  7.3.0  ... 
[+] Loading openmpi 3.0.2  for GCC 7.3.0 
[+] Loading ImageMagick  7.0.8  on cn3438 
[+] Loading HDF5  1.10.4 
[+] Loading pandoc  2.1.1  on cn3438 
[+] Loading R 3.5.2 
[-] Unloading samtools 1.9  ... 
[+] Loading samtools 1.9  ... 
[+] Loading homer  4.10.1 
###################################- COMMANDLINE -############################
module load macs/2.1.2 || exit 1
module load samtools/1.9 || exit 1
module load bedtools/2.27.1 || exit 1
module load deeptools/3.1.3 || exit 1
module load ucsc/373 || exit 1
module load homer/4.10.1 || exit 1
#
Description:
Peak Annotate Broad
#
INPUT1: /data/shamsaddinisha/jfarber-20160119-P1/spsingh-20190308-E1/spsingh-20190521-D1/mm10/Ccl20+_T/peak_calling/broadpeak/AB3837-L1.broadPeak.gz
INPUT2: /data/shamsaddinisha/jfarber-20160119-P1/spsingh-20190308-E1/spsingh-20190521-D1/mm10/Ccl20+_T/peak_calling/broadpeak/AB3837-L1.broadPeak.bdg
#
OUTPUT1: /data/shamsaddinisha/jfarber-20160119-P1/spsingh-20190308-E1/spsingh-20190521-D1/mm10/Ccl20+_T/peak_annotate/broadpeak/AB3837-L1/AB3837-L1.broadPeak.homer_annotate.txt
++++++++++++++++++++++++++++++++++++++++++++++++++++++++++++++++++++++++++++++
gunzip < /data/shamsaddinisha/jfarber-20160119-P1/spsingh-20190308-E1/spsingh-20190521-D1/mm10/Ccl20+_T/peak_calling/broadpeak/AB3837-L1.broadPeak.gz > /data/shamsaddinisha/jfarber-20160119-P1/spsingh-20190308-E1/spsingh-20190521-D1/mm10/Ccl20+_T/peak_annotate/broadpeak/AB3837-L1/AB3837-L1.broadPeak.bed
#
homer_annotate_file=/data/shamsaddinisha/jfarber-20160119-P1/spsingh-20190308-E1/spsingh-20190521-D1/mm10/Ccl20+_T/peak_annotate/broadpeak/AB3837-L1/annotate.txt
#
homer_annotate_statistics_file=/data/shamsaddinisha/jfarber-20160119-P1/spsingh-20190308-E1/spsingh-20190521-D1/mm10/Ccl20+_T/peak_annotate/broadpeak/AB3837-L1/annotate_statistics.txt
#
annotatePeaks.pl /data/shamsaddinisha/jfarber-20160119-P1/spsingh-20190308-E1/spsingh-20190521-D1/mm10/Ccl20+_T/peak_annotate/broadpeak/AB3837-L1/AB3837-L1.broadPeak.bed mm10 -bedGraph /data/shamsaddinisha/jfarber-20160119-P1/spsingh-20190308-E1/spsingh-20190521-D1/mm10/Ccl20+_T/peak_calling/broadpeak/AB3837-L1.broadPeak.bdg -gsize 2150570000 -go /data/shamsaddinisha/jfarber-20160119-P1/spsingh-20190308-E1/spsingh-20190521-D1/mm10/Ccl20+_T/peak_annotate/broadpeak/AB3837-L1 -annStats /data/shamsaddinisha/jfarber-20160119-P1/spsingh-20190308-E1/spsingh-20190521-D1/mm10/Ccl20+_T/peak_annotate/broadpeak/AB3837-L1/annotate_statistics.txt -cpu 30 > /data/shamsaddinisha/jfarber-20160119-P1/spsingh-20190308-E1/spsingh-20190521-D1/mm10/Ccl20+_T/peak_annotate/broadpeak/AB3837-L1/annotate.txt
#
for file in /data/shamsaddinisha/jfarber-20160119-P1/spsingh-20190308-E1/spsingh-20190521-D1/mm10/Ccl20+_T/peak_annotate/broadpeak/AB3837-L1/*.txt
do
	name=$file
	name=AB3837-L1.broadPeak.homer_$name
	mv $file /data/shamsaddinisha/jfarber-20160119-P1/spsingh-20190308-E1/spsingh-20190521-D1/mm10/Ccl20+_T/peak_annotate/broadpeak/AB3837-L1/$name
done
#
EXECUTING....
#

	Peak file = /data/shamsaddinisha/jfarber-20160119-P1/spsingh-20190308-E1/spsingh-20190521-D1/mm10/Ccl20+_T/peak_annotate/broadpeak/AB3837-L1/AB3837-L1.broadPeak.bed
	Genome = mm10
	Organism = mouse
	bedGraph Files:
		/data/shamsaddinisha/jfarber-20160119-P1/spsingh-20190308-E1/spsingh-20190521-D1/mm10/Ccl20+_T/peak_calling/broadpeak/AB3837-L1.broadPeak.bdg
	Effective Genome size set to 2150570000
	Will perform Gene Ontology analysis - output to directory = /data/shamsaddinisha/jfarber-20160119-P1/spsingh-20190308-E1/spsingh-20190521-D1/mm10/Ccl20+_T/peak_annotate/broadpeak/AB3837-L1
	Will use up to 30 CPUs in parts that can use them
	Peak/BED file conversion summary:
		BED/Header formatted lines: 96876
		peakfile formatted lines: 0
		Duplicated Peak IDs: 0

	Peak File Statistics:
		Total Peaks: 96876
		Redundant Peak IDs: 0
		Peaks lacking information: 0 (need at least 5 columns per peak)
		Peaks with misformatted coordinates: 0 (should be integer)
		Peaks with misformatted strand: 0 (should be either +/- or 0/1)

	Peak file looks good!

	Reading Positions...
	-----------------------
	Finding Closest TSS...
	Annotating:.....................
		Annotation	Number of peaks	Total size (bp)	Log2 Enrichment
		3UTR	865.0	19834990	0.293
		miRNA	2.0	24854	1.177
		ncRNA	270.0	2936051	1.369
		TTS	1457.0	26405695	0.632
		pseudo	15.0	502464	-0.254
		Exon	2593.0	33478124	1.122
		Intron	39807.0	933720660	0.260
		Intergenic	41162.0	1673583365	-0.533
		Promoter	9393.0	28680226	3.202
		5UTR	1308.0	2124691	4.112
		snoRNA	0.0	19	-16.564
		rRNA	1.0	5631	2.319
	NOTE: If this part takes more than 2 minutes, there is a good chance
		your machine ran out of memory: consider hitting ctrl+C and rerunning
		the command with "-noann"
	Annotating:......................
		Annotation	Number of peaks	Total size (bp)	Log2 Enrichment
		3UTR	865.0	19834990	0.293
		Other	256.0	7961937	-0.146
		RC?	0.0	10979	-16.564
		RNA	2.0	114021	-1.020
		miRNA	2.0	24854	1.177
		ncRNA	269.0	2936051	1.364
		TTS	1457.0	26405695	0.633
		LINE	3304.0	543766991	-2.550
		LINE?	0.0	8168	-16.564
		srpRNA	0.0	43388	-16.564
		SINE	4400.0	196807247	-0.670
		RC	2.0	65909	-0.230
		tRNA	18.0	267060	0.922
		DNA?	9.0	142459	0.828
		pseudo	15.0	502464	-0.253
		DNA	1041.0	28719782	0.027
		Exon	2593.0	33478124	1.122
		Intron	31393.0	593180973	0.573
		Intergenic	30854.0	835645217	0.053
		Promoter	9392.0	28680226	3.202
		5UTR	1307.0	2124691	4.112
		snoRNA	0.0	19	-16.564
		LTR?	17.0	193287	1.306
		scRNA	11.0	604045	-0.966
		CpG-Island	2116.0	3320125	4.163
		Low_complexity	194.0	19418537	-1.833
		LTR	6789.0	313292931	-0.716
		Simple_repeat	464.0	57597764	-2.143
		snRNA	14.0	237495	0.728
		Unknown	22.0	2416409	-1.967
		SINE?	0.0	29758	-16.564
		Satellite	46.0	4537622	-1.811
		rRNA	24.0	166665	2.017
	Performing Gene Ontology Analysis...
	Counting Tags in Peaks from each directory...
	Organism: mouse
	Loading Gene Informaiton...
	Outputing Annotation File...
	Done annotating peaks file

#
DONE!!!!
#
ELAPSED TIME: 150 seconds
----------------------------------------------------------------------------
[Sat May 25 23:31:42 2019]
Finished job 0.
1 of 1 steps (100%) done
