Building DAG of jobs...
Using shell: /usr/bin/bash
Provided cores: 30
Rules claiming more threads will be scaled down.
Unlimited resources: mem_mb
Job counts:
	count	jobs
	1	Homer_NarrowPeak_Annotate
	1

[Sat May 25 23:46:17 2019]
Job 0: Homer_NarrowPeak_Annotate: Ccl20-_T|AB3831-L1

[+] Loading macs  2.1.2 
[-] Unloading samtools 1.9  ... 
[+] Loading samtools 1.9  ... 
[+] Loading bedtools  2.27.1 
[+] Loading deeptools  3.1.3 
[+] Loading ucsc 373 on cn2122 
[+] Loading gcc  7.3.0  ... 
[+] Loading GSL 2.4 for GCC 7.2.0 ... 
[-] Unloading gcc  7.3.0  ... 
[+] Loading gcc  7.3.0  ... 
[+] Loading openmpi 3.0.2  for GCC 7.3.0 
[+] Loading ImageMagick  7.0.8  on cn2122 
[+] Loading HDF5  1.10.4 
[+] Loading pandoc  2.1.1  on cn2122 
[+] Loading R 3.5.2 
[-] Unloading samtools 1.9  ... 
[+] Loading samtools 1.9  ... 
[+] Loading homer  4.10.1 
###################################- COMMANDLINE -############################
module load macs/2.1.2 || exit 1
module load samtools/1.9 || exit 1
module load bedtools/2.27.1 || exit 1
module load deeptools/3.1.3 || exit 1
module load ucsc/373 || exit 1
module load homer/4.10.1 || exit 1
#
Description:
Peak Annotate Narrow
#
INPUT1: /data/shamsaddinisha/jfarber-20160119-P1/spsingh-20190308-E1/spsingh-20190521-D1/mm10/Ccl20-_T/peak_calling/narrowpeak/AB3831-L1.narrowPeak.gz
INPUT2: /data/shamsaddinisha/jfarber-20160119-P1/spsingh-20190308-E1/spsingh-20190521-D1/mm10/Ccl20-_T/peak_calling/narrowpeak/AB3831-L1.narrowPeak.bdg
#
OUTPUT1: /data/shamsaddinisha/jfarber-20160119-P1/spsingh-20190308-E1/spsingh-20190521-D1/mm10/Ccl20-_T/peak_annotate/narrowpeak/AB3831-L1/AB3831-L1.narrowPeak.homer_annotate.txt
++++++++++++++++++++++++++++++++++++++++++++++++++++++++++++++++++++++++++++++
gunzip < /data/shamsaddinisha/jfarber-20160119-P1/spsingh-20190308-E1/spsingh-20190521-D1/mm10/Ccl20-_T/peak_calling/narrowpeak/AB3831-L1.narrowPeak.gz > /data/shamsaddinisha/jfarber-20160119-P1/spsingh-20190308-E1/spsingh-20190521-D1/mm10/Ccl20-_T/peak_annotate/narrowpeak/AB3831-L1/AB3831-L1.narrowPeak.bed
#
homer_annotate_file=/data/shamsaddinisha/jfarber-20160119-P1/spsingh-20190308-E1/spsingh-20190521-D1/mm10/Ccl20-_T/peak_annotate/narrowpeak/AB3831-L1/annotate.txt
#
homer_annotate_statistics_file=/data/shamsaddinisha/jfarber-20160119-P1/spsingh-20190308-E1/spsingh-20190521-D1/mm10/Ccl20-_T/peak_annotate/narrowpeak/AB3831-L1/annotate_statistics.txt
#
annotatePeaks.pl /data/shamsaddinisha/jfarber-20160119-P1/spsingh-20190308-E1/spsingh-20190521-D1/mm10/Ccl20-_T/peak_annotate/narrowpeak/AB3831-L1/AB3831-L1.narrowPeak.bed mm10 -bedGraph /data/shamsaddinisha/jfarber-20160119-P1/spsingh-20190308-E1/spsingh-20190521-D1/mm10/Ccl20-_T/peak_calling/narrowpeak/AB3831-L1.narrowPeak.bdg -gsize 2150570000 -go /data/shamsaddinisha/jfarber-20160119-P1/spsingh-20190308-E1/spsingh-20190521-D1/mm10/Ccl20-_T/peak_annotate/narrowpeak/AB3831-L1 -annStats /data/shamsaddinisha/jfarber-20160119-P1/spsingh-20190308-E1/spsingh-20190521-D1/mm10/Ccl20-_T/peak_annotate/narrowpeak/AB3831-L1/annotate_statistics.txt -cpu 30 > /data/shamsaddinisha/jfarber-20160119-P1/spsingh-20190308-E1/spsingh-20190521-D1/mm10/Ccl20-_T/peak_annotate/narrowpeak/AB3831-L1/annotate.txt
#
for file in /data/shamsaddinisha/jfarber-20160119-P1/spsingh-20190308-E1/spsingh-20190521-D1/mm10/Ccl20-_T/peak_annotate/narrowpeak/AB3831-L1/*.txt
do
	name=$file
	name=AB3831-L1.narrowPeak.homer_$name
	mv $file /data/shamsaddinisha/jfarber-20160119-P1/spsingh-20190308-E1/spsingh-20190521-D1/mm10/Ccl20-_T/peak_annotate/narrowpeak/AB3831-L1/$name
done
#
EXECUTING....
#

	Peak file = /data/shamsaddinisha/jfarber-20160119-P1/spsingh-20190308-E1/spsingh-20190521-D1/mm10/Ccl20-_T/peak_annotate/narrowpeak/AB3831-L1/AB3831-L1.narrowPeak.bed
	Genome = mm10
	Organism = mouse
	bedGraph Files:
		/data/shamsaddinisha/jfarber-20160119-P1/spsingh-20190308-E1/spsingh-20190521-D1/mm10/Ccl20-_T/peak_calling/narrowpeak/AB3831-L1.narrowPeak.bdg
	Effective Genome size set to 2150570000
	Will perform Gene Ontology analysis - output to directory = /data/shamsaddinisha/jfarber-20160119-P1/spsingh-20190308-E1/spsingh-20190521-D1/mm10/Ccl20-_T/peak_annotate/narrowpeak/AB3831-L1
	Will use up to 30 CPUs in parts that can use them
	Peak/BED file conversion summary:
		BED/Header formatted lines: 153156
		peakfile formatted lines: 0
		Duplicated Peak IDs: 0

	Peak File Statistics:
		Total Peaks: 153156
		Redundant Peak IDs: 0
		Peaks lacking information: 0 (need at least 5 columns per peak)
		Peaks with misformatted coordinates: 0 (should be integer)
		Peaks with misformatted strand: 0 (should be either +/- or 0/1)

	Peak file looks good!

	Reading Positions...
	-----------------------
	Finding Closest TSS...
	Annotating:.....................
		Annotation	Number of peaks	Total size (bp)	Log2 Enrichment
		3UTR	1142.0	19834990	0.033
		miRNA	10.0	24854	2.838
		ncRNA	496.0	2936051	1.586
		TTS	2127.0	26405695	0.518
		pseudo	20.0	502464	-0.499
		Exon	4255.0	33478124	1.176
		Intron	58327.0	933720660	0.151
		Intergenic	59628.0	1673583365	-0.659
		Promoter	23957.0	28680226	3.892
		5UTR	3161.0	2124691	4.725
		snoRNA	0.0	19	-17.224
		rRNA	2.0	5631	2.658
	NOTE: If this part takes more than 2 minutes, there is a good chance
		your machine ran out of memory: consider hitting ctrl+C and rerunning
		the command with "-noann"
	Annotating:......................
		Annotation	Number of peaks	Total size (bp)	Log2 Enrichment
		3UTR	1142.0	19834990	0.033
		Other	230.0	7961937	-0.962
		RC?	0.0	10979	-17.225
		RNA	2.0	114021	-1.681
		miRNA	10.0	24854	2.838
		ncRNA	496.0	2936051	1.586
		TTS	2127.0	26405695	0.518
		LINE	3888.0	543766991	-2.976
		LINE?	0.0	8168	-17.225
		srpRNA	1.0	43388	-1.287
		SINE	4916.0	196807247	-1.171
		RC	3.0	65909	-0.306
		tRNA	51.0	267060	1.763
		DNA?	23.0	142459	1.521
		pseudo	20.0	502464	-0.499
		DNA	1527.0	28719782	-0.081
		Exon	4255.0	33478124	1.176
		Intron	46888.0	593180973	0.491
		Intergenic	47084.0	835645217	0.002
		Promoter	23956.0	28680226	3.892
		5UTR	3157.0	2124691	4.723
		snoRNA	0.0	19	-17.225
		LTR?	31.0	193287	1.511
		scRNA	17.0	604045	-0.999
		CpG-Island	5041.0	3320125	4.754
		Low_complexity	237.0	19418537	-2.205
		LTR	7433.0	313292931	-1.246
		Simple_repeat	430.0	57597764	-2.914
		snRNA	29.0	237495	1.118
		Unknown	43.0	2416409	-1.661
		SINE?	5.0	29758	1.579
		Satellite	66.0	4537622	-1.951
		rRNA	48.0	166665	2.356
	Performing Gene Ontology Analysis...
	Counting Tags in Peaks from each directory...
	Organism: mouse
	Loading Gene Informaiton...
	Outputing Annotation File...
	Done annotating peaks file

#
DONE!!!!
#
ELAPSED TIME: 173 seconds
----------------------------------------------------------------------------
[Sat May 25 23:49:18 2019]
Finished job 0.
1 of 1 steps (100%) done
