Building DAG of jobs...
Using shell: /usr/bin/bash
Provided cores: 30
Rules claiming more threads will be scaled down.
Unlimited resources: mem_mb
Job counts:
	count	jobs
	1	Homer_BroadPeak_Annotate
	1

[Sun May 26 00:35:01 2019]
Job 0: Homer_BroadPeak_Annotate: Ccl20-_UT|AB3823-L1_OVERLAPPED_AB3824-L1_OVERLAPPED_AB3825-L1_OVERLAPPED_AB3826-L1

[+] Loading macs  2.1.2 
[-] Unloading samtools 1.9  ... 
[+] Loading samtools 1.9  ... 
[+] Loading bedtools  2.27.1 
[+] Loading deeptools  3.1.3 
[+] Loading ucsc 373 on cn3129 
[+] Loading gcc  7.3.0  ... 
[+] Loading GSL 2.4 for GCC 7.2.0 ... 
[-] Unloading gcc  7.3.0  ... 
[+] Loading gcc  7.3.0  ... 
[+] Loading openmpi 3.0.2  for GCC 7.3.0 
[+] Loading ImageMagick  7.0.8  on cn3129 
[+] Loading HDF5  1.10.4 
[+] Loading pandoc  2.1.1  on cn3129 
[+] Loading R 3.5.2 
[-] Unloading samtools 1.9  ... 
[+] Loading samtools 1.9  ... 
[+] Loading homer  4.10.1 
###################################- COMMANDLINE -############################
module load macs/2.1.2 || exit 1
module load samtools/1.9 || exit 1
module load bedtools/2.27.1 || exit 1
module load deeptools/3.1.3 || exit 1
module load ucsc/373 || exit 1
module load homer/4.10.1 || exit 1
#
Description:
Peak Annotate Broad
#
INPUT1: /data/shamsaddinisha/jfarber-20160119-P1/spsingh-20190308-E1/spsingh-20190521-D1/mm10/Ccl20-_UT/peak_calling/broadpeak/AB3823-L1_OVERLAPPED_AB3824-L1_OVERLAPPED_AB3825-L1_OVERLAPPED_AB3826-L1.broadPeak.gz
INPUT2: /data/shamsaddinisha/jfarber-20160119-P1/spsingh-20190308-E1/spsingh-20190521-D1/mm10/Ccl20-_UT/peak_calling/broadpeak/AB3823-L1_OVERLAPPED_AB3824-L1_OVERLAPPED_AB3825-L1_OVERLAPPED_AB3826-L1.broadPeak.bdg
#
OUTPUT1: /data/shamsaddinisha/jfarber-20160119-P1/spsingh-20190308-E1/spsingh-20190521-D1/mm10/Ccl20-_UT/peak_annotate/broadpeak/AB3823-L1_OVERLAPPED_AB3824-L1_OVERLAPPED_AB3825-L1_OVERLAPPED_AB3826-L1/AB3823-L1_OVERLAPPED_AB3824-L1_OVERLAPPED_AB3825-L1_OVERLAPPED_AB3826-L1.broadPeak.homer_annotate.txt
++++++++++++++++++++++++++++++++++++++++++++++++++++++++++++++++++++++++++++++
gunzip < /data/shamsaddinisha/jfarber-20160119-P1/spsingh-20190308-E1/spsingh-20190521-D1/mm10/Ccl20-_UT/peak_calling/broadpeak/AB3823-L1_OVERLAPPED_AB3824-L1_OVERLAPPED_AB3825-L1_OVERLAPPED_AB3826-L1.broadPeak.gz > /data/shamsaddinisha/jfarber-20160119-P1/spsingh-20190308-E1/spsingh-20190521-D1/mm10/Ccl20-_UT/peak_annotate/broadpeak/AB3823-L1_OVERLAPPED_AB3824-L1_OVERLAPPED_AB3825-L1_OVERLAPPED_AB3826-L1/AB3823-L1_OVERLAPPED_AB3824-L1_OVERLAPPED_AB3825-L1_OVERLAPPED_AB3826-L1.broadPeak.bed
#
homer_annotate_file=/data/shamsaddinisha/jfarber-20160119-P1/spsingh-20190308-E1/spsingh-20190521-D1/mm10/Ccl20-_UT/peak_annotate/broadpeak/AB3823-L1_OVERLAPPED_AB3824-L1_OVERLAPPED_AB3825-L1_OVERLAPPED_AB3826-L1/annotate.txt
#
homer_annotate_statistics_file=/data/shamsaddinisha/jfarber-20160119-P1/spsingh-20190308-E1/spsingh-20190521-D1/mm10/Ccl20-_UT/peak_annotate/broadpeak/AB3823-L1_OVERLAPPED_AB3824-L1_OVERLAPPED_AB3825-L1_OVERLAPPED_AB3826-L1/annotate_statistics.txt
#
annotatePeaks.pl /data/shamsaddinisha/jfarber-20160119-P1/spsingh-20190308-E1/spsingh-20190521-D1/mm10/Ccl20-_UT/peak_annotate/broadpeak/AB3823-L1_OVERLAPPED_AB3824-L1_OVERLAPPED_AB3825-L1_OVERLAPPED_AB3826-L1/AB3823-L1_OVERLAPPED_AB3824-L1_OVERLAPPED_AB3825-L1_OVERLAPPED_AB3826-L1.broadPeak.bed mm10 -bedGraph /data/shamsaddinisha/jfarber-20160119-P1/spsingh-20190308-E1/spsingh-20190521-D1/mm10/Ccl20-_UT/peak_calling/broadpeak/AB3823-L1_OVERLAPPED_AB3824-L1_OVERLAPPED_AB3825-L1_OVERLAPPED_AB3826-L1.broadPeak.bdg -gsize 2150570000 -go /data/shamsaddinisha/jfarber-20160119-P1/spsingh-20190308-E1/spsingh-20190521-D1/mm10/Ccl20-_UT/peak_annotate/broadpeak/AB3823-L1_OVERLAPPED_AB3824-L1_OVERLAPPED_AB3825-L1_OVERLAPPED_AB3826-L1 -annStats /data/shamsaddinisha/jfarber-20160119-P1/spsingh-20190308-E1/spsingh-20190521-D1/mm10/Ccl20-_UT/peak_annotate/broadpeak/AB3823-L1_OVERLAPPED_AB3824-L1_OVERLAPPED_AB3825-L1_OVERLAPPED_AB3826-L1/annotate_statistics.txt -cpu 30 > /data/shamsaddinisha/jfarber-20160119-P1/spsingh-20190308-E1/spsingh-20190521-D1/mm10/Ccl20-_UT/peak_annotate/broadpeak/AB3823-L1_OVERLAPPED_AB3824-L1_OVERLAPPED_AB3825-L1_OVERLAPPED_AB3826-L1/annotate.txt
#
for file in /data/shamsaddinisha/jfarber-20160119-P1/spsingh-20190308-E1/spsingh-20190521-D1/mm10/Ccl20-_UT/peak_annotate/broadpeak/AB3823-L1_OVERLAPPED_AB3824-L1_OVERLAPPED_AB3825-L1_OVERLAPPED_AB3826-L1/*.txt
do
	name=$file
	name=AB3823-L1_OVERLAPPED_AB3824-L1_OVERLAPPED_AB3825-L1_OVERLAPPED_AB3826-L1.broadPeak.homer_$name
	mv $file /data/shamsaddinisha/jfarber-20160119-P1/spsingh-20190308-E1/spsingh-20190521-D1/mm10/Ccl20-_UT/peak_annotate/broadpeak/AB3823-L1_OVERLAPPED_AB3824-L1_OVERLAPPED_AB3825-L1_OVERLAPPED_AB3826-L1/$name
done
#
EXECUTING....
#

	Peak file = /data/shamsaddinisha/jfarber-20160119-P1/spsingh-20190308-E1/spsingh-20190521-D1/mm10/Ccl20-_UT/peak_annotate/broadpeak/AB3823-L1_OVERLAPPED_AB3824-L1_OVERLAPPED_AB3825-L1_OVERLAPPED_AB3826-L1/AB3823-L1_OVERLAPPED_AB3824-L1_OVERLAPPED_AB3825-L1_OVERLAPPED_AB3826-L1.broadPeak.bed
	Genome = mm10
	Organism = mouse
	bedGraph Files:
		/data/shamsaddinisha/jfarber-20160119-P1/spsingh-20190308-E1/spsingh-20190521-D1/mm10/Ccl20-_UT/peak_calling/broadpeak/AB3823-L1_OVERLAPPED_AB3824-L1_OVERLAPPED_AB3825-L1_OVERLAPPED_AB3826-L1.broadPeak.bdg
	Effective Genome size set to 2150570000
	Will perform Gene Ontology analysis - output to directory = /data/shamsaddinisha/jfarber-20160119-P1/spsingh-20190308-E1/spsingh-20190521-D1/mm10/Ccl20-_UT/peak_annotate/broadpeak/AB3823-L1_OVERLAPPED_AB3824-L1_OVERLAPPED_AB3825-L1_OVERLAPPED_AB3826-L1
	Will use up to 30 CPUs in parts that can use them
	Peak/BED file conversion summary:
		BED/Header formatted lines: 76518
		peakfile formatted lines: 0
		Duplicated Peak IDs: 0

	Peak File Statistics:
		Total Peaks: 76518
		Redundant Peak IDs: 0
		Peaks lacking information: 0 (need at least 5 columns per peak)
		Peaks with misformatted coordinates: 0 (should be integer)
		Peaks with misformatted strand: 0 (should be either +/- or 0/1)

	Peak file looks good!

	Reading Positions...
	-----------------------
	Finding Closest TSS...
	Annotating:.....................
		Annotation	Number of peaks	Total size (bp)	Log2 Enrichment
		3UTR	608.0	19834990	0.125
		miRNA	3.0	24854	2.102
		ncRNA	231.0	2936051	1.484
		TTS	1081.0	26405695	0.542
		pseudo	14.0	502464	-0.013
		Exon	2146.0	33478124	1.189
		Intron	30838.0	933720660	0.232
		Intergenic	31367.0	1673583365	-0.585
		Promoter	8968.0	28680226	3.475
		5UTR	1258.0	2124691	4.396
		snoRNA	0.0	19	-16.223
		rRNA	1.0	5631	2.659
	NOTE: If this part takes more than 2 minutes, there is a good chance
		your machine ran out of memory: consider hitting ctrl+C and rerunning
		the command with "-noann"
	Annotating:......................
		Annotation	Number of peaks	Total size (bp)	Log2 Enrichment
		3UTR	608.0	19834990	0.125
		Other	167.0	7961937	-0.422
		RC?	0.0	10979	-16.224
		RNA	0.0	114021	-16.224
		miRNA	3.0	24854	2.103
		ncRNA	231.0	2936051	1.485
		TTS	1081.0	26405695	0.543
		LINE	2109.0	543766991	-2.857
		LINE?	0.0	8168	-16.224
		srpRNA	2.0	43388	0.714
		SINE	2789.0	196807247	-0.988
		RC	1.0	65909	-0.889
		tRNA	10.0	267060	0.414
		DNA?	8.0	142459	0.999
		pseudo	14.0	502464	-0.013
		DNA	801.0	28719782	-0.011
		Exon	2145.0	33478124	1.189
		Intron	24866.0	593180973	0.577
		Intergenic	24954.0	835645217	0.087
		Promoter	8967.0	28680226	3.476
		5UTR	1257.0	2124691	4.396
		snoRNA	0.0	19	-16.224
		LTR?	12.0	193287	1.143
		scRNA	5.0	604045	-1.764
		CpG-Island	2064.0	3320125	4.467
		Low_complexity	152.0	19418537	-1.844
		LTR	3849.0	313292931	-1.194
		Simple_repeat	341.0	57597764	-2.247
		snRNA	6.0	237495	-0.154
		Unknown	15.0	2416409	-2.179
		SINE?	0.0	29758	-16.224
		Satellite	41.0	4537622	-1.637
		rRNA	20.0	166665	2.094
	Performing Gene Ontology Analysis...
	Counting Tags in Peaks from each directory...
	Organism: mouse
	Loading Gene Informaiton...
	Outputing Annotation File...
	Done annotating peaks file

#
DONE!!!!
#
ELAPSED TIME: 82 seconds
----------------------------------------------------------------------------
[Sun May 26 00:36:40 2019]
Finished job 0.
1 of 1 steps (100%) done
