Building DAG of jobs...
Using shell: /usr/bin/bash
Provided cores: 30
Rules claiming more threads will be scaled down.
Unlimited resources: mem_mb
Job counts:
	count	jobs
	1	Homer_NarrowPeak_Annotate
	1

[Sun May 26 00:21:26 2019]
Job 0: Homer_NarrowPeak_Annotate: Ccl20+_T|AB3835-L1_IDR_AB3836-L1_IDR_AB3837-L1_IDR_AB3838-L1

[+] Loading macs  2.1.2 
[-] Unloading samtools 1.9  ... 
[+] Loading samtools 1.9  ... 
[+] Loading bedtools  2.27.1 
[+] Loading deeptools  3.1.3 
[+] Loading ucsc 373 on cn3422 
[+] Loading gcc  7.3.0  ... 
[+] Loading GSL 2.4 for GCC 7.2.0 ... 
[-] Unloading gcc  7.3.0  ... 
[+] Loading gcc  7.3.0  ... 
[+] Loading openmpi 3.0.2  for GCC 7.3.0 
[+] Loading ImageMagick  7.0.8  on cn3422 
[+] Loading HDF5  1.10.4 
[+] Loading pandoc  2.1.1  on cn3422 
[+] Loading R 3.5.2 
[-] Unloading samtools 1.9  ... 
[+] Loading samtools 1.9  ... 
[+] Loading homer  4.10.1 
###################################- COMMANDLINE -############################
module load macs/2.1.2 || exit 1
module load samtools/1.9 || exit 1
module load bedtools/2.27.1 || exit 1
module load deeptools/3.1.3 || exit 1
module load ucsc/373 || exit 1
module load homer/4.10.1 || exit 1
#
Description:
Peak Annotate Narrow
#
INPUT1: /data/shamsaddinisha/jfarber-20160119-P1/spsingh-20190308-E1/spsingh-20190521-D1/mm10/Ccl20+_T/peak_calling/narrowpeak/AB3835-L1_IDR_AB3836-L1_IDR_AB3837-L1_IDR_AB3838-L1.narrowPeak.gz
INPUT2: /data/shamsaddinisha/jfarber-20160119-P1/spsingh-20190308-E1/spsingh-20190521-D1/mm10/Ccl20+_T/peak_calling/narrowpeak/AB3835-L1_IDR_AB3836-L1_IDR_AB3837-L1_IDR_AB3838-L1.narrowPeak.bdg
#
OUTPUT1: /data/shamsaddinisha/jfarber-20160119-P1/spsingh-20190308-E1/spsingh-20190521-D1/mm10/Ccl20+_T/peak_annotate/narrowpeak/AB3835-L1_IDR_AB3836-L1_IDR_AB3837-L1_IDR_AB3838-L1/AB3835-L1_IDR_AB3836-L1_IDR_AB3837-L1_IDR_AB3838-L1.narrowPeak.homer_annotate.txt
++++++++++++++++++++++++++++++++++++++++++++++++++++++++++++++++++++++++++++++
gunzip < /data/shamsaddinisha/jfarber-20160119-P1/spsingh-20190308-E1/spsingh-20190521-D1/mm10/Ccl20+_T/peak_calling/narrowpeak/AB3835-L1_IDR_AB3836-L1_IDR_AB3837-L1_IDR_AB3838-L1.narrowPeak.gz > /data/shamsaddinisha/jfarber-20160119-P1/spsingh-20190308-E1/spsingh-20190521-D1/mm10/Ccl20+_T/peak_annotate/narrowpeak/AB3835-L1_IDR_AB3836-L1_IDR_AB3837-L1_IDR_AB3838-L1/AB3835-L1_IDR_AB3836-L1_IDR_AB3837-L1_IDR_AB3838-L1.narrowPeak.bed
#
homer_annotate_file=/data/shamsaddinisha/jfarber-20160119-P1/spsingh-20190308-E1/spsingh-20190521-D1/mm10/Ccl20+_T/peak_annotate/narrowpeak/AB3835-L1_IDR_AB3836-L1_IDR_AB3837-L1_IDR_AB3838-L1/annotate.txt
#
homer_annotate_statistics_file=/data/shamsaddinisha/jfarber-20160119-P1/spsingh-20190308-E1/spsingh-20190521-D1/mm10/Ccl20+_T/peak_annotate/narrowpeak/AB3835-L1_IDR_AB3836-L1_IDR_AB3837-L1_IDR_AB3838-L1/annotate_statistics.txt
#
annotatePeaks.pl /data/shamsaddinisha/jfarber-20160119-P1/spsingh-20190308-E1/spsingh-20190521-D1/mm10/Ccl20+_T/peak_annotate/narrowpeak/AB3835-L1_IDR_AB3836-L1_IDR_AB3837-L1_IDR_AB3838-L1/AB3835-L1_IDR_AB3836-L1_IDR_AB3837-L1_IDR_AB3838-L1.narrowPeak.bed mm10 -bedGraph /data/shamsaddinisha/jfarber-20160119-P1/spsingh-20190308-E1/spsingh-20190521-D1/mm10/Ccl20+_T/peak_calling/narrowpeak/AB3835-L1_IDR_AB3836-L1_IDR_AB3837-L1_IDR_AB3838-L1.narrowPeak.bdg -gsize 2150570000 -go /data/shamsaddinisha/jfarber-20160119-P1/spsingh-20190308-E1/spsingh-20190521-D1/mm10/Ccl20+_T/peak_annotate/narrowpeak/AB3835-L1_IDR_AB3836-L1_IDR_AB3837-L1_IDR_AB3838-L1 -annStats /data/shamsaddinisha/jfarber-20160119-P1/spsingh-20190308-E1/spsingh-20190521-D1/mm10/Ccl20+_T/peak_annotate/narrowpeak/AB3835-L1_IDR_AB3836-L1_IDR_AB3837-L1_IDR_AB3838-L1/annotate_statistics.txt -cpu 30 > /data/shamsaddinisha/jfarber-20160119-P1/spsingh-20190308-E1/spsingh-20190521-D1/mm10/Ccl20+_T/peak_annotate/narrowpeak/AB3835-L1_IDR_AB3836-L1_IDR_AB3837-L1_IDR_AB3838-L1/annotate.txt
#
for file in /data/shamsaddinisha/jfarber-20160119-P1/spsingh-20190308-E1/spsingh-20190521-D1/mm10/Ccl20+_T/peak_annotate/narrowpeak/AB3835-L1_IDR_AB3836-L1_IDR_AB3837-L1_IDR_AB3838-L1/*.txt
do
	name=$file
	name=AB3835-L1_IDR_AB3836-L1_IDR_AB3837-L1_IDR_AB3838-L1.narrowPeak.homer_$name
	mv $file /data/shamsaddinisha/jfarber-20160119-P1/spsingh-20190308-E1/spsingh-20190521-D1/mm10/Ccl20+_T/peak_annotate/narrowpeak/AB3835-L1_IDR_AB3836-L1_IDR_AB3837-L1_IDR_AB3838-L1/$name
done
#
EXECUTING....
#

	Peak file = /data/shamsaddinisha/jfarber-20160119-P1/spsingh-20190308-E1/spsingh-20190521-D1/mm10/Ccl20+_T/peak_annotate/narrowpeak/AB3835-L1_IDR_AB3836-L1_IDR_AB3837-L1_IDR_AB3838-L1/AB3835-L1_IDR_AB3836-L1_IDR_AB3837-L1_IDR_AB3838-L1.narrowPeak.bed
	Genome = mm10
	Organism = mouse
	bedGraph Files:
		/data/shamsaddinisha/jfarber-20160119-P1/spsingh-20190308-E1/spsingh-20190521-D1/mm10/Ccl20+_T/peak_calling/narrowpeak/AB3835-L1_IDR_AB3836-L1_IDR_AB3837-L1_IDR_AB3838-L1.narrowPeak.bdg
	Effective Genome size set to 2150570000
	Will perform Gene Ontology analysis - output to directory = /data/shamsaddinisha/jfarber-20160119-P1/spsingh-20190308-E1/spsingh-20190521-D1/mm10/Ccl20+_T/peak_annotate/narrowpeak/AB3835-L1_IDR_AB3836-L1_IDR_AB3837-L1_IDR_AB3838-L1
	Will use up to 30 CPUs in parts that can use them
	Peak/BED file conversion summary:
		BED/Header formatted lines: 183600
		peakfile formatted lines: 0
		Duplicated Peak IDs: 0

	Peak File Statistics:
		Total Peaks: 183600
		Redundant Peak IDs: 0
		Peaks lacking information: 0 (need at least 5 columns per peak)
		Peaks with misformatted coordinates: 0 (should be integer)
		Peaks with misformatted strand: 0 (should be either +/- or 0/1)

	Peak file looks good!

	Reading Positions...
	-----------------------
	Finding Closest TSS...
	Annotating:.....................
		Annotation	Number of peaks	Total size (bp)	Log2 Enrichment
		3UTR	1411.0	19834990	0.077
		miRNA	7.0	24854	2.062
		ncRNA	634.0	2936051	1.679
		TTS	2777.0	26405695	0.641
		pseudo	36.0	502464	0.087
		Exon	6501.0	33478124	1.525
		Intron	69877.0	933720660	0.150
		Intergenic	70145.0	1673583365	-0.687
		Promoter	27741.0	28680226	3.842
		5UTR	4441.0	2124691	4.954
		snoRNA	0.0	19	-17.486
		rRNA	1.0	5631	1.396
	NOTE: If this part takes more than 2 minutes, there is a good chance
		your machine ran out of memory: consider hitting ctrl+C and rerunning
		the command with "-noann"
	Annotating:......................
		Annotation	Number of peaks	Total size (bp)	Log2 Enrichment
		3UTR	1411.0	19834990	0.077
		Other	406.0	7961937	-0.403
		RC?	0.0	10979	-17.486
		RNA	1.0	114021	-2.943
		miRNA	7.0	24854	2.062
		ncRNA	634.0	2936051	1.679
		TTS	2777.0	26405695	0.641
		LINE	5283.0	543766991	-2.795
		LINE?	0.0	8168	-17.486
		srpRNA	0.0	43388	-17.486
		SINE	7066.0	196807247	-0.909
		RC	3.0	65909	-0.567
		tRNA	66.0	267060	1.874
		DNA?	9.0	142459	-0.094
		pseudo	36.0	502464	0.087
		DNA	1768.0	28719782	-0.132
		Exon	6501.0	33478124	1.526
		Intron	53619.0	593180973	0.423
		Intergenic	52975.0	835645217	-0.089
		Promoter	27735.0	28680226	3.842
		5UTR	4439.0	2124691	4.953
		snoRNA	0.0	19	-17.486
		LTR?	20.0	193287	0.618
		scRNA	20.0	604045	-1.026
		CpG-Island	6936.0	3320125	4.953
		Low_complexity	372.0	19418537	-1.816
		LTR	10635.0	313292931	-0.990
		Simple_repeat	720.0	57597764	-2.432
		snRNA	28.0	237495	0.806
		Unknown	24.0	2416409	-2.763
		SINE?	2.0	29758	-0.005
		Satellite	69.0	4537622	-2.149
		rRNA	38.0	166665	1.757
	Performing Gene Ontology Analysis...
	Counting Tags in Peaks from each directory...
	Organism: mouse
	Loading Gene Informaiton...
	Outputing Annotation File...
	Done annotating peaks file

#
DONE!!!!
#
ELAPSED TIME: 98 seconds
----------------------------------------------------------------------------
[Sun May 26 00:23:14 2019]
Finished job 0.
1 of 1 steps (100%) done
