Building DAG of jobs...
Using shell: /usr/bin/bash
Provided cores: 30
Rules claiming more threads will be scaled down.
Unlimited resources: mem_mb
Job counts:
	count	jobs
	1	Homer_BroadPeak_Annotate
	1

[Sun May 26 00:21:26 2019]
Job 0: Homer_BroadPeak_Annotate: Ccl20+_T|AB3835-L1_OVERLAPPED_AB3836-L1_OVERLAPPED_AB3837-L1_OVERLAPPED_AB3838-L1

[+] Loading macs  2.1.2 
[-] Unloading samtools 1.9  ... 
[+] Loading samtools 1.9  ... 
[+] Loading bedtools  2.27.1 
[+] Loading deeptools  3.1.3 
[+] Loading ucsc 373 on cn3233 
[+] Loading gcc  7.3.0  ... 
[+] Loading GSL 2.4 for GCC 7.2.0 ... 
[-] Unloading gcc  7.3.0  ... 
[+] Loading gcc  7.3.0  ... 
[+] Loading openmpi 3.0.2  for GCC 7.3.0 
[+] Loading ImageMagick  7.0.8  on cn3233 
[+] Loading HDF5  1.10.4 
[+] Loading pandoc  2.1.1  on cn3233 
[+] Loading R 3.5.2 
[-] Unloading samtools 1.9  ... 
[+] Loading samtools 1.9  ... 
[+] Loading homer  4.10.1 
###################################- COMMANDLINE -############################
module load macs/2.1.2 || exit 1
module load samtools/1.9 || exit 1
module load bedtools/2.27.1 || exit 1
module load deeptools/3.1.3 || exit 1
module load ucsc/373 || exit 1
module load homer/4.10.1 || exit 1
#
Description:
Peak Annotate Broad
#
INPUT1: /data/shamsaddinisha/jfarber-20160119-P1/spsingh-20190308-E1/spsingh-20190521-D1/mm10/Ccl20+_T/peak_calling/broadpeak/AB3835-L1_OVERLAPPED_AB3836-L1_OVERLAPPED_AB3837-L1_OVERLAPPED_AB3838-L1.broadPeak.gz
INPUT2: /data/shamsaddinisha/jfarber-20160119-P1/spsingh-20190308-E1/spsingh-20190521-D1/mm10/Ccl20+_T/peak_calling/broadpeak/AB3835-L1_OVERLAPPED_AB3836-L1_OVERLAPPED_AB3837-L1_OVERLAPPED_AB3838-L1.broadPeak.bdg
#
OUTPUT1: /data/shamsaddinisha/jfarber-20160119-P1/spsingh-20190308-E1/spsingh-20190521-D1/mm10/Ccl20+_T/peak_annotate/broadpeak/AB3835-L1_OVERLAPPED_AB3836-L1_OVERLAPPED_AB3837-L1_OVERLAPPED_AB3838-L1/AB3835-L1_OVERLAPPED_AB3836-L1_OVERLAPPED_AB3837-L1_OVERLAPPED_AB3838-L1.broadPeak.homer_annotate.txt
++++++++++++++++++++++++++++++++++++++++++++++++++++++++++++++++++++++++++++++
gunzip < /data/shamsaddinisha/jfarber-20160119-P1/spsingh-20190308-E1/spsingh-20190521-D1/mm10/Ccl20+_T/peak_calling/broadpeak/AB3835-L1_OVERLAPPED_AB3836-L1_OVERLAPPED_AB3837-L1_OVERLAPPED_AB3838-L1.broadPeak.gz > /data/shamsaddinisha/jfarber-20160119-P1/spsingh-20190308-E1/spsingh-20190521-D1/mm10/Ccl20+_T/peak_annotate/broadpeak/AB3835-L1_OVERLAPPED_AB3836-L1_OVERLAPPED_AB3837-L1_OVERLAPPED_AB3838-L1/AB3835-L1_OVERLAPPED_AB3836-L1_OVERLAPPED_AB3837-L1_OVERLAPPED_AB3838-L1.broadPeak.bed
#
homer_annotate_file=/data/shamsaddinisha/jfarber-20160119-P1/spsingh-20190308-E1/spsingh-20190521-D1/mm10/Ccl20+_T/peak_annotate/broadpeak/AB3835-L1_OVERLAPPED_AB3836-L1_OVERLAPPED_AB3837-L1_OVERLAPPED_AB3838-L1/annotate.txt
#
homer_annotate_statistics_file=/data/shamsaddinisha/jfarber-20160119-P1/spsingh-20190308-E1/spsingh-20190521-D1/mm10/Ccl20+_T/peak_annotate/broadpeak/AB3835-L1_OVERLAPPED_AB3836-L1_OVERLAPPED_AB3837-L1_OVERLAPPED_AB3838-L1/annotate_statistics.txt
#
annotatePeaks.pl /data/shamsaddinisha/jfarber-20160119-P1/spsingh-20190308-E1/spsingh-20190521-D1/mm10/Ccl20+_T/peak_annotate/broadpeak/AB3835-L1_OVERLAPPED_AB3836-L1_OVERLAPPED_AB3837-L1_OVERLAPPED_AB3838-L1/AB3835-L1_OVERLAPPED_AB3836-L1_OVERLAPPED_AB3837-L1_OVERLAPPED_AB3838-L1.broadPeak.bed mm10 -bedGraph /data/shamsaddinisha/jfarber-20160119-P1/spsingh-20190308-E1/spsingh-20190521-D1/mm10/Ccl20+_T/peak_calling/broadpeak/AB3835-L1_OVERLAPPED_AB3836-L1_OVERLAPPED_AB3837-L1_OVERLAPPED_AB3838-L1.broadPeak.bdg -gsize 2150570000 -go /data/shamsaddinisha/jfarber-20160119-P1/spsingh-20190308-E1/spsingh-20190521-D1/mm10/Ccl20+_T/peak_annotate/broadpeak/AB3835-L1_OVERLAPPED_AB3836-L1_OVERLAPPED_AB3837-L1_OVERLAPPED_AB3838-L1 -annStats /data/shamsaddinisha/jfarber-20160119-P1/spsingh-20190308-E1/spsingh-20190521-D1/mm10/Ccl20+_T/peak_annotate/broadpeak/AB3835-L1_OVERLAPPED_AB3836-L1_OVERLAPPED_AB3837-L1_OVERLAPPED_AB3838-L1/annotate_statistics.txt -cpu 30 > /data/shamsaddinisha/jfarber-20160119-P1/spsingh-20190308-E1/spsingh-20190521-D1/mm10/Ccl20+_T/peak_annotate/broadpeak/AB3835-L1_OVERLAPPED_AB3836-L1_OVERLAPPED_AB3837-L1_OVERLAPPED_AB3838-L1/annotate.txt
#
for file in /data/shamsaddinisha/jfarber-20160119-P1/spsingh-20190308-E1/spsingh-20190521-D1/mm10/Ccl20+_T/peak_annotate/broadpeak/AB3835-L1_OVERLAPPED_AB3836-L1_OVERLAPPED_AB3837-L1_OVERLAPPED_AB3838-L1/*.txt
do
	name=$file
	name=AB3835-L1_OVERLAPPED_AB3836-L1_OVERLAPPED_AB3837-L1_OVERLAPPED_AB3838-L1.broadPeak.homer_$name
	mv $file /data/shamsaddinisha/jfarber-20160119-P1/spsingh-20190308-E1/spsingh-20190521-D1/mm10/Ccl20+_T/peak_annotate/broadpeak/AB3835-L1_OVERLAPPED_AB3836-L1_OVERLAPPED_AB3837-L1_OVERLAPPED_AB3838-L1/$name
done
#
EXECUTING....
#

	Peak file = /data/shamsaddinisha/jfarber-20160119-P1/spsingh-20190308-E1/spsingh-20190521-D1/mm10/Ccl20+_T/peak_annotate/broadpeak/AB3835-L1_OVERLAPPED_AB3836-L1_OVERLAPPED_AB3837-L1_OVERLAPPED_AB3838-L1/AB3835-L1_OVERLAPPED_AB3836-L1_OVERLAPPED_AB3837-L1_OVERLAPPED_AB3838-L1.broadPeak.bed
	Genome = mm10
	Organism = mouse
	bedGraph Files:
		/data/shamsaddinisha/jfarber-20160119-P1/spsingh-20190308-E1/spsingh-20190521-D1/mm10/Ccl20+_T/peak_calling/broadpeak/AB3835-L1_OVERLAPPED_AB3836-L1_OVERLAPPED_AB3837-L1_OVERLAPPED_AB3838-L1.broadPeak.bdg
	Effective Genome size set to 2150570000
	Will perform Gene Ontology analysis - output to directory = /data/shamsaddinisha/jfarber-20160119-P1/spsingh-20190308-E1/spsingh-20190521-D1/mm10/Ccl20+_T/peak_annotate/broadpeak/AB3835-L1_OVERLAPPED_AB3836-L1_OVERLAPPED_AB3837-L1_OVERLAPPED_AB3838-L1
	Will use up to 30 CPUs in parts that can use them
	Peak/BED file conversion summary:
		BED/Header formatted lines: 111186
		peakfile formatted lines: 0
		Duplicated Peak IDs: 0

	Peak File Statistics:
		Total Peaks: 111186
		Redundant Peak IDs: 0
		Peaks lacking information: 0 (need at least 5 columns per peak)
		Peaks with misformatted coordinates: 0 (should be integer)
		Peaks with misformatted strand: 0 (should be either +/- or 0/1)

	Peak file looks good!

	Reading Positions...
	-----------------------
	Finding Closest TSS...
	Annotating:.....................
		Annotation	Number of peaks	Total size (bp)	Log2 Enrichment
		3UTR	1028.0	19834990	0.343
		miRNA	3.0	24854	1.563
		ncRNA	302.0	2936051	1.332
		TTS	1689.0	26405695	0.647
		pseudo	19.0	502464	-0.112
		Exon	2991.0	33478124	1.129
		Intron	46773.0	933720660	0.294
		Intergenic	47858.0	1673583365	-0.515
		Promoter	9185.0	28680226	2.971
		5UTR	1334.0	2124691	3.942
		snoRNA	0.0	19	-16.763
		rRNA	1.0	5631	2.120
	NOTE: If this part takes more than 2 minutes, there is a good chance
		your machine ran out of memory: consider hitting ctrl+C and rerunning
		the command with "-noann"
	Annotating:......................
		Annotation	Number of peaks	Total size (bp)	Log2 Enrichment
		3UTR	1028.0	19834990	0.344
		Other	336.0	7961937	0.047
		RC?	0.0	10979	-16.763
		RNA	1.0	114021	-2.219
		miRNA	3.0	24854	1.563
		ncRNA	301.0	2936051	1.328
		TTS	1689.0	26405695	0.647
		LINE	3991.0	543766991	-2.476
		LINE?	0.0	8168	-16.763
		srpRNA	1.0	43388	-0.825
		SINE	5594.0	196807247	-0.523
		RC	3.0	65909	0.156
		tRNA	23.0	267060	1.076
		DNA?	13.0	142459	1.160
		pseudo	19.0	502464	-0.111
		DNA	1251.0	28719782	0.093
		Exon	2991.0	33478124	1.129
		Intron	36449.0	593180973	0.589
		Intergenic	35531.0	835645217	0.058
		Promoter	9184.0	28680226	2.971
		5UTR	1333.0	2124691	3.941
		snoRNA	0.0	19	-16.763
		LTR?	16.0	193287	1.019
		scRNA	12.0	604045	-1.040
		CpG-Island	2287.0	3320125	4.076
		Low_complexity	234.0	19418537	-1.761
		LTR	8186.0	313292931	-0.644
		Simple_repeat	597.0	57597764	-1.978
		snRNA	12.0	237495	0.307
		Unknown	19.0	2416409	-2.377
		SINE?	2.0	29758	0.719
		Satellite	53.0	4537622	-1.806
		rRNA	27.0	166665	1.988
	Performing Gene Ontology Analysis...
	Counting Tags in Peaks from each directory...
	Organism: mouse
	Loading Gene Informaiton...
	Outputing Annotation File...
	Done annotating peaks file

#
DONE!!!!
#
ELAPSED TIME: 80 seconds
----------------------------------------------------------------------------
[Sun May 26 00:22:53 2019]
Finished job 0.
1 of 1 steps (100%) done
