Building DAG of jobs...
Using shell: /usr/bin/bash
Provided cores: 30
Rules claiming more threads will be scaled down.
Unlimited resources: mem_mb
Job counts:
	count	jobs
	1	Homer_BroadPeak_Annotate
	1

[Sun May 26 00:35:01 2019]
Job 0: Homer_BroadPeak_Annotate: Ccl20+_UT|AB3827-L1_IDR_AB3828-L1_IDR_AB3829-L1_IDR_AB3830-L1

[+] Loading macs  2.1.2 
[-] Unloading samtools 1.9  ... 
[+] Loading samtools 1.9  ... 
[+] Loading bedtools  2.27.1 
[+] Loading deeptools  3.1.3 
[+] Loading ucsc 373 on cn3422 
[+] Loading gcc  7.3.0  ... 
[+] Loading GSL 2.4 for GCC 7.2.0 ... 
[-] Unloading gcc  7.3.0  ... 
[+] Loading gcc  7.3.0  ... 
[+] Loading openmpi 3.0.2  for GCC 7.3.0 
[+] Loading ImageMagick  7.0.8  on cn3422 
[+] Loading HDF5  1.10.4 
[+] Loading pandoc  2.1.1  on cn3422 
[+] Loading R 3.5.2 
[-] Unloading samtools 1.9  ... 
[+] Loading samtools 1.9  ... 
[+] Loading homer  4.10.1 
###################################- COMMANDLINE -############################
module load macs/2.1.2 || exit 1
module load samtools/1.9 || exit 1
module load bedtools/2.27.1 || exit 1
module load deeptools/3.1.3 || exit 1
module load ucsc/373 || exit 1
module load homer/4.10.1 || exit 1
#
Description:
Peak Annotate Broad
#
INPUT1: /data/shamsaddinisha/jfarber-20160119-P1/spsingh-20190308-E1/spsingh-20190521-D1/mm10/Ccl20+_UT/peak_calling/broadpeak/AB3827-L1_IDR_AB3828-L1_IDR_AB3829-L1_IDR_AB3830-L1.broadPeak.gz
INPUT2: /data/shamsaddinisha/jfarber-20160119-P1/spsingh-20190308-E1/spsingh-20190521-D1/mm10/Ccl20+_UT/peak_calling/broadpeak/AB3827-L1_IDR_AB3828-L1_IDR_AB3829-L1_IDR_AB3830-L1.broadPeak.bdg
#
OUTPUT1: /data/shamsaddinisha/jfarber-20160119-P1/spsingh-20190308-E1/spsingh-20190521-D1/mm10/Ccl20+_UT/peak_annotate/broadpeak/AB3827-L1_IDR_AB3828-L1_IDR_AB3829-L1_IDR_AB3830-L1/AB3827-L1_IDR_AB3828-L1_IDR_AB3829-L1_IDR_AB3830-L1.broadPeak.homer_annotate.txt
++++++++++++++++++++++++++++++++++++++++++++++++++++++++++++++++++++++++++++++
gunzip < /data/shamsaddinisha/jfarber-20160119-P1/spsingh-20190308-E1/spsingh-20190521-D1/mm10/Ccl20+_UT/peak_calling/broadpeak/AB3827-L1_IDR_AB3828-L1_IDR_AB3829-L1_IDR_AB3830-L1.broadPeak.gz > /data/shamsaddinisha/jfarber-20160119-P1/spsingh-20190308-E1/spsingh-20190521-D1/mm10/Ccl20+_UT/peak_annotate/broadpeak/AB3827-L1_IDR_AB3828-L1_IDR_AB3829-L1_IDR_AB3830-L1/AB3827-L1_IDR_AB3828-L1_IDR_AB3829-L1_IDR_AB3830-L1.broadPeak.bed
#
homer_annotate_file=/data/shamsaddinisha/jfarber-20160119-P1/spsingh-20190308-E1/spsingh-20190521-D1/mm10/Ccl20+_UT/peak_annotate/broadpeak/AB3827-L1_IDR_AB3828-L1_IDR_AB3829-L1_IDR_AB3830-L1/annotate.txt
#
homer_annotate_statistics_file=/data/shamsaddinisha/jfarber-20160119-P1/spsingh-20190308-E1/spsingh-20190521-D1/mm10/Ccl20+_UT/peak_annotate/broadpeak/AB3827-L1_IDR_AB3828-L1_IDR_AB3829-L1_IDR_AB3830-L1/annotate_statistics.txt
#
annotatePeaks.pl /data/shamsaddinisha/jfarber-20160119-P1/spsingh-20190308-E1/spsingh-20190521-D1/mm10/Ccl20+_UT/peak_annotate/broadpeak/AB3827-L1_IDR_AB3828-L1_IDR_AB3829-L1_IDR_AB3830-L1/AB3827-L1_IDR_AB3828-L1_IDR_AB3829-L1_IDR_AB3830-L1.broadPeak.bed mm10 -bedGraph /data/shamsaddinisha/jfarber-20160119-P1/spsingh-20190308-E1/spsingh-20190521-D1/mm10/Ccl20+_UT/peak_calling/broadpeak/AB3827-L1_IDR_AB3828-L1_IDR_AB3829-L1_IDR_AB3830-L1.broadPeak.bdg -gsize 2150570000 -go /data/shamsaddinisha/jfarber-20160119-P1/spsingh-20190308-E1/spsingh-20190521-D1/mm10/Ccl20+_UT/peak_annotate/broadpeak/AB3827-L1_IDR_AB3828-L1_IDR_AB3829-L1_IDR_AB3830-L1 -annStats /data/shamsaddinisha/jfarber-20160119-P1/spsingh-20190308-E1/spsingh-20190521-D1/mm10/Ccl20+_UT/peak_annotate/broadpeak/AB3827-L1_IDR_AB3828-L1_IDR_AB3829-L1_IDR_AB3830-L1/annotate_statistics.txt -cpu 30 > /data/shamsaddinisha/jfarber-20160119-P1/spsingh-20190308-E1/spsingh-20190521-D1/mm10/Ccl20+_UT/peak_annotate/broadpeak/AB3827-L1_IDR_AB3828-L1_IDR_AB3829-L1_IDR_AB3830-L1/annotate.txt
#
for file in /data/shamsaddinisha/jfarber-20160119-P1/spsingh-20190308-E1/spsingh-20190521-D1/mm10/Ccl20+_UT/peak_annotate/broadpeak/AB3827-L1_IDR_AB3828-L1_IDR_AB3829-L1_IDR_AB3830-L1/*.txt
do
	name=$file
	name=AB3827-L1_IDR_AB3828-L1_IDR_AB3829-L1_IDR_AB3830-L1.broadPeak.homer_$name
	mv $file /data/shamsaddinisha/jfarber-20160119-P1/spsingh-20190308-E1/spsingh-20190521-D1/mm10/Ccl20+_UT/peak_annotate/broadpeak/AB3827-L1_IDR_AB3828-L1_IDR_AB3829-L1_IDR_AB3830-L1/$name
done
#
EXECUTING....
#

	Peak file = /data/shamsaddinisha/jfarber-20160119-P1/spsingh-20190308-E1/spsingh-20190521-D1/mm10/Ccl20+_UT/peak_annotate/broadpeak/AB3827-L1_IDR_AB3828-L1_IDR_AB3829-L1_IDR_AB3830-L1/AB3827-L1_IDR_AB3828-L1_IDR_AB3829-L1_IDR_AB3830-L1.broadPeak.bed
	Genome = mm10
	Organism = mouse
	bedGraph Files:
		/data/shamsaddinisha/jfarber-20160119-P1/spsingh-20190308-E1/spsingh-20190521-D1/mm10/Ccl20+_UT/peak_calling/broadpeak/AB3827-L1_IDR_AB3828-L1_IDR_AB3829-L1_IDR_AB3830-L1.broadPeak.bdg
	Effective Genome size set to 2150570000
	Will perform Gene Ontology analysis - output to directory = /data/shamsaddinisha/jfarber-20160119-P1/spsingh-20190308-E1/spsingh-20190521-D1/mm10/Ccl20+_UT/peak_annotate/broadpeak/AB3827-L1_IDR_AB3828-L1_IDR_AB3829-L1_IDR_AB3830-L1
	Will use up to 30 CPUs in parts that can use them
	Peak/BED file conversion summary:
		BED/Header formatted lines: 65819
		peakfile formatted lines: 0
		Duplicated Peak IDs: 0

	Peak File Statistics:
		Total Peaks: 65819
		Redundant Peak IDs: 0
		Peaks lacking information: 0 (need at least 5 columns per peak)
		Peaks with misformatted coordinates: 0 (should be integer)
		Peaks with misformatted strand: 0 (should be either +/- or 0/1)

	Peak file looks good!

	Reading Positions...
	-----------------------
	Finding Closest TSS...
	Annotating:.....................
		Annotation	Number of peaks	Total size (bp)	Log2 Enrichment
		3UTR	510.0	19834990	0.088
		miRNA	3.0	24854	2.319
		ncRNA	209.0	2936051	1.557
		TTS	945.0	26405695	0.565
		pseudo	15.0	502464	0.304
		Exon	1995.0	33478124	1.301
		Intron	25843.0	933720660	0.195
		Intergenic	26723.0	1673583365	-0.599
		Promoter	8342.0	28680226	3.588
		5UTR	1230.0	2124691	4.581
		snoRNA	0.0	19	-16.006
		rRNA	1.0	5631	2.876
	NOTE: If this part takes more than 2 minutes, there is a good chance
		your machine ran out of memory: consider hitting ctrl+C and rerunning
		the command with "-noann"
	Annotating:......................
		Annotation	Number of peaks	Total size (bp)	Log2 Enrichment
		3UTR	510.0	19834990	0.089
		Other	148.0	7961937	-0.379
		RC?	0.0	10979	-16.006
		RNA	2.0	114021	-0.463
		miRNA	3.0	24854	2.320
		ncRNA	208.0	2936051	1.551
		TTS	945.0	26405695	0.566
		LINE	1872.0	543766991	-2.812
		LINE?	0.0	8168	-16.006
		srpRNA	1.0	43388	-0.069
		SINE	2454.0	196807247	-0.955
		RC	0.0	65909	-16.006
		tRNA	15.0	267060	1.216
		DNA?	3.0	142459	-0.199
		pseudo	15.0	502464	0.304
		DNA	698.0	28719782	0.008
		Exon	1995.0	33478124	1.302
		Intron	20482.0	593180973	0.514
		Intergenic	20838.0	835645217	0.045
		Promoter	8341.0	28680226	3.589
		5UTR	1229.0	2124691	4.581
		snoRNA	0.0	19	-16.006
		LTR?	10.0	193287	1.098
		scRNA	9.0	604045	-0.698
		CpG-Island	1929.0	3320125	4.587
		Low_complexity	174.0	19418537	-1.432
		LTR	3504.0	313292931	-1.112
		Simple_repeat	361.0	57597764	-1.948
		snRNA	7.0	237495	0.286
		Unknown	12.0	2416409	-2.283
		SINE?	2.0	29758	1.475
		Satellite	30.0	4537622	-1.871
		rRNA	22.0	166665	2.449
	Performing Gene Ontology Analysis...
	Counting Tags in Peaks from each directory...
	Organism: mouse
	Loading Gene Informaiton...
	Outputing Annotation File...
	Done annotating peaks file

#
DONE!!!!
#
ELAPSED TIME: 85 seconds
----------------------------------------------------------------------------
[Sun May 26 00:36:43 2019]
Finished job 0.
1 of 1 steps (100%) done
