Building DAG of jobs...
Using shell: /usr/bin/bash
Provided cores: 30
Rules claiming more threads will be scaled down.
Unlimited resources: mem_mb
Job counts:
	count	jobs
	1	Homer_NarrowPeak_Annotate
	1

[Sat May 25 23:15:00 2019]
Job 0: Homer_NarrowPeak_Annotate: Ccl20-_T|AB3832-L1

[+] Loading macs  2.1.2 
[-] Unloading samtools 1.9  ... 
[+] Loading samtools 1.9  ... 
[+] Loading bedtools  2.27.1 
[+] Loading deeptools  3.1.3 
[+] Loading ucsc 373 on cn3622 
[+] Loading gcc  7.3.0  ... 
[+] Loading GSL 2.4 for GCC 7.2.0 ... 
[-] Unloading gcc  7.3.0  ... 
[+] Loading gcc  7.3.0  ... 
[+] Loading openmpi 3.0.2  for GCC 7.3.0 
[+] Loading ImageMagick  7.0.8  on cn3622 
[+] Loading HDF5  1.10.4 
[+] Loading pandoc  2.1.1  on cn3622 
[+] Loading R 3.5.2 
[-] Unloading samtools 1.9  ... 
[+] Loading samtools 1.9  ... 
[+] Loading homer  4.10.1 
###################################- COMMANDLINE -############################
module load macs/2.1.2 || exit 1
module load samtools/1.9 || exit 1
module load bedtools/2.27.1 || exit 1
module load deeptools/3.1.3 || exit 1
module load ucsc/373 || exit 1
module load homer/4.10.1 || exit 1
#
Description:
Peak Annotate Narrow
#
INPUT1: /data/shamsaddinisha/jfarber-20160119-P1/spsingh-20190308-E1/spsingh-20190521-D1/mm10/Ccl20-_T/peak_calling/narrowpeak/AB3832-L1.narrowPeak.gz
INPUT2: /data/shamsaddinisha/jfarber-20160119-P1/spsingh-20190308-E1/spsingh-20190521-D1/mm10/Ccl20-_T/peak_calling/narrowpeak/AB3832-L1.narrowPeak.bdg
#
OUTPUT1: /data/shamsaddinisha/jfarber-20160119-P1/spsingh-20190308-E1/spsingh-20190521-D1/mm10/Ccl20-_T/peak_annotate/narrowpeak/AB3832-L1/AB3832-L1.narrowPeak.homer_annotate.txt
++++++++++++++++++++++++++++++++++++++++++++++++++++++++++++++++++++++++++++++
gunzip < /data/shamsaddinisha/jfarber-20160119-P1/spsingh-20190308-E1/spsingh-20190521-D1/mm10/Ccl20-_T/peak_calling/narrowpeak/AB3832-L1.narrowPeak.gz > /data/shamsaddinisha/jfarber-20160119-P1/spsingh-20190308-E1/spsingh-20190521-D1/mm10/Ccl20-_T/peak_annotate/narrowpeak/AB3832-L1/AB3832-L1.narrowPeak.bed
#
homer_annotate_file=/data/shamsaddinisha/jfarber-20160119-P1/spsingh-20190308-E1/spsingh-20190521-D1/mm10/Ccl20-_T/peak_annotate/narrowpeak/AB3832-L1/annotate.txt
#
homer_annotate_statistics_file=/data/shamsaddinisha/jfarber-20160119-P1/spsingh-20190308-E1/spsingh-20190521-D1/mm10/Ccl20-_T/peak_annotate/narrowpeak/AB3832-L1/annotate_statistics.txt
#
annotatePeaks.pl /data/shamsaddinisha/jfarber-20160119-P1/spsingh-20190308-E1/spsingh-20190521-D1/mm10/Ccl20-_T/peak_annotate/narrowpeak/AB3832-L1/AB3832-L1.narrowPeak.bed mm10 -bedGraph /data/shamsaddinisha/jfarber-20160119-P1/spsingh-20190308-E1/spsingh-20190521-D1/mm10/Ccl20-_T/peak_calling/narrowpeak/AB3832-L1.narrowPeak.bdg -gsize 2150570000 -go /data/shamsaddinisha/jfarber-20160119-P1/spsingh-20190308-E1/spsingh-20190521-D1/mm10/Ccl20-_T/peak_annotate/narrowpeak/AB3832-L1 -annStats /data/shamsaddinisha/jfarber-20160119-P1/spsingh-20190308-E1/spsingh-20190521-D1/mm10/Ccl20-_T/peak_annotate/narrowpeak/AB3832-L1/annotate_statistics.txt -cpu 30 > /data/shamsaddinisha/jfarber-20160119-P1/spsingh-20190308-E1/spsingh-20190521-D1/mm10/Ccl20-_T/peak_annotate/narrowpeak/AB3832-L1/annotate.txt
#
for file in /data/shamsaddinisha/jfarber-20160119-P1/spsingh-20190308-E1/spsingh-20190521-D1/mm10/Ccl20-_T/peak_annotate/narrowpeak/AB3832-L1/*.txt
do
	name=$file
	name=AB3832-L1.narrowPeak.homer_$name
	mv $file /data/shamsaddinisha/jfarber-20160119-P1/spsingh-20190308-E1/spsingh-20190521-D1/mm10/Ccl20-_T/peak_annotate/narrowpeak/AB3832-L1/$name
done
#
EXECUTING....
#

	Peak file = /data/shamsaddinisha/jfarber-20160119-P1/spsingh-20190308-E1/spsingh-20190521-D1/mm10/Ccl20-_T/peak_annotate/narrowpeak/AB3832-L1/AB3832-L1.narrowPeak.bed
	Genome = mm10
	Organism = mouse
	bedGraph Files:
		/data/shamsaddinisha/jfarber-20160119-P1/spsingh-20190308-E1/spsingh-20190521-D1/mm10/Ccl20-_T/peak_calling/narrowpeak/AB3832-L1.narrowPeak.bdg
	Effective Genome size set to 2150570000
	Will perform Gene Ontology analysis - output to directory = /data/shamsaddinisha/jfarber-20160119-P1/spsingh-20190308-E1/spsingh-20190521-D1/mm10/Ccl20-_T/peak_annotate/narrowpeak/AB3832-L1
	Will use up to 30 CPUs in parts that can use them
	Peak/BED file conversion summary:
		BED/Header formatted lines: 193256
		peakfile formatted lines: 0
		Duplicated Peak IDs: 0

	Peak File Statistics:
		Total Peaks: 193256
		Redundant Peak IDs: 0
		Peaks lacking information: 0 (need at least 5 columns per peak)
		Peaks with misformatted coordinates: 0 (should be integer)
		Peaks with misformatted strand: 0 (should be either +/- or 0/1)

	Peak file looks good!

	Reading Positions...
	-----------------------
	Finding Closest TSS...
	Annotating:.....................
		Annotation	Number of peaks	Total size (bp)	Log2 Enrichment
		3UTR	1546.0	19834990	0.134
		miRNA	11.0	24854	2.640
		ncRNA	621.0	2936051	1.575
		TTS	2738.0	26405695	0.546
		pseudo	31.0	502464	-0.203
		Exon	5632.0	33478124	1.244
		Intron	75836.0	933720660	0.194
		Intergenic	76714.0	1673583365	-0.631
		Promoter	26437.0	28680226	3.698
		5UTR	3659.0	2124691	4.600
		snoRNA	0.0	19	-17.560
		rRNA	2.0	5631	2.323
	NOTE: If this part takes more than 2 minutes, there is a good chance
		your machine ran out of memory: consider hitting ctrl+C and rerunning
		the command with "-noann"
	Annotating:......................
		Annotation	Number of peaks	Total size (bp)	Log2 Enrichment
		3UTR	1546.0	19834990	0.135
		Other	322.0	7961937	-0.812
		RC?	0.0	10979	-17.560
		RNA	3.0	114021	-1.432
		miRNA	11.0	24854	2.640
		ncRNA	621.0	2936051	1.575
		TTS	2738.0	26405695	0.547
		LINE	5195.0	543766991	-2.893
		LINE?	0.0	8168	-17.560
		srpRNA	0.0	43388	-17.560
		SINE	6692.0	196807247	-1.062
		RC	5.0	65909	0.096
		tRNA	77.0	267060	2.022
		DNA?	22.0	142459	1.121
		pseudo	31.0	502464	-0.202
		DNA	2010.0	28719782	-0.020
		Exon	5632.0	33478124	1.245
		Intron	60917.0	593180973	0.533
		Intergenic	60403.0	835645217	0.026
		Promoter	26433.0	28680226	3.699
		5UTR	3657.0	2124691	4.600
		snoRNA	0.0	19	-17.560
		LTR?	24.0	193287	0.807
		scRNA	24.0	604045	-0.837
		CpG-Island	5733.0	3320125	4.604
		Low_complexity	304.0	19418537	-2.181
		LTR	10073.0	313292931	-1.143
		Simple_repeat	554.0	57597764	-2.884
		snRNA	36.0	237495	1.095
		Unknown	68.0	2416409	-1.335
		SINE?	7.0	29758	1.729
		Satellite	71.0	4537622	-2.182
		rRNA	47.0	166665	1.990
	Performing Gene Ontology Analysis...
	Counting Tags in Peaks from each directory...
	Organism: mouse
	Loading Gene Informaiton...
	Outputing Annotation File...
	Done annotating peaks file

#
DONE!!!!
#
ELAPSED TIME: 213 seconds
----------------------------------------------------------------------------
[Sat May 25 23:18:43 2019]
Finished job 0.
1 of 1 steps (100%) done
