Building DAG of jobs...
Using shell: /usr/bin/bash
Provided cores: 30
Rules claiming more threads will be scaled down.
Unlimited resources: mem_mb
Job counts:
	count	jobs
	1	Homer_BroadPeak_Annotate
	1

[Sun May 26 00:14:42 2019]
Job 0: Homer_BroadPeak_Annotate: Ccl20-_T|AB3834-L1

[+] Loading macs  2.1.2 
[-] Unloading samtools 1.9  ... 
[+] Loading samtools 1.9  ... 
[+] Loading bedtools  2.27.1 
[+] Loading deeptools  3.1.3 
[+] Loading ucsc 373 on cn3422 
[+] Loading gcc  7.3.0  ... 
[+] Loading GSL 2.4 for GCC 7.2.0 ... 
[-] Unloading gcc  7.3.0  ... 
[+] Loading gcc  7.3.0  ... 
[+] Loading openmpi 3.0.2  for GCC 7.3.0 
[+] Loading ImageMagick  7.0.8  on cn3422 
[+] Loading HDF5  1.10.4 
[+] Loading pandoc  2.1.1  on cn3422 
[+] Loading R 3.5.2 
[-] Unloading samtools 1.9  ... 
[+] Loading samtools 1.9  ... 
[+] Loading homer  4.10.1 
###################################- COMMANDLINE -############################
module load macs/2.1.2 || exit 1
module load samtools/1.9 || exit 1
module load bedtools/2.27.1 || exit 1
module load deeptools/3.1.3 || exit 1
module load ucsc/373 || exit 1
module load homer/4.10.1 || exit 1
#
Description:
Peak Annotate Broad
#
INPUT1: /data/shamsaddinisha/jfarber-20160119-P1/spsingh-20190308-E1/spsingh-20190521-D1/mm10/Ccl20-_T/peak_calling/broadpeak/AB3834-L1.broadPeak.gz
INPUT2: /data/shamsaddinisha/jfarber-20160119-P1/spsingh-20190308-E1/spsingh-20190521-D1/mm10/Ccl20-_T/peak_calling/broadpeak/AB3834-L1.broadPeak.bdg
#
OUTPUT1: /data/shamsaddinisha/jfarber-20160119-P1/spsingh-20190308-E1/spsingh-20190521-D1/mm10/Ccl20-_T/peak_annotate/broadpeak/AB3834-L1/AB3834-L1.broadPeak.homer_annotate.txt
++++++++++++++++++++++++++++++++++++++++++++++++++++++++++++++++++++++++++++++
gunzip < /data/shamsaddinisha/jfarber-20160119-P1/spsingh-20190308-E1/spsingh-20190521-D1/mm10/Ccl20-_T/peak_calling/broadpeak/AB3834-L1.broadPeak.gz > /data/shamsaddinisha/jfarber-20160119-P1/spsingh-20190308-E1/spsingh-20190521-D1/mm10/Ccl20-_T/peak_annotate/broadpeak/AB3834-L1/AB3834-L1.broadPeak.bed
#
homer_annotate_file=/data/shamsaddinisha/jfarber-20160119-P1/spsingh-20190308-E1/spsingh-20190521-D1/mm10/Ccl20-_T/peak_annotate/broadpeak/AB3834-L1/annotate.txt
#
homer_annotate_statistics_file=/data/shamsaddinisha/jfarber-20160119-P1/spsingh-20190308-E1/spsingh-20190521-D1/mm10/Ccl20-_T/peak_annotate/broadpeak/AB3834-L1/annotate_statistics.txt
#
annotatePeaks.pl /data/shamsaddinisha/jfarber-20160119-P1/spsingh-20190308-E1/spsingh-20190521-D1/mm10/Ccl20-_T/peak_annotate/broadpeak/AB3834-L1/AB3834-L1.broadPeak.bed mm10 -bedGraph /data/shamsaddinisha/jfarber-20160119-P1/spsingh-20190308-E1/spsingh-20190521-D1/mm10/Ccl20-_T/peak_calling/broadpeak/AB3834-L1.broadPeak.bdg -gsize 2150570000 -go /data/shamsaddinisha/jfarber-20160119-P1/spsingh-20190308-E1/spsingh-20190521-D1/mm10/Ccl20-_T/peak_annotate/broadpeak/AB3834-L1 -annStats /data/shamsaddinisha/jfarber-20160119-P1/spsingh-20190308-E1/spsingh-20190521-D1/mm10/Ccl20-_T/peak_annotate/broadpeak/AB3834-L1/annotate_statistics.txt -cpu 30 > /data/shamsaddinisha/jfarber-20160119-P1/spsingh-20190308-E1/spsingh-20190521-D1/mm10/Ccl20-_T/peak_annotate/broadpeak/AB3834-L1/annotate.txt
#
for file in /data/shamsaddinisha/jfarber-20160119-P1/spsingh-20190308-E1/spsingh-20190521-D1/mm10/Ccl20-_T/peak_annotate/broadpeak/AB3834-L1/*.txt
do
	name=$file
	name=AB3834-L1.broadPeak.homer_$name
	mv $file /data/shamsaddinisha/jfarber-20160119-P1/spsingh-20190308-E1/spsingh-20190521-D1/mm10/Ccl20-_T/peak_annotate/broadpeak/AB3834-L1/$name
done
#
EXECUTING....
#

	Peak file = /data/shamsaddinisha/jfarber-20160119-P1/spsingh-20190308-E1/spsingh-20190521-D1/mm10/Ccl20-_T/peak_annotate/broadpeak/AB3834-L1/AB3834-L1.broadPeak.bed
	Genome = mm10
	Organism = mouse
	bedGraph Files:
		/data/shamsaddinisha/jfarber-20160119-P1/spsingh-20190308-E1/spsingh-20190521-D1/mm10/Ccl20-_T/peak_calling/broadpeak/AB3834-L1.broadPeak.bdg
	Effective Genome size set to 2150570000
	Will perform Gene Ontology analysis - output to directory = /data/shamsaddinisha/jfarber-20160119-P1/spsingh-20190308-E1/spsingh-20190521-D1/mm10/Ccl20-_T/peak_annotate/broadpeak/AB3834-L1
	Will use up to 30 CPUs in parts that can use them
	Peak/BED file conversion summary:
		BED/Header formatted lines: 89429
		peakfile formatted lines: 0
		Duplicated Peak IDs: 0

	Peak File Statistics:
		Total Peaks: 89429
		Redundant Peak IDs: 0
		Peaks lacking information: 0 (need at least 5 columns per peak)
		Peaks with misformatted coordinates: 0 (should be integer)
		Peaks with misformatted strand: 0 (should be either +/- or 0/1)

	Peak file looks good!

	Reading Positions...
	-----------------------
	Finding Closest TSS...
	Annotating:.....................
		Annotation	Number of peaks	Total size (bp)	Log2 Enrichment
		3UTR	722.0	19834990	0.148
		miRNA	4.0	24854	2.292
		ncRNA	266.0	2936051	1.463
		TTS	1217.0	26405695	0.488
		pseudo	11.0	502464	-0.586
		Exon	2172.0	33478124	0.981
		Intron	36168.0	933720660	0.237
		Intergenic	37722.0	1673583365	-0.544
		Promoter	9827.0	28680226	3.382
		5UTR	1316.0	2124691	4.236
		snoRNA	0.0	19	-16.448
		rRNA	1.0	5631	2.434
	NOTE: If this part takes more than 2 minutes, there is a good chance
		your machine ran out of memory: consider hitting ctrl+C and rerunning
		the command with "-noann"
	Annotating:......................
		Annotation	Number of peaks	Total size (bp)	Log2 Enrichment
		3UTR	722.0	19834990	0.148
		Other	136.0	7961937	-0.943
		RC?	0.0	10979	-16.448
		RNA	0.0	114021	-16.448
		miRNA	4.0	24854	2.293
		ncRNA	266.0	2936051	1.464
		TTS	1217.0	26405695	0.489
		LINE	2480.0	543766991	-2.848
		LINE?	0.0	8168	-16.448
		srpRNA	0.0	43388	-16.448
		SINE	2990.0	196807247	-1.112
		RC	3.0	65909	0.471
		tRNA	19.0	267060	1.115
		DNA?	11.0	142459	1.233
		pseudo	11.0	502464	-0.585
		DNA	1038.0	28719782	0.138
		Exon	2171.0	33478124	0.981
		Intron	29796.0	593180973	0.613
		Intergenic	30100.0	835645217	0.133
		Promoter	9826.0	28680226	3.383
		5UTR	1315.0	2124691	4.236
		snoRNA	0.0	19	-16.448
		LTR?	12.0	193287	0.918
		scRNA	9.0	604045	-1.141
		CpG-Island	1961.0	3320125	4.168
		Low_complexity	168.0	19418537	-1.925
		LTR	4733.0	313292931	-1.121
		Simple_repeat	342.0	57597764	-2.468
		snRNA	13.0	237495	0.737
		Unknown	32.0	2416409	-1.311
		SINE?	3.0	29758	1.618
		Satellite	31.0	4537622	-2.265
		rRNA	20.0	166665	1.869
	Performing Gene Ontology Analysis...
	Counting Tags in Peaks from each directory...
	Organism: mouse
	Loading Gene Informaiton...
	Outputing Annotation File...
	Done annotating peaks file

#
DONE!!!!
#
ELAPSED TIME: 144 seconds
----------------------------------------------------------------------------
[Sun May 26 00:17:13 2019]
Finished job 0.
1 of 1 steps (100%) done
