Building DAG of jobs...
Using shell: /usr/bin/bash
Provided cores: 30
Rules claiming more threads will be scaled down.
Unlimited resources: mem_mb
Job counts:
	count	jobs
	1	Homer_BroadPeak_Annotate
	1

[Sat May 25 23:49:24 2019]
Job 0: Homer_BroadPeak_Annotate: Ccl20-_UT|AB3823-L1

[+] Loading macs  2.1.2 
[-] Unloading samtools 1.9  ... 
[+] Loading samtools 1.9  ... 
[+] Loading bedtools  2.27.1 
[+] Loading deeptools  3.1.3 
[+] Loading ucsc 373 on cn2122 
[+] Loading gcc  7.3.0  ... 
[+] Loading GSL 2.4 for GCC 7.2.0 ... 
[-] Unloading gcc  7.3.0  ... 
[+] Loading gcc  7.3.0  ... 
[+] Loading openmpi 3.0.2  for GCC 7.3.0 
[+] Loading ImageMagick  7.0.8  on cn2122 
[+] Loading HDF5  1.10.4 
[+] Loading pandoc  2.1.1  on cn2122 
[+] Loading R 3.5.2 
[-] Unloading samtools 1.9  ... 
[+] Loading samtools 1.9  ... 
[+] Loading homer  4.10.1 
###################################- COMMANDLINE -############################
module load macs/2.1.2 || exit 1
module load samtools/1.9 || exit 1
module load bedtools/2.27.1 || exit 1
module load deeptools/3.1.3 || exit 1
module load ucsc/373 || exit 1
module load homer/4.10.1 || exit 1
#
Description:
Peak Annotate Broad
#
INPUT1: /data/shamsaddinisha/jfarber-20160119-P1/spsingh-20190308-E1/spsingh-20190521-D1/mm10/Ccl20-_UT/peak_calling/broadpeak/AB3823-L1.broadPeak.gz
INPUT2: /data/shamsaddinisha/jfarber-20160119-P1/spsingh-20190308-E1/spsingh-20190521-D1/mm10/Ccl20-_UT/peak_calling/broadpeak/AB3823-L1.broadPeak.bdg
#
OUTPUT1: /data/shamsaddinisha/jfarber-20160119-P1/spsingh-20190308-E1/spsingh-20190521-D1/mm10/Ccl20-_UT/peak_annotate/broadpeak/AB3823-L1/AB3823-L1.broadPeak.homer_annotate.txt
++++++++++++++++++++++++++++++++++++++++++++++++++++++++++++++++++++++++++++++
gunzip < /data/shamsaddinisha/jfarber-20160119-P1/spsingh-20190308-E1/spsingh-20190521-D1/mm10/Ccl20-_UT/peak_calling/broadpeak/AB3823-L1.broadPeak.gz > /data/shamsaddinisha/jfarber-20160119-P1/spsingh-20190308-E1/spsingh-20190521-D1/mm10/Ccl20-_UT/peak_annotate/broadpeak/AB3823-L1/AB3823-L1.broadPeak.bed
#
homer_annotate_file=/data/shamsaddinisha/jfarber-20160119-P1/spsingh-20190308-E1/spsingh-20190521-D1/mm10/Ccl20-_UT/peak_annotate/broadpeak/AB3823-L1/annotate.txt
#
homer_annotate_statistics_file=/data/shamsaddinisha/jfarber-20160119-P1/spsingh-20190308-E1/spsingh-20190521-D1/mm10/Ccl20-_UT/peak_annotate/broadpeak/AB3823-L1/annotate_statistics.txt
#
annotatePeaks.pl /data/shamsaddinisha/jfarber-20160119-P1/spsingh-20190308-E1/spsingh-20190521-D1/mm10/Ccl20-_UT/peak_annotate/broadpeak/AB3823-L1/AB3823-L1.broadPeak.bed mm10 -bedGraph /data/shamsaddinisha/jfarber-20160119-P1/spsingh-20190308-E1/spsingh-20190521-D1/mm10/Ccl20-_UT/peak_calling/broadpeak/AB3823-L1.broadPeak.bdg -gsize 2150570000 -go /data/shamsaddinisha/jfarber-20160119-P1/spsingh-20190308-E1/spsingh-20190521-D1/mm10/Ccl20-_UT/peak_annotate/broadpeak/AB3823-L1 -annStats /data/shamsaddinisha/jfarber-20160119-P1/spsingh-20190308-E1/spsingh-20190521-D1/mm10/Ccl20-_UT/peak_annotate/broadpeak/AB3823-L1/annotate_statistics.txt -cpu 30 > /data/shamsaddinisha/jfarber-20160119-P1/spsingh-20190308-E1/spsingh-20190521-D1/mm10/Ccl20-_UT/peak_annotate/broadpeak/AB3823-L1/annotate.txt
#
for file in /data/shamsaddinisha/jfarber-20160119-P1/spsingh-20190308-E1/spsingh-20190521-D1/mm10/Ccl20-_UT/peak_annotate/broadpeak/AB3823-L1/*.txt
do
	name=$file
	name=AB3823-L1.broadPeak.homer_$name
	mv $file /data/shamsaddinisha/jfarber-20160119-P1/spsingh-20190308-E1/spsingh-20190521-D1/mm10/Ccl20-_UT/peak_annotate/broadpeak/AB3823-L1/$name
done
#
EXECUTING....
#

	Peak file = /data/shamsaddinisha/jfarber-20160119-P1/spsingh-20190308-E1/spsingh-20190521-D1/mm10/Ccl20-_UT/peak_annotate/broadpeak/AB3823-L1/AB3823-L1.broadPeak.bed
	Genome = mm10
	Organism = mouse
	bedGraph Files:
		/data/shamsaddinisha/jfarber-20160119-P1/spsingh-20190308-E1/spsingh-20190521-D1/mm10/Ccl20-_UT/peak_calling/broadpeak/AB3823-L1.broadPeak.bdg
	Effective Genome size set to 2150570000
	Will perform Gene Ontology analysis - output to directory = /data/shamsaddinisha/jfarber-20160119-P1/spsingh-20190308-E1/spsingh-20190521-D1/mm10/Ccl20-_UT/peak_annotate/broadpeak/AB3823-L1
	Will use up to 30 CPUs in parts that can use them
	Peak/BED file conversion summary:
		BED/Header formatted lines: 59265
		peakfile formatted lines: 0
		Duplicated Peak IDs: 0

	Peak File Statistics:
		Total Peaks: 59265
		Redundant Peak IDs: 0
		Peaks lacking information: 0 (need at least 5 columns per peak)
		Peaks with misformatted coordinates: 0 (should be integer)
		Peaks with misformatted strand: 0 (should be either +/- or 0/1)

	Peak file looks good!

	Reading Positions...
	-----------------------
	Finding Closest TSS...
	Annotating:.....................
		Annotation	Number of peaks	Total size (bp)	Log2 Enrichment
		3UTR	431.0	19834990	-0.003
		miRNA	2.0	24854	1.886
		ncRNA	185.0	2936051	1.533
		TTS	789.0	26405695	0.456
		pseudo	10.0	502464	-0.130
		Exon	1621.0	33478124	1.153
		Intron	22559.0	933720660	0.150
		Intergenic	23483.0	1673583365	-0.634
		Promoter	9043.0	28680226	3.856
		5UTR	1138.0	2124691	4.620
		snoRNA	0.0	19	-15.855
		rRNA	1.0	5631	3.028
	NOTE: If this part takes more than 2 minutes, there is a good chance
		your machine ran out of memory: consider hitting ctrl+C and rerunning
		the command with "-noann"
	Annotating:......................
		Annotation	Number of peaks	Total size (bp)	Log2 Enrichment
		3UTR	431.0	19834990	-0.003
		Other	119.0	7961937	-0.542
		RC?	0.0	10979	-15.855
		RNA	1.0	114021	-1.312
		miRNA	2.0	24854	1.886
		ncRNA	184.0	2936051	1.526
		TTS	789.0	26405695	0.457
		LINE	1611.0	543766991	-2.877
		LINE?	0.0	8168	-15.855
		srpRNA	7.0	43388	2.890
		SINE	2037.0	196807247	-1.073
		RC	0.0	65909	-15.855
		tRNA	14.0	267060	1.268
		DNA?	3.0	142459	-0.048
		pseudo	10.0	502464	-0.129
		DNA	587.0	28719782	-0.091
		Exon	1620.0	33478124	1.152
		Intron	18119.0	593180973	0.489
		Intergenic	18521.0	835645217	0.026
		Promoter	9042.0	28680226	3.856
		5UTR	1137.0	2124691	4.620
		snoRNA	0.0	19	-15.855
		LTR?	7.0	193287	0.734
		scRNA	4.0	604045	-1.717
		CpG-Island	1724.0	3320125	4.576
		Low_complexity	99.0	19418537	-2.094
		LTR	2892.0	313292931	-1.238
		Simple_repeat	239.0	57597764	-2.391
		snRNA	4.0	237495	-0.370
		Unknown	10.0	2416409	-2.395
		SINE?	1.0	29758	0.626
		Satellite	34.0	4537622	-1.539
		rRNA	17.0	166665	2.228
	Performing Gene Ontology Analysis...
	Counting Tags in Peaks from each directory...
	Organism: mouse
	Loading Gene Informaiton...
	Outputing Annotation File...
	Done annotating peaks file

#
DONE!!!!
#
ELAPSED TIME: 136 seconds
----------------------------------------------------------------------------
[Sat May 25 23:51:46 2019]
Finished job 0.
1 of 1 steps (100%) done
