Building DAG of jobs...
Using shell: /usr/bin/bash
Provided cores: 30
Rules claiming more threads will be scaled down.
Unlimited resources: mem_mb
Job counts:
	count	jobs
	1	Homer_BroadPeak_Annotate
	1

[Sat May 25 23:46:17 2019]
Job 0: Homer_BroadPeak_Annotate: Ccl20-_UT|AB3824-L1

[+] Loading macs  2.1.2 
[-] Unloading samtools 1.9  ... 
[+] Loading samtools 1.9  ... 
[+] Loading bedtools  2.27.1 
[+] Loading deeptools  3.1.3 
[+] Loading ucsc 373 on cn3622 
[+] Loading gcc  7.3.0  ... 
[+] Loading GSL 2.4 for GCC 7.2.0 ... 
[-] Unloading gcc  7.3.0  ... 
[+] Loading gcc  7.3.0  ... 
[+] Loading openmpi 3.0.2  for GCC 7.3.0 
[+] Loading ImageMagick  7.0.8  on cn3622 
[+] Loading HDF5  1.10.4 
[+] Loading pandoc  2.1.1  on cn3622 
[+] Loading R 3.5.2 
[-] Unloading samtools 1.9  ... 
[+] Loading samtools 1.9  ... 
[+] Loading homer  4.10.1 
###################################- COMMANDLINE -############################
module load macs/2.1.2 || exit 1
module load samtools/1.9 || exit 1
module load bedtools/2.27.1 || exit 1
module load deeptools/3.1.3 || exit 1
module load ucsc/373 || exit 1
module load homer/4.10.1 || exit 1
#
Description:
Peak Annotate Broad
#
INPUT1: /data/shamsaddinisha/jfarber-20160119-P1/spsingh-20190308-E1/spsingh-20190521-D1/mm10/Ccl20-_UT/peak_calling/broadpeak/AB3824-L1.broadPeak.gz
INPUT2: /data/shamsaddinisha/jfarber-20160119-P1/spsingh-20190308-E1/spsingh-20190521-D1/mm10/Ccl20-_UT/peak_calling/broadpeak/AB3824-L1.broadPeak.bdg
#
OUTPUT1: /data/shamsaddinisha/jfarber-20160119-P1/spsingh-20190308-E1/spsingh-20190521-D1/mm10/Ccl20-_UT/peak_annotate/broadpeak/AB3824-L1/AB3824-L1.broadPeak.homer_annotate.txt
++++++++++++++++++++++++++++++++++++++++++++++++++++++++++++++++++++++++++++++
gunzip < /data/shamsaddinisha/jfarber-20160119-P1/spsingh-20190308-E1/spsingh-20190521-D1/mm10/Ccl20-_UT/peak_calling/broadpeak/AB3824-L1.broadPeak.gz > /data/shamsaddinisha/jfarber-20160119-P1/spsingh-20190308-E1/spsingh-20190521-D1/mm10/Ccl20-_UT/peak_annotate/broadpeak/AB3824-L1/AB3824-L1.broadPeak.bed
#
homer_annotate_file=/data/shamsaddinisha/jfarber-20160119-P1/spsingh-20190308-E1/spsingh-20190521-D1/mm10/Ccl20-_UT/peak_annotate/broadpeak/AB3824-L1/annotate.txt
#
homer_annotate_statistics_file=/data/shamsaddinisha/jfarber-20160119-P1/spsingh-20190308-E1/spsingh-20190521-D1/mm10/Ccl20-_UT/peak_annotate/broadpeak/AB3824-L1/annotate_statistics.txt
#
annotatePeaks.pl /data/shamsaddinisha/jfarber-20160119-P1/spsingh-20190308-E1/spsingh-20190521-D1/mm10/Ccl20-_UT/peak_annotate/broadpeak/AB3824-L1/AB3824-L1.broadPeak.bed mm10 -bedGraph /data/shamsaddinisha/jfarber-20160119-P1/spsingh-20190308-E1/spsingh-20190521-D1/mm10/Ccl20-_UT/peak_calling/broadpeak/AB3824-L1.broadPeak.bdg -gsize 2150570000 -go /data/shamsaddinisha/jfarber-20160119-P1/spsingh-20190308-E1/spsingh-20190521-D1/mm10/Ccl20-_UT/peak_annotate/broadpeak/AB3824-L1 -annStats /data/shamsaddinisha/jfarber-20160119-P1/spsingh-20190308-E1/spsingh-20190521-D1/mm10/Ccl20-_UT/peak_annotate/broadpeak/AB3824-L1/annotate_statistics.txt -cpu 30 > /data/shamsaddinisha/jfarber-20160119-P1/spsingh-20190308-E1/spsingh-20190521-D1/mm10/Ccl20-_UT/peak_annotate/broadpeak/AB3824-L1/annotate.txt
#
for file in /data/shamsaddinisha/jfarber-20160119-P1/spsingh-20190308-E1/spsingh-20190521-D1/mm10/Ccl20-_UT/peak_annotate/broadpeak/AB3824-L1/*.txt
do
	name=$file
	name=AB3824-L1.broadPeak.homer_$name
	mv $file /data/shamsaddinisha/jfarber-20160119-P1/spsingh-20190308-E1/spsingh-20190521-D1/mm10/Ccl20-_UT/peak_annotate/broadpeak/AB3824-L1/$name
done
#
EXECUTING....
#

	Peak file = /data/shamsaddinisha/jfarber-20160119-P1/spsingh-20190308-E1/spsingh-20190521-D1/mm10/Ccl20-_UT/peak_annotate/broadpeak/AB3824-L1/AB3824-L1.broadPeak.bed
	Genome = mm10
	Organism = mouse
	bedGraph Files:
		/data/shamsaddinisha/jfarber-20160119-P1/spsingh-20190308-E1/spsingh-20190521-D1/mm10/Ccl20-_UT/peak_calling/broadpeak/AB3824-L1.broadPeak.bdg
	Effective Genome size set to 2150570000
	Will perform Gene Ontology analysis - output to directory = /data/shamsaddinisha/jfarber-20160119-P1/spsingh-20190308-E1/spsingh-20190521-D1/mm10/Ccl20-_UT/peak_annotate/broadpeak/AB3824-L1
	Will use up to 30 CPUs in parts that can use them
	Peak/BED file conversion summary:
		BED/Header formatted lines: 63243
		peakfile formatted lines: 0
		Duplicated Peak IDs: 0

	Peak File Statistics:
		Total Peaks: 63243
		Redundant Peak IDs: 0
		Peaks lacking information: 0 (need at least 5 columns per peak)
		Peaks with misformatted coordinates: 0 (should be integer)
		Peaks with misformatted strand: 0 (should be either +/- or 0/1)

	Peak file looks good!

	Reading Positions...
	-----------------------
	Finding Closest TSS...
	Annotating:.....................
		Annotation	Number of peaks	Total size (bp)	Log2 Enrichment
		3UTR	465.0	19834990	0.013
		miRNA	4.0	24854	2.792
		ncRNA	206.0	2936051	1.594
		TTS	864.0	26405695	0.494
		pseudo	10.0	502464	-0.224
		Exon	1739.0	33478124	1.160
		Intron	24488.0	933720660	0.174
		Intergenic	25229.0	1673583365	-0.624
		Promoter	9064.0	28680226	3.765
		5UTR	1170.0	2124691	4.567
		snoRNA	0.0	19	-15.949
		rRNA	1.0	5631	2.934
	NOTE: If this part takes more than 2 minutes, there is a good chance
		your machine ran out of memory: consider hitting ctrl+C and rerunning
		the command with "-noann"
	Annotating:......................
		Annotation	Number of peaks	Total size (bp)	Log2 Enrichment
		3UTR	465.0	19834990	0.013
		Other	126.0	7961937	-0.554
		RC?	0.0	10979	-15.949
		RNA	2.0	114021	-0.405
		miRNA	4.0	24854	2.792
		ncRNA	205.0	2936051	1.588
		TTS	864.0	26405695	0.494
		LINE	1685.0	543766991	-2.906
		LINE?	0.0	8168	-15.949
		srpRNA	0.0	43388	-15.949
		SINE	2060.0	196807247	-1.150
		RC	2.0	65909	0.385
		tRNA	15.0	267060	1.274
		DNA?	3.0	142459	-0.142
		pseudo	10.0	502464	-0.223
		DNA	628.0	28719782	-0.087
		Exon	1738.0	33478124	1.160
		Intron	19768.0	593180973	0.521
		Intergenic	20065.0	835645217	0.048
		Promoter	9063.0	28680226	3.766
		5UTR	1169.0	2124691	4.566
		snoRNA	0.0	19	-15.949
		LTR?	8.0	193287	0.833
		scRNA	6.0	604045	-1.226
		CpG-Island	1846.0	3320125	4.581
		Low_complexity	112.0	19418537	-2.010
		LTR	3086.0	313292931	-1.238
		Simple_repeat	238.0	57597764	-2.491
		snRNA	3.0	237495	-0.879
		Unknown	16.0	2416409	-1.811
		SINE?	1.0	29758	0.533
		Satellite	38.0	4537622	-1.472
		rRNA	17.0	166665	2.135
	Performing Gene Ontology Analysis...
	Counting Tags in Peaks from each directory...
	Organism: mouse
	Loading Gene Informaiton...
	Outputing Annotation File...
	Done annotating peaks file

#
DONE!!!!
#
ELAPSED TIME: 148 seconds
----------------------------------------------------------------------------
[Sat May 25 23:48:51 2019]
Finished job 0.
1 of 1 steps (100%) done
