Building DAG of jobs...
Using shell: /usr/bin/bash
Provided cores: 30
Rules claiming more threads will be scaled down.
Unlimited resources: mem_mb
Job counts:
	count	jobs
	1	Homer_NarrowPeak_Annotate
	1

[Sat May 25 23:30:06 2019]
Job 0: Homer_NarrowPeak_Annotate: Ccl20+_T|AB3835-L1_POOLED_AB3836-L1_POOLED_AB3837-L1_POOLED_AB3838-L1

[+] Loading macs  2.1.2 
[-] Unloading samtools 1.9  ... 
[+] Loading samtools 1.9  ... 
[+] Loading bedtools  2.27.1 
[+] Loading deeptools  3.1.3 
[+] Loading ucsc 373 on cn3622 
[+] Loading gcc  7.3.0  ... 
[+] Loading GSL 2.4 for GCC 7.2.0 ... 
[-] Unloading gcc  7.3.0  ... 
[+] Loading gcc  7.3.0  ... 
[+] Loading openmpi 3.0.2  for GCC 7.3.0 
[+] Loading ImageMagick  7.0.8  on cn3622 
[+] Loading HDF5  1.10.4 
[+] Loading pandoc  2.1.1  on cn3622 
[+] Loading R 3.5.2 
[-] Unloading samtools 1.9  ... 
[+] Loading samtools 1.9  ... 
[+] Loading homer  4.10.1 
###################################- COMMANDLINE -############################
module load macs/2.1.2 || exit 1
module load samtools/1.9 || exit 1
module load bedtools/2.27.1 || exit 1
module load deeptools/3.1.3 || exit 1
module load ucsc/373 || exit 1
module load homer/4.10.1 || exit 1
#
Description:
Peak Annotate Narrow
#
INPUT1: /data/shamsaddinisha/jfarber-20160119-P1/spsingh-20190308-E1/spsingh-20190521-D1/mm10/Ccl20+_T/peak_calling/narrowpeak/AB3835-L1_POOLED_AB3836-L1_POOLED_AB3837-L1_POOLED_AB3838-L1.narrowPeak.gz
INPUT2: /data/shamsaddinisha/jfarber-20160119-P1/spsingh-20190308-E1/spsingh-20190521-D1/mm10/Ccl20+_T/peak_calling/narrowpeak/AB3835-L1_POOLED_AB3836-L1_POOLED_AB3837-L1_POOLED_AB3838-L1.narrowPeak.bdg
#
OUTPUT1: /data/shamsaddinisha/jfarber-20160119-P1/spsingh-20190308-E1/spsingh-20190521-D1/mm10/Ccl20+_T/peak_annotate/narrowpeak/AB3835-L1_POOLED_AB3836-L1_POOLED_AB3837-L1_POOLED_AB3838-L1/AB3835-L1_POOLED_AB3836-L1_POOLED_AB3837-L1_POOLED_AB3838-L1.narrowPeak.homer_annotate.txt
++++++++++++++++++++++++++++++++++++++++++++++++++++++++++++++++++++++++++++++
gunzip < /data/shamsaddinisha/jfarber-20160119-P1/spsingh-20190308-E1/spsingh-20190521-D1/mm10/Ccl20+_T/peak_calling/narrowpeak/AB3835-L1_POOLED_AB3836-L1_POOLED_AB3837-L1_POOLED_AB3838-L1.narrowPeak.gz > /data/shamsaddinisha/jfarber-20160119-P1/spsingh-20190308-E1/spsingh-20190521-D1/mm10/Ccl20+_T/peak_annotate/narrowpeak/AB3835-L1_POOLED_AB3836-L1_POOLED_AB3837-L1_POOLED_AB3838-L1/AB3835-L1_POOLED_AB3836-L1_POOLED_AB3837-L1_POOLED_AB3838-L1.narrowPeak.bed
#
homer_annotate_file=/data/shamsaddinisha/jfarber-20160119-P1/spsingh-20190308-E1/spsingh-20190521-D1/mm10/Ccl20+_T/peak_annotate/narrowpeak/AB3835-L1_POOLED_AB3836-L1_POOLED_AB3837-L1_POOLED_AB3838-L1/annotate.txt
#
homer_annotate_statistics_file=/data/shamsaddinisha/jfarber-20160119-P1/spsingh-20190308-E1/spsingh-20190521-D1/mm10/Ccl20+_T/peak_annotate/narrowpeak/AB3835-L1_POOLED_AB3836-L1_POOLED_AB3837-L1_POOLED_AB3838-L1/annotate_statistics.txt
#
annotatePeaks.pl /data/shamsaddinisha/jfarber-20160119-P1/spsingh-20190308-E1/spsingh-20190521-D1/mm10/Ccl20+_T/peak_annotate/narrowpeak/AB3835-L1_POOLED_AB3836-L1_POOLED_AB3837-L1_POOLED_AB3838-L1/AB3835-L1_POOLED_AB3836-L1_POOLED_AB3837-L1_POOLED_AB3838-L1.narrowPeak.bed mm10 -bedGraph /data/shamsaddinisha/jfarber-20160119-P1/spsingh-20190308-E1/spsingh-20190521-D1/mm10/Ccl20+_T/peak_calling/narrowpeak/AB3835-L1_POOLED_AB3836-L1_POOLED_AB3837-L1_POOLED_AB3838-L1.narrowPeak.bdg -gsize 2150570000 -go /data/shamsaddinisha/jfarber-20160119-P1/spsingh-20190308-E1/spsingh-20190521-D1/mm10/Ccl20+_T/peak_annotate/narrowpeak/AB3835-L1_POOLED_AB3836-L1_POOLED_AB3837-L1_POOLED_AB3838-L1 -annStats /data/shamsaddinisha/jfarber-20160119-P1/spsingh-20190308-E1/spsingh-20190521-D1/mm10/Ccl20+_T/peak_annotate/narrowpeak/AB3835-L1_POOLED_AB3836-L1_POOLED_AB3837-L1_POOLED_AB3838-L1/annotate_statistics.txt -cpu 30 > /data/shamsaddinisha/jfarber-20160119-P1/spsingh-20190308-E1/spsingh-20190521-D1/mm10/Ccl20+_T/peak_annotate/narrowpeak/AB3835-L1_POOLED_AB3836-L1_POOLED_AB3837-L1_POOLED_AB3838-L1/annotate.txt
#
for file in /data/shamsaddinisha/jfarber-20160119-P1/spsingh-20190308-E1/spsingh-20190521-D1/mm10/Ccl20+_T/peak_annotate/narrowpeak/AB3835-L1_POOLED_AB3836-L1_POOLED_AB3837-L1_POOLED_AB3838-L1/*.txt
do
	name=$file
	name=AB3835-L1_POOLED_AB3836-L1_POOLED_AB3837-L1_POOLED_AB3838-L1.narrowPeak.homer_$name
	mv $file /data/shamsaddinisha/jfarber-20160119-P1/spsingh-20190308-E1/spsingh-20190521-D1/mm10/Ccl20+_T/peak_annotate/narrowpeak/AB3835-L1_POOLED_AB3836-L1_POOLED_AB3837-L1_POOLED_AB3838-L1/$name
done
#
EXECUTING....
#

	Peak file = /data/shamsaddinisha/jfarber-20160119-P1/spsingh-20190308-E1/spsingh-20190521-D1/mm10/Ccl20+_T/peak_annotate/narrowpeak/AB3835-L1_POOLED_AB3836-L1_POOLED_AB3837-L1_POOLED_AB3838-L1/AB3835-L1_POOLED_AB3836-L1_POOLED_AB3837-L1_POOLED_AB3838-L1.narrowPeak.bed
	Genome = mm10
	Organism = mouse
	bedGraph Files:
		/data/shamsaddinisha/jfarber-20160119-P1/spsingh-20190308-E1/spsingh-20190521-D1/mm10/Ccl20+_T/peak_calling/narrowpeak/AB3835-L1_POOLED_AB3836-L1_POOLED_AB3837-L1_POOLED_AB3838-L1.narrowPeak.bdg
	Effective Genome size set to 2150570000
	Will perform Gene Ontology analysis - output to directory = /data/shamsaddinisha/jfarber-20160119-P1/spsingh-20190308-E1/spsingh-20190521-D1/mm10/Ccl20+_T/peak_annotate/narrowpeak/AB3835-L1_POOLED_AB3836-L1_POOLED_AB3837-L1_POOLED_AB3838-L1
	Will use up to 30 CPUs in parts that can use them
	Peak/BED file conversion summary:
		BED/Header formatted lines: 240235
		peakfile formatted lines: 0
		Duplicated Peak IDs: 0

	Peak File Statistics:
		Total Peaks: 240235
		Redundant Peak IDs: 0
		Peaks lacking information: 0 (need at least 5 columns per peak)
		Peaks with misformatted coordinates: 0 (should be integer)
		Peaks with misformatted strand: 0 (should be either +/- or 0/1)

	Peak file looks good!

	Reading Positions...
	-----------------------
	Finding Closest TSS...
	Annotating:.....................
		Annotation	Number of peaks	Total size (bp)	Log2 Enrichment
		3UTR	2044.0	19834990	0.223
		miRNA	8.0	24854	1.867
		ncRNA	764.0	2936051	1.560
		TTS	3705.0	26405695	0.669
		pseudo	46.0	502464	0.053
		Exon	7875.0	33478124	1.414
		Intron	95660.0	933720660	0.215
		Intergenic	95544.0	1673583365	-0.629
		Promoter	29818.0	28680226	3.558
		5UTR	4740.0	2124691	4.660
		snoRNA	0.0	19	-17.874
		rRNA	2.0	5631	2.009
	NOTE: If this part takes more than 2 minutes, there is a good chance
		your machine ran out of memory: consider hitting ctrl+C and rerunning
		the command with "-noann"
	Annotating:......................
		Annotation	Number of peaks	Total size (bp)	Log2 Enrichment
		3UTR	2044.0	19834990	0.224
		Other	652.0	7961937	-0.108
		RC?	0.0	10979	-17.874
		RNA	3.0	114021	-1.746
		miRNA	8.0	24854	1.867
		ncRNA	764.0	2936051	1.560
		TTS	3705.0	26405695	0.669
		LINE	7693.0	543766991	-2.641
		LINE?	0.0	8168	-17.874
		srpRNA	1.0	43388	-1.937
		SINE	11093.0	196807247	-0.647
		RC	6.0	65909	0.045
		tRNA	77.0	267060	1.708
		DNA?	14.0	142459	0.155
		pseudo	46.0	502464	0.053
		DNA	2449.0	28719782	-0.049
		Exon	7875.0	33478124	1.415
		Intron	73360.0	593180973	0.487
		Intergenic	70934.0	835645217	-0.056
		Promoter	29812.0	28680226	3.558
		5UTR	4738.0	2124691	4.659
		snoRNA	0.0	19	-17.874
		LTR?	24.0	193287	0.493
		scRNA	31.0	604045	-0.782
		CpG-Island	7602.0	3320125	4.698
		Low_complexity	451.0	19418537	-1.926
		LTR	15731.0	313292931	-0.813
		Simple_repeat	890.0	57597764	-2.514
		snRNA	31.0	237495	0.565
		Unknown	36.0	2416409	-2.566
		SINE?	2.0	29758	-0.393
		Satellite	103.0	4537622	-1.959
		rRNA	60.0	166665	2.029
	Performing Gene Ontology Analysis...
	Counting Tags in Peaks from each directory...
	Organism: mouse
	Loading Gene Informaiton...
	Outputing Annotation File...
	Done annotating peaks file

#
DONE!!!!
#
ELAPSED TIME: 343 seconds
----------------------------------------------------------------------------
[Sat May 25 23:35:59 2019]
Finished job 0.
1 of 1 steps (100%) done
