Building DAG of jobs...
Using shell: /usr/bin/bash
Provided cores: 30
Rules claiming more threads will be scaled down.
Unlimited resources: mem_mb
Job counts:
	count	jobs
	1	Homer_BroadPeak_Annotate
	1

[Sun May 26 00:21:26 2019]
Job 0: Homer_BroadPeak_Annotate: Ccl20+_UT|AB3827-L1_OVERLAPPED_AB3828-L1_OVERLAPPED_AB3829-L1_OVERLAPPED_AB3830-L1

[+] Loading macs  2.1.2 
[-] Unloading samtools 1.9  ... 
[+] Loading samtools 1.9  ... 
[+] Loading bedtools  2.27.1 
[+] Loading deeptools  3.1.3 
[+] Loading ucsc 373 on cn1727 
[+] Loading gcc  7.3.0  ... 
[+] Loading GSL 2.4 for GCC 7.2.0 ... 
[-] Unloading gcc  7.3.0  ... 
[+] Loading gcc  7.3.0  ... 
[+] Loading openmpi 3.0.2  for GCC 7.3.0 
[+] Loading ImageMagick  7.0.8  on cn1727 
[+] Loading HDF5  1.10.4 
[+] Loading pandoc  2.1.1  on cn1727 
[+] Loading R 3.5.2 
[-] Unloading samtools 1.9  ... 
[+] Loading samtools 1.9  ... 
[+] Loading homer  4.10.1 
###################################- COMMANDLINE -############################
module load macs/2.1.2 || exit 1
module load samtools/1.9 || exit 1
module load bedtools/2.27.1 || exit 1
module load deeptools/3.1.3 || exit 1
module load ucsc/373 || exit 1
module load homer/4.10.1 || exit 1
#
Description:
Peak Annotate Broad
#
INPUT1: /data/shamsaddinisha/jfarber-20160119-P1/spsingh-20190308-E1/spsingh-20190521-D1/mm10/Ccl20+_UT/peak_calling/broadpeak/AB3827-L1_OVERLAPPED_AB3828-L1_OVERLAPPED_AB3829-L1_OVERLAPPED_AB3830-L1.broadPeak.gz
INPUT2: /data/shamsaddinisha/jfarber-20160119-P1/spsingh-20190308-E1/spsingh-20190521-D1/mm10/Ccl20+_UT/peak_calling/broadpeak/AB3827-L1_OVERLAPPED_AB3828-L1_OVERLAPPED_AB3829-L1_OVERLAPPED_AB3830-L1.broadPeak.bdg
#
OUTPUT1: /data/shamsaddinisha/jfarber-20160119-P1/spsingh-20190308-E1/spsingh-20190521-D1/mm10/Ccl20+_UT/peak_annotate/broadpeak/AB3827-L1_OVERLAPPED_AB3828-L1_OVERLAPPED_AB3829-L1_OVERLAPPED_AB3830-L1/AB3827-L1_OVERLAPPED_AB3828-L1_OVERLAPPED_AB3829-L1_OVERLAPPED_AB3830-L1.broadPeak.homer_annotate.txt
++++++++++++++++++++++++++++++++++++++++++++++++++++++++++++++++++++++++++++++
gunzip < /data/shamsaddinisha/jfarber-20160119-P1/spsingh-20190308-E1/spsingh-20190521-D1/mm10/Ccl20+_UT/peak_calling/broadpeak/AB3827-L1_OVERLAPPED_AB3828-L1_OVERLAPPED_AB3829-L1_OVERLAPPED_AB3830-L1.broadPeak.gz > /data/shamsaddinisha/jfarber-20160119-P1/spsingh-20190308-E1/spsingh-20190521-D1/mm10/Ccl20+_UT/peak_annotate/broadpeak/AB3827-L1_OVERLAPPED_AB3828-L1_OVERLAPPED_AB3829-L1_OVERLAPPED_AB3830-L1/AB3827-L1_OVERLAPPED_AB3828-L1_OVERLAPPED_AB3829-L1_OVERLAPPED_AB3830-L1.broadPeak.bed
#
homer_annotate_file=/data/shamsaddinisha/jfarber-20160119-P1/spsingh-20190308-E1/spsingh-20190521-D1/mm10/Ccl20+_UT/peak_annotate/broadpeak/AB3827-L1_OVERLAPPED_AB3828-L1_OVERLAPPED_AB3829-L1_OVERLAPPED_AB3830-L1/annotate.txt
#
homer_annotate_statistics_file=/data/shamsaddinisha/jfarber-20160119-P1/spsingh-20190308-E1/spsingh-20190521-D1/mm10/Ccl20+_UT/peak_annotate/broadpeak/AB3827-L1_OVERLAPPED_AB3828-L1_OVERLAPPED_AB3829-L1_OVERLAPPED_AB3830-L1/annotate_statistics.txt
#
annotatePeaks.pl /data/shamsaddinisha/jfarber-20160119-P1/spsingh-20190308-E1/spsingh-20190521-D1/mm10/Ccl20+_UT/peak_annotate/broadpeak/AB3827-L1_OVERLAPPED_AB3828-L1_OVERLAPPED_AB3829-L1_OVERLAPPED_AB3830-L1/AB3827-L1_OVERLAPPED_AB3828-L1_OVERLAPPED_AB3829-L1_OVERLAPPED_AB3830-L1.broadPeak.bed mm10 -bedGraph /data/shamsaddinisha/jfarber-20160119-P1/spsingh-20190308-E1/spsingh-20190521-D1/mm10/Ccl20+_UT/peak_calling/broadpeak/AB3827-L1_OVERLAPPED_AB3828-L1_OVERLAPPED_AB3829-L1_OVERLAPPED_AB3830-L1.broadPeak.bdg -gsize 2150570000 -go /data/shamsaddinisha/jfarber-20160119-P1/spsingh-20190308-E1/spsingh-20190521-D1/mm10/Ccl20+_UT/peak_annotate/broadpeak/AB3827-L1_OVERLAPPED_AB3828-L1_OVERLAPPED_AB3829-L1_OVERLAPPED_AB3830-L1 -annStats /data/shamsaddinisha/jfarber-20160119-P1/spsingh-20190308-E1/spsingh-20190521-D1/mm10/Ccl20+_UT/peak_annotate/broadpeak/AB3827-L1_OVERLAPPED_AB3828-L1_OVERLAPPED_AB3829-L1_OVERLAPPED_AB3830-L1/annotate_statistics.txt -cpu 30 > /data/shamsaddinisha/jfarber-20160119-P1/spsingh-20190308-E1/spsingh-20190521-D1/mm10/Ccl20+_UT/peak_annotate/broadpeak/AB3827-L1_OVERLAPPED_AB3828-L1_OVERLAPPED_AB3829-L1_OVERLAPPED_AB3830-L1/annotate.txt
#
for file in /data/shamsaddinisha/jfarber-20160119-P1/spsingh-20190308-E1/spsingh-20190521-D1/mm10/Ccl20+_UT/peak_annotate/broadpeak/AB3827-L1_OVERLAPPED_AB3828-L1_OVERLAPPED_AB3829-L1_OVERLAPPED_AB3830-L1/*.txt
do
	name=$file
	name=AB3827-L1_OVERLAPPED_AB3828-L1_OVERLAPPED_AB3829-L1_OVERLAPPED_AB3830-L1.broadPeak.homer_$name
	mv $file /data/shamsaddinisha/jfarber-20160119-P1/spsingh-20190308-E1/spsingh-20190521-D1/mm10/Ccl20+_UT/peak_annotate/broadpeak/AB3827-L1_OVERLAPPED_AB3828-L1_OVERLAPPED_AB3829-L1_OVERLAPPED_AB3830-L1/$name
done
#
EXECUTING....
#

	Peak file = /data/shamsaddinisha/jfarber-20160119-P1/spsingh-20190308-E1/spsingh-20190521-D1/mm10/Ccl20+_UT/peak_annotate/broadpeak/AB3827-L1_OVERLAPPED_AB3828-L1_OVERLAPPED_AB3829-L1_OVERLAPPED_AB3830-L1/AB3827-L1_OVERLAPPED_AB3828-L1_OVERLAPPED_AB3829-L1_OVERLAPPED_AB3830-L1.broadPeak.bed
	Genome = mm10
	Organism = mouse
	bedGraph Files:
		/data/shamsaddinisha/jfarber-20160119-P1/spsingh-20190308-E1/spsingh-20190521-D1/mm10/Ccl20+_UT/peak_calling/broadpeak/AB3827-L1_OVERLAPPED_AB3828-L1_OVERLAPPED_AB3829-L1_OVERLAPPED_AB3830-L1.broadPeak.bdg
	Effective Genome size set to 2150570000
	Will perform Gene Ontology analysis - output to directory = /data/shamsaddinisha/jfarber-20160119-P1/spsingh-20190308-E1/spsingh-20190521-D1/mm10/Ccl20+_UT/peak_annotate/broadpeak/AB3827-L1_OVERLAPPED_AB3828-L1_OVERLAPPED_AB3829-L1_OVERLAPPED_AB3830-L1
	Will use up to 30 CPUs in parts that can use them
	Peak/BED file conversion summary:
		BED/Header formatted lines: 91188
		peakfile formatted lines: 0
		Duplicated Peak IDs: 0

	Peak File Statistics:
		Total Peaks: 91188
		Redundant Peak IDs: 0
		Peaks lacking information: 0 (need at least 5 columns per peak)
		Peaks with misformatted coordinates: 0 (should be integer)
		Peaks with misformatted strand: 0 (should be either +/- or 0/1)

	Peak file looks good!

	Reading Positions...
	-----------------------
	Finding Closest TSS...
	Annotating:.....................
		Annotation	Number of peaks	Total size (bp)	Log2 Enrichment
		3UTR	825.0	19834990	0.312
		miRNA	3.0	24854	1.849
		ncRNA	264.0	2936051	1.424
		TTS	1349.0	26405695	0.608
		pseudo	21.0	502464	0.319
		Exon	2558.0	33478124	1.189
		Intron	37723.0	933720660	0.270
		Intergenic	38061.0	1673583365	-0.559
		Promoter	9038.0	28680226	3.233
		5UTR	1342.0	2124691	4.236
		snoRNA	0.0	19	-16.477
		rRNA	1.0	5631	2.406
	NOTE: If this part takes more than 2 minutes, there is a good chance
		your machine ran out of memory: consider hitting ctrl+C and rerunning
		the command with "-noann"
	Annotating:......................
		Annotation	Number of peaks	Total size (bp)	Log2 Enrichment
		3UTR	825.0	19834990	0.312
		Other	247.0	7961937	-0.111
		RC?	0.0	10979	-16.477
		RNA	2.0	114021	-0.933
		miRNA	3.0	24854	1.850
		ncRNA	263.0	2936051	1.419
		TTS	1349.0	26405695	0.609
		LINE	2886.0	543766991	-2.658
		LINE?	0.0	8168	-16.477
		srpRNA	1.0	43388	-0.539
		SINE	4076.0	196807247	-0.694
		RC	2.0	65909	-0.142
		tRNA	20.0	267060	1.161
		DNA?	6.0	142459	0.331
		pseudo	21.0	502464	0.319
		DNA	1006.0	28719782	0.065
		Exon	2558.0	33478124	1.190
		Intron	29852.0	593180973	0.587
		Intergenic	29264.0	835645217	0.064
		Promoter	9037.0	28680226	3.234
		5UTR	1341.0	2124691	4.236
		snoRNA	0.0	19	-16.477
		LTR?	13.0	193287	1.006
		scRNA	11.0	604045	-0.879
		CpG-Island	2131.0	3320125	4.260
		Low_complexity	227.0	19418537	-1.519
		LTR	5461.0	313292931	-0.942
		Simple_repeat	492.0	57597764	-1.971
		snRNA	7.0	237495	-0.184
		Unknown	15.0	2416409	-2.432
		SINE?	2.0	29758	1.005
		Satellite	41.0	4537622	-1.890
		rRNA	29.0	166665	2.377
	Performing Gene Ontology Analysis...
	Counting Tags in Peaks from each directory...
	Organism: mouse
	Loading Gene Informaiton...
	Outputing Annotation File...
	Done annotating peaks file

#
DONE!!!!
#
ELAPSED TIME: 82 seconds
----------------------------------------------------------------------------
[Sun May 26 00:22:56 2019]
Finished job 0.
1 of 1 steps (100%) done
