Building DAG of jobs...
Using shell: /usr/bin/bash
Provided cores: 30
Rules claiming more threads will be scaled down.
Unlimited resources: mem_mb
Job counts:
	count	jobs
	1	Homer_NarrowPeak_Annotate
	1

[Sat May 25 23:09:00 2019]
Job 0: Homer_NarrowPeak_Annotate: Ccl20+_T|AB3836-L1

[+] Loading macs  2.1.2 
[-] Unloading samtools 1.9  ... 
[+] Loading samtools 1.9  ... 
[+] Loading bedtools  2.27.1 
[+] Loading deeptools  3.1.3 
[+] Loading ucsc 373 on cn2122 
[+] Loading gcc  7.3.0  ... 
[+] Loading GSL 2.4 for GCC 7.2.0 ... 
[-] Unloading gcc  7.3.0  ... 
[+] Loading gcc  7.3.0  ... 
[+] Loading openmpi 3.0.2  for GCC 7.3.0 
[+] Loading ImageMagick  7.0.8  on cn2122 
[+] Loading HDF5  1.10.4 
[+] Loading pandoc  2.1.1  on cn2122 
[+] Loading R 3.5.2 
[-] Unloading samtools 1.9  ... 
[+] Loading samtools 1.9  ... 
[+] Loading homer  4.10.1 
###################################- COMMANDLINE -############################
module load macs/2.1.2 || exit 1
module load samtools/1.9 || exit 1
module load bedtools/2.27.1 || exit 1
module load deeptools/3.1.3 || exit 1
module load ucsc/373 || exit 1
module load homer/4.10.1 || exit 1
#
Description:
Peak Annotate Narrow
#
INPUT1: /data/shamsaddinisha/jfarber-20160119-P1/spsingh-20190308-E1/spsingh-20190521-D1/mm10/Ccl20+_T/peak_calling/narrowpeak/AB3836-L1.narrowPeak.gz
INPUT2: /data/shamsaddinisha/jfarber-20160119-P1/spsingh-20190308-E1/spsingh-20190521-D1/mm10/Ccl20+_T/peak_calling/narrowpeak/AB3836-L1.narrowPeak.bdg
#
OUTPUT1: /data/shamsaddinisha/jfarber-20160119-P1/spsingh-20190308-E1/spsingh-20190521-D1/mm10/Ccl20+_T/peak_annotate/narrowpeak/AB3836-L1/AB3836-L1.narrowPeak.homer_annotate.txt
++++++++++++++++++++++++++++++++++++++++++++++++++++++++++++++++++++++++++++++
gunzip < /data/shamsaddinisha/jfarber-20160119-P1/spsingh-20190308-E1/spsingh-20190521-D1/mm10/Ccl20+_T/peak_calling/narrowpeak/AB3836-L1.narrowPeak.gz > /data/shamsaddinisha/jfarber-20160119-P1/spsingh-20190308-E1/spsingh-20190521-D1/mm10/Ccl20+_T/peak_annotate/narrowpeak/AB3836-L1/AB3836-L1.narrowPeak.bed
#
homer_annotate_file=/data/shamsaddinisha/jfarber-20160119-P1/spsingh-20190308-E1/spsingh-20190521-D1/mm10/Ccl20+_T/peak_annotate/narrowpeak/AB3836-L1/annotate.txt
#
homer_annotate_statistics_file=/data/shamsaddinisha/jfarber-20160119-P1/spsingh-20190308-E1/spsingh-20190521-D1/mm10/Ccl20+_T/peak_annotate/narrowpeak/AB3836-L1/annotate_statistics.txt
#
annotatePeaks.pl /data/shamsaddinisha/jfarber-20160119-P1/spsingh-20190308-E1/spsingh-20190521-D1/mm10/Ccl20+_T/peak_annotate/narrowpeak/AB3836-L1/AB3836-L1.narrowPeak.bed mm10 -bedGraph /data/shamsaddinisha/jfarber-20160119-P1/spsingh-20190308-E1/spsingh-20190521-D1/mm10/Ccl20+_T/peak_calling/narrowpeak/AB3836-L1.narrowPeak.bdg -gsize 2150570000 -go /data/shamsaddinisha/jfarber-20160119-P1/spsingh-20190308-E1/spsingh-20190521-D1/mm10/Ccl20+_T/peak_annotate/narrowpeak/AB3836-L1 -annStats /data/shamsaddinisha/jfarber-20160119-P1/spsingh-20190308-E1/spsingh-20190521-D1/mm10/Ccl20+_T/peak_annotate/narrowpeak/AB3836-L1/annotate_statistics.txt -cpu 30 > /data/shamsaddinisha/jfarber-20160119-P1/spsingh-20190308-E1/spsingh-20190521-D1/mm10/Ccl20+_T/peak_annotate/narrowpeak/AB3836-L1/annotate.txt
#
for file in /data/shamsaddinisha/jfarber-20160119-P1/spsingh-20190308-E1/spsingh-20190521-D1/mm10/Ccl20+_T/peak_annotate/narrowpeak/AB3836-L1/*.txt
do
	name=$file
	name=AB3836-L1.narrowPeak.homer_$name
	mv $file /data/shamsaddinisha/jfarber-20160119-P1/spsingh-20190308-E1/spsingh-20190521-D1/mm10/Ccl20+_T/peak_annotate/narrowpeak/AB3836-L1/$name
done
#
EXECUTING....
#

	Peak file = /data/shamsaddinisha/jfarber-20160119-P1/spsingh-20190308-E1/spsingh-20190521-D1/mm10/Ccl20+_T/peak_annotate/narrowpeak/AB3836-L1/AB3836-L1.narrowPeak.bed
	Genome = mm10
	Organism = mouse
	bedGraph Files:
		/data/shamsaddinisha/jfarber-20160119-P1/spsingh-20190308-E1/spsingh-20190521-D1/mm10/Ccl20+_T/peak_calling/narrowpeak/AB3836-L1.narrowPeak.bdg
	Effective Genome size set to 2150570000
	Will perform Gene Ontology analysis - output to directory = /data/shamsaddinisha/jfarber-20160119-P1/spsingh-20190308-E1/spsingh-20190521-D1/mm10/Ccl20+_T/peak_annotate/narrowpeak/AB3836-L1
	Will use up to 30 CPUs in parts that can use them
	Peak/BED file conversion summary:
		BED/Header formatted lines: 164833
		peakfile formatted lines: 0
		Duplicated Peak IDs: 0

	Peak File Statistics:
		Total Peaks: 164833
		Redundant Peak IDs: 0
		Peaks lacking information: 0 (need at least 5 columns per peak)
		Peaks with misformatted coordinates: 0 (should be integer)
		Peaks with misformatted strand: 0 (should be either +/- or 0/1)

	Peak file looks good!

	Reading Positions...
	-----------------------
	Finding Closest TSS...
	Annotating:.....................
		Annotation	Number of peaks	Total size (bp)	Log2 Enrichment
		3UTR	1317.0	19834990	0.133
		miRNA	6.0	24854	1.995
		ncRNA	535.0	2936051	1.589
		TTS	2425.0	26405695	0.601
		pseudo	29.0	502464	-0.069
		Exon	5046.0	33478124	1.315
		Intron	63277.0	933720660	0.162
		Intergenic	63495.0	1673583365	-0.675
		Promoter	25341.0	28680226	3.867
		5UTR	3334.0	2124691	4.695
		snoRNA	0.0	19	-17.330
		rRNA	1.0	5631	1.552
	NOTE: If this part takes more than 2 minutes, there is a good chance
		your machine ran out of memory: consider hitting ctrl+C and rerunning
		the command with "-noann"
	Annotating:......................
		Annotation	Number of peaks	Total size (bp)	Log2 Enrichment
		3UTR	1317.0	19834990	0.133
		Other	376.0	7961937	-0.358
		RC?	0.0	10979	-17.331
		RNA	1.0	114021	-2.787
		miRNA	6.0	24854	1.995
		ncRNA	533.0	2936051	1.584
		TTS	2425.0	26405695	0.601
		LINE	4969.0	543766991	-2.728
		LINE?	0.0	8168	-17.331
		srpRNA	0.0	43388	-17.331
		SINE	6724.0	196807247	-0.825
		RC	4.0	65909	0.003
		tRNA	69.0	267060	2.093
		DNA?	17.0	142459	0.979
		pseudo	29.0	502464	-0.069
		DNA	1601.0	28719782	-0.119
		Exon	5046.0	33478124	1.316
		Intron	48902.0	593180973	0.445
		Intergenic	47569.0	835645217	-0.089
		Promoter	25336.0	28680226	3.867
		5UTR	3332.0	2124691	4.695
		snoRNA	0.0	19	-17.331
		LTR?	21.0	193287	0.844
		scRNA	12.0	604045	-1.608
		CpG-Island	5482.0	3320125	4.769
		Low_complexity	239.0	19418537	-2.298
		LTR	10200.0	313292931	-0.895
		Simple_repeat	470.0	57597764	-2.891
		snRNA	25.0	237495	0.798
		Unknown	29.0	2416409	-2.335
		SINE?	1.0	29758	-0.849
		Satellite	63.0	4537622	-2.125
		rRNA	35.0	166665	1.794
	Performing Gene Ontology Analysis...
	Counting Tags in Peaks from each directory...
slurmstepd: error: _get_pss: ferror() indicates error on file /proc/10250/smaps
	Organism: mouse
	Loading Gene Informaiton...
	Outputing Annotation File...
	Done annotating peaks file

#
DONE!!!!
#
ELAPSED TIME: 164 seconds
----------------------------------------------------------------------------
[Sat May 25 23:11:52 2019]
Finished job 0.
1 of 1 steps (100%) done
