Building DAG of jobs...
Using shell: /usr/bin/bash
Provided cores: 30
Rules claiming more threads will be scaled down.
Unlimited resources: mem_mb
Job counts:
	count	jobs
	1	Peak_Calling_Narrow
	1

[Fri May 24 22:46:53 2019]
Job 0: Peak_Calling_Narrow: Ccl20+_UT|AB3830-L1

[-] Unloading samtools 1.9  ... 
[+] Loading samtools 1.9  ... 
[+] Loading macs  2.1.2 
[+] Loading bedtools  2.27.1 
[+] Loading deeptools  3.1.3 
[+] Loading ucsc 373 on cn2032 
###################################- COMMANDLINE -############################
module load samtools/1.9 || exit 1
module load macs/2.1.2 || exit 1
module load bedtools/2.27.1 || exit 1
module load deeptools/3.1.3 || exit 1
module load ucsc/373 || exit 1
#
Description:
Peak Calling Narrow
#
INPUT1: /data/shamsaddinisha/jfarber-20160119-P1/spsingh-20190308-E1/spsingh-20190521-D1/mm10/Ccl20+_UT/post_alignment/AB3830-L1.processed.bam
INPUT2: /data/shamsaddinisha/jfarber-20160119-P1/spsingh-20190308-E1/spsingh-20190521-D1/mm10/Ccl20+_UT/post_alignment/AB3830-L1.processed.bam.bai
INPUT3: /data/shamsaddinisha/jfarber-20160119-P1/spsingh-20190308-E1/spsingh-20190521-D1/mm10/Ccl20+_UT/post_alignment/AB3830-L1.processed.bed.gz
INPUT4: /data/shamsaddinisha/jfarber-20160119-P1/spsingh-20190308-E1/spsingh-20190521-D1/mm10/Ccl20+_UT/post_alignment/AB3830-L1.processed.bed.gz.tbi
#
OUTPUT1: /data/shamsaddinisha/jfarber-20160119-P1/spsingh-20190308-E1/spsingh-20190521-D1/mm10/Ccl20+_UT/peak_calling/narrowpeak/AB3830-L1.narrowPeak.gz
OUTPUT2: /data/shamsaddinisha/jfarber-20160119-P1/spsingh-20190308-E1/spsingh-20190521-D1/mm10/Ccl20+_UT/peak_calling/narrowpeak/AB3830-L1.narrowPeak.gz.tbi
OUTPUT3: /data/shamsaddinisha/jfarber-20160119-P1/spsingh-20190308-E1/spsingh-20190521-D1/mm10/Ccl20+_UT/peak_calling/narrowpeak/AB3830-L1.narrowPeak.bb
OUTPUT4: /data/shamsaddinisha/jfarber-20160119-P1/spsingh-20190308-E1/spsingh-20190521-D1/mm10/Ccl20+_UT/peak_calling/narrowpeak/AB3830-L1.narrowPeak.bdg
OUTPUT5: /data/shamsaddinisha/jfarber-20160119-P1/spsingh-20190308-E1/spsingh-20190521-D1/mm10/Ccl20+_UT/peak_calling/narrowpeak/AB3830-L1.narrowPeak.bigwig
++++++++++++++++++++++++++++++++++++++++++++++++++++++++++++++++++++++++++++++
macs2 callpeak --treatment /data/shamsaddinisha/jfarber-20160119-P1/spsingh-20190308-E1/spsingh-20190521-D1/mm10/Ccl20+_UT/post_alignment/AB3830-L1.processed.bed.gz --name AB3830-L1.macs2_narrow --format BED --gsize mm --call-summits --keep-dup all -q 5.00e-02 -B --SPMR --nomodel --shift -75 --extsize 150 --verbose 3 --outdir /data/shamsaddinisha/jfarber-20160119-P1/spsingh-20190308-E1/spsingh-20190521-D1/mm10/Ccl20+_UT/peak_calling/narrowpeak
#
LC_COLLATE=C sort -k1,1 -k2,2n /data/shamsaddinisha/jfarber-20160119-P1/spsingh-20190308-E1/spsingh-20190521-D1/mm10/Ccl20+_UT/peak_calling/narrowpeak/AB3830-L1.macs2_narrow_peaks.narrowPeak > /data/shamsaddinisha/jfarber-20160119-P1/spsingh-20190308-E1/spsingh-20190521-D1/mm10/Ccl20+_UT/peak_calling/narrowpeak/AB3830-L1.narrowPeak.gz.sorted
#
bgzip -c /data/shamsaddinisha/jfarber-20160119-P1/spsingh-20190308-E1/spsingh-20190521-D1/mm10/Ccl20+_UT/peak_calling/narrowpeak/AB3830-L1.narrowPeak.gz.sorted > /data/shamsaddinisha/jfarber-20160119-P1/spsingh-20190308-E1/spsingh-20190521-D1/mm10/Ccl20+_UT/peak_calling/narrowpeak/AB3830-L1.narrowPeak.gz
#
tabix -f -p bed /data/shamsaddinisha/jfarber-20160119-P1/spsingh-20190308-E1/spsingh-20190521-D1/mm10/Ccl20+_UT/peak_calling/narrowpeak/AB3830-L1.narrowPeak.gz
#
awk 'BEGIN{OFS="\t"}{if ($5>1000) $5=1000; print $0}' /data/shamsaddinisha/jfarber-20160119-P1/spsingh-20190308-E1/spsingh-20190521-D1/mm10/Ccl20+_UT/peak_calling/narrowpeak/AB3830-L1.narrowPeak.gz.sorted > /data/shamsaddinisha/jfarber-20160119-P1/spsingh-20190308-E1/spsingh-20190521-D1/mm10/Ccl20+_UT/peak_calling/narrowpeak/AB3830-L1.narrowPeak.gz.tmp
#
bedToBigBed -as=./Script/bigNarrowPeak.as -type=bed6+4 /data/shamsaddinisha/jfarber-20160119-P1/spsingh-20190308-E1/spsingh-20190521-D1/mm10/Ccl20+_UT/peak_calling/narrowpeak/AB3830-L1.narrowPeak.gz.tmp /fdb/atac_dnase_pipelines/mm10/mm10.chrom.sizes /data/shamsaddinisha/jfarber-20160119-P1/spsingh-20190308-E1/spsingh-20190521-D1/mm10/Ccl20+_UT/peak_calling/narrowpeak/AB3830-L1.narrowPeak.bb
#
macs2 bdgcmp -t /data/shamsaddinisha/jfarber-20160119-P1/spsingh-20190308-E1/spsingh-20190521-D1/mm10/Ccl20+_UT/peak_calling/narrowpeak/AB3830-L1.macs2_narrow_treat_pileup.bdg -c /data/shamsaddinisha/jfarber-20160119-P1/spsingh-20190308-E1/spsingh-20190521-D1/mm10/Ccl20+_UT/peak_calling/narrowpeak/AB3830-L1.macs2_narrow_control_lambda.bdg --o-prefix AB3830-L1.macs2_narrow --outdir /data/shamsaddinisha/jfarber-20160119-P1/spsingh-20190308-E1/spsingh-20190521-D1/mm10/Ccl20+_UT/peak_calling/narrowpeak --method FE --pseudocount 0.00001
#
slopBed -i /data/shamsaddinisha/jfarber-20160119-P1/spsingh-20190308-E1/spsingh-20190521-D1/mm10/Ccl20+_UT/peak_calling/narrowpeak/AB3830-L1.macs2_narrow_FE.bdg -g /fdb/atac_dnase_pipelines/mm10/mm10.chrom.sizes -b 0 | bedClip stdin /fdb/atac_dnase_pipelines/mm10/mm10.chrom.sizes /data/shamsaddinisha/jfarber-20160119-P1/spsingh-20190308-E1/spsingh-20190521-D1/mm10/Ccl20+_UT/peak_calling/narrowpeak/AB3830-L1.narrowPeak.bdg.tmp
#
LC_COLLATE=C sort -k1,1 -k2,2n /data/shamsaddinisha/jfarber-20160119-P1/spsingh-20190308-E1/spsingh-20190521-D1/mm10/Ccl20+_UT/peak_calling/narrowpeak/AB3830-L1.narrowPeak.bdg.tmp > /data/shamsaddinisha/jfarber-20160119-P1/spsingh-20190308-E1/spsingh-20190521-D1/mm10/Ccl20+_UT/peak_calling/narrowpeak/AB3830-L1.narrowPeak.bdg
#
cut -f1,2,3 /data/shamsaddinisha/jfarber-20160119-P1/spsingh-20190308-E1/spsingh-20190521-D1/mm10/Ccl20+_UT/peak_calling/narrowpeak/AB3830-L1.narrowPeak.bdg | sort | uniq -d > /data/shamsaddinisha/jfarber-20160119-P1/spsingh-20190308-E1/spsingh-20190521-D1/mm10/Ccl20+_UT/peak_calling/narrowpeak/AB3830-L1.narrow.duplicate.txt
#
cut -f1,2 /data/shamsaddinisha/jfarber-20160119-P1/spsingh-20190308-E1/spsingh-20190521-D1/mm10/Ccl20+_UT/peak_calling/narrowpeak/AB3830-L1.narrowPeak.bdg | sort | uniq -d >> /data/shamsaddinisha/jfarber-20160119-P1/spsingh-20190308-E1/spsingh-20190521-D1/mm10/Ccl20+_UT/peak_calling/narrowpeak/AB3830-L1.narrow.duplicate.txt
#
cut -f1,3 /data/shamsaddinisha/jfarber-20160119-P1/spsingh-20190308-E1/spsingh-20190521-D1/mm10/Ccl20+_UT/peak_calling/narrowpeak/AB3830-L1.narrowPeak.bdg | sort | uniq -d | sed 's/\t/\t.*\t/' >> /data/shamsaddinisha/jfarber-20160119-P1/spsingh-20190308-E1/spsingh-20190521-D1/mm10/Ccl20+_UT/peak_calling/narrowpeak/AB3830-L1.narrow.duplicate.txt
#
if [ -s /data/shamsaddinisha/jfarber-20160119-P1/spsingh-20190308-E1/spsingh-20190521-D1/mm10/Ccl20+_UT/peak_calling/narrowpeak/AB3830-L1.narrow.duplicate.txt ]; then
	while IFS= read line; do grep -nr -m 1 --perl-regex '$line' /data/shamsaddinisha/jfarber-20160119-P1/spsingh-20190308-E1/spsingh-20190521-D1/mm10/Ccl20+_UT/peak_calling/narrowpeak/AB3830-L1.narrowPeak.bdg | cut -d':' -f1 >> /data/shamsaddinisha/jfarber-20160119-P1/spsingh-20190308-E1/spsingh-20190521-D1/mm10/Ccl20+_UT/peak_calling/narrowpeak/AB3830-L1.narrow.duplicate_line.txt; done< /data/shamsaddinisha/jfarber-20160119-P1/spsingh-20190308-E1/spsingh-20190521-D1/mm10/Ccl20+_UT/peak_calling/narrowpeak/AB3830-L1.narrow.duplicate.txt
	while IFS= read line; do sed '$lined' /data/shamsaddinisha/jfarber-20160119-P1/spsingh-20190308-E1/spsingh-20190521-D1/mm10/Ccl20+_UT/peak_calling/narrowpeak/AB3830-L1.narrowPeak.bdg > /data/shamsaddinisha/jfarber-20160119-P1/spsingh-20190308-E1/spsingh-20190521-D1/mm10/Ccl20+_UT/peak_calling/narrowpeak/AB3830-L1.narrowPeak.bdg.tmp; done< /data/shamsaddinisha/jfarber-20160119-P1/spsingh-20190308-E1/spsingh-20190521-D1/mm10/Ccl20+_UT/peak_calling/narrowpeak/AB3830-L1.narrow.duplicate_line.txt
fi
#
LC_COLLATE=C sort -k1,1 -k2,2n /data/shamsaddinisha/jfarber-20160119-P1/spsingh-20190308-E1/spsingh-20190521-D1/mm10/Ccl20+_UT/peak_calling/narrowpeak/AB3830-L1.narrowPeak.bdg.tmp > /data/shamsaddinisha/jfarber-20160119-P1/spsingh-20190308-E1/spsingh-20190521-D1/mm10/Ccl20+_UT/peak_calling/narrowpeak/AB3830-L1.narrowPeak.bdg
bedGraphToBigWig /data/shamsaddinisha/jfarber-20160119-P1/spsingh-20190308-E1/spsingh-20190521-D1/mm10/Ccl20+_UT/peak_calling/narrowpeak/AB3830-L1.narrowPeak.bdg /fdb/atac_dnase_pipelines/mm10/mm10.chrom.sizes /data/shamsaddinisha/jfarber-20160119-P1/spsingh-20190308-E1/spsingh-20190521-D1/mm10/Ccl20+_UT/peak_calling/narrowpeak/AB3830-L1.narrowPeak.bigwig
#
if [ -f /data/shamsaddinisha/jfarber-20160119-P1/spsingh-20190308-E1/spsingh-20190521-D1/mm10/Ccl20+_UT/peak_calling/narrowpeak/AB3830-L1.narrowPeak.bigwig ]; then
	rm -rf /data/shamsaddinisha/jfarber-20160119-P1/spsingh-20190308-E1/spsingh-20190521-D1/mm10/Ccl20+_UT/peak_calling/narrowpeak/AB3830-L1.macs2_narrow_peaks.narrowPeak
	rm -rf /data/shamsaddinisha/jfarber-20160119-P1/spsingh-20190308-E1/spsingh-20190521-D1/mm10/Ccl20+_UT/peak_calling/narrowpeak/AB3830-L1.macs2_narrow_summits.bed
	rm -rf /data/shamsaddinisha/jfarber-20160119-P1/spsingh-20190308-E1/spsingh-20190521-D1/mm10/Ccl20+_UT/peak_calling/narrowpeak/AB3830-L1.macs2_narrow_treat_pileup.bdg
	rm -rf /data/shamsaddinisha/jfarber-20160119-P1/spsingh-20190308-E1/spsingh-20190521-D1/mm10/Ccl20+_UT/peak_calling/narrowpeak/AB3830-L1.macs2_narrow_control_lambda.bdg
	rm -rf /data/shamsaddinisha/jfarber-20160119-P1/spsingh-20190308-E1/spsingh-20190521-D1/mm10/Ccl20+_UT/peak_calling/narrowpeak/AB3830-L1.macs2_narrow_FE.bdg
	rm -rf /data/shamsaddinisha/jfarber-20160119-P1/spsingh-20190308-E1/spsingh-20190521-D1/mm10/Ccl20+_UT/peak_calling/narrowpeak/AB3830-L1.narrowPeak.gz.tmp
	rm -rf /data/shamsaddinisha/jfarber-20160119-P1/spsingh-20190308-E1/spsingh-20190521-D1/mm10/Ccl20+_UT/peak_calling/narrowpeak/AB3830-L1.narrowPeak.gz.sorted
	rm -rf /data/shamsaddinisha/jfarber-20160119-P1/spsingh-20190308-E1/spsingh-20190521-D1/mm10/Ccl20+_UT/peak_calling/narrowpeak/AB3830-L1.narrowPeak.bdg.tmp
	rm -rf /data/shamsaddinisha/jfarber-20160119-P1/spsingh-20190308-E1/spsingh-20190521-D1/mm10/Ccl20+_UT/peak_calling/narrowpeak/AB3830-L1.narrow.duplicate.txt
	rm -rf /data/shamsaddinisha/jfarber-20160119-P1/spsingh-20190308-E1/spsingh-20190521-D1/mm10/Ccl20+_UT/peak_calling/narrowpeak/AB3830-L1.narrow.duplicate_line.txt
fi
#
EXECUTING....
#
INFO  @ Fri, 24 May 2019 22:46:57: 
# Command line: callpeak --treatment /data/shamsaddinisha/jfarber-20160119-P1/spsingh-20190308-E1/spsingh-20190521-D1/mm10/Ccl20+_UT/post_alignment/AB3830-L1.processed.bed.gz --name AB3830-L1.macs2_narrow --format BED --gsize mm --call-summits --keep-dup all -q 5.00e-02 -B --SPMR --nomodel --shift -75 --extsize 150 --verbose 3 --outdir /data/shamsaddinisha/jfarber-20160119-P1/spsingh-20190308-E1/spsingh-20190521-D1/mm10/Ccl20+_UT/peak_calling/narrowpeak
# ARGUMENTS LIST:
# name = AB3830-L1.macs2_narrow
# format = BED
# ChIP-seq file = ['/data/shamsaddinisha/jfarber-20160119-P1/spsingh-20190308-E1/spsingh-20190521-D1/mm10/Ccl20+_UT/post_alignment/AB3830-L1.processed.bed.gz']
# control file = None
# effective genome size = 1.87e+09
# band width = 300
# model fold = [5, 50]
# qvalue cutoff = 5.00e-02
# The maximum gap between significant sites is assigned as the read length/tag size.
# The minimum length of peaks is assigned as the predicted fragment length "d".
# Larger dataset will be scaled towards smaller dataset.
# Range for calculating regional lambda is: 10000 bps
# Broad region calling is off
# Paired-End mode is off
# Searching for subpeak summits is on
# MACS will save fragment pileup signal per million reads
 
INFO  @ Fri, 24 May 2019 22:46:57: #1 read tag files... 
INFO  @ Fri, 24 May 2019 22:46:57: #1 read treatment tags... 
INFO  @ Fri, 24 May 2019 22:47:00:  1000000 
INFO  @ Fri, 24 May 2019 22:47:02:  2000000 
INFO  @ Fri, 24 May 2019 22:47:05:  3000000 
INFO  @ Fri, 24 May 2019 22:47:07:  4000000 
INFO  @ Fri, 24 May 2019 22:47:10:  5000000 
INFO  @ Fri, 24 May 2019 22:47:12:  6000000 
INFO  @ Fri, 24 May 2019 22:47:15:  7000000 
INFO  @ Fri, 24 May 2019 22:47:17:  8000000 
INFO  @ Fri, 24 May 2019 22:47:20:  9000000 
INFO  @ Fri, 24 May 2019 22:47:22:  10000000 
INFO  @ Fri, 24 May 2019 22:47:25:  11000000 
INFO  @ Fri, 24 May 2019 22:47:27:  12000000 
INFO  @ Fri, 24 May 2019 22:47:30:  13000000 
INFO  @ Fri, 24 May 2019 22:47:32:  14000000 
INFO  @ Fri, 24 May 2019 22:47:35:  15000000 
INFO  @ Fri, 24 May 2019 22:47:37:  16000000 
INFO  @ Fri, 24 May 2019 22:47:40:  17000000 
INFO  @ Fri, 24 May 2019 22:47:42:  18000000 
INFO  @ Fri, 24 May 2019 22:47:45:  19000000 
INFO  @ Fri, 24 May 2019 22:47:47:  20000000 
INFO  @ Fri, 24 May 2019 22:47:50:  21000000 
INFO  @ Fri, 24 May 2019 22:47:52:  22000000 
INFO  @ Fri, 24 May 2019 22:47:55:  23000000 
INFO  @ Fri, 24 May 2019 22:47:57:  24000000 
INFO  @ Fri, 24 May 2019 22:48:00:  25000000 
INFO  @ Fri, 24 May 2019 22:48:02:  26000000 
INFO  @ Fri, 24 May 2019 22:48:05:  27000000 
INFO  @ Fri, 24 May 2019 22:48:07:  28000000 
INFO  @ Fri, 24 May 2019 22:48:10:  29000000 
INFO  @ Fri, 24 May 2019 22:48:12:  30000000 
INFO  @ Fri, 24 May 2019 22:48:15:  31000000 
INFO  @ Fri, 24 May 2019 22:48:17:  32000000 
INFO  @ Fri, 24 May 2019 22:48:20:  33000000 
INFO  @ Fri, 24 May 2019 22:48:22:  34000000 
INFO  @ Fri, 24 May 2019 22:48:25:  35000000 
INFO  @ Fri, 24 May 2019 22:48:27:  36000000 
INFO  @ Fri, 24 May 2019 22:48:30:  37000000 
INFO  @ Fri, 24 May 2019 22:48:32:  38000000 
INFO  @ Fri, 24 May 2019 22:48:35:  39000000 
INFO  @ Fri, 24 May 2019 22:48:37:  40000000 
INFO  @ Fri, 24 May 2019 22:48:40:  41000000 
INFO  @ Fri, 24 May 2019 22:48:42:  42000000 
INFO  @ Fri, 24 May 2019 22:48:45:  43000000 
INFO  @ Fri, 24 May 2019 22:48:47:  44000000 
INFO  @ Fri, 24 May 2019 22:48:50:  45000000 
INFO  @ Fri, 24 May 2019 22:48:52:  46000000 
INFO  @ Fri, 24 May 2019 22:48:55:  47000000 
INFO  @ Fri, 24 May 2019 22:48:57:  48000000 
INFO  @ Fri, 24 May 2019 22:49:00:  49000000 
INFO  @ Fri, 24 May 2019 22:49:02:  50000000 
INFO  @ Fri, 24 May 2019 22:49:05:  51000000 
INFO  @ Fri, 24 May 2019 22:49:07:  52000000 
INFO  @ Fri, 24 May 2019 22:49:10:  53000000 
INFO  @ Fri, 24 May 2019 22:49:12:  54000000 
INFO  @ Fri, 24 May 2019 22:49:15:  55000000 
INFO  @ Fri, 24 May 2019 22:49:17:  56000000 
INFO  @ Fri, 24 May 2019 22:49:19:  57000000 
INFO  @ Fri, 24 May 2019 22:49:22:  58000000 
INFO  @ Fri, 24 May 2019 22:49:24:  59000000 
INFO  @ Fri, 24 May 2019 22:49:27:  60000000 
INFO  @ Fri, 24 May 2019 22:49:29:  61000000 
INFO  @ Fri, 24 May 2019 22:49:32:  62000000 
INFO  @ Fri, 24 May 2019 22:49:34:  63000000 
INFO  @ Fri, 24 May 2019 22:49:38: #1 tag size is determined as 70 bps 
INFO  @ Fri, 24 May 2019 22:49:38: #1 tag size = 70.0 
INFO  @ Fri, 24 May 2019 22:49:38: #1  total tags in treatment: 63840584 
INFO  @ Fri, 24 May 2019 22:49:38: #1 finished! 
INFO  @ Fri, 24 May 2019 22:49:38: #2 Build Peak Model... 
INFO  @ Fri, 24 May 2019 22:49:38: #2 Skipped... 
INFO  @ Fri, 24 May 2019 22:49:38: #2 Use 150 as fragment length 
INFO  @ Fri, 24 May 2019 22:49:38: #2 Sequencing ends will be shifted towards 5' by 75 bp(s) 
INFO  @ Fri, 24 May 2019 22:49:38: #3 Call peaks... 
INFO  @ Fri, 24 May 2019 22:49:38: #3 Going to call summits inside each peak ... 
INFO  @ Fri, 24 May 2019 22:49:38: #3 Pre-compute pvalue-qvalue table... 
DEBUG @ Fri, 24 May 2019 22:49:38: Start to calculate pvalue stat... 
DEBUG @ Fri, 24 May 2019 22:53:33: access pq hash for 174815637 times 
INFO  @ Fri, 24 May 2019 22:53:33: #3 In the peak calling step, the following will be performed simultaneously: 
INFO  @ Fri, 24 May 2019 22:53:33: #3   Write bedGraph files for treatment pileup (after scaling if necessary)... AB3830-L1.macs2_narrow_treat_pileup.bdg 
INFO  @ Fri, 24 May 2019 22:53:33: #3   Write bedGraph files for control lambda (after scaling if necessary)... AB3830-L1.macs2_narrow_control_lambda.bdg 
INFO  @ Fri, 24 May 2019 22:53:33: #3   --SPMR is requested, so pileup will be normalized by sequencing depth in million reads. 
INFO  @ Fri, 24 May 2019 22:53:33: #3 Call peaks for each chromosome... 
INFO  @ Fri, 24 May 2019 23:01:19: #4 Write output xls file... /data/shamsaddinisha/jfarber-20160119-P1/spsingh-20190308-E1/spsingh-20190521-D1/mm10/Ccl20+_UT/peak_calling/narrowpeak/AB3830-L1.macs2_narrow_peaks.xls 
INFO  @ Fri, 24 May 2019 23:01:20: #4 Write peak in narrowPeak format file... /data/shamsaddinisha/jfarber-20160119-P1/spsingh-20190308-E1/spsingh-20190521-D1/mm10/Ccl20+_UT/peak_calling/narrowpeak/AB3830-L1.macs2_narrow_peaks.narrowPeak 
INFO  @ Fri, 24 May 2019 23:01:21: #4 Write summits bed file... /data/shamsaddinisha/jfarber-20160119-P1/spsingh-20190308-E1/spsingh-20190521-D1/mm10/Ccl20+_UT/peak_calling/narrowpeak/AB3830-L1.macs2_narrow_summits.bed 
INFO  @ Fri, 24 May 2019 23:01:21: Done! 
pass1 - making usageList (22 chroms): 62 millis
pass2 - checking and writing primary data (157109 records, 10 fields): 797 millis
INFO  @ Fri, 24 May 2019 23:01:26: Read and build treatment bedGraph... 
INFO  @ Fri, 24 May 2019 23:03:21: Read and build control bedGraph... 
INFO  @ Fri, 24 May 2019 23:04:01: Build scoreTrackII... 
INFO  @ Fri, 24 May 2019 23:04:42: Calculate scores comparing treatment and control by 'FE'... 
INFO  @ Fri, 24 May 2019 23:13:19: Write bedGraph of scores... 
INFO  @ Fri, 24 May 2019 23:17:10: Finished 'FE'! Please check '/data/shamsaddinisha/jfarber-20160119-P1/spsingh-20190308-E1/spsingh-20190521-D1/mm10/Ccl20+_UT/peak_calling/narrowpeak/AB3830-L1.macs2_narrow_FE.bdg'! 
#
DONE!!!!
#
ELAPSED TIME: 5407 seconds
------------------------------------------------------------------------------
[Sat May 25 00:17:04 2019]
Finished job 0.
1 of 1 steps (100%) done
