Building DAG of jobs...
Using shell: /usr/bin/bash
Provided cores: 30
Rules claiming more threads will be scaled down.
Unlimited resources: mem_mb
Job counts:
	count	jobs
	1	Peak_Calling_Narrow
	1

[Fri May 24 19:03:37 2019]
Job 0: Peak_Calling_Narrow: Ccl20-_UT|AB3823-L1_POOLED_AB3824-L1_POOLED_AB3825-L1_POOLED_AB3826-L1

[-] Unloading samtools 1.9  ... 
[+] Loading samtools 1.9  ... 
[+] Loading macs  2.1.2 
[+] Loading bedtools  2.27.1 
[+] Loading deeptools  3.1.3 
[+] Loading ucsc 373 on cn1955 
###################################- COMMANDLINE -############################
module load samtools/1.9 || exit 1
module load macs/2.1.2 || exit 1
module load bedtools/2.27.1 || exit 1
module load deeptools/3.1.3 || exit 1
module load ucsc/373 || exit 1
#
Description:
Peak Calling Narrow
#
INPUT1: /data/shamsaddinisha/jfarber-20160119-P1/spsingh-20190308-E1/spsingh-20190521-D1/mm10/Ccl20-_UT/post_alignment/AB3823-L1_POOLED_AB3824-L1_POOLED_AB3825-L1_POOLED_AB3826-L1.processed.bam
INPUT2: /data/shamsaddinisha/jfarber-20160119-P1/spsingh-20190308-E1/spsingh-20190521-D1/mm10/Ccl20-_UT/post_alignment/AB3823-L1_POOLED_AB3824-L1_POOLED_AB3825-L1_POOLED_AB3826-L1.processed.bam.bai
INPUT3: /data/shamsaddinisha/jfarber-20160119-P1/spsingh-20190308-E1/spsingh-20190521-D1/mm10/Ccl20-_UT/post_alignment/AB3823-L1_POOLED_AB3824-L1_POOLED_AB3825-L1_POOLED_AB3826-L1.processed.bed.gz
INPUT4: /data/shamsaddinisha/jfarber-20160119-P1/spsingh-20190308-E1/spsingh-20190521-D1/mm10/Ccl20-_UT/post_alignment/AB3823-L1_POOLED_AB3824-L1_POOLED_AB3825-L1_POOLED_AB3826-L1.processed.bed.gz.tbi
#
OUTPUT1: /data/shamsaddinisha/jfarber-20160119-P1/spsingh-20190308-E1/spsingh-20190521-D1/mm10/Ccl20-_UT/peak_calling/narrowpeak/AB3823-L1_POOLED_AB3824-L1_POOLED_AB3825-L1_POOLED_AB3826-L1.narrowPeak.gz
OUTPUT2: /data/shamsaddinisha/jfarber-20160119-P1/spsingh-20190308-E1/spsingh-20190521-D1/mm10/Ccl20-_UT/peak_calling/narrowpeak/AB3823-L1_POOLED_AB3824-L1_POOLED_AB3825-L1_POOLED_AB3826-L1.narrowPeak.gz.tbi
OUTPUT3: /data/shamsaddinisha/jfarber-20160119-P1/spsingh-20190308-E1/spsingh-20190521-D1/mm10/Ccl20-_UT/peak_calling/narrowpeak/AB3823-L1_POOLED_AB3824-L1_POOLED_AB3825-L1_POOLED_AB3826-L1.narrowPeak.bb
OUTPUT4: /data/shamsaddinisha/jfarber-20160119-P1/spsingh-20190308-E1/spsingh-20190521-D1/mm10/Ccl20-_UT/peak_calling/narrowpeak/AB3823-L1_POOLED_AB3824-L1_POOLED_AB3825-L1_POOLED_AB3826-L1.narrowPeak.bdg
OUTPUT5: /data/shamsaddinisha/jfarber-20160119-P1/spsingh-20190308-E1/spsingh-20190521-D1/mm10/Ccl20-_UT/peak_calling/narrowpeak/AB3823-L1_POOLED_AB3824-L1_POOLED_AB3825-L1_POOLED_AB3826-L1.narrowPeak.bigwig
++++++++++++++++++++++++++++++++++++++++++++++++++++++++++++++++++++++++++++++
macs2 callpeak --treatment /data/shamsaddinisha/jfarber-20160119-P1/spsingh-20190308-E1/spsingh-20190521-D1/mm10/Ccl20-_UT/post_alignment/AB3823-L1_POOLED_AB3824-L1_POOLED_AB3825-L1_POOLED_AB3826-L1.processed.bed.gz --name AB3823-L1_POOLED_AB3824-L1_POOLED_AB3825-L1_POOLED_AB3826-L1.macs2_narrow --format BED --gsize mm --call-summits --keep-dup all -q 5.00e-02 -B --SPMR --nomodel --shift -75 --extsize 150 --verbose 3 --outdir /data/shamsaddinisha/jfarber-20160119-P1/spsingh-20190308-E1/spsingh-20190521-D1/mm10/Ccl20-_UT/peak_calling/narrowpeak
#
LC_COLLATE=C sort -k1,1 -k2,2n /data/shamsaddinisha/jfarber-20160119-P1/spsingh-20190308-E1/spsingh-20190521-D1/mm10/Ccl20-_UT/peak_calling/narrowpeak/AB3823-L1_POOLED_AB3824-L1_POOLED_AB3825-L1_POOLED_AB3826-L1.macs2_narrow_peaks.narrowPeak > /data/shamsaddinisha/jfarber-20160119-P1/spsingh-20190308-E1/spsingh-20190521-D1/mm10/Ccl20-_UT/peak_calling/narrowpeak/AB3823-L1_POOLED_AB3824-L1_POOLED_AB3825-L1_POOLED_AB3826-L1.narrowPeak.gz.sorted
#
bgzip -c /data/shamsaddinisha/jfarber-20160119-P1/spsingh-20190308-E1/spsingh-20190521-D1/mm10/Ccl20-_UT/peak_calling/narrowpeak/AB3823-L1_POOLED_AB3824-L1_POOLED_AB3825-L1_POOLED_AB3826-L1.narrowPeak.gz.sorted > /data/shamsaddinisha/jfarber-20160119-P1/spsingh-20190308-E1/spsingh-20190521-D1/mm10/Ccl20-_UT/peak_calling/narrowpeak/AB3823-L1_POOLED_AB3824-L1_POOLED_AB3825-L1_POOLED_AB3826-L1.narrowPeak.gz
#
tabix -f -p bed /data/shamsaddinisha/jfarber-20160119-P1/spsingh-20190308-E1/spsingh-20190521-D1/mm10/Ccl20-_UT/peak_calling/narrowpeak/AB3823-L1_POOLED_AB3824-L1_POOLED_AB3825-L1_POOLED_AB3826-L1.narrowPeak.gz
#
awk 'BEGIN{OFS="\t"}{if ($5>1000) $5=1000; print $0}' /data/shamsaddinisha/jfarber-20160119-P1/spsingh-20190308-E1/spsingh-20190521-D1/mm10/Ccl20-_UT/peak_calling/narrowpeak/AB3823-L1_POOLED_AB3824-L1_POOLED_AB3825-L1_POOLED_AB3826-L1.narrowPeak.gz.sorted > /data/shamsaddinisha/jfarber-20160119-P1/spsingh-20190308-E1/spsingh-20190521-D1/mm10/Ccl20-_UT/peak_calling/narrowpeak/AB3823-L1_POOLED_AB3824-L1_POOLED_AB3825-L1_POOLED_AB3826-L1.narrowPeak.gz.tmp
#
bedToBigBed -as=./Script/bigNarrowPeak.as -type=bed6+4 /data/shamsaddinisha/jfarber-20160119-P1/spsingh-20190308-E1/spsingh-20190521-D1/mm10/Ccl20-_UT/peak_calling/narrowpeak/AB3823-L1_POOLED_AB3824-L1_POOLED_AB3825-L1_POOLED_AB3826-L1.narrowPeak.gz.tmp /fdb/atac_dnase_pipelines/mm10/mm10.chrom.sizes /data/shamsaddinisha/jfarber-20160119-P1/spsingh-20190308-E1/spsingh-20190521-D1/mm10/Ccl20-_UT/peak_calling/narrowpeak/AB3823-L1_POOLED_AB3824-L1_POOLED_AB3825-L1_POOLED_AB3826-L1.narrowPeak.bb
#
macs2 bdgcmp -t /data/shamsaddinisha/jfarber-20160119-P1/spsingh-20190308-E1/spsingh-20190521-D1/mm10/Ccl20-_UT/peak_calling/narrowpeak/AB3823-L1_POOLED_AB3824-L1_POOLED_AB3825-L1_POOLED_AB3826-L1.macs2_narrow_treat_pileup.bdg -c /data/shamsaddinisha/jfarber-20160119-P1/spsingh-20190308-E1/spsingh-20190521-D1/mm10/Ccl20-_UT/peak_calling/narrowpeak/AB3823-L1_POOLED_AB3824-L1_POOLED_AB3825-L1_POOLED_AB3826-L1.macs2_narrow_control_lambda.bdg --o-prefix AB3823-L1_POOLED_AB3824-L1_POOLED_AB3825-L1_POOLED_AB3826-L1.macs2_narrow --outdir /data/shamsaddinisha/jfarber-20160119-P1/spsingh-20190308-E1/spsingh-20190521-D1/mm10/Ccl20-_UT/peak_calling/narrowpeak --method FE --pseudocount 0.00001
#
slopBed -i /data/shamsaddinisha/jfarber-20160119-P1/spsingh-20190308-E1/spsingh-20190521-D1/mm10/Ccl20-_UT/peak_calling/narrowpeak/AB3823-L1_POOLED_AB3824-L1_POOLED_AB3825-L1_POOLED_AB3826-L1.macs2_narrow_FE.bdg -g /fdb/atac_dnase_pipelines/mm10/mm10.chrom.sizes -b 0 | bedClip stdin /fdb/atac_dnase_pipelines/mm10/mm10.chrom.sizes /data/shamsaddinisha/jfarber-20160119-P1/spsingh-20190308-E1/spsingh-20190521-D1/mm10/Ccl20-_UT/peak_calling/narrowpeak/AB3823-L1_POOLED_AB3824-L1_POOLED_AB3825-L1_POOLED_AB3826-L1.narrowPeak.bdg.tmp
#
LC_COLLATE=C sort -k1,1 -k2,2n /data/shamsaddinisha/jfarber-20160119-P1/spsingh-20190308-E1/spsingh-20190521-D1/mm10/Ccl20-_UT/peak_calling/narrowpeak/AB3823-L1_POOLED_AB3824-L1_POOLED_AB3825-L1_POOLED_AB3826-L1.narrowPeak.bdg.tmp > /data/shamsaddinisha/jfarber-20160119-P1/spsingh-20190308-E1/spsingh-20190521-D1/mm10/Ccl20-_UT/peak_calling/narrowpeak/AB3823-L1_POOLED_AB3824-L1_POOLED_AB3825-L1_POOLED_AB3826-L1.narrowPeak.bdg
#
cut -f1,2,3 /data/shamsaddinisha/jfarber-20160119-P1/spsingh-20190308-E1/spsingh-20190521-D1/mm10/Ccl20-_UT/peak_calling/narrowpeak/AB3823-L1_POOLED_AB3824-L1_POOLED_AB3825-L1_POOLED_AB3826-L1.narrowPeak.bdg | sort | uniq -d > /data/shamsaddinisha/jfarber-20160119-P1/spsingh-20190308-E1/spsingh-20190521-D1/mm10/Ccl20-_UT/peak_calling/narrowpeak/AB3823-L1_POOLED_AB3824-L1_POOLED_AB3825-L1_POOLED_AB3826-L1.narrow.duplicate.txt
#
cut -f1,2 /data/shamsaddinisha/jfarber-20160119-P1/spsingh-20190308-E1/spsingh-20190521-D1/mm10/Ccl20-_UT/peak_calling/narrowpeak/AB3823-L1_POOLED_AB3824-L1_POOLED_AB3825-L1_POOLED_AB3826-L1.narrowPeak.bdg | sort | uniq -d >> /data/shamsaddinisha/jfarber-20160119-P1/spsingh-20190308-E1/spsingh-20190521-D1/mm10/Ccl20-_UT/peak_calling/narrowpeak/AB3823-L1_POOLED_AB3824-L1_POOLED_AB3825-L1_POOLED_AB3826-L1.narrow.duplicate.txt
#
cut -f1,3 /data/shamsaddinisha/jfarber-20160119-P1/spsingh-20190308-E1/spsingh-20190521-D1/mm10/Ccl20-_UT/peak_calling/narrowpeak/AB3823-L1_POOLED_AB3824-L1_POOLED_AB3825-L1_POOLED_AB3826-L1.narrowPeak.bdg | sort | uniq -d | sed 's/\t/\t.*\t/' >> /data/shamsaddinisha/jfarber-20160119-P1/spsingh-20190308-E1/spsingh-20190521-D1/mm10/Ccl20-_UT/peak_calling/narrowpeak/AB3823-L1_POOLED_AB3824-L1_POOLED_AB3825-L1_POOLED_AB3826-L1.narrow.duplicate.txt
#
if [ -s /data/shamsaddinisha/jfarber-20160119-P1/spsingh-20190308-E1/spsingh-20190521-D1/mm10/Ccl20-_UT/peak_calling/narrowpeak/AB3823-L1_POOLED_AB3824-L1_POOLED_AB3825-L1_POOLED_AB3826-L1.narrow.duplicate.txt ]; then
	while IFS= read line; do grep -nr -m 1 --perl-regex '$line' /data/shamsaddinisha/jfarber-20160119-P1/spsingh-20190308-E1/spsingh-20190521-D1/mm10/Ccl20-_UT/peak_calling/narrowpeak/AB3823-L1_POOLED_AB3824-L1_POOLED_AB3825-L1_POOLED_AB3826-L1.narrowPeak.bdg | cut -d':' -f1 >> /data/shamsaddinisha/jfarber-20160119-P1/spsingh-20190308-E1/spsingh-20190521-D1/mm10/Ccl20-_UT/peak_calling/narrowpeak/AB3823-L1_POOLED_AB3824-L1_POOLED_AB3825-L1_POOLED_AB3826-L1.narrow.duplicate_line.txt; done< /data/shamsaddinisha/jfarber-20160119-P1/spsingh-20190308-E1/spsingh-20190521-D1/mm10/Ccl20-_UT/peak_calling/narrowpeak/AB3823-L1_POOLED_AB3824-L1_POOLED_AB3825-L1_POOLED_AB3826-L1.narrow.duplicate.txt
	while IFS= read line; do sed '$lined' /data/shamsaddinisha/jfarber-20160119-P1/spsingh-20190308-E1/spsingh-20190521-D1/mm10/Ccl20-_UT/peak_calling/narrowpeak/AB3823-L1_POOLED_AB3824-L1_POOLED_AB3825-L1_POOLED_AB3826-L1.narrowPeak.bdg > /data/shamsaddinisha/jfarber-20160119-P1/spsingh-20190308-E1/spsingh-20190521-D1/mm10/Ccl20-_UT/peak_calling/narrowpeak/AB3823-L1_POOLED_AB3824-L1_POOLED_AB3825-L1_POOLED_AB3826-L1.narrowPeak.bdg.tmp; done< /data/shamsaddinisha/jfarber-20160119-P1/spsingh-20190308-E1/spsingh-20190521-D1/mm10/Ccl20-_UT/peak_calling/narrowpeak/AB3823-L1_POOLED_AB3824-L1_POOLED_AB3825-L1_POOLED_AB3826-L1.narrow.duplicate_line.txt
fi
#
LC_COLLATE=C sort -k1,1 -k2,2n /data/shamsaddinisha/jfarber-20160119-P1/spsingh-20190308-E1/spsingh-20190521-D1/mm10/Ccl20-_UT/peak_calling/narrowpeak/AB3823-L1_POOLED_AB3824-L1_POOLED_AB3825-L1_POOLED_AB3826-L1.narrowPeak.bdg.tmp > /data/shamsaddinisha/jfarber-20160119-P1/spsingh-20190308-E1/spsingh-20190521-D1/mm10/Ccl20-_UT/peak_calling/narrowpeak/AB3823-L1_POOLED_AB3824-L1_POOLED_AB3825-L1_POOLED_AB3826-L1.narrowPeak.bdg
bedGraphToBigWig /data/shamsaddinisha/jfarber-20160119-P1/spsingh-20190308-E1/spsingh-20190521-D1/mm10/Ccl20-_UT/peak_calling/narrowpeak/AB3823-L1_POOLED_AB3824-L1_POOLED_AB3825-L1_POOLED_AB3826-L1.narrowPeak.bdg /fdb/atac_dnase_pipelines/mm10/mm10.chrom.sizes /data/shamsaddinisha/jfarber-20160119-P1/spsingh-20190308-E1/spsingh-20190521-D1/mm10/Ccl20-_UT/peak_calling/narrowpeak/AB3823-L1_POOLED_AB3824-L1_POOLED_AB3825-L1_POOLED_AB3826-L1.narrowPeak.bigwig
#
if [ -f /data/shamsaddinisha/jfarber-20160119-P1/spsingh-20190308-E1/spsingh-20190521-D1/mm10/Ccl20-_UT/peak_calling/narrowpeak/AB3823-L1_POOLED_AB3824-L1_POOLED_AB3825-L1_POOLED_AB3826-L1.narrowPeak.bigwig ]; then
	rm -rf /data/shamsaddinisha/jfarber-20160119-P1/spsingh-20190308-E1/spsingh-20190521-D1/mm10/Ccl20-_UT/peak_calling/narrowpeak/AB3823-L1_POOLED_AB3824-L1_POOLED_AB3825-L1_POOLED_AB3826-L1.macs2_narrow_peaks.narrowPeak
	rm -rf /data/shamsaddinisha/jfarber-20160119-P1/spsingh-20190308-E1/spsingh-20190521-D1/mm10/Ccl20-_UT/peak_calling/narrowpeak/AB3823-L1_POOLED_AB3824-L1_POOLED_AB3825-L1_POOLED_AB3826-L1.macs2_narrow_summits.bed
	rm -rf /data/shamsaddinisha/jfarber-20160119-P1/spsingh-20190308-E1/spsingh-20190521-D1/mm10/Ccl20-_UT/peak_calling/narrowpeak/AB3823-L1_POOLED_AB3824-L1_POOLED_AB3825-L1_POOLED_AB3826-L1.macs2_narrow_treat_pileup.bdg
	rm -rf /data/shamsaddinisha/jfarber-20160119-P1/spsingh-20190308-E1/spsingh-20190521-D1/mm10/Ccl20-_UT/peak_calling/narrowpeak/AB3823-L1_POOLED_AB3824-L1_POOLED_AB3825-L1_POOLED_AB3826-L1.macs2_narrow_control_lambda.bdg
	rm -rf /data/shamsaddinisha/jfarber-20160119-P1/spsingh-20190308-E1/spsingh-20190521-D1/mm10/Ccl20-_UT/peak_calling/narrowpeak/AB3823-L1_POOLED_AB3824-L1_POOLED_AB3825-L1_POOLED_AB3826-L1.macs2_narrow_FE.bdg
	rm -rf /data/shamsaddinisha/jfarber-20160119-P1/spsingh-20190308-E1/spsingh-20190521-D1/mm10/Ccl20-_UT/peak_calling/narrowpeak/AB3823-L1_POOLED_AB3824-L1_POOLED_AB3825-L1_POOLED_AB3826-L1.narrowPeak.gz.tmp
	rm -rf /data/shamsaddinisha/jfarber-20160119-P1/spsingh-20190308-E1/spsingh-20190521-D1/mm10/Ccl20-_UT/peak_calling/narrowpeak/AB3823-L1_POOLED_AB3824-L1_POOLED_AB3825-L1_POOLED_AB3826-L1.narrowPeak.gz.sorted
	rm -rf /data/shamsaddinisha/jfarber-20160119-P1/spsingh-20190308-E1/spsingh-20190521-D1/mm10/Ccl20-_UT/peak_calling/narrowpeak/AB3823-L1_POOLED_AB3824-L1_POOLED_AB3825-L1_POOLED_AB3826-L1.narrowPeak.bdg.tmp
	rm -rf /data/shamsaddinisha/jfarber-20160119-P1/spsingh-20190308-E1/spsingh-20190521-D1/mm10/Ccl20-_UT/peak_calling/narrowpeak/AB3823-L1_POOLED_AB3824-L1_POOLED_AB3825-L1_POOLED_AB3826-L1.narrow.duplicate.txt
	rm -rf /data/shamsaddinisha/jfarber-20160119-P1/spsingh-20190308-E1/spsingh-20190521-D1/mm10/Ccl20-_UT/peak_calling/narrowpeak/AB3823-L1_POOLED_AB3824-L1_POOLED_AB3825-L1_POOLED_AB3826-L1.narrow.duplicate_line.txt
fi
#
EXECUTING....
#
INFO  @ Fri, 24 May 2019 19:03:41: 
# Command line: callpeak --treatment /data/shamsaddinisha/jfarber-20160119-P1/spsingh-20190308-E1/spsingh-20190521-D1/mm10/Ccl20-_UT/post_alignment/AB3823-L1_POOLED_AB3824-L1_POOLED_AB3825-L1_POOLED_AB3826-L1.processed.bed.gz --name AB3823-L1_POOLED_AB3824-L1_POOLED_AB3825-L1_POOLED_AB3826-L1.macs2_narrow --format BED --gsize mm --call-summits --keep-dup all -q 5.00e-02 -B --SPMR --nomodel --shift -75 --extsize 150 --verbose 3 --outdir /data/shamsaddinisha/jfarber-20160119-P1/spsingh-20190308-E1/spsingh-20190521-D1/mm10/Ccl20-_UT/peak_calling/narrowpeak
# ARGUMENTS LIST:
# name = AB3823-L1_POOLED_AB3824-L1_POOLED_AB3825-L1_POOLED_AB3826-L1.macs2_narrow
# format = BED
# ChIP-seq file = ['/data/shamsaddinisha/jfarber-20160119-P1/spsingh-20190308-E1/spsingh-20190521-D1/mm10/Ccl20-_UT/post_alignment/AB3823-L1_POOLED_AB3824-L1_POOLED_AB3825-L1_POOLED_AB3826-L1.processed.bed.gz']
# control file = None
# effective genome size = 1.87e+09
# band width = 300
# model fold = [5, 50]
# qvalue cutoff = 5.00e-02
# The maximum gap between significant sites is assigned as the read length/tag size.
# The minimum length of peaks is assigned as the predicted fragment length "d".
# Larger dataset will be scaled towards smaller dataset.
# Range for calculating regional lambda is: 10000 bps
# Broad region calling is off
# Paired-End mode is off
# Searching for subpeak summits is on
# MACS will save fragment pileup signal per million reads
 
INFO  @ Fri, 24 May 2019 19:03:41: #1 read tag files... 
INFO  @ Fri, 24 May 2019 19:03:41: #1 read treatment tags... 
INFO  @ Fri, 24 May 2019 19:03:43:  1000000 
INFO  @ Fri, 24 May 2019 19:03:46:  2000000 
INFO  @ Fri, 24 May 2019 19:03:48:  3000000 
INFO  @ Fri, 24 May 2019 19:03:50:  4000000 
INFO  @ Fri, 24 May 2019 19:03:53:  5000000 
INFO  @ Fri, 24 May 2019 19:03:55:  6000000 
INFO  @ Fri, 24 May 2019 19:03:57:  7000000 
INFO  @ Fri, 24 May 2019 19:04:00:  8000000 
INFO  @ Fri, 24 May 2019 19:04:02:  9000000 
INFO  @ Fri, 24 May 2019 19:04:04:  10000000 
INFO  @ Fri, 24 May 2019 19:04:07:  11000000 
INFO  @ Fri, 24 May 2019 19:04:09:  12000000 
INFO  @ Fri, 24 May 2019 19:04:11:  13000000 
INFO  @ Fri, 24 May 2019 19:04:14:  14000000 
INFO  @ Fri, 24 May 2019 19:04:16:  15000000 
INFO  @ Fri, 24 May 2019 19:04:18:  16000000 
INFO  @ Fri, 24 May 2019 19:04:21:  17000000 
INFO  @ Fri, 24 May 2019 19:04:23:  18000000 
INFO  @ Fri, 24 May 2019 19:04:25:  19000000 
INFO  @ Fri, 24 May 2019 19:04:28:  20000000 
INFO  @ Fri, 24 May 2019 19:04:30:  21000000 
INFO  @ Fri, 24 May 2019 19:04:32:  22000000 
INFO  @ Fri, 24 May 2019 19:04:35:  23000000 
INFO  @ Fri, 24 May 2019 19:04:37:  24000000 
INFO  @ Fri, 24 May 2019 19:04:39:  25000000 
INFO  @ Fri, 24 May 2019 19:04:42:  26000000 
INFO  @ Fri, 24 May 2019 19:04:44:  27000000 
INFO  @ Fri, 24 May 2019 19:04:46:  28000000 
INFO  @ Fri, 24 May 2019 19:04:49:  29000000 
INFO  @ Fri, 24 May 2019 19:04:51:  30000000 
INFO  @ Fri, 24 May 2019 19:04:53:  31000000 
INFO  @ Fri, 24 May 2019 19:04:56:  32000000 
INFO  @ Fri, 24 May 2019 19:04:58:  33000000 
INFO  @ Fri, 24 May 2019 19:05:00:  34000000 
INFO  @ Fri, 24 May 2019 19:05:03:  35000000 
INFO  @ Fri, 24 May 2019 19:05:05:  36000000 
INFO  @ Fri, 24 May 2019 19:05:07:  37000000 
INFO  @ Fri, 24 May 2019 19:05:10:  38000000 
INFO  @ Fri, 24 May 2019 19:05:12:  39000000 
INFO  @ Fri, 24 May 2019 19:05:14:  40000000 
INFO  @ Fri, 24 May 2019 19:05:17:  41000000 
INFO  @ Fri, 24 May 2019 19:05:19:  42000000 
INFO  @ Fri, 24 May 2019 19:05:21:  43000000 
INFO  @ Fri, 24 May 2019 19:05:24:  44000000 
INFO  @ Fri, 24 May 2019 19:05:26:  45000000 
INFO  @ Fri, 24 May 2019 19:05:28:  46000000 
INFO  @ Fri, 24 May 2019 19:05:31:  47000000 
INFO  @ Fri, 24 May 2019 19:05:33:  48000000 
INFO  @ Fri, 24 May 2019 19:05:35:  49000000 
INFO  @ Fri, 24 May 2019 19:05:38:  50000000 
INFO  @ Fri, 24 May 2019 19:05:40:  51000000 
INFO  @ Fri, 24 May 2019 19:05:42:  52000000 
INFO  @ Fri, 24 May 2019 19:05:45:  53000000 
INFO  @ Fri, 24 May 2019 19:05:47:  54000000 
INFO  @ Fri, 24 May 2019 19:05:49:  55000000 
INFO  @ Fri, 24 May 2019 19:05:51:  56000000 
INFO  @ Fri, 24 May 2019 19:05:54:  57000000 
INFO  @ Fri, 24 May 2019 19:05:56:  58000000 
INFO  @ Fri, 24 May 2019 19:05:58:  59000000 
INFO  @ Fri, 24 May 2019 19:06:01:  60000000 
INFO  @ Fri, 24 May 2019 19:06:03:  61000000 
INFO  @ Fri, 24 May 2019 19:06:05:  62000000 
INFO  @ Fri, 24 May 2019 19:06:08:  63000000 
INFO  @ Fri, 24 May 2019 19:06:10:  64000000 
INFO  @ Fri, 24 May 2019 19:06:12:  65000000 
INFO  @ Fri, 24 May 2019 19:06:15:  66000000 
INFO  @ Fri, 24 May 2019 19:06:17:  67000000 
INFO  @ Fri, 24 May 2019 19:06:19:  68000000 
INFO  @ Fri, 24 May 2019 19:06:22:  69000000 
INFO  @ Fri, 24 May 2019 19:06:24:  70000000 
INFO  @ Fri, 24 May 2019 19:06:26:  71000000 
INFO  @ Fri, 24 May 2019 19:06:29:  72000000 
INFO  @ Fri, 24 May 2019 19:06:31:  73000000 
INFO  @ Fri, 24 May 2019 19:06:33:  74000000 
INFO  @ Fri, 24 May 2019 19:06:36:  75000000 
INFO  @ Fri, 24 May 2019 19:06:38:  76000000 
INFO  @ Fri, 24 May 2019 19:06:40:  77000000 
INFO  @ Fri, 24 May 2019 19:06:43:  78000000 
INFO  @ Fri, 24 May 2019 19:06:45:  79000000 
INFO  @ Fri, 24 May 2019 19:06:47:  80000000 
INFO  @ Fri, 24 May 2019 19:06:50:  81000000 
INFO  @ Fri, 24 May 2019 19:06:52:  82000000 
INFO  @ Fri, 24 May 2019 19:06:54:  83000000 
INFO  @ Fri, 24 May 2019 19:06:57:  84000000 
INFO  @ Fri, 24 May 2019 19:06:59:  85000000 
INFO  @ Fri, 24 May 2019 19:07:01:  86000000 
INFO  @ Fri, 24 May 2019 19:07:04:  87000000 
INFO  @ Fri, 24 May 2019 19:07:06:  88000000 
INFO  @ Fri, 24 May 2019 19:07:08:  89000000 
INFO  @ Fri, 24 May 2019 19:07:11:  90000000 
INFO  @ Fri, 24 May 2019 19:07:13:  91000000 
INFO  @ Fri, 24 May 2019 19:07:15:  92000000 
INFO  @ Fri, 24 May 2019 19:07:18:  93000000 
INFO  @ Fri, 24 May 2019 19:07:20:  94000000 
INFO  @ Fri, 24 May 2019 19:07:22:  95000000 
INFO  @ Fri, 24 May 2019 19:07:25:  96000000 
INFO  @ Fri, 24 May 2019 19:07:27:  97000000 
INFO  @ Fri, 24 May 2019 19:07:29:  98000000 
INFO  @ Fri, 24 May 2019 19:07:32:  99000000 
INFO  @ Fri, 24 May 2019 19:07:34:  100000000 
INFO  @ Fri, 24 May 2019 19:07:36:  101000000 
INFO  @ Fri, 24 May 2019 19:07:39:  102000000 
INFO  @ Fri, 24 May 2019 19:07:41:  103000000 
INFO  @ Fri, 24 May 2019 19:07:43:  104000000 
INFO  @ Fri, 24 May 2019 19:07:45:  105000000 
INFO  @ Fri, 24 May 2019 19:07:48:  106000000 
INFO  @ Fri, 24 May 2019 19:07:50:  107000000 
INFO  @ Fri, 24 May 2019 19:07:52:  108000000 
INFO  @ Fri, 24 May 2019 19:07:55:  109000000 
INFO  @ Fri, 24 May 2019 19:07:57:  110000000 
INFO  @ Fri, 24 May 2019 19:07:59:  111000000 
INFO  @ Fri, 24 May 2019 19:08:02:  112000000 
INFO  @ Fri, 24 May 2019 19:08:04:  113000000 
INFO  @ Fri, 24 May 2019 19:08:06:  114000000 
INFO  @ Fri, 24 May 2019 19:08:09:  115000000 
INFO  @ Fri, 24 May 2019 19:08:11:  116000000 
INFO  @ Fri, 24 May 2019 19:08:13:  117000000 
INFO  @ Fri, 24 May 2019 19:08:16:  118000000 
INFO  @ Fri, 24 May 2019 19:08:18:  119000000 
INFO  @ Fri, 24 May 2019 19:08:20:  120000000 
INFO  @ Fri, 24 May 2019 19:08:23:  121000000 
INFO  @ Fri, 24 May 2019 19:08:25:  122000000 
INFO  @ Fri, 24 May 2019 19:08:27:  123000000 
INFO  @ Fri, 24 May 2019 19:08:30:  124000000 
INFO  @ Fri, 24 May 2019 19:08:32:  125000000 
INFO  @ Fri, 24 May 2019 19:08:34:  126000000 
INFO  @ Fri, 24 May 2019 19:08:37:  127000000 
INFO  @ Fri, 24 May 2019 19:08:39:  128000000 
INFO  @ Fri, 24 May 2019 19:08:41:  129000000 
INFO  @ Fri, 24 May 2019 19:08:43:  130000000 
INFO  @ Fri, 24 May 2019 19:08:46:  131000000 
INFO  @ Fri, 24 May 2019 19:08:48:  132000000 
INFO  @ Fri, 24 May 2019 19:08:50:  133000000 
INFO  @ Fri, 24 May 2019 19:08:53:  134000000 
INFO  @ Fri, 24 May 2019 19:08:55:  135000000 
INFO  @ Fri, 24 May 2019 19:08:57:  136000000 
INFO  @ Fri, 24 May 2019 19:09:00:  137000000 
INFO  @ Fri, 24 May 2019 19:09:02:  138000000 
INFO  @ Fri, 24 May 2019 19:09:04:  139000000 
INFO  @ Fri, 24 May 2019 19:09:07:  140000000 
INFO  @ Fri, 24 May 2019 19:09:09:  141000000 
INFO  @ Fri, 24 May 2019 19:09:11:  142000000 
INFO  @ Fri, 24 May 2019 19:09:14:  143000000 
INFO  @ Fri, 24 May 2019 19:09:16:  144000000 
INFO  @ Fri, 24 May 2019 19:09:18:  145000000 
INFO  @ Fri, 24 May 2019 19:09:21:  146000000 
INFO  @ Fri, 24 May 2019 19:09:23:  147000000 
INFO  @ Fri, 24 May 2019 19:09:25:  148000000 
INFO  @ Fri, 24 May 2019 19:09:28:  149000000 
INFO  @ Fri, 24 May 2019 19:09:30:  150000000 
INFO  @ Fri, 24 May 2019 19:09:32:  151000000 
INFO  @ Fri, 24 May 2019 19:09:35:  152000000 
INFO  @ Fri, 24 May 2019 19:09:37:  153000000 
INFO  @ Fri, 24 May 2019 19:09:39:  154000000 
INFO  @ Fri, 24 May 2019 19:09:42:  155000000 
INFO  @ Fri, 24 May 2019 19:09:44:  156000000 
INFO  @ Fri, 24 May 2019 19:09:47:  157000000 
INFO  @ Fri, 24 May 2019 19:09:49:  158000000 
INFO  @ Fri, 24 May 2019 19:09:52: #1 tag size is determined as 69 bps 
INFO  @ Fri, 24 May 2019 19:09:52: #1 tag size = 69.0 
INFO  @ Fri, 24 May 2019 19:09:52: #1  total tags in treatment: 158353369 
INFO  @ Fri, 24 May 2019 19:09:52: #1 finished! 
INFO  @ Fri, 24 May 2019 19:09:52: #2 Build Peak Model... 
INFO  @ Fri, 24 May 2019 19:09:52: #2 Skipped... 
INFO  @ Fri, 24 May 2019 19:09:52: #2 Use 150 as fragment length 
INFO  @ Fri, 24 May 2019 19:09:52: #2 Sequencing ends will be shifted towards 5' by 75 bp(s) 
INFO  @ Fri, 24 May 2019 19:09:52: #3 Call peaks... 
INFO  @ Fri, 24 May 2019 19:09:52: #3 Going to call summits inside each peak ... 
INFO  @ Fri, 24 May 2019 19:09:52: #3 Pre-compute pvalue-qvalue table... 
DEBUG @ Fri, 24 May 2019 19:09:52: Start to calculate pvalue stat... 
DEBUG @ Fri, 24 May 2019 19:18:32: access pq hash for 452747131 times 
INFO  @ Fri, 24 May 2019 19:18:32: #3 In the peak calling step, the following will be performed simultaneously: 
INFO  @ Fri, 24 May 2019 19:18:32: #3   Write bedGraph files for treatment pileup (after scaling if necessary)... AB3823-L1_POOLED_AB3824-L1_POOLED_AB3825-L1_POOLED_AB3826-L1.macs2_narrow_treat_pileup.bdg 
INFO  @ Fri, 24 May 2019 19:18:32: #3   Write bedGraph files for control lambda (after scaling if necessary)... AB3823-L1_POOLED_AB3824-L1_POOLED_AB3825-L1_POOLED_AB3826-L1.macs2_narrow_control_lambda.bdg 
INFO  @ Fri, 24 May 2019 19:18:32: #3   --SPMR is requested, so pileup will be normalized by sequencing depth in million reads. 
INFO  @ Fri, 24 May 2019 19:18:32: #3 Call peaks for each chromosome... 
INFO  @ Fri, 24 May 2019 19:35:21: #4 Write output xls file... /data/shamsaddinisha/jfarber-20160119-P1/spsingh-20190308-E1/spsingh-20190521-D1/mm10/Ccl20-_UT/peak_calling/narrowpeak/AB3823-L1_POOLED_AB3824-L1_POOLED_AB3825-L1_POOLED_AB3826-L1.macs2_narrow_peaks.xls 
INFO  @ Fri, 24 May 2019 19:35:23: #4 Write peak in narrowPeak format file... /data/shamsaddinisha/jfarber-20160119-P1/spsingh-20190308-E1/spsingh-20190521-D1/mm10/Ccl20-_UT/peak_calling/narrowpeak/AB3823-L1_POOLED_AB3824-L1_POOLED_AB3825-L1_POOLED_AB3826-L1.macs2_narrow_peaks.narrowPeak 
INFO  @ Fri, 24 May 2019 19:35:24: #4 Write summits bed file... /data/shamsaddinisha/jfarber-20160119-P1/spsingh-20190308-E1/spsingh-20190521-D1/mm10/Ccl20-_UT/peak_calling/narrowpeak/AB3823-L1_POOLED_AB3824-L1_POOLED_AB3825-L1_POOLED_AB3826-L1.macs2_narrow_summits.bed 
INFO  @ Fri, 24 May 2019 19:35:24: Done! 
pass1 - making usageList (22 chroms): 52 millis
pass2 - checking and writing primary data (163693 records, 10 fields): 917 millis
INFO  @ Fri, 24 May 2019 19:35:29: Read and build treatment bedGraph... 
INFO  @ Fri, 24 May 2019 19:40:43: Read and build control bedGraph... 
INFO  @ Fri, 24 May 2019 19:41:45: Build scoreTrackII... 
INFO  @ Fri, 24 May 2019 19:43:24: Calculate scores comparing treatment and control by 'FE'... 
INFO  @ Fri, 24 May 2019 20:04:07: Write bedGraph of scores... 
INFO  @ Fri, 24 May 2019 20:13:46: Finished 'FE'! Please check '/data/shamsaddinisha/jfarber-20160119-P1/spsingh-20190308-E1/spsingh-20190521-D1/mm10/Ccl20-_UT/peak_calling/narrowpeak/AB3823-L1_POOLED_AB3824-L1_POOLED_AB3825-L1_POOLED_AB3826-L1.macs2_narrow_FE.bdg'! 
#
DONE!!!!
#
ELAPSED TIME: 13389 seconds
------------------------------------------------------------------------------
[Fri May 24 22:46:50 2019]
Finished job 0.
1 of 1 steps (100%) done
