Building DAG of jobs...
Using shell: /usr/bin/bash
Provided cores: 30
Rules claiming more threads will be scaled down.
Unlimited resources: mem_mb
Job counts:
	count	jobs
	1	Peak_Calling_Broad
	1

[Fri May 24 22:11:32 2019]
Job 0: Peak_Calling_Broad: Ccl20-_UT|AB3823-L1_POOLED_AB3824-L1_POOLED_AB3825-L1_POOLED_AB3826-L1

[-] Unloading samtools 1.9  ... 
[+] Loading samtools 1.9  ... 
[+] Loading macs  2.1.2 
[+] Loading bedtools  2.27.1 
[+] Loading deeptools  3.1.3 
[+] Loading ucsc 373 on cn3347 
###################################- COMMANDLINE -############################
module load samtools/1.9 || exit 1
module load macs/2.1.2 || exit 1
module load bedtools/2.27.1 || exit 1
module load deeptools/3.1.3 || exit 1
module load ucsc/373 || exit 1
#
Description:
Peak Calling Broad
#
INPUT1: /data/shamsaddinisha/jfarber-20160119-P1/spsingh-20190308-E1/spsingh-20190521-D1/mm10/Ccl20-_UT/post_alignment/AB3823-L1_POOLED_AB3824-L1_POOLED_AB3825-L1_POOLED_AB3826-L1.processed.bam
INPUT2: /data/shamsaddinisha/jfarber-20160119-P1/spsingh-20190308-E1/spsingh-20190521-D1/mm10/Ccl20-_UT/post_alignment/AB3823-L1_POOLED_AB3824-L1_POOLED_AB3825-L1_POOLED_AB3826-L1.processed.bam.bai
INPUT3: /data/shamsaddinisha/jfarber-20160119-P1/spsingh-20190308-E1/spsingh-20190521-D1/mm10/Ccl20-_UT/post_alignment/AB3823-L1_POOLED_AB3824-L1_POOLED_AB3825-L1_POOLED_AB3826-L1.processed.bed.gz
INPUT4: /data/shamsaddinisha/jfarber-20160119-P1/spsingh-20190308-E1/spsingh-20190521-D1/mm10/Ccl20-_UT/post_alignment/AB3823-L1_POOLED_AB3824-L1_POOLED_AB3825-L1_POOLED_AB3826-L1.processed.bed.gz.tbi
#
OUTPUT1: /data/shamsaddinisha/jfarber-20160119-P1/spsingh-20190308-E1/spsingh-20190521-D1/mm10/Ccl20-_UT/peak_calling/broadpeak/AB3823-L1_POOLED_AB3824-L1_POOLED_AB3825-L1_POOLED_AB3826-L1.broadPeak.gz
OUTPUT2: /data/shamsaddinisha/jfarber-20160119-P1/spsingh-20190308-E1/spsingh-20190521-D1/mm10/Ccl20-_UT/peak_calling/broadpeak/AB3823-L1_POOLED_AB3824-L1_POOLED_AB3825-L1_POOLED_AB3826-L1.broadPeak.gz.tbi
OUTPUT3: /data/shamsaddinisha/jfarber-20160119-P1/spsingh-20190308-E1/spsingh-20190521-D1/mm10/Ccl20-_UT/peak_calling/broadpeak/AB3823-L1_POOLED_AB3824-L1_POOLED_AB3825-L1_POOLED_AB3826-L1.broadPeak.bb
OUTPUT4: /data/shamsaddinisha/jfarber-20160119-P1/spsingh-20190308-E1/spsingh-20190521-D1/mm10/Ccl20-_UT/peak_calling/broadpeak/AB3823-L1_POOLED_AB3824-L1_POOLED_AB3825-L1_POOLED_AB3826-L1.broadPeak.bdg
OUTPUT5: /data/shamsaddinisha/jfarber-20160119-P1/spsingh-20190308-E1/spsingh-20190521-D1/mm10/Ccl20-_UT/peak_calling/broadpeak/AB3823-L1_POOLED_AB3824-L1_POOLED_AB3825-L1_POOLED_AB3826-L1.broadPeak.bigwig
++++++++++++++++++++++++++++++++++++++++++++++++++++++++++++++++++++++++++++++
macs2 callpeak --treatment /data/shamsaddinisha/jfarber-20160119-P1/spsingh-20190308-E1/spsingh-20190521-D1/mm10/Ccl20-_UT/post_alignment/AB3823-L1_POOLED_AB3824-L1_POOLED_AB3825-L1_POOLED_AB3826-L1.processed.bed.gz --name AB3823-L1_POOLED_AB3824-L1_POOLED_AB3825-L1_POOLED_AB3826-L1.macs2_broad --format BED --gsize mm --broad --broad-cutoff 5.00e-02 --keep-dup all -q 5.00e-02 -B --SPMR --nomodel --shift -75 --extsize 300 --verbose 3 --outdir /data/shamsaddinisha/jfarber-20160119-P1/spsingh-20190308-E1/spsingh-20190521-D1/mm10/Ccl20-_UT/peak_calling/broadpeak
#
LC_COLLATE=C sort -k1,1 -k2,2n /data/shamsaddinisha/jfarber-20160119-P1/spsingh-20190308-E1/spsingh-20190521-D1/mm10/Ccl20-_UT/peak_calling/broadpeak/AB3823-L1_POOLED_AB3824-L1_POOLED_AB3825-L1_POOLED_AB3826-L1.macs2_broad_peaks.broadPeak > /data/shamsaddinisha/jfarber-20160119-P1/spsingh-20190308-E1/spsingh-20190521-D1/mm10/Ccl20-_UT/peak_calling/broadpeak/AB3823-L1_POOLED_AB3824-L1_POOLED_AB3825-L1_POOLED_AB3826-L1.broadPeak.gz.sorted
#
bgzip -c /data/shamsaddinisha/jfarber-20160119-P1/spsingh-20190308-E1/spsingh-20190521-D1/mm10/Ccl20-_UT/peak_calling/broadpeak/AB3823-L1_POOLED_AB3824-L1_POOLED_AB3825-L1_POOLED_AB3826-L1.broadPeak.gz.sorted > /data/shamsaddinisha/jfarber-20160119-P1/spsingh-20190308-E1/spsingh-20190521-D1/mm10/Ccl20-_UT/peak_calling/broadpeak/AB3823-L1_POOLED_AB3824-L1_POOLED_AB3825-L1_POOLED_AB3826-L1.broadPeak.gz
#
tabix -f -p bed /data/shamsaddinisha/jfarber-20160119-P1/spsingh-20190308-E1/spsingh-20190521-D1/mm10/Ccl20-_UT/peak_calling/broadpeak/AB3823-L1_POOLED_AB3824-L1_POOLED_AB3825-L1_POOLED_AB3826-L1.broadPeak.gz
#
awk 'BEGIN{OFS="\t"}{if ($5>1000) $5=1000; print $0}' /data/shamsaddinisha/jfarber-20160119-P1/spsingh-20190308-E1/spsingh-20190521-D1/mm10/Ccl20-_UT/peak_calling/broadpeak/AB3823-L1_POOLED_AB3824-L1_POOLED_AB3825-L1_POOLED_AB3826-L1.broadPeak.gz.sorted > /data/shamsaddinisha/jfarber-20160119-P1/spsingh-20190308-E1/spsingh-20190521-D1/mm10/Ccl20-_UT/peak_calling/broadpeak/AB3823-L1_POOLED_AB3824-L1_POOLED_AB3825-L1_POOLED_AB3826-L1.broadPeak.gz.tmp
#
bedToBigBed -as=./Script/bigBroadPeak.as -type=bed6+3 /data/shamsaddinisha/jfarber-20160119-P1/spsingh-20190308-E1/spsingh-20190521-D1/mm10/Ccl20-_UT/peak_calling/broadpeak/AB3823-L1_POOLED_AB3824-L1_POOLED_AB3825-L1_POOLED_AB3826-L1.broadPeak.gz.tmp /fdb/atac_dnase_pipelines/mm10/mm10.chrom.sizes /data/shamsaddinisha/jfarber-20160119-P1/spsingh-20190308-E1/spsingh-20190521-D1/mm10/Ccl20-_UT/peak_calling/broadpeak/AB3823-L1_POOLED_AB3824-L1_POOLED_AB3825-L1_POOLED_AB3826-L1.broadPeak.bb
#
macs2 bdgcmp -t /data/shamsaddinisha/jfarber-20160119-P1/spsingh-20190308-E1/spsingh-20190521-D1/mm10/Ccl20-_UT/peak_calling/broadpeak/AB3823-L1_POOLED_AB3824-L1_POOLED_AB3825-L1_POOLED_AB3826-L1.macs2_broad_treat_pileup.bdg -c /data/shamsaddinisha/jfarber-20160119-P1/spsingh-20190308-E1/spsingh-20190521-D1/mm10/Ccl20-_UT/peak_calling/broadpeak/AB3823-L1_POOLED_AB3824-L1_POOLED_AB3825-L1_POOLED_AB3826-L1.macs2_broad_control_lambda.bdg --o-prefix AB3823-L1_POOLED_AB3824-L1_POOLED_AB3825-L1_POOLED_AB3826-L1.macs2_broad --outdir /data/shamsaddinisha/jfarber-20160119-P1/spsingh-20190308-E1/spsingh-20190521-D1/mm10/Ccl20-_UT/peak_calling/broadpeak --method FE --pseudocount 0.00001
#
slopBed -i /data/shamsaddinisha/jfarber-20160119-P1/spsingh-20190308-E1/spsingh-20190521-D1/mm10/Ccl20-_UT/peak_calling/broadpeak/AB3823-L1_POOLED_AB3824-L1_POOLED_AB3825-L1_POOLED_AB3826-L1.macs2_broad_FE.bdg -g /fdb/atac_dnase_pipelines/mm10/mm10.chrom.sizes -b 0 | bedClip stdin /fdb/atac_dnase_pipelines/mm10/mm10.chrom.sizes /data/shamsaddinisha/jfarber-20160119-P1/spsingh-20190308-E1/spsingh-20190521-D1/mm10/Ccl20-_UT/peak_calling/broadpeak/AB3823-L1_POOLED_AB3824-L1_POOLED_AB3825-L1_POOLED_AB3826-L1.broadPeak.bdg.tmp
#
LC_COLLATE=C sort -k1,1 -k2,2n /data/shamsaddinisha/jfarber-20160119-P1/spsingh-20190308-E1/spsingh-20190521-D1/mm10/Ccl20-_UT/peak_calling/broadpeak/AB3823-L1_POOLED_AB3824-L1_POOLED_AB3825-L1_POOLED_AB3826-L1.broadPeak.bdg.tmp > /data/shamsaddinisha/jfarber-20160119-P1/spsingh-20190308-E1/spsingh-20190521-D1/mm10/Ccl20-_UT/peak_calling/broadpeak/AB3823-L1_POOLED_AB3824-L1_POOLED_AB3825-L1_POOLED_AB3826-L1.broadPeak.bdg
#
cut -f1,2,3 /data/shamsaddinisha/jfarber-20160119-P1/spsingh-20190308-E1/spsingh-20190521-D1/mm10/Ccl20-_UT/peak_calling/broadpeak/AB3823-L1_POOLED_AB3824-L1_POOLED_AB3825-L1_POOLED_AB3826-L1.broadPeak.bdg | sort | uniq -d > /data/shamsaddinisha/jfarber-20160119-P1/spsingh-20190308-E1/spsingh-20190521-D1/mm10/Ccl20-_UT/peak_calling/broadpeak/AB3823-L1_POOLED_AB3824-L1_POOLED_AB3825-L1_POOLED_AB3826-L1.broad.duplicate.txt
#
cut -f1,2 /data/shamsaddinisha/jfarber-20160119-P1/spsingh-20190308-E1/spsingh-20190521-D1/mm10/Ccl20-_UT/peak_calling/broadpeak/AB3823-L1_POOLED_AB3824-L1_POOLED_AB3825-L1_POOLED_AB3826-L1.broadPeak.bdg | sort | uniq -d >> /data/shamsaddinisha/jfarber-20160119-P1/spsingh-20190308-E1/spsingh-20190521-D1/mm10/Ccl20-_UT/peak_calling/broadpeak/AB3823-L1_POOLED_AB3824-L1_POOLED_AB3825-L1_POOLED_AB3826-L1.broad.duplicate.txt
#
cut -f1,3 /data/shamsaddinisha/jfarber-20160119-P1/spsingh-20190308-E1/spsingh-20190521-D1/mm10/Ccl20-_UT/peak_calling/broadpeak/AB3823-L1_POOLED_AB3824-L1_POOLED_AB3825-L1_POOLED_AB3826-L1.broadPeak.bdg | sort | uniq -d | sed 's/\t/\t.*\t/' >> /data/shamsaddinisha/jfarber-20160119-P1/spsingh-20190308-E1/spsingh-20190521-D1/mm10/Ccl20-_UT/peak_calling/broadpeak/AB3823-L1_POOLED_AB3824-L1_POOLED_AB3825-L1_POOLED_AB3826-L1.broad.duplicate.txt
#
if [ -s /data/shamsaddinisha/jfarber-20160119-P1/spsingh-20190308-E1/spsingh-20190521-D1/mm10/Ccl20-_UT/peak_calling/broadpeak/AB3823-L1_POOLED_AB3824-L1_POOLED_AB3825-L1_POOLED_AB3826-L1.broad.duplicate.txt ]; then
	while IFS= read line; do grep -nr -m 1 --perl-regex '$line' /data/shamsaddinisha/jfarber-20160119-P1/spsingh-20190308-E1/spsingh-20190521-D1/mm10/Ccl20-_UT/peak_calling/broadpeak/AB3823-L1_POOLED_AB3824-L1_POOLED_AB3825-L1_POOLED_AB3826-L1.broadPeak.bdg | cut -d':' -f1 >> /data/shamsaddinisha/jfarber-20160119-P1/spsingh-20190308-E1/spsingh-20190521-D1/mm10/Ccl20-_UT/peak_calling/broadpeak/AB3823-L1_POOLED_AB3824-L1_POOLED_AB3825-L1_POOLED_AB3826-L1.broad.duplicate_line.txt; done< /data/shamsaddinisha/jfarber-20160119-P1/spsingh-20190308-E1/spsingh-20190521-D1/mm10/Ccl20-_UT/peak_calling/broadpeak/AB3823-L1_POOLED_AB3824-L1_POOLED_AB3825-L1_POOLED_AB3826-L1.broad.duplicate.txt
	while IFS= read line; do sed '$lined' /data/shamsaddinisha/jfarber-20160119-P1/spsingh-20190308-E1/spsingh-20190521-D1/mm10/Ccl20-_UT/peak_calling/broadpeak/AB3823-L1_POOLED_AB3824-L1_POOLED_AB3825-L1_POOLED_AB3826-L1.broadPeak.bdg > /data/shamsaddinisha/jfarber-20160119-P1/spsingh-20190308-E1/spsingh-20190521-D1/mm10/Ccl20-_UT/peak_calling/broadpeak/AB3823-L1_POOLED_AB3824-L1_POOLED_AB3825-L1_POOLED_AB3826-L1.broadPeak.bdg.tmp; done< /data/shamsaddinisha/jfarber-20160119-P1/spsingh-20190308-E1/spsingh-20190521-D1/mm10/Ccl20-_UT/peak_calling/broadpeak/AB3823-L1_POOLED_AB3824-L1_POOLED_AB3825-L1_POOLED_AB3826-L1.broad.duplicate_line.txt
fi
#
LC_COLLATE=C sort -k1,1 -k2,2n /data/shamsaddinisha/jfarber-20160119-P1/spsingh-20190308-E1/spsingh-20190521-D1/mm10/Ccl20-_UT/peak_calling/broadpeak/AB3823-L1_POOLED_AB3824-L1_POOLED_AB3825-L1_POOLED_AB3826-L1.broadPeak.bdg.tmp > /data/shamsaddinisha/jfarber-20160119-P1/spsingh-20190308-E1/spsingh-20190521-D1/mm10/Ccl20-_UT/peak_calling/broadpeak/AB3823-L1_POOLED_AB3824-L1_POOLED_AB3825-L1_POOLED_AB3826-L1.broadPeak.bdg
bedGraphToBigWig /data/shamsaddinisha/jfarber-20160119-P1/spsingh-20190308-E1/spsingh-20190521-D1/mm10/Ccl20-_UT/peak_calling/broadpeak/AB3823-L1_POOLED_AB3824-L1_POOLED_AB3825-L1_POOLED_AB3826-L1.broadPeak.bdg /fdb/atac_dnase_pipelines/mm10/mm10.chrom.sizes /data/shamsaddinisha/jfarber-20160119-P1/spsingh-20190308-E1/spsingh-20190521-D1/mm10/Ccl20-_UT/peak_calling/broadpeak/AB3823-L1_POOLED_AB3824-L1_POOLED_AB3825-L1_POOLED_AB3826-L1.broadPeak.bigwig
#
if [ -f /data/shamsaddinisha/jfarber-20160119-P1/spsingh-20190308-E1/spsingh-20190521-D1/mm10/Ccl20-_UT/peak_calling/broadpeak/AB3823-L1_POOLED_AB3824-L1_POOLED_AB3825-L1_POOLED_AB3826-L1.broadPeak.bigwig ]; then
	rm -rf /data/shamsaddinisha/jfarber-20160119-P1/spsingh-20190308-E1/spsingh-20190521-D1/mm10/Ccl20-_UT/peak_calling/broadpeak/AB3823-L1_POOLED_AB3824-L1_POOLED_AB3825-L1_POOLED_AB3826-L1.macs2_broad_peaks.broadPeak
	rm -rf /data/shamsaddinisha/jfarber-20160119-P1/spsingh-20190308-E1/spsingh-20190521-D1/mm10/Ccl20-_UT/peak_calling/broadpeak/AB3823-L1_POOLED_AB3824-L1_POOLED_AB3825-L1_POOLED_AB3826-L1.macs2_broad_summits.bed
	rm -rf /data/shamsaddinisha/jfarber-20160119-P1/spsingh-20190308-E1/spsingh-20190521-D1/mm10/Ccl20-_UT/peak_calling/broadpeak/AB3823-L1_POOLED_AB3824-L1_POOLED_AB3825-L1_POOLED_AB3826-L1.macs2_broad_treat_pileup.bdg
	rm -rf /data/shamsaddinisha/jfarber-20160119-P1/spsingh-20190308-E1/spsingh-20190521-D1/mm10/Ccl20-_UT/peak_calling/broadpeak/AB3823-L1_POOLED_AB3824-L1_POOLED_AB3825-L1_POOLED_AB3826-L1.macs2_broad_control_lambda.bdg
	rm -rf /data/shamsaddinisha/jfarber-20160119-P1/spsingh-20190308-E1/spsingh-20190521-D1/mm10/Ccl20-_UT/peak_calling/broadpeak/AB3823-L1_POOLED_AB3824-L1_POOLED_AB3825-L1_POOLED_AB3826-L1.macs2_broad_FE.bdg
	rm -rf /data/shamsaddinisha/jfarber-20160119-P1/spsingh-20190308-E1/spsingh-20190521-D1/mm10/Ccl20-_UT/peak_calling/broadpeak/AB3823-L1_POOLED_AB3824-L1_POOLED_AB3825-L1_POOLED_AB3826-L1.broadPeak.gz.tmp
	rm -rf /data/shamsaddinisha/jfarber-20160119-P1/spsingh-20190308-E1/spsingh-20190521-D1/mm10/Ccl20-_UT/peak_calling/broadpeak/AB3823-L1_POOLED_AB3824-L1_POOLED_AB3825-L1_POOLED_AB3826-L1.broadPeak.gz.sorted
	rm -rf /data/shamsaddinisha/jfarber-20160119-P1/spsingh-20190308-E1/spsingh-20190521-D1/mm10/Ccl20-_UT/peak_calling/broadpeak/AB3823-L1_POOLED_AB3824-L1_POOLED_AB3825-L1_POOLED_AB3826-L1.broadPeak.bdg.tmp
	rm -rf /data/shamsaddinisha/jfarber-20160119-P1/spsingh-20190308-E1/spsingh-20190521-D1/mm10/Ccl20-_UT/peak_calling/broadpeak/AB3823-L1_POOLED_AB3824-L1_POOLED_AB3825-L1_POOLED_AB3826-L1.broad.duplicate.txt
	rm -rf /data/shamsaddinisha/jfarber-20160119-P1/spsingh-20190308-E1/spsingh-20190521-D1/mm10/Ccl20-_UT/peak_calling/broadpeak/AB3823-L1_POOLED_AB3824-L1_POOLED_AB3825-L1_POOLED_AB3826-L1.broad.duplicate_line.txt
fi
#
EXECUTING....
#
INFO  @ Fri, 24 May 2019 22:11:36: 
# Command line: callpeak --treatment /data/shamsaddinisha/jfarber-20160119-P1/spsingh-20190308-E1/spsingh-20190521-D1/mm10/Ccl20-_UT/post_alignment/AB3823-L1_POOLED_AB3824-L1_POOLED_AB3825-L1_POOLED_AB3826-L1.processed.bed.gz --name AB3823-L1_POOLED_AB3824-L1_POOLED_AB3825-L1_POOLED_AB3826-L1.macs2_broad --format BED --gsize mm --broad --broad-cutoff 5.00e-02 --keep-dup all -q 5.00e-02 -B --SPMR --nomodel --shift -75 --extsize 300 --verbose 3 --outdir /data/shamsaddinisha/jfarber-20160119-P1/spsingh-20190308-E1/spsingh-20190521-D1/mm10/Ccl20-_UT/peak_calling/broadpeak
# ARGUMENTS LIST:
# name = AB3823-L1_POOLED_AB3824-L1_POOLED_AB3825-L1_POOLED_AB3826-L1.macs2_broad
# format = BED
# ChIP-seq file = ['/data/shamsaddinisha/jfarber-20160119-P1/spsingh-20190308-E1/spsingh-20190521-D1/mm10/Ccl20-_UT/post_alignment/AB3823-L1_POOLED_AB3824-L1_POOLED_AB3825-L1_POOLED_AB3826-L1.processed.bed.gz']
# control file = None
# effective genome size = 1.87e+09
# band width = 300
# model fold = [5, 50]
# qvalue cutoff for narrow/strong regions = 5.00e-02
# qvalue cutoff for broad/weak regions = 5.00e-02
# The maximum gap between significant sites is assigned as the read length/tag size.
# The minimum length of peaks is assigned as the predicted fragment length "d".
# Larger dataset will be scaled towards smaller dataset.
# Range for calculating regional lambda is: 10000 bps
# Broad region calling is on
# Paired-End mode is off
# MACS will save fragment pileup signal per million reads
 
INFO  @ Fri, 24 May 2019 22:11:36: #1 read tag files... 
INFO  @ Fri, 24 May 2019 22:11:36: #1 read treatment tags... 
INFO  @ Fri, 24 May 2019 22:11:39:  1000000 
INFO  @ Fri, 24 May 2019 22:11:41:  2000000 
INFO  @ Fri, 24 May 2019 22:11:43:  3000000 
INFO  @ Fri, 24 May 2019 22:11:45:  4000000 
INFO  @ Fri, 24 May 2019 22:11:47:  5000000 
INFO  @ Fri, 24 May 2019 22:11:49:  6000000 
INFO  @ Fri, 24 May 2019 22:11:51:  7000000 
INFO  @ Fri, 24 May 2019 22:11:54:  8000000 
INFO  @ Fri, 24 May 2019 22:11:56:  9000000 
INFO  @ Fri, 24 May 2019 22:11:58:  10000000 
INFO  @ Fri, 24 May 2019 22:12:00:  11000000 
INFO  @ Fri, 24 May 2019 22:12:02:  12000000 
INFO  @ Fri, 24 May 2019 22:12:04:  13000000 
INFO  @ Fri, 24 May 2019 22:12:07:  14000000 
INFO  @ Fri, 24 May 2019 22:12:09:  15000000 
INFO  @ Fri, 24 May 2019 22:12:11:  16000000 
INFO  @ Fri, 24 May 2019 22:12:13:  17000000 
INFO  @ Fri, 24 May 2019 22:12:15:  18000000 
INFO  @ Fri, 24 May 2019 22:12:17:  19000000 
INFO  @ Fri, 24 May 2019 22:12:20:  20000000 
INFO  @ Fri, 24 May 2019 22:12:22:  21000000 
INFO  @ Fri, 24 May 2019 22:12:24:  22000000 
INFO  @ Fri, 24 May 2019 22:12:26:  23000000 
INFO  @ Fri, 24 May 2019 22:12:28:  24000000 
INFO  @ Fri, 24 May 2019 22:12:30:  25000000 
INFO  @ Fri, 24 May 2019 22:12:33:  26000000 
INFO  @ Fri, 24 May 2019 22:12:35:  27000000 
INFO  @ Fri, 24 May 2019 22:12:37:  28000000 
INFO  @ Fri, 24 May 2019 22:12:39:  29000000 
INFO  @ Fri, 24 May 2019 22:12:41:  30000000 
INFO  @ Fri, 24 May 2019 22:12:43:  31000000 
INFO  @ Fri, 24 May 2019 22:12:46:  32000000 
INFO  @ Fri, 24 May 2019 22:12:48:  33000000 
INFO  @ Fri, 24 May 2019 22:12:50:  34000000 
INFO  @ Fri, 24 May 2019 22:12:52:  35000000 
INFO  @ Fri, 24 May 2019 22:12:54:  36000000 
INFO  @ Fri, 24 May 2019 22:12:56:  37000000 
INFO  @ Fri, 24 May 2019 22:12:58:  38000000 
INFO  @ Fri, 24 May 2019 22:13:01:  39000000 
INFO  @ Fri, 24 May 2019 22:13:03:  40000000 
INFO  @ Fri, 24 May 2019 22:13:05:  41000000 
INFO  @ Fri, 24 May 2019 22:13:07:  42000000 
INFO  @ Fri, 24 May 2019 22:13:09:  43000000 
INFO  @ Fri, 24 May 2019 22:13:11:  44000000 
INFO  @ Fri, 24 May 2019 22:13:14:  45000000 
INFO  @ Fri, 24 May 2019 22:13:16:  46000000 
INFO  @ Fri, 24 May 2019 22:13:18:  47000000 
INFO  @ Fri, 24 May 2019 22:13:20:  48000000 
INFO  @ Fri, 24 May 2019 22:13:22:  49000000 
INFO  @ Fri, 24 May 2019 22:13:24:  50000000 
INFO  @ Fri, 24 May 2019 22:13:27:  51000000 
INFO  @ Fri, 24 May 2019 22:13:29:  52000000 
INFO  @ Fri, 24 May 2019 22:13:31:  53000000 
INFO  @ Fri, 24 May 2019 22:13:33:  54000000 
INFO  @ Fri, 24 May 2019 22:13:35:  55000000 
INFO  @ Fri, 24 May 2019 22:13:37:  56000000 
INFO  @ Fri, 24 May 2019 22:13:40:  57000000 
INFO  @ Fri, 24 May 2019 22:13:42:  58000000 
INFO  @ Fri, 24 May 2019 22:13:44:  59000000 
INFO  @ Fri, 24 May 2019 22:13:46:  60000000 
INFO  @ Fri, 24 May 2019 22:13:48:  61000000 
INFO  @ Fri, 24 May 2019 22:13:50:  62000000 
INFO  @ Fri, 24 May 2019 22:13:52:  63000000 
INFO  @ Fri, 24 May 2019 22:13:55:  64000000 
INFO  @ Fri, 24 May 2019 22:13:57:  65000000 
INFO  @ Fri, 24 May 2019 22:13:59:  66000000 
INFO  @ Fri, 24 May 2019 22:14:01:  67000000 
INFO  @ Fri, 24 May 2019 22:14:03:  68000000 
INFO  @ Fri, 24 May 2019 22:14:05:  69000000 
INFO  @ Fri, 24 May 2019 22:14:08:  70000000 
INFO  @ Fri, 24 May 2019 22:14:10:  71000000 
INFO  @ Fri, 24 May 2019 22:14:12:  72000000 
INFO  @ Fri, 24 May 2019 22:14:14:  73000000 
INFO  @ Fri, 24 May 2019 22:14:16:  74000000 
INFO  @ Fri, 24 May 2019 22:14:18:  75000000 
INFO  @ Fri, 24 May 2019 22:14:20:  76000000 
INFO  @ Fri, 24 May 2019 22:14:23:  77000000 
INFO  @ Fri, 24 May 2019 22:14:25:  78000000 
INFO  @ Fri, 24 May 2019 22:14:27:  79000000 
INFO  @ Fri, 24 May 2019 22:14:29:  80000000 
INFO  @ Fri, 24 May 2019 22:14:31:  81000000 
INFO  @ Fri, 24 May 2019 22:14:33:  82000000 
INFO  @ Fri, 24 May 2019 22:14:36:  83000000 
INFO  @ Fri, 24 May 2019 22:14:38:  84000000 
INFO  @ Fri, 24 May 2019 22:14:40:  85000000 
INFO  @ Fri, 24 May 2019 22:14:42:  86000000 
INFO  @ Fri, 24 May 2019 22:14:44:  87000000 
INFO  @ Fri, 24 May 2019 22:14:46:  88000000 
INFO  @ Fri, 24 May 2019 22:14:49:  89000000 
INFO  @ Fri, 24 May 2019 22:14:51:  90000000 
INFO  @ Fri, 24 May 2019 22:14:53:  91000000 
INFO  @ Fri, 24 May 2019 22:14:55:  92000000 
INFO  @ Fri, 24 May 2019 22:14:57:  93000000 
INFO  @ Fri, 24 May 2019 22:14:59:  94000000 
INFO  @ Fri, 24 May 2019 22:15:02:  95000000 
INFO  @ Fri, 24 May 2019 22:15:04:  96000000 
INFO  @ Fri, 24 May 2019 22:15:06:  97000000 
INFO  @ Fri, 24 May 2019 22:15:08:  98000000 
INFO  @ Fri, 24 May 2019 22:15:10:  99000000 
INFO  @ Fri, 24 May 2019 22:15:12:  100000000 
INFO  @ Fri, 24 May 2019 22:15:15:  101000000 
INFO  @ Fri, 24 May 2019 22:15:17:  102000000 
INFO  @ Fri, 24 May 2019 22:15:19:  103000000 
INFO  @ Fri, 24 May 2019 22:15:21:  104000000 
INFO  @ Fri, 24 May 2019 22:15:23:  105000000 
INFO  @ Fri, 24 May 2019 22:15:25:  106000000 
INFO  @ Fri, 24 May 2019 22:15:28:  107000000 
INFO  @ Fri, 24 May 2019 22:15:30:  108000000 
INFO  @ Fri, 24 May 2019 22:15:32:  109000000 
INFO  @ Fri, 24 May 2019 22:15:34:  110000000 
INFO  @ Fri, 24 May 2019 22:15:36:  111000000 
INFO  @ Fri, 24 May 2019 22:15:38:  112000000 
INFO  @ Fri, 24 May 2019 22:15:40:  113000000 
INFO  @ Fri, 24 May 2019 22:15:43:  114000000 
INFO  @ Fri, 24 May 2019 22:15:45:  115000000 
INFO  @ Fri, 24 May 2019 22:15:47:  116000000 
INFO  @ Fri, 24 May 2019 22:15:49:  117000000 
INFO  @ Fri, 24 May 2019 22:15:51:  118000000 
INFO  @ Fri, 24 May 2019 22:15:53:  119000000 
INFO  @ Fri, 24 May 2019 22:15:56:  120000000 
INFO  @ Fri, 24 May 2019 22:15:58:  121000000 
INFO  @ Fri, 24 May 2019 22:16:00:  122000000 
INFO  @ Fri, 24 May 2019 22:16:02:  123000000 
INFO  @ Fri, 24 May 2019 22:16:04:  124000000 
INFO  @ Fri, 24 May 2019 22:16:06:  125000000 
INFO  @ Fri, 24 May 2019 22:16:09:  126000000 
INFO  @ Fri, 24 May 2019 22:16:11:  127000000 
INFO  @ Fri, 24 May 2019 22:16:13:  128000000 
INFO  @ Fri, 24 May 2019 22:16:15:  129000000 
INFO  @ Fri, 24 May 2019 22:16:17:  130000000 
INFO  @ Fri, 24 May 2019 22:16:19:  131000000 
INFO  @ Fri, 24 May 2019 22:16:22:  132000000 
INFO  @ Fri, 24 May 2019 22:16:24:  133000000 
INFO  @ Fri, 24 May 2019 22:16:26:  134000000 
INFO  @ Fri, 24 May 2019 22:16:28:  135000000 
INFO  @ Fri, 24 May 2019 22:16:30:  136000000 
INFO  @ Fri, 24 May 2019 22:16:32:  137000000 
INFO  @ Fri, 24 May 2019 22:16:35:  138000000 
INFO  @ Fri, 24 May 2019 22:16:37:  139000000 
INFO  @ Fri, 24 May 2019 22:16:39:  140000000 
INFO  @ Fri, 24 May 2019 22:16:41:  141000000 
INFO  @ Fri, 24 May 2019 22:16:43:  142000000 
INFO  @ Fri, 24 May 2019 22:16:45:  143000000 
INFO  @ Fri, 24 May 2019 22:16:48:  144000000 
INFO  @ Fri, 24 May 2019 22:16:50:  145000000 
INFO  @ Fri, 24 May 2019 22:16:52:  146000000 
INFO  @ Fri, 24 May 2019 22:16:54:  147000000 
INFO  @ Fri, 24 May 2019 22:16:56:  148000000 
INFO  @ Fri, 24 May 2019 22:16:58:  149000000 
INFO  @ Fri, 24 May 2019 22:17:00:  150000000 
INFO  @ Fri, 24 May 2019 22:17:02:  151000000 
INFO  @ Fri, 24 May 2019 22:17:05:  152000000 
INFO  @ Fri, 24 May 2019 22:17:07:  153000000 
INFO  @ Fri, 24 May 2019 22:17:09:  154000000 
INFO  @ Fri, 24 May 2019 22:17:11:  155000000 
INFO  @ Fri, 24 May 2019 22:17:14:  156000000 
INFO  @ Fri, 24 May 2019 22:17:16:  157000000 
INFO  @ Fri, 24 May 2019 22:17:18:  158000000 
INFO  @ Fri, 24 May 2019 22:17:21: #1 tag size is determined as 69 bps 
INFO  @ Fri, 24 May 2019 22:17:21: #1 tag size = 69.0 
INFO  @ Fri, 24 May 2019 22:17:21: #1  total tags in treatment: 158353369 
INFO  @ Fri, 24 May 2019 22:17:21: #1 finished! 
INFO  @ Fri, 24 May 2019 22:17:21: #2 Build Peak Model... 
INFO  @ Fri, 24 May 2019 22:17:21: #2 Skipped... 
INFO  @ Fri, 24 May 2019 22:17:21: #2 Use 300 as fragment length 
INFO  @ Fri, 24 May 2019 22:17:21: #2 Sequencing ends will be shifted towards 5' by 75 bp(s) 
INFO  @ Fri, 24 May 2019 22:17:21: #3 Call peaks... 
INFO  @ Fri, 24 May 2019 22:17:21: #3 Call broad peaks with given level1 -log10qvalue cutoff and level2: 1.301030, 1.301030... 
INFO  @ Fri, 24 May 2019 22:17:21: #3 Pre-compute pvalue-qvalue table... 
DEBUG @ Fri, 24 May 2019 22:17:21: Start to calculate pvalue stat... 
DEBUG @ Fri, 24 May 2019 22:26:47: access pq hash for 463051323 times 
INFO  @ Fri, 24 May 2019 22:26:47: #3 In the peak calling step, the following will be performed simultaneously: 
INFO  @ Fri, 24 May 2019 22:26:47: #3   Write bedGraph files for treatment pileup (after scaling if necessary)... AB3823-L1_POOLED_AB3824-L1_POOLED_AB3825-L1_POOLED_AB3826-L1.macs2_broad_treat_pileup.bdg 
INFO  @ Fri, 24 May 2019 22:26:47: #3   Write bedGraph files for control lambda (after scaling if necessary)... AB3823-L1_POOLED_AB3824-L1_POOLED_AB3825-L1_POOLED_AB3826-L1.macs2_broad_control_lambda.bdg 
INFO  @ Fri, 24 May 2019 22:26:47: #3 Call peaks for each chromosome... 
INFO  @ Fri, 24 May 2019 22:44:25: #4 Write output xls file... /data/shamsaddinisha/jfarber-20160119-P1/spsingh-20190308-E1/spsingh-20190521-D1/mm10/Ccl20-_UT/peak_calling/broadpeak/AB3823-L1_POOLED_AB3824-L1_POOLED_AB3825-L1_POOLED_AB3826-L1.macs2_broad_peaks.xls 
INFO  @ Fri, 24 May 2019 22:44:26: #4 Write broad peak in broadPeak format file... /data/shamsaddinisha/jfarber-20160119-P1/spsingh-20190308-E1/spsingh-20190521-D1/mm10/Ccl20-_UT/peak_calling/broadpeak/AB3823-L1_POOLED_AB3824-L1_POOLED_AB3825-L1_POOLED_AB3826-L1.macs2_broad_peaks.broadPeak 
INFO  @ Fri, 24 May 2019 22:44:26: #4 Write broad peak in bed12/gappedPeak format file... /data/shamsaddinisha/jfarber-20160119-P1/spsingh-20190308-E1/spsingh-20190521-D1/mm10/Ccl20-_UT/peak_calling/broadpeak/AB3823-L1_POOLED_AB3824-L1_POOLED_AB3825-L1_POOLED_AB3826-L1.macs2_broad_peaks.gappedPeak 
INFO  @ Fri, 24 May 2019 22:44:27: Done! 
pass1 - making usageList (22 chroms): 50 millis
pass2 - checking and writing primary data (86743 records, 9 fields): 453 millis
INFO  @ Fri, 24 May 2019 22:44:31: Read and build treatment bedGraph... 
INFO  @ Fri, 24 May 2019 22:49:43: Read and build control bedGraph... 
INFO  @ Fri, 24 May 2019 22:50:43: Build scoreTrackII... 
INFO  @ Fri, 24 May 2019 22:52:21: Calculate scores comparing treatment and control by 'FE'... 
INFO  @ Fri, 24 May 2019 23:12:59: Write bedGraph of scores... 
INFO  @ Fri, 24 May 2019 23:22:12: Finished 'FE'! Please check '/data/shamsaddinisha/jfarber-20160119-P1/spsingh-20190308-E1/spsingh-20190521-D1/mm10/Ccl20-_UT/peak_calling/broadpeak/AB3823-L1_POOLED_AB3824-L1_POOLED_AB3825-L1_POOLED_AB3826-L1.macs2_broad_FE.bdg'! 
#
DONE!!!!
#
ELAPSED TIME: 13152 seconds
------------------------------------------------------------------------------
[Sat May 25 01:50:48 2019]
Finished job 0.
1 of 1 steps (100%) done
