Building DAG of jobs...
Using shell: /usr/bin/bash
Provided cores: 30
Rules claiming more threads will be scaled down.
Unlimited resources: mem_mb
Job counts:
	count	jobs
	1	Peak_Calling_Broad
	1

[Fri May 24 22:46:52 2019]
Job 0: Peak_Calling_Broad: Ccl20-_T|AB3833-L1

[-] Unloading samtools 1.9  ... 
[+] Loading samtools 1.9  ... 
[+] Loading macs  2.1.2 
[+] Loading bedtools  2.27.1 
[+] Loading deeptools  3.1.3 
[+] Loading ucsc 373 on cn1996 
###################################- COMMANDLINE -############################
module load samtools/1.9 || exit 1
module load macs/2.1.2 || exit 1
module load bedtools/2.27.1 || exit 1
module load deeptools/3.1.3 || exit 1
module load ucsc/373 || exit 1
#
Description:
Peak Calling Broad
#
INPUT1: /data/shamsaddinisha/jfarber-20160119-P1/spsingh-20190308-E1/spsingh-20190521-D1/mm10/Ccl20-_T/post_alignment/AB3833-L1.processed.bam
INPUT2: /data/shamsaddinisha/jfarber-20160119-P1/spsingh-20190308-E1/spsingh-20190521-D1/mm10/Ccl20-_T/post_alignment/AB3833-L1.processed.bam.bai
INPUT3: /data/shamsaddinisha/jfarber-20160119-P1/spsingh-20190308-E1/spsingh-20190521-D1/mm10/Ccl20-_T/post_alignment/AB3833-L1.processed.bed.gz
INPUT4: /data/shamsaddinisha/jfarber-20160119-P1/spsingh-20190308-E1/spsingh-20190521-D1/mm10/Ccl20-_T/post_alignment/AB3833-L1.processed.bed.gz.tbi
#
OUTPUT1: /data/shamsaddinisha/jfarber-20160119-P1/spsingh-20190308-E1/spsingh-20190521-D1/mm10/Ccl20-_T/peak_calling/broadpeak/AB3833-L1.broadPeak.gz
OUTPUT2: /data/shamsaddinisha/jfarber-20160119-P1/spsingh-20190308-E1/spsingh-20190521-D1/mm10/Ccl20-_T/peak_calling/broadpeak/AB3833-L1.broadPeak.gz.tbi
OUTPUT3: /data/shamsaddinisha/jfarber-20160119-P1/spsingh-20190308-E1/spsingh-20190521-D1/mm10/Ccl20-_T/peak_calling/broadpeak/AB3833-L1.broadPeak.bb
OUTPUT4: /data/shamsaddinisha/jfarber-20160119-P1/spsingh-20190308-E1/spsingh-20190521-D1/mm10/Ccl20-_T/peak_calling/broadpeak/AB3833-L1.broadPeak.bdg
OUTPUT5: /data/shamsaddinisha/jfarber-20160119-P1/spsingh-20190308-E1/spsingh-20190521-D1/mm10/Ccl20-_T/peak_calling/broadpeak/AB3833-L1.broadPeak.bigwig
++++++++++++++++++++++++++++++++++++++++++++++++++++++++++++++++++++++++++++++
macs2 callpeak --treatment /data/shamsaddinisha/jfarber-20160119-P1/spsingh-20190308-E1/spsingh-20190521-D1/mm10/Ccl20-_T/post_alignment/AB3833-L1.processed.bed.gz --name AB3833-L1.macs2_broad --format BED --gsize mm --broad --broad-cutoff 5.00e-02 --keep-dup all -q 5.00e-02 -B --SPMR --nomodel --shift -75 --extsize 300 --verbose 3 --outdir /data/shamsaddinisha/jfarber-20160119-P1/spsingh-20190308-E1/spsingh-20190521-D1/mm10/Ccl20-_T/peak_calling/broadpeak
#
LC_COLLATE=C sort -k1,1 -k2,2n /data/shamsaddinisha/jfarber-20160119-P1/spsingh-20190308-E1/spsingh-20190521-D1/mm10/Ccl20-_T/peak_calling/broadpeak/AB3833-L1.macs2_broad_peaks.broadPeak > /data/shamsaddinisha/jfarber-20160119-P1/spsingh-20190308-E1/spsingh-20190521-D1/mm10/Ccl20-_T/peak_calling/broadpeak/AB3833-L1.broadPeak.gz.sorted
#
bgzip -c /data/shamsaddinisha/jfarber-20160119-P1/spsingh-20190308-E1/spsingh-20190521-D1/mm10/Ccl20-_T/peak_calling/broadpeak/AB3833-L1.broadPeak.gz.sorted > /data/shamsaddinisha/jfarber-20160119-P1/spsingh-20190308-E1/spsingh-20190521-D1/mm10/Ccl20-_T/peak_calling/broadpeak/AB3833-L1.broadPeak.gz
#
tabix -f -p bed /data/shamsaddinisha/jfarber-20160119-P1/spsingh-20190308-E1/spsingh-20190521-D1/mm10/Ccl20-_T/peak_calling/broadpeak/AB3833-L1.broadPeak.gz
#
awk 'BEGIN{OFS="\t"}{if ($5>1000) $5=1000; print $0}' /data/shamsaddinisha/jfarber-20160119-P1/spsingh-20190308-E1/spsingh-20190521-D1/mm10/Ccl20-_T/peak_calling/broadpeak/AB3833-L1.broadPeak.gz.sorted > /data/shamsaddinisha/jfarber-20160119-P1/spsingh-20190308-E1/spsingh-20190521-D1/mm10/Ccl20-_T/peak_calling/broadpeak/AB3833-L1.broadPeak.gz.tmp
#
bedToBigBed -as=./Script/bigBroadPeak.as -type=bed6+3 /data/shamsaddinisha/jfarber-20160119-P1/spsingh-20190308-E1/spsingh-20190521-D1/mm10/Ccl20-_T/peak_calling/broadpeak/AB3833-L1.broadPeak.gz.tmp /fdb/atac_dnase_pipelines/mm10/mm10.chrom.sizes /data/shamsaddinisha/jfarber-20160119-P1/spsingh-20190308-E1/spsingh-20190521-D1/mm10/Ccl20-_T/peak_calling/broadpeak/AB3833-L1.broadPeak.bb
#
macs2 bdgcmp -t /data/shamsaddinisha/jfarber-20160119-P1/spsingh-20190308-E1/spsingh-20190521-D1/mm10/Ccl20-_T/peak_calling/broadpeak/AB3833-L1.macs2_broad_treat_pileup.bdg -c /data/shamsaddinisha/jfarber-20160119-P1/spsingh-20190308-E1/spsingh-20190521-D1/mm10/Ccl20-_T/peak_calling/broadpeak/AB3833-L1.macs2_broad_control_lambda.bdg --o-prefix AB3833-L1.macs2_broad --outdir /data/shamsaddinisha/jfarber-20160119-P1/spsingh-20190308-E1/spsingh-20190521-D1/mm10/Ccl20-_T/peak_calling/broadpeak --method FE --pseudocount 0.00001
#
slopBed -i /data/shamsaddinisha/jfarber-20160119-P1/spsingh-20190308-E1/spsingh-20190521-D1/mm10/Ccl20-_T/peak_calling/broadpeak/AB3833-L1.macs2_broad_FE.bdg -g /fdb/atac_dnase_pipelines/mm10/mm10.chrom.sizes -b 0 | bedClip stdin /fdb/atac_dnase_pipelines/mm10/mm10.chrom.sizes /data/shamsaddinisha/jfarber-20160119-P1/spsingh-20190308-E1/spsingh-20190521-D1/mm10/Ccl20-_T/peak_calling/broadpeak/AB3833-L1.broadPeak.bdg.tmp
#
LC_COLLATE=C sort -k1,1 -k2,2n /data/shamsaddinisha/jfarber-20160119-P1/spsingh-20190308-E1/spsingh-20190521-D1/mm10/Ccl20-_T/peak_calling/broadpeak/AB3833-L1.broadPeak.bdg.tmp > /data/shamsaddinisha/jfarber-20160119-P1/spsingh-20190308-E1/spsingh-20190521-D1/mm10/Ccl20-_T/peak_calling/broadpeak/AB3833-L1.broadPeak.bdg
#
cut -f1,2,3 /data/shamsaddinisha/jfarber-20160119-P1/spsingh-20190308-E1/spsingh-20190521-D1/mm10/Ccl20-_T/peak_calling/broadpeak/AB3833-L1.broadPeak.bdg | sort | uniq -d > /data/shamsaddinisha/jfarber-20160119-P1/spsingh-20190308-E1/spsingh-20190521-D1/mm10/Ccl20-_T/peak_calling/broadpeak/AB3833-L1.broad.duplicate.txt
#
cut -f1,2 /data/shamsaddinisha/jfarber-20160119-P1/spsingh-20190308-E1/spsingh-20190521-D1/mm10/Ccl20-_T/peak_calling/broadpeak/AB3833-L1.broadPeak.bdg | sort | uniq -d >> /data/shamsaddinisha/jfarber-20160119-P1/spsingh-20190308-E1/spsingh-20190521-D1/mm10/Ccl20-_T/peak_calling/broadpeak/AB3833-L1.broad.duplicate.txt
#
cut -f1,3 /data/shamsaddinisha/jfarber-20160119-P1/spsingh-20190308-E1/spsingh-20190521-D1/mm10/Ccl20-_T/peak_calling/broadpeak/AB3833-L1.broadPeak.bdg | sort | uniq -d | sed 's/\t/\t.*\t/' >> /data/shamsaddinisha/jfarber-20160119-P1/spsingh-20190308-E1/spsingh-20190521-D1/mm10/Ccl20-_T/peak_calling/broadpeak/AB3833-L1.broad.duplicate.txt
#
if [ -s /data/shamsaddinisha/jfarber-20160119-P1/spsingh-20190308-E1/spsingh-20190521-D1/mm10/Ccl20-_T/peak_calling/broadpeak/AB3833-L1.broad.duplicate.txt ]; then
	while IFS= read line; do grep -nr -m 1 --perl-regex '$line' /data/shamsaddinisha/jfarber-20160119-P1/spsingh-20190308-E1/spsingh-20190521-D1/mm10/Ccl20-_T/peak_calling/broadpeak/AB3833-L1.broadPeak.bdg | cut -d':' -f1 >> /data/shamsaddinisha/jfarber-20160119-P1/spsingh-20190308-E1/spsingh-20190521-D1/mm10/Ccl20-_T/peak_calling/broadpeak/AB3833-L1.broad.duplicate_line.txt; done< /data/shamsaddinisha/jfarber-20160119-P1/spsingh-20190308-E1/spsingh-20190521-D1/mm10/Ccl20-_T/peak_calling/broadpeak/AB3833-L1.broad.duplicate.txt
	while IFS= read line; do sed '$lined' /data/shamsaddinisha/jfarber-20160119-P1/spsingh-20190308-E1/spsingh-20190521-D1/mm10/Ccl20-_T/peak_calling/broadpeak/AB3833-L1.broadPeak.bdg > /data/shamsaddinisha/jfarber-20160119-P1/spsingh-20190308-E1/spsingh-20190521-D1/mm10/Ccl20-_T/peak_calling/broadpeak/AB3833-L1.broadPeak.bdg.tmp; done< /data/shamsaddinisha/jfarber-20160119-P1/spsingh-20190308-E1/spsingh-20190521-D1/mm10/Ccl20-_T/peak_calling/broadpeak/AB3833-L1.broad.duplicate_line.txt
fi
#
LC_COLLATE=C sort -k1,1 -k2,2n /data/shamsaddinisha/jfarber-20160119-P1/spsingh-20190308-E1/spsingh-20190521-D1/mm10/Ccl20-_T/peak_calling/broadpeak/AB3833-L1.broadPeak.bdg.tmp > /data/shamsaddinisha/jfarber-20160119-P1/spsingh-20190308-E1/spsingh-20190521-D1/mm10/Ccl20-_T/peak_calling/broadpeak/AB3833-L1.broadPeak.bdg
bedGraphToBigWig /data/shamsaddinisha/jfarber-20160119-P1/spsingh-20190308-E1/spsingh-20190521-D1/mm10/Ccl20-_T/peak_calling/broadpeak/AB3833-L1.broadPeak.bdg /fdb/atac_dnase_pipelines/mm10/mm10.chrom.sizes /data/shamsaddinisha/jfarber-20160119-P1/spsingh-20190308-E1/spsingh-20190521-D1/mm10/Ccl20-_T/peak_calling/broadpeak/AB3833-L1.broadPeak.bigwig
#
if [ -f /data/shamsaddinisha/jfarber-20160119-P1/spsingh-20190308-E1/spsingh-20190521-D1/mm10/Ccl20-_T/peak_calling/broadpeak/AB3833-L1.broadPeak.bigwig ]; then
	rm -rf /data/shamsaddinisha/jfarber-20160119-P1/spsingh-20190308-E1/spsingh-20190521-D1/mm10/Ccl20-_T/peak_calling/broadpeak/AB3833-L1.macs2_broad_peaks.broadPeak
	rm -rf /data/shamsaddinisha/jfarber-20160119-P1/spsingh-20190308-E1/spsingh-20190521-D1/mm10/Ccl20-_T/peak_calling/broadpeak/AB3833-L1.macs2_broad_summits.bed
	rm -rf /data/shamsaddinisha/jfarber-20160119-P1/spsingh-20190308-E1/spsingh-20190521-D1/mm10/Ccl20-_T/peak_calling/broadpeak/AB3833-L1.macs2_broad_treat_pileup.bdg
	rm -rf /data/shamsaddinisha/jfarber-20160119-P1/spsingh-20190308-E1/spsingh-20190521-D1/mm10/Ccl20-_T/peak_calling/broadpeak/AB3833-L1.macs2_broad_control_lambda.bdg
	rm -rf /data/shamsaddinisha/jfarber-20160119-P1/spsingh-20190308-E1/spsingh-20190521-D1/mm10/Ccl20-_T/peak_calling/broadpeak/AB3833-L1.macs2_broad_FE.bdg
	rm -rf /data/shamsaddinisha/jfarber-20160119-P1/spsingh-20190308-E1/spsingh-20190521-D1/mm10/Ccl20-_T/peak_calling/broadpeak/AB3833-L1.broadPeak.gz.tmp
	rm -rf /data/shamsaddinisha/jfarber-20160119-P1/spsingh-20190308-E1/spsingh-20190521-D1/mm10/Ccl20-_T/peak_calling/broadpeak/AB3833-L1.broadPeak.gz.sorted
	rm -rf /data/shamsaddinisha/jfarber-20160119-P1/spsingh-20190308-E1/spsingh-20190521-D1/mm10/Ccl20-_T/peak_calling/broadpeak/AB3833-L1.broadPeak.bdg.tmp
	rm -rf /data/shamsaddinisha/jfarber-20160119-P1/spsingh-20190308-E1/spsingh-20190521-D1/mm10/Ccl20-_T/peak_calling/broadpeak/AB3833-L1.broad.duplicate.txt
	rm -rf /data/shamsaddinisha/jfarber-20160119-P1/spsingh-20190308-E1/spsingh-20190521-D1/mm10/Ccl20-_T/peak_calling/broadpeak/AB3833-L1.broad.duplicate_line.txt
fi
#
EXECUTING....
#
INFO  @ Fri, 24 May 2019 22:46:57: 
# Command line: callpeak --treatment /data/shamsaddinisha/jfarber-20160119-P1/spsingh-20190308-E1/spsingh-20190521-D1/mm10/Ccl20-_T/post_alignment/AB3833-L1.processed.bed.gz --name AB3833-L1.macs2_broad --format BED --gsize mm --broad --broad-cutoff 5.00e-02 --keep-dup all -q 5.00e-02 -B --SPMR --nomodel --shift -75 --extsize 300 --verbose 3 --outdir /data/shamsaddinisha/jfarber-20160119-P1/spsingh-20190308-E1/spsingh-20190521-D1/mm10/Ccl20-_T/peak_calling/broadpeak
# ARGUMENTS LIST:
# name = AB3833-L1.macs2_broad
# format = BED
# ChIP-seq file = ['/data/shamsaddinisha/jfarber-20160119-P1/spsingh-20190308-E1/spsingh-20190521-D1/mm10/Ccl20-_T/post_alignment/AB3833-L1.processed.bed.gz']
# control file = None
# effective genome size = 1.87e+09
# band width = 300
# model fold = [5, 50]
# qvalue cutoff for narrow/strong regions = 5.00e-02
# qvalue cutoff for broad/weak regions = 5.00e-02
# The maximum gap between significant sites is assigned as the read length/tag size.
# The minimum length of peaks is assigned as the predicted fragment length "d".
# Larger dataset will be scaled towards smaller dataset.
# Range for calculating regional lambda is: 10000 bps
# Broad region calling is on
# Paired-End mode is off
# MACS will save fragment pileup signal per million reads
 
INFO  @ Fri, 24 May 2019 22:46:57: #1 read tag files... 
INFO  @ Fri, 24 May 2019 22:46:57: #1 read treatment tags... 
INFO  @ Fri, 24 May 2019 22:47:00:  1000000 
INFO  @ Fri, 24 May 2019 22:47:02:  2000000 
INFO  @ Fri, 24 May 2019 22:47:05:  3000000 
INFO  @ Fri, 24 May 2019 22:47:07:  4000000 
INFO  @ Fri, 24 May 2019 22:47:10:  5000000 
INFO  @ Fri, 24 May 2019 22:47:12:  6000000 
INFO  @ Fri, 24 May 2019 22:47:14:  7000000 
INFO  @ Fri, 24 May 2019 22:47:17:  8000000 
INFO  @ Fri, 24 May 2019 22:47:19:  9000000 
INFO  @ Fri, 24 May 2019 22:47:22:  10000000 
INFO  @ Fri, 24 May 2019 22:47:24:  11000000 
INFO  @ Fri, 24 May 2019 22:47:27:  12000000 
INFO  @ Fri, 24 May 2019 22:47:29:  13000000 
INFO  @ Fri, 24 May 2019 22:47:32:  14000000 
INFO  @ Fri, 24 May 2019 22:47:34:  15000000 
INFO  @ Fri, 24 May 2019 22:47:37:  16000000 
INFO  @ Fri, 24 May 2019 22:47:39:  17000000 
INFO  @ Fri, 24 May 2019 22:47:42:  18000000 
INFO  @ Fri, 24 May 2019 22:47:44:  19000000 
INFO  @ Fri, 24 May 2019 22:47:47:  20000000 
INFO  @ Fri, 24 May 2019 22:47:49:  21000000 
INFO  @ Fri, 24 May 2019 22:47:52:  22000000 
INFO  @ Fri, 24 May 2019 22:47:54:  23000000 
INFO  @ Fri, 24 May 2019 22:47:57:  24000000 
INFO  @ Fri, 24 May 2019 22:47:59:  25000000 
INFO  @ Fri, 24 May 2019 22:48:02:  26000000 
INFO  @ Fri, 24 May 2019 22:48:04:  27000000 
INFO  @ Fri, 24 May 2019 22:48:07:  28000000 
INFO  @ Fri, 24 May 2019 22:48:09:  29000000 
INFO  @ Fri, 24 May 2019 22:48:12:  30000000 
INFO  @ Fri, 24 May 2019 22:48:14:  31000000 
INFO  @ Fri, 24 May 2019 22:48:16:  32000000 
INFO  @ Fri, 24 May 2019 22:48:19:  33000000 
INFO  @ Fri, 24 May 2019 22:48:21:  34000000 
INFO  @ Fri, 24 May 2019 22:48:24:  35000000 
INFO  @ Fri, 24 May 2019 22:48:26:  36000000 
INFO  @ Fri, 24 May 2019 22:48:29:  37000000 
INFO  @ Fri, 24 May 2019 22:48:31:  38000000 
INFO  @ Fri, 24 May 2019 22:48:34:  39000000 
INFO  @ Fri, 24 May 2019 22:48:36:  40000000 
INFO  @ Fri, 24 May 2019 22:48:39:  41000000 
INFO  @ Fri, 24 May 2019 22:48:41:  42000000 
INFO  @ Fri, 24 May 2019 22:48:44:  43000000 
INFO  @ Fri, 24 May 2019 22:48:46:  44000000 
INFO  @ Fri, 24 May 2019 22:48:49:  45000000 
INFO  @ Fri, 24 May 2019 22:48:51:  46000000 
INFO  @ Fri, 24 May 2019 22:48:54:  47000000 
INFO  @ Fri, 24 May 2019 22:48:56:  48000000 
INFO  @ Fri, 24 May 2019 22:48:59:  49000000 
INFO  @ Fri, 24 May 2019 22:49:01:  50000000 
INFO  @ Fri, 24 May 2019 22:49:04:  51000000 
INFO  @ Fri, 24 May 2019 22:49:06:  52000000 
INFO  @ Fri, 24 May 2019 22:49:08:  53000000 
INFO  @ Fri, 24 May 2019 22:49:11:  54000000 
INFO  @ Fri, 24 May 2019 22:49:13:  55000000 
INFO  @ Fri, 24 May 2019 22:49:16:  56000000 
INFO  @ Fri, 24 May 2019 22:49:18:  57000000 
INFO  @ Fri, 24 May 2019 22:49:21:  58000000 
INFO  @ Fri, 24 May 2019 22:49:23:  59000000 
INFO  @ Fri, 24 May 2019 22:49:26:  60000000 
INFO  @ Fri, 24 May 2019 22:49:28:  61000000 
INFO  @ Fri, 24 May 2019 22:49:31:  62000000 
INFO  @ Fri, 24 May 2019 22:49:33:  63000000 
INFO  @ Fri, 24 May 2019 22:49:36:  64000000 
INFO  @ Fri, 24 May 2019 22:49:38:  65000000 
INFO  @ Fri, 24 May 2019 22:49:41:  66000000 
INFO  @ Fri, 24 May 2019 22:49:43:  67000000 
INFO  @ Fri, 24 May 2019 22:49:46:  68000000 
INFO  @ Fri, 24 May 2019 22:49:48:  69000000 
INFO  @ Fri, 24 May 2019 22:49:51:  70000000 
INFO  @ Fri, 24 May 2019 22:49:53:  71000000 
INFO  @ Fri, 24 May 2019 22:49:55: #1 tag size is determined as 70 bps 
INFO  @ Fri, 24 May 2019 22:49:55: #1 tag size = 70.0 
INFO  @ Fri, 24 May 2019 22:49:55: #1  total tags in treatment: 71129081 
INFO  @ Fri, 24 May 2019 22:49:55: #1 finished! 
INFO  @ Fri, 24 May 2019 22:49:55: #2 Build Peak Model... 
INFO  @ Fri, 24 May 2019 22:49:55: #2 Skipped... 
INFO  @ Fri, 24 May 2019 22:49:55: #2 Use 300 as fragment length 
INFO  @ Fri, 24 May 2019 22:49:55: #2 Sequencing ends will be shifted towards 5' by 75 bp(s) 
INFO  @ Fri, 24 May 2019 22:49:55: #3 Call peaks... 
INFO  @ Fri, 24 May 2019 22:49:55: #3 Call broad peaks with given level1 -log10qvalue cutoff and level2: 1.301030, 1.301030... 
INFO  @ Fri, 24 May 2019 22:49:55: #3 Pre-compute pvalue-qvalue table... 
DEBUG @ Fri, 24 May 2019 22:49:55: Start to calculate pvalue stat... 
DEBUG @ Fri, 24 May 2019 22:55:28: access pq hash for 204318134 times 
INFO  @ Fri, 24 May 2019 22:55:28: #3 In the peak calling step, the following will be performed simultaneously: 
INFO  @ Fri, 24 May 2019 22:55:28: #3   Write bedGraph files for treatment pileup (after scaling if necessary)... AB3833-L1.macs2_broad_treat_pileup.bdg 
INFO  @ Fri, 24 May 2019 22:55:28: #3   Write bedGraph files for control lambda (after scaling if necessary)... AB3833-L1.macs2_broad_control_lambda.bdg 
INFO  @ Fri, 24 May 2019 22:55:28: #3 Call peaks for each chromosome... 
INFO  @ Fri, 24 May 2019 23:05:37: #4 Write output xls file... /data/shamsaddinisha/jfarber-20160119-P1/spsingh-20190308-E1/spsingh-20190521-D1/mm10/Ccl20-_T/peak_calling/broadpeak/AB3833-L1.macs2_broad_peaks.xls 
INFO  @ Fri, 24 May 2019 23:05:38: #4 Write broad peak in broadPeak format file... /data/shamsaddinisha/jfarber-20160119-P1/spsingh-20190308-E1/spsingh-20190521-D1/mm10/Ccl20-_T/peak_calling/broadpeak/AB3833-L1.macs2_broad_peaks.broadPeak 
INFO  @ Fri, 24 May 2019 23:05:38: #4 Write broad peak in bed12/gappedPeak format file... /data/shamsaddinisha/jfarber-20160119-P1/spsingh-20190308-E1/spsingh-20190521-D1/mm10/Ccl20-_T/peak_calling/broadpeak/AB3833-L1.macs2_broad_peaks.gappedPeak 
INFO  @ Fri, 24 May 2019 23:05:39: Done! 
pass1 - making usageList (22 chroms): 53 millis
pass2 - checking and writing primary data (109347 records, 9 fields): 557 millis
INFO  @ Fri, 24 May 2019 23:05:43: Read and build treatment bedGraph... 
INFO  @ Fri, 24 May 2019 23:08:10: Read and build control bedGraph... 
INFO  @ Fri, 24 May 2019 23:08:58: Build scoreTrackII... 
INFO  @ Fri, 24 May 2019 23:09:48: Calculate scores comparing treatment and control by 'FE'... 
INFO  @ Fri, 24 May 2019 23:21:00: Write bedGraph of scores... 
INFO  @ Fri, 24 May 2019 23:25:50: Finished 'FE'! Please check '/data/shamsaddinisha/jfarber-20160119-P1/spsingh-20190308-E1/spsingh-20190521-D1/mm10/Ccl20-_T/peak_calling/broadpeak/AB3833-L1.macs2_broad_FE.bdg'! 
#
DONE!!!!
#
ELAPSED TIME: 6722 seconds
------------------------------------------------------------------------------
[Sat May 25 00:38:58 2019]
Finished job 0.
1 of 1 steps (100%) done
