Building DAG of jobs...
Using shell: /usr/bin/bash
Provided cores: 30
Rules claiming more threads will be scaled down.
Unlimited resources: mem_mb
Job counts:
	count	jobs
	1	Peak_Calling_Narrow
	1

[Fri May 24 20:14:04 2019]
Job 0: Peak_Calling_Narrow: Ccl20+_UT|AB3827-L1_POOLED_AB3828-L1_POOLED_AB3829-L1_POOLED_AB3830-L1

[-] Unloading samtools 1.9  ... 
[+] Loading samtools 1.9  ... 
[+] Loading macs  2.1.2 
[+] Loading bedtools  2.27.1 
[+] Loading deeptools  3.1.3 
[+] Loading ucsc 373 on cn2955 
###################################- COMMANDLINE -############################
module load samtools/1.9 || exit 1
module load macs/2.1.2 || exit 1
module load bedtools/2.27.1 || exit 1
module load deeptools/3.1.3 || exit 1
module load ucsc/373 || exit 1
#
Description:
Peak Calling Narrow
#
INPUT1: /data/shamsaddinisha/jfarber-20160119-P1/spsingh-20190308-E1/spsingh-20190521-D1/mm10/Ccl20+_UT/post_alignment/AB3827-L1_POOLED_AB3828-L1_POOLED_AB3829-L1_POOLED_AB3830-L1.processed.bam
INPUT2: /data/shamsaddinisha/jfarber-20160119-P1/spsingh-20190308-E1/spsingh-20190521-D1/mm10/Ccl20+_UT/post_alignment/AB3827-L1_POOLED_AB3828-L1_POOLED_AB3829-L1_POOLED_AB3830-L1.processed.bam.bai
INPUT3: /data/shamsaddinisha/jfarber-20160119-P1/spsingh-20190308-E1/spsingh-20190521-D1/mm10/Ccl20+_UT/post_alignment/AB3827-L1_POOLED_AB3828-L1_POOLED_AB3829-L1_POOLED_AB3830-L1.processed.bed.gz
INPUT4: /data/shamsaddinisha/jfarber-20160119-P1/spsingh-20190308-E1/spsingh-20190521-D1/mm10/Ccl20+_UT/post_alignment/AB3827-L1_POOLED_AB3828-L1_POOLED_AB3829-L1_POOLED_AB3830-L1.processed.bed.gz.tbi
#
OUTPUT1: /data/shamsaddinisha/jfarber-20160119-P1/spsingh-20190308-E1/spsingh-20190521-D1/mm10/Ccl20+_UT/peak_calling/narrowpeak/AB3827-L1_POOLED_AB3828-L1_POOLED_AB3829-L1_POOLED_AB3830-L1.narrowPeak.gz
OUTPUT2: /data/shamsaddinisha/jfarber-20160119-P1/spsingh-20190308-E1/spsingh-20190521-D1/mm10/Ccl20+_UT/peak_calling/narrowpeak/AB3827-L1_POOLED_AB3828-L1_POOLED_AB3829-L1_POOLED_AB3830-L1.narrowPeak.gz.tbi
OUTPUT3: /data/shamsaddinisha/jfarber-20160119-P1/spsingh-20190308-E1/spsingh-20190521-D1/mm10/Ccl20+_UT/peak_calling/narrowpeak/AB3827-L1_POOLED_AB3828-L1_POOLED_AB3829-L1_POOLED_AB3830-L1.narrowPeak.bb
OUTPUT4: /data/shamsaddinisha/jfarber-20160119-P1/spsingh-20190308-E1/spsingh-20190521-D1/mm10/Ccl20+_UT/peak_calling/narrowpeak/AB3827-L1_POOLED_AB3828-L1_POOLED_AB3829-L1_POOLED_AB3830-L1.narrowPeak.bdg
OUTPUT5: /data/shamsaddinisha/jfarber-20160119-P1/spsingh-20190308-E1/spsingh-20190521-D1/mm10/Ccl20+_UT/peak_calling/narrowpeak/AB3827-L1_POOLED_AB3828-L1_POOLED_AB3829-L1_POOLED_AB3830-L1.narrowPeak.bigwig
++++++++++++++++++++++++++++++++++++++++++++++++++++++++++++++++++++++++++++++
macs2 callpeak --treatment /data/shamsaddinisha/jfarber-20160119-P1/spsingh-20190308-E1/spsingh-20190521-D1/mm10/Ccl20+_UT/post_alignment/AB3827-L1_POOLED_AB3828-L1_POOLED_AB3829-L1_POOLED_AB3830-L1.processed.bed.gz --name AB3827-L1_POOLED_AB3828-L1_POOLED_AB3829-L1_POOLED_AB3830-L1.macs2_narrow --format BED --gsize mm --call-summits --keep-dup all -q 5.00e-02 -B --SPMR --nomodel --shift -75 --extsize 150 --verbose 3 --outdir /data/shamsaddinisha/jfarber-20160119-P1/spsingh-20190308-E1/spsingh-20190521-D1/mm10/Ccl20+_UT/peak_calling/narrowpeak
#
LC_COLLATE=C sort -k1,1 -k2,2n /data/shamsaddinisha/jfarber-20160119-P1/spsingh-20190308-E1/spsingh-20190521-D1/mm10/Ccl20+_UT/peak_calling/narrowpeak/AB3827-L1_POOLED_AB3828-L1_POOLED_AB3829-L1_POOLED_AB3830-L1.macs2_narrow_peaks.narrowPeak > /data/shamsaddinisha/jfarber-20160119-P1/spsingh-20190308-E1/spsingh-20190521-D1/mm10/Ccl20+_UT/peak_calling/narrowpeak/AB3827-L1_POOLED_AB3828-L1_POOLED_AB3829-L1_POOLED_AB3830-L1.narrowPeak.gz.sorted
#
bgzip -c /data/shamsaddinisha/jfarber-20160119-P1/spsingh-20190308-E1/spsingh-20190521-D1/mm10/Ccl20+_UT/peak_calling/narrowpeak/AB3827-L1_POOLED_AB3828-L1_POOLED_AB3829-L1_POOLED_AB3830-L1.narrowPeak.gz.sorted > /data/shamsaddinisha/jfarber-20160119-P1/spsingh-20190308-E1/spsingh-20190521-D1/mm10/Ccl20+_UT/peak_calling/narrowpeak/AB3827-L1_POOLED_AB3828-L1_POOLED_AB3829-L1_POOLED_AB3830-L1.narrowPeak.gz
#
tabix -f -p bed /data/shamsaddinisha/jfarber-20160119-P1/spsingh-20190308-E1/spsingh-20190521-D1/mm10/Ccl20+_UT/peak_calling/narrowpeak/AB3827-L1_POOLED_AB3828-L1_POOLED_AB3829-L1_POOLED_AB3830-L1.narrowPeak.gz
#
awk 'BEGIN{OFS="\t"}{if ($5>1000) $5=1000; print $0}' /data/shamsaddinisha/jfarber-20160119-P1/spsingh-20190308-E1/spsingh-20190521-D1/mm10/Ccl20+_UT/peak_calling/narrowpeak/AB3827-L1_POOLED_AB3828-L1_POOLED_AB3829-L1_POOLED_AB3830-L1.narrowPeak.gz.sorted > /data/shamsaddinisha/jfarber-20160119-P1/spsingh-20190308-E1/spsingh-20190521-D1/mm10/Ccl20+_UT/peak_calling/narrowpeak/AB3827-L1_POOLED_AB3828-L1_POOLED_AB3829-L1_POOLED_AB3830-L1.narrowPeak.gz.tmp
#
bedToBigBed -as=./Script/bigNarrowPeak.as -type=bed6+4 /data/shamsaddinisha/jfarber-20160119-P1/spsingh-20190308-E1/spsingh-20190521-D1/mm10/Ccl20+_UT/peak_calling/narrowpeak/AB3827-L1_POOLED_AB3828-L1_POOLED_AB3829-L1_POOLED_AB3830-L1.narrowPeak.gz.tmp /fdb/atac_dnase_pipelines/mm10/mm10.chrom.sizes /data/shamsaddinisha/jfarber-20160119-P1/spsingh-20190308-E1/spsingh-20190521-D1/mm10/Ccl20+_UT/peak_calling/narrowpeak/AB3827-L1_POOLED_AB3828-L1_POOLED_AB3829-L1_POOLED_AB3830-L1.narrowPeak.bb
#
macs2 bdgcmp -t /data/shamsaddinisha/jfarber-20160119-P1/spsingh-20190308-E1/spsingh-20190521-D1/mm10/Ccl20+_UT/peak_calling/narrowpeak/AB3827-L1_POOLED_AB3828-L1_POOLED_AB3829-L1_POOLED_AB3830-L1.macs2_narrow_treat_pileup.bdg -c /data/shamsaddinisha/jfarber-20160119-P1/spsingh-20190308-E1/spsingh-20190521-D1/mm10/Ccl20+_UT/peak_calling/narrowpeak/AB3827-L1_POOLED_AB3828-L1_POOLED_AB3829-L1_POOLED_AB3830-L1.macs2_narrow_control_lambda.bdg --o-prefix AB3827-L1_POOLED_AB3828-L1_POOLED_AB3829-L1_POOLED_AB3830-L1.macs2_narrow --outdir /data/shamsaddinisha/jfarber-20160119-P1/spsingh-20190308-E1/spsingh-20190521-D1/mm10/Ccl20+_UT/peak_calling/narrowpeak --method FE --pseudocount 0.00001
#
slopBed -i /data/shamsaddinisha/jfarber-20160119-P1/spsingh-20190308-E1/spsingh-20190521-D1/mm10/Ccl20+_UT/peak_calling/narrowpeak/AB3827-L1_POOLED_AB3828-L1_POOLED_AB3829-L1_POOLED_AB3830-L1.macs2_narrow_FE.bdg -g /fdb/atac_dnase_pipelines/mm10/mm10.chrom.sizes -b 0 | bedClip stdin /fdb/atac_dnase_pipelines/mm10/mm10.chrom.sizes /data/shamsaddinisha/jfarber-20160119-P1/spsingh-20190308-E1/spsingh-20190521-D1/mm10/Ccl20+_UT/peak_calling/narrowpeak/AB3827-L1_POOLED_AB3828-L1_POOLED_AB3829-L1_POOLED_AB3830-L1.narrowPeak.bdg.tmp
#
LC_COLLATE=C sort -k1,1 -k2,2n /data/shamsaddinisha/jfarber-20160119-P1/spsingh-20190308-E1/spsingh-20190521-D1/mm10/Ccl20+_UT/peak_calling/narrowpeak/AB3827-L1_POOLED_AB3828-L1_POOLED_AB3829-L1_POOLED_AB3830-L1.narrowPeak.bdg.tmp > /data/shamsaddinisha/jfarber-20160119-P1/spsingh-20190308-E1/spsingh-20190521-D1/mm10/Ccl20+_UT/peak_calling/narrowpeak/AB3827-L1_POOLED_AB3828-L1_POOLED_AB3829-L1_POOLED_AB3830-L1.narrowPeak.bdg
#
cut -f1,2,3 /data/shamsaddinisha/jfarber-20160119-P1/spsingh-20190308-E1/spsingh-20190521-D1/mm10/Ccl20+_UT/peak_calling/narrowpeak/AB3827-L1_POOLED_AB3828-L1_POOLED_AB3829-L1_POOLED_AB3830-L1.narrowPeak.bdg | sort | uniq -d > /data/shamsaddinisha/jfarber-20160119-P1/spsingh-20190308-E1/spsingh-20190521-D1/mm10/Ccl20+_UT/peak_calling/narrowpeak/AB3827-L1_POOLED_AB3828-L1_POOLED_AB3829-L1_POOLED_AB3830-L1.narrow.duplicate.txt
#
cut -f1,2 /data/shamsaddinisha/jfarber-20160119-P1/spsingh-20190308-E1/spsingh-20190521-D1/mm10/Ccl20+_UT/peak_calling/narrowpeak/AB3827-L1_POOLED_AB3828-L1_POOLED_AB3829-L1_POOLED_AB3830-L1.narrowPeak.bdg | sort | uniq -d >> /data/shamsaddinisha/jfarber-20160119-P1/spsingh-20190308-E1/spsingh-20190521-D1/mm10/Ccl20+_UT/peak_calling/narrowpeak/AB3827-L1_POOLED_AB3828-L1_POOLED_AB3829-L1_POOLED_AB3830-L1.narrow.duplicate.txt
#
cut -f1,3 /data/shamsaddinisha/jfarber-20160119-P1/spsingh-20190308-E1/spsingh-20190521-D1/mm10/Ccl20+_UT/peak_calling/narrowpeak/AB3827-L1_POOLED_AB3828-L1_POOLED_AB3829-L1_POOLED_AB3830-L1.narrowPeak.bdg | sort | uniq -d | sed 's/\t/\t.*\t/' >> /data/shamsaddinisha/jfarber-20160119-P1/spsingh-20190308-E1/spsingh-20190521-D1/mm10/Ccl20+_UT/peak_calling/narrowpeak/AB3827-L1_POOLED_AB3828-L1_POOLED_AB3829-L1_POOLED_AB3830-L1.narrow.duplicate.txt
#
if [ -s /data/shamsaddinisha/jfarber-20160119-P1/spsingh-20190308-E1/spsingh-20190521-D1/mm10/Ccl20+_UT/peak_calling/narrowpeak/AB3827-L1_POOLED_AB3828-L1_POOLED_AB3829-L1_POOLED_AB3830-L1.narrow.duplicate.txt ]; then
	while IFS= read line; do grep -nr -m 1 --perl-regex '$line' /data/shamsaddinisha/jfarber-20160119-P1/spsingh-20190308-E1/spsingh-20190521-D1/mm10/Ccl20+_UT/peak_calling/narrowpeak/AB3827-L1_POOLED_AB3828-L1_POOLED_AB3829-L1_POOLED_AB3830-L1.narrowPeak.bdg | cut -d':' -f1 >> /data/shamsaddinisha/jfarber-20160119-P1/spsingh-20190308-E1/spsingh-20190521-D1/mm10/Ccl20+_UT/peak_calling/narrowpeak/AB3827-L1_POOLED_AB3828-L1_POOLED_AB3829-L1_POOLED_AB3830-L1.narrow.duplicate_line.txt; done< /data/shamsaddinisha/jfarber-20160119-P1/spsingh-20190308-E1/spsingh-20190521-D1/mm10/Ccl20+_UT/peak_calling/narrowpeak/AB3827-L1_POOLED_AB3828-L1_POOLED_AB3829-L1_POOLED_AB3830-L1.narrow.duplicate.txt
	while IFS= read line; do sed '$lined' /data/shamsaddinisha/jfarber-20160119-P1/spsingh-20190308-E1/spsingh-20190521-D1/mm10/Ccl20+_UT/peak_calling/narrowpeak/AB3827-L1_POOLED_AB3828-L1_POOLED_AB3829-L1_POOLED_AB3830-L1.narrowPeak.bdg > /data/shamsaddinisha/jfarber-20160119-P1/spsingh-20190308-E1/spsingh-20190521-D1/mm10/Ccl20+_UT/peak_calling/narrowpeak/AB3827-L1_POOLED_AB3828-L1_POOLED_AB3829-L1_POOLED_AB3830-L1.narrowPeak.bdg.tmp; done< /data/shamsaddinisha/jfarber-20160119-P1/spsingh-20190308-E1/spsingh-20190521-D1/mm10/Ccl20+_UT/peak_calling/narrowpeak/AB3827-L1_POOLED_AB3828-L1_POOLED_AB3829-L1_POOLED_AB3830-L1.narrow.duplicate_line.txt
fi
#
LC_COLLATE=C sort -k1,1 -k2,2n /data/shamsaddinisha/jfarber-20160119-P1/spsingh-20190308-E1/spsingh-20190521-D1/mm10/Ccl20+_UT/peak_calling/narrowpeak/AB3827-L1_POOLED_AB3828-L1_POOLED_AB3829-L1_POOLED_AB3830-L1.narrowPeak.bdg.tmp > /data/shamsaddinisha/jfarber-20160119-P1/spsingh-20190308-E1/spsingh-20190521-D1/mm10/Ccl20+_UT/peak_calling/narrowpeak/AB3827-L1_POOLED_AB3828-L1_POOLED_AB3829-L1_POOLED_AB3830-L1.narrowPeak.bdg
bedGraphToBigWig /data/shamsaddinisha/jfarber-20160119-P1/spsingh-20190308-E1/spsingh-20190521-D1/mm10/Ccl20+_UT/peak_calling/narrowpeak/AB3827-L1_POOLED_AB3828-L1_POOLED_AB3829-L1_POOLED_AB3830-L1.narrowPeak.bdg /fdb/atac_dnase_pipelines/mm10/mm10.chrom.sizes /data/shamsaddinisha/jfarber-20160119-P1/spsingh-20190308-E1/spsingh-20190521-D1/mm10/Ccl20+_UT/peak_calling/narrowpeak/AB3827-L1_POOLED_AB3828-L1_POOLED_AB3829-L1_POOLED_AB3830-L1.narrowPeak.bigwig
#
if [ -f /data/shamsaddinisha/jfarber-20160119-P1/spsingh-20190308-E1/spsingh-20190521-D1/mm10/Ccl20+_UT/peak_calling/narrowpeak/AB3827-L1_POOLED_AB3828-L1_POOLED_AB3829-L1_POOLED_AB3830-L1.narrowPeak.bigwig ]; then
	rm -rf /data/shamsaddinisha/jfarber-20160119-P1/spsingh-20190308-E1/spsingh-20190521-D1/mm10/Ccl20+_UT/peak_calling/narrowpeak/AB3827-L1_POOLED_AB3828-L1_POOLED_AB3829-L1_POOLED_AB3830-L1.macs2_narrow_peaks.narrowPeak
	rm -rf /data/shamsaddinisha/jfarber-20160119-P1/spsingh-20190308-E1/spsingh-20190521-D1/mm10/Ccl20+_UT/peak_calling/narrowpeak/AB3827-L1_POOLED_AB3828-L1_POOLED_AB3829-L1_POOLED_AB3830-L1.macs2_narrow_summits.bed
	rm -rf /data/shamsaddinisha/jfarber-20160119-P1/spsingh-20190308-E1/spsingh-20190521-D1/mm10/Ccl20+_UT/peak_calling/narrowpeak/AB3827-L1_POOLED_AB3828-L1_POOLED_AB3829-L1_POOLED_AB3830-L1.macs2_narrow_treat_pileup.bdg
	rm -rf /data/shamsaddinisha/jfarber-20160119-P1/spsingh-20190308-E1/spsingh-20190521-D1/mm10/Ccl20+_UT/peak_calling/narrowpeak/AB3827-L1_POOLED_AB3828-L1_POOLED_AB3829-L1_POOLED_AB3830-L1.macs2_narrow_control_lambda.bdg
	rm -rf /data/shamsaddinisha/jfarber-20160119-P1/spsingh-20190308-E1/spsingh-20190521-D1/mm10/Ccl20+_UT/peak_calling/narrowpeak/AB3827-L1_POOLED_AB3828-L1_POOLED_AB3829-L1_POOLED_AB3830-L1.macs2_narrow_FE.bdg
	rm -rf /data/shamsaddinisha/jfarber-20160119-P1/spsingh-20190308-E1/spsingh-20190521-D1/mm10/Ccl20+_UT/peak_calling/narrowpeak/AB3827-L1_POOLED_AB3828-L1_POOLED_AB3829-L1_POOLED_AB3830-L1.narrowPeak.gz.tmp
	rm -rf /data/shamsaddinisha/jfarber-20160119-P1/spsingh-20190308-E1/spsingh-20190521-D1/mm10/Ccl20+_UT/peak_calling/narrowpeak/AB3827-L1_POOLED_AB3828-L1_POOLED_AB3829-L1_POOLED_AB3830-L1.narrowPeak.gz.sorted
	rm -rf /data/shamsaddinisha/jfarber-20160119-P1/spsingh-20190308-E1/spsingh-20190521-D1/mm10/Ccl20+_UT/peak_calling/narrowpeak/AB3827-L1_POOLED_AB3828-L1_POOLED_AB3829-L1_POOLED_AB3830-L1.narrowPeak.bdg.tmp
	rm -rf /data/shamsaddinisha/jfarber-20160119-P1/spsingh-20190308-E1/spsingh-20190521-D1/mm10/Ccl20+_UT/peak_calling/narrowpeak/AB3827-L1_POOLED_AB3828-L1_POOLED_AB3829-L1_POOLED_AB3830-L1.narrow.duplicate.txt
	rm -rf /data/shamsaddinisha/jfarber-20160119-P1/spsingh-20190308-E1/spsingh-20190521-D1/mm10/Ccl20+_UT/peak_calling/narrowpeak/AB3827-L1_POOLED_AB3828-L1_POOLED_AB3829-L1_POOLED_AB3830-L1.narrow.duplicate_line.txt
fi
#
EXECUTING....
#
INFO  @ Fri, 24 May 2019 20:14:09: 
# Command line: callpeak --treatment /data/shamsaddinisha/jfarber-20160119-P1/spsingh-20190308-E1/spsingh-20190521-D1/mm10/Ccl20+_UT/post_alignment/AB3827-L1_POOLED_AB3828-L1_POOLED_AB3829-L1_POOLED_AB3830-L1.processed.bed.gz --name AB3827-L1_POOLED_AB3828-L1_POOLED_AB3829-L1_POOLED_AB3830-L1.macs2_narrow --format BED --gsize mm --call-summits --keep-dup all -q 5.00e-02 -B --SPMR --nomodel --shift -75 --extsize 150 --verbose 3 --outdir /data/shamsaddinisha/jfarber-20160119-P1/spsingh-20190308-E1/spsingh-20190521-D1/mm10/Ccl20+_UT/peak_calling/narrowpeak
# ARGUMENTS LIST:
# name = AB3827-L1_POOLED_AB3828-L1_POOLED_AB3829-L1_POOLED_AB3830-L1.macs2_narrow
# format = BED
# ChIP-seq file = ['/data/shamsaddinisha/jfarber-20160119-P1/spsingh-20190308-E1/spsingh-20190521-D1/mm10/Ccl20+_UT/post_alignment/AB3827-L1_POOLED_AB3828-L1_POOLED_AB3829-L1_POOLED_AB3830-L1.processed.bed.gz']
# control file = None
# effective genome size = 1.87e+09
# band width = 300
# model fold = [5, 50]
# qvalue cutoff = 5.00e-02
# The maximum gap between significant sites is assigned as the read length/tag size.
# The minimum length of peaks is assigned as the predicted fragment length "d".
# Larger dataset will be scaled towards smaller dataset.
# Range for calculating regional lambda is: 10000 bps
# Broad region calling is off
# Paired-End mode is off
# Searching for subpeak summits is on
# MACS will save fragment pileup signal per million reads
 
INFO  @ Fri, 24 May 2019 20:14:09: #1 read tag files... 
INFO  @ Fri, 24 May 2019 20:14:09: #1 read treatment tags... 
INFO  @ Fri, 24 May 2019 20:14:11:  1000000 
INFO  @ Fri, 24 May 2019 20:14:14:  2000000 
INFO  @ Fri, 24 May 2019 20:14:16:  3000000 
INFO  @ Fri, 24 May 2019 20:14:19:  4000000 
INFO  @ Fri, 24 May 2019 20:14:21:  5000000 
INFO  @ Fri, 24 May 2019 20:14:24:  6000000 
INFO  @ Fri, 24 May 2019 20:14:26:  7000000 
INFO  @ Fri, 24 May 2019 20:14:28:  8000000 
INFO  @ Fri, 24 May 2019 20:14:31:  9000000 
INFO  @ Fri, 24 May 2019 20:14:33:  10000000 
INFO  @ Fri, 24 May 2019 20:14:36:  11000000 
INFO  @ Fri, 24 May 2019 20:14:38:  12000000 
INFO  @ Fri, 24 May 2019 20:14:41:  13000000 
INFO  @ Fri, 24 May 2019 20:14:43:  14000000 
INFO  @ Fri, 24 May 2019 20:14:46:  15000000 
INFO  @ Fri, 24 May 2019 20:14:48:  16000000 
INFO  @ Fri, 24 May 2019 20:14:51:  17000000 
INFO  @ Fri, 24 May 2019 20:14:53:  18000000 
INFO  @ Fri, 24 May 2019 20:14:55:  19000000 
INFO  @ Fri, 24 May 2019 20:14:58:  20000000 
INFO  @ Fri, 24 May 2019 20:15:00:  21000000 
INFO  @ Fri, 24 May 2019 20:15:02:  22000000 
INFO  @ Fri, 24 May 2019 20:15:05:  23000000 
INFO  @ Fri, 24 May 2019 20:15:07:  24000000 
INFO  @ Fri, 24 May 2019 20:15:09:  25000000 
INFO  @ Fri, 24 May 2019 20:15:12:  26000000 
INFO  @ Fri, 24 May 2019 20:15:14:  27000000 
INFO  @ Fri, 24 May 2019 20:15:16:  28000000 
INFO  @ Fri, 24 May 2019 20:15:19:  29000000 
INFO  @ Fri, 24 May 2019 20:15:21:  30000000 
INFO  @ Fri, 24 May 2019 20:15:23:  31000000 
INFO  @ Fri, 24 May 2019 20:15:26:  32000000 
INFO  @ Fri, 24 May 2019 20:15:28:  33000000 
INFO  @ Fri, 24 May 2019 20:15:30:  34000000 
INFO  @ Fri, 24 May 2019 20:15:33:  35000000 
INFO  @ Fri, 24 May 2019 20:15:35:  36000000 
INFO  @ Fri, 24 May 2019 20:15:37:  37000000 
INFO  @ Fri, 24 May 2019 20:15:39:  38000000 
INFO  @ Fri, 24 May 2019 20:15:42:  39000000 
INFO  @ Fri, 24 May 2019 20:15:44:  40000000 
INFO  @ Fri, 24 May 2019 20:15:47:  41000000 
INFO  @ Fri, 24 May 2019 20:15:49:  42000000 
INFO  @ Fri, 24 May 2019 20:15:52:  43000000 
INFO  @ Fri, 24 May 2019 20:15:54:  44000000 
INFO  @ Fri, 24 May 2019 20:15:57:  45000000 
INFO  @ Fri, 24 May 2019 20:15:59:  46000000 
INFO  @ Fri, 24 May 2019 20:16:01:  47000000 
INFO  @ Fri, 24 May 2019 20:16:04:  48000000 
INFO  @ Fri, 24 May 2019 20:16:06:  49000000 
INFO  @ Fri, 24 May 2019 20:16:09:  50000000 
INFO  @ Fri, 24 May 2019 20:16:11:  51000000 
INFO  @ Fri, 24 May 2019 20:16:14:  52000000 
INFO  @ Fri, 24 May 2019 20:16:16:  53000000 
INFO  @ Fri, 24 May 2019 20:16:19:  54000000 
INFO  @ Fri, 24 May 2019 20:16:21:  55000000 
INFO  @ Fri, 24 May 2019 20:16:24:  56000000 
INFO  @ Fri, 24 May 2019 20:16:26:  57000000 
INFO  @ Fri, 24 May 2019 20:16:29:  58000000 
INFO  @ Fri, 24 May 2019 20:16:31:  59000000 
INFO  @ Fri, 24 May 2019 20:16:34:  60000000 
INFO  @ Fri, 24 May 2019 20:16:36:  61000000 
INFO  @ Fri, 24 May 2019 20:16:39:  62000000 
INFO  @ Fri, 24 May 2019 20:16:41:  63000000 
INFO  @ Fri, 24 May 2019 20:16:43:  64000000 
INFO  @ Fri, 24 May 2019 20:16:46:  65000000 
INFO  @ Fri, 24 May 2019 20:16:48:  66000000 
INFO  @ Fri, 24 May 2019 20:16:51:  67000000 
INFO  @ Fri, 24 May 2019 20:16:53:  68000000 
INFO  @ Fri, 24 May 2019 20:16:56:  69000000 
INFO  @ Fri, 24 May 2019 20:16:58:  70000000 
INFO  @ Fri, 24 May 2019 20:17:01:  71000000 
INFO  @ Fri, 24 May 2019 20:17:03:  72000000 
INFO  @ Fri, 24 May 2019 20:17:06:  73000000 
INFO  @ Fri, 24 May 2019 20:17:08:  74000000 
INFO  @ Fri, 24 May 2019 20:17:10:  75000000 
INFO  @ Fri, 24 May 2019 20:17:13:  76000000 
INFO  @ Fri, 24 May 2019 20:17:15:  77000000 
INFO  @ Fri, 24 May 2019 20:17:18:  78000000 
INFO  @ Fri, 24 May 2019 20:17:20:  79000000 
INFO  @ Fri, 24 May 2019 20:17:22:  80000000 
INFO  @ Fri, 24 May 2019 20:17:25:  81000000 
INFO  @ Fri, 24 May 2019 20:17:27:  82000000 
INFO  @ Fri, 24 May 2019 20:17:29:  83000000 
INFO  @ Fri, 24 May 2019 20:17:32:  84000000 
INFO  @ Fri, 24 May 2019 20:17:34:  85000000 
INFO  @ Fri, 24 May 2019 20:17:36:  86000000 
INFO  @ Fri, 24 May 2019 20:17:39:  87000000 
INFO  @ Fri, 24 May 2019 20:17:41:  88000000 
INFO  @ Fri, 24 May 2019 20:17:43:  89000000 
INFO  @ Fri, 24 May 2019 20:17:46:  90000000 
INFO  @ Fri, 24 May 2019 20:17:48:  91000000 
INFO  @ Fri, 24 May 2019 20:17:50:  92000000 
INFO  @ Fri, 24 May 2019 20:17:52:  93000000 
INFO  @ Fri, 24 May 2019 20:17:55:  94000000 
INFO  @ Fri, 24 May 2019 20:17:57:  95000000 
INFO  @ Fri, 24 May 2019 20:17:59:  96000000 
INFO  @ Fri, 24 May 2019 20:18:02:  97000000 
INFO  @ Fri, 24 May 2019 20:18:04:  98000000 
INFO  @ Fri, 24 May 2019 20:18:06:  99000000 
INFO  @ Fri, 24 May 2019 20:18:09:  100000000 
INFO  @ Fri, 24 May 2019 20:18:11:  101000000 
INFO  @ Fri, 24 May 2019 20:18:13:  102000000 
INFO  @ Fri, 24 May 2019 20:18:16:  103000000 
INFO  @ Fri, 24 May 2019 20:18:18:  104000000 
INFO  @ Fri, 24 May 2019 20:18:20:  105000000 
INFO  @ Fri, 24 May 2019 20:18:22:  106000000 
INFO  @ Fri, 24 May 2019 20:18:25:  107000000 
INFO  @ Fri, 24 May 2019 20:18:27:  108000000 
INFO  @ Fri, 24 May 2019 20:18:29:  109000000 
INFO  @ Fri, 24 May 2019 20:18:32:  110000000 
INFO  @ Fri, 24 May 2019 20:18:34:  111000000 
INFO  @ Fri, 24 May 2019 20:18:36:  112000000 
INFO  @ Fri, 24 May 2019 20:18:39:  113000000 
INFO  @ Fri, 24 May 2019 20:18:41:  114000000 
INFO  @ Fri, 24 May 2019 20:18:43:  115000000 
INFO  @ Fri, 24 May 2019 20:18:46:  116000000 
INFO  @ Fri, 24 May 2019 20:18:48:  117000000 
INFO  @ Fri, 24 May 2019 20:18:50:  118000000 
INFO  @ Fri, 24 May 2019 20:18:53:  119000000 
INFO  @ Fri, 24 May 2019 20:18:55:  120000000 
INFO  @ Fri, 24 May 2019 20:18:57:  121000000 
INFO  @ Fri, 24 May 2019 20:18:59:  122000000 
INFO  @ Fri, 24 May 2019 20:19:02:  123000000 
INFO  @ Fri, 24 May 2019 20:19:04:  124000000 
INFO  @ Fri, 24 May 2019 20:19:06:  125000000 
INFO  @ Fri, 24 May 2019 20:19:09:  126000000 
INFO  @ Fri, 24 May 2019 20:19:11:  127000000 
INFO  @ Fri, 24 May 2019 20:19:13:  128000000 
INFO  @ Fri, 24 May 2019 20:19:16:  129000000 
INFO  @ Fri, 24 May 2019 20:19:18:  130000000 
INFO  @ Fri, 24 May 2019 20:19:20:  131000000 
INFO  @ Fri, 24 May 2019 20:19:23:  132000000 
INFO  @ Fri, 24 May 2019 20:19:25:  133000000 
INFO  @ Fri, 24 May 2019 20:19:27:  134000000 
INFO  @ Fri, 24 May 2019 20:19:30:  135000000 
INFO  @ Fri, 24 May 2019 20:19:32:  136000000 
INFO  @ Fri, 24 May 2019 20:19:34:  137000000 
INFO  @ Fri, 24 May 2019 20:19:36:  138000000 
INFO  @ Fri, 24 May 2019 20:19:39:  139000000 
INFO  @ Fri, 24 May 2019 20:19:41:  140000000 
INFO  @ Fri, 24 May 2019 20:19:43:  141000000 
INFO  @ Fri, 24 May 2019 20:19:46:  142000000 
INFO  @ Fri, 24 May 2019 20:19:48:  143000000 
INFO  @ Fri, 24 May 2019 20:19:51:  144000000 
INFO  @ Fri, 24 May 2019 20:19:53:  145000000 
INFO  @ Fri, 24 May 2019 20:19:56:  146000000 
INFO  @ Fri, 24 May 2019 20:19:58:  147000000 
INFO  @ Fri, 24 May 2019 20:20:00:  148000000 
INFO  @ Fri, 24 May 2019 20:20:03:  149000000 
INFO  @ Fri, 24 May 2019 20:20:05:  150000000 
INFO  @ Fri, 24 May 2019 20:20:08:  151000000 
INFO  @ Fri, 24 May 2019 20:20:10:  152000000 
INFO  @ Fri, 24 May 2019 20:20:13:  153000000 
INFO  @ Fri, 24 May 2019 20:20:15:  154000000 
INFO  @ Fri, 24 May 2019 20:20:18:  155000000 
INFO  @ Fri, 24 May 2019 20:20:20:  156000000 
INFO  @ Fri, 24 May 2019 20:20:23:  157000000 
INFO  @ Fri, 24 May 2019 20:20:25:  158000000 
INFO  @ Fri, 24 May 2019 20:20:28:  159000000 
INFO  @ Fri, 24 May 2019 20:20:30:  160000000 
INFO  @ Fri, 24 May 2019 20:20:33:  161000000 
INFO  @ Fri, 24 May 2019 20:20:35:  162000000 
INFO  @ Fri, 24 May 2019 20:20:37:  163000000 
INFO  @ Fri, 24 May 2019 20:20:40:  164000000 
INFO  @ Fri, 24 May 2019 20:20:42:  165000000 
INFO  @ Fri, 24 May 2019 20:20:45:  166000000 
INFO  @ Fri, 24 May 2019 20:20:47:  167000000 
INFO  @ Fri, 24 May 2019 20:20:50:  168000000 
INFO  @ Fri, 24 May 2019 20:20:52:  169000000 
INFO  @ Fri, 24 May 2019 20:20:54:  170000000 
INFO  @ Fri, 24 May 2019 20:20:57:  171000000 
INFO  @ Fri, 24 May 2019 20:20:59:  172000000 
INFO  @ Fri, 24 May 2019 20:21:02:  173000000 
INFO  @ Fri, 24 May 2019 20:21:04:  174000000 
INFO  @ Fri, 24 May 2019 20:21:07:  175000000 
INFO  @ Fri, 24 May 2019 20:21:10:  176000000 
INFO  @ Fri, 24 May 2019 20:21:14: #1 tag size is determined as 71 bps 
INFO  @ Fri, 24 May 2019 20:21:14: #1 tag size = 71.0 
INFO  @ Fri, 24 May 2019 20:21:14: #1  total tags in treatment: 176095489 
INFO  @ Fri, 24 May 2019 20:21:14: #1 finished! 
INFO  @ Fri, 24 May 2019 20:21:14: #2 Build Peak Model... 
INFO  @ Fri, 24 May 2019 20:21:14: #2 Skipped... 
INFO  @ Fri, 24 May 2019 20:21:14: #2 Use 150 as fragment length 
INFO  @ Fri, 24 May 2019 20:21:14: #2 Sequencing ends will be shifted towards 5' by 75 bp(s) 
INFO  @ Fri, 24 May 2019 20:21:14: #3 Call peaks... 
INFO  @ Fri, 24 May 2019 20:21:14: #3 Going to call summits inside each peak ... 
INFO  @ Fri, 24 May 2019 20:21:14: #3 Pre-compute pvalue-qvalue table... 
DEBUG @ Fri, 24 May 2019 20:21:14: Start to calculate pvalue stat... 
DEBUG @ Fri, 24 May 2019 20:32:45: access pq hash for 399157056 times 
INFO  @ Fri, 24 May 2019 20:32:45: #3 In the peak calling step, the following will be performed simultaneously: 
INFO  @ Fri, 24 May 2019 20:32:45: #3   Write bedGraph files for treatment pileup (after scaling if necessary)... AB3827-L1_POOLED_AB3828-L1_POOLED_AB3829-L1_POOLED_AB3830-L1.macs2_narrow_treat_pileup.bdg 
INFO  @ Fri, 24 May 2019 20:32:45: #3   Write bedGraph files for control lambda (after scaling if necessary)... AB3827-L1_POOLED_AB3828-L1_POOLED_AB3829-L1_POOLED_AB3830-L1.macs2_narrow_control_lambda.bdg 
INFO  @ Fri, 24 May 2019 20:32:45: #3   --SPMR is requested, so pileup will be normalized by sequencing depth in million reads. 
INFO  @ Fri, 24 May 2019 20:32:45: #3 Call peaks for each chromosome... 
INFO  @ Fri, 24 May 2019 20:49:19: #4 Write output xls file... /data/shamsaddinisha/jfarber-20160119-P1/spsingh-20190308-E1/spsingh-20190521-D1/mm10/Ccl20+_UT/peak_calling/narrowpeak/AB3827-L1_POOLED_AB3828-L1_POOLED_AB3829-L1_POOLED_AB3830-L1.macs2_narrow_peaks.xls 
INFO  @ Fri, 24 May 2019 20:49:20: #4 Write peak in narrowPeak format file... /data/shamsaddinisha/jfarber-20160119-P1/spsingh-20190308-E1/spsingh-20190521-D1/mm10/Ccl20+_UT/peak_calling/narrowpeak/AB3827-L1_POOLED_AB3828-L1_POOLED_AB3829-L1_POOLED_AB3830-L1.macs2_narrow_peaks.narrowPeak 
INFO  @ Fri, 24 May 2019 20:49:21: #4 Write summits bed file... /data/shamsaddinisha/jfarber-20160119-P1/spsingh-20190308-E1/spsingh-20190521-D1/mm10/Ccl20+_UT/peak_calling/narrowpeak/AB3827-L1_POOLED_AB3828-L1_POOLED_AB3829-L1_POOLED_AB3830-L1.macs2_narrow_summits.bed 
INFO  @ Fri, 24 May 2019 20:49:22: Done! 
pass1 - making usageList (22 chroms): 82 millis
pass2 - checking and writing primary data (196510 records, 10 fields): 1132 millis
INFO  @ Fri, 24 May 2019 20:49:31: Read and build treatment bedGraph... 
INFO  @ Fri, 24 May 2019 20:54:02: Read and build control bedGraph... 
INFO  @ Fri, 24 May 2019 20:55:21: Build scoreTrackII... 
INFO  @ Fri, 24 May 2019 20:56:53: Calculate scores comparing treatment and control by 'FE'... 
INFO  @ Fri, 24 May 2019 21:16:41: Write bedGraph of scores... 
INFO  @ Fri, 24 May 2019 21:25:19: Finished 'FE'! Please check '/data/shamsaddinisha/jfarber-20160119-P1/spsingh-20190308-E1/spsingh-20190521-D1/mm10/Ccl20+_UT/peak_calling/narrowpeak/AB3827-L1_POOLED_AB3828-L1_POOLED_AB3829-L1_POOLED_AB3830-L1.macs2_narrow_FE.bdg'! 
#
DONE!!!!
#
ELAPSED TIME: 12592 seconds
------------------------------------------------------------------------------
[Fri May 24 23:44:00 2019]
Finished job 0.
1 of 1 steps (100%) done
