Building DAG of jobs...
Using shell: /usr/bin/bash
Provided cores: 30
Rules claiming more threads will be scaled down.
Unlimited resources: mem_mb
Job counts:
	count	jobs
	1	Peak_Calling_Narrow
	1

[Fri May 24 23:10:51 2019]
Job 0: Peak_Calling_Narrow: Ccl20+_T|AB3835-L1_POOLED_AB3836-L1_POOLED_AB3837-L1_POOLED_AB3838-L1

[-] Unloading samtools 1.9  ... 
[+] Loading samtools 1.9  ... 
[+] Loading macs  2.1.2 
[+] Loading bedtools  2.27.1 
[+] Loading deeptools  3.1.3 
[+] Loading ucsc 373 on cn3152 
###################################- COMMANDLINE -############################
module load samtools/1.9 || exit 1
module load macs/2.1.2 || exit 1
module load bedtools/2.27.1 || exit 1
module load deeptools/3.1.3 || exit 1
module load ucsc/373 || exit 1
#
Description:
Peak Calling Narrow
#
INPUT1: /data/shamsaddinisha/jfarber-20160119-P1/spsingh-20190308-E1/spsingh-20190521-D1/mm10/Ccl20+_T/post_alignment/AB3835-L1_POOLED_AB3836-L1_POOLED_AB3837-L1_POOLED_AB3838-L1.processed.bam
INPUT2: /data/shamsaddinisha/jfarber-20160119-P1/spsingh-20190308-E1/spsingh-20190521-D1/mm10/Ccl20+_T/post_alignment/AB3835-L1_POOLED_AB3836-L1_POOLED_AB3837-L1_POOLED_AB3838-L1.processed.bam.bai
INPUT3: /data/shamsaddinisha/jfarber-20160119-P1/spsingh-20190308-E1/spsingh-20190521-D1/mm10/Ccl20+_T/post_alignment/AB3835-L1_POOLED_AB3836-L1_POOLED_AB3837-L1_POOLED_AB3838-L1.processed.bed.gz
INPUT4: /data/shamsaddinisha/jfarber-20160119-P1/spsingh-20190308-E1/spsingh-20190521-D1/mm10/Ccl20+_T/post_alignment/AB3835-L1_POOLED_AB3836-L1_POOLED_AB3837-L1_POOLED_AB3838-L1.processed.bed.gz.tbi
#
OUTPUT1: /data/shamsaddinisha/jfarber-20160119-P1/spsingh-20190308-E1/spsingh-20190521-D1/mm10/Ccl20+_T/peak_calling/narrowpeak/AB3835-L1_POOLED_AB3836-L1_POOLED_AB3837-L1_POOLED_AB3838-L1.narrowPeak.gz
OUTPUT2: /data/shamsaddinisha/jfarber-20160119-P1/spsingh-20190308-E1/spsingh-20190521-D1/mm10/Ccl20+_T/peak_calling/narrowpeak/AB3835-L1_POOLED_AB3836-L1_POOLED_AB3837-L1_POOLED_AB3838-L1.narrowPeak.gz.tbi
OUTPUT3: /data/shamsaddinisha/jfarber-20160119-P1/spsingh-20190308-E1/spsingh-20190521-D1/mm10/Ccl20+_T/peak_calling/narrowpeak/AB3835-L1_POOLED_AB3836-L1_POOLED_AB3837-L1_POOLED_AB3838-L1.narrowPeak.bb
OUTPUT4: /data/shamsaddinisha/jfarber-20160119-P1/spsingh-20190308-E1/spsingh-20190521-D1/mm10/Ccl20+_T/peak_calling/narrowpeak/AB3835-L1_POOLED_AB3836-L1_POOLED_AB3837-L1_POOLED_AB3838-L1.narrowPeak.bdg
OUTPUT5: /data/shamsaddinisha/jfarber-20160119-P1/spsingh-20190308-E1/spsingh-20190521-D1/mm10/Ccl20+_T/peak_calling/narrowpeak/AB3835-L1_POOLED_AB3836-L1_POOLED_AB3837-L1_POOLED_AB3838-L1.narrowPeak.bigwig
++++++++++++++++++++++++++++++++++++++++++++++++++++++++++++++++++++++++++++++
macs2 callpeak --treatment /data/shamsaddinisha/jfarber-20160119-P1/spsingh-20190308-E1/spsingh-20190521-D1/mm10/Ccl20+_T/post_alignment/AB3835-L1_POOLED_AB3836-L1_POOLED_AB3837-L1_POOLED_AB3838-L1.processed.bed.gz --name AB3835-L1_POOLED_AB3836-L1_POOLED_AB3837-L1_POOLED_AB3838-L1.macs2_narrow --format BED --gsize mm --call-summits --keep-dup all -q 5.00e-02 -B --SPMR --nomodel --shift -75 --extsize 150 --verbose 3 --outdir /data/shamsaddinisha/jfarber-20160119-P1/spsingh-20190308-E1/spsingh-20190521-D1/mm10/Ccl20+_T/peak_calling/narrowpeak
#
LC_COLLATE=C sort -k1,1 -k2,2n /data/shamsaddinisha/jfarber-20160119-P1/spsingh-20190308-E1/spsingh-20190521-D1/mm10/Ccl20+_T/peak_calling/narrowpeak/AB3835-L1_POOLED_AB3836-L1_POOLED_AB3837-L1_POOLED_AB3838-L1.macs2_narrow_peaks.narrowPeak > /data/shamsaddinisha/jfarber-20160119-P1/spsingh-20190308-E1/spsingh-20190521-D1/mm10/Ccl20+_T/peak_calling/narrowpeak/AB3835-L1_POOLED_AB3836-L1_POOLED_AB3837-L1_POOLED_AB3838-L1.narrowPeak.gz.sorted
#
bgzip -c /data/shamsaddinisha/jfarber-20160119-P1/spsingh-20190308-E1/spsingh-20190521-D1/mm10/Ccl20+_T/peak_calling/narrowpeak/AB3835-L1_POOLED_AB3836-L1_POOLED_AB3837-L1_POOLED_AB3838-L1.narrowPeak.gz.sorted > /data/shamsaddinisha/jfarber-20160119-P1/spsingh-20190308-E1/spsingh-20190521-D1/mm10/Ccl20+_T/peak_calling/narrowpeak/AB3835-L1_POOLED_AB3836-L1_POOLED_AB3837-L1_POOLED_AB3838-L1.narrowPeak.gz
#
tabix -f -p bed /data/shamsaddinisha/jfarber-20160119-P1/spsingh-20190308-E1/spsingh-20190521-D1/mm10/Ccl20+_T/peak_calling/narrowpeak/AB3835-L1_POOLED_AB3836-L1_POOLED_AB3837-L1_POOLED_AB3838-L1.narrowPeak.gz
#
awk 'BEGIN{OFS="\t"}{if ($5>1000) $5=1000; print $0}' /data/shamsaddinisha/jfarber-20160119-P1/spsingh-20190308-E1/spsingh-20190521-D1/mm10/Ccl20+_T/peak_calling/narrowpeak/AB3835-L1_POOLED_AB3836-L1_POOLED_AB3837-L1_POOLED_AB3838-L1.narrowPeak.gz.sorted > /data/shamsaddinisha/jfarber-20160119-P1/spsingh-20190308-E1/spsingh-20190521-D1/mm10/Ccl20+_T/peak_calling/narrowpeak/AB3835-L1_POOLED_AB3836-L1_POOLED_AB3837-L1_POOLED_AB3838-L1.narrowPeak.gz.tmp
#
bedToBigBed -as=./Script/bigNarrowPeak.as -type=bed6+4 /data/shamsaddinisha/jfarber-20160119-P1/spsingh-20190308-E1/spsingh-20190521-D1/mm10/Ccl20+_T/peak_calling/narrowpeak/AB3835-L1_POOLED_AB3836-L1_POOLED_AB3837-L1_POOLED_AB3838-L1.narrowPeak.gz.tmp /fdb/atac_dnase_pipelines/mm10/mm10.chrom.sizes /data/shamsaddinisha/jfarber-20160119-P1/spsingh-20190308-E1/spsingh-20190521-D1/mm10/Ccl20+_T/peak_calling/narrowpeak/AB3835-L1_POOLED_AB3836-L1_POOLED_AB3837-L1_POOLED_AB3838-L1.narrowPeak.bb
#
macs2 bdgcmp -t /data/shamsaddinisha/jfarber-20160119-P1/spsingh-20190308-E1/spsingh-20190521-D1/mm10/Ccl20+_T/peak_calling/narrowpeak/AB3835-L1_POOLED_AB3836-L1_POOLED_AB3837-L1_POOLED_AB3838-L1.macs2_narrow_treat_pileup.bdg -c /data/shamsaddinisha/jfarber-20160119-P1/spsingh-20190308-E1/spsingh-20190521-D1/mm10/Ccl20+_T/peak_calling/narrowpeak/AB3835-L1_POOLED_AB3836-L1_POOLED_AB3837-L1_POOLED_AB3838-L1.macs2_narrow_control_lambda.bdg --o-prefix AB3835-L1_POOLED_AB3836-L1_POOLED_AB3837-L1_POOLED_AB3838-L1.macs2_narrow --outdir /data/shamsaddinisha/jfarber-20160119-P1/spsingh-20190308-E1/spsingh-20190521-D1/mm10/Ccl20+_T/peak_calling/narrowpeak --method FE --pseudocount 0.00001
#
slopBed -i /data/shamsaddinisha/jfarber-20160119-P1/spsingh-20190308-E1/spsingh-20190521-D1/mm10/Ccl20+_T/peak_calling/narrowpeak/AB3835-L1_POOLED_AB3836-L1_POOLED_AB3837-L1_POOLED_AB3838-L1.macs2_narrow_FE.bdg -g /fdb/atac_dnase_pipelines/mm10/mm10.chrom.sizes -b 0 | bedClip stdin /fdb/atac_dnase_pipelines/mm10/mm10.chrom.sizes /data/shamsaddinisha/jfarber-20160119-P1/spsingh-20190308-E1/spsingh-20190521-D1/mm10/Ccl20+_T/peak_calling/narrowpeak/AB3835-L1_POOLED_AB3836-L1_POOLED_AB3837-L1_POOLED_AB3838-L1.narrowPeak.bdg.tmp
#
LC_COLLATE=C sort -k1,1 -k2,2n /data/shamsaddinisha/jfarber-20160119-P1/spsingh-20190308-E1/spsingh-20190521-D1/mm10/Ccl20+_T/peak_calling/narrowpeak/AB3835-L1_POOLED_AB3836-L1_POOLED_AB3837-L1_POOLED_AB3838-L1.narrowPeak.bdg.tmp > /data/shamsaddinisha/jfarber-20160119-P1/spsingh-20190308-E1/spsingh-20190521-D1/mm10/Ccl20+_T/peak_calling/narrowpeak/AB3835-L1_POOLED_AB3836-L1_POOLED_AB3837-L1_POOLED_AB3838-L1.narrowPeak.bdg
#
cut -f1,2,3 /data/shamsaddinisha/jfarber-20160119-P1/spsingh-20190308-E1/spsingh-20190521-D1/mm10/Ccl20+_T/peak_calling/narrowpeak/AB3835-L1_POOLED_AB3836-L1_POOLED_AB3837-L1_POOLED_AB3838-L1.narrowPeak.bdg | sort | uniq -d > /data/shamsaddinisha/jfarber-20160119-P1/spsingh-20190308-E1/spsingh-20190521-D1/mm10/Ccl20+_T/peak_calling/narrowpeak/AB3835-L1_POOLED_AB3836-L1_POOLED_AB3837-L1_POOLED_AB3838-L1.narrow.duplicate.txt
#
cut -f1,2 /data/shamsaddinisha/jfarber-20160119-P1/spsingh-20190308-E1/spsingh-20190521-D1/mm10/Ccl20+_T/peak_calling/narrowpeak/AB3835-L1_POOLED_AB3836-L1_POOLED_AB3837-L1_POOLED_AB3838-L1.narrowPeak.bdg | sort | uniq -d >> /data/shamsaddinisha/jfarber-20160119-P1/spsingh-20190308-E1/spsingh-20190521-D1/mm10/Ccl20+_T/peak_calling/narrowpeak/AB3835-L1_POOLED_AB3836-L1_POOLED_AB3837-L1_POOLED_AB3838-L1.narrow.duplicate.txt
#
cut -f1,3 /data/shamsaddinisha/jfarber-20160119-P1/spsingh-20190308-E1/spsingh-20190521-D1/mm10/Ccl20+_T/peak_calling/narrowpeak/AB3835-L1_POOLED_AB3836-L1_POOLED_AB3837-L1_POOLED_AB3838-L1.narrowPeak.bdg | sort | uniq -d | sed 's/\t/\t.*\t/' >> /data/shamsaddinisha/jfarber-20160119-P1/spsingh-20190308-E1/spsingh-20190521-D1/mm10/Ccl20+_T/peak_calling/narrowpeak/AB3835-L1_POOLED_AB3836-L1_POOLED_AB3837-L1_POOLED_AB3838-L1.narrow.duplicate.txt
#
if [ -s /data/shamsaddinisha/jfarber-20160119-P1/spsingh-20190308-E1/spsingh-20190521-D1/mm10/Ccl20+_T/peak_calling/narrowpeak/AB3835-L1_POOLED_AB3836-L1_POOLED_AB3837-L1_POOLED_AB3838-L1.narrow.duplicate.txt ]; then
	while IFS= read line; do grep -nr -m 1 --perl-regex '$line' /data/shamsaddinisha/jfarber-20160119-P1/spsingh-20190308-E1/spsingh-20190521-D1/mm10/Ccl20+_T/peak_calling/narrowpeak/AB3835-L1_POOLED_AB3836-L1_POOLED_AB3837-L1_POOLED_AB3838-L1.narrowPeak.bdg | cut -d':' -f1 >> /data/shamsaddinisha/jfarber-20160119-P1/spsingh-20190308-E1/spsingh-20190521-D1/mm10/Ccl20+_T/peak_calling/narrowpeak/AB3835-L1_POOLED_AB3836-L1_POOLED_AB3837-L1_POOLED_AB3838-L1.narrow.duplicate_line.txt; done< /data/shamsaddinisha/jfarber-20160119-P1/spsingh-20190308-E1/spsingh-20190521-D1/mm10/Ccl20+_T/peak_calling/narrowpeak/AB3835-L1_POOLED_AB3836-L1_POOLED_AB3837-L1_POOLED_AB3838-L1.narrow.duplicate.txt
	while IFS= read line; do sed '$lined' /data/shamsaddinisha/jfarber-20160119-P1/spsingh-20190308-E1/spsingh-20190521-D1/mm10/Ccl20+_T/peak_calling/narrowpeak/AB3835-L1_POOLED_AB3836-L1_POOLED_AB3837-L1_POOLED_AB3838-L1.narrowPeak.bdg > /data/shamsaddinisha/jfarber-20160119-P1/spsingh-20190308-E1/spsingh-20190521-D1/mm10/Ccl20+_T/peak_calling/narrowpeak/AB3835-L1_POOLED_AB3836-L1_POOLED_AB3837-L1_POOLED_AB3838-L1.narrowPeak.bdg.tmp; done< /data/shamsaddinisha/jfarber-20160119-P1/spsingh-20190308-E1/spsingh-20190521-D1/mm10/Ccl20+_T/peak_calling/narrowpeak/AB3835-L1_POOLED_AB3836-L1_POOLED_AB3837-L1_POOLED_AB3838-L1.narrow.duplicate_line.txt
fi
#
LC_COLLATE=C sort -k1,1 -k2,2n /data/shamsaddinisha/jfarber-20160119-P1/spsingh-20190308-E1/spsingh-20190521-D1/mm10/Ccl20+_T/peak_calling/narrowpeak/AB3835-L1_POOLED_AB3836-L1_POOLED_AB3837-L1_POOLED_AB3838-L1.narrowPeak.bdg.tmp > /data/shamsaddinisha/jfarber-20160119-P1/spsingh-20190308-E1/spsingh-20190521-D1/mm10/Ccl20+_T/peak_calling/narrowpeak/AB3835-L1_POOLED_AB3836-L1_POOLED_AB3837-L1_POOLED_AB3838-L1.narrowPeak.bdg
bedGraphToBigWig /data/shamsaddinisha/jfarber-20160119-P1/spsingh-20190308-E1/spsingh-20190521-D1/mm10/Ccl20+_T/peak_calling/narrowpeak/AB3835-L1_POOLED_AB3836-L1_POOLED_AB3837-L1_POOLED_AB3838-L1.narrowPeak.bdg /fdb/atac_dnase_pipelines/mm10/mm10.chrom.sizes /data/shamsaddinisha/jfarber-20160119-P1/spsingh-20190308-E1/spsingh-20190521-D1/mm10/Ccl20+_T/peak_calling/narrowpeak/AB3835-L1_POOLED_AB3836-L1_POOLED_AB3837-L1_POOLED_AB3838-L1.narrowPeak.bigwig
#
if [ -f /data/shamsaddinisha/jfarber-20160119-P1/spsingh-20190308-E1/spsingh-20190521-D1/mm10/Ccl20+_T/peak_calling/narrowpeak/AB3835-L1_POOLED_AB3836-L1_POOLED_AB3837-L1_POOLED_AB3838-L1.narrowPeak.bigwig ]; then
	rm -rf /data/shamsaddinisha/jfarber-20160119-P1/spsingh-20190308-E1/spsingh-20190521-D1/mm10/Ccl20+_T/peak_calling/narrowpeak/AB3835-L1_POOLED_AB3836-L1_POOLED_AB3837-L1_POOLED_AB3838-L1.macs2_narrow_peaks.narrowPeak
	rm -rf /data/shamsaddinisha/jfarber-20160119-P1/spsingh-20190308-E1/spsingh-20190521-D1/mm10/Ccl20+_T/peak_calling/narrowpeak/AB3835-L1_POOLED_AB3836-L1_POOLED_AB3837-L1_POOLED_AB3838-L1.macs2_narrow_summits.bed
	rm -rf /data/shamsaddinisha/jfarber-20160119-P1/spsingh-20190308-E1/spsingh-20190521-D1/mm10/Ccl20+_T/peak_calling/narrowpeak/AB3835-L1_POOLED_AB3836-L1_POOLED_AB3837-L1_POOLED_AB3838-L1.macs2_narrow_treat_pileup.bdg
	rm -rf /data/shamsaddinisha/jfarber-20160119-P1/spsingh-20190308-E1/spsingh-20190521-D1/mm10/Ccl20+_T/peak_calling/narrowpeak/AB3835-L1_POOLED_AB3836-L1_POOLED_AB3837-L1_POOLED_AB3838-L1.macs2_narrow_control_lambda.bdg
	rm -rf /data/shamsaddinisha/jfarber-20160119-P1/spsingh-20190308-E1/spsingh-20190521-D1/mm10/Ccl20+_T/peak_calling/narrowpeak/AB3835-L1_POOLED_AB3836-L1_POOLED_AB3837-L1_POOLED_AB3838-L1.macs2_narrow_FE.bdg
	rm -rf /data/shamsaddinisha/jfarber-20160119-P1/spsingh-20190308-E1/spsingh-20190521-D1/mm10/Ccl20+_T/peak_calling/narrowpeak/AB3835-L1_POOLED_AB3836-L1_POOLED_AB3837-L1_POOLED_AB3838-L1.narrowPeak.gz.tmp
	rm -rf /data/shamsaddinisha/jfarber-20160119-P1/spsingh-20190308-E1/spsingh-20190521-D1/mm10/Ccl20+_T/peak_calling/narrowpeak/AB3835-L1_POOLED_AB3836-L1_POOLED_AB3837-L1_POOLED_AB3838-L1.narrowPeak.gz.sorted
	rm -rf /data/shamsaddinisha/jfarber-20160119-P1/spsingh-20190308-E1/spsingh-20190521-D1/mm10/Ccl20+_T/peak_calling/narrowpeak/AB3835-L1_POOLED_AB3836-L1_POOLED_AB3837-L1_POOLED_AB3838-L1.narrowPeak.bdg.tmp
	rm -rf /data/shamsaddinisha/jfarber-20160119-P1/spsingh-20190308-E1/spsingh-20190521-D1/mm10/Ccl20+_T/peak_calling/narrowpeak/AB3835-L1_POOLED_AB3836-L1_POOLED_AB3837-L1_POOLED_AB3838-L1.narrow.duplicate.txt
	rm -rf /data/shamsaddinisha/jfarber-20160119-P1/spsingh-20190308-E1/spsingh-20190521-D1/mm10/Ccl20+_T/peak_calling/narrowpeak/AB3835-L1_POOLED_AB3836-L1_POOLED_AB3837-L1_POOLED_AB3838-L1.narrow.duplicate_line.txt
fi
#
EXECUTING....
#
INFO  @ Fri, 24 May 2019 23:10:55: 
# Command line: callpeak --treatment /data/shamsaddinisha/jfarber-20160119-P1/spsingh-20190308-E1/spsingh-20190521-D1/mm10/Ccl20+_T/post_alignment/AB3835-L1_POOLED_AB3836-L1_POOLED_AB3837-L1_POOLED_AB3838-L1.processed.bed.gz --name AB3835-L1_POOLED_AB3836-L1_POOLED_AB3837-L1_POOLED_AB3838-L1.macs2_narrow --format BED --gsize mm --call-summits --keep-dup all -q 5.00e-02 -B --SPMR --nomodel --shift -75 --extsize 150 --verbose 3 --outdir /data/shamsaddinisha/jfarber-20160119-P1/spsingh-20190308-E1/spsingh-20190521-D1/mm10/Ccl20+_T/peak_calling/narrowpeak
# ARGUMENTS LIST:
# name = AB3835-L1_POOLED_AB3836-L1_POOLED_AB3837-L1_POOLED_AB3838-L1.macs2_narrow
# format = BED
# ChIP-seq file = ['/data/shamsaddinisha/jfarber-20160119-P1/spsingh-20190308-E1/spsingh-20190521-D1/mm10/Ccl20+_T/post_alignment/AB3835-L1_POOLED_AB3836-L1_POOLED_AB3837-L1_POOLED_AB3838-L1.processed.bed.gz']
# control file = None
# effective genome size = 1.87e+09
# band width = 300
# model fold = [5, 50]
# qvalue cutoff = 5.00e-02
# The maximum gap between significant sites is assigned as the read length/tag size.
# The minimum length of peaks is assigned as the predicted fragment length "d".
# Larger dataset will be scaled towards smaller dataset.
# Range for calculating regional lambda is: 10000 bps
# Broad region calling is off
# Paired-End mode is off
# Searching for subpeak summits is on
# MACS will save fragment pileup signal per million reads
 
INFO  @ Fri, 24 May 2019 23:10:55: #1 read tag files... 
INFO  @ Fri, 24 May 2019 23:10:55: #1 read treatment tags... 
INFO  @ Fri, 24 May 2019 23:10:58:  1000000 
INFO  @ Fri, 24 May 2019 23:11:00:  2000000 
INFO  @ Fri, 24 May 2019 23:11:02:  3000000 
INFO  @ Fri, 24 May 2019 23:11:04:  4000000 
INFO  @ Fri, 24 May 2019 23:11:06:  5000000 
INFO  @ Fri, 24 May 2019 23:11:08:  6000000 
INFO  @ Fri, 24 May 2019 23:11:11:  7000000 
INFO  @ Fri, 24 May 2019 23:11:13:  8000000 
INFO  @ Fri, 24 May 2019 23:11:15:  9000000 
INFO  @ Fri, 24 May 2019 23:11:17:  10000000 
INFO  @ Fri, 24 May 2019 23:11:19:  11000000 
INFO  @ Fri, 24 May 2019 23:11:21:  12000000 
INFO  @ Fri, 24 May 2019 23:11:24:  13000000 
INFO  @ Fri, 24 May 2019 23:11:26:  14000000 
INFO  @ Fri, 24 May 2019 23:11:28:  15000000 
INFO  @ Fri, 24 May 2019 23:11:30:  16000000 
INFO  @ Fri, 24 May 2019 23:11:32:  17000000 
INFO  @ Fri, 24 May 2019 23:11:34:  18000000 
INFO  @ Fri, 24 May 2019 23:11:36:  19000000 
INFO  @ Fri, 24 May 2019 23:11:39:  20000000 
INFO  @ Fri, 24 May 2019 23:11:41:  21000000 
INFO  @ Fri, 24 May 2019 23:11:43:  22000000 
INFO  @ Fri, 24 May 2019 23:11:45:  23000000 
INFO  @ Fri, 24 May 2019 23:11:47:  24000000 
INFO  @ Fri, 24 May 2019 23:11:49:  25000000 
INFO  @ Fri, 24 May 2019 23:11:52:  26000000 
INFO  @ Fri, 24 May 2019 23:11:54:  27000000 
INFO  @ Fri, 24 May 2019 23:11:56:  28000000 
INFO  @ Fri, 24 May 2019 23:11:58:  29000000 
INFO  @ Fri, 24 May 2019 23:12:00:  30000000 
INFO  @ Fri, 24 May 2019 23:12:02:  31000000 
INFO  @ Fri, 24 May 2019 23:12:04:  32000000 
INFO  @ Fri, 24 May 2019 23:12:07:  33000000 
INFO  @ Fri, 24 May 2019 23:12:09:  34000000 
INFO  @ Fri, 24 May 2019 23:12:11:  35000000 
INFO  @ Fri, 24 May 2019 23:12:13:  36000000 
INFO  @ Fri, 24 May 2019 23:12:15:  37000000 
INFO  @ Fri, 24 May 2019 23:12:17:  38000000 
INFO  @ Fri, 24 May 2019 23:12:19:  39000000 
INFO  @ Fri, 24 May 2019 23:12:22:  40000000 
INFO  @ Fri, 24 May 2019 23:12:24:  41000000 
INFO  @ Fri, 24 May 2019 23:12:26:  42000000 
INFO  @ Fri, 24 May 2019 23:12:28:  43000000 
INFO  @ Fri, 24 May 2019 23:12:30:  44000000 
INFO  @ Fri, 24 May 2019 23:12:32:  45000000 
INFO  @ Fri, 24 May 2019 23:12:35:  46000000 
INFO  @ Fri, 24 May 2019 23:12:37:  47000000 
INFO  @ Fri, 24 May 2019 23:12:39:  48000000 
INFO  @ Fri, 24 May 2019 23:12:41:  49000000 
INFO  @ Fri, 24 May 2019 23:12:43:  50000000 
INFO  @ Fri, 24 May 2019 23:12:45:  51000000 
INFO  @ Fri, 24 May 2019 23:12:47:  52000000 
INFO  @ Fri, 24 May 2019 23:12:50:  53000000 
INFO  @ Fri, 24 May 2019 23:12:52:  54000000 
INFO  @ Fri, 24 May 2019 23:12:54:  55000000 
INFO  @ Fri, 24 May 2019 23:12:56:  56000000 
INFO  @ Fri, 24 May 2019 23:12:58:  57000000 
INFO  @ Fri, 24 May 2019 23:13:00:  58000000 
INFO  @ Fri, 24 May 2019 23:13:03:  59000000 
INFO  @ Fri, 24 May 2019 23:13:05:  60000000 
INFO  @ Fri, 24 May 2019 23:13:07:  61000000 
INFO  @ Fri, 24 May 2019 23:13:09:  62000000 
INFO  @ Fri, 24 May 2019 23:13:11:  63000000 
INFO  @ Fri, 24 May 2019 23:13:13:  64000000 
INFO  @ Fri, 24 May 2019 23:13:16:  65000000 
INFO  @ Fri, 24 May 2019 23:13:18:  66000000 
INFO  @ Fri, 24 May 2019 23:13:20:  67000000 
INFO  @ Fri, 24 May 2019 23:13:22:  68000000 
INFO  @ Fri, 24 May 2019 23:13:24:  69000000 
INFO  @ Fri, 24 May 2019 23:13:26:  70000000 
INFO  @ Fri, 24 May 2019 23:13:28:  71000000 
INFO  @ Fri, 24 May 2019 23:13:31:  72000000 
INFO  @ Fri, 24 May 2019 23:13:33:  73000000 
INFO  @ Fri, 24 May 2019 23:13:35:  74000000 
INFO  @ Fri, 24 May 2019 23:13:37:  75000000 
INFO  @ Fri, 24 May 2019 23:13:39:  76000000 
INFO  @ Fri, 24 May 2019 23:13:41:  77000000 
INFO  @ Fri, 24 May 2019 23:13:43:  78000000 
INFO  @ Fri, 24 May 2019 23:13:46:  79000000 
INFO  @ Fri, 24 May 2019 23:13:48:  80000000 
INFO  @ Fri, 24 May 2019 23:13:50:  81000000 
INFO  @ Fri, 24 May 2019 23:13:52:  82000000 
INFO  @ Fri, 24 May 2019 23:13:54:  83000000 
INFO  @ Fri, 24 May 2019 23:13:56:  84000000 
INFO  @ Fri, 24 May 2019 23:13:59:  85000000 
INFO  @ Fri, 24 May 2019 23:14:01:  86000000 
INFO  @ Fri, 24 May 2019 23:14:03:  87000000 
INFO  @ Fri, 24 May 2019 23:14:05:  88000000 
INFO  @ Fri, 24 May 2019 23:14:07:  89000000 
INFO  @ Fri, 24 May 2019 23:14:09:  90000000 
INFO  @ Fri, 24 May 2019 23:14:11:  91000000 
INFO  @ Fri, 24 May 2019 23:14:14:  92000000 
INFO  @ Fri, 24 May 2019 23:14:16:  93000000 
INFO  @ Fri, 24 May 2019 23:14:18:  94000000 
INFO  @ Fri, 24 May 2019 23:14:20:  95000000 
INFO  @ Fri, 24 May 2019 23:14:22:  96000000 
INFO  @ Fri, 24 May 2019 23:14:24:  97000000 
INFO  @ Fri, 24 May 2019 23:14:26:  98000000 
INFO  @ Fri, 24 May 2019 23:14:29:  99000000 
INFO  @ Fri, 24 May 2019 23:14:31:  100000000 
INFO  @ Fri, 24 May 2019 23:14:33:  101000000 
INFO  @ Fri, 24 May 2019 23:14:35:  102000000 
INFO  @ Fri, 24 May 2019 23:14:37:  103000000 
INFO  @ Fri, 24 May 2019 23:14:39:  104000000 
INFO  @ Fri, 24 May 2019 23:14:42:  105000000 
INFO  @ Fri, 24 May 2019 23:14:44:  106000000 
INFO  @ Fri, 24 May 2019 23:14:46:  107000000 
INFO  @ Fri, 24 May 2019 23:14:48:  108000000 
INFO  @ Fri, 24 May 2019 23:14:50:  109000000 
INFO  @ Fri, 24 May 2019 23:14:52:  110000000 
INFO  @ Fri, 24 May 2019 23:14:54:  111000000 
INFO  @ Fri, 24 May 2019 23:14:57:  112000000 
INFO  @ Fri, 24 May 2019 23:14:59:  113000000 
INFO  @ Fri, 24 May 2019 23:15:01:  114000000 
INFO  @ Fri, 24 May 2019 23:15:03:  115000000 
INFO  @ Fri, 24 May 2019 23:15:05:  116000000 
INFO  @ Fri, 24 May 2019 23:15:07:  117000000 
INFO  @ Fri, 24 May 2019 23:15:09:  118000000 
INFO  @ Fri, 24 May 2019 23:15:12:  119000000 
INFO  @ Fri, 24 May 2019 23:15:14:  120000000 
INFO  @ Fri, 24 May 2019 23:15:16:  121000000 
INFO  @ Fri, 24 May 2019 23:15:18:  122000000 
INFO  @ Fri, 24 May 2019 23:15:20:  123000000 
INFO  @ Fri, 24 May 2019 23:15:22:  124000000 
INFO  @ Fri, 24 May 2019 23:15:25:  125000000 
INFO  @ Fri, 24 May 2019 23:15:27:  126000000 
INFO  @ Fri, 24 May 2019 23:15:29:  127000000 
INFO  @ Fri, 24 May 2019 23:15:31:  128000000 
INFO  @ Fri, 24 May 2019 23:15:33:  129000000 
INFO  @ Fri, 24 May 2019 23:15:35:  130000000 
INFO  @ Fri, 24 May 2019 23:15:37:  131000000 
INFO  @ Fri, 24 May 2019 23:15:40:  132000000 
INFO  @ Fri, 24 May 2019 23:15:42:  133000000 
INFO  @ Fri, 24 May 2019 23:15:44:  134000000 
INFO  @ Fri, 24 May 2019 23:15:46:  135000000 
INFO  @ Fri, 24 May 2019 23:15:48:  136000000 
INFO  @ Fri, 24 May 2019 23:15:50:  137000000 
INFO  @ Fri, 24 May 2019 23:15:53:  138000000 
INFO  @ Fri, 24 May 2019 23:15:55:  139000000 
INFO  @ Fri, 24 May 2019 23:15:57:  140000000 
INFO  @ Fri, 24 May 2019 23:15:59:  141000000 
INFO  @ Fri, 24 May 2019 23:16:01:  142000000 
INFO  @ Fri, 24 May 2019 23:16:03:  143000000 
INFO  @ Fri, 24 May 2019 23:16:05:  144000000 
INFO  @ Fri, 24 May 2019 23:16:07:  145000000 
INFO  @ Fri, 24 May 2019 23:16:10:  146000000 
INFO  @ Fri, 24 May 2019 23:16:12:  147000000 
INFO  @ Fri, 24 May 2019 23:16:14:  148000000 
INFO  @ Fri, 24 May 2019 23:16:16:  149000000 
INFO  @ Fri, 24 May 2019 23:16:18:  150000000 
INFO  @ Fri, 24 May 2019 23:16:20:  151000000 
INFO  @ Fri, 24 May 2019 23:16:23:  152000000 
INFO  @ Fri, 24 May 2019 23:16:25:  153000000 
INFO  @ Fri, 24 May 2019 23:16:27:  154000000 
INFO  @ Fri, 24 May 2019 23:16:29:  155000000 
INFO  @ Fri, 24 May 2019 23:16:31:  156000000 
INFO  @ Fri, 24 May 2019 23:16:33:  157000000 
INFO  @ Fri, 24 May 2019 23:16:35:  158000000 
INFO  @ Fri, 24 May 2019 23:16:38:  159000000 
INFO  @ Fri, 24 May 2019 23:16:40:  160000000 
INFO  @ Fri, 24 May 2019 23:16:42:  161000000 
INFO  @ Fri, 24 May 2019 23:16:44:  162000000 
INFO  @ Fri, 24 May 2019 23:16:46:  163000000 
INFO  @ Fri, 24 May 2019 23:16:48:  164000000 
INFO  @ Fri, 24 May 2019 23:16:50:  165000000 
INFO  @ Fri, 24 May 2019 23:16:53:  166000000 
INFO  @ Fri, 24 May 2019 23:16:55:  167000000 
INFO  @ Fri, 24 May 2019 23:16:57:  168000000 
INFO  @ Fri, 24 May 2019 23:16:59:  169000000 
INFO  @ Fri, 24 May 2019 23:17:01:  170000000 
INFO  @ Fri, 24 May 2019 23:17:03:  171000000 
INFO  @ Fri, 24 May 2019 23:17:05:  172000000 
INFO  @ Fri, 24 May 2019 23:17:08:  173000000 
INFO  @ Fri, 24 May 2019 23:17:10:  174000000 
INFO  @ Fri, 24 May 2019 23:17:15: #1 tag size is determined as 69 bps 
INFO  @ Fri, 24 May 2019 23:17:15: #1 tag size = 69.0 
INFO  @ Fri, 24 May 2019 23:17:15: #1  total tags in treatment: 174849747 
INFO  @ Fri, 24 May 2019 23:17:15: #1 finished! 
INFO  @ Fri, 24 May 2019 23:17:15: #2 Build Peak Model... 
INFO  @ Fri, 24 May 2019 23:17:15: #2 Skipped... 
INFO  @ Fri, 24 May 2019 23:17:15: #2 Use 150 as fragment length 
INFO  @ Fri, 24 May 2019 23:17:15: #2 Sequencing ends will be shifted towards 5' by 75 bp(s) 
INFO  @ Fri, 24 May 2019 23:17:15: #3 Call peaks... 
INFO  @ Fri, 24 May 2019 23:17:15: #3 Going to call summits inside each peak ... 
INFO  @ Fri, 24 May 2019 23:17:15: #3 Pre-compute pvalue-qvalue table... 
DEBUG @ Fri, 24 May 2019 23:17:15: Start to calculate pvalue stat... 
DEBUG @ Fri, 24 May 2019 23:26:56: access pq hash for 389494272 times 
INFO  @ Fri, 24 May 2019 23:26:56: #3 In the peak calling step, the following will be performed simultaneously: 
INFO  @ Fri, 24 May 2019 23:26:56: #3   Write bedGraph files for treatment pileup (after scaling if necessary)... AB3835-L1_POOLED_AB3836-L1_POOLED_AB3837-L1_POOLED_AB3838-L1.macs2_narrow_treat_pileup.bdg 
INFO  @ Fri, 24 May 2019 23:26:56: #3   Write bedGraph files for control lambda (after scaling if necessary)... AB3835-L1_POOLED_AB3836-L1_POOLED_AB3837-L1_POOLED_AB3838-L1.macs2_narrow_control_lambda.bdg 
INFO  @ Fri, 24 May 2019 23:26:56: #3   --SPMR is requested, so pileup will be normalized by sequencing depth in million reads. 
INFO  @ Fri, 24 May 2019 23:26:56: #3 Call peaks for each chromosome... 
INFO  @ Fri, 24 May 2019 23:42:35: #4 Write output xls file... /data/shamsaddinisha/jfarber-20160119-P1/spsingh-20190308-E1/spsingh-20190521-D1/mm10/Ccl20+_T/peak_calling/narrowpeak/AB3835-L1_POOLED_AB3836-L1_POOLED_AB3837-L1_POOLED_AB3838-L1.macs2_narrow_peaks.xls 
INFO  @ Fri, 24 May 2019 23:42:37: #4 Write peak in narrowPeak format file... /data/shamsaddinisha/jfarber-20160119-P1/spsingh-20190308-E1/spsingh-20190521-D1/mm10/Ccl20+_T/peak_calling/narrowpeak/AB3835-L1_POOLED_AB3836-L1_POOLED_AB3837-L1_POOLED_AB3838-L1.macs2_narrow_peaks.narrowPeak 
INFO  @ Fri, 24 May 2019 23:42:38: #4 Write summits bed file... /data/shamsaddinisha/jfarber-20160119-P1/spsingh-20190308-E1/spsingh-20190521-D1/mm10/Ccl20+_T/peak_calling/narrowpeak/AB3835-L1_POOLED_AB3836-L1_POOLED_AB3837-L1_POOLED_AB3838-L1.macs2_narrow_summits.bed 
INFO  @ Fri, 24 May 2019 23:42:39: Done! 
pass1 - making usageList (22 chroms): 83 millis
pass2 - checking and writing primary data (240235 records, 10 fields): 1300 millis
INFO  @ Fri, 24 May 2019 23:42:47: Read and build treatment bedGraph... 
INFO  @ Fri, 24 May 2019 23:47:14: Read and build control bedGraph... 
INFO  @ Fri, 24 May 2019 23:48:44: Build scoreTrackII... 
INFO  @ Fri, 24 May 2019 23:50:15: Calculate scores comparing treatment and control by 'FE'... 
INFO  @ Sat, 25 May 2019 00:11:34: Write bedGraph of scores... 
INFO  @ Sat, 25 May 2019 00:19:55: Finished 'FE'! Please check '/data/shamsaddinisha/jfarber-20160119-P1/spsingh-20190308-E1/spsingh-20190521-D1/mm10/Ccl20+_T/peak_calling/narrowpeak/AB3835-L1_POOLED_AB3836-L1_POOLED_AB3837-L1_POOLED_AB3838-L1.macs2_narrow_FE.bdg'! 
#
DONE!!!!
#
ELAPSED TIME: 12004 seconds
------------------------------------------------------------------------------
[Sat May 25 02:30:59 2019]
Finished job 0.
1 of 1 steps (100%) done
