#
EXECUTING....
#


Sample label: AB3823-L1
Sample size: 17568

Fragment lengths:
Min.: 27.0
1st Qu.: 76.0
Mean: 149.83481329690346
Median: 131.0
3rd Qu.: 202.0
Max.: 1728.0
Std: 92.27325709401102
MAD: 59.0
Len. 10%: 53.0
Len. 20%: 71.0
Len. 30%: 82.0
Len. 40%: 102.0
Len. 60%: 164.0
Len. 70%: 189.0
Len. 80%: 217.0
Len. 90%: 262.3000000000011
Len. 99%: 432.3299999999981


Read lengths:
Sample size: 17568

Min.: 27.0
1st Qu.: 73.0
Mean: 70.67389571948998
Median: 75.0
3rd Qu.: 76.0
Max.: 76.0
Std: 9.978878960387558
MAD: 1.0
Len. 10%: 52.0
Len. 20%: 68.0
Len. 30%: 74.0
Len. 40%: 75.0
Len. 60%: 76.0
Len. 70%: 76.0
Len. 80%: 76.0
Len. 90%: 76.0
Len. 99%: 76.0



Sample label: AB3824-L1
Sample size: 21615

Fragment lengths:
Min.: 25.0
1st Qu.: 76.0
Mean: 156.90187369882025
Median: 137.0
3rd Qu.: 211.0
Max.: 1236.0
Std: 98.67409464808978
MAD: 63.0
Len. 10%: 54.0
Len. 20%: 72.0
Len. 30%: 83.0
Len. 40%: 104.0
Len. 60%: 171.0
Len. 70%: 197.0
Len. 80%: 226.0
Len. 90%: 283.0
Len. 99%: 457.0


Read lengths:
Sample size: 21615

Min.: 25.0
1st Qu.: 73.0
Mean: 70.86167013647929
Median: 75.0
3rd Qu.: 76.0
Max.: 76.0
Std: 9.738934107642326
MAD: 1.0
Len. 10%: 53.0
Len. 20%: 69.0
Len. 30%: 74.0
Len. 40%: 75.0
Len. 60%: 76.0
Len. 70%: 76.0
Len. 80%: 76.0
Len. 90%: 76.0
Len. 99%: 76.0



Sample label: AB3826-L1
Sample size: 24567

Fragment lengths:
Min.: 28.0
1st Qu.: 75.0
Mean: 147.85399112630765
Median: 124.0
3rd Qu.: 203.0
Max.: 1849.0
Std: 95.33531332679027
MAD: 60.0
Len. 10%: 51.0
Len. 20%: 66.0
Len. 30%: 78.0
Len. 40%: 95.0
Len. 60%: 160.0
Len. 70%: 188.0
Len. 80%: 218.0
Len. 90%: 267.0
Len. 99%: 437.0


Read lengths:
Sample size: 24567

Min.: 28.0
1st Qu.: 71.0
Mean: 69.93939023893842
Median: 75.0
3rd Qu.: 76.0
Max.: 76.0
Std: 10.606788328536899
MAD: 1.0
Len. 10%: 50.0
Len. 20%: 63.0
Len. 30%: 73.0
Len. 40%: 75.0
Len. 60%: 76.0
Len. 70%: 76.0
Len. 80%: 76.0
Len. 90%: 76.0
Len. 99%: 76.0



Sample label: AB3825-L1
Sample size: 24602

Fragment lengths:
Min.: 26.0
1st Qu.: 74.0
Mean: 145.6638078205024
Median: 120.0
3rd Qu.: 200.0
Max.: 1750.0
Std: 95.02464271509571
MAD: 58.0
Len. 10%: 51.0
Len. 20%: 65.0
Len. 30%: 77.0
Len. 40%: 93.0
Len. 60%: 155.59999999999854
Len. 70%: 185.0
Len. 80%: 215.0
Len. 90%: 264.0
Len. 99%: 436.98999999999796


Read lengths:
Sample size: 24602

Min.: 26.0
1st Qu.: 70.0
Mean: 69.69376473457443
Median: 75.0
3rd Qu.: 76.0
Max.: 76.0
Std: 10.82938315555067
MAD: 1.0
Len. 10%: 50.0
Len. 20%: 62.0
Len. 30%: 73.0
Len. 40%: 75.0
Len. 60%: 76.0
Len. 70%: 76.0
Len. 80%: 76.0
Len. 90%: 76.0
Len. 99%: 76.0



Sample label: AB3823-L1_POOLED_AB3824-L1_POOLED_AB3825-L1_POOLED_AB3826-L1
Sample size: 85938

Fragment lengths:
Min.: 25.0
1st Qu.: 76.0
Mean: 150.6266494449487
Median: 129.0
3rd Qu.: 205.0
Max.: 1750.0
Std: 95.90952043621937
MAD: 61.0
Len. 10%: 52.0
Len. 20%: 68.0
Len. 30%: 79.0
Len. 40%: 99.0
Len. 60%: 165.0
Len. 70%: 191.0
Len. 80%: 220.0
Len. 90%: 271.0
Len. 99%: 443.0


Read lengths:
Sample size: 85938

Min.: 25.0
1st Qu.: 72.0
Mean: 70.19867811678186
Median: 75.0
3rd Qu.: 76.0
Max.: 76.0
Std: 10.4044441657549
MAD: 1.0
Len. 10%: 51.0
Len. 20%: 65.0
Len. 30%: 74.0
Len. 40%: 75.0
Len. 60%: 76.0
Len. 70%: 76.0
Len. 80%: 76.0
Len. 90%: 76.0
Len. 99%: 76.0

sample	mean	std	min	25%	50%	75%	max
AB3823-L1	1.00	8.31	0	0.0	0.0	1.0	5639	
AB3824-L1	1.27	7.86	0	0.0	1.0	2.0	5113	
AB3826-L1	1.42	6.15	0	0.0	1.0	2.0	3823	
AB3825-L1	1.43	6.39	0	0.0	1.0	2.0	4145	
AB3823-L1_POOLED_AB3824-L1_POOLED_AB3825-L1_POOLED_AB3826-L1	5.06	16.73	0	2.0	4.0	6.0	9549	
DONE!!!!
ELAPSED TIME: 587 seconds
----------------------------------------------------------------------------
