#
EXECUTING....
#


Sample label: AB3836-L1
Sample size: 25372

Fragment lengths:
Min.: 26.0
1st Qu.: 102.0
Mean: 186.2683272899259
Median: 179.0
3rd Qu.: 234.0
Max.: 1972.0
Std: 102.4493324872996
MAD: 66.0
Len. 10%: 70.0
Len. 20%: 89.0
Len. 30%: 117.0
Len. 40%: 156.0
Len. 60%: 201.0
Len. 70%: 222.0
Len. 80%: 249.0
Len. 90%: 324.0
Len. 99%: 495.2900000000009


Read lengths:
Sample size: 25372

Min.: 26.0
1st Qu.: 75.0
Mean: 73.13782910294813
Median: 76.0
3rd Qu.: 76.0
Max.: 76.0
Std: 7.079710490668402
MAD: 0.0
Len. 10%: 67.0
Len. 20%: 74.0
Len. 30%: 75.0
Len. 40%: 75.0
Len. 60%: 76.0
Len. 70%: 76.0
Len. 80%: 76.0
Len. 90%: 76.0
Len. 99%: 76.0



Sample label: AB3837-L1
Sample size: 24867

Fragment lengths:
Min.: 32.0
1st Qu.: 105.0
Mean: 183.82905054892026
Median: 180.0
3rd Qu.: 230.0
Max.: 1796.0
Std: 96.39562767251547
MAD: 61.0
Len. 10%: 73.0
Len. 20%: 92.0
Len. 30%: 121.0
Len. 40%: 160.0
Len. 60%: 199.0
Len. 70%: 218.0
Len. 80%: 243.0
Len. 90%: 304.0
Len. 99%: 466.34000000000015


Read lengths:
Sample size: 24867

Min.: 32.0
1st Qu.: 75.0
Mean: 73.48393453170868
Median: 76.0
3rd Qu.: 76.0
Max.: 76.0
Std: 6.5032830467905836
MAD: 0.0
Len. 10%: 71.0
Len. 20%: 74.0
Len. 30%: 75.0
Len. 40%: 75.0
Len. 60%: 76.0
Len. 70%: 76.0
Len. 80%: 76.0
Len. 90%: 76.0
Len. 99%: 76.0



Sample label: AB3835-L1
Sample size: 27694

Fragment lengths:
Min.: 27.0
1st Qu.: 98.0
Mean: 180.00314147468765
Median: 175.0
3rd Qu.: 229.0
Max.: 1850.0
Std: 99.41286085583688
MAD: 66.0
Len. 10%: 69.0
Len. 20%: 87.0
Len. 30%: 111.0
Len. 40%: 146.0
Len. 60%: 197.0
Len. 70%: 217.0
Len. 80%: 243.0
Len. 90%: 304.0
Len. 99%: 471.0


Read lengths:
Sample size: 27694

Min.: 27.0
1st Qu.: 75.0
Mean: 73.11099877229725
Median: 76.0
3rd Qu.: 76.0
Max.: 76.0
Std: 7.0339549061016635
MAD: 0.0
Len. 10%: 67.0
Len. 20%: 74.0
Len. 30%: 75.0
Len. 40%: 75.0
Len. 60%: 76.0
Len. 70%: 76.0
Len. 80%: 76.0
Len. 90%: 76.0
Len. 99%: 76.0



Sample label: AB3838-L1
Sample size: 26617

Fragment lengths:
Min.: 26.0
1st Qu.: 101.0
Mean: 182.73325318405531
Median: 179.0
3rd Qu.: 230.0
Max.: 853.0
Std: 97.26671614619967
MAD: 64.0
Len. 10%: 70.0
Len. 20%: 89.0
Len. 30%: 116.0
Len. 40%: 156.0
Len. 60%: 198.0
Len. 70%: 218.0
Len. 80%: 244.0
Len. 90%: 309.0
Len. 99%: 466.0


Read lengths:
Sample size: 26617

Min.: 26.0
1st Qu.: 75.0
Mean: 73.10914077469286
Median: 76.0
3rd Qu.: 76.0
Max.: 76.0
Std: 7.1749218499035186
MAD: 0.0
Len. 10%: 67.0
Len. 20%: 74.0
Len. 30%: 75.0
Len. 40%: 75.0
Len. 60%: 76.0
Len. 70%: 76.0
Len. 80%: 76.0
Len. 90%: 76.0
Len. 99%: 76.0



Sample label: AB3835-L1_POOLED_AB3836-L1_POOLED_AB3837-L1_POOLED_AB3838-L1
Sample size: 97030

Fragment lengths:
Min.: 26.0
1st Qu.: 104.0
Mean: 186.20860558590127
Median: 181.0
3rd Qu.: 233.0
Max.: 1972.0
Std: 99.82292622007104
MAD: 64.0
Len. 10%: 71.0
Len. 20%: 90.0
Len. 30%: 121.0
Len. 40%: 161.0
Len. 60%: 201.0
Len. 70%: 221.0
Len. 80%: 247.0
Len. 90%: 317.0
Len. 99%: 478.0


Read lengths:
Sample size: 97030

Min.: 26.0
1st Qu.: 75.0
Mean: 73.22144697516232
Median: 76.0
3rd Qu.: 76.0
Max.: 76.0
Std: 6.982865595337383
MAD: 0.0
Len. 10%: 68.0
Len. 20%: 74.0
Len. 30%: 75.0
Len. 40%: 75.0
Len. 60%: 76.0
Len. 70%: 76.0
Len. 80%: 76.0
Len. 90%: 76.0
Len. 99%: 76.0

sample	mean	std	min	25%	50%	75%	max
AB3836-L1	1.58	23.92	0	0.0	1.0	1.0	15097	
AB3837-L1	1.54	21.76	0	0.0	1.0	1.0	13608	
AB3835-L1	1.72	23.07	0	0.0	1.0	1.0	14315	
AB3838-L1	1.64	23.63	0	0.0	1.0	2.0	14992	
AB3835-L1_POOLED_AB3836-L1_POOLED_AB3837-L1_POOLED_AB3838-L1	6.24	40.73	0	2.0	3.0	5.0	22140	
DONE!!!!
ELAPSED TIME: 590 seconds
----------------------------------------------------------------------------
