Building DAG of jobs...
Using shell: /usr/bin/bash
Provided cores: 30
Rules claiming more threads will be scaled down.
Unlimited resources: mem_mb
Job counts:
	count	jobs
	1	Signal_Correlations
	1

[Tue May 28 11:33:33 2019]
Job 0: Signal_Correlations: Ccl20+_T

[-] Unloading samtools 1.9  ... 
[+] Loading samtools 1.9  ... 
[+] Loading bedtools  2.27.1 
[+] Loading deeptools  3.1.3 
[+] Loading fastqc  0.11.8 
[+] Loading qualimap  2.2.1  on cn2912 
[+] Loading gcc  7.3.0  ... 
[+] Loading GSL 2.4 for GCC 7.2.0 ... 
[-] Unloading gcc  7.3.0  ... 
[+] Loading gcc  7.3.0  ... 
[+] Loading openmpi 3.0.2  for GCC 7.3.0 
[+] Loading ImageMagick  7.0.8  on cn2912 
[+] Loading HDF5  1.10.4 
[+] Loading pandoc  2.1.1  on cn2912 
[+] Loading R 3.5.2 
[+] Loading ucsc 373 on cn2912 
[-] Unloading gcc  7.3.0  ... 
[-] Unloading GSL 2.4 for GCC 7.2.0 ... 
[-] Unloading openmpi 3.0.2  for GCC 7.3.0 
[-] Unloading ImageMagick  7.0.8  on cn2912 
[-] Unloading HDF5  1.10.4 
[-] Unloading pandoc  2.1.1  on cn2912 
[-] Unloading R 3.5.2 
[+] Loading gcc  7.3.0  ... 
[+] Loading GSL 2.4 for GCC 7.2.0 ... 
[-] Unloading gcc  7.3.0  ... 
[+] Loading gcc  7.3.0  ... 
[+] Loading openmpi 3.0.2  for GCC 7.3.0 
[+] Loading ImageMagick  7.0.8  on cn2912 
[+] Loading HDF5  1.10.4 
[+] Loading pandoc  2.1.1  on cn2912 
[+] Loading R 3.5.2 
#
EXECUTING....
#
Number of bins found: 272566
*Warning*. 403565 NaN values were found. They will be removed along with the corresponding bins in other samples for the computation and plotting

Outliers were detected in the data. They will be removed to avoid bias in the pearson correlation.
*Warning*. 403565 NaN values were found. They will be removed along with the corresponding bins in other samples for the computation and plotting
*Warning*. 403565 NaN values were found. They will be removed along with the corresponding bins in other samples for the computation and plotting
DONE!!!!
ELAPSED TIME: 42 seconds
----------------------------------------------------------------------------
[Tue May 28 11:34:21 2019]
Finished job 0.
1 of 1 steps (100%) done
