Building DAG of jobs...
Using shell: /usr/bin/bash
Provided cores: 30
Rules claiming more threads will be scaled down.
Unlimited resources: mem_mb
Job counts:
	count	jobs
	1	Signal_Enrichment
	1

[Tue May 28 11:51:06 2019]
Job 0: Signal_Enrichment: Ccl20-_T

[-] Unloading samtools 1.9  ... 
[+] Loading samtools 1.9  ... 
[+] Loading bedtools  2.27.1 
[+] Loading deeptools  3.1.3 
[+] Loading fastqc  0.11.8 
[+] Loading qualimap  2.2.1  on cn3357 
[+] Loading gcc  7.3.0  ... 
[+] Loading GSL 2.4 for GCC 7.2.0 ... 
[-] Unloading gcc  7.3.0  ... 
[+] Loading gcc  7.3.0  ... 
[+] Loading openmpi 3.0.2  for GCC 7.3.0 
[+] Loading ImageMagick  7.0.8  on cn3357 
[+] Loading HDF5  1.10.4 
[+] Loading pandoc  2.1.1  on cn3357 
[+] Loading R 3.5.2 
[+] Loading ucsc 373 on cn3357 
[-] Unloading gcc  7.3.0  ... 
[-] Unloading GSL 2.4 for GCC 7.2.0 ... 
[-] Unloading openmpi 3.0.2  for GCC 7.3.0 
[-] Unloading ImageMagick  7.0.8  on cn3357 
[-] Unloading HDF5  1.10.4 
[-] Unloading pandoc  2.1.1  on cn3357 
[-] Unloading R 3.5.2 
[+] Loading gcc  7.3.0  ... 
[+] Loading GSL 2.4 for GCC 7.2.0 ... 
[-] Unloading gcc  7.3.0  ... 
[+] Loading gcc  7.3.0  ... 
[+] Loading openmpi 3.0.2  for GCC 7.3.0 
[+] Loading ImageMagick  7.0.8  on cn3357 
[+] Loading HDF5  1.10.4 
[+] Loading pandoc  2.1.1  on cn3357 
[+] Loading R 3.5.2 
[-] Unloading samtools 1.9  ... 
[+] Loading samtools 1.9  ... 
[+] Loading bedtools  2.27.1 
[+] Loading deeptools  3.1.3 
[+] Loading fastqc  0.11.8 
[+] Loading qualimap  2.2.1  on cn3357 
[+] Loading gcc  7.3.0  ... 
[+] Loading GSL 2.4 for GCC 7.2.0 ... 
[-] Unloading gcc  7.3.0  ... 
[+] Loading gcc  7.3.0  ... 
[+] Loading openmpi 3.0.2  for GCC 7.3.0 
[+] Loading ImageMagick  7.0.8  on cn3357 
[+] Loading HDF5  1.10.4 
[+] Loading pandoc  2.1.1  on cn3357 
[+] Loading R 3.5.2 
[+] Loading ucsc 373 on cn3357 
[-] Unloading gcc  7.3.0  ... 
[-] Unloading GSL 2.4 for GCC 7.2.0 ... 
[-] Unloading openmpi 3.0.2  for GCC 7.3.0 
[-] Unloading ImageMagick  7.0.8  on cn3357 
[-] Unloading HDF5  1.10.4 
[-] Unloading pandoc  2.1.1  on cn3357 
[-] Unloading R 3.5.2 
[+] Loading gcc  7.3.0  ... 
[+] Loading GSL 2.4 for GCC 7.2.0 ... 
[-] Unloading gcc  7.3.0  ... 
[+] Loading gcc  7.3.0  ... 
[+] Loading openmpi 3.0.2  for GCC 7.3.0 
[+] Loading ImageMagick  7.0.8  on cn3357 
[+] Loading HDF5  1.10.4 
[+] Loading pandoc  2.1.1  on cn3357 
[+] Loading R 3.5.2 
slurmstepd: error: _get_pss: ferror() indicates error on file /proc/52424/smaps
[-] Unloading samtools 1.9  ... 
[+] Loading samtools 1.9  ... 
[+] Loading bedtools  2.27.1 
[+] Loading deeptools  3.1.3 
[+] Loading fastqc  0.11.8 
[+] Loading qualimap  2.2.1  on cn3357 
[+] Loading gcc  7.3.0  ... 
[+] Loading GSL 2.4 for GCC 7.2.0 ... 
[-] Unloading gcc  7.3.0  ... 
[+] Loading gcc  7.3.0  ... 
[+] Loading openmpi 3.0.2  for GCC 7.3.0 
[+] Loading ImageMagick  7.0.8  on cn3357 
[+] Loading HDF5  1.10.4 
[+] Loading pandoc  2.1.1  on cn3357 
[+] Loading R 3.5.2 
[+] Loading ucsc 373 on cn3357 
[-] Unloading gcc  7.3.0  ... 
[-] Unloading GSL 2.4 for GCC 7.2.0 ... 
[-] Unloading openmpi 3.0.2  for GCC 7.3.0 
[-] Unloading ImageMagick  7.0.8  on cn3357 
[-] Unloading HDF5  1.10.4 
[-] Unloading pandoc  2.1.1  on cn3357 
[-] Unloading R 3.5.2 
[+] Loading gcc  7.3.0  ... 
[+] Loading GSL 2.4 for GCC 7.2.0 ... 
[-] Unloading gcc  7.3.0  ... 
[+] Loading gcc  7.3.0  ... 
[+] Loading openmpi 3.0.2  for GCC 7.3.0 
[+] Loading ImageMagick  7.0.8  on cn3357 
[+] Loading HDF5  1.10.4 
[+] Loading pandoc  2.1.1  on cn3357 
[+] Loading R 3.5.2 
[-] Unloading samtools 1.9  ... 
[+] Loading samtools 1.9  ... 
[+] Loading bedtools  2.27.1 
[+] Loading deeptools  3.1.3 
[+] Loading fastqc  0.11.8 
[+] Loading qualimap  2.2.1  on cn3357 
[+] Loading gcc  7.3.0  ... 
[+] Loading GSL 2.4 for GCC 7.2.0 ... 
[-] Unloading gcc  7.3.0  ... 
[+] Loading gcc  7.3.0  ... 
[+] Loading openmpi 3.0.2  for GCC 7.3.0 
[+] Loading ImageMagick  7.0.8  on cn3357 
[+] Loading HDF5  1.10.4 
[+] Loading pandoc  2.1.1  on cn3357 
[+] Loading R 3.5.2 
[+] Loading ucsc 373 on cn3357 
[-] Unloading gcc  7.3.0  ... 
[-] Unloading GSL 2.4 for GCC 7.2.0 ... 
[-] Unloading openmpi 3.0.2  for GCC 7.3.0 
[-] Unloading ImageMagick  7.0.8  on cn3357 
[-] Unloading HDF5  1.10.4 
[-] Unloading pandoc  2.1.1  on cn3357 
[-] Unloading R 3.5.2 
[+] Loading gcc  7.3.0  ... 
[+] Loading GSL 2.4 for GCC 7.2.0 ... 
[-] Unloading gcc  7.3.0  ... 
[+] Loading gcc  7.3.0  ... 
[+] Loading openmpi 3.0.2  for GCC 7.3.0 
[+] Loading ImageMagick  7.0.8  on cn3357 
[+] Loading HDF5  1.10.4 
[+] Loading pandoc  2.1.1  on cn3357 
[+] Loading R 3.5.2 
[-] Unloading samtools 1.9  ... 
[+] Loading samtools 1.9  ... 
[+] Loading bedtools  2.27.1 
[+] Loading deeptools  3.1.3 
[+] Loading fastqc  0.11.8 
[+] Loading qualimap  2.2.1  on cn3357 
[+] Loading gcc  7.3.0  ... 
[+] Loading GSL 2.4 for GCC 7.2.0 ... 
[-] Unloading gcc  7.3.0  ... 
[+] Loading gcc  7.3.0  ... 
[+] Loading openmpi 3.0.2  for GCC 7.3.0 
[+] Loading ImageMagick  7.0.8  on cn3357 
[+] Loading HDF5  1.10.4 
[+] Loading pandoc  2.1.1  on cn3357 
[+] Loading R 3.5.2 
[+] Loading ucsc 373 on cn3357 
[-] Unloading gcc  7.3.0  ... 
[-] Unloading GSL 2.4 for GCC 7.2.0 ... 
[-] Unloading openmpi 3.0.2  for GCC 7.3.0 
[-] Unloading ImageMagick  7.0.8  on cn3357 
[-] Unloading HDF5  1.10.4 
[-] Unloading pandoc  2.1.1  on cn3357 
[-] Unloading R 3.5.2 
[+] Loading gcc  7.3.0  ... 
[+] Loading GSL 2.4 for GCC 7.2.0 ... 
[-] Unloading gcc  7.3.0  ... 
[+] Loading gcc  7.3.0  ... 
[+] Loading openmpi 3.0.2  for GCC 7.3.0 
[+] Loading ImageMagick  7.0.8  on cn3357 
[+] Loading HDF5  1.10.4 
[+] Loading pandoc  2.1.1  on cn3357 
[+] Loading R 3.5.2 
[-] Unloading samtools 1.9  ... 
[+] Loading samtools 1.9  ... 
[+] Loading bedtools  2.27.1 
[+] Loading deeptools  3.1.3 
[+] Loading fastqc  0.11.8 
[+] Loading qualimap  2.2.1  on cn3357 
[+] Loading gcc  7.3.0  ... 
[+] Loading GSL 2.4 for GCC 7.2.0 ... 
[-] Unloading gcc  7.3.0  ... 
[+] Loading gcc  7.3.0  ... 
[+] Loading openmpi 3.0.2  for GCC 7.3.0 
[+] Loading ImageMagick  7.0.8  on cn3357 
[+] Loading HDF5  1.10.4 
[+] Loading pandoc  2.1.1  on cn3357 
[+] Loading R 3.5.2 
[+] Loading ucsc 373 on cn3357 
[-] Unloading gcc  7.3.0  ... 
[-] Unloading GSL 2.4 for GCC 7.2.0 ... 
[-] Unloading openmpi 3.0.2  for GCC 7.3.0 
[-] Unloading ImageMagick  7.0.8  on cn3357 
[-] Unloading HDF5  1.10.4 
[-] Unloading pandoc  2.1.1  on cn3357 
[-] Unloading R 3.5.2 
[+] Loading gcc  7.3.0  ... 
[+] Loading GSL 2.4 for GCC 7.2.0 ... 
[-] Unloading gcc  7.3.0  ... 
[+] Loading gcc  7.3.0  ... 
[+] Loading openmpi 3.0.2  for GCC 7.3.0 
[+] Loading ImageMagick  7.0.8  on cn3357 
[+] Loading HDF5  1.10.4 
[+] Loading pandoc  2.1.1  on cn3357 
[+] Loading R 3.5.2 
[-] Unloading samtools 1.9  ... 
[+] Loading samtools 1.9  ... 
[+] Loading bedtools  2.27.1 
[+] Loading deeptools  3.1.3 
[+] Loading fastqc  0.11.8 
[+] Loading qualimap  2.2.1  on cn3357 
[+] Loading gcc  7.3.0  ... 
[+] Loading GSL 2.4 for GCC 7.2.0 ... 
[-] Unloading gcc  7.3.0  ... 
[+] Loading gcc  7.3.0  ... 
[+] Loading openmpi 3.0.2  for GCC 7.3.0 
[+] Loading ImageMagick  7.0.8  on cn3357 
[+] Loading HDF5  1.10.4 
[+] Loading pandoc  2.1.1  on cn3357 
[+] Loading R 3.5.2 
[+] Loading ucsc 373 on cn3357 
[-] Unloading gcc  7.3.0  ... 
[-] Unloading GSL 2.4 for GCC 7.2.0 ... 
[-] Unloading openmpi 3.0.2  for GCC 7.3.0 
[-] Unloading ImageMagick  7.0.8  on cn3357 
[-] Unloading HDF5  1.10.4 
[-] Unloading pandoc  2.1.1  on cn3357 
[-] Unloading R 3.5.2 
[+] Loading gcc  7.3.0  ... 
[+] Loading GSL 2.4 for GCC 7.2.0 ... 
[-] Unloading gcc  7.3.0  ... 
[+] Loading gcc  7.3.0  ... 
[+] Loading openmpi 3.0.2  for GCC 7.3.0 
[+] Loading ImageMagick  7.0.8  on cn3357 
[+] Loading HDF5  1.10.4 
[+] Loading pandoc  2.1.1  on cn3357 
[+] Loading R 3.5.2 
[Tue May 28 13:37:37 2019]
Finished job 0.
1 of 1 steps (100%) done
