Building DAG of jobs...
Using shell: /usr/bin/bash
Provided cores: 30
Rules claiming more threads will be scaled down.
Unlimited resources: mem_mb
Job counts:
	count	jobs
	1	Signal_Enrichment
	1

[Tue May 28 11:30:39 2019]
Job 0: Signal_Enrichment: Ccl20-_UT

[-] Unloading samtools 1.9  ... 
[+] Loading samtools 1.9  ... 
[+] Loading bedtools  2.27.1 
[+] Loading deeptools  3.1.3 
[+] Loading fastqc  0.11.8 
[+] Loading qualimap  2.2.1  on cn2143 
[+] Loading gcc  7.3.0  ... 
[+] Loading GSL 2.4 for GCC 7.2.0 ... 
[-] Unloading gcc  7.3.0  ... 
[+] Loading gcc  7.3.0  ... 
[+] Loading openmpi 3.0.2  for GCC 7.3.0 
[+] Loading ImageMagick  7.0.8  on cn2143 
[+] Loading HDF5  1.10.4 
[+] Loading pandoc  2.1.1  on cn2143 
[+] Loading R 3.5.2 
[+] Loading ucsc 373 on cn2143 
[-] Unloading gcc  7.3.0  ... 
[-] Unloading GSL 2.4 for GCC 7.2.0 ... 
[-] Unloading openmpi 3.0.2  for GCC 7.3.0 
[-] Unloading ImageMagick  7.0.8  on cn2143 
[-] Unloading HDF5  1.10.4 
[-] Unloading pandoc  2.1.1  on cn2143 
[-] Unloading R 3.5.2 
[+] Loading gcc  7.3.0  ... 
[+] Loading GSL 2.4 for GCC 7.2.0 ... 
[-] Unloading gcc  7.3.0  ... 
[+] Loading gcc  7.3.0  ... 
[+] Loading openmpi 3.0.2  for GCC 7.3.0 
[+] Loading ImageMagick  7.0.8  on cn2143 
[+] Loading HDF5  1.10.4 
[+] Loading pandoc  2.1.1  on cn2143 
[+] Loading R 3.5.2 
usage: An example usage is:
  computeMatrix reference-point -S <biwig file(s)> -R <bed file> -a 3000 -b 3000
computeMatrix reference-point: error: argument --outFileName/-out/-o: /data/shamsaddinisha/jfarber-20160119-P1/spsingh-20190308-E1/spsingh-20190521-D1/mm10/Ccl20+_T/peak_analysis/narrowpeak/Ccl20+_TAB3825-L1.narrowPeak.signal_enrichment.matrix.npz file can't be opened for writing
[Tue May 28 11:30:47 2019]
Error in rule Signal_Enrichment:
    jobid: 0
    output: /data/shamsaddinisha/jfarber-20160119-P1/spsingh-20190308-E1/spsingh-20190521-D1/mm10/Ccl20-_UT/peak_analysis/narrowpeak/Ccl20-_UT.narrowPeak.signal_enrichment.flag

RuleException:
CalledProcessError in line 288 of /gpfs/gsfs6/users/shamsaddinisha/ATAC_Seq/Snakemake/peak_analysis.py:
Command 'set -euo pipefail;  #
				module load samtools/1.9 || exit 1
				module load bedtools/2.27.1 || exit 1
				module load deeptools/3.1.3 || exit 1
				module load fastqc/0.11.8 || exit 1
				module load qualimap/2.2.1 || exit 1
				module load ucsc/373 || exit 1
				module load R/3.5 || exit 1
				#
				OUT_PATH=/data/shamsaddinisha/jfarber-20160119-P1/spsingh-20190308-E1/spsingh-20190521-D1/mm10/Ccl20-_UT/peak_analysis/narrowpeak
				mkdir -p $OUT_PATH
				gunzip < /data/shamsaddinisha/jfarber-20160119-P1/spsingh-20190308-E1/spsingh-20190521-D1/mm10/Ccl20-_UT/peak_calling/narrowpeak/AB3825-L1.narrowPeak.gz > $OUT_PATH/narrowpeak.bed
				echo "computeMatrix reference-point --referencePoint TSS -S /data/shamsaddinisha/jfarber-20160119-P1/spsingh-20190308-E1/spsingh-20190521-D1/mm10/Ccl20-_UT/peak_calling/narrowpeak/AB3825-L1.narrowPeak.bigwig -R $OUT_PATH/narrowpeak.bed --outFileName /data/shamsaddinisha/jfarber-20160119-P1/spsingh-20190308-E1/spsingh-20190521-D1/mm10/Ccl20+_T/peak_analysis/narrowpeak/Ccl20+_TAB3825-L1.narrowPeak.signal_enrichment.matrix.npz --numberOfProcessors 30 -a 1500 -b 1500 -bs 10"
				computeMatrix reference-point --referencePoint TSS -S /data/shamsaddinisha/jfarber-20160119-P1/spsingh-20190308-E1/spsingh-20190521-D1/mm10/Ccl20-_UT/peak_calling/narrowpeak/AB3825-L1.narrowPeak.bigwig -R $OUT_PATH/narrowpeak.bed --outFileName /data/shamsaddinisha/jfarber-20160119-P1/spsingh-20190308-E1/spsingh-20190521-D1/mm10/Ccl20+_T/peak_analysis/narrowpeak/Ccl20+_TAB3825-L1.narrowPeak.signal_enrichment.matrix.npz --numberOfProcessors 30 -a 1500 -b 1500 -bs 10
				plotHeatmap -m /data/shamsaddinisha/jfarber-20160119-P1/spsingh-20190308-E1/spsingh-20190521-D1/mm10/Ccl20+_T/peak_analysis/narrowpeak/Ccl20+_TAB3825-L1.narrowPeak.signal_enrichment.matrix.npz -out /data/shamsaddinisha/jfarber-20160119-P1/spsingh-20190308-E1/spsingh-20190521-D1/mm10/Ccl20+_T/peak_analysis/narrowpeak/Ccl20+_TAB3825-L1.narrowPeak.signal_enrichment_reference.heatmap.pdf --sortUsing max --plotFileFormat pdf
				computeMatrix scale-regions -S /data/shamsaddinisha/jfarber-20160119-P1/spsingh-20190308-E1/spsingh-20190521-D1/mm10/Ccl20-_UT/peak_calling/narrowpeak/AB3825-L1.narrowPeak.bigwig -R $OUT_PATH/narrowpeak.bed --outFileName /data/shamsaddinisha/jfarber-20160119-P1/spsingh-20190308-E1/spsingh-20190521-D1/mm10/Ccl20+_T/peak_analysis/narrowpeak/Ccl20+_TAB3825-L1.narrowPeak.signal_enrichment.matrix.npz --numberOfProcessors 30 -a 1500 -b 1500 -bs 10
				plotHeatmap -m /data/shamsaddinisha/jfarber-20160119-P1/spsingh-20190308-E1/spsingh-20190521-D1/mm10/Ccl20+_T/peak_analysis/narrowpeak/Ccl20+_TAB3825-L1.narrowPeak.signal_enrichment.matrix.npz -out /data/shamsaddinisha/jfarber-20160119-P1/spsingh-20190308-E1/spsingh-20190521-D1/mm10/Ccl20+_T/peak_analysis/narrowpeak/Ccl20+_TAB3825-L1.narrowPeak.signal_enrichment_region.heatmap.pdf --sortUsing max --plotFileFormat pdf' returned non-zero exit status 2.
  File "/gpfs/gsfs6/users/shamsaddinisha/ATAC_Seq/Snakemake/peak_analysis.py", line 288, in __rule_Signal_Enrichment
  File "/usr/local/Anaconda/envs_app/snakemake/5.4.4/lib/python3.6/concurrent/futures/thread.py", line 56, in run
Shutting down, this might take some time.
Exiting because a job execution failed. Look above for error message
