Building DAG of jobs...
Using shell: /usr/bin/bash
Provided cluster nodes: 30
Unlimited resources: mem_mb
Job counts:
	count	jobs
	16	Alignment_Paired
	1	End_Point
	4	Pooling_Case_Replicates
	21

[Wed May 22 13:50:55 2019]
Job 12: Alignment_Paired: Ccl20-_T|AB3834-L1

Submitted job 12 with external jobid '27137776'.

[Wed May 22 13:50:57 2019]
Job 13: Alignment_Paired: Ccl20+_T|AB3835-L1

Submitted job 13 with external jobid '27137777'.

[Wed May 22 13:50:58 2019]
Job 1: Alignment_Paired: Ccl20-_UT|AB3823-L1

Submitted job 1 with external jobid '27137778'.

[Wed May 22 13:50:59 2019]
Job 6: Alignment_Paired: Ccl20+_UT|AB3828-L1

Submitted job 6 with external jobid '27137779'.

[Wed May 22 13:51:01 2019]
Job 2: Alignment_Paired: Ccl20-_UT|AB3824-L1

Submitted job 2 with external jobid '27137780'.

[Wed May 22 13:51:02 2019]
Job 15: Alignment_Paired: Ccl20+_T|AB3837-L1

Submitted job 15 with external jobid '27137781'.

[Wed May 22 13:51:03 2019]
Job 4: Alignment_Paired: Ccl20-_UT|AB3826-L1

Submitted job 4 with external jobid '27137782'.

[Wed May 22 13:51:04 2019]
Job 10: Alignment_Paired: Ccl20-_T|AB3832-L1

Submitted job 10 with external jobid '27137783'.

[Wed May 22 13:51:05 2019]
Job 3: Alignment_Paired: Ccl20-_UT|AB3825-L1

Submitted job 3 with external jobid '27137784'.

[Wed May 22 13:51:07 2019]
Job 16: Alignment_Paired: Ccl20+_T|AB3838-L1

Submitted job 16 with external jobid '27137785'.

[Wed May 22 13:51:08 2019]
Job 8: Alignment_Paired: Ccl20+_UT|AB3830-L1

Submitted job 8 with external jobid '27137786'.

[Wed May 22 13:51:09 2019]
Job 9: Alignment_Paired: Ccl20-_T|AB3831-L1

Submitted job 9 with external jobid '27137787'.

[Wed May 22 13:51:10 2019]
Job 5: Alignment_Paired: Ccl20+_UT|AB3827-L1

Submitted job 5 with external jobid '27137788'.

[Wed May 22 13:51:11 2019]
Job 7: Alignment_Paired: Ccl20+_UT|AB3829-L1

Submitted job 7 with external jobid '27137790'.

[Wed May 22 13:51:13 2019]
Job 11: Alignment_Paired: Ccl20-_T|AB3833-L1

Submitted job 11 with external jobid '27137791'.

[Wed May 22 13:51:14 2019]
Job 14: Alignment_Paired: Ccl20+_T|AB3836-L1

Submitted job 14 with external jobid '27137792'.
[Wed May 22 16:50:45 2019]
Finished job 6.
1 of 21 steps (5%) done
[Wed May 22 16:56:26 2019]
Finished job 1.
2 of 21 steps (10%) done
[Wed May 22 16:59:22 2019]
Finished job 12.
3 of 21 steps (14%) done
[Wed May 22 17:14:36 2019]
Finished job 2.
4 of 21 steps (19%) done
[Wed May 22 17:24:20 2019]
Finished job 4.
5 of 21 steps (24%) done
[Wed May 22 17:33:19 2019]
Finished job 5.
6 of 21 steps (29%) done
[Wed May 22 17:37:11 2019]
Finished job 15.
7 of 21 steps (33%) done
[Wed May 22 17:38:12 2019]
Finished job 7.
8 of 21 steps (38%) done
[Wed May 22 17:41:42 2019]
Finished job 3.
9 of 21 steps (43%) done

[Wed May 22 17:41:42 2019]
Job 17: Pooling_Case_Replicates: Ccl20-_UT|AB3823-L1_POOLED_AB3824-L1_POOLED_AB3825-L1_POOLED_AB3826-L1

Submitted job 17 with external jobid '27172317'.
[Wed May 22 17:43:12 2019]
Finished job 9.
10 of 21 steps (48%) done
[Wed May 22 17:45:02 2019]
Finished job 13.
11 of 21 steps (52%) done
[Wed May 22 17:46:02 2019]
Finished job 16.
12 of 21 steps (57%) done
[Wed May 22 17:52:03 2019]
Finished job 14.
13 of 21 steps (62%) done

[Wed May 22 17:52:03 2019]
Job 20: Pooling_Case_Replicates: Ccl20+_T|AB3835-L1_POOLED_AB3836-L1_POOLED_AB3837-L1_POOLED_AB3838-L1

Submitted job 20 with external jobid '27173957'.
[Wed May 22 19:20:28 2019]
Finished job 8.
14 of 21 steps (67%) done

[Wed May 22 19:20:28 2019]
Job 18: Pooling_Case_Replicates: Ccl20+_UT|AB3827-L1_POOLED_AB3828-L1_POOLED_AB3829-L1_POOLED_AB3830-L1

Submitted job 18 with external jobid '27186564'.
[Wed May 22 19:45:00 2019]
Finished job 11.
15 of 21 steps (71%) done
[Wed May 22 20:05:21 2019]
Finished job 10.
16 of 21 steps (76%) done

[Wed May 22 20:05:21 2019]
Job 19: Pooling_Case_Replicates: Ccl20-_T|AB3831-L1_POOLED_AB3832-L1_POOLED_AB3833-L1_POOLED_AB3834-L1

Submitted job 19 with external jobid '27191505'.
[Thu May 23 02:59:50 2019]
Finished job 17.
17 of 21 steps (81%) done
[Thu May 23 03:33:02 2019]
Finished job 20.
18 of 21 steps (86%) done
[Thu May 23 05:50:30 2019]
Finished job 18.
19 of 21 steps (90%) done
