Building DAG of jobs...
Using shell: /usr/bin/bash
Provided cluster nodes: 30
Unlimited resources: mem_mb
Job counts:
	count	jobs
	1	End_Point
	4	Pre_Process_Paired
	5

[Mon Jun  3 11:11:54 2019]
Job 1: Pre_Process_Paired: Encode|ctl1

Submitted job 1 with external jobid '27934278'.

[Mon Jun  3 11:11:55 2019]
Job 4: Pre_Process_Paired: Encode|rep1

Submitted job 4 with external jobid '27934280'.

[Mon Jun  3 11:11:56 2019]
Job 3: Pre_Process_Paired: Encode|rep2

Submitted job 3 with external jobid '27934283'.

[Mon Jun  3 11:11:57 2019]
Job 2: Pre_Process_Paired: Encode|ctl2

Submitted job 2 with external jobid '27934285'.
[Mon Jun  3 11:21:24 2019]
Finished job 1.
1 of 5 steps (20%) done
[Mon Jun  3 11:21:24 2019]
Finished job 4.
2 of 5 steps (40%) done
[Mon Jun  3 11:21:24 2019]
Finished job 2.
3 of 5 steps (60%) done
[Mon Jun  3 11:21:34 2019]
Finished job 3.
4 of 5 steps (80%) done

[Mon Jun  3 11:21:34 2019]
localrule End_Point:
    input: /data/shamsaddinisha/Test_DATA/human_Chip/Encode_Chip/Trial_Project/Trial_Experiment/ENCODE/hg38/Encode/pre_process/ctl1.R1.processed.fastq, /data/shamsaddinisha/Test_DATA/human_Chip/Encode_Chip/Trial_Project/Trial_Experiment/ENCODE/hg38/Encode/pre_process/ctl2.R1.processed.fastq, /data/shamsaddinisha/Test_DATA/human_Chip/Encode_Chip/Trial_Project/Trial_Experiment/ENCODE/hg38/Encode/pre_process/rep2.R1.processed.fastq, /data/shamsaddinisha/Test_DATA/human_Chip/Encode_Chip/Trial_Project/Trial_Experiment/ENCODE/hg38/Encode/pre_process/rep1.R1.processed.fastq
    jobid: 0

[Mon Jun  3 11:21:34 2019]
Finished job 0.
5 of 5 steps (100%) done
Complete log: /gpfs/gsfs6/users/shamsaddinisha/ATAC_Seq/Snakemake/.snakemake/log/2019-06-03T111153.793935.snakemake.log
