Building DAG of jobs...
Using shell: /usr/bin/bash
Provided cluster nodes: 8
Unlimited resources: mem_mb
Job counts:
	count	jobs
	1	End_Point
	16	Pre_Process_Paired
	17

[Tue May 14 13:54:17 2019]
Job 7: Pre_Process_Paired: Ccl20+_UT3|AB3829-L1

Submitted job 7 with external jobid '26576975'.

[Tue May 14 13:54:18 2019]
Job 14: Pre_Process_Paired: Ccl20+_T2|AB3836-L1

Submitted job 14 with external jobid '26576976'.

[Tue May 14 13:54:19 2019]
Job 15: Pre_Process_Paired: Ccl20+_T3|AB3837-L1

Submitted job 15 with external jobid '26576977'.

[Tue May 14 13:54:21 2019]
Job 10: Pre_Process_Paired: Ccl20-_T2|AB3832-L1

Submitted job 10 with external jobid '26576980'.

[Tue May 14 13:54:22 2019]
Job 13: Pre_Process_Paired: Ccl20+_T1|AB3835-L1

Submitted job 13 with external jobid '26576982'.

[Tue May 14 13:54:23 2019]
Job 8: Pre_Process_Paired: Ccl20+_UT4|AB3830-L1

Submitted job 8 with external jobid '26577070'.

[Tue May 14 13:54:24 2019]
Job 11: Pre_Process_Paired: Ccl20-_T3|AB3833-L1

Submitted job 11 with external jobid '26577072'.

[Tue May 14 13:54:26 2019]
Job 16: Pre_Process_Paired: Ccl20+_T4|AB3838-L1

Submitted job 16 with external jobid '26577073'.
[Tue May 14 14:16:48 2019]
Finished job 7.
1 of 17 steps (6%) done

[Tue May 14 14:16:48 2019]
Job 5: Pre_Process_Paired: Ccl20+_UT1|AB3827-L1

Submitted job 5 with external jobid '26580924'.
[Tue May 14 14:17:08 2019]
Finished job 13.
2 of 17 steps (12%) done

[Tue May 14 14:17:08 2019]
Job 9: Pre_Process_Paired: Ccl20-_T1|AB3831-L1

Submitted job 9 with external jobid '26581159'.
[Tue May 14 14:17:39 2019]
Finished job 16.
3 of 17 steps (18%) done

[Tue May 14 14:17:39 2019]
Job 3: Pre_Process_Paired: Ccl20-_UT3|AB3825-L1

Submitted job 3 with external jobid '26581165'.
[Tue May 14 14:18:29 2019]
Finished job 14.
4 of 17 steps (24%) done

[Tue May 14 14:18:29 2019]
Job 4: Pre_Process_Paired: Ccl20-_UT4|AB3826-L1

Submitted job 4 with external jobid '26581435'.
[Tue May 14 14:18:49 2019]
Finished job 15.
5 of 17 steps (29%) done

[Tue May 14 14:18:49 2019]
Job 6: Pre_Process_Paired: Ccl20+_UT2|AB3828-L1

Submitted job 6 with external jobid '26581474'.
[Tue May 14 14:21:59 2019]
Finished job 11.
6 of 17 steps (35%) done

[Tue May 14 14:21:59 2019]
Job 12: Pre_Process_Paired: Ccl20-_T4|AB3834-L1

Submitted job 12 with external jobid '26581979'.
[Tue May 14 14:22:09 2019]
Finished job 8.
7 of 17 steps (41%) done

[Tue May 14 14:22:09 2019]
Job 2: Pre_Process_Paired: Ccl20-_UT2|AB3824-L1

Submitted job 2 with external jobid '26581981'.
[Tue May 14 14:23:09 2019]
Finished job 10.
8 of 17 steps (47%) done

[Tue May 14 14:23:09 2019]
Job 1: Pre_Process_Paired: Ccl20-_UT1|AB3823-L1

Submitted job 1 with external jobid '26581987'.
[Tue May 14 14:35:40 2019]
Finished job 1.
9 of 17 steps (53%) done
[Tue May 14 14:37:00 2019]
Finished job 6.
10 of 17 steps (59%) done
[Tue May 14 14:37:00 2019]
Finished job 12.
11 of 17 steps (65%) done
[Tue May 14 14:37:30 2019]
Finished job 2.
12 of 17 steps (71%) done
[Tue May 14 14:37:40 2019]
Finished job 3.
13 of 17 steps (76%) done
[Tue May 14 14:37:40 2019]
Finished job 4.
14 of 17 steps (82%) done
[Tue May 14 14:40:40 2019]
Finished job 5.
15 of 17 steps (88%) done
[Tue May 14 14:40:50 2019]
Finished job 9.
16 of 17 steps (94%) done

[Tue May 14 14:40:50 2019]
localrule End_Point:
    input: /data/shamsaddinisha/jfarber-20160119-P1/spsingh-20190308-E1/spsingh-20190513-D4/mm10/Ccl20-_UT1/pre_process/AB3823-L1.R1.processed.fastq, /data/shamsaddinisha/jfarber-20160119-P1/spsingh-20190308-E1/spsingh-20190513-D4/mm10/Ccl20-_UT2/pre_process/AB3824-L1.R1.processed.fastq, /data/shamsaddinisha/jfarber-20160119-P1/spsingh-20190308-E1/spsingh-20190513-D4/mm10/Ccl20-_UT3/pre_process/AB3825-L1.R1.processed.fastq, /data/shamsaddinisha/jfarber-20160119-P1/spsingh-20190308-E1/spsingh-20190513-D4/mm10/Ccl20-_UT4/pre_process/AB3826-L1.R1.processed.fastq, /data/shamsaddinisha/jfarber-20160119-P1/spsingh-20190308-E1/spsingh-20190513-D4/mm10/Ccl20+_UT1/pre_process/AB3827-L1.R1.processed.fastq, /data/shamsaddinisha/jfarber-20160119-P1/spsingh-20190308-E1/spsingh-20190513-D4/mm10/Ccl20+_UT2/pre_process/AB3828-L1.R1.processed.fastq, /data/shamsaddinisha/jfarber-20160119-P1/spsingh-20190308-E1/spsingh-20190513-D4/mm10/Ccl20+_UT3/pre_process/AB3829-L1.R1.processed.fastq, /data/shamsaddinisha/jfarber-20160119-P1/spsingh-20190308-E1/spsingh-20190513-D4/mm10/Ccl20+_UT4/pre_process/AB3830-L1.R1.processed.fastq, /data/shamsaddinisha/jfarber-20160119-P1/spsingh-20190308-E1/spsingh-20190513-D4/mm10/Ccl20-_T1/pre_process/AB3831-L1.R1.processed.fastq, /data/shamsaddinisha/jfarber-20160119-P1/spsingh-20190308-E1/spsingh-20190513-D4/mm10/Ccl20-_T2/pre_process/AB3832-L1.R1.processed.fastq, /data/shamsaddinisha/jfarber-20160119-P1/spsingh-20190308-E1/spsingh-20190513-D4/mm10/Ccl20-_T3/pre_process/AB3833-L1.R1.processed.fastq, /data/shamsaddinisha/jfarber-20160119-P1/spsingh-20190308-E1/spsingh-20190513-D4/mm10/Ccl20-_T4/pre_process/AB3834-L1.R1.processed.fastq, /data/shamsaddinisha/jfarber-20160119-P1/spsingh-20190308-E1/spsingh-20190513-D4/mm10/Ccl20+_T1/pre_process/AB3835-L1.R1.processed.fastq, /data/shamsaddinisha/jfarber-20160119-P1/spsingh-20190308-E1/spsingh-20190513-D4/mm10/Ccl20+_T2/pre_process/AB3836-L1.R1.processed.fastq, /data/shamsaddinisha/jfarber-20160119-P1/spsingh-20190308-E1/spsingh-20190513-D4/mm10/Ccl20+_T3/pre_process/AB3837-L1.R1.processed.fastq, /data/shamsaddinisha/jfarber-20160119-P1/spsingh-20190308-E1/spsingh-20190513-D4/mm10/Ccl20+_T4/pre_process/AB3838-L1.R1.processed.fastq
    jobid: 0

[Tue May 14 14:40:50 2019]
Finished job 0.
17 of 17 steps (100%) done
Complete log: /gpfs/gsfs6/users/shamsaddinisha/ATAC_Seq/Snakemake/.snakemake/log/2019-05-14T135416.935712.snakemake.log
