Building DAG of jobs...
Using shell: /usr/bin/bash
Provided cluster nodes: 30
Unlimited resources: mem_mb
Job counts:
	count	jobs
	1	End_Point
	20	Post_Alignment
	21

[Fri May 24 06:23:43 2019]
Job 9: Post_Alignment: Ccl20-_T|AB3831-L1

Submitted job 9 with external jobid '27330485'.

[Fri May 24 06:23:44 2019]
Job 3: Post_Alignment: Ccl20-_UT|AB3825-L1

Submitted job 3 with external jobid '27330486'.

[Fri May 24 06:23:47 2019]
Job 10: Post_Alignment: Ccl20-_T|AB3832-L1

Submitted job 10 with external jobid '27330487'.

[Fri May 24 06:23:50 2019]
Job 7: Post_Alignment: Ccl20+_UT|AB3829-L1

Submitted job 7 with external jobid '27330488'.

[Fri May 24 06:23:53 2019]
Job 1: Post_Alignment: Ccl20-_UT|AB3823-L1

Submitted job 1 with external jobid '27330489'.

[Fri May 24 06:23:55 2019]
Job 2: Post_Alignment: Ccl20-_UT|AB3824-L1

Submitted job 2 with external jobid '27330491'.

[Fri May 24 06:23:58 2019]
Job 12: Post_Alignment: Ccl20-_T|AB3834-L1

Submitted job 12 with external jobid '27330492'.

[Fri May 24 06:24:00 2019]
Job 15: Post_Alignment: Ccl20+_T|AB3837-L1

Submitted job 15 with external jobid '27330493'.

[Fri May 24 06:24:03 2019]
Job 5: Post_Alignment: Ccl20+_UT|AB3827-L1

Submitted job 5 with external jobid '27330494'.

[Fri May 24 06:24:06 2019]
Job 16: Post_Alignment: Ccl20+_T|AB3838-L1

Submitted job 16 with external jobid '27330495'.

[Fri May 24 06:24:08 2019]
Job 4: Post_Alignment: Ccl20-_UT|AB3826-L1

Submitted job 4 with external jobid '27330498'.

[Fri May 24 06:24:11 2019]
Job 18: Post_Alignment: Ccl20+_UT|AB3827-L1_POOLED_AB3828-L1_POOLED_AB3829-L1_POOLED_AB3830-L1

Submitted job 18 with external jobid '27330499'.

[Fri May 24 06:24:13 2019]
Job 17: Post_Alignment: Ccl20-_UT|AB3823-L1_POOLED_AB3824-L1_POOLED_AB3825-L1_POOLED_AB3826-L1

Submitted job 17 with external jobid '27330500'.

[Fri May 24 06:24:17 2019]
Job 20: Post_Alignment: Ccl20+_T|AB3835-L1_POOLED_AB3836-L1_POOLED_AB3837-L1_POOLED_AB3838-L1

Submitted job 20 with external jobid '27330501'.

[Fri May 24 06:24:19 2019]
Job 6: Post_Alignment: Ccl20+_UT|AB3828-L1

Submitted job 6 with external jobid '27330502'.

[Fri May 24 06:24:22 2019]
Job 11: Post_Alignment: Ccl20-_T|AB3833-L1

Submitted job 11 with external jobid '27330503'.

[Fri May 24 06:24:24 2019]
Job 14: Post_Alignment: Ccl20+_T|AB3836-L1

Submitted job 14 with external jobid '27330504'.

[Fri May 24 06:24:28 2019]
Job 19: Post_Alignment: Ccl20-_T|AB3831-L1_POOLED_AB3832-L1_POOLED_AB3833-L1_POOLED_AB3834-L1

Submitted job 19 with external jobid '27330505'.

[Fri May 24 06:24:30 2019]
Job 8: Post_Alignment: Ccl20+_UT|AB3830-L1

Submitted job 8 with external jobid '27330506'.

[Fri May 24 06:24:33 2019]
Job 13: Post_Alignment: Ccl20+_T|AB3835-L1

Submitted job 13 with external jobid '27330507'.
[Fri May 24 06:40:35 2019]
Error in rule Post_Alignment:
    jobid: 1
    output: /data/shamsaddinisha/jfarber-20160119-P1/spsingh-20190308-E1/spsingh-20190521-D1/mm10/Ccl20-_UT/post_alignment/AB3823-L1.processed.bam, /data/shamsaddinisha/jfarber-20160119-P1/spsingh-20190308-E1/spsingh-20190521-D1/mm10/Ccl20-_UT/post_alignment/AB3823-L1.processed.bam.bai, /data/shamsaddinisha/jfarber-20160119-P1/spsingh-20190308-E1/spsingh-20190521-D1/mm10/Ccl20-_UT/post_alignment/AB3823-L1.processed.bed.gz, /data/shamsaddinisha/jfarber-20160119-P1/spsingh-20190308-E1/spsingh-20190521-D1/mm10/Ccl20-_UT/post_alignment/AB3823-L1.processed.bed.gz.tbi, /data/shamsaddinisha/jfarber-20160119-P1/spsingh-20190308-E1/spsingh-20190521-D1/mm10/Ccl20-_UT/post_alignment/AB3823-L1.processed.bb, /data/shamsaddinisha/jfarber-20160119-P1/spsingh-20190308-E1/spsingh-20190521-D1/mm10/Ccl20-_UT/post_alignment/AB3823-L1.processed.bigwig
    cluster_jobid: 27330489

Job failed, going on with independent jobs.
[Fri May 24 06:42:59 2019]
Error in rule Post_Alignment:
    jobid: 12
    output: /data/shamsaddinisha/jfarber-20160119-P1/spsingh-20190308-E1/spsingh-20190521-D1/mm10/Ccl20-_T/post_alignment/AB3834-L1.processed.bam, /data/shamsaddinisha/jfarber-20160119-P1/spsingh-20190308-E1/spsingh-20190521-D1/mm10/Ccl20-_T/post_alignment/AB3834-L1.processed.bam.bai, /data/shamsaddinisha/jfarber-20160119-P1/spsingh-20190308-E1/spsingh-20190521-D1/mm10/Ccl20-_T/post_alignment/AB3834-L1.processed.bed.gz, /data/shamsaddinisha/jfarber-20160119-P1/spsingh-20190308-E1/spsingh-20190521-D1/mm10/Ccl20-_T/post_alignment/AB3834-L1.processed.bed.gz.tbi, /data/shamsaddinisha/jfarber-20160119-P1/spsingh-20190308-E1/spsingh-20190521-D1/mm10/Ccl20-_T/post_alignment/AB3834-L1.processed.bb, /data/shamsaddinisha/jfarber-20160119-P1/spsingh-20190308-E1/spsingh-20190521-D1/mm10/Ccl20-_T/post_alignment/AB3834-L1.processed.bigwig
    cluster_jobid: 27330492

Job failed, going on with independent jobs.
[Fri May 24 06:44:16 2019]
Error in rule Post_Alignment:
    jobid: 2
    output: /data/shamsaddinisha/jfarber-20160119-P1/spsingh-20190308-E1/spsingh-20190521-D1/mm10/Ccl20-_UT/post_alignment/AB3824-L1.processed.bam, /data/shamsaddinisha/jfarber-20160119-P1/spsingh-20190308-E1/spsingh-20190521-D1/mm10/Ccl20-_UT/post_alignment/AB3824-L1.processed.bam.bai, /data/shamsaddinisha/jfarber-20160119-P1/spsingh-20190308-E1/spsingh-20190521-D1/mm10/Ccl20-_UT/post_alignment/AB3824-L1.processed.bed.gz, /data/shamsaddinisha/jfarber-20160119-P1/spsingh-20190308-E1/spsingh-20190521-D1/mm10/Ccl20-_UT/post_alignment/AB3824-L1.processed.bed.gz.tbi, /data/shamsaddinisha/jfarber-20160119-P1/spsingh-20190308-E1/spsingh-20190521-D1/mm10/Ccl20-_UT/post_alignment/AB3824-L1.processed.bb, /data/shamsaddinisha/jfarber-20160119-P1/spsingh-20190308-E1/spsingh-20190521-D1/mm10/Ccl20-_UT/post_alignment/AB3824-L1.processed.bigwig
    cluster_jobid: 27330491

Job failed, going on with independent jobs.
[Fri May 24 06:47:02 2019]
Error in rule Post_Alignment:
    jobid: 6
    output: /data/shamsaddinisha/jfarber-20160119-P1/spsingh-20190308-E1/spsingh-20190521-D1/mm10/Ccl20+_UT/post_alignment/AB3828-L1.processed.bam, /data/shamsaddinisha/jfarber-20160119-P1/spsingh-20190308-E1/spsingh-20190521-D1/mm10/Ccl20+_UT/post_alignment/AB3828-L1.processed.bam.bai, /data/shamsaddinisha/jfarber-20160119-P1/spsingh-20190308-E1/spsingh-20190521-D1/mm10/Ccl20+_UT/post_alignment/AB3828-L1.processed.bed.gz, /data/shamsaddinisha/jfarber-20160119-P1/spsingh-20190308-E1/spsingh-20190521-D1/mm10/Ccl20+_UT/post_alignment/AB3828-L1.processed.bed.gz.tbi, /data/shamsaddinisha/jfarber-20160119-P1/spsingh-20190308-E1/spsingh-20190521-D1/mm10/Ccl20+_UT/post_alignment/AB3828-L1.processed.bb, /data/shamsaddinisha/jfarber-20160119-P1/spsingh-20190308-E1/spsingh-20190521-D1/mm10/Ccl20+_UT/post_alignment/AB3828-L1.processed.bigwig
    cluster_jobid: 27330502

Job failed, going on with independent jobs.
[Fri May 24 06:48:07 2019]
Error in rule Post_Alignment:
    jobid: 15
    output: /data/shamsaddinisha/jfarber-20160119-P1/spsingh-20190308-E1/spsingh-20190521-D1/mm10/Ccl20+_T/post_alignment/AB3837-L1.processed.bam, /data/shamsaddinisha/jfarber-20160119-P1/spsingh-20190308-E1/spsingh-20190521-D1/mm10/Ccl20+_T/post_alignment/AB3837-L1.processed.bam.bai, /data/shamsaddinisha/jfarber-20160119-P1/spsingh-20190308-E1/spsingh-20190521-D1/mm10/Ccl20+_T/post_alignment/AB3837-L1.processed.bed.gz, /data/shamsaddinisha/jfarber-20160119-P1/spsingh-20190308-E1/spsingh-20190521-D1/mm10/Ccl20+_T/post_alignment/AB3837-L1.processed.bed.gz.tbi, /data/shamsaddinisha/jfarber-20160119-P1/spsingh-20190308-E1/spsingh-20190521-D1/mm10/Ccl20+_T/post_alignment/AB3837-L1.processed.bb, /data/shamsaddinisha/jfarber-20160119-P1/spsingh-20190308-E1/spsingh-20190521-D1/mm10/Ccl20+_T/post_alignment/AB3837-L1.processed.bigwig
    cluster_jobid: 27330493

Job failed, going on with independent jobs.
[Fri May 24 06:48:18 2019]
Error in rule Post_Alignment:
    jobid: 7
    output: /data/shamsaddinisha/jfarber-20160119-P1/spsingh-20190308-E1/spsingh-20190521-D1/mm10/Ccl20+_UT/post_alignment/AB3829-L1.processed.bam, /data/shamsaddinisha/jfarber-20160119-P1/spsingh-20190308-E1/spsingh-20190521-D1/mm10/Ccl20+_UT/post_alignment/AB3829-L1.processed.bam.bai, /data/shamsaddinisha/jfarber-20160119-P1/spsingh-20190308-E1/spsingh-20190521-D1/mm10/Ccl20+_UT/post_alignment/AB3829-L1.processed.bed.gz, /data/shamsaddinisha/jfarber-20160119-P1/spsingh-20190308-E1/spsingh-20190521-D1/mm10/Ccl20+_UT/post_alignment/AB3829-L1.processed.bed.gz.tbi, /data/shamsaddinisha/jfarber-20160119-P1/spsingh-20190308-E1/spsingh-20190521-D1/mm10/Ccl20+_UT/post_alignment/AB3829-L1.processed.bb, /data/shamsaddinisha/jfarber-20160119-P1/spsingh-20190308-E1/spsingh-20190521-D1/mm10/Ccl20+_UT/post_alignment/AB3829-L1.processed.bigwig
    cluster_jobid: 27330488

Job failed, going on with independent jobs.
[Fri May 24 06:49:02 2019]
Error in rule Post_Alignment:
    jobid: 3
    output: /data/shamsaddinisha/jfarber-20160119-P1/spsingh-20190308-E1/spsingh-20190521-D1/mm10/Ccl20-_UT/post_alignment/AB3825-L1.processed.bam, /data/shamsaddinisha/jfarber-20160119-P1/spsingh-20190308-E1/spsingh-20190521-D1/mm10/Ccl20-_UT/post_alignment/AB3825-L1.processed.bam.bai, /data/shamsaddinisha/jfarber-20160119-P1/spsingh-20190308-E1/spsingh-20190521-D1/mm10/Ccl20-_UT/post_alignment/AB3825-L1.processed.bed.gz, /data/shamsaddinisha/jfarber-20160119-P1/spsingh-20190308-E1/spsingh-20190521-D1/mm10/Ccl20-_UT/post_alignment/AB3825-L1.processed.bed.gz.tbi, /data/shamsaddinisha/jfarber-20160119-P1/spsingh-20190308-E1/spsingh-20190521-D1/mm10/Ccl20-_UT/post_alignment/AB3825-L1.processed.bb, /data/shamsaddinisha/jfarber-20160119-P1/spsingh-20190308-E1/spsingh-20190521-D1/mm10/Ccl20-_UT/post_alignment/AB3825-L1.processed.bigwig
    cluster_jobid: 27330486

Job failed, going on with independent jobs.
[Fri May 24 06:49:36 2019]
Error in rule Post_Alignment:
    jobid: 9
    output: /data/shamsaddinisha/jfarber-20160119-P1/spsingh-20190308-E1/spsingh-20190521-D1/mm10/Ccl20-_T/post_alignment/AB3831-L1.processed.bam, /data/shamsaddinisha/jfarber-20160119-P1/spsingh-20190308-E1/spsingh-20190521-D1/mm10/Ccl20-_T/post_alignment/AB3831-L1.processed.bam.bai, /data/shamsaddinisha/jfarber-20160119-P1/spsingh-20190308-E1/spsingh-20190521-D1/mm10/Ccl20-_T/post_alignment/AB3831-L1.processed.bed.gz, /data/shamsaddinisha/jfarber-20160119-P1/spsingh-20190308-E1/spsingh-20190521-D1/mm10/Ccl20-_T/post_alignment/AB3831-L1.processed.bed.gz.tbi, /data/shamsaddinisha/jfarber-20160119-P1/spsingh-20190308-E1/spsingh-20190521-D1/mm10/Ccl20-_T/post_alignment/AB3831-L1.processed.bb, /data/shamsaddinisha/jfarber-20160119-P1/spsingh-20190308-E1/spsingh-20190521-D1/mm10/Ccl20-_T/post_alignment/AB3831-L1.processed.bigwig
    cluster_jobid: 27330485

Job failed, going on with independent jobs.
[Fri May 24 06:49:36 2019]
Error in rule Post_Alignment:
    jobid: 4
    output: /data/shamsaddinisha/jfarber-20160119-P1/spsingh-20190308-E1/spsingh-20190521-D1/mm10/Ccl20-_UT/post_alignment/AB3826-L1.processed.bam, /data/shamsaddinisha/jfarber-20160119-P1/spsingh-20190308-E1/spsingh-20190521-D1/mm10/Ccl20-_UT/post_alignment/AB3826-L1.processed.bam.bai, /data/shamsaddinisha/jfarber-20160119-P1/spsingh-20190308-E1/spsingh-20190521-D1/mm10/Ccl20-_UT/post_alignment/AB3826-L1.processed.bed.gz, /data/shamsaddinisha/jfarber-20160119-P1/spsingh-20190308-E1/spsingh-20190521-D1/mm10/Ccl20-_UT/post_alignment/AB3826-L1.processed.bed.gz.tbi, /data/shamsaddinisha/jfarber-20160119-P1/spsingh-20190308-E1/spsingh-20190521-D1/mm10/Ccl20-_UT/post_alignment/AB3826-L1.processed.bb, /data/shamsaddinisha/jfarber-20160119-P1/spsingh-20190308-E1/spsingh-20190521-D1/mm10/Ccl20-_UT/post_alignment/AB3826-L1.processed.bigwig
    cluster_jobid: 27330498

Job failed, going on with independent jobs.
[Fri May 24 06:50:31 2019]
Error in rule Post_Alignment:
    jobid: 16
    output: /data/shamsaddinisha/jfarber-20160119-P1/spsingh-20190308-E1/spsingh-20190521-D1/mm10/Ccl20+_T/post_alignment/AB3838-L1.processed.bam, /data/shamsaddinisha/jfarber-20160119-P1/spsingh-20190308-E1/spsingh-20190521-D1/mm10/Ccl20+_T/post_alignment/AB3838-L1.processed.bam.bai, /data/shamsaddinisha/jfarber-20160119-P1/spsingh-20190308-E1/spsingh-20190521-D1/mm10/Ccl20+_T/post_alignment/AB3838-L1.processed.bed.gz, /data/shamsaddinisha/jfarber-20160119-P1/spsingh-20190308-E1/spsingh-20190521-D1/mm10/Ccl20+_T/post_alignment/AB3838-L1.processed.bed.gz.tbi, /data/shamsaddinisha/jfarber-20160119-P1/spsingh-20190308-E1/spsingh-20190521-D1/mm10/Ccl20+_T/post_alignment/AB3838-L1.processed.bb, /data/shamsaddinisha/jfarber-20160119-P1/spsingh-20190308-E1/spsingh-20190521-D1/mm10/Ccl20+_T/post_alignment/AB3838-L1.processed.bigwig
    cluster_jobid: 27330495

Job failed, going on with independent jobs.
