Building DAG of jobs...
Using shell: /usr/bin/bash
Provided cluster nodes: 30
Unlimited resources: mem_mb
Job counts:
	count	jobs
	1	End_Point
	20	Peak_Calling_Broad
	20	Peak_Calling_Narrow
	41

[Fri May 24 15:29:56 2019]
Job 8: Peak_Calling_Broad: Ccl20-_UT|AB3826-L1

Submitted job 8 with external jobid '27379103'.

[Fri May 24 15:29:57 2019]
Job 26: Peak_Calling_Broad: Ccl20+_T|AB3835-L1

Submitted job 26 with external jobid '27379106'.

[Fri May 24 15:29:59 2019]
Job 33: Peak_Calling_Narrow: Ccl20-_UT|AB3823-L1_POOLED_AB3824-L1_POOLED_AB3825-L1_POOLED_AB3826-L1

Submitted job 33 with external jobid '27379109'.

[Fri May 24 15:30:00 2019]
Job 20: Peak_Calling_Broad: Ccl20-_T|AB3832-L1

Submitted job 20 with external jobid '27379112'.

[Fri May 24 15:30:01 2019]
Job 10: Peak_Calling_Broad: Ccl20+_UT|AB3827-L1

Submitted job 10 with external jobid '27379115'.

[Fri May 24 15:30:02 2019]
Job 37: Peak_Calling_Narrow: Ccl20-_T|AB3831-L1_POOLED_AB3832-L1_POOLED_AB3833-L1_POOLED_AB3834-L1

Submitted job 37 with external jobid '27379119'.

[Fri May 24 15:30:04 2019]
Job 13: Peak_Calling_Narrow: Ccl20+_UT|AB3829-L1

Submitted job 13 with external jobid '27379122'.

[Fri May 24 15:30:05 2019]
Job 35: Peak_Calling_Narrow: Ccl20+_UT|AB3827-L1_POOLED_AB3828-L1_POOLED_AB3829-L1_POOLED_AB3830-L1

Submitted job 35 with external jobid '27379125'.

[Fri May 24 15:30:06 2019]
Job 28: Peak_Calling_Broad: Ccl20+_T|AB3836-L1

Submitted job 28 with external jobid '27379128'.

[Fri May 24 15:30:07 2019]
Job 5: Peak_Calling_Narrow: Ccl20-_UT|AB3825-L1

Submitted job 5 with external jobid '27379131'.

[Fri May 24 15:30:09 2019]
Job 16: Peak_Calling_Broad: Ccl20+_UT|AB3830-L1

Submitted job 16 with external jobid '27379135'.

[Fri May 24 15:30:10 2019]
Job 40: Peak_Calling_Broad: Ccl20+_T|AB3835-L1_POOLED_AB3836-L1_POOLED_AB3837-L1_POOLED_AB3838-L1

Submitted job 40 with external jobid '27379137'.

[Fri May 24 15:30:11 2019]
Job 18: Peak_Calling_Broad: Ccl20-_T|AB3831-L1

Submitted job 18 with external jobid '27379140'.

[Fri May 24 15:30:12 2019]
Job 32: Peak_Calling_Broad: Ccl20+_T|AB3838-L1

Submitted job 32 with external jobid '27379143'.

[Fri May 24 15:30:14 2019]
Job 21: Peak_Calling_Narrow: Ccl20-_T|AB3833-L1

Submitted job 21 with external jobid '27379147'.

[Fri May 24 15:30:15 2019]
Job 38: Peak_Calling_Broad: Ccl20-_T|AB3831-L1_POOLED_AB3832-L1_POOLED_AB3833-L1_POOLED_AB3834-L1

Submitted job 38 with external jobid '27379150'.

[Fri May 24 15:30:17 2019]
Job 9: Peak_Calling_Narrow: Ccl20+_UT|AB3827-L1

Submitted job 9 with external jobid '27379154'.

[Fri May 24 15:30:18 2019]
Job 27: Peak_Calling_Narrow: Ccl20+_T|AB3836-L1

Submitted job 27 with external jobid '27379159'.

[Fri May 24 15:30:19 2019]
Job 36: Peak_Calling_Broad: Ccl20+_UT|AB3827-L1_POOLED_AB3828-L1_POOLED_AB3829-L1_POOLED_AB3830-L1

Submitted job 36 with external jobid '27379163'.

[Fri May 24 15:30:20 2019]
Job 14: Peak_Calling_Broad: Ccl20+_UT|AB3829-L1

Submitted job 14 with external jobid '27379166'.

[Fri May 24 15:30:22 2019]
Job 34: Peak_Calling_Broad: Ccl20-_UT|AB3823-L1_POOLED_AB3824-L1_POOLED_AB3825-L1_POOLED_AB3826-L1

Submitted job 34 with external jobid '27379170'.

[Fri May 24 15:30:23 2019]
Job 7: Peak_Calling_Narrow: Ccl20-_UT|AB3826-L1

Submitted job 7 with external jobid '27379174'.

[Fri May 24 15:30:24 2019]
Job 25: Peak_Calling_Narrow: Ccl20+_T|AB3835-L1

Submitted job 25 with external jobid '27379177'.

[Fri May 24 15:30:25 2019]
Job 19: Peak_Calling_Narrow: Ccl20-_T|AB3832-L1

Submitted job 19 with external jobid '27379181'.

[Fri May 24 15:30:26 2019]
Job 31: Peak_Calling_Narrow: Ccl20+_T|AB3838-L1

Submitted job 31 with external jobid '27379185'.

[Fri May 24 15:30:28 2019]
Job 17: Peak_Calling_Narrow: Ccl20-_T|AB3831-L1

Submitted job 17 with external jobid '27379188'.

[Fri May 24 15:30:29 2019]
Job 22: Peak_Calling_Broad: Ccl20-_T|AB3833-L1

Submitted job 22 with external jobid '27379192'.

[Fri May 24 15:30:30 2019]
Job 15: Peak_Calling_Narrow: Ccl20+_UT|AB3830-L1

Submitted job 15 with external jobid '27379196'.

[Fri May 24 15:30:31 2019]
Job 6: Peak_Calling_Broad: Ccl20-_UT|AB3825-L1

Submitted job 6 with external jobid '27379200'.

[Fri May 24 15:30:32 2019]
Job 39: Peak_Calling_Narrow: Ccl20+_T|AB3835-L1_POOLED_AB3836-L1_POOLED_AB3837-L1_POOLED_AB3838-L1

Submitted job 39 with external jobid '27379203'.
[Fri May 24 19:02:33 2019]
Finished job 8.
1 of 41 steps (2%) done

[Fri May 24 19:02:33 2019]
Job 29: Peak_Calling_Narrow: Ccl20+_T|AB3837-L1

Submitted job 29 with external jobid '27405029'.
[Fri May 24 19:20:46 2019]
Finished job 26.
2 of 41 steps (5%) done

[Fri May 24 19:20:46 2019]
Job 30: Peak_Calling_Broad: Ccl20+_T|AB3837-L1

Submitted job 30 with external jobid '27405960'.
[Fri May 24 21:10:18 2019]
Finished job 10.
3 of 41 steps (7%) done

[Fri May 24 21:10:18 2019]
Job 4: Peak_Calling_Broad: Ccl20-_UT|AB3824-L1

Submitted job 4 with external jobid '27412912'.
[Fri May 24 21:16:48 2019]
Finished job 13.
4 of 41 steps (10%) done

[Fri May 24 21:16:48 2019]
Job 3: Peak_Calling_Narrow: Ccl20-_UT|AB3824-L1

Submitted job 3 with external jobid '27413509'.
[Fri May 24 21:51:18 2019]
Finished job 20.
5 of 41 steps (12%) done

[Fri May 24 21:51:18 2019]
Job 24: Peak_Calling_Broad: Ccl20-_T|AB3834-L1

Submitted job 24 with external jobid '27415030'.
[Fri May 24 21:54:20 2019]
Finished job 28.
6 of 41 steps (15%) done

[Fri May 24 21:54:20 2019]
Job 23: Peak_Calling_Narrow: Ccl20-_T|AB3834-L1

Submitted job 23 with external jobid '27415039'.
[Fri May 24 21:57:48 2019]
Finished job 5.
7 of 41 steps (17%) done

[Fri May 24 21:57:48 2019]
Job 1: Peak_Calling_Narrow: Ccl20-_UT|AB3823-L1

Submitted job 1 with external jobid '27415135'.
[Fri May 24 22:22:18 2019]
Finished job 16.
8 of 41 steps (20%) done

[Fri May 24 22:22:18 2019]
Job 2: Peak_Calling_Broad: Ccl20-_UT|AB3823-L1

Submitted job 2 with external jobid '27416086'.
[Fri May 24 22:40:07 2019]
Finished job 18.
9 of 41 steps (22%) done

[Fri May 24 22:40:07 2019]
Job 11: Peak_Calling_Narrow: Ccl20+_UT|AB3828-L1

Submitted job 11 with external jobid '27417482'.
[Fri May 24 22:47:02 2019]
Finished job 33.
10 of 41 steps (24%) done

[Fri May 24 22:47:02 2019]
Job 12: Peak_Calling_Broad: Ccl20+_UT|AB3828-L1

Submitted job 12 with external jobid '27417742'.
[Fri May 24 22:49:00 2019]
Finished job 32.
11 of 41 steps (27%) done
[Fri May 24 23:06:02 2019]
Finished job 27.
12 of 41 steps (29%) done
[Fri May 24 23:06:38 2019]
Finished job 9.
13 of 41 steps (32%) done
[Fri May 24 23:08:26 2019]
Finished job 14.
14 of 41 steps (34%) done
[Fri May 24 23:25:04 2019]
Finished job 21.
15 of 41 steps (37%) done
[Fri May 24 23:33:16 2019]
Finished job 7.
16 of 41 steps (39%) done
[Fri May 24 23:34:52 2019]
Finished job 25.
17 of 41 steps (41%) done
[Fri May 24 23:44:04 2019]
Finished job 35.
18 of 41 steps (44%) done
[Fri May 24 23:58:05 2019]
Finished job 31.
19 of 41 steps (46%) done
[Sat May 25 00:02:41 2019]
Finished job 1.
20 of 41 steps (49%) done
[Sat May 25 00:03:18 2019]
Finished job 17.
21 of 41 steps (51%) done
[Sat May 25 00:04:46 2019]
Finished job 23.
22 of 41 steps (54%) done
[Sat May 25 00:08:49 2019]
Finished job 24.
23 of 41 steps (56%) done
[Sat May 25 00:12:29 2019]
Finished job 29.
24 of 41 steps (59%) done
[Sat May 25 00:14:19 2019]
Finished job 2.
25 of 41 steps (61%) done
[Sat May 25 00:15:36 2019]
Finished job 6.
26 of 41 steps (63%) done
[Sat May 25 00:16:54 2019]
Finished job 11.
27 of 41 steps (66%) done
[Sat May 25 00:17:04 2019]
Finished job 15.
28 of 41 steps (68%) done
[Sat May 25 00:17:59 2019]
Finished job 3.
29 of 41 steps (71%) done
[Sat May 25 00:18:21 2019]
Finished job 4.
30 of 41 steps (73%) done
[Sat May 25 00:20:34 2019]
Finished job 30.
31 of 41 steps (76%) done
[Sat May 25 00:21:15 2019]
Finished job 12.
32 of 41 steps (78%) done
[Sat May 25 00:27:45 2019]
Finished job 37.
33 of 41 steps (80%) done
[Sat May 25 00:28:25 2019]
Finished job 19.
34 of 41 steps (83%) done
[Sat May 25 00:39:06 2019]
Finished job 22.
35 of 41 steps (85%) done
[Sat May 25 00:55:47 2019]
Finished job 40.
36 of 41 steps (88%) done
[Sat May 25 01:43:20 2019]
Finished job 36.
37 of 41 steps (90%) done
[Sat May 25 01:50:50 2019]
Finished job 34.
38 of 41 steps (93%) done
[Sat May 25 02:31:03 2019]
Finished job 39.
39 of 41 steps (95%) done
[Sat May 25 02:34:03 2019]
Finished job 38.
40 of 41 steps (98%) done

[Sat May 25 02:34:03 2019]
localrule End_Point:
    input: /data/shamsaddinisha/jfarber-20160119-P1/spsingh-20190308-E1/spsingh-20190521-D1/mm10/Ccl20-_UT/peak_calling/narrowpeak/AB3823-L1.narrowPeak.gz, /data/shamsaddinisha/jfarber-20160119-P1/spsingh-20190308-E1/spsingh-20190521-D1/mm10/Ccl20-_UT/peak_calling/broadpeak/AB3823-L1.broadPeak.gz, /data/shamsaddinisha/jfarber-20160119-P1/spsingh-20190308-E1/spsingh-20190521-D1/mm10/Ccl20-_UT/peak_calling/narrowpeak/AB3824-L1.narrowPeak.gz, /data/shamsaddinisha/jfarber-20160119-P1/spsingh-20190308-E1/spsingh-20190521-D1/mm10/Ccl20-_UT/peak_calling/broadpeak/AB3824-L1.broadPeak.gz, /data/shamsaddinisha/jfarber-20160119-P1/spsingh-20190308-E1/spsingh-20190521-D1/mm10/Ccl20-_UT/peak_calling/narrowpeak/AB3825-L1.narrowPeak.gz, /data/shamsaddinisha/jfarber-20160119-P1/spsingh-20190308-E1/spsingh-20190521-D1/mm10/Ccl20-_UT/peak_calling/broadpeak/AB3825-L1.broadPeak.gz, /data/shamsaddinisha/jfarber-20160119-P1/spsingh-20190308-E1/spsingh-20190521-D1/mm10/Ccl20-_UT/peak_calling/narrowpeak/AB3826-L1.narrowPeak.gz, /data/shamsaddinisha/jfarber-20160119-P1/spsingh-20190308-E1/spsingh-20190521-D1/mm10/Ccl20-_UT/peak_calling/broadpeak/AB3826-L1.broadPeak.gz, /data/shamsaddinisha/jfarber-20160119-P1/spsingh-20190308-E1/spsingh-20190521-D1/mm10/Ccl20+_UT/peak_calling/narrowpeak/AB3827-L1.narrowPeak.gz, /data/shamsaddinisha/jfarber-20160119-P1/spsingh-20190308-E1/spsingh-20190521-D1/mm10/Ccl20+_UT/peak_calling/broadpeak/AB3827-L1.broadPeak.gz, /data/shamsaddinisha/jfarber-20160119-P1/spsingh-20190308-E1/spsingh-20190521-D1/mm10/Ccl20+_UT/peak_calling/narrowpeak/AB3828-L1.narrowPeak.gz, /data/shamsaddinisha/jfarber-20160119-P1/spsingh-20190308-E1/spsingh-20190521-D1/mm10/Ccl20+_UT/peak_calling/broadpeak/AB3828-L1.broadPeak.gz, /data/shamsaddinisha/jfarber-20160119-P1/spsingh-20190308-E1/spsingh-20190521-D1/mm10/Ccl20+_UT/peak_calling/narrowpeak/AB3829-L1.narrowPeak.gz, /data/shamsaddinisha/jfarber-20160119-P1/spsingh-20190308-E1/spsingh-20190521-D1/mm10/Ccl20+_UT/peak_calling/broadpeak/AB3829-L1.broadPeak.gz, /data/shamsaddinisha/jfarber-20160119-P1/spsingh-20190308-E1/spsingh-20190521-D1/mm10/Ccl20+_UT/peak_calling/narrowpeak/AB3830-L1.narrowPeak.gz, /data/shamsaddinisha/jfarber-20160119-P1/spsingh-20190308-E1/spsingh-20190521-D1/mm10/Ccl20+_UT/peak_calling/broadpeak/AB3830-L1.broadPeak.gz, /data/shamsaddinisha/jfarber-20160119-P1/spsingh-20190308-E1/spsingh-20190521-D1/mm10/Ccl20-_T/peak_calling/narrowpeak/AB3831-L1.narrowPeak.gz, /data/shamsaddinisha/jfarber-20160119-P1/spsingh-20190308-E1/spsingh-20190521-D1/mm10/Ccl20-_T/peak_calling/broadpeak/AB3831-L1.broadPeak.gz, /data/shamsaddinisha/jfarber-20160119-P1/spsingh-20190308-E1/spsingh-20190521-D1/mm10/Ccl20-_T/peak_calling/narrowpeak/AB3832-L1.narrowPeak.gz, /data/shamsaddinisha/jfarber-20160119-P1/spsingh-20190308-E1/spsingh-20190521-D1/mm10/Ccl20-_T/peak_calling/broadpeak/AB3832-L1.broadPeak.gz, /data/shamsaddinisha/jfarber-20160119-P1/spsingh-20190308-E1/spsingh-20190521-D1/mm10/Ccl20-_T/peak_calling/narrowpeak/AB3833-L1.narrowPeak.gz, /data/shamsaddinisha/jfarber-20160119-P1/spsingh-20190308-E1/spsingh-20190521-D1/mm10/Ccl20-_T/peak_calling/broadpeak/AB3833-L1.broadPeak.gz, /data/shamsaddinisha/jfarber-20160119-P1/spsingh-20190308-E1/spsingh-20190521-D1/mm10/Ccl20-_T/peak_calling/narrowpeak/AB3834-L1.narrowPeak.gz, /data/shamsaddinisha/jfarber-20160119-P1/spsingh-20190308-E1/spsingh-20190521-D1/mm10/Ccl20-_T/peak_calling/broadpeak/AB3834-L1.broadPeak.gz, /data/shamsaddinisha/jfarber-20160119-P1/spsingh-20190308-E1/spsingh-20190521-D1/mm10/Ccl20+_T/peak_calling/narrowpeak/AB3835-L1.narrowPeak.gz, /data/shamsaddinisha/jfarber-20160119-P1/spsingh-20190308-E1/spsingh-20190521-D1/mm10/Ccl20+_T/peak_calling/broadpeak/AB3835-L1.broadPeak.gz, /data/shamsaddinisha/jfarber-20160119-P1/spsingh-20190308-E1/spsingh-20190521-D1/mm10/Ccl20+_T/peak_calling/narrowpeak/AB3836-L1.narrowPeak.gz, /data/shamsaddinisha/jfarber-20160119-P1/spsingh-20190308-E1/spsingh-20190521-D1/mm10/Ccl20+_T/peak_calling/broadpeak/AB3836-L1.broadPeak.gz, /data/shamsaddinisha/jfarber-20160119-P1/spsingh-20190308-E1/spsingh-20190521-D1/mm10/Ccl20+_T/peak_calling/narrowpeak/AB3837-L1.narrowPeak.gz, /data/shamsaddinisha/jfarber-20160119-P1/spsingh-20190308-E1/spsingh-20190521-D1/mm10/Ccl20+_T/peak_calling/broadpeak/AB3837-L1.broadPeak.gz, /data/shamsaddinisha/jfarber-20160119-P1/spsingh-20190308-E1/spsingh-20190521-D1/mm10/Ccl20+_T/peak_calling/narrowpeak/AB3838-L1.narrowPeak.gz, /data/shamsaddinisha/jfarber-20160119-P1/spsingh-20190308-E1/spsingh-20190521-D1/mm10/Ccl20+_T/peak_calling/broadpeak/AB3838-L1.broadPeak.gz, /data/shamsaddinisha/jfarber-20160119-P1/spsingh-20190308-E1/spsingh-20190521-D1/mm10/Ccl20-_UT/peak_calling/narrowpeak/AB3823-L1_POOLED_AB3824-L1_POOLED_AB3825-L1_POOLED_AB3826-L1.narrowPeak.gz, /data/shamsaddinisha/jfarber-20160119-P1/spsingh-20190308-E1/spsingh-20190521-D1/mm10/Ccl20-_UT/peak_calling/broadpeak/AB3823-L1_POOLED_AB3824-L1_POOLED_AB3825-L1_POOLED_AB3826-L1.broadPeak.gz, /data/shamsaddinisha/jfarber-20160119-P1/spsingh-20190308-E1/spsingh-20190521-D1/mm10/Ccl20+_UT/peak_calling/narrowpeak/AB3827-L1_POOLED_AB3828-L1_POOLED_AB3829-L1_POOLED_AB3830-L1.narrowPeak.gz, /data/shamsaddinisha/jfarber-20160119-P1/spsingh-20190308-E1/spsingh-20190521-D1/mm10/Ccl20+_UT/peak_calling/broadpeak/AB3827-L1_POOLED_AB3828-L1_POOLED_AB3829-L1_POOLED_AB3830-L1.broadPeak.gz, /data/shamsaddinisha/jfarber-20160119-P1/spsingh-20190308-E1/spsingh-20190521-D1/mm10/Ccl20-_T/peak_calling/narrowpeak/AB3831-L1_POOLED_AB3832-L1_POOLED_AB3833-L1_POOLED_AB3834-L1.narrowPeak.gz, /data/shamsaddinisha/jfarber-20160119-P1/spsingh-20190308-E1/spsingh-20190521-D1/mm10/Ccl20-_T/peak_calling/broadpeak/AB3831-L1_POOLED_AB3832-L1_POOLED_AB3833-L1_POOLED_AB3834-L1.broadPeak.gz, /data/shamsaddinisha/jfarber-20160119-P1/spsingh-20190308-E1/spsingh-20190521-D1/mm10/Ccl20+_T/peak_calling/narrowpeak/AB3835-L1_POOLED_AB3836-L1_POOLED_AB3837-L1_POOLED_AB3838-L1.narrowPeak.gz, /data/shamsaddinisha/jfarber-20160119-P1/spsingh-20190308-E1/spsingh-20190521-D1/mm10/Ccl20+_T/peak_calling/broadpeak/AB3835-L1_POOLED_AB3836-L1_POOLED_AB3837-L1_POOLED_AB3838-L1.broadPeak.gz
    jobid: 0

[Sat May 25 02:34:03 2019]
Finished job 0.
41 of 41 steps (100%) done
Complete log: /gpfs/gsfs6/users/shamsaddinisha/ATAC_Seq/Snakemake/.snakemake/log/2019-05-24T152955.307264.snakemake.log
