Building DAG of jobs...
Using shell: /usr/bin/bash
Provided cluster nodes: 30
Unlimited resources: mem_mb
Job counts:
	count	jobs
	4	BroadPeak_IDR
	4	BroadPeak_Overlap
	1	End_Point
	4	NarrowPeak_IDR
	4	NarrowPeak_Overlap
	17

[Tue Jun  4 03:35:16 2019]
Job 1: NarrowPeak_Overlap: Ccl20-_UT|AB3823-L1_OVERLAPPED_AB3824-L1_OVERLAPPED_AB3825-L1_OVERLAPPED_AB3826-L1

Submitted job 1 with external jobid '27992236'.

[Tue Jun  4 03:35:18 2019]
Job 2: BroadPeak_Overlap: Ccl20-_UT|AB3823-L1_OVERLAPPED_AB3824-L1_OVERLAPPED_AB3825-L1_OVERLAPPED_AB3826-L1

Submitted job 2 with external jobid '27992237'.

[Tue Jun  4 03:35:19 2019]
Job 12: BroadPeak_IDR: Ccl20-_T|AB3831-L1_IDR_AB3832-L1_IDR_AB3833-L1_IDR_AB3834-L1

Submitted job 12 with external jobid '27992238'.

[Tue Jun  4 03:35:20 2019]
Job 10: BroadPeak_Overlap: Ccl20-_T|AB3831-L1_OVERLAPPED_AB3832-L1_OVERLAPPED_AB3833-L1_OVERLAPPED_AB3834-L1

Submitted job 10 with external jobid '27992239'.

[Tue Jun  4 03:35:22 2019]
Job 9: NarrowPeak_Overlap: Ccl20-_T|AB3831-L1_OVERLAPPED_AB3832-L1_OVERLAPPED_AB3833-L1_OVERLAPPED_AB3834-L1

Submitted job 9 with external jobid '27992240'.

[Tue Jun  4 03:35:23 2019]
Job 14: BroadPeak_Overlap: Ccl20+_T|AB3835-L1_OVERLAPPED_AB3836-L1_OVERLAPPED_AB3837-L1_OVERLAPPED_AB3838-L1

Submitted job 14 with external jobid '27992241'.

[Tue Jun  4 03:35:24 2019]
Job 13: NarrowPeak_Overlap: Ccl20+_T|AB3835-L1_OVERLAPPED_AB3836-L1_OVERLAPPED_AB3837-L1_OVERLAPPED_AB3838-L1

Submitted job 13 with external jobid '27992242'.

[Tue Jun  4 03:35:25 2019]
Job 15: NarrowPeak_IDR: Ccl20+_T|AB3835-L1_IDR_AB3836-L1_IDR_AB3837-L1_IDR_AB3838-L1

Submitted job 15 with external jobid '27992243'.

[Tue Jun  4 03:35:26 2019]
Job 7: NarrowPeak_IDR: Ccl20+_UT|AB3827-L1_IDR_AB3828-L1_IDR_AB3829-L1_IDR_AB3830-L1

Submitted job 7 with external jobid '27992244'.

[Tue Jun  4 03:35:28 2019]
Job 4: BroadPeak_IDR: Ccl20-_UT|AB3823-L1_IDR_AB3824-L1_IDR_AB3825-L1_IDR_AB3826-L1

Submitted job 4 with external jobid '27992245'.

[Tue Jun  4 03:35:29 2019]
Job 16: BroadPeak_IDR: Ccl20+_T|AB3835-L1_IDR_AB3836-L1_IDR_AB3837-L1_IDR_AB3838-L1

Submitted job 16 with external jobid '27992246'.

[Tue Jun  4 03:35:30 2019]
Job 8: BroadPeak_IDR: Ccl20+_UT|AB3827-L1_IDR_AB3828-L1_IDR_AB3829-L1_IDR_AB3830-L1

Submitted job 8 with external jobid '27992247'.

[Tue Jun  4 03:35:31 2019]
Job 3: NarrowPeak_IDR: Ccl20-_UT|AB3823-L1_IDR_AB3824-L1_IDR_AB3825-L1_IDR_AB3826-L1

Submitted job 3 with external jobid '27992248'.

[Tue Jun  4 03:35:32 2019]
Job 11: NarrowPeak_IDR: Ccl20-_T|AB3831-L1_IDR_AB3832-L1_IDR_AB3833-L1_IDR_AB3834-L1

Submitted job 11 with external jobid '27992249'.

[Tue Jun  4 03:35:34 2019]
Job 6: BroadPeak_Overlap: Ccl20+_UT|AB3827-L1_OVERLAPPED_AB3828-L1_OVERLAPPED_AB3829-L1_OVERLAPPED_AB3830-L1

Submitted job 6 with external jobid '27992250'.

[Tue Jun  4 03:35:35 2019]
Job 5: NarrowPeak_Overlap: Ccl20+_UT|AB3827-L1_OVERLAPPED_AB3828-L1_OVERLAPPED_AB3829-L1_OVERLAPPED_AB3830-L1

Submitted job 5 with external jobid '27992251'.
[Tue Jun  4 03:36:09 2019]
Finished job 2.
1 of 17 steps (6%) done
[Tue Jun  4 03:36:20 2019]
Finished job 1.
2 of 17 steps (12%) done
[Tue Jun  4 03:36:20 2019]
Finished job 10.
3 of 17 steps (18%) done
[Tue Jun  4 03:39:16 2019]
Finished job 14.
4 of 17 steps (24%) done
[Tue Jun  4 03:39:38 2019]
Finished job 9.
5 of 17 steps (29%) done
[Tue Jun  4 03:39:38 2019]
Finished job 13.
6 of 17 steps (35%) done
[Tue Jun  4 03:41:39 2019]
Finished job 7.
7 of 17 steps (41%) done
[Tue Jun  4 03:42:00 2019]
Finished job 15.
8 of 17 steps (47%) done
[Tue Jun  4 03:42:40 2019]
Finished job 4.
9 of 17 steps (53%) done
[Tue Jun  4 03:42:50 2019]
Finished job 12.
10 of 17 steps (59%) done
[Tue Jun  4 03:43:51 2019]
Finished job 6.
11 of 17 steps (65%) done
[Tue Jun  4 03:44:21 2019]
Finished job 5.
12 of 17 steps (71%) done
[Tue Jun  4 03:45:11 2019]
Finished job 3.
13 of 17 steps (76%) done
[Tue Jun  4 03:46:21 2019]
Finished job 8.
14 of 17 steps (82%) done
[Tue Jun  4 03:46:51 2019]
Finished job 11.
15 of 17 steps (88%) done
[Tue Jun  4 03:47:21 2019]
Finished job 16.
16 of 17 steps (94%) done

[Tue Jun  4 03:47:21 2019]
localrule End_Point:
    input: /data/shamsaddinisha/jfarber-20160119-P1/spsingh-20190308-E1/spsingh-20190521-D1/mm10/Ccl20-_UT/peak_calling/narrowpeak/AB3823-L1_OVERLAPPED_AB3824-L1_OVERLAPPED_AB3825-L1_OVERLAPPED_AB3826-L1.narrowPeak.gz, /data/shamsaddinisha/jfarber-20160119-P1/spsingh-20190308-E1/spsingh-20190521-D1/mm10/Ccl20-_UT/peak_calling/broadpeak/AB3823-L1_OVERLAPPED_AB3824-L1_OVERLAPPED_AB3825-L1_OVERLAPPED_AB3826-L1.broadPeak.gz, /data/shamsaddinisha/jfarber-20160119-P1/spsingh-20190308-E1/spsingh-20190521-D1/mm10/Ccl20-_UT/peak_calling/narrowpeak/AB3823-L1_IDR_AB3824-L1_IDR_AB3825-L1_IDR_AB3826-L1.narrowPeak.gz, /data/shamsaddinisha/jfarber-20160119-P1/spsingh-20190308-E1/spsingh-20190521-D1/mm10/Ccl20-_UT/peak_calling/broadpeak/AB3823-L1_IDR_AB3824-L1_IDR_AB3825-L1_IDR_AB3826-L1.broadPeak.gz, /data/shamsaddinisha/jfarber-20160119-P1/spsingh-20190308-E1/spsingh-20190521-D1/mm10/Ccl20+_UT/peak_calling/narrowpeak/AB3827-L1_OVERLAPPED_AB3828-L1_OVERLAPPED_AB3829-L1_OVERLAPPED_AB3830-L1.narrowPeak.gz, /data/shamsaddinisha/jfarber-20160119-P1/spsingh-20190308-E1/spsingh-20190521-D1/mm10/Ccl20+_UT/peak_calling/broadpeak/AB3827-L1_OVERLAPPED_AB3828-L1_OVERLAPPED_AB3829-L1_OVERLAPPED_AB3830-L1.broadPeak.gz, /data/shamsaddinisha/jfarber-20160119-P1/spsingh-20190308-E1/spsingh-20190521-D1/mm10/Ccl20+_UT/peak_calling/narrowpeak/AB3827-L1_IDR_AB3828-L1_IDR_AB3829-L1_IDR_AB3830-L1.narrowPeak.gz, /data/shamsaddinisha/jfarber-20160119-P1/spsingh-20190308-E1/spsingh-20190521-D1/mm10/Ccl20+_UT/peak_calling/broadpeak/AB3827-L1_IDR_AB3828-L1_IDR_AB3829-L1_IDR_AB3830-L1.broadPeak.gz, /data/shamsaddinisha/jfarber-20160119-P1/spsingh-20190308-E1/spsingh-20190521-D1/mm10/Ccl20-_T/peak_calling/narrowpeak/AB3831-L1_OVERLAPPED_AB3832-L1_OVERLAPPED_AB3833-L1_OVERLAPPED_AB3834-L1.narrowPeak.gz, /data/shamsaddinisha/jfarber-20160119-P1/spsingh-20190308-E1/spsingh-20190521-D1/mm10/Ccl20-_T/peak_calling/broadpeak/AB3831-L1_OVERLAPPED_AB3832-L1_OVERLAPPED_AB3833-L1_OVERLAPPED_AB3834-L1.broadPeak.gz, /data/shamsaddinisha/jfarber-20160119-P1/spsingh-20190308-E1/spsingh-20190521-D1/mm10/Ccl20-_T/peak_calling/narrowpeak/AB3831-L1_IDR_AB3832-L1_IDR_AB3833-L1_IDR_AB3834-L1.narrowPeak.gz, /data/shamsaddinisha/jfarber-20160119-P1/spsingh-20190308-E1/spsingh-20190521-D1/mm10/Ccl20-_T/peak_calling/broadpeak/AB3831-L1_IDR_AB3832-L1_IDR_AB3833-L1_IDR_AB3834-L1.broadPeak.gz, /data/shamsaddinisha/jfarber-20160119-P1/spsingh-20190308-E1/spsingh-20190521-D1/mm10/Ccl20+_T/peak_calling/narrowpeak/AB3835-L1_OVERLAPPED_AB3836-L1_OVERLAPPED_AB3837-L1_OVERLAPPED_AB3838-L1.narrowPeak.gz, /data/shamsaddinisha/jfarber-20160119-P1/spsingh-20190308-E1/spsingh-20190521-D1/mm10/Ccl20+_T/peak_calling/broadpeak/AB3835-L1_OVERLAPPED_AB3836-L1_OVERLAPPED_AB3837-L1_OVERLAPPED_AB3838-L1.broadPeak.gz, /data/shamsaddinisha/jfarber-20160119-P1/spsingh-20190308-E1/spsingh-20190521-D1/mm10/Ccl20+_T/peak_calling/narrowpeak/AB3835-L1_IDR_AB3836-L1_IDR_AB3837-L1_IDR_AB3838-L1.narrowPeak.gz, /data/shamsaddinisha/jfarber-20160119-P1/spsingh-20190308-E1/spsingh-20190521-D1/mm10/Ccl20+_T/peak_calling/broadpeak/AB3835-L1_IDR_AB3836-L1_IDR_AB3837-L1_IDR_AB3838-L1.broadPeak.gz
    jobid: 0

[Tue Jun  4 03:47:21 2019]
Finished job 0.
17 of 17 steps (100%) done
Complete log: /gpfs/gsfs6/users/shamsaddinisha/ATAC_Seq/Snakemake/.snakemake/log/2019-06-04T033515.238367.snakemake.log
