Building DAG of jobs...
Using shell: /usr/bin/bash
Provided cluster nodes: 30
Unlimited resources: mem_mb
Job counts:
	count	jobs
	1	End_Point
	15	Peak_Calling_Broad
	15	Peak_Calling_Narrow
	31

[Fri Jun  7 03:12:06 2019]
Job 2: Peak_Calling_Broad: CD4_Naive|AB3606-L1

Submitted job 2 with external jobid '28313394'.

[Fri Jun  7 03:12:08 2019]
Job 20: Peak_Calling_Broad: CD4_CCR6plus_CCR2plus|AB3615-L1

Submitted job 20 with external jobid '28313395'.

[Fri Jun  7 03:12:09 2019]
Job 30: Peak_Calling_Broad: CD4_CCR6plus_CCR2plus|AB3610-L1_POOLED_AB3615-L1

Submitted job 30 with external jobid '28313396'.

[Fri Jun  7 03:12:10 2019]
Job 25: Peak_Calling_Narrow: CD4_CCR6low|AB3608-L1_POOLED_AB3613-L1

Submitted job 25 with external jobid '28313397'.

[Fri Jun  7 03:12:11 2019]
Job 9: Peak_Calling_Narrow: CD4_CCR6plus_CCR2plus|AB3610-L1

Submitted job 9 with external jobid '28313398'.

[Fri Jun  7 03:12:13 2019]
Job 5: Peak_Calling_Narrow: CD4_CCR6low|AB3608-L1

Submitted job 5 with external jobid '28313399'.

[Fri Jun  7 03:12:14 2019]
Job 14: Peak_Calling_Broad: CD4_CCR6neg|AB3612-L1

Submitted job 14 with external jobid '28313400'.

[Fri Jun  7 03:12:15 2019]
Job 21: Peak_Calling_Narrow: CD4_Naive|AB3606-L1_POOLED_AB3611-L1

Submitted job 21 with external jobid '28313401'.

[Fri Jun  7 03:12:16 2019]
Job 12: Peak_Calling_Broad: CD4_Naive|AB3611-L1

Submitted job 12 with external jobid '28313402'.

[Fri Jun  7 03:12:17 2019]
Job 28: Peak_Calling_Broad: CD4_CCR6high|AB3609-L1_POOLED_AB3614-L1

Submitted job 28 with external jobid '28313403'.

[Fri Jun  7 03:12:19 2019]
Job 15: Peak_Calling_Narrow: CD4_CCR6low|AB3613-L1

Submitted job 15 with external jobid '28313404'.

[Fri Jun  7 03:12:20 2019]
Job 23: Peak_Calling_Narrow: CD4_CCR6neg|AB3607-L1_POOLED_AB3612-L1

Submitted job 23 with external jobid '28313405'.

[Fri Jun  7 03:12:22 2019]
Job 4: Peak_Calling_Broad: CD4_CCR6neg|AB3607-L1

Submitted job 4 with external jobid '28313406'.

[Fri Jun  7 03:12:23 2019]
Job 7: Peak_Calling_Narrow: CD4_CCR6high|AB3609-L1

Submitted job 7 with external jobid '28313407'.

[Fri Jun  7 03:12:24 2019]
Job 18: Peak_Calling_Broad: CD4_CCR6high|AB3614-L1

Submitted job 18 with external jobid '28313408'.

[Fri Jun  7 03:12:25 2019]
Job 17: Peak_Calling_Narrow: CD4_CCR6high|AB3614-L1

Submitted job 17 with external jobid '28313409'.

[Fri Jun  7 03:12:26 2019]
Job 8: Peak_Calling_Broad: CD4_CCR6high|AB3609-L1

Submitted job 8 with external jobid '28313410'.

[Fri Jun  7 03:12:28 2019]
Job 3: Peak_Calling_Narrow: CD4_CCR6neg|AB3607-L1

Submitted job 3 with external jobid '28313411'.

[Fri Jun  7 03:12:29 2019]
Job 16: Peak_Calling_Broad: CD4_CCR6low|AB3613-L1

Submitted job 16 with external jobid '28313412'.

[Fri Jun  7 03:12:30 2019]
Job 24: Peak_Calling_Broad: CD4_CCR6neg|AB3607-L1_POOLED_AB3612-L1

Submitted job 24 with external jobid '28313413'.

[Fri Jun  7 03:12:31 2019]
Job 11: Peak_Calling_Narrow: CD4_Naive|AB3611-L1

Submitted job 11 with external jobid '28313414'.

[Fri Jun  7 03:12:32 2019]
Job 27: Peak_Calling_Narrow: CD4_CCR6high|AB3609-L1_POOLED_AB3614-L1

Submitted job 27 with external jobid '28313415'.

[Fri Jun  7 03:12:34 2019]
Job 13: Peak_Calling_Narrow: CD4_CCR6neg|AB3612-L1

Submitted job 13 with external jobid '28313416'.

[Fri Jun  7 03:12:35 2019]
Job 22: Peak_Calling_Broad: CD4_Naive|AB3606-L1_POOLED_AB3611-L1

Submitted job 22 with external jobid '28313417'.

[Fri Jun  7 03:12:37 2019]
Job 26: Peak_Calling_Broad: CD4_CCR6low|AB3608-L1_POOLED_AB3613-L1

Submitted job 26 with external jobid '28313418'.

[Fri Jun  7 03:12:38 2019]
Job 6: Peak_Calling_Broad: CD4_CCR6low|AB3608-L1

Submitted job 6 with external jobid '28313419'.

[Fri Jun  7 03:12:39 2019]
Job 10: Peak_Calling_Broad: CD4_CCR6plus_CCR2plus|AB3610-L1

Submitted job 10 with external jobid '28313420'.

[Fri Jun  7 03:12:41 2019]
Job 1: Peak_Calling_Narrow: CD4_Naive|AB3606-L1

Submitted job 1 with external jobid '28313421'.

[Fri Jun  7 03:12:42 2019]
Job 29: Peak_Calling_Narrow: CD4_CCR6plus_CCR2plus|AB3610-L1_POOLED_AB3615-L1

Submitted job 29 with external jobid '28313422'.

[Fri Jun  7 03:12:43 2019]
Job 19: Peak_Calling_Narrow: CD4_CCR6plus_CCR2plus|AB3615-L1

Submitted job 19 with external jobid '28313423'.
[Fri Jun  7 04:41:19 2019]
Finished job 2.
1 of 31 steps (3%) done
[Fri Jun  7 04:55:33 2019]
Finished job 9.
2 of 31 steps (6%) done
[Fri Jun  7 05:12:34 2019]
Finished job 20.
3 of 31 steps (10%) done
[Fri Jun  7 05:15:35 2019]
Finished job 4.
4 of 31 steps (13%) done
[Fri Jun  7 05:26:47 2019]
Finished job 12.
5 of 31 steps (16%) done
[Fri Jun  7 05:51:02 2019]
Finished job 3.
6 of 31 steps (19%) done
[Fri Jun  7 06:05:38 2019]
Finished job 7.
7 of 31 steps (23%) done
[Fri Jun  7 06:10:38 2019]
Finished job 15.
8 of 31 steps (26%) done
[Fri Jun  7 06:29:51 2019]
Finished job 21.
9 of 31 steps (29%) done
[Fri Jun  7 06:30:51 2019]
Finished job 18.
10 of 31 steps (32%) done
[Fri Jun  7 06:31:27 2019]
Finished job 8.
11 of 31 steps (35%) done
[Fri Jun  7 06:32:01 2019]
Finished job 17.
12 of 31 steps (39%) done
[Fri Jun  7 06:41:45 2019]
Finished job 30.
13 of 31 steps (42%) done
[Fri Jun  7 06:42:29 2019]
Finished job 28.
14 of 31 steps (45%) done
[Fri Jun  7 06:45:04 2019]
Finished job 1.
15 of 31 steps (48%) done
[Fri Jun  7 06:56:37 2019]
Finished job 11.
16 of 31 steps (52%) done
[Fri Jun  7 07:08:01 2019]
Finished job 10.
17 of 31 steps (55%) done
[Fri Jun  7 07:24:10 2019]
Finished job 19.
18 of 31 steps (58%) done
[Fri Jun  7 07:43:03 2019]
Finished job 16.
19 of 31 steps (61%) done
[Fri Jun  7 08:12:36 2019]
Finished job 27.
20 of 31 steps (65%) done
[Fri Jun  7 08:30:57 2019]
Finished job 22.
21 of 31 steps (68%) done
[Fri Jun  7 08:35:28 2019]
Finished job 5.
22 of 31 steps (71%) done
[Fri Jun  7 08:43:49 2019]
Finished job 29.
23 of 31 steps (74%) done
[Fri Jun  7 10:07:54 2019]
Finished job 25.
24 of 31 steps (77%) done
[Fri Jun  7 10:26:25 2019]
Finished job 14.
25 of 31 steps (81%) done
[Fri Jun  7 10:30:25 2019]
Finished job 6.
26 of 31 steps (84%) done
[Fri Jun  7 11:13:08 2019]
Finished job 23.
27 of 31 steps (87%) done
[Fri Jun  7 11:38:49 2019]
Finished job 13.
28 of 31 steps (90%) done
[Fri Jun  7 12:23:32 2019]
Finished job 24.
29 of 31 steps (94%) done
[Fri Jun  7 12:46:04 2019]
Finished job 26.
30 of 31 steps (97%) done

[Fri Jun  7 12:46:04 2019]
localrule End_Point:
    input: /data/shamsaddinisha/jfarber-20160119-P1/spsingh-20180829-E1/spsingh-20181029-D1/hg38/CD4_Naive/peak_calling/narrowpeak/AB3606-L1.narrowPeak.gz, /data/shamsaddinisha/jfarber-20160119-P1/spsingh-20180829-E1/spsingh-20181029-D1/hg38/CD4_Naive/peak_calling/broadpeak/AB3606-L1.broadPeak.gz, /data/shamsaddinisha/jfarber-20160119-P1/spsingh-20180829-E1/spsingh-20181029-D1/hg38/CD4_CCR6neg/peak_calling/narrowpeak/AB3607-L1.narrowPeak.gz, /data/shamsaddinisha/jfarber-20160119-P1/spsingh-20180829-E1/spsingh-20181029-D1/hg38/CD4_CCR6neg/peak_calling/broadpeak/AB3607-L1.broadPeak.gz, /data/shamsaddinisha/jfarber-20160119-P1/spsingh-20180829-E1/spsingh-20181029-D1/hg38/CD4_CCR6low/peak_calling/narrowpeak/AB3608-L1.narrowPeak.gz, /data/shamsaddinisha/jfarber-20160119-P1/spsingh-20180829-E1/spsingh-20181029-D1/hg38/CD4_CCR6low/peak_calling/broadpeak/AB3608-L1.broadPeak.gz, /data/shamsaddinisha/jfarber-20160119-P1/spsingh-20180829-E1/spsingh-20181029-D1/hg38/CD4_CCR6high/peak_calling/narrowpeak/AB3609-L1.narrowPeak.gz, /data/shamsaddinisha/jfarber-20160119-P1/spsingh-20180829-E1/spsingh-20181029-D1/hg38/CD4_CCR6high/peak_calling/broadpeak/AB3609-L1.broadPeak.gz, /data/shamsaddinisha/jfarber-20160119-P1/spsingh-20180829-E1/spsingh-20181029-D1/hg38/CD4_CCR6plus_CCR2plus/peak_calling/narrowpeak/AB3610-L1.narrowPeak.gz, /data/shamsaddinisha/jfarber-20160119-P1/spsingh-20180829-E1/spsingh-20181029-D1/hg38/CD4_CCR6plus_CCR2plus/peak_calling/broadpeak/AB3610-L1.broadPeak.gz, /data/shamsaddinisha/jfarber-20160119-P1/spsingh-20180829-E1/spsingh-20181029-D1/hg38/CD4_Naive/peak_calling/narrowpeak/AB3611-L1.narrowPeak.gz, /data/shamsaddinisha/jfarber-20160119-P1/spsingh-20180829-E1/spsingh-20181029-D1/hg38/CD4_Naive/peak_calling/broadpeak/AB3611-L1.broadPeak.gz, /data/shamsaddinisha/jfarber-20160119-P1/spsingh-20180829-E1/spsingh-20181029-D1/hg38/CD4_CCR6neg/peak_calling/narrowpeak/AB3612-L1.narrowPeak.gz, /data/shamsaddinisha/jfarber-20160119-P1/spsingh-20180829-E1/spsingh-20181029-D1/hg38/CD4_CCR6neg/peak_calling/broadpeak/AB3612-L1.broadPeak.gz, /data/shamsaddinisha/jfarber-20160119-P1/spsingh-20180829-E1/spsingh-20181029-D1/hg38/CD4_CCR6low/peak_calling/narrowpeak/AB3613-L1.narrowPeak.gz, /data/shamsaddinisha/jfarber-20160119-P1/spsingh-20180829-E1/spsingh-20181029-D1/hg38/CD4_CCR6low/peak_calling/broadpeak/AB3613-L1.broadPeak.gz, /data/shamsaddinisha/jfarber-20160119-P1/spsingh-20180829-E1/spsingh-20181029-D1/hg38/CD4_CCR6high/peak_calling/narrowpeak/AB3614-L1.narrowPeak.gz, /data/shamsaddinisha/jfarber-20160119-P1/spsingh-20180829-E1/spsingh-20181029-D1/hg38/CD4_CCR6high/peak_calling/broadpeak/AB3614-L1.broadPeak.gz, /data/shamsaddinisha/jfarber-20160119-P1/spsingh-20180829-E1/spsingh-20181029-D1/hg38/CD4_CCR6plus_CCR2plus/peak_calling/narrowpeak/AB3615-L1.narrowPeak.gz, /data/shamsaddinisha/jfarber-20160119-P1/spsingh-20180829-E1/spsingh-20181029-D1/hg38/CD4_CCR6plus_CCR2plus/peak_calling/broadpeak/AB3615-L1.broadPeak.gz, /data/shamsaddinisha/jfarber-20160119-P1/spsingh-20180829-E1/spsingh-20181029-D1/hg38/CD4_Naive/peak_calling/narrowpeak/AB3606-L1_POOLED_AB3611-L1.narrowPeak.gz, /data/shamsaddinisha/jfarber-20160119-P1/spsingh-20180829-E1/spsingh-20181029-D1/hg38/CD4_Naive/peak_calling/broadpeak/AB3606-L1_POOLED_AB3611-L1.broadPeak.gz, /data/shamsaddinisha/jfarber-20160119-P1/spsingh-20180829-E1/spsingh-20181029-D1/hg38/CD4_CCR6neg/peak_calling/narrowpeak/AB3607-L1_POOLED_AB3612-L1.narrowPeak.gz, /data/shamsaddinisha/jfarber-20160119-P1/spsingh-20180829-E1/spsingh-20181029-D1/hg38/CD4_CCR6neg/peak_calling/broadpeak/AB3607-L1_POOLED_AB3612-L1.broadPeak.gz, /data/shamsaddinisha/jfarber-20160119-P1/spsingh-20180829-E1/spsingh-20181029-D1/hg38/CD4_CCR6low/peak_calling/narrowpeak/AB3608-L1_POOLED_AB3613-L1.narrowPeak.gz, /data/shamsaddinisha/jfarber-20160119-P1/spsingh-20180829-E1/spsingh-20181029-D1/hg38/CD4_CCR6low/peak_calling/broadpeak/AB3608-L1_POOLED_AB3613-L1.broadPeak.gz, /data/shamsaddinisha/jfarber-20160119-P1/spsingh-20180829-E1/spsingh-20181029-D1/hg38/CD4_CCR6high/peak_calling/narrowpeak/AB3609-L1_POOLED_AB3614-L1.narrowPeak.gz, /data/shamsaddinisha/jfarber-20160119-P1/spsingh-20180829-E1/spsingh-20181029-D1/hg38/CD4_CCR6high/peak_calling/broadpeak/AB3609-L1_POOLED_AB3614-L1.broadPeak.gz, /data/shamsaddinisha/jfarber-20160119-P1/spsingh-20180829-E1/spsingh-20181029-D1/hg38/CD4_CCR6plus_CCR2plus/peak_calling/narrowpeak/AB3610-L1_POOLED_AB3615-L1.narrowPeak.gz, /data/shamsaddinisha/jfarber-20160119-P1/spsingh-20180829-E1/spsingh-20181029-D1/hg38/CD4_CCR6plus_CCR2plus/peak_calling/broadpeak/AB3610-L1_POOLED_AB3615-L1.broadPeak.gz
    jobid: 0

[Fri Jun  7 12:46:04 2019]
Finished job 0.
31 of 31 steps (100%) done
Complete log: /gpfs/gsfs6/users/shamsaddinisha/ATAC_Seq/Snakemake/.snakemake/log/2019-06-07T031206.051257.snakemake.log
