Building DAG of jobs...
Using shell: /usr/bin/bash
Provided cluster nodes: 30
Unlimited resources: mem_mb
Job counts:
	count	jobs
	1	End_Point
	4	Fingerprint
	4	Signal_Correlations
	4	Signal_Enrichment
	13

[Tue May 28 11:28:18 2019]
Job 4: Signal_Correlations: Ccl20+_UT

Submitted job 4 with external jobid '27541169'.

[Tue May 28 11:28:19 2019]
Job 7: Signal_Correlations: Ccl20-_T

Submitted job 7 with external jobid '27541171'.

[Tue May 28 11:28:21 2019]
Job 3: Signal_Enrichment: Ccl20-_UT

Submitted job 3 with external jobid '27541173'.

[Tue May 28 11:28:22 2019]
Job 2: Fingerprint: Ccl20-_UT

Submitted job 2 with external jobid '27541175'.

[Tue May 28 11:28:23 2019]
Job 10: Signal_Correlations: Ccl20+_T

Submitted job 10 with external jobid '27541177'.

[Tue May 28 11:28:24 2019]
Job 5: Fingerprint: Ccl20+_UT

Submitted job 5 with external jobid '27541179'.

[Tue May 28 11:28:26 2019]
Job 6: Signal_Enrichment: Ccl20+_UT

Submitted job 6 with external jobid '27541181'.

[Tue May 28 11:28:28 2019]
Job 8: Fingerprint: Ccl20-_T

Submitted job 8 with external jobid '27541183'.

[Tue May 28 11:28:29 2019]
Job 9: Signal_Enrichment: Ccl20-_T

Submitted job 9 with external jobid '27541186'.

[Tue May 28 11:28:30 2019]
Job 1: Signal_Correlations: Ccl20-_UT

Submitted job 1 with external jobid '27541189'.

[Tue May 28 11:28:31 2019]
Job 11: Fingerprint: Ccl20+_T

Submitted job 11 with external jobid '27541192'.

[Tue May 28 11:28:32 2019]
Job 12: Signal_Enrichment: Ccl20+_T

Submitted job 12 with external jobid '27541194'.
[Tue May 28 11:30:50 2019]
Error in rule Signal_Enrichment:
    jobid: 3
    output: /data/shamsaddinisha/jfarber-20160119-P1/spsingh-20190308-E1/spsingh-20190521-D1/mm10/Ccl20-_UT/peak_analysis/narrowpeak/Ccl20-_UT.narrowPeak.signal_enrichment.flag
    cluster_jobid: 27541173

Job failed, going on with independent jobs.
[Tue May 28 11:31:34 2019]
Finished job 4.
1 of 13 steps (8%) done
[Tue May 28 11:31:34 2019]
Finished job 7.
2 of 13 steps (15%) done
[Tue May 28 11:34:26 2019]
Finished job 10.
3 of 13 steps (23%) done
[Tue May 28 11:43:36 2019]
Finished job 2.
4 of 13 steps (31%) done
[Tue May 28 11:43:56 2019]
Finished job 5.
5 of 13 steps (38%) done
[Tue May 28 11:50:27 2019]
Finished job 8.
6 of 13 steps (46%) done
[Tue May 28 11:51:57 2019]
Finished job 1.
7 of 13 steps (54%) done
[Tue May 28 12:01:07 2019]
Finished job 11.
8 of 13 steps (62%) done
[Tue May 28 13:20:32 2019]
Finished job 6.
9 of 13 steps (69%) done
[Tue May 28 13:37:43 2019]
Finished job 9.
10 of 13 steps (77%) done
[Tue May 28 13:45:44 2019]
Finished job 12.
11 of 13 steps (85%) done
Exiting because a job execution failed. Look above for error message
Complete log: /gpfs/gsfs6/users/shamsaddinisha/ATAC_Seq/Snakemake/.snakemake/log/2019-05-28T112817.971882.snakemake.log
