Building DAG of jobs...
Using shell: /usr/bin/bash
Provided cluster nodes: 30
Unlimited resources: mem_mb
Job counts:
	count	jobs
	1	End_Point
	28	Homer_BroadPeak_Annotate
	28	Homer_NarrowPeak_Annotate
	57

[Sat May 25 22:55:16 2019]
Job 25: Homer_NarrowPeak_Annotate: Ccl20+_T|AB3835-L1

Submitted job 25 with external jobid '27469078'.

[Sat May 25 22:55:17 2019]
Job 27: Homer_NarrowPeak_Annotate: Ccl20+_T|AB3836-L1

Submitted job 27 with external jobid '27469080'.

[Sat May 25 22:55:18 2019]
Job 19: Homer_NarrowPeak_Annotate: Ccl20-_T|AB3832-L1

Submitted job 19 with external jobid '27469081'.

[Sat May 25 22:55:20 2019]
Job 5: Homer_NarrowPeak_Annotate: Ccl20-_UT|AB3825-L1

Submitted job 5 with external jobid '27469083'.

[Sat May 25 22:55:21 2019]
Job 45: Homer_NarrowPeak_Annotate: Ccl20-_T|AB3831-L1_POOLED_AB3832-L1_POOLED_AB3833-L1_POOLED_AB3834-L1

Submitted job 45 with external jobid '27469084'.

[Sat May 25 22:55:22 2019]
Job 33: Homer_NarrowPeak_Annotate: Ccl20-_UT|AB3823-L1_POOLED_AB3824-L1_POOLED_AB3825-L1_POOLED_AB3826-L1

Submitted job 33 with external jobid '27469086'.

[Sat May 25 22:55:23 2019]
Job 30: Homer_BroadPeak_Annotate: Ccl20+_T|AB3837-L1

Submitted job 30 with external jobid '27469087'.

[Sat May 25 22:55:25 2019]
Job 51: Homer_NarrowPeak_Annotate: Ccl20+_T|AB3835-L1_POOLED_AB3836-L1_POOLED_AB3837-L1_POOLED_AB3838-L1

Submitted job 51 with external jobid '27469089'.

[Sat May 25 22:55:26 2019]
Job 6: Homer_BroadPeak_Annotate: Ccl20-_UT|AB3825-L1

Submitted job 6 with external jobid '27469091'.

[Sat May 25 22:55:27 2019]
Job 10: Homer_BroadPeak_Annotate: Ccl20+_UT|AB3827-L1

Submitted job 10 with external jobid '27469092'.

[Sat May 25 22:55:28 2019]
Job 14: Homer_BroadPeak_Annotate: Ccl20+_UT|AB3829-L1

Submitted job 14 with external jobid '27469094'.

[Sat May 25 22:55:30 2019]
Job 52: Homer_BroadPeak_Annotate: Ccl20+_T|AB3835-L1_POOLED_AB3836-L1_POOLED_AB3837-L1_POOLED_AB3838-L1

Submitted job 52 with external jobid '27469095'.

[Sat May 25 22:55:31 2019]
Job 34: Homer_BroadPeak_Annotate: Ccl20-_UT|AB3823-L1_POOLED_AB3824-L1_POOLED_AB3825-L1_POOLED_AB3826-L1

Submitted job 34 with external jobid '27469097'.

[Sat May 25 22:55:32 2019]
Job 46: Homer_BroadPeak_Annotate: Ccl20-_T|AB3831-L1_POOLED_AB3832-L1_POOLED_AB3833-L1_POOLED_AB3834-L1

Submitted job 46 with external jobid '27469098'.

[Sat May 25 22:55:33 2019]
Job 20: Homer_BroadPeak_Annotate: Ccl20-_T|AB3832-L1

Submitted job 20 with external jobid '27469100'.

[Sat May 25 22:55:35 2019]
Job 26: Homer_BroadPeak_Annotate: Ccl20+_T|AB3835-L1

Submitted job 26 with external jobid '27469102'.

[Sat May 25 22:55:36 2019]
Job 4: Homer_BroadPeak_Annotate: Ccl20-_UT|AB3824-L1

Submitted job 4 with external jobid '27469103'.

[Sat May 25 22:55:37 2019]
Job 28: Homer_BroadPeak_Annotate: Ccl20+_T|AB3836-L1

Submitted job 28 with external jobid '27469105'.

[Sat May 25 22:55:39 2019]
Job 17: Homer_NarrowPeak_Annotate: Ccl20-_T|AB3831-L1

Submitted job 17 with external jobid '27469106'.

[Sat May 25 22:55:40 2019]
Job 22: Homer_BroadPeak_Annotate: Ccl20-_T|AB3833-L1

Submitted job 22 with external jobid '27469108'.

[Sat May 25 22:55:41 2019]
Job 32: Homer_BroadPeak_Annotate: Ccl20+_T|AB3838-L1

Submitted job 32 with external jobid '27469109'.

[Sat May 25 22:55:42 2019]
Job 39: Homer_NarrowPeak_Annotate: Ccl20+_UT|AB3827-L1_POOLED_AB3828-L1_POOLED_AB3829-L1_POOLED_AB3830-L1

Submitted job 39 with external jobid '27469111'.

[Sat May 25 22:55:44 2019]
Job 7: Homer_NarrowPeak_Annotate: Ccl20-_UT|AB3826-L1

Submitted job 7 with external jobid '27469113'.

[Sat May 25 22:55:45 2019]
Job 16: Homer_BroadPeak_Annotate: Ccl20+_UT|AB3830-L1

Submitted job 16 with external jobid '27469114'.

[Sat May 25 22:55:46 2019]
Job 8: Homer_BroadPeak_Annotate: Ccl20-_UT|AB3826-L1

Submitted job 8 with external jobid '27469116'.

[Sat May 25 22:55:48 2019]
Job 15: Homer_NarrowPeak_Annotate: Ccl20+_UT|AB3830-L1

Submitted job 15 with external jobid '27469117'.

[Sat May 25 22:55:49 2019]
Job 21: Homer_NarrowPeak_Annotate: Ccl20-_T|AB3833-L1

Submitted job 21 with external jobid '27469119'.

[Sat May 25 22:55:50 2019]
Job 18: Homer_BroadPeak_Annotate: Ccl20-_T|AB3831-L1

Submitted job 18 with external jobid '27469120'.

[Sat May 25 22:55:51 2019]
Job 40: Homer_BroadPeak_Annotate: Ccl20+_UT|AB3827-L1_POOLED_AB3828-L1_POOLED_AB3829-L1_POOLED_AB3830-L1

Submitted job 40 with external jobid '27469123'.

[Sat May 25 22:55:53 2019]
Job 31: Homer_NarrowPeak_Annotate: Ccl20+_T|AB3838-L1

Submitted job 31 with external jobid '27469124'.
[Sat May 25 23:03:34 2019]
Finished job 25.
1 of 57 steps (2%) done

[Sat May 25 23:03:34 2019]
Job 3: Homer_NarrowPeak_Annotate: Ccl20-_UT|AB3824-L1

Submitted job 3 with external jobid '27469506'.
[Sat May 25 23:12:02 2019]
Finished job 27.
2 of 57 steps (4%) done

[Sat May 25 23:12:02 2019]
Job 9: Homer_NarrowPeak_Annotate: Ccl20+_UT|AB3827-L1

Submitted job 9 with external jobid '27469895'.
[Sat May 25 23:18:06 2019]
Finished job 5.
3 of 57 steps (5%) done

[Sat May 25 23:18:06 2019]
Job 13: Homer_NarrowPeak_Annotate: Ccl20+_UT|AB3829-L1

Submitted job 13 with external jobid '27470244'.
[Sat May 25 23:18:45 2019]
Finished job 19.
4 of 57 steps (7%) done

[Sat May 25 23:18:45 2019]
Job 29: Homer_NarrowPeak_Annotate: Ccl20+_T|AB3837-L1

Submitted job 29 with external jobid '27470256'.
[Sat May 25 23:23:58 2019]
Finished job 45.
5 of 57 steps (9%) done

[Sat May 25 23:23:58 2019]
Job 24: Homer_BroadPeak_Annotate: Ccl20-_T|AB3834-L1

Submitted job 24 with external jobid '27470559'.
[Sat May 25 23:31:46 2019]
Finished job 30.
6 of 57 steps (11%) done

[Sat May 25 23:31:46 2019]
Job 2: Homer_BroadPeak_Annotate: Ccl20-_UT|AB3823-L1

Submitted job 2 with external jobid '27470852'.
[Sat May 25 23:33:56 2019]
Finished job 6.
7 of 57 steps (12%) done

[Sat May 25 23:33:56 2019]
Job 23: Homer_NarrowPeak_Annotate: Ccl20-_T|AB3834-L1

Submitted job 23 with external jobid '27471105'.
[Sat May 25 23:34:09 2019]
Finished job 33.
8 of 57 steps (14%) done

[Sat May 25 23:34:09 2019]
Job 1: Homer_NarrowPeak_Annotate: Ccl20-_UT|AB3823-L1

Submitted job 1 with external jobid '27471112'.
[Sat May 25 23:35:54 2019]
Finished job 10.
9 of 57 steps (16%) done

[Sat May 25 23:35:54 2019]
Job 12: Homer_BroadPeak_Annotate: Ccl20+_UT|AB3828-L1

Submitted job 12 with external jobid '27471148'.
[Sat May 25 23:36:07 2019]
Finished job 51.
10 of 57 steps (18%) done

[Sat May 25 23:36:07 2019]
Job 11: Homer_NarrowPeak_Annotate: Ccl20+_UT|AB3828-L1

Submitted job 11 with external jobid '27471349'.
[Sat May 25 23:41:06 2019]
Finished job 14.
11 of 57 steps (19%) done

[Sat May 25 23:41:06 2019]
Job 47: Homer_NarrowPeak_Annotate: Ccl20-_T|AB3831-L1_OVERLAPPED_AB3832-L1_OVERLAPPED_AB3833-L1_OVERLAPPED_AB3834-L1

Submitted job 47 with external jobid '27471457'.
[Sat May 25 23:43:42 2019]
Finished job 52.
12 of 57 steps (21%) done

[Sat May 25 23:43:42 2019]
Job 53: Homer_NarrowPeak_Annotate: Ccl20+_T|AB3835-L1_OVERLAPPED_AB3836-L1_OVERLAPPED_AB3837-L1_OVERLAPPED_AB3838-L1

Submitted job 53 with external jobid '27471529'.
[Sat May 25 23:44:08 2019]
Finished job 34.
13 of 57 steps (23%) done

[Sat May 25 23:44:08 2019]
Job 55: Homer_NarrowPeak_Annotate: Ccl20+_T|AB3835-L1_IDR_AB3836-L1_IDR_AB3837-L1_IDR_AB3838-L1

Submitted job 55 with external jobid '27471541'.
[Sat May 25 23:45:01 2019]
Finished job 46.
14 of 57 steps (25%) done

[Sat May 25 23:45:01 2019]
Job 41: Homer_NarrowPeak_Annotate: Ccl20+_UT|AB3827-L1_OVERLAPPED_AB3828-L1_OVERLAPPED_AB3829-L1_OVERLAPPED_AB3830-L1

Submitted job 41 with external jobid '27471565'.
[Sat May 25 23:45:53 2019]
Finished job 20.
15 of 57 steps (26%) done

[Sat May 25 23:45:53 2019]
Job 49: Homer_NarrowPeak_Annotate: Ccl20-_T|AB3831-L1_IDR_AB3832-L1_IDR_AB3833-L1_IDR_AB3834-L1

Submitted job 49 with external jobid '27471589'.
[Sat May 25 23:48:55 2019]
Finished job 4.
16 of 57 steps (28%) done

[Sat May 25 23:48:55 2019]
Job 48: Homer_BroadPeak_Annotate: Ccl20-_T|AB3831-L1_OVERLAPPED_AB3832-L1_OVERLAPPED_AB3833-L1_OVERLAPPED_AB3834-L1

[Sat May 25 23:48:56 2019]
Finished job 28.
17 of 57 steps (30%) done
Submitted job 48 with external jobid '27471671'.

[Sat May 25 23:49:00 2019]
Job 54: Homer_BroadPeak_Annotate: Ccl20+_T|AB3835-L1_OVERLAPPED_AB3836-L1_OVERLAPPED_AB3837-L1_OVERLAPPED_AB3838-L1

Submitted job 54 with external jobid '27471673'.
[Sat May 25 23:49:08 2019]
Finished job 26.
18 of 57 steps (32%) done

[Sat May 25 23:49:08 2019]
Job 35: Homer_NarrowPeak_Annotate: Ccl20-_UT|AB3823-L1_OVERLAPPED_AB3824-L1_OVERLAPPED_AB3825-L1_OVERLAPPED_AB3826-L1

Submitted job 35 with external jobid '27471736'.
[Sat May 25 23:49:21 2019]
Finished job 17.
19 of 57 steps (33%) done

[Sat May 25 23:49:21 2019]
Job 43: Homer_NarrowPeak_Annotate: Ccl20+_UT|AB3827-L1_IDR_AB3828-L1_IDR_AB3829-L1_IDR_AB3830-L1

Submitted job 43 with external jobid '27471742'.
[Sat May 25 23:49:48 2019]
Finished job 22.
20 of 57 steps (35%) done

[Sat May 25 23:49:48 2019]
Job 42: Homer_BroadPeak_Annotate: Ccl20+_UT|AB3827-L1_OVERLAPPED_AB3828-L1_OVERLAPPED_AB3829-L1_OVERLAPPED_AB3830-L1

Submitted job 42 with external jobid '27471933'.
[Sat May 25 23:51:57 2019]
Finished job 2.
21 of 57 steps (37%) done

[Sat May 25 23:51:57 2019]
Job 56: Homer_BroadPeak_Annotate: Ccl20+_T|AB3835-L1_IDR_AB3836-L1_IDR_AB3837-L1_IDR_AB3838-L1

[Sat May 25 23:51:58 2019]
Finished job 32.
22 of 57 steps (39%) done
Submitted job 56 with external jobid '27472177'.

[Sat May 25 23:51:59 2019]
Job 50: Homer_BroadPeak_Annotate: Ccl20-_T|AB3831-L1_IDR_AB3832-L1_IDR_AB3833-L1_IDR_AB3834-L1

Submitted job 50 with external jobid '27472180'.
[Sat May 25 23:52:11 2019]
Finished job 7.
23 of 57 steps (40%) done

[Sat May 25 23:52:11 2019]
Job 36: Homer_BroadPeak_Annotate: Ccl20-_UT|AB3823-L1_OVERLAPPED_AB3824-L1_OVERLAPPED_AB3825-L1_OVERLAPPED_AB3826-L1

Submitted job 36 with external jobid '27472186'.
[Sat May 25 23:55:00 2019]
Finished job 39.
24 of 57 steps (42%) done

[Sat May 25 23:55:00 2019]
Job 37: Homer_NarrowPeak_Annotate: Ccl20-_UT|AB3823-L1_IDR_AB3824-L1_IDR_AB3825-L1_IDR_AB3826-L1

Submitted job 37 with external jobid '27472243'.
[Sun May 26 00:05:11 2019]
Finished job 8.
25 of 57 steps (44%) done

[Sun May 26 00:05:11 2019]
Job 44: Homer_BroadPeak_Annotate: Ccl20+_UT|AB3827-L1_IDR_AB3828-L1_IDR_AB3829-L1_IDR_AB3830-L1

Submitted job 44 with external jobid '27472521'.
[Sun May 26 00:05:25 2019]
Finished job 18.
26 of 57 steps (46%) done

[Sun May 26 00:05:25 2019]
Job 38: Homer_BroadPeak_Annotate: Ccl20-_UT|AB3823-L1_IDR_AB3824-L1_IDR_AB3825-L1_IDR_AB3826-L1

[Sun May 26 00:05:25 2019]
Finished job 3.
27 of 57 steps (47%) done
Submitted job 38 with external jobid '27472587'.
[Sun May 26 00:05:37 2019]
Finished job 16.
28 of 57 steps (49%) done
[Sun May 26 00:05:38 2019]
Finished job 31.
29 of 57 steps (51%) done
[Sun May 26 00:05:49 2019]
Finished job 15.
30 of 57 steps (53%) done
[Sun May 26 00:06:13 2019]
Finished job 21.
31 of 57 steps (54%) done
[Sun May 26 00:08:01 2019]
Finished job 40.
32 of 57 steps (56%) done
[Sun May 26 00:08:13 2019]
Finished job 13.
33 of 57 steps (58%) done
[Sun May 26 00:08:25 2019]
Finished job 9.
34 of 57 steps (60%) done
[Sun May 26 00:16:37 2019]
Finished job 53.
35 of 57 steps (61%) done
[Sun May 26 00:16:37 2019]
Finished job 47.
36 of 57 steps (63%) done
[Sun May 26 00:17:01 2019]
Finished job 12.
37 of 57 steps (65%) done
[Sun May 26 00:17:13 2019]
Finished job 24.
38 of 57 steps (67%) done
[Sun May 26 00:17:13 2019]
Finished job 1.
39 of 57 steps (68%) done
[Sun May 26 00:17:24 2019]
Finished job 23.
40 of 57 steps (70%) done
[Sun May 26 00:17:25 2019]
Finished job 11.
41 of 57 steps (72%) done
[Sun May 26 00:17:47 2019]
Finished job 29.
42 of 57 steps (74%) done
[Sun May 26 00:22:55 2019]
Finished job 54.
43 of 57 steps (75%) done
[Sun May 26 00:23:06 2019]
Finished job 43.
44 of 57 steps (77%) done
[Sun May 26 00:23:06 2019]
Finished job 48.
45 of 57 steps (79%) done
[Sun May 26 00:23:06 2019]
Finished job 42.
46 of 57 steps (81%) done
[Sun May 26 00:23:17 2019]
Finished job 55.
47 of 57 steps (82%) done
[Sun May 26 00:23:17 2019]
Finished job 41.
48 of 57 steps (84%) done
[Sun May 26 00:23:17 2019]
Finished job 49.
49 of 57 steps (86%) done
[Sun May 26 00:23:17 2019]
Finished job 35.
50 of 57 steps (88%) done
[Sun May 26 00:36:39 2019]
Finished job 56.
51 of 57 steps (89%) done
[Sun May 26 00:36:39 2019]
Finished job 37.
52 of 57 steps (91%) done
[Sun May 26 00:36:39 2019]
Finished job 38.
53 of 57 steps (93%) done
[Sun May 26 00:36:49 2019]
Finished job 50.
54 of 57 steps (95%) done
[Sun May 26 00:36:49 2019]
Finished job 36.
55 of 57 steps (96%) done
[Sun May 26 00:36:49 2019]
Finished job 44.
56 of 57 steps (98%) done

[Sun May 26 00:36:49 2019]
localrule End_Point:
    input: /data/shamsaddinisha/jfarber-20160119-P1/spsingh-20190308-E1/spsingh-20190521-D1/mm10/Ccl20-_UT/peak_annotate/narrowpeak/AB3823-L1/AB3823-L1.narrowPeak.homer_annotate.txt, /data/shamsaddinisha/jfarber-20160119-P1/spsingh-20190308-E1/spsingh-20190521-D1/mm10/Ccl20-_UT/peak_annotate/broadpeak/AB3823-L1/AB3823-L1.broadPeak.homer_annotate.txt, /data/shamsaddinisha/jfarber-20160119-P1/spsingh-20190308-E1/spsingh-20190521-D1/mm10/Ccl20-_UT/peak_annotate/narrowpeak/AB3824-L1/AB3824-L1.narrowPeak.homer_annotate.txt, /data/shamsaddinisha/jfarber-20160119-P1/spsingh-20190308-E1/spsingh-20190521-D1/mm10/Ccl20-_UT/peak_annotate/broadpeak/AB3824-L1/AB3824-L1.broadPeak.homer_annotate.txt, /data/shamsaddinisha/jfarber-20160119-P1/spsingh-20190308-E1/spsingh-20190521-D1/mm10/Ccl20-_UT/peak_annotate/narrowpeak/AB3825-L1/AB3825-L1.narrowPeak.homer_annotate.txt, /data/shamsaddinisha/jfarber-20160119-P1/spsingh-20190308-E1/spsingh-20190521-D1/mm10/Ccl20-_UT/peak_annotate/broadpeak/AB3825-L1/AB3825-L1.broadPeak.homer_annotate.txt, /data/shamsaddinisha/jfarber-20160119-P1/spsingh-20190308-E1/spsingh-20190521-D1/mm10/Ccl20-_UT/peak_annotate/narrowpeak/AB3826-L1/AB3826-L1.narrowPeak.homer_annotate.txt, /data/shamsaddinisha/jfarber-20160119-P1/spsingh-20190308-E1/spsingh-20190521-D1/mm10/Ccl20-_UT/peak_annotate/broadpeak/AB3826-L1/AB3826-L1.broadPeak.homer_annotate.txt, /data/shamsaddinisha/jfarber-20160119-P1/spsingh-20190308-E1/spsingh-20190521-D1/mm10/Ccl20+_UT/peak_annotate/narrowpeak/AB3827-L1/AB3827-L1.narrowPeak.homer_annotate.txt, /data/shamsaddinisha/jfarber-20160119-P1/spsingh-20190308-E1/spsingh-20190521-D1/mm10/Ccl20+_UT/peak_annotate/broadpeak/AB3827-L1/AB3827-L1.broadPeak.homer_annotate.txt, /data/shamsaddinisha/jfarber-20160119-P1/spsingh-20190308-E1/spsingh-20190521-D1/mm10/Ccl20+_UT/peak_annotate/narrowpeak/AB3828-L1/AB3828-L1.narrowPeak.homer_annotate.txt, /data/shamsaddinisha/jfarber-20160119-P1/spsingh-20190308-E1/spsingh-20190521-D1/mm10/Ccl20+_UT/peak_annotate/broadpeak/AB3828-L1/AB3828-L1.broadPeak.homer_annotate.txt, /data/shamsaddinisha/jfarber-20160119-P1/spsingh-20190308-E1/spsingh-20190521-D1/mm10/Ccl20+_UT/peak_annotate/narrowpeak/AB3829-L1/AB3829-L1.narrowPeak.homer_annotate.txt, /data/shamsaddinisha/jfarber-20160119-P1/spsingh-20190308-E1/spsingh-20190521-D1/mm10/Ccl20+_UT/peak_annotate/broadpeak/AB3829-L1/AB3829-L1.broadPeak.homer_annotate.txt, /data/shamsaddinisha/jfarber-20160119-P1/spsingh-20190308-E1/spsingh-20190521-D1/mm10/Ccl20+_UT/peak_annotate/narrowpeak/AB3830-L1/AB3830-L1.narrowPeak.homer_annotate.txt, /data/shamsaddinisha/jfarber-20160119-P1/spsingh-20190308-E1/spsingh-20190521-D1/mm10/Ccl20+_UT/peak_annotate/broadpeak/AB3830-L1/AB3830-L1.broadPeak.homer_annotate.txt, /data/shamsaddinisha/jfarber-20160119-P1/spsingh-20190308-E1/spsingh-20190521-D1/mm10/Ccl20-_T/peak_annotate/narrowpeak/AB3831-L1/AB3831-L1.narrowPeak.homer_annotate.txt, /data/shamsaddinisha/jfarber-20160119-P1/spsingh-20190308-E1/spsingh-20190521-D1/mm10/Ccl20-_T/peak_annotate/broadpeak/AB3831-L1/AB3831-L1.broadPeak.homer_annotate.txt, /data/shamsaddinisha/jfarber-20160119-P1/spsingh-20190308-E1/spsingh-20190521-D1/mm10/Ccl20-_T/peak_annotate/narrowpeak/AB3832-L1/AB3832-L1.narrowPeak.homer_annotate.txt, /data/shamsaddinisha/jfarber-20160119-P1/spsingh-20190308-E1/spsingh-20190521-D1/mm10/Ccl20-_T/peak_annotate/broadpeak/AB3832-L1/AB3832-L1.broadPeak.homer_annotate.txt, /data/shamsaddinisha/jfarber-20160119-P1/spsingh-20190308-E1/spsingh-20190521-D1/mm10/Ccl20-_T/peak_annotate/narrowpeak/AB3833-L1/AB3833-L1.narrowPeak.homer_annotate.txt, /data/shamsaddinisha/jfarber-20160119-P1/spsingh-20190308-E1/spsingh-20190521-D1/mm10/Ccl20-_T/peak_annotate/broadpeak/AB3833-L1/AB3833-L1.broadPeak.homer_annotate.txt, /data/shamsaddinisha/jfarber-20160119-P1/spsingh-20190308-E1/spsingh-20190521-D1/mm10/Ccl20-_T/peak_annotate/narrowpeak/AB3834-L1/AB3834-L1.narrowPeak.homer_annotate.txt, /data/shamsaddinisha/jfarber-20160119-P1/spsingh-20190308-E1/spsingh-20190521-D1/mm10/Ccl20-_T/peak_annotate/broadpeak/AB3834-L1/AB3834-L1.broadPeak.homer_annotate.txt, /data/shamsaddinisha/jfarber-20160119-P1/spsingh-20190308-E1/spsingh-20190521-D1/mm10/Ccl20+_T/peak_annotate/narrowpeak/AB3835-L1/AB3835-L1.narrowPeak.homer_annotate.txt, /data/shamsaddinisha/jfarber-20160119-P1/spsingh-20190308-E1/spsingh-20190521-D1/mm10/Ccl20+_T/peak_annotate/broadpeak/AB3835-L1/AB3835-L1.broadPeak.homer_annotate.txt, /data/shamsaddinisha/jfarber-20160119-P1/spsingh-20190308-E1/spsingh-20190521-D1/mm10/Ccl20+_T/peak_annotate/narrowpeak/AB3836-L1/AB3836-L1.narrowPeak.homer_annotate.txt, /data/shamsaddinisha/jfarber-20160119-P1/spsingh-20190308-E1/spsingh-20190521-D1/mm10/Ccl20+_T/peak_annotate/broadpeak/AB3836-L1/AB3836-L1.broadPeak.homer_annotate.txt, /data/shamsaddinisha/jfarber-20160119-P1/spsingh-20190308-E1/spsingh-20190521-D1/mm10/Ccl20+_T/peak_annotate/narrowpeak/AB3837-L1/AB3837-L1.narrowPeak.homer_annotate.txt, /data/shamsaddinisha/jfarber-20160119-P1/spsingh-20190308-E1/spsingh-20190521-D1/mm10/Ccl20+_T/peak_annotate/broadpeak/AB3837-L1/AB3837-L1.broadPeak.homer_annotate.txt, /data/shamsaddinisha/jfarber-20160119-P1/spsingh-20190308-E1/spsingh-20190521-D1/mm10/Ccl20+_T/peak_annotate/narrowpeak/AB3838-L1/AB3838-L1.narrowPeak.homer_annotate.txt, /data/shamsaddinisha/jfarber-20160119-P1/spsingh-20190308-E1/spsingh-20190521-D1/mm10/Ccl20+_T/peak_annotate/broadpeak/AB3838-L1/AB3838-L1.broadPeak.homer_annotate.txt, /data/shamsaddinisha/jfarber-20160119-P1/spsingh-20190308-E1/spsingh-20190521-D1/mm10/Ccl20-_UT/peak_annotate/narrowpeak/AB3823-L1_POOLED_AB3824-L1_POOLED_AB3825-L1_POOLED_AB3826-L1/AB3823-L1_POOLED_AB3824-L1_POOLED_AB3825-L1_POOLED_AB3826-L1.narrowPeak.homer_annotate.txt, /data/shamsaddinisha/jfarber-20160119-P1/spsingh-20190308-E1/spsingh-20190521-D1/mm10/Ccl20-_UT/peak_annotate/broadpeak/AB3823-L1_POOLED_AB3824-L1_POOLED_AB3825-L1_POOLED_AB3826-L1/AB3823-L1_POOLED_AB3824-L1_POOLED_AB3825-L1_POOLED_AB3826-L1.broadPeak.homer_annotate.txt, /data/shamsaddinisha/jfarber-20160119-P1/spsingh-20190308-E1/spsingh-20190521-D1/mm10/Ccl20-_UT/peak_annotate/narrowpeak/AB3823-L1_OVERLAPPED_AB3824-L1_OVERLAPPED_AB3825-L1_OVERLAPPED_AB3826-L1/AB3823-L1_OVERLAPPED_AB3824-L1_OVERLAPPED_AB3825-L1_OVERLAPPED_AB3826-L1.narrowPeak.homer_annotate.txt, /data/shamsaddinisha/jfarber-20160119-P1/spsingh-20190308-E1/spsingh-20190521-D1/mm10/Ccl20-_UT/peak_annotate/broadpeak/AB3823-L1_OVERLAPPED_AB3824-L1_OVERLAPPED_AB3825-L1_OVERLAPPED_AB3826-L1/AB3823-L1_OVERLAPPED_AB3824-L1_OVERLAPPED_AB3825-L1_OVERLAPPED_AB3826-L1.broadPeak.homer_annotate.txt, /data/shamsaddinisha/jfarber-20160119-P1/spsingh-20190308-E1/spsingh-20190521-D1/mm10/Ccl20-_UT/peak_annotate/narrowpeak/AB3823-L1_IDR_AB3824-L1_IDR_AB3825-L1_IDR_AB3826-L1/AB3823-L1_IDR_AB3824-L1_IDR_AB3825-L1_IDR_AB3826-L1.narrowPeak.homer_annotate.txt, /data/shamsaddinisha/jfarber-20160119-P1/spsingh-20190308-E1/spsingh-20190521-D1/mm10/Ccl20-_UT/peak_annotate/broadpeak/AB3823-L1_IDR_AB3824-L1_IDR_AB3825-L1_IDR_AB3826-L1/AB3823-L1_IDR_AB3824-L1_IDR_AB3825-L1_IDR_AB3826-L1.broadPeak.homer_annotate.txt, /data/shamsaddinisha/jfarber-20160119-P1/spsingh-20190308-E1/spsingh-20190521-D1/mm10/Ccl20+_UT/peak_annotate/narrowpeak/AB3827-L1_POOLED_AB3828-L1_POOLED_AB3829-L1_POOLED_AB3830-L1/AB3827-L1_POOLED_AB3828-L1_POOLED_AB3829-L1_POOLED_AB3830-L1.narrowPeak.homer_annotate.txt, /data/shamsaddinisha/jfarber-20160119-P1/spsingh-20190308-E1/spsingh-20190521-D1/mm10/Ccl20+_UT/peak_annotate/broadpeak/AB3827-L1_POOLED_AB3828-L1_POOLED_AB3829-L1_POOLED_AB3830-L1/AB3827-L1_POOLED_AB3828-L1_POOLED_AB3829-L1_POOLED_AB3830-L1.broadPeak.homer_annotate.txt, /data/shamsaddinisha/jfarber-20160119-P1/spsingh-20190308-E1/spsingh-20190521-D1/mm10/Ccl20+_UT/peak_annotate/narrowpeak/AB3827-L1_OVERLAPPED_AB3828-L1_OVERLAPPED_AB3829-L1_OVERLAPPED_AB3830-L1/AB3827-L1_OVERLAPPED_AB3828-L1_OVERLAPPED_AB3829-L1_OVERLAPPED_AB3830-L1.narrowPeak.homer_annotate.txt, /data/shamsaddinisha/jfarber-20160119-P1/spsingh-20190308-E1/spsingh-20190521-D1/mm10/Ccl20+_UT/peak_annotate/broadpeak/AB3827-L1_OVERLAPPED_AB3828-L1_OVERLAPPED_AB3829-L1_OVERLAPPED_AB3830-L1/AB3827-L1_OVERLAPPED_AB3828-L1_OVERLAPPED_AB3829-L1_OVERLAPPED_AB3830-L1.broadPeak.homer_annotate.txt, /data/shamsaddinisha/jfarber-20160119-P1/spsingh-20190308-E1/spsingh-20190521-D1/mm10/Ccl20+_UT/peak_annotate/narrowpeak/AB3827-L1_IDR_AB3828-L1_IDR_AB3829-L1_IDR_AB3830-L1/AB3827-L1_IDR_AB3828-L1_IDR_AB3829-L1_IDR_AB3830-L1.narrowPeak.homer_annotate.txt, /data/shamsaddinisha/jfarber-20160119-P1/spsingh-20190308-E1/spsingh-20190521-D1/mm10/Ccl20+_UT/peak_annotate/broadpeak/AB3827-L1_IDR_AB3828-L1_IDR_AB3829-L1_IDR_AB3830-L1/AB3827-L1_IDR_AB3828-L1_IDR_AB3829-L1_IDR_AB3830-L1.broadPeak.homer_annotate.txt, /data/shamsaddinisha/jfarber-20160119-P1/spsingh-20190308-E1/spsingh-20190521-D1/mm10/Ccl20-_T/peak_annotate/narrowpeak/AB3831-L1_POOLED_AB3832-L1_POOLED_AB3833-L1_POOLED_AB3834-L1/AB3831-L1_POOLED_AB3832-L1_POOLED_AB3833-L1_POOLED_AB3834-L1.narrowPeak.homer_annotate.txt, /data/shamsaddinisha/jfarber-20160119-P1/spsingh-20190308-E1/spsingh-20190521-D1/mm10/Ccl20-_T/peak_annotate/broadpeak/AB3831-L1_POOLED_AB3832-L1_POOLED_AB3833-L1_POOLED_AB3834-L1/AB3831-L1_POOLED_AB3832-L1_POOLED_AB3833-L1_POOLED_AB3834-L1.broadPeak.homer_annotate.txt, /data/shamsaddinisha/jfarber-20160119-P1/spsingh-20190308-E1/spsingh-20190521-D1/mm10/Ccl20-_T/peak_annotate/narrowpeak/AB3831-L1_OVERLAPPED_AB3832-L1_OVERLAPPED_AB3833-L1_OVERLAPPED_AB3834-L1/AB3831-L1_OVERLAPPED_AB3832-L1_OVERLAPPED_AB3833-L1_OVERLAPPED_AB3834-L1.narrowPeak.homer_annotate.txt, /data/shamsaddinisha/jfarber-20160119-P1/spsingh-20190308-E1/spsingh-20190521-D1/mm10/Ccl20-_T/peak_annotate/broadpeak/AB3831-L1_OVERLAPPED_AB3832-L1_OVERLAPPED_AB3833-L1_OVERLAPPED_AB3834-L1/AB3831-L1_OVERLAPPED_AB3832-L1_OVERLAPPED_AB3833-L1_OVERLAPPED_AB3834-L1.broadPeak.homer_annotate.txt, /data/shamsaddinisha/jfarber-20160119-P1/spsingh-20190308-E1/spsingh-20190521-D1/mm10/Ccl20-_T/peak_annotate/narrowpeak/AB3831-L1_IDR_AB3832-L1_IDR_AB3833-L1_IDR_AB3834-L1/AB3831-L1_IDR_AB3832-L1_IDR_AB3833-L1_IDR_AB3834-L1.narrowPeak.homer_annotate.txt, /data/shamsaddinisha/jfarber-20160119-P1/spsingh-20190308-E1/spsingh-20190521-D1/mm10/Ccl20-_T/peak_annotate/broadpeak/AB3831-L1_IDR_AB3832-L1_IDR_AB3833-L1_IDR_AB3834-L1/AB3831-L1_IDR_AB3832-L1_IDR_AB3833-L1_IDR_AB3834-L1.broadPeak.homer_annotate.txt, /data/shamsaddinisha/jfarber-20160119-P1/spsingh-20190308-E1/spsingh-20190521-D1/mm10/Ccl20+_T/peak_annotate/narrowpeak/AB3835-L1_POOLED_AB3836-L1_POOLED_AB3837-L1_POOLED_AB3838-L1/AB3835-L1_POOLED_AB3836-L1_POOLED_AB3837-L1_POOLED_AB3838-L1.narrowPeak.homer_annotate.txt, /data/shamsaddinisha/jfarber-20160119-P1/spsingh-20190308-E1/spsingh-20190521-D1/mm10/Ccl20+_T/peak_annotate/broadpeak/AB3835-L1_POOLED_AB3836-L1_POOLED_AB3837-L1_POOLED_AB3838-L1/AB3835-L1_POOLED_AB3836-L1_POOLED_AB3837-L1_POOLED_AB3838-L1.broadPeak.homer_annotate.txt, /data/shamsaddinisha/jfarber-20160119-P1/spsingh-20190308-E1/spsingh-20190521-D1/mm10/Ccl20+_T/peak_annotate/narrowpeak/AB3835-L1_OVERLAPPED_AB3836-L1_OVERLAPPED_AB3837-L1_OVERLAPPED_AB3838-L1/AB3835-L1_OVERLAPPED_AB3836-L1_OVERLAPPED_AB3837-L1_OVERLAPPED_AB3838-L1.narrowPeak.homer_annotate.txt, /data/shamsaddinisha/jfarber-20160119-P1/spsingh-20190308-E1/spsingh-20190521-D1/mm10/Ccl20+_T/peak_annotate/broadpeak/AB3835-L1_OVERLAPPED_AB3836-L1_OVERLAPPED_AB3837-L1_OVERLAPPED_AB3838-L1/AB3835-L1_OVERLAPPED_AB3836-L1_OVERLAPPED_AB3837-L1_OVERLAPPED_AB3838-L1.broadPeak.homer_annotate.txt, /data/shamsaddinisha/jfarber-20160119-P1/spsingh-20190308-E1/spsingh-20190521-D1/mm10/Ccl20+_T/peak_annotate/narrowpeak/AB3835-L1_IDR_AB3836-L1_IDR_AB3837-L1_IDR_AB3838-L1/AB3835-L1_IDR_AB3836-L1_IDR_AB3837-L1_IDR_AB3838-L1.narrowPeak.homer_annotate.txt, /data/shamsaddinisha/jfarber-20160119-P1/spsingh-20190308-E1/spsingh-20190521-D1/mm10/Ccl20+_T/peak_annotate/broadpeak/AB3835-L1_IDR_AB3836-L1_IDR_AB3837-L1_IDR_AB3838-L1/AB3835-L1_IDR_AB3836-L1_IDR_AB3837-L1_IDR_AB3838-L1.broadPeak.homer_annotate.txt
    jobid: 0

[Sun May 26 00:36:49 2019]
Finished job 0.
57 of 57 steps (100%) done
Complete log: /gpfs/gsfs6/users/shamsaddinisha/ATAC_Seq/Snakemake/.snakemake/log/2019-05-25T225515.623560.snakemake.log
