Building DAG of jobs...
Using shell: /usr/bin/bash
Provided cluster nodes: 30
Unlimited resources: mem_mb
Job counts:
	count	jobs
	1	End_Point
	20	Peak_Calling_Broad
	20	Peak_Calling_Narrow
	41

[Mon Jun  3 22:16:42 2019]
Job 22: Peak_Calling_Broad: Ccl20-_T|AB3833-L1

Submitted job 22 with external jobid '27978123'.

[Mon Jun  3 22:16:43 2019]
Job 27: Peak_Calling_Narrow: Ccl20+_T|AB3836-L1

Submitted job 27 with external jobid '27978125'.

[Mon Jun  3 22:16:45 2019]
Job 14: Peak_Calling_Broad: Ccl20+_UT|AB3829-L1

Submitted job 14 with external jobid '27978126'.

[Mon Jun  3 22:16:46 2019]
Job 35: Peak_Calling_Narrow: Ccl20+_UT|AB3827-L1_POOLED_AB3828-L1_POOLED_AB3829-L1_POOLED_AB3830-L1

Submitted job 35 with external jobid '27978127'.

[Mon Jun  3 22:16:47 2019]
Job 21: Peak_Calling_Narrow: Ccl20-_T|AB3833-L1

Submitted job 21 with external jobid '27978128'.

[Mon Jun  3 22:16:48 2019]
Job 28: Peak_Calling_Broad: Ccl20+_T|AB3836-L1

Submitted job 28 with external jobid '27978129'.

[Mon Jun  3 22:16:50 2019]
Job 13: Peak_Calling_Narrow: Ccl20+_UT|AB3829-L1

Submitted job 13 with external jobid '27978130'.

[Mon Jun  3 22:16:51 2019]
Job 36: Peak_Calling_Broad: Ccl20+_UT|AB3827-L1_POOLED_AB3828-L1_POOLED_AB3829-L1_POOLED_AB3830-L1

Submitted job 36 with external jobid '27978131'.

[Mon Jun  3 22:16:52 2019]
Job 39: Peak_Calling_Narrow: Ccl20+_T|AB3835-L1_POOLED_AB3836-L1_POOLED_AB3837-L1_POOLED_AB3838-L1

Submitted job 39 with external jobid '27978132'.

[Mon Jun  3 22:16:53 2019]
Job 19: Peak_Calling_Narrow: Ccl20-_T|AB3832-L1

Submitted job 19 with external jobid '27978133'.

[Mon Jun  3 22:16:54 2019]
Job 16: Peak_Calling_Broad: Ccl20+_UT|AB3830-L1

Submitted job 16 with external jobid '27978134'.

[Mon Jun  3 22:16:56 2019]
Job 10: Peak_Calling_Broad: Ccl20+_UT|AB3827-L1

Submitted job 10 with external jobid '27978135'.

[Mon Jun  3 22:16:57 2019]
Job 40: Peak_Calling_Broad: Ccl20+_T|AB3835-L1_POOLED_AB3836-L1_POOLED_AB3837-L1_POOLED_AB3838-L1

Submitted job 40 with external jobid '27978136'.

[Mon Jun  3 22:16:58 2019]
Job 20: Peak_Calling_Broad: Ccl20-_T|AB3832-L1

Submitted job 20 with external jobid '27978137'.

[Mon Jun  3 22:16:59 2019]
Job 9: Peak_Calling_Narrow: Ccl20+_UT|AB3827-L1

Submitted job 9 with external jobid '27978139'.

[Mon Jun  3 22:17:00 2019]
Job 15: Peak_Calling_Narrow: Ccl20+_UT|AB3830-L1

Submitted job 15 with external jobid '27978140'.

[Mon Jun  3 22:17:02 2019]
Job 38: Peak_Calling_Broad: Ccl20-_T|AB3831-L1_POOLED_AB3832-L1_POOLED_AB3833-L1_POOLED_AB3834-L1

Submitted job 38 with external jobid '27978142'.

[Mon Jun  3 22:17:03 2019]
Job 25: Peak_Calling_Narrow: Ccl20+_T|AB3835-L1

Submitted job 25 with external jobid '27978143'.

[Mon Jun  3 22:17:04 2019]
Job 31: Peak_Calling_Narrow: Ccl20+_T|AB3838-L1

Submitted job 31 with external jobid '27978145'.

[Mon Jun  3 22:17:07 2019]
Job 33: Peak_Calling_Narrow: Ccl20-_UT|AB3823-L1_POOLED_AB3824-L1_POOLED_AB3825-L1_POOLED_AB3826-L1

Submitted job 33 with external jobid '27978146'.

[Mon Jun  3 22:17:08 2019]
Job 18: Peak_Calling_Broad: Ccl20-_T|AB3831-L1

Submitted job 18 with external jobid '27978147'.

[Mon Jun  3 22:17:09 2019]
Job 5: Peak_Calling_Narrow: Ccl20-_UT|AB3825-L1

Submitted job 5 with external jobid '27978148'.

[Mon Jun  3 22:17:10 2019]
Job 7: Peak_Calling_Narrow: Ccl20-_UT|AB3826-L1

Submitted job 7 with external jobid '27978149'.

[Mon Jun  3 22:17:12 2019]
Job 26: Peak_Calling_Broad: Ccl20+_T|AB3835-L1

Submitted job 26 with external jobid '27978150'.

[Mon Jun  3 22:17:13 2019]
Job 37: Peak_Calling_Narrow: Ccl20-_T|AB3831-L1_POOLED_AB3832-L1_POOLED_AB3833-L1_POOLED_AB3834-L1

Submitted job 37 with external jobid '27978151'.

[Mon Jun  3 22:17:14 2019]
Job 32: Peak_Calling_Broad: Ccl20+_T|AB3838-L1

Submitted job 32 with external jobid '27978152'.

[Mon Jun  3 22:17:15 2019]
Job 34: Peak_Calling_Broad: Ccl20-_UT|AB3823-L1_POOLED_AB3824-L1_POOLED_AB3825-L1_POOLED_AB3826-L1

Submitted job 34 with external jobid '27978153'.

[Mon Jun  3 22:17:16 2019]
Job 17: Peak_Calling_Narrow: Ccl20-_T|AB3831-L1

Submitted job 17 with external jobid '27978154'.

[Mon Jun  3 22:17:18 2019]
Job 6: Peak_Calling_Broad: Ccl20-_UT|AB3825-L1

Submitted job 6 with external jobid '27978155'.

[Mon Jun  3 22:17:19 2019]
Job 8: Peak_Calling_Broad: Ccl20-_UT|AB3826-L1

Submitted job 8 with external jobid '27978156'.
[Mon Jun  3 23:25:58 2019]
Finished job 27.
1 of 41 steps (2%) done

[Mon Jun  3 23:25:58 2019]
Job 30: Peak_Calling_Broad: Ccl20+_T|AB3837-L1

Submitted job 30 with external jobid '27982616'.
[Mon Jun  3 23:26:50 2019]
Finished job 13.
2 of 41 steps (5%) done

[Mon Jun  3 23:26:50 2019]
Job 29: Peak_Calling_Narrow: Ccl20+_T|AB3837-L1

Submitted job 29 with external jobid '27982640'.
[Mon Jun  3 23:29:13 2019]
Finished job 14.
3 of 41 steps (7%) done

[Mon Jun  3 23:29:13 2019]
Job 4: Peak_Calling_Broad: Ccl20-_UT|AB3824-L1

Submitted job 4 with external jobid '27982708'.
[Mon Jun  3 23:32:54 2019]
Finished job 28.
4 of 41 steps (10%) done

[Mon Jun  3 23:32:54 2019]
Job 3: Peak_Calling_Narrow: Ccl20-_UT|AB3824-L1

Submitted job 3 with external jobid '27982952'.
[Mon Jun  3 23:43:07 2019]
Finished job 10.
5 of 41 steps (12%) done

[Mon Jun  3 23:43:07 2019]
Job 23: Peak_Calling_Narrow: Ccl20-_T|AB3834-L1

Submitted job 23 with external jobid '27983273'.
[Mon Jun  3 23:49:37 2019]
Finished job 9.
6 of 41 steps (15%) done

[Mon Jun  3 23:49:37 2019]
Job 24: Peak_Calling_Broad: Ccl20-_T|AB3834-L1

Submitted job 24 with external jobid '27983453'.
[Tue Jun  4 00:01:07 2019]
Finished job 25.
7 of 41 steps (17%) done

[Tue Jun  4 00:01:07 2019]
Job 1: Peak_Calling_Narrow: Ccl20-_UT|AB3823-L1

Submitted job 1 with external jobid '27984051'.
[Tue Jun  4 00:02:24 2019]
Finished job 21.
8 of 41 steps (20%) done

[Tue Jun  4 00:02:24 2019]
Job 2: Peak_Calling_Broad: Ccl20-_UT|AB3823-L1

Submitted job 2 with external jobid '27984089'.
[Tue Jun  4 00:04:22 2019]
Finished job 31.
9 of 41 steps (22%) done

[Tue Jun  4 00:04:22 2019]
Job 11: Peak_Calling_Narrow: Ccl20+_UT|AB3828-L1

Submitted job 11 with external jobid '27984144'.
[Tue Jun  4 00:04:35 2019]
Finished job 16.
10 of 41 steps (24%) done

[Tue Jun  4 00:04:35 2019]
Job 12: Peak_Calling_Broad: Ccl20+_UT|AB3828-L1

Submitted job 12 with external jobid '27984150'.
[Tue Jun  4 00:11:45 2019]
Finished job 18.
11 of 41 steps (27%) done
[Tue Jun  4 00:14:21 2019]
Finished job 22.
12 of 41 steps (29%) done
[Tue Jun  4 00:14:22 2019]
Finished job 19.
13 of 41 steps (32%) done
[Tue Jun  4 00:16:58 2019]
Finished job 15.
14 of 41 steps (34%) done
[Tue Jun  4 00:18:22 2019]
Finished job 26.
15 of 41 steps (37%) done
[Tue Jun  4 00:18:46 2019]
Finished job 7.
16 of 41 steps (39%) done
[Tue Jun  4 00:19:58 2019]
Finished job 5.
17 of 41 steps (41%) done
[Tue Jun  4 00:24:35 2019]
Finished job 32.
18 of 41 steps (44%) done
[Tue Jun  4 00:27:35 2019]
Finished job 17.
19 of 41 steps (46%) done
[Tue Jun  4 00:30:47 2019]
Finished job 6.
20 of 41 steps (49%) done
[Tue Jun  4 00:30:47 2019]
Finished job 8.
21 of 41 steps (51%) done
[Tue Jun  4 00:36:28 2019]
Finished job 29.
22 of 41 steps (54%) done
[Tue Jun  4 00:36:51 2019]
Finished job 20.
23 of 41 steps (56%) done
[Tue Jun  4 00:37:23 2019]
Finished job 4.
24 of 41 steps (59%) done
[Tue Jun  4 00:38:08 2019]
Finished job 30.
25 of 41 steps (61%) done
[Tue Jun  4 00:44:01 2019]
Finished job 23.
26 of 41 steps (63%) done
[Tue Jun  4 00:44:33 2019]
Finished job 3.
27 of 41 steps (66%) done
[Tue Jun  4 00:45:28 2019]
Finished job 24.
28 of 41 steps (68%) done
[Tue Jun  4 00:53:01 2019]
Finished job 11.
29 of 41 steps (71%) done
[Tue Jun  4 00:53:11 2019]
Finished job 1.
30 of 41 steps (73%) done
[Tue Jun  4 00:53:44 2019]
Finished job 12.
31 of 41 steps (76%) done
[Tue Jun  4 00:54:55 2019]
Finished job 2.
32 of 41 steps (78%) done
[Tue Jun  4 01:45:58 2019]
Finished job 35.
33 of 41 steps (80%) done
[Tue Jun  4 01:54:08 2019]
Finished job 39.
34 of 41 steps (83%) done
[Tue Jun  4 02:11:29 2019]
Finished job 36.
35 of 41 steps (85%) done
[Tue Jun  4 02:13:59 2019]
Finished job 40.
36 of 41 steps (88%) done
[Tue Jun  4 02:45:01 2019]
Finished job 33.
37 of 41 steps (90%) done
[Tue Jun  4 03:11:03 2019]
Finished job 34.
38 of 41 steps (93%) done
[Tue Jun  4 03:32:34 2019]
Finished job 38.
39 of 41 steps (95%) done
[Tue Jun  4 03:35:04 2019]
Finished job 37.
40 of 41 steps (98%) done

[Tue Jun  4 03:35:04 2019]
localrule End_Point:
    input: /data/shamsaddinisha/jfarber-20160119-P1/spsingh-20190308-E1/spsingh-20190521-D1/mm10/Ccl20-_UT/peak_calling/narrowpeak/AB3823-L1.narrowPeak.gz, /data/shamsaddinisha/jfarber-20160119-P1/spsingh-20190308-E1/spsingh-20190521-D1/mm10/Ccl20-_UT/peak_calling/broadpeak/AB3823-L1.broadPeak.gz, /data/shamsaddinisha/jfarber-20160119-P1/spsingh-20190308-E1/spsingh-20190521-D1/mm10/Ccl20-_UT/peak_calling/narrowpeak/AB3824-L1.narrowPeak.gz, /data/shamsaddinisha/jfarber-20160119-P1/spsingh-20190308-E1/spsingh-20190521-D1/mm10/Ccl20-_UT/peak_calling/broadpeak/AB3824-L1.broadPeak.gz, /data/shamsaddinisha/jfarber-20160119-P1/spsingh-20190308-E1/spsingh-20190521-D1/mm10/Ccl20-_UT/peak_calling/narrowpeak/AB3825-L1.narrowPeak.gz, /data/shamsaddinisha/jfarber-20160119-P1/spsingh-20190308-E1/spsingh-20190521-D1/mm10/Ccl20-_UT/peak_calling/broadpeak/AB3825-L1.broadPeak.gz, /data/shamsaddinisha/jfarber-20160119-P1/spsingh-20190308-E1/spsingh-20190521-D1/mm10/Ccl20-_UT/peak_calling/narrowpeak/AB3826-L1.narrowPeak.gz, /data/shamsaddinisha/jfarber-20160119-P1/spsingh-20190308-E1/spsingh-20190521-D1/mm10/Ccl20-_UT/peak_calling/broadpeak/AB3826-L1.broadPeak.gz, /data/shamsaddinisha/jfarber-20160119-P1/spsingh-20190308-E1/spsingh-20190521-D1/mm10/Ccl20+_UT/peak_calling/narrowpeak/AB3827-L1.narrowPeak.gz, /data/shamsaddinisha/jfarber-20160119-P1/spsingh-20190308-E1/spsingh-20190521-D1/mm10/Ccl20+_UT/peak_calling/broadpeak/AB3827-L1.broadPeak.gz, /data/shamsaddinisha/jfarber-20160119-P1/spsingh-20190308-E1/spsingh-20190521-D1/mm10/Ccl20+_UT/peak_calling/narrowpeak/AB3828-L1.narrowPeak.gz, /data/shamsaddinisha/jfarber-20160119-P1/spsingh-20190308-E1/spsingh-20190521-D1/mm10/Ccl20+_UT/peak_calling/broadpeak/AB3828-L1.broadPeak.gz, /data/shamsaddinisha/jfarber-20160119-P1/spsingh-20190308-E1/spsingh-20190521-D1/mm10/Ccl20+_UT/peak_calling/narrowpeak/AB3829-L1.narrowPeak.gz, /data/shamsaddinisha/jfarber-20160119-P1/spsingh-20190308-E1/spsingh-20190521-D1/mm10/Ccl20+_UT/peak_calling/broadpeak/AB3829-L1.broadPeak.gz, /data/shamsaddinisha/jfarber-20160119-P1/spsingh-20190308-E1/spsingh-20190521-D1/mm10/Ccl20+_UT/peak_calling/narrowpeak/AB3830-L1.narrowPeak.gz, /data/shamsaddinisha/jfarber-20160119-P1/spsingh-20190308-E1/spsingh-20190521-D1/mm10/Ccl20+_UT/peak_calling/broadpeak/AB3830-L1.broadPeak.gz, /data/shamsaddinisha/jfarber-20160119-P1/spsingh-20190308-E1/spsingh-20190521-D1/mm10/Ccl20-_T/peak_calling/narrowpeak/AB3831-L1.narrowPeak.gz, /data/shamsaddinisha/jfarber-20160119-P1/spsingh-20190308-E1/spsingh-20190521-D1/mm10/Ccl20-_T/peak_calling/broadpeak/AB3831-L1.broadPeak.gz, /data/shamsaddinisha/jfarber-20160119-P1/spsingh-20190308-E1/spsingh-20190521-D1/mm10/Ccl20-_T/peak_calling/narrowpeak/AB3832-L1.narrowPeak.gz, /data/shamsaddinisha/jfarber-20160119-P1/spsingh-20190308-E1/spsingh-20190521-D1/mm10/Ccl20-_T/peak_calling/broadpeak/AB3832-L1.broadPeak.gz, /data/shamsaddinisha/jfarber-20160119-P1/spsingh-20190308-E1/spsingh-20190521-D1/mm10/Ccl20-_T/peak_calling/narrowpeak/AB3833-L1.narrowPeak.gz, /data/shamsaddinisha/jfarber-20160119-P1/spsingh-20190308-E1/spsingh-20190521-D1/mm10/Ccl20-_T/peak_calling/broadpeak/AB3833-L1.broadPeak.gz, /data/shamsaddinisha/jfarber-20160119-P1/spsingh-20190308-E1/spsingh-20190521-D1/mm10/Ccl20-_T/peak_calling/narrowpeak/AB3834-L1.narrowPeak.gz, /data/shamsaddinisha/jfarber-20160119-P1/spsingh-20190308-E1/spsingh-20190521-D1/mm10/Ccl20-_T/peak_calling/broadpeak/AB3834-L1.broadPeak.gz, /data/shamsaddinisha/jfarber-20160119-P1/spsingh-20190308-E1/spsingh-20190521-D1/mm10/Ccl20+_T/peak_calling/narrowpeak/AB3835-L1.narrowPeak.gz, /data/shamsaddinisha/jfarber-20160119-P1/spsingh-20190308-E1/spsingh-20190521-D1/mm10/Ccl20+_T/peak_calling/broadpeak/AB3835-L1.broadPeak.gz, /data/shamsaddinisha/jfarber-20160119-P1/spsingh-20190308-E1/spsingh-20190521-D1/mm10/Ccl20+_T/peak_calling/narrowpeak/AB3836-L1.narrowPeak.gz, /data/shamsaddinisha/jfarber-20160119-P1/spsingh-20190308-E1/spsingh-20190521-D1/mm10/Ccl20+_T/peak_calling/broadpeak/AB3836-L1.broadPeak.gz, /data/shamsaddinisha/jfarber-20160119-P1/spsingh-20190308-E1/spsingh-20190521-D1/mm10/Ccl20+_T/peak_calling/narrowpeak/AB3837-L1.narrowPeak.gz, /data/shamsaddinisha/jfarber-20160119-P1/spsingh-20190308-E1/spsingh-20190521-D1/mm10/Ccl20+_T/peak_calling/broadpeak/AB3837-L1.broadPeak.gz, /data/shamsaddinisha/jfarber-20160119-P1/spsingh-20190308-E1/spsingh-20190521-D1/mm10/Ccl20+_T/peak_calling/narrowpeak/AB3838-L1.narrowPeak.gz, /data/shamsaddinisha/jfarber-20160119-P1/spsingh-20190308-E1/spsingh-20190521-D1/mm10/Ccl20+_T/peak_calling/broadpeak/AB3838-L1.broadPeak.gz, /data/shamsaddinisha/jfarber-20160119-P1/spsingh-20190308-E1/spsingh-20190521-D1/mm10/Ccl20-_UT/peak_calling/narrowpeak/AB3823-L1_POOLED_AB3824-L1_POOLED_AB3825-L1_POOLED_AB3826-L1.narrowPeak.gz, /data/shamsaddinisha/jfarber-20160119-P1/spsingh-20190308-E1/spsingh-20190521-D1/mm10/Ccl20-_UT/peak_calling/broadpeak/AB3823-L1_POOLED_AB3824-L1_POOLED_AB3825-L1_POOLED_AB3826-L1.broadPeak.gz, /data/shamsaddinisha/jfarber-20160119-P1/spsingh-20190308-E1/spsingh-20190521-D1/mm10/Ccl20+_UT/peak_calling/narrowpeak/AB3827-L1_POOLED_AB3828-L1_POOLED_AB3829-L1_POOLED_AB3830-L1.narrowPeak.gz, /data/shamsaddinisha/jfarber-20160119-P1/spsingh-20190308-E1/spsingh-20190521-D1/mm10/Ccl20+_UT/peak_calling/broadpeak/AB3827-L1_POOLED_AB3828-L1_POOLED_AB3829-L1_POOLED_AB3830-L1.broadPeak.gz, /data/shamsaddinisha/jfarber-20160119-P1/spsingh-20190308-E1/spsingh-20190521-D1/mm10/Ccl20-_T/peak_calling/narrowpeak/AB3831-L1_POOLED_AB3832-L1_POOLED_AB3833-L1_POOLED_AB3834-L1.narrowPeak.gz, /data/shamsaddinisha/jfarber-20160119-P1/spsingh-20190308-E1/spsingh-20190521-D1/mm10/Ccl20-_T/peak_calling/broadpeak/AB3831-L1_POOLED_AB3832-L1_POOLED_AB3833-L1_POOLED_AB3834-L1.broadPeak.gz, /data/shamsaddinisha/jfarber-20160119-P1/spsingh-20190308-E1/spsingh-20190521-D1/mm10/Ccl20+_T/peak_calling/narrowpeak/AB3835-L1_POOLED_AB3836-L1_POOLED_AB3837-L1_POOLED_AB3838-L1.narrowPeak.gz, /data/shamsaddinisha/jfarber-20160119-P1/spsingh-20190308-E1/spsingh-20190521-D1/mm10/Ccl20+_T/peak_calling/broadpeak/AB3835-L1_POOLED_AB3836-L1_POOLED_AB3837-L1_POOLED_AB3838-L1.broadPeak.gz
    jobid: 0

[Tue Jun  4 03:35:04 2019]
Finished job 0.
41 of 41 steps (100%) done
Complete log: /gpfs/gsfs6/users/shamsaddinisha/ATAC_Seq/Snakemake/.snakemake/log/2019-06-03T221641.704186.snakemake.log
