Building DAG of jobs...
Using shell: /usr/bin/bash
Provided cluster nodes: 30
Unlimited resources: mem_mb
Job counts:
	count	jobs
	1	End_Point
	11	Pre_Process_Paired
	12

[Mon Jun 24 21:10:27 2019]
Job 2: Pre_Process_Paired: CD8_Naive|AB2956-L1

Submitted job 2 with external jobid '30000766'.

[Mon Jun 24 21:10:30 2019]
Job 1: Pre_Process_Paired: CD8_Naive|AB2952-L1

Submitted job 1 with external jobid '30000768'.

[Mon Jun 24 21:10:33 2019]
Job 6: Pre_Process_Paired: CD8_VA2.7-CCR6+|AB2969-L1

Submitted job 6 with external jobid '30000769'.

[Mon Jun 24 21:10:35 2019]
Job 7: Pre_Process_Paired: CD8_VA2.7-CCR6+|AB2970-L1

Submitted job 7 with external jobid '30000770'.

[Mon Jun 24 21:10:38 2019]
Job 4: Pre_Process_Paired: CD8_CCR6-CCR2-|AB2953-L1

Submitted job 4 with external jobid '30000771'.

[Mon Jun 24 21:10:40 2019]
Job 5: Pre_Process_Paired: CD8_CCR6-CCR2-|AB2957-L1

Submitted job 5 with external jobid '30000772'.

[Mon Jun 24 21:10:43 2019]
Job 9: Pre_Process_Paired: CD8_VA2.7+CCR6+CCR2-|AB2958-L1

Submitted job 9 with external jobid '30000795'.

[Mon Jun 24 21:10:45 2019]
Job 11: Pre_Process_Paired: CD8_VA2.7+CCR6+CCR2+|AB2959-L1

Submitted job 11 with external jobid '30000849'.

[Mon Jun 24 21:10:46 2019]
Job 10: Pre_Process_Paired: CD8_VA2.7+CCR6+CCR2+|AB2955-L1

Submitted job 10 with external jobid '30000850'.

[Mon Jun 24 21:10:48 2019]
Job 8: Pre_Process_Paired: CD8_VA2.7+CCR6+CCR2-|AB2954-L1

Submitted job 8 with external jobid '30000851'.

[Mon Jun 24 21:10:49 2019]
Job 3: Pre_Process_Paired: CD8_Jurkat|AB2960-L1

Submitted job 3 with external jobid '30000852'.
[Mon Jun 24 22:34:38 2019]
Finished job 5.
1 of 12 steps (8%) done
[Mon Jun 24 22:42:42 2019]
Finished job 9.
2 of 12 steps (17%) done
[Mon Jun 24 23:00:54 2019]
Finished job 1.
3 of 12 steps (25%) done
[Mon Jun 24 23:00:54 2019]
Finished job 11.
4 of 12 steps (33%) done
[Mon Jun 24 23:02:04 2019]
Finished job 4.
5 of 12 steps (42%) done
[Mon Jun 24 23:06:45 2019]
Finished job 7.
6 of 12 steps (50%) done
[Mon Jun 24 23:11:15 2019]
Finished job 10.
7 of 12 steps (58%) done
[Mon Jun 24 23:12:55 2019]
Finished job 6.
8 of 12 steps (67%) done
[Mon Jun 24 23:14:55 2019]
Finished job 2.
9 of 12 steps (75%) done
[Mon Jun 24 23:15:35 2019]
Finished job 8.
10 of 12 steps (83%) done
[Mon Jun 24 23:44:37 2019]
Finished job 3.
11 of 12 steps (92%) done

[Mon Jun 24 23:44:37 2019]
localrule End_Point:
    input: /data/shamsaddinisha/jfarber-20160119-P1/jfarber-20160119-E1/spsingh-20171019-D2/hg38/CD8_Naive/pre_process/AB2952-L1.R1.processed.fastq, /data/shamsaddinisha/jfarber-20160119-P1/jfarber-20160119-E1/spsingh-20171019-D2/hg38/CD8_Naive/pre_process/AB2956-L1.R1.processed.fastq, /data/shamsaddinisha/jfarber-20160119-P1/jfarber-20160119-E1/spsingh-20171019-D2/hg38/CD8_Jurkat/pre_process/AB2960-L1.R1.processed.fastq, /data/shamsaddinisha/jfarber-20160119-P1/jfarber-20160119-E1/spsingh-20171019-D2/hg38/CD8_CCR6-CCR2-/pre_process/AB2953-L1.R1.processed.fastq, /data/shamsaddinisha/jfarber-20160119-P1/jfarber-20160119-E1/spsingh-20171019-D2/hg38/CD8_CCR6-CCR2-/pre_process/AB2957-L1.R1.processed.fastq, /data/shamsaddinisha/jfarber-20160119-P1/jfarber-20160119-E1/spsingh-20171019-D2/hg38/CD8_VA2.7-CCR6+/pre_process/AB2969-L1.R1.processed.fastq, /data/shamsaddinisha/jfarber-20160119-P1/jfarber-20160119-E1/spsingh-20171019-D2/hg38/CD8_VA2.7-CCR6+/pre_process/AB2970-L1.R1.processed.fastq, /data/shamsaddinisha/jfarber-20160119-P1/jfarber-20160119-E1/spsingh-20171019-D2/hg38/CD8_VA2.7+CCR6+CCR2-/pre_process/AB2954-L1.R1.processed.fastq, /data/shamsaddinisha/jfarber-20160119-P1/jfarber-20160119-E1/spsingh-20171019-D2/hg38/CD8_VA2.7+CCR6+CCR2-/pre_process/AB2958-L1.R1.processed.fastq, /data/shamsaddinisha/jfarber-20160119-P1/jfarber-20160119-E1/spsingh-20171019-D2/hg38/CD8_VA2.7+CCR6+CCR2+/pre_process/AB2955-L1.R1.processed.fastq, /data/shamsaddinisha/jfarber-20160119-P1/jfarber-20160119-E1/spsingh-20171019-D2/hg38/CD8_VA2.7+CCR6+CCR2+/pre_process/AB2959-L1.R1.processed.fastq
    jobid: 0

[Mon Jun 24 23:44:37 2019]
Finished job 0.
12 of 12 steps (100%) done
Complete log: /gpfs/gsfs6/users/shamsaddinisha/ATAC_Seq/Snakemake/.snakemake/log/2019-06-24T211026.699737.snakemake.log
