Building DAG of jobs...
Using shell: /usr/bin/bash
Provided cluster nodes: 30
Unlimited resources: mem_mb
Job counts:
	count	jobs
	1	End_Point
	5	Post_Alignment
	6

[Mon Jun  3 11:54:49 2019]
Job 2: Post_Alignment: Encode|ctl2

Submitted job 2 with external jobid '27937368'.

[Mon Jun  3 11:54:50 2019]
Job 4: Post_Alignment: Encode|rep1

Submitted job 4 with external jobid '27937369'.

[Mon Jun  3 11:54:51 2019]
Job 3: Post_Alignment: Encode|rep2

Submitted job 3 with external jobid '27937370'.

[Mon Jun  3 11:54:53 2019]
Job 5: Post_Alignment: Encode|rep2_POOLED_rep1

Submitted job 5 with external jobid '27937372'.

[Mon Jun  3 11:54:54 2019]
Job 1: Post_Alignment: Encode|ctl1

Submitted job 1 with external jobid '27937373'.
[Mon Jun  3 12:02:19 2019]
Finished job 4.
1 of 6 steps (17%) done
[Mon Jun  3 12:02:40 2019]
Finished job 1.
2 of 6 steps (33%) done
[Mon Jun  3 12:02:50 2019]
Finished job 2.
3 of 6 steps (50%) done
[Mon Jun  3 12:03:00 2019]
Finished job 3.
4 of 6 steps (67%) done
[Mon Jun  3 12:04:40 2019]
Finished job 5.
5 of 6 steps (83%) done

[Mon Jun  3 12:04:40 2019]
localrule End_Point:
    input: /data/shamsaddinisha/Test_DATA/human_Chip/Encode_Chip/Trial_Project/Trial_Experiment/ENCODE/hg38/Encode/post_alignment/ctl1.processed.bam, /data/shamsaddinisha/Test_DATA/human_Chip/Encode_Chip/Trial_Project/Trial_Experiment/ENCODE/hg38/Encode/post_alignment/ctl2.processed.bam, /data/shamsaddinisha/Test_DATA/human_Chip/Encode_Chip/Trial_Project/Trial_Experiment/ENCODE/hg38/Encode/post_alignment/rep2.processed.bam, /data/shamsaddinisha/Test_DATA/human_Chip/Encode_Chip/Trial_Project/Trial_Experiment/ENCODE/hg38/Encode/post_alignment/rep1.processed.bam, /data/shamsaddinisha/Test_DATA/human_Chip/Encode_Chip/Trial_Project/Trial_Experiment/ENCODE/hg38/Encode/post_alignment/rep2_POOLED_rep1.processed.bam
    jobid: 0

[Mon Jun  3 12:04:40 2019]
Finished job 0.
6 of 6 steps (100%) done
Complete log: /gpfs/gsfs6/users/shamsaddinisha/ATAC_Seq/Snakemake/.snakemake/log/2019-06-03T115448.598007.snakemake.log
