Building DAG of jobs...
Using shell: /usr/bin/bash
Provided cluster nodes: 30
Unlimited resources: mem_mb
Job counts:
	count	jobs
	1	End_Point
	16	Pre_Process_Paired
	17

[Wed May 22 11:03:30 2019]
Job 6: Pre_Process_Paired: Ccl20+_UT2|AB3828-L1

Submitted job 6 with external jobid '27123033'.

[Wed May 22 11:03:33 2019]
Job 3: Pre_Process_Paired: Ccl20-_UT3|AB3825-L1

Submitted job 3 with external jobid '27123034'.

[Wed May 22 11:03:36 2019]
Job 5: Pre_Process_Paired: Ccl20+_UT1|AB3827-L1

Submitted job 5 with external jobid '27123035'.

[Wed May 22 11:03:39 2019]
Job 11: Pre_Process_Paired: Ccl20-_T3|AB3833-L1

Submitted job 11 with external jobid '27123036'.

[Wed May 22 11:03:44 2019]
Job 13: Pre_Process_Paired: Ccl20+_T1|AB3835-L1

Submitted job 13 with external jobid '27123037'.

[Wed May 22 11:03:47 2019]
Job 7: Pre_Process_Paired: Ccl20+_UT3|AB3829-L1

Submitted job 7 with external jobid '27123038'.

[Wed May 22 11:03:49 2019]
Job 10: Pre_Process_Paired: Ccl20-_T2|AB3832-L1

Submitted job 10 with external jobid '27123041'.

[Wed May 22 11:03:52 2019]
Job 14: Pre_Process_Paired: Ccl20+_T2|AB3836-L1

Submitted job 14 with external jobid '27123042'.

[Wed May 22 11:03:55 2019]
Job 12: Pre_Process_Paired: Ccl20-_T4|AB3834-L1

Submitted job 12 with external jobid '27123043'.

[Wed May 22 11:03:58 2019]
Job 16: Pre_Process_Paired: Ccl20+_T4|AB3838-L1

Submitted job 16 with external jobid '27123044'.

[Wed May 22 11:04:01 2019]
Job 4: Pre_Process_Paired: Ccl20-_UT4|AB3826-L1

Submitted job 4 with external jobid '27123045'.

[Wed May 22 11:04:03 2019]
Job 9: Pre_Process_Paired: Ccl20-_T1|AB3831-L1

Submitted job 9 with external jobid '27123046'.

[Wed May 22 11:04:04 2019]
Job 1: Pre_Process_Paired: Ccl20-_UT1|AB3823-L1

Submitted job 1 with external jobid '27123048'.

[Wed May 22 11:04:05 2019]
Job 2: Pre_Process_Paired: Ccl20-_UT2|AB3824-L1

Submitted job 2 with external jobid '27123050'.

[Wed May 22 11:04:06 2019]
Job 8: Pre_Process_Paired: Ccl20+_UT4|AB3830-L1

Submitted job 8 with external jobid '27123051'.

[Wed May 22 11:04:08 2019]
Job 15: Pre_Process_Paired: Ccl20+_T3|AB3837-L1

Submitted job 15 with external jobid '27123052'.
