Building DAG of jobs...
Using shell: /usr/bin/bash
Provided cluster nodes: 30
Unlimited resources: mem_mb
Job counts:
	count	jobs
	4	Alignment_Paired
	1	End_Point
	1	Pooling_Case_Replicates
	6

[Mon Jun  3 11:21:46 2019]
Job 4: Alignment_Paired: Encode|rep1

Submitted job 4 with external jobid '27935242'.

[Mon Jun  3 11:21:47 2019]
Job 1: Alignment_Paired: Encode|ctl1

Submitted job 1 with external jobid '27935243'.

[Mon Jun  3 11:21:48 2019]
Job 3: Alignment_Paired: Encode|rep2

Submitted job 3 with external jobid '27935245'.

[Mon Jun  3 11:21:49 2019]
Job 2: Alignment_Paired: Encode|ctl2

Submitted job 2 with external jobid '27935247'.
[Mon Jun  3 11:36:47 2019]
Finished job 4.
1 of 6 steps (17%) done
[Mon Jun  3 11:38:17 2019]
Finished job 2.
2 of 6 steps (33%) done
[Mon Jun  3 11:38:37 2019]
Finished job 1.
3 of 6 steps (50%) done
[Mon Jun  3 11:38:47 2019]
Finished job 3.
4 of 6 steps (67%) done

[Mon Jun  3 11:38:47 2019]
Job 5: Pooling_Case_Replicates: Encode|rep2_POOLED_rep1

Submitted job 5 with external jobid '27936543'.
[Mon Jun  3 11:54:38 2019]
Finished job 5.
5 of 6 steps (83%) done

[Mon Jun  3 11:54:38 2019]
localrule End_Point:
    input: /data/shamsaddinisha/Test_DATA/human_Chip/Encode_Chip/Trial_Project/Trial_Experiment/ENCODE/hg38/Encode/alignment/ctl1.bam, /data/shamsaddinisha/Test_DATA/human_Chip/Encode_Chip/Trial_Project/Trial_Experiment/ENCODE/hg38/Encode/alignment/ctl2.bam, /data/shamsaddinisha/Test_DATA/human_Chip/Encode_Chip/Trial_Project/Trial_Experiment/ENCODE/hg38/Encode/alignment/rep2.bam, /data/shamsaddinisha/Test_DATA/human_Chip/Encode_Chip/Trial_Project/Trial_Experiment/ENCODE/hg38/Encode/alignment/rep1.bam, /data/shamsaddinisha/Test_DATA/human_Chip/Encode_Chip/Trial_Project/Trial_Experiment/ENCODE/hg38/Encode/alignment/rep2_POOLED_rep1.bam
    jobid: 0

[Mon Jun  3 11:54:38 2019]
Finished job 0.
6 of 6 steps (100%) done
Complete log: /gpfs/gsfs6/users/shamsaddinisha/ATAC_Seq/Snakemake/.snakemake/log/2019-06-03T112145.494069.snakemake.log
