Building DAG of jobs...
Using shell: /usr/bin/bash
Provided cluster nodes: 30
Unlimited resources: mem_mb
Job counts:
	count	jobs
	4	BroadPeak_IDR
	1	End_Point
	4	NarrowPeak_IDR
	9

[Sat May 25 14:04:34 2019]
Job 8: BroadPeak_IDR: Ccl20+_UT|AB3827-L1_IDR_AB3828-L1_IDR_AB3829-L1_IDR_AB3830-L1

Submitted job 8 with external jobid '27445361'.

[Sat May 25 14:04:36 2019]
Job 12: BroadPeak_IDR: Ccl20-_T|AB3831-L1_IDR_AB3832-L1_IDR_AB3833-L1_IDR_AB3834-L1

Submitted job 12 with external jobid '27445363'.

[Sat May 25 14:04:38 2019]
Job 4: BroadPeak_IDR: Ccl20-_UT|AB3823-L1_IDR_AB3824-L1_IDR_AB3825-L1_IDR_AB3826-L1

Submitted job 4 with external jobid '27445365'.

[Sat May 25 14:04:41 2019]
Job 15: NarrowPeak_IDR: Ccl20+_T|AB3835-L1_IDR_AB3836-L1_IDR_AB3837-L1_IDR_AB3838-L1

Submitted job 15 with external jobid '27445367'.

[Sat May 25 14:04:47 2019]
Job 11: NarrowPeak_IDR: Ccl20-_T|AB3831-L1_IDR_AB3832-L1_IDR_AB3833-L1_IDR_AB3834-L1

Submitted job 11 with external jobid '27445369'.

[Sat May 25 14:04:50 2019]
Job 7: NarrowPeak_IDR: Ccl20+_UT|AB3827-L1_IDR_AB3828-L1_IDR_AB3829-L1_IDR_AB3830-L1

Submitted job 7 with external jobid '27445370'.

[Sat May 25 14:04:52 2019]
Job 16: BroadPeak_IDR: Ccl20+_T|AB3835-L1_IDR_AB3836-L1_IDR_AB3837-L1_IDR_AB3838-L1

Submitted job 16 with external jobid '27445373'.

[Sat May 25 14:04:55 2019]
Job 3: NarrowPeak_IDR: Ccl20-_UT|AB3823-L1_IDR_AB3824-L1_IDR_AB3825-L1_IDR_AB3826-L1

Submitted job 3 with external jobid '27445374'.
[Sat May 25 14:08:35 2019]
Finished job 3.
1 of 9 steps (11%) done
[Sat May 25 14:09:25 2019]
Finished job 7.
2 of 9 steps (22%) done
[Sat May 25 14:09:55 2019]
Finished job 4.
3 of 9 steps (33%) done
[Sat May 25 14:10:05 2019]
Finished job 15.
4 of 9 steps (44%) done
[Sat May 25 14:10:55 2019]
Finished job 11.
5 of 9 steps (56%) done
[Sat May 25 14:12:35 2019]
Finished job 12.
6 of 9 steps (67%) done
[Sat May 25 14:13:15 2019]
Finished job 8.
7 of 9 steps (78%) done
[Sat May 25 14:14:05 2019]
Finished job 16.
8 of 9 steps (89%) done

[Sat May 25 14:14:05 2019]
localrule End_Point:
    input: /data/shamsaddinisha/jfarber-20160119-P1/spsingh-20190308-E1/spsingh-20190521-D1/mm10/Ccl20-_UT/peak_calling/narrowpeak/AB3823-L1_OVERLAPPED_AB3824-L1_OVERLAPPED_AB3825-L1_OVERLAPPED_AB3826-L1.narrowPeak.gz, /data/shamsaddinisha/jfarber-20160119-P1/spsingh-20190308-E1/spsingh-20190521-D1/mm10/Ccl20-_UT/peak_calling/broadpeak/AB3823-L1_OVERLAPPED_AB3824-L1_OVERLAPPED_AB3825-L1_OVERLAPPED_AB3826-L1.broadPeak.gz, /data/shamsaddinisha/jfarber-20160119-P1/spsingh-20190308-E1/spsingh-20190521-D1/mm10/Ccl20-_UT/peak_calling/narrowpeak/AB3823-L1_IDR_AB3824-L1_IDR_AB3825-L1_IDR_AB3826-L1.narrowPeak.gz, /data/shamsaddinisha/jfarber-20160119-P1/spsingh-20190308-E1/spsingh-20190521-D1/mm10/Ccl20-_UT/peak_calling/broadpeak/AB3823-L1_IDR_AB3824-L1_IDR_AB3825-L1_IDR_AB3826-L1.broadPeak.gz, /data/shamsaddinisha/jfarber-20160119-P1/spsingh-20190308-E1/spsingh-20190521-D1/mm10/Ccl20+_UT/peak_calling/narrowpeak/AB3827-L1_OVERLAPPED_AB3828-L1_OVERLAPPED_AB3829-L1_OVERLAPPED_AB3830-L1.narrowPeak.gz, /data/shamsaddinisha/jfarber-20160119-P1/spsingh-20190308-E1/spsingh-20190521-D1/mm10/Ccl20+_UT/peak_calling/broadpeak/AB3827-L1_OVERLAPPED_AB3828-L1_OVERLAPPED_AB3829-L1_OVERLAPPED_AB3830-L1.broadPeak.gz, /data/shamsaddinisha/jfarber-20160119-P1/spsingh-20190308-E1/spsingh-20190521-D1/mm10/Ccl20+_UT/peak_calling/narrowpeak/AB3827-L1_IDR_AB3828-L1_IDR_AB3829-L1_IDR_AB3830-L1.narrowPeak.gz, /data/shamsaddinisha/jfarber-20160119-P1/spsingh-20190308-E1/spsingh-20190521-D1/mm10/Ccl20+_UT/peak_calling/broadpeak/AB3827-L1_IDR_AB3828-L1_IDR_AB3829-L1_IDR_AB3830-L1.broadPeak.gz, /data/shamsaddinisha/jfarber-20160119-P1/spsingh-20190308-E1/spsingh-20190521-D1/mm10/Ccl20-_T/peak_calling/narrowpeak/AB3831-L1_OVERLAPPED_AB3832-L1_OVERLAPPED_AB3833-L1_OVERLAPPED_AB3834-L1.narrowPeak.gz, /data/shamsaddinisha/jfarber-20160119-P1/spsingh-20190308-E1/spsingh-20190521-D1/mm10/Ccl20-_T/peak_calling/broadpeak/AB3831-L1_OVERLAPPED_AB3832-L1_OVERLAPPED_AB3833-L1_OVERLAPPED_AB3834-L1.broadPeak.gz, /data/shamsaddinisha/jfarber-20160119-P1/spsingh-20190308-E1/spsingh-20190521-D1/mm10/Ccl20-_T/peak_calling/narrowpeak/AB3831-L1_IDR_AB3832-L1_IDR_AB3833-L1_IDR_AB3834-L1.narrowPeak.gz, /data/shamsaddinisha/jfarber-20160119-P1/spsingh-20190308-E1/spsingh-20190521-D1/mm10/Ccl20-_T/peak_calling/broadpeak/AB3831-L1_IDR_AB3832-L1_IDR_AB3833-L1_IDR_AB3834-L1.broadPeak.gz, /data/shamsaddinisha/jfarber-20160119-P1/spsingh-20190308-E1/spsingh-20190521-D1/mm10/Ccl20+_T/peak_calling/narrowpeak/AB3835-L1_OVERLAPPED_AB3836-L1_OVERLAPPED_AB3837-L1_OVERLAPPED_AB3838-L1.narrowPeak.gz, /data/shamsaddinisha/jfarber-20160119-P1/spsingh-20190308-E1/spsingh-20190521-D1/mm10/Ccl20+_T/peak_calling/broadpeak/AB3835-L1_OVERLAPPED_AB3836-L1_OVERLAPPED_AB3837-L1_OVERLAPPED_AB3838-L1.broadPeak.gz, /data/shamsaddinisha/jfarber-20160119-P1/spsingh-20190308-E1/spsingh-20190521-D1/mm10/Ccl20+_T/peak_calling/narrowpeak/AB3835-L1_IDR_AB3836-L1_IDR_AB3837-L1_IDR_AB3838-L1.narrowPeak.gz, /data/shamsaddinisha/jfarber-20160119-P1/spsingh-20190308-E1/spsingh-20190521-D1/mm10/Ccl20+_T/peak_calling/broadpeak/AB3835-L1_IDR_AB3836-L1_IDR_AB3837-L1_IDR_AB3838-L1.broadPeak.gz
    jobid: 0

[Sat May 25 14:14:05 2019]
Finished job 0.
9 of 9 steps (100%) done
Complete log: /gpfs/gsfs6/users/shamsaddinisha/ATAC_Seq/Snakemake/.snakemake/log/2019-05-25T140433.555913.snakemake.log
