Building DAG of jobs...
Using shell: /usr/bin/bash
Provided cluster nodes: 30
Unlimited resources: mem_mb
Job counts:
	count	jobs
	1	End_Point
	15	Post_Alignment
	16

[Thu Jun  6 20:12:58 2019]
Job 9: Post_Alignment: CD4_CCR6high|AB3614-L1

Submitted job 9 with external jobid '28297617'.

[Thu Jun  6 20:13:00 2019]
Job 8: Post_Alignment: CD4_CCR6low|AB3613-L1

Submitted job 8 with external jobid '28297618'.

[Thu Jun  6 20:13:01 2019]
Job 10: Post_Alignment: CD4_CCR6plus_CCR2plus|AB3615-L1

Submitted job 10 with external jobid '28297619'.

[Thu Jun  6 20:13:02 2019]
Job 15: Post_Alignment: CD4_CCR6plus_CCR2plus|AB3610-L1_POOLED_AB3615-L1

Submitted job 15 with external jobid '28297621'.

[Thu Jun  6 20:13:03 2019]
Job 4: Post_Alignment: CD4_CCR6high|AB3609-L1

Submitted job 4 with external jobid '28297622'.

[Thu Jun  6 20:13:04 2019]
Job 11: Post_Alignment: CD4_Naive|AB3606-L1_POOLED_AB3611-L1

Submitted job 11 with external jobid '28297623'.

[Thu Jun  6 20:13:06 2019]
Job 5: Post_Alignment: CD4_CCR6plus_CCR2plus|AB3610-L1

Submitted job 5 with external jobid '28297625'.

[Thu Jun  6 20:13:07 2019]
Job 13: Post_Alignment: CD4_CCR6low|AB3608-L1_POOLED_AB3613-L1

Submitted job 13 with external jobid '28297626'.

[Thu Jun  6 20:13:08 2019]
Job 12: Post_Alignment: CD4_CCR6neg|AB3607-L1_POOLED_AB3612-L1

Submitted job 12 with external jobid '28297627'.

[Thu Jun  6 20:13:09 2019]
Job 7: Post_Alignment: CD4_CCR6neg|AB3612-L1

Submitted job 7 with external jobid '28297629'.

[Thu Jun  6 20:13:10 2019]
Job 14: Post_Alignment: CD4_CCR6high|AB3609-L1_POOLED_AB3614-L1

Submitted job 14 with external jobid '28297630'.

[Thu Jun  6 20:13:12 2019]
Job 6: Post_Alignment: CD4_Naive|AB3611-L1

Submitted job 6 with external jobid '28297632'.

[Thu Jun  6 20:13:13 2019]
Job 1: Post_Alignment: CD4_Naive|AB3606-L1

Submitted job 1 with external jobid '28297633'.

[Thu Jun  6 20:13:14 2019]
Job 3: Post_Alignment: CD4_CCR6low|AB3608-L1

Submitted job 3 with external jobid '28297634'.

[Thu Jun  6 20:13:15 2019]
Job 2: Post_Alignment: CD4_CCR6neg|AB3607-L1

Submitted job 2 with external jobid '28297635'.
[Thu Jun  6 21:59:12 2019]
Finished job 9.
1 of 16 steps (6%) done
[Thu Jun  6 22:26:44 2019]
Finished job 10.
2 of 16 steps (12%) done
[Thu Jun  6 22:30:02 2019]
Finished job 8.
3 of 16 steps (19%) done
[Thu Jun  6 22:35:11 2019]
Finished job 4.
4 of 16 steps (25%) done
[Thu Jun  6 22:41:14 2019]
Finished job 5.
5 of 16 steps (31%) done
[Thu Jun  6 23:11:09 2019]
Finished job 2.
6 of 16 steps (38%) done
[Thu Jun  6 23:13:10 2019]
Finished job 1.
7 of 16 steps (44%) done
[Thu Jun  6 23:24:01 2019]
Finished job 6.
8 of 16 steps (50%) done
[Thu Jun  6 23:41:22 2019]
Finished job 11.
9 of 16 steps (56%) done
[Fri Jun  7 00:00:43 2019]
Finished job 15.
10 of 16 steps (62%) done
[Fri Jun  7 01:00:57 2019]
Finished job 14.
11 of 16 steps (69%) done
[Fri Jun  7 01:44:50 2019]
Finished job 3.
12 of 16 steps (75%) done
[Fri Jun  7 02:40:23 2019]
Finished job 7.
13 of 16 steps (81%) done
[Fri Jun  7 02:58:54 2019]
Finished job 13.
14 of 16 steps (88%) done
[Fri Jun  7 03:11:55 2019]
Finished job 12.
15 of 16 steps (94%) done

[Fri Jun  7 03:11:55 2019]
localrule End_Point:
    input: /data/shamsaddinisha/jfarber-20160119-P1/spsingh-20180829-E1/spsingh-20181029-D1/hg38/CD4_Naive/post_alignment/AB3606-L1.processed.bam, /data/shamsaddinisha/jfarber-20160119-P1/spsingh-20180829-E1/spsingh-20181029-D1/hg38/CD4_CCR6neg/post_alignment/AB3607-L1.processed.bam, /data/shamsaddinisha/jfarber-20160119-P1/spsingh-20180829-E1/spsingh-20181029-D1/hg38/CD4_CCR6low/post_alignment/AB3608-L1.processed.bam, /data/shamsaddinisha/jfarber-20160119-P1/spsingh-20180829-E1/spsingh-20181029-D1/hg38/CD4_CCR6high/post_alignment/AB3609-L1.processed.bam, /data/shamsaddinisha/jfarber-20160119-P1/spsingh-20180829-E1/spsingh-20181029-D1/hg38/CD4_CCR6plus_CCR2plus/post_alignment/AB3610-L1.processed.bam, /data/shamsaddinisha/jfarber-20160119-P1/spsingh-20180829-E1/spsingh-20181029-D1/hg38/CD4_Naive/post_alignment/AB3611-L1.processed.bam, /data/shamsaddinisha/jfarber-20160119-P1/spsingh-20180829-E1/spsingh-20181029-D1/hg38/CD4_CCR6neg/post_alignment/AB3612-L1.processed.bam, /data/shamsaddinisha/jfarber-20160119-P1/spsingh-20180829-E1/spsingh-20181029-D1/hg38/CD4_CCR6low/post_alignment/AB3613-L1.processed.bam, /data/shamsaddinisha/jfarber-20160119-P1/spsingh-20180829-E1/spsingh-20181029-D1/hg38/CD4_CCR6high/post_alignment/AB3614-L1.processed.bam, /data/shamsaddinisha/jfarber-20160119-P1/spsingh-20180829-E1/spsingh-20181029-D1/hg38/CD4_CCR6plus_CCR2plus/post_alignment/AB3615-L1.processed.bam, /data/shamsaddinisha/jfarber-20160119-P1/spsingh-20180829-E1/spsingh-20181029-D1/hg38/CD4_Naive/post_alignment/AB3606-L1_POOLED_AB3611-L1.processed.bam, /data/shamsaddinisha/jfarber-20160119-P1/spsingh-20180829-E1/spsingh-20181029-D1/hg38/CD4_CCR6neg/post_alignment/AB3607-L1_POOLED_AB3612-L1.processed.bam, /data/shamsaddinisha/jfarber-20160119-P1/spsingh-20180829-E1/spsingh-20181029-D1/hg38/CD4_CCR6low/post_alignment/AB3608-L1_POOLED_AB3613-L1.processed.bam, /data/shamsaddinisha/jfarber-20160119-P1/spsingh-20180829-E1/spsingh-20181029-D1/hg38/CD4_CCR6high/post_alignment/AB3609-L1_POOLED_AB3614-L1.processed.bam, /data/shamsaddinisha/jfarber-20160119-P1/spsingh-20180829-E1/spsingh-20181029-D1/hg38/CD4_CCR6plus_CCR2plus/post_alignment/AB3610-L1_POOLED_AB3615-L1.processed.bam
    jobid: 0

[Fri Jun  7 03:11:55 2019]
Finished job 0.
16 of 16 steps (100%) done
Complete log: /gpfs/gsfs6/users/shamsaddinisha/ATAC_Seq/Snakemake/.snakemake/log/2019-06-06T201258.067770.snakemake.log
