Building DAG of jobs...
Using shell: /usr/bin/bash
Provided cluster nodes: 30
Unlimited resources: mem_mb
Job counts:
	count	jobs
	1	End_Point
	10	Pre_Process_Paired
	11

[Wed Jun  5 13:51:43 2019]
Job 2: Pre_Process_Paired: CD4_CCR6neg|AB3607-L1

Submitted job 2 with external jobid '28127113'.

[Wed Jun  5 13:51:45 2019]
Job 8: Pre_Process_Paired: CD4_CCR6low|AB3613-L1

Submitted job 8 with external jobid '28127114'.

[Wed Jun  5 13:51:46 2019]
Job 9: Pre_Process_Paired: CD4_CCR6high|AB3614-L1

Submitted job 9 with external jobid '28127116'.

[Wed Jun  5 13:51:47 2019]
Job 6: Pre_Process_Paired: CD4_Naive|AB3611-L1

Submitted job 6 with external jobid '28127118'.

[Wed Jun  5 13:51:48 2019]
Job 3: Pre_Process_Paired: CD4_CCR6low|AB3608-L1

Submitted job 3 with external jobid '28127121'.

[Wed Jun  5 13:51:49 2019]
Job 4: Pre_Process_Paired: CD4_CCR6high|AB3609-L1

Submitted job 4 with external jobid '28127123'.

[Wed Jun  5 13:51:51 2019]
Job 1: Pre_Process_Paired: CD4_Naive|AB3606-L1

Submitted job 1 with external jobid '28127125'.

[Wed Jun  5 13:51:52 2019]
Job 7: Pre_Process_Paired: CD4_CCR6neg|AB3612-L1

Submitted job 7 with external jobid '28127128'.

[Wed Jun  5 13:51:53 2019]
Job 5: Pre_Process_Paired: CD4_CCR6plus_CCR2plus|AB3610-L1

Submitted job 5 with external jobid '28127130'.

[Wed Jun  5 13:51:54 2019]
Job 10: Pre_Process_Paired: CD4_CCR6plus_CCR2plus|AB3615-L1

Submitted job 10 with external jobid '28127131'.
[Wed Jun  5 14:28:46 2019]
Finished job 2.
1 of 11 steps (9%) done
[Wed Jun  5 14:33:57 2019]
Finished job 4.
2 of 11 steps (18%) done
[Wed Jun  5 14:34:47 2019]
Finished job 1.
3 of 11 steps (27%) done
[Wed Jun  5 14:42:28 2019]
Finished job 9.
4 of 11 steps (36%) done
[Wed Jun  5 14:44:18 2019]
Finished job 6.
5 of 11 steps (45%) done
[Wed Jun  5 14:49:08 2019]
Finished job 5.
6 of 11 steps (55%) done
[Wed Jun  5 14:52:18 2019]
Finished job 8.
7 of 11 steps (64%) done
[Wed Jun  5 14:57:09 2019]
Finished job 10.
8 of 11 steps (73%) done
[Wed Jun  5 14:57:29 2019]
Finished job 3.
9 of 11 steps (82%) done
[Wed Jun  5 15:25:41 2019]
Finished job 7.
10 of 11 steps (91%) done

[Wed Jun  5 15:25:41 2019]
localrule End_Point:
    input: /data/shamsaddinisha/jfarber-20160119-P1/spsingh-20180829-E1/spsingh-20181029-D1/hg38/CD4_Naive/pre_process/AB3606-L1.R1.processed.fastq, /data/shamsaddinisha/jfarber-20160119-P1/spsingh-20180829-E1/spsingh-20181029-D1/hg38/CD4_CCR6neg/pre_process/AB3607-L1.R1.processed.fastq, /data/shamsaddinisha/jfarber-20160119-P1/spsingh-20180829-E1/spsingh-20181029-D1/hg38/CD4_CCR6low/pre_process/AB3608-L1.R1.processed.fastq, /data/shamsaddinisha/jfarber-20160119-P1/spsingh-20180829-E1/spsingh-20181029-D1/hg38/CD4_CCR6high/pre_process/AB3609-L1.R1.processed.fastq, /data/shamsaddinisha/jfarber-20160119-P1/spsingh-20180829-E1/spsingh-20181029-D1/hg38/CD4_CCR6plus_CCR2plus/pre_process/AB3610-L1.R1.processed.fastq, /data/shamsaddinisha/jfarber-20160119-P1/spsingh-20180829-E1/spsingh-20181029-D1/hg38/CD4_Naive/pre_process/AB3611-L1.R1.processed.fastq, /data/shamsaddinisha/jfarber-20160119-P1/spsingh-20180829-E1/spsingh-20181029-D1/hg38/CD4_CCR6neg/pre_process/AB3612-L1.R1.processed.fastq, /data/shamsaddinisha/jfarber-20160119-P1/spsingh-20180829-E1/spsingh-20181029-D1/hg38/CD4_CCR6low/pre_process/AB3613-L1.R1.processed.fastq, /data/shamsaddinisha/jfarber-20160119-P1/spsingh-20180829-E1/spsingh-20181029-D1/hg38/CD4_CCR6high/pre_process/AB3614-L1.R1.processed.fastq, /data/shamsaddinisha/jfarber-20160119-P1/spsingh-20180829-E1/spsingh-20181029-D1/hg38/CD4_CCR6plus_CCR2plus/pre_process/AB3615-L1.R1.processed.fastq
    jobid: 0

[Wed Jun  5 15:25:41 2019]
Finished job 0.
11 of 11 steps (100%) done
Complete log: /gpfs/gsfs6/users/shamsaddinisha/ATAC_Seq/Snakemake/.snakemake/log/2019-06-05T134940.732570.snakemake.log
