Building DAG of jobs...
Using shell: /usr/bin/bash
Provided cluster nodes: 30
Unlimited resources: mem_mb
Job counts:
	count	jobs
	1	End_Point
	16	Pre_Process_Paired
	17

[Wed May 22 12:24:43 2019]
Job 1: Pre_Process_Paired: Ccl20-_UT1|AB3823-L1

Submitted job 1 with external jobid '27129995'.

[Wed May 22 12:24:45 2019]
Job 9: Pre_Process_Paired: Ccl20-_T1|AB3831-L1

Submitted job 9 with external jobid '27129997'.

[Wed May 22 12:24:48 2019]
Job 12: Pre_Process_Paired: Ccl20-_T4|AB3834-L1

Submitted job 12 with external jobid '27129999'.

[Wed May 22 12:24:51 2019]
Job 3: Pre_Process_Paired: Ccl20-_UT3|AB3825-L1

Submitted job 3 with external jobid '27130000'.

[Wed May 22 12:24:54 2019]
Job 10: Pre_Process_Paired: Ccl20-_T2|AB3832-L1

Submitted job 10 with external jobid '27130001'.

[Wed May 22 12:24:56 2019]
Job 13: Pre_Process_Paired: Ccl20+_T1|AB3835-L1

Submitted job 13 with external jobid '27130002'.

[Wed May 22 12:24:59 2019]
Job 16: Pre_Process_Paired: Ccl20+_T4|AB3838-L1

Submitted job 16 with external jobid '27130003'.

[Wed May 22 12:25:01 2019]
Job 4: Pre_Process_Paired: Ccl20-_UT4|AB3826-L1

Submitted job 4 with external jobid '27130004'.

[Wed May 22 12:25:05 2019]
Job 5: Pre_Process_Paired: Ccl20+_UT1|AB3827-L1

Submitted job 5 with external jobid '27130005'.

[Wed May 22 12:25:07 2019]
Job 11: Pre_Process_Paired: Ccl20-_T3|AB3833-L1

Submitted job 11 with external jobid '27130006'.

[Wed May 22 12:25:10 2019]
Job 7: Pre_Process_Paired: Ccl20+_UT3|AB3829-L1

Submitted job 7 with external jobid '27130007'.

[Wed May 22 12:25:14 2019]
Job 15: Pre_Process_Paired: Ccl20+_T3|AB3837-L1

Submitted job 15 with external jobid '27130008'.

[Wed May 22 12:25:16 2019]
Job 6: Pre_Process_Paired: Ccl20+_UT2|AB3828-L1

Submitted job 6 with external jobid '27130009'.

[Wed May 22 12:25:19 2019]
Job 14: Pre_Process_Paired: Ccl20+_T2|AB3836-L1

Submitted job 14 with external jobid '27130010'.

[Wed May 22 12:25:22 2019]
Job 8: Pre_Process_Paired: Ccl20+_UT4|AB3830-L1

Submitted job 8 with external jobid '27130011'.

[Wed May 22 12:25:25 2019]
Job 2: Pre_Process_Paired: Ccl20-_UT2|AB3824-L1

Submitted job 2 with external jobid '27130012'.
