Building DAG of jobs...
Using shell: /usr/bin/bash
Provided cluster nodes: 30
Unlimited resources: mem_mb
Job counts:
	count	jobs
	11	Alignment_Paired
	1	End_Point
	5	Pooling_Case_Replicates
	17

[Mon Jun 24 23:44:48 2019]
Job 3: Alignment_Paired: CD8_Jurkat|AB2960-L1

Submitted job 3 with external jobid '30009511'.

[Mon Jun 24 23:44:49 2019]
Job 10: Alignment_Paired: CD8_VA2.7+CCR6+CCR2+|AB2955-L1

Submitted job 10 with external jobid '30009512'.

[Mon Jun 24 23:44:50 2019]
Job 4: Alignment_Paired: CD8_CCR6-CCR2-|AB2953-L1

Submitted job 4 with external jobid '30009513'.

[Mon Jun 24 23:44:51 2019]
Job 7: Alignment_Paired: CD8_VA2.7-CCR6+|AB2970-L1

Submitted job 7 with external jobid '30009514'.

[Mon Jun 24 23:44:53 2019]
Job 6: Alignment_Paired: CD8_VA2.7-CCR6+|AB2969-L1

Submitted job 6 with external jobid '30009515'.

[Mon Jun 24 23:44:54 2019]
Job 11: Alignment_Paired: CD8_VA2.7+CCR6+CCR2+|AB2959-L1

Submitted job 11 with external jobid '30009524'.

[Mon Jun 24 23:44:56 2019]
Job 9: Alignment_Paired: CD8_VA2.7+CCR6+CCR2-|AB2958-L1

Submitted job 9 with external jobid '30009525'.

[Mon Jun 24 23:44:57 2019]
Job 5: Alignment_Paired: CD8_CCR6-CCR2-|AB2957-L1

Submitted job 5 with external jobid '30009526'.

[Mon Jun 24 23:44:59 2019]
Job 2: Alignment_Paired: CD8_Naive|AB2956-L1

Submitted job 2 with external jobid '30009527'.

[Mon Jun 24 23:45:00 2019]
Job 1: Alignment_Paired: CD8_Naive|AB2952-L1

Submitted job 1 with external jobid '30009529'.

[Mon Jun 24 23:45:01 2019]
Job 8: Alignment_Paired: CD8_VA2.7+CCR6+CCR2-|AB2954-L1

Submitted job 8 with external jobid '30009530'.
[Tue Jun 25 15:58:30 2019]
Finished job 11.
1 of 17 steps (6%) done
[Tue Jun 25 18:11:22 2019]
Finished job 1.
2 of 17 steps (12%) done
[Tue Jun 25 18:53:56 2019]
Finished job 7.
3 of 17 steps (18%) done
[Tue Jun 25 19:17:37 2019]
Finished job 4.
4 of 17 steps (24%) done
