Building DAG of jobs...
Using shell: /usr/bin/bash
Provided cluster nodes: 30
Unlimited resources: mem_mb
Job counts:
	count	jobs
	1	End_Point
	11	Pre_Process_Paired
	12

[Mon Jun 24 14:03:47 2019]
Job 3: Pre_Process_Paired: CD8_Jurkat|AB2960-L1

Submitted job 3 with external jobid '29920657'.

[Mon Jun 24 14:03:48 2019]
Job 9: Pre_Process_Paired: CD8_VA2.7+CCR6+CCR2-|AB2958-L1

Submitted job 9 with external jobid '29920661'.

[Mon Jun 24 14:03:50 2019]
Job 10: Pre_Process_Paired: CD8_VA2.7+CCR6+CCR2-|AB2955-L1

Submitted job 10 with external jobid '29920665'.

[Mon Jun 24 14:03:51 2019]
Job 5: Pre_Process_Paired: CD8_CCR6-CCR2-|AB2957-L1

Submitted job 5 with external jobid '29920669'.

[Mon Jun 24 14:03:52 2019]
Job 6: Pre_Process_Paired: CD8_VA2.7-CCR6+|AB2969-L1

Submitted job 6 with external jobid '29920672'.

[Mon Jun 24 14:03:53 2019]
Job 2: Pre_Process_Paired: CD8_Naive|AB2956-L1

Submitted job 2 with external jobid '29920676'.

[Mon Jun 24 14:03:54 2019]
Job 8: Pre_Process_Paired: CD8_VA2.7+CCR6+CCR2-|AB2954-L1

Submitted job 8 with external jobid '29920679'.

[Mon Jun 24 14:03:56 2019]
Job 1: Pre_Process_Paired: CD8_Naive|AB2952-L1

Submitted job 1 with external jobid '29920682'.

[Mon Jun 24 14:03:57 2019]
Job 4: Pre_Process_Paired: CD8_CCR6-CCR2-|AB2953-L1

Submitted job 4 with external jobid '29920685'.

[Mon Jun 24 14:03:58 2019]
Job 7: Pre_Process_Paired: CD8_VA2.7-CCR6+|AB2970-L1

Submitted job 7 with external jobid '29920688'.

[Mon Jun 24 14:03:59 2019]
Job 11: Pre_Process_Paired: CD8_VA2.7+CCR6+CCR2-|AB2959-L1

Submitted job 11 with external jobid '29920690'.
[Mon Jun 24 15:25:58 2019]
Finished job 5.
1 of 12 steps (8%) done
[Mon Jun 24 15:36:37 2019]
Finished job 9.
2 of 12 steps (17%) done
[Mon Jun 24 15:46:28 2019]
Finished job 1.
3 of 12 steps (25%) done
[Mon Jun 24 15:46:28 2019]
Finished job 11.
4 of 12 steps (33%) done
[Mon Jun 24 15:49:58 2019]
Finished job 4.
5 of 12 steps (42%) done
