Building DAG of jobs...
Using shell: /usr/bin/bash
Provided cluster nodes: 30
Unlimited resources: mem_mb
Job counts:
	count	jobs
	1	End_Point
	20	Post_Alignment
	21

[Thu May 23 23:02:46 2019]
Job 19: Post_Alignment: Ccl20-_T|AB3831-L1_POOLED_AB3832-L1_POOLED_AB3833-L1_POOLED_AB3834-L1

Submitted job 19 with external jobid '27318031'.

[Thu May 23 23:02:47 2019]
Job 8: Post_Alignment: Ccl20+_UT|AB3830-L1

Submitted job 8 with external jobid '27318032'.

[Thu May 23 23:02:48 2019]
Job 12: Post_Alignment: Ccl20-_T|AB3834-L1

Submitted job 12 with external jobid '27318033'.

[Thu May 23 23:02:49 2019]
Job 3: Post_Alignment: Ccl20-_UT|AB3825-L1

Submitted job 3 with external jobid '27318034'.

[Thu May 23 23:02:51 2019]
Job 11: Post_Alignment: Ccl20-_T|AB3833-L1

Submitted job 11 with external jobid '27318035'.

[Thu May 23 23:02:52 2019]
Job 7: Post_Alignment: Ccl20+_UT|AB3829-L1

Submitted job 7 with external jobid '27318036'.

[Thu May 23 23:02:53 2019]
Job 10: Post_Alignment: Ccl20-_T|AB3832-L1

Submitted job 10 with external jobid '27318037'.

[Thu May 23 23:02:54 2019]
Job 13: Post_Alignment: Ccl20+_T|AB3835-L1

Submitted job 13 with external jobid '27318038'.

[Thu May 23 23:02:55 2019]
Job 15: Post_Alignment: Ccl20+_T|AB3837-L1

Submitted job 15 with external jobid '27318039'.

[Thu May 23 23:02:57 2019]
Job 16: Post_Alignment: Ccl20+_T|AB3838-L1

Submitted job 16 with external jobid '27318040'.

[Thu May 23 23:02:58 2019]
Job 4: Post_Alignment: Ccl20-_UT|AB3826-L1

Submitted job 4 with external jobid '27318041'.

[Thu May 23 23:03:00 2019]
Job 1: Post_Alignment: Ccl20-_UT|AB3823-L1

Submitted job 1 with external jobid '27318042'.

[Thu May 23 23:03:01 2019]
Job 17: Post_Alignment: Ccl20-_UT|AB3823-L1_POOLED_AB3824-L1_POOLED_AB3825-L1_POOLED_AB3826-L1

Submitted job 17 with external jobid '27318043'.

[Thu May 23 23:03:02 2019]
Job 5: Post_Alignment: Ccl20+_UT|AB3827-L1

Submitted job 5 with external jobid '27318044'.

[Thu May 23 23:03:03 2019]
Job 18: Post_Alignment: Ccl20+_UT|AB3827-L1_POOLED_AB3828-L1_POOLED_AB3829-L1_POOLED_AB3830-L1

Submitted job 18 with external jobid '27318045'.

[Thu May 23 23:03:05 2019]
Job 2: Post_Alignment: Ccl20-_UT|AB3824-L1

Submitted job 2 with external jobid '27318046'.

[Thu May 23 23:03:06 2019]
Job 9: Post_Alignment: Ccl20-_T|AB3831-L1

Submitted job 9 with external jobid '27318047'.

[Thu May 23 23:03:07 2019]
Job 20: Post_Alignment: Ccl20+_T|AB3835-L1_POOLED_AB3836-L1_POOLED_AB3837-L1_POOLED_AB3838-L1

Submitted job 20 with external jobid '27318048'.

[Thu May 23 23:03:08 2019]
Job 6: Post_Alignment: Ccl20+_UT|AB3828-L1

Submitted job 6 with external jobid '27318049'.

[Thu May 23 23:03:09 2019]
Job 14: Post_Alignment: Ccl20+_T|AB3836-L1

Submitted job 14 with external jobid '27318051'.
[Thu May 23 23:24:54 2019]
Error in rule Post_Alignment:
    jobid: 12
    output: /data/shamsaddinisha/jfarber-20160119-P1/spsingh-20190308-E1/spsingh-20190521-D1/mm10/Ccl20-_T/post_alignment/AB3834-L1.processed.bam, /data/shamsaddinisha/jfarber-20160119-P1/spsingh-20190308-E1/spsingh-20190521-D1/mm10/Ccl20-_T/post_alignment/AB3834-L1.processed.bam.bai, /data/shamsaddinisha/jfarber-20160119-P1/spsingh-20190308-E1/spsingh-20190521-D1/mm10/Ccl20-_T/post_alignment/AB3834-L1.processed.bed.gz, /data/shamsaddinisha/jfarber-20160119-P1/spsingh-20190308-E1/spsingh-20190521-D1/mm10/Ccl20-_T/post_alignment/AB3834-L1.processed.bed.gz.tbi, /data/shamsaddinisha/jfarber-20160119-P1/spsingh-20190308-E1/spsingh-20190521-D1/mm10/Ccl20-_T/post_alignment/AB3834-L1.processed.bb, /data/shamsaddinisha/jfarber-20160119-P1/spsingh-20190308-E1/spsingh-20190521-D1/mm10/Ccl20-_T/post_alignment/AB3834-L1.processed.bigwig
    cluster_jobid: 27318033

Job failed, going on with independent jobs.
[Thu May 23 23:28:57 2019]
Error in rule Post_Alignment:
    jobid: 3
    output: /data/shamsaddinisha/jfarber-20160119-P1/spsingh-20190308-E1/spsingh-20190521-D1/mm10/Ccl20-_UT/post_alignment/AB3825-L1.processed.bam, /data/shamsaddinisha/jfarber-20160119-P1/spsingh-20190308-E1/spsingh-20190521-D1/mm10/Ccl20-_UT/post_alignment/AB3825-L1.processed.bam.bai, /data/shamsaddinisha/jfarber-20160119-P1/spsingh-20190308-E1/spsingh-20190521-D1/mm10/Ccl20-_UT/post_alignment/AB3825-L1.processed.bed.gz, /data/shamsaddinisha/jfarber-20160119-P1/spsingh-20190308-E1/spsingh-20190521-D1/mm10/Ccl20-_UT/post_alignment/AB3825-L1.processed.bed.gz.tbi, /data/shamsaddinisha/jfarber-20160119-P1/spsingh-20190308-E1/spsingh-20190521-D1/mm10/Ccl20-_UT/post_alignment/AB3825-L1.processed.bb, /data/shamsaddinisha/jfarber-20160119-P1/spsingh-20190308-E1/spsingh-20190521-D1/mm10/Ccl20-_UT/post_alignment/AB3825-L1.processed.bigwig
    cluster_jobid: 27318034

Job failed, going on with independent jobs.
[Thu May 23 23:28:57 2019]
Error in rule Post_Alignment:
    jobid: 7
    output: /data/shamsaddinisha/jfarber-20160119-P1/spsingh-20190308-E1/spsingh-20190521-D1/mm10/Ccl20+_UT/post_alignment/AB3829-L1.processed.bam, /data/shamsaddinisha/jfarber-20160119-P1/spsingh-20190308-E1/spsingh-20190521-D1/mm10/Ccl20+_UT/post_alignment/AB3829-L1.processed.bam.bai, /data/shamsaddinisha/jfarber-20160119-P1/spsingh-20190308-E1/spsingh-20190521-D1/mm10/Ccl20+_UT/post_alignment/AB3829-L1.processed.bed.gz, /data/shamsaddinisha/jfarber-20160119-P1/spsingh-20190308-E1/spsingh-20190521-D1/mm10/Ccl20+_UT/post_alignment/AB3829-L1.processed.bed.gz.tbi, /data/shamsaddinisha/jfarber-20160119-P1/spsingh-20190308-E1/spsingh-20190521-D1/mm10/Ccl20+_UT/post_alignment/AB3829-L1.processed.bb, /data/shamsaddinisha/jfarber-20160119-P1/spsingh-20190308-E1/spsingh-20190521-D1/mm10/Ccl20+_UT/post_alignment/AB3829-L1.processed.bigwig
    cluster_jobid: 27318036

Job failed, going on with independent jobs.
[Thu May 23 23:31:54 2019]
Error in rule Post_Alignment:
    jobid: 13
    output: /data/shamsaddinisha/jfarber-20160119-P1/spsingh-20190308-E1/spsingh-20190521-D1/mm10/Ccl20+_T/post_alignment/AB3835-L1.processed.bam, /data/shamsaddinisha/jfarber-20160119-P1/spsingh-20190308-E1/spsingh-20190521-D1/mm10/Ccl20+_T/post_alignment/AB3835-L1.processed.bam.bai, /data/shamsaddinisha/jfarber-20160119-P1/spsingh-20190308-E1/spsingh-20190521-D1/mm10/Ccl20+_T/post_alignment/AB3835-L1.processed.bed.gz, /data/shamsaddinisha/jfarber-20160119-P1/spsingh-20190308-E1/spsingh-20190521-D1/mm10/Ccl20+_T/post_alignment/AB3835-L1.processed.bed.gz.tbi, /data/shamsaddinisha/jfarber-20160119-P1/spsingh-20190308-E1/spsingh-20190521-D1/mm10/Ccl20+_T/post_alignment/AB3835-L1.processed.bb, /data/shamsaddinisha/jfarber-20160119-P1/spsingh-20190308-E1/spsingh-20190521-D1/mm10/Ccl20+_T/post_alignment/AB3835-L1.processed.bigwig
    cluster_jobid: 27318038

Job failed, going on with independent jobs.
[Thu May 23 23:37:24 2019]
Error in rule Post_Alignment:
    jobid: 8
    output: /data/shamsaddinisha/jfarber-20160119-P1/spsingh-20190308-E1/spsingh-20190521-D1/mm10/Ccl20+_UT/post_alignment/AB3830-L1.processed.bam, /data/shamsaddinisha/jfarber-20160119-P1/spsingh-20190308-E1/spsingh-20190521-D1/mm10/Ccl20+_UT/post_alignment/AB3830-L1.processed.bam.bai, /data/shamsaddinisha/jfarber-20160119-P1/spsingh-20190308-E1/spsingh-20190521-D1/mm10/Ccl20+_UT/post_alignment/AB3830-L1.processed.bed.gz, /data/shamsaddinisha/jfarber-20160119-P1/spsingh-20190308-E1/spsingh-20190521-D1/mm10/Ccl20+_UT/post_alignment/AB3830-L1.processed.bed.gz.tbi, /data/shamsaddinisha/jfarber-20160119-P1/spsingh-20190308-E1/spsingh-20190521-D1/mm10/Ccl20+_UT/post_alignment/AB3830-L1.processed.bb, /data/shamsaddinisha/jfarber-20160119-P1/spsingh-20190308-E1/spsingh-20190521-D1/mm10/Ccl20+_UT/post_alignment/AB3830-L1.processed.bigwig
    cluster_jobid: 27318032

Job failed, going on with independent jobs.
[Thu May 23 23:40:20 2019]
Error in rule Post_Alignment:
    jobid: 11
    output: /data/shamsaddinisha/jfarber-20160119-P1/spsingh-20190308-E1/spsingh-20190521-D1/mm10/Ccl20-_T/post_alignment/AB3833-L1.processed.bam, /data/shamsaddinisha/jfarber-20160119-P1/spsingh-20190308-E1/spsingh-20190521-D1/mm10/Ccl20-_T/post_alignment/AB3833-L1.processed.bam.bai, /data/shamsaddinisha/jfarber-20160119-P1/spsingh-20190308-E1/spsingh-20190521-D1/mm10/Ccl20-_T/post_alignment/AB3833-L1.processed.bed.gz, /data/shamsaddinisha/jfarber-20160119-P1/spsingh-20190308-E1/spsingh-20190521-D1/mm10/Ccl20-_T/post_alignment/AB3833-L1.processed.bed.gz.tbi, /data/shamsaddinisha/jfarber-20160119-P1/spsingh-20190308-E1/spsingh-20190521-D1/mm10/Ccl20-_T/post_alignment/AB3833-L1.processed.bb, /data/shamsaddinisha/jfarber-20160119-P1/spsingh-20190308-E1/spsingh-20190521-D1/mm10/Ccl20-_T/post_alignment/AB3833-L1.processed.bigwig
    cluster_jobid: 27318035

Job failed, going on with independent jobs.
[Thu May 23 23:43:27 2019]
Error in rule Post_Alignment:
    jobid: 15
    output: /data/shamsaddinisha/jfarber-20160119-P1/spsingh-20190308-E1/spsingh-20190521-D1/mm10/Ccl20+_T/post_alignment/AB3837-L1.processed.bam, /data/shamsaddinisha/jfarber-20160119-P1/spsingh-20190308-E1/spsingh-20190521-D1/mm10/Ccl20+_T/post_alignment/AB3837-L1.processed.bam.bai, /data/shamsaddinisha/jfarber-20160119-P1/spsingh-20190308-E1/spsingh-20190521-D1/mm10/Ccl20+_T/post_alignment/AB3837-L1.processed.bed.gz, /data/shamsaddinisha/jfarber-20160119-P1/spsingh-20190308-E1/spsingh-20190521-D1/mm10/Ccl20+_T/post_alignment/AB3837-L1.processed.bed.gz.tbi, /data/shamsaddinisha/jfarber-20160119-P1/spsingh-20190308-E1/spsingh-20190521-D1/mm10/Ccl20+_T/post_alignment/AB3837-L1.processed.bb, /data/shamsaddinisha/jfarber-20160119-P1/spsingh-20190308-E1/spsingh-20190521-D1/mm10/Ccl20+_T/post_alignment/AB3837-L1.processed.bigwig
    cluster_jobid: 27318039

Job failed, going on with independent jobs.
[Thu May 23 23:43:27 2019]
Error in rule Post_Alignment:
    jobid: 4
    output: /data/shamsaddinisha/jfarber-20160119-P1/spsingh-20190308-E1/spsingh-20190521-D1/mm10/Ccl20-_UT/post_alignment/AB3826-L1.processed.bam, /data/shamsaddinisha/jfarber-20160119-P1/spsingh-20190308-E1/spsingh-20190521-D1/mm10/Ccl20-_UT/post_alignment/AB3826-L1.processed.bam.bai, /data/shamsaddinisha/jfarber-20160119-P1/spsingh-20190308-E1/spsingh-20190521-D1/mm10/Ccl20-_UT/post_alignment/AB3826-L1.processed.bed.gz, /data/shamsaddinisha/jfarber-20160119-P1/spsingh-20190308-E1/spsingh-20190521-D1/mm10/Ccl20-_UT/post_alignment/AB3826-L1.processed.bed.gz.tbi, /data/shamsaddinisha/jfarber-20160119-P1/spsingh-20190308-E1/spsingh-20190521-D1/mm10/Ccl20-_UT/post_alignment/AB3826-L1.processed.bb, /data/shamsaddinisha/jfarber-20160119-P1/spsingh-20190308-E1/spsingh-20190521-D1/mm10/Ccl20-_UT/post_alignment/AB3826-L1.processed.bigwig
    cluster_jobid: 27318041

Job failed, going on with independent jobs.
[Thu May 23 23:44:22 2019]
Error in rule Post_Alignment:
    jobid: 10
    output: /data/shamsaddinisha/jfarber-20160119-P1/spsingh-20190308-E1/spsingh-20190521-D1/mm10/Ccl20-_T/post_alignment/AB3832-L1.processed.bam, /data/shamsaddinisha/jfarber-20160119-P1/spsingh-20190308-E1/spsingh-20190521-D1/mm10/Ccl20-_T/post_alignment/AB3832-L1.processed.bam.bai, /data/shamsaddinisha/jfarber-20160119-P1/spsingh-20190308-E1/spsingh-20190521-D1/mm10/Ccl20-_T/post_alignment/AB3832-L1.processed.bed.gz, /data/shamsaddinisha/jfarber-20160119-P1/spsingh-20190308-E1/spsingh-20190521-D1/mm10/Ccl20-_T/post_alignment/AB3832-L1.processed.bed.gz.tbi, /data/shamsaddinisha/jfarber-20160119-P1/spsingh-20190308-E1/spsingh-20190521-D1/mm10/Ccl20-_T/post_alignment/AB3832-L1.processed.bb, /data/shamsaddinisha/jfarber-20160119-P1/spsingh-20190308-E1/spsingh-20190521-D1/mm10/Ccl20-_T/post_alignment/AB3832-L1.processed.bigwig
    cluster_jobid: 27318037

Job failed, going on with independent jobs.
[Thu May 23 23:44:55 2019]
Error in rule Post_Alignment:
    jobid: 16
    output: /data/shamsaddinisha/jfarber-20160119-P1/spsingh-20190308-E1/spsingh-20190521-D1/mm10/Ccl20+_T/post_alignment/AB3838-L1.processed.bam, /data/shamsaddinisha/jfarber-20160119-P1/spsingh-20190308-E1/spsingh-20190521-D1/mm10/Ccl20+_T/post_alignment/AB3838-L1.processed.bam.bai, /data/shamsaddinisha/jfarber-20160119-P1/spsingh-20190308-E1/spsingh-20190521-D1/mm10/Ccl20+_T/post_alignment/AB3838-L1.processed.bed.gz, /data/shamsaddinisha/jfarber-20160119-P1/spsingh-20190308-E1/spsingh-20190521-D1/mm10/Ccl20+_T/post_alignment/AB3838-L1.processed.bed.gz.tbi, /data/shamsaddinisha/jfarber-20160119-P1/spsingh-20190308-E1/spsingh-20190521-D1/mm10/Ccl20+_T/post_alignment/AB3838-L1.processed.bb, /data/shamsaddinisha/jfarber-20160119-P1/spsingh-20190308-E1/spsingh-20190521-D1/mm10/Ccl20+_T/post_alignment/AB3838-L1.processed.bigwig
    cluster_jobid: 27318040

Job failed, going on with independent jobs.
[Thu May 23 23:51:43 2019]
Error in rule Post_Alignment:
    jobid: 1
    output: /data/shamsaddinisha/jfarber-20160119-P1/spsingh-20190308-E1/spsingh-20190521-D1/mm10/Ccl20-_UT/post_alignment/AB3823-L1.processed.bam, /data/shamsaddinisha/jfarber-20160119-P1/spsingh-20190308-E1/spsingh-20190521-D1/mm10/Ccl20-_UT/post_alignment/AB3823-L1.processed.bam.bai, /data/shamsaddinisha/jfarber-20160119-P1/spsingh-20190308-E1/spsingh-20190521-D1/mm10/Ccl20-_UT/post_alignment/AB3823-L1.processed.bed.gz, /data/shamsaddinisha/jfarber-20160119-P1/spsingh-20190308-E1/spsingh-20190521-D1/mm10/Ccl20-_UT/post_alignment/AB3823-L1.processed.bed.gz.tbi, /data/shamsaddinisha/jfarber-20160119-P1/spsingh-20190308-E1/spsingh-20190521-D1/mm10/Ccl20-_UT/post_alignment/AB3823-L1.processed.bb, /data/shamsaddinisha/jfarber-20160119-P1/spsingh-20190308-E1/spsingh-20190521-D1/mm10/Ccl20-_UT/post_alignment/AB3823-L1.processed.bigwig
    cluster_jobid: 27318042

Job failed, going on with independent jobs.
