Building DAG of jobs...
Using shell: /usr/bin/bash
Provided cluster nodes: 8
Unlimited resources: mem_mb
Job counts:
	count	jobs
	1	End_Point
	16	Pre_Process_Paired
	17

[Tue May 14 13:44:32 2019]
Job 14: Pre_Process_Paired: Ccl20+_T2|AB3836-L1

Submitted job 14 with external jobid '26575491'.

[Tue May 14 13:44:34 2019]
Job 13: Pre_Process_Paired: Ccl20+_T1|AB3835-L1

Submitted job 13 with external jobid '26575492'.

[Tue May 14 13:44:35 2019]
Job 7: Pre_Process_Paired: Ccl20+_UT3|AB3829-L1

Submitted job 7 with external jobid '26575493'.

[Tue May 14 13:44:37 2019]
Job 11: Pre_Process_Paired: Ccl20-_T3|AB3833-L1

Submitted job 11 with external jobid '26575494'.

[Tue May 14 13:44:38 2019]
Job 8: Pre_Process_Paired: Ccl20+_UT4|AB3830-L1

Submitted job 8 with external jobid '26575495'.

[Tue May 14 13:44:39 2019]
Job 16: Pre_Process_Paired: Ccl20+_T4|AB3838-L1

Submitted job 16 with external jobid '26575496'.

[Tue May 14 13:44:40 2019]
Job 10: Pre_Process_Paired: Ccl20-_T2|AB3832-L1

Submitted job 10 with external jobid '26575498'.

[Tue May 14 13:44:41 2019]
Job 15: Pre_Process_Paired: Ccl20+_T3|AB3837-L1

Submitted job 15 with external jobid '26575499'.
[Tue May 14 13:50:53 2019]
Error in rule Pre_Process_Paired:
    jobid: 14
    output: /data/shamsaddinisha/ jfarber-20160119-P1/spsingh-20190308-E1/spsingh-20190513-D4/mm10/Ccl20+_T2/pre_process/AB3836-L1.R1.processed.fastq, /data/shamsaddinisha/ jfarber-20160119-P1/spsingh-20190308-E1/spsingh-20190513-D4/mm10/Ccl20+_T2/pre_process/AB3836-L1.R2.processed.fastq
    cluster_jobid: 26575491

Job failed, going on with independent jobs.

[Tue May 14 13:50:53 2019]
Job 5: Pre_Process_Paired: Ccl20+_UT1|AB3827-L1

[Tue May 14 13:50:53 2019]
Error in rule Pre_Process_Paired:
    jobid: 13
    output: /data/shamsaddinisha/ jfarber-20160119-P1/spsingh-20190308-E1/spsingh-20190513-D4/mm10/Ccl20+_T1/pre_process/AB3835-L1.R1.processed.fastq, /data/shamsaddinisha/ jfarber-20160119-P1/spsingh-20190308-E1/spsingh-20190513-D4/mm10/Ccl20+_T1/pre_process/AB3835-L1.R2.processed.fastq
    cluster_jobid: 26575492

Job failed, going on with independent jobs.
[Tue May 14 13:50:53 2019]
Error in rule Pre_Process_Paired:
    jobid: 7
    output: /data/shamsaddinisha/ jfarber-20160119-P1/spsingh-20190308-E1/spsingh-20190513-D4/mm10/Ccl20+_UT3/pre_process/AB3829-L1.R1.processed.fastq, /data/shamsaddinisha/ jfarber-20160119-P1/spsingh-20190308-E1/spsingh-20190513-D4/mm10/Ccl20+_UT3/pre_process/AB3829-L1.R2.processed.fastq
    cluster_jobid: 26575493

Job failed, going on with independent jobs.
[Tue May 14 13:50:53 2019]
Error in rule Pre_Process_Paired:
    jobid: 11
    output: /data/shamsaddinisha/ jfarber-20160119-P1/spsingh-20190308-E1/spsingh-20190513-D4/mm10/Ccl20-_T3/pre_process/AB3833-L1.R1.processed.fastq, /data/shamsaddinisha/ jfarber-20160119-P1/spsingh-20190308-E1/spsingh-20190513-D4/mm10/Ccl20-_T3/pre_process/AB3833-L1.R2.processed.fastq
    cluster_jobid: 26575494

Job failed, going on with independent jobs.
[Tue May 14 13:50:53 2019]
Error in rule Pre_Process_Paired:
    jobid: 8
    output: /data/shamsaddinisha/ jfarber-20160119-P1/spsingh-20190308-E1/spsingh-20190513-D4/mm10/Ccl20+_UT4/pre_process/AB3830-L1.R1.processed.fastq, /data/shamsaddinisha/ jfarber-20160119-P1/spsingh-20190308-E1/spsingh-20190513-D4/mm10/Ccl20+_UT4/pre_process/AB3830-L1.R2.processed.fastq
    cluster_jobid: 26575495

Job failed, going on with independent jobs.
[Tue May 14 13:50:53 2019]
Error in rule Pre_Process_Paired:
    jobid: 16
    output: /data/shamsaddinisha/ jfarber-20160119-P1/spsingh-20190308-E1/spsingh-20190513-D4/mm10/Ccl20+_T4/pre_process/AB3838-L1.R1.processed.fastq, /data/shamsaddinisha/ jfarber-20160119-P1/spsingh-20190308-E1/spsingh-20190513-D4/mm10/Ccl20+_T4/pre_process/AB3838-L1.R2.processed.fastq
    cluster_jobid: 26575496

Job failed, going on with independent jobs.
[Tue May 14 13:50:53 2019]
Error in rule Pre_Process_Paired:
    jobid: 10
    output: /data/shamsaddinisha/ jfarber-20160119-P1/spsingh-20190308-E1/spsingh-20190513-D4/mm10/Ccl20-_T2/pre_process/AB3832-L1.R1.processed.fastq, /data/shamsaddinisha/ jfarber-20160119-P1/spsingh-20190308-E1/spsingh-20190513-D4/mm10/Ccl20-_T2/pre_process/AB3832-L1.R2.processed.fastq
    cluster_jobid: 26575498

Job failed, going on with independent jobs.
[Tue May 14 13:50:53 2019]
Error in rule Pre_Process_Paired:
    jobid: 15
    output: /data/shamsaddinisha/ jfarber-20160119-P1/spsingh-20190308-E1/spsingh-20190513-D4/mm10/Ccl20+_T3/pre_process/AB3837-L1.R1.processed.fastq, /data/shamsaddinisha/ jfarber-20160119-P1/spsingh-20190308-E1/spsingh-20190513-D4/mm10/Ccl20+_T3/pre_process/AB3837-L1.R2.processed.fastq
    cluster_jobid: 26575499

Job failed, going on with independent jobs.
Submitted job 5 with external jobid '26576519'.

[Tue May 14 13:50:55 2019]
Job 3: Pre_Process_Paired: Ccl20-_UT3|AB3825-L1

Submitted job 3 with external jobid '26576521'.

[Tue May 14 13:50:56 2019]
Job 4: Pre_Process_Paired: Ccl20-_UT4|AB3826-L1

Submitted job 4 with external jobid '26576523'.

[Tue May 14 13:50:59 2019]
Job 12: Pre_Process_Paired: Ccl20-_T4|AB3834-L1

Submitted job 12 with external jobid '26576524'.

[Tue May 14 13:51:02 2019]
Job 9: Pre_Process_Paired: Ccl20-_T1|AB3831-L1

Submitted job 9 with external jobid '26576525'.

[Tue May 14 13:51:05 2019]
Job 2: Pre_Process_Paired: Ccl20-_UT2|AB3824-L1

Terminating processes on user request, this might take some time.
Will exit after finishing currently running jobs.
Cancelling snakemake on user request.
