Building DAG of jobs...
Using shell: /usr/bin/bash
Provided cluster nodes: 30
Unlimited resources: mem_mb
Job counts:
	count	jobs
	1	End_Point
	20	Post_Alignment
	21

[Fri May 24 07:03:21 2019]
Job 9: Post_Alignment: Ccl20-_T|AB3831-L1

Submitted job 9 with external jobid '27331471'.

[Fri May 24 07:03:22 2019]
Job 15: Post_Alignment: Ccl20+_T|AB3837-L1

Submitted job 15 with external jobid '27331472'.

[Fri May 24 07:03:23 2019]
Job 13: Post_Alignment: Ccl20+_T|AB3835-L1

Submitted job 13 with external jobid '27331473'.

[Fri May 24 07:03:25 2019]
Job 19: Post_Alignment: Ccl20-_T|AB3831-L1_POOLED_AB3832-L1_POOLED_AB3833-L1_POOLED_AB3834-L1

Submitted job 19 with external jobid '27331474'.

[Fri May 24 07:03:26 2019]
Job 3: Post_Alignment: Ccl20-_UT|AB3825-L1

Submitted job 3 with external jobid '27331475'.

[Fri May 24 07:03:27 2019]
Job 7: Post_Alignment: Ccl20+_UT|AB3829-L1

Submitted job 7 with external jobid '27331476'.

[Fri May 24 07:03:28 2019]
Job 5: Post_Alignment: Ccl20+_UT|AB3827-L1

Submitted job 5 with external jobid '27331477'.

[Fri May 24 07:03:30 2019]
Job 18: Post_Alignment: Ccl20+_UT|AB3827-L1_POOLED_AB3828-L1_POOLED_AB3829-L1_POOLED_AB3830-L1

Submitted job 18 with external jobid '27331478'.

[Fri May 24 07:03:31 2019]
Job 8: Post_Alignment: Ccl20+_UT|AB3830-L1

Submitted job 8 with external jobid '27331479'.

[Fri May 24 07:03:32 2019]
Job 10: Post_Alignment: Ccl20-_T|AB3832-L1

Submitted job 10 with external jobid '27331480'.

[Fri May 24 07:03:33 2019]
Job 1: Post_Alignment: Ccl20-_UT|AB3823-L1

Submitted job 1 with external jobid '27331481'.

[Fri May 24 07:03:35 2019]
Job 4: Post_Alignment: Ccl20-_UT|AB3826-L1

Submitted job 4 with external jobid '27331482'.

[Fri May 24 07:03:36 2019]
Job 2: Post_Alignment: Ccl20-_UT|AB3824-L1

Submitted job 2 with external jobid '27331483'.

[Fri May 24 07:03:37 2019]
Job 20: Post_Alignment: Ccl20+_T|AB3835-L1_POOLED_AB3836-L1_POOLED_AB3837-L1_POOLED_AB3838-L1

Submitted job 20 with external jobid '27331484'.

[Fri May 24 07:03:39 2019]
Job 14: Post_Alignment: Ccl20+_T|AB3836-L1

Submitted job 14 with external jobid '27331485'.

[Fri May 24 07:03:40 2019]
Job 11: Post_Alignment: Ccl20-_T|AB3833-L1

Submitted job 11 with external jobid '27331486'.

[Fri May 24 07:03:42 2019]
Job 12: Post_Alignment: Ccl20-_T|AB3834-L1

Submitted job 12 with external jobid '27331487'.

[Fri May 24 07:03:43 2019]
Job 6: Post_Alignment: Ccl20+_UT|AB3828-L1

Submitted job 6 with external jobid '27331488'.

[Fri May 24 07:03:44 2019]
Job 17: Post_Alignment: Ccl20-_UT|AB3823-L1_POOLED_AB3824-L1_POOLED_AB3825-L1_POOLED_AB3826-L1

Submitted job 17 with external jobid '27331489'.

[Fri May 24 07:03:45 2019]
Job 16: Post_Alignment: Ccl20+_T|AB3838-L1

Submitted job 16 with external jobid '27331490'.
[Fri May 24 08:02:45 2019]
Finished job 6.
1 of 21 steps (5%) done
[Fri May 24 08:07:10 2019]
Finished job 1.
2 of 21 steps (10%) done
[Fri May 24 08:16:09 2019]
Finished job 12.
3 of 21 steps (14%) done
[Fri May 24 08:19:28 2019]
Finished job 14.
4 of 21 steps (19%) done
[Fri May 24 08:20:11 2019]
Finished job 15.
5 of 21 steps (24%) done
[Fri May 24 08:22:57 2019]
Finished job 2.
6 of 21 steps (29%) done
[Fri May 24 08:24:46 2019]
Finished job 5.
7 of 21 steps (33%) done
[Fri May 24 08:26:25 2019]
Finished job 4.
8 of 21 steps (38%) done
[Fri May 24 08:30:17 2019]
Finished job 7.
9 of 21 steps (43%) done
[Fri May 24 08:34:52 2019]
Finished job 9.
10 of 21 steps (48%) done
[Fri May 24 08:37:04 2019]
Finished job 3.
11 of 21 steps (52%) done
[Fri May 24 08:38:15 2019]
Finished job 13.
12 of 21 steps (57%) done
[Fri May 24 09:07:27 2019]
Finished job 8.
13 of 21 steps (62%) done
[Fri May 24 09:08:07 2019]
Finished job 16.
14 of 21 steps (67%) done
[Fri May 24 09:28:58 2019]
Finished job 11.
15 of 21 steps (71%) done
[Fri May 24 09:31:08 2019]
Finished job 10.
16 of 21 steps (76%) done
[Fri May 24 12:00:37 2019]
Finished job 20.
17 of 21 steps (81%) done
[Fri May 24 12:38:00 2019]
Finished job 18.
18 of 21 steps (86%) done
[Fri May 24 12:41:20 2019]
Finished job 17.
19 of 21 steps (90%) done
[Fri May 24 14:05:45 2019]
Finished job 19.
20 of 21 steps (95%) done

[Fri May 24 14:05:45 2019]
localrule End_Point:
    input: /data/shamsaddinisha/jfarber-20160119-P1/spsingh-20190308-E1/spsingh-20190521-D1/mm10/Ccl20-_UT/post_alignment/AB3823-L1.processed.bam, /data/shamsaddinisha/jfarber-20160119-P1/spsingh-20190308-E1/spsingh-20190521-D1/mm10/Ccl20-_UT/post_alignment/AB3824-L1.processed.bam, /data/shamsaddinisha/jfarber-20160119-P1/spsingh-20190308-E1/spsingh-20190521-D1/mm10/Ccl20-_UT/post_alignment/AB3825-L1.processed.bam, /data/shamsaddinisha/jfarber-20160119-P1/spsingh-20190308-E1/spsingh-20190521-D1/mm10/Ccl20-_UT/post_alignment/AB3826-L1.processed.bam, /data/shamsaddinisha/jfarber-20160119-P1/spsingh-20190308-E1/spsingh-20190521-D1/mm10/Ccl20+_UT/post_alignment/AB3827-L1.processed.bam, /data/shamsaddinisha/jfarber-20160119-P1/spsingh-20190308-E1/spsingh-20190521-D1/mm10/Ccl20+_UT/post_alignment/AB3828-L1.processed.bam, /data/shamsaddinisha/jfarber-20160119-P1/spsingh-20190308-E1/spsingh-20190521-D1/mm10/Ccl20+_UT/post_alignment/AB3829-L1.processed.bam, /data/shamsaddinisha/jfarber-20160119-P1/spsingh-20190308-E1/spsingh-20190521-D1/mm10/Ccl20+_UT/post_alignment/AB3830-L1.processed.bam, /data/shamsaddinisha/jfarber-20160119-P1/spsingh-20190308-E1/spsingh-20190521-D1/mm10/Ccl20-_T/post_alignment/AB3831-L1.processed.bam, /data/shamsaddinisha/jfarber-20160119-P1/spsingh-20190308-E1/spsingh-20190521-D1/mm10/Ccl20-_T/post_alignment/AB3832-L1.processed.bam, /data/shamsaddinisha/jfarber-20160119-P1/spsingh-20190308-E1/spsingh-20190521-D1/mm10/Ccl20-_T/post_alignment/AB3833-L1.processed.bam, /data/shamsaddinisha/jfarber-20160119-P1/spsingh-20190308-E1/spsingh-20190521-D1/mm10/Ccl20-_T/post_alignment/AB3834-L1.processed.bam, /data/shamsaddinisha/jfarber-20160119-P1/spsingh-20190308-E1/spsingh-20190521-D1/mm10/Ccl20+_T/post_alignment/AB3835-L1.processed.bam, /data/shamsaddinisha/jfarber-20160119-P1/spsingh-20190308-E1/spsingh-20190521-D1/mm10/Ccl20+_T/post_alignment/AB3836-L1.processed.bam, /data/shamsaddinisha/jfarber-20160119-P1/spsingh-20190308-E1/spsingh-20190521-D1/mm10/Ccl20+_T/post_alignment/AB3837-L1.processed.bam, /data/shamsaddinisha/jfarber-20160119-P1/spsingh-20190308-E1/spsingh-20190521-D1/mm10/Ccl20+_T/post_alignment/AB3838-L1.processed.bam, /data/shamsaddinisha/jfarber-20160119-P1/spsingh-20190308-E1/spsingh-20190521-D1/mm10/Ccl20-_UT/post_alignment/AB3823-L1_POOLED_AB3824-L1_POOLED_AB3825-L1_POOLED_AB3826-L1.processed.bam, /data/shamsaddinisha/jfarber-20160119-P1/spsingh-20190308-E1/spsingh-20190521-D1/mm10/Ccl20+_UT/post_alignment/AB3827-L1_POOLED_AB3828-L1_POOLED_AB3829-L1_POOLED_AB3830-L1.processed.bam, /data/shamsaddinisha/jfarber-20160119-P1/spsingh-20190308-E1/spsingh-20190521-D1/mm10/Ccl20-_T/post_alignment/AB3831-L1_POOLED_AB3832-L1_POOLED_AB3833-L1_POOLED_AB3834-L1.processed.bam, /data/shamsaddinisha/jfarber-20160119-P1/spsingh-20190308-E1/spsingh-20190521-D1/mm10/Ccl20+_T/post_alignment/AB3835-L1_POOLED_AB3836-L1_POOLED_AB3837-L1_POOLED_AB3838-L1.processed.bam
    jobid: 0

[Fri May 24 14:05:45 2019]
Finished job 0.
21 of 21 steps (100%) done
Complete log: /gpfs/gsfs6/users/shamsaddinisha/ATAC_Seq/Snakemake/.snakemake/log/2019-05-24T070320.829438.snakemake.log
