Building DAG of jobs...
Using shell: /usr/bin/bash
Provided cluster nodes: 30
Unlimited resources: mem_mb
Job counts:
	count	jobs
	1	End_Point
	20	Post_Alignment
	21

[Mon Jun  3 14:05:42 2019]
Job 8: Post_Alignment: Ccl20+_UT|AB3830-L1

Submitted job 8 with external jobid '27946296'.

[Mon Jun  3 14:05:43 2019]
Job 12: Post_Alignment: Ccl20-_T|AB3834-L1

Submitted job 12 with external jobid '27946298'.

[Mon Jun  3 14:05:44 2019]
Job 3: Post_Alignment: Ccl20-_UT|AB3825-L1

Submitted job 3 with external jobid '27946299'.

[Mon Jun  3 14:05:46 2019]
Job 6: Post_Alignment: Ccl20+_UT|AB3828-L1

Submitted job 6 with external jobid '27946301'.

[Mon Jun  3 14:05:47 2019]
Job 13: Post_Alignment: Ccl20+_T|AB3835-L1

Submitted job 13 with external jobid '27946303'.

[Mon Jun  3 14:05:48 2019]
Job 15: Post_Alignment: Ccl20+_T|AB3837-L1

Submitted job 15 with external jobid '27946304'.

[Mon Jun  3 14:05:49 2019]
Job 5: Post_Alignment: Ccl20+_UT|AB3827-L1

Submitted job 5 with external jobid '27946306'.

[Mon Jun  3 14:05:51 2019]
Job 17: Post_Alignment: Ccl20-_UT|AB3823-L1_POOLED_AB3824-L1_POOLED_AB3825-L1_POOLED_AB3826-L1

Submitted job 17 with external jobid '27946307'.

[Mon Jun  3 14:05:52 2019]
Job 11: Post_Alignment: Ccl20-_T|AB3833-L1

Submitted job 11 with external jobid '27946309'.

[Mon Jun  3 14:05:53 2019]
Job 14: Post_Alignment: Ccl20+_T|AB3836-L1

Submitted job 14 with external jobid '27946310'.

[Mon Jun  3 14:05:54 2019]
Job 18: Post_Alignment: Ccl20+_UT|AB3827-L1_POOLED_AB3828-L1_POOLED_AB3829-L1_POOLED_AB3830-L1

Submitted job 18 with external jobid '27946312'.

[Mon Jun  3 14:05:55 2019]
Job 9: Post_Alignment: Ccl20-_T|AB3831-L1

Submitted job 9 with external jobid '27946313'.

[Mon Jun  3 14:05:57 2019]
Job 16: Post_Alignment: Ccl20+_T|AB3838-L1

Submitted job 16 with external jobid '27946315'.

[Mon Jun  3 14:05:58 2019]
Job 4: Post_Alignment: Ccl20-_UT|AB3826-L1

Submitted job 4 with external jobid '27946317'.

[Mon Jun  3 14:05:59 2019]
Job 7: Post_Alignment: Ccl20+_UT|AB3829-L1

Submitted job 7 with external jobid '27946319'.

[Mon Jun  3 14:06:00 2019]
Job 20: Post_Alignment: Ccl20+_T|AB3835-L1_POOLED_AB3836-L1_POOLED_AB3837-L1_POOLED_AB3838-L1

Submitted job 20 with external jobid '27946321'.

[Mon Jun  3 14:06:01 2019]
Job 1: Post_Alignment: Ccl20-_UT|AB3823-L1

Submitted job 1 with external jobid '27946322'.

[Mon Jun  3 14:06:03 2019]
Job 19: Post_Alignment: Ccl20-_T|AB3831-L1_POOLED_AB3832-L1_POOLED_AB3833-L1_POOLED_AB3834-L1

Submitted job 19 with external jobid '27946324'.

[Mon Jun  3 14:06:04 2019]
Job 10: Post_Alignment: Ccl20-_T|AB3832-L1

Submitted job 10 with external jobid '27946325'.

[Mon Jun  3 14:06:05 2019]
Job 2: Post_Alignment: Ccl20-_UT|AB3824-L1

Submitted job 2 with external jobid '27946327'.
[Mon Jun  3 14:46:52 2019]
Error in rule Post_Alignment:
    jobid: 12
    output: /data/shamsaddinisha/jfarber-20160119-P1/spsingh-20190308-E1/spsingh-20190521-D1/mm10/Ccl20-_T/post_alignment/AB3834-L1.processed.bam, /data/shamsaddinisha/jfarber-20160119-P1/spsingh-20190308-E1/spsingh-20190521-D1/mm10/Ccl20-_T/post_alignment/AB3834-L1.processed.bam.bai, /data/shamsaddinisha/jfarber-20160119-P1/spsingh-20190308-E1/spsingh-20190521-D1/mm10/Ccl20-_T/post_alignment/AB3834-L1.processed.bed.gz, /data/shamsaddinisha/jfarber-20160119-P1/spsingh-20190308-E1/spsingh-20190521-D1/mm10/Ccl20-_T/post_alignment/AB3834-L1.processed.bed.gz.tbi, /data/shamsaddinisha/jfarber-20160119-P1/spsingh-20190308-E1/spsingh-20190521-D1/mm10/Ccl20-_T/post_alignment/AB3834-L1.processed.bb, /data/shamsaddinisha/jfarber-20160119-P1/spsingh-20190308-E1/spsingh-20190521-D1/mm10/Ccl20-_T/post_alignment/AB3834-L1.processed.bigwig
    cluster_jobid: 27946298

Job failed, going on with independent jobs.
[Mon Jun  3 14:57:20 2019]
Error in rule Post_Alignment:
    jobid: 3
    output: /data/shamsaddinisha/jfarber-20160119-P1/spsingh-20190308-E1/spsingh-20190521-D1/mm10/Ccl20-_UT/post_alignment/AB3825-L1.processed.bam, /data/shamsaddinisha/jfarber-20160119-P1/spsingh-20190308-E1/spsingh-20190521-D1/mm10/Ccl20-_UT/post_alignment/AB3825-L1.processed.bam.bai, /data/shamsaddinisha/jfarber-20160119-P1/spsingh-20190308-E1/spsingh-20190521-D1/mm10/Ccl20-_UT/post_alignment/AB3825-L1.processed.bed.gz, /data/shamsaddinisha/jfarber-20160119-P1/spsingh-20190308-E1/spsingh-20190521-D1/mm10/Ccl20-_UT/post_alignment/AB3825-L1.processed.bed.gz.tbi, /data/shamsaddinisha/jfarber-20160119-P1/spsingh-20190308-E1/spsingh-20190521-D1/mm10/Ccl20-_UT/post_alignment/AB3825-L1.processed.bb, /data/shamsaddinisha/jfarber-20160119-P1/spsingh-20190308-E1/spsingh-20190521-D1/mm10/Ccl20-_UT/post_alignment/AB3825-L1.processed.bigwig
    cluster_jobid: 27946299

Job failed, going on with independent jobs.
