Building DAG of jobs...
Using shell: /usr/bin/bash
Provided cluster nodes: 30
Unlimited resources: mem_mb
Job counts:
	count	jobs
	1	End_Point
	5	Peak_Calling_Broad
	6	Peak_Calling_Broad_Controlled
	5	Peak_Calling_Narrow
	6	Peak_Calling_Narrow_Controlled
	23

[Mon Jun  3 12:04:51 2019]
Job 10: Peak_Calling_Broad: Encode|rep2_POOLED_rep1

Submitted job 10 with external jobid '27938023'.

[Mon Jun  3 12:04:53 2019]
Job 8: Peak_Calling_Broad: Encode|rep1

Submitted job 8 with external jobid '27938024'.

[Mon Jun  3 12:04:54 2019]
Job 20: Peak_Calling_Broad_Controlled: Encode|rep2_POOLED_rep1_VS_ctl1

Submitted job 20 with external jobid '27938025'.

[Mon Jun  3 12:04:55 2019]
Job 16: Peak_Calling_Broad_Controlled: Encode|rep1_VS_ctl1

Submitted job 16 with external jobid '27938026'.

[Mon Jun  3 12:04:56 2019]
Job 6: Peak_Calling_Broad: Encode|rep2

Submitted job 6 with external jobid '27938027'.

[Mon Jun  3 12:04:57 2019]
Job 3: Peak_Calling_Narrow: Encode|ctl2

Submitted job 3 with external jobid '27938028'.

[Mon Jun  3 12:04:59 2019]
Job 12: Peak_Calling_Broad_Controlled: Encode|rep2_VS_ctl1

Submitted job 12 with external jobid '27938029'.

[Mon Jun  3 12:05:00 2019]
Job 9: Peak_Calling_Narrow: Encode|rep2_POOLED_rep1

Submitted job 9 with external jobid '27938030'.

[Mon Jun  3 12:05:02 2019]
Job 7: Peak_Calling_Narrow: Encode|rep1

Submitted job 7 with external jobid '27938032'.

[Mon Jun  3 12:05:03 2019]
Job 11: Peak_Calling_Narrow_Controlled: Encode|rep2_VS_ctl1

Submitted job 11 with external jobid '27938033'.

[Mon Jun  3 12:05:04 2019]
Job 5: Peak_Calling_Narrow: Encode|rep2

Submitted job 5 with external jobid '27938035'.

[Mon Jun  3 12:05:05 2019]
Job 19: Peak_Calling_Narrow_Controlled: Encode|rep2_POOLED_rep1_VS_ctl1

Submitted job 19 with external jobid '27938036'.

[Mon Jun  3 12:05:07 2019]
Job 15: Peak_Calling_Narrow_Controlled: Encode|rep1_VS_ctl1

Submitted job 15 with external jobid '27938038'.

[Mon Jun  3 12:05:08 2019]
Job 4: Peak_Calling_Broad: Encode|ctl2

Submitted job 4 with external jobid '27938039'.

[Mon Jun  3 12:05:09 2019]
Job 14: Peak_Calling_Broad_Controlled: Encode|rep2_VS_ctl2

Submitted job 14 with external jobid '27938040'.

[Mon Jun  3 12:05:10 2019]
Job 1: Peak_Calling_Narrow: Encode|ctl1

Submitted job 1 with external jobid '27938041'.

[Mon Jun  3 12:05:11 2019]
Job 22: Peak_Calling_Broad_Controlled: Encode|rep2_POOLED_rep1_VS_ctl2

Submitted job 22 with external jobid '27938043'.

[Mon Jun  3 12:05:13 2019]
Job 18: Peak_Calling_Broad_Controlled: Encode|rep1_VS_ctl2

Submitted job 18 with external jobid '27938136'.

[Mon Jun  3 12:05:14 2019]
Job 17: Peak_Calling_Narrow_Controlled: Encode|rep1_VS_ctl2

Submitted job 17 with external jobid '27938138'.

[Mon Jun  3 12:05:15 2019]
Job 21: Peak_Calling_Narrow_Controlled: Encode|rep2_POOLED_rep1_VS_ctl2

Submitted job 21 with external jobid '27938139'.

[Mon Jun  3 12:05:17 2019]
Job 2: Peak_Calling_Broad: Encode|ctl1

Submitted job 2 with external jobid '27938140'.

[Mon Jun  3 12:05:18 2019]
Job 13: Peak_Calling_Narrow_Controlled: Encode|rep2_VS_ctl2

Submitted job 13 with external jobid '27938141'.
[Mon Jun  3 12:07:35 2019]
Finished job 8.
1 of 23 steps (4%) done
[Mon Jun  3 12:07:35 2019]
Finished job 3.
2 of 23 steps (9%) done
[Mon Jun  3 12:07:36 2019]
Finished job 4.
3 of 23 steps (13%) done
[Mon Jun  3 12:07:37 2019]
Finished job 2.
4 of 23 steps (17%) done
[Mon Jun  3 12:07:47 2019]
Finished job 1.
5 of 23 steps (22%) done
[Mon Jun  3 12:07:58 2019]
Finished job 6.
6 of 23 steps (26%) done
[Mon Jun  3 12:07:58 2019]
Finished job 7.
7 of 23 steps (30%) done
[Mon Jun  3 12:08:20 2019]
Finished job 5.
8 of 23 steps (35%) done
[Mon Jun  3 12:08:42 2019]
Finished job 16.
9 of 23 steps (39%) done
[Mon Jun  3 12:08:53 2019]
Finished job 18.
10 of 23 steps (43%) done
[Mon Jun  3 12:09:04 2019]
Finished job 14.
11 of 23 steps (48%) done
[Mon Jun  3 12:09:15 2019]
Finished job 12.
12 of 23 steps (52%) done
[Mon Jun  3 12:09:26 2019]
Finished job 10.
13 of 23 steps (57%) done
[Mon Jun  3 12:09:47 2019]
Finished job 15.
14 of 23 steps (61%) done
[Mon Jun  3 12:09:47 2019]
Finished job 17.
15 of 23 steps (65%) done
[Mon Jun  3 12:09:57 2019]
Finished job 9.
16 of 23 steps (70%) done
[Mon Jun  3 12:09:57 2019]
Finished job 13.
17 of 23 steps (74%) done
[Mon Jun  3 12:10:07 2019]
Finished job 20.
18 of 23 steps (78%) done
[Mon Jun  3 12:10:07 2019]
Finished job 11.
19 of 23 steps (83%) done
[Mon Jun  3 12:10:28 2019]
Finished job 22.
20 of 23 steps (87%) done
[Mon Jun  3 12:11:18 2019]
Finished job 19.
21 of 23 steps (91%) done
[Mon Jun  3 12:11:18 2019]
Finished job 21.
22 of 23 steps (96%) done

[Mon Jun  3 12:11:18 2019]
localrule End_Point:
    input: /data/shamsaddinisha/Test_DATA/human_Chip/Encode_Chip/Trial_Project/Trial_Experiment/ENCODE/hg38/Encode/peak_calling/narrowpeak/ctl1.narrowPeak.gz, /data/shamsaddinisha/Test_DATA/human_Chip/Encode_Chip/Trial_Project/Trial_Experiment/ENCODE/hg38/Encode/peak_calling/broadpeak/ctl1.broadPeak.gz, /data/shamsaddinisha/Test_DATA/human_Chip/Encode_Chip/Trial_Project/Trial_Experiment/ENCODE/hg38/Encode/peak_calling/narrowpeak/ctl2.narrowPeak.gz, /data/shamsaddinisha/Test_DATA/human_Chip/Encode_Chip/Trial_Project/Trial_Experiment/ENCODE/hg38/Encode/peak_calling/broadpeak/ctl2.broadPeak.gz, /data/shamsaddinisha/Test_DATA/human_Chip/Encode_Chip/Trial_Project/Trial_Experiment/ENCODE/hg38/Encode/peak_calling/narrowpeak/rep2.narrowPeak.gz, /data/shamsaddinisha/Test_DATA/human_Chip/Encode_Chip/Trial_Project/Trial_Experiment/ENCODE/hg38/Encode/peak_calling/broadpeak/rep2.broadPeak.gz, /data/shamsaddinisha/Test_DATA/human_Chip/Encode_Chip/Trial_Project/Trial_Experiment/ENCODE/hg38/Encode/peak_calling/narrowpeak/rep1.narrowPeak.gz, /data/shamsaddinisha/Test_DATA/human_Chip/Encode_Chip/Trial_Project/Trial_Experiment/ENCODE/hg38/Encode/peak_calling/broadpeak/rep1.broadPeak.gz, /data/shamsaddinisha/Test_DATA/human_Chip/Encode_Chip/Trial_Project/Trial_Experiment/ENCODE/hg38/Encode/peak_calling/narrowpeak/rep2_POOLED_rep1.narrowPeak.gz, /data/shamsaddinisha/Test_DATA/human_Chip/Encode_Chip/Trial_Project/Trial_Experiment/ENCODE/hg38/Encode/peak_calling/broadpeak/rep2_POOLED_rep1.broadPeak.gz, /data/shamsaddinisha/Test_DATA/human_Chip/Encode_Chip/Trial_Project/Trial_Experiment/ENCODE/hg38/Encode/peak_calling/narrowpeak/rep2_VS_ctl1.narrowPeak.gz, /data/shamsaddinisha/Test_DATA/human_Chip/Encode_Chip/Trial_Project/Trial_Experiment/ENCODE/hg38/Encode/peak_calling/broadpeak/rep2_VS_ctl1.broadPeak.gz, /data/shamsaddinisha/Test_DATA/human_Chip/Encode_Chip/Trial_Project/Trial_Experiment/ENCODE/hg38/Encode/peak_calling/narrowpeak/rep2_VS_ctl2.narrowPeak.gz, /data/shamsaddinisha/Test_DATA/human_Chip/Encode_Chip/Trial_Project/Trial_Experiment/ENCODE/hg38/Encode/peak_calling/broadpeak/rep2_VS_ctl2.broadPeak.gz, /data/shamsaddinisha/Test_DATA/human_Chip/Encode_Chip/Trial_Project/Trial_Experiment/ENCODE/hg38/Encode/peak_calling/narrowpeak/rep1_VS_ctl1.narrowPeak.gz, /data/shamsaddinisha/Test_DATA/human_Chip/Encode_Chip/Trial_Project/Trial_Experiment/ENCODE/hg38/Encode/peak_calling/broadpeak/rep1_VS_ctl1.broadPeak.gz, /data/shamsaddinisha/Test_DATA/human_Chip/Encode_Chip/Trial_Project/Trial_Experiment/ENCODE/hg38/Encode/peak_calling/narrowpeak/rep1_VS_ctl2.narrowPeak.gz, /data/shamsaddinisha/Test_DATA/human_Chip/Encode_Chip/Trial_Project/Trial_Experiment/ENCODE/hg38/Encode/peak_calling/broadpeak/rep1_VS_ctl2.broadPeak.gz, /data/shamsaddinisha/Test_DATA/human_Chip/Encode_Chip/Trial_Project/Trial_Experiment/ENCODE/hg38/Encode/peak_calling/narrowpeak/rep2_POOLED_rep1_VS_ctl1.narrowPeak.gz, /data/shamsaddinisha/Test_DATA/human_Chip/Encode_Chip/Trial_Project/Trial_Experiment/ENCODE/hg38/Encode/peak_calling/broadpeak/rep2_POOLED_rep1_VS_ctl1.broadPeak.gz, /data/shamsaddinisha/Test_DATA/human_Chip/Encode_Chip/Trial_Project/Trial_Experiment/ENCODE/hg38/Encode/peak_calling/narrowpeak/rep2_POOLED_rep1_VS_ctl2.narrowPeak.gz, /data/shamsaddinisha/Test_DATA/human_Chip/Encode_Chip/Trial_Project/Trial_Experiment/ENCODE/hg38/Encode/peak_calling/broadpeak/rep2_POOLED_rep1_VS_ctl2.broadPeak.gz
    jobid: 0

[Mon Jun  3 12:11:18 2019]
Finished job 0.
23 of 23 steps (100%) done
Complete log: /gpfs/gsfs6/users/shamsaddinisha/ATAC_Seq/Snakemake/.snakemake/log/2019-06-03T120451.137825.snakemake.log
